[2023-03-18T10:00:06.027+0000] {taskinstance.py:1083} INFO - Dependencies all met for <TaskInstance: parking_spaces.src_table_parking_spaces scheduled__2023-03-18T09:00:00+00:00 [queued]>
[2023-03-18T10:00:06.040+0000] {taskinstance.py:1083} INFO - Dependencies all met for <TaskInstance: parking_spaces.src_table_parking_spaces scheduled__2023-03-18T09:00:00+00:00 [queued]>
[2023-03-18T10:00:06.040+0000] {taskinstance.py:1279} INFO - 
--------------------------------------------------------------------------------
[2023-03-18T10:00:06.040+0000] {taskinstance.py:1280} INFO - Starting attempt 1 of 1
[2023-03-18T10:00:06.041+0000] {taskinstance.py:1281} INFO - 
--------------------------------------------------------------------------------
[2023-03-18T10:00:06.059+0000] {taskinstance.py:1300} INFO - Executing <Task(MySqlOperator): src_table_parking_spaces> on 2023-03-18 09:00:00+00:00
[2023-03-18T10:00:06.064+0000] {standard_task_runner.py:55} INFO - Started process 63152 to run task
[2023-03-18T10:00:06.070+0000] {standard_task_runner.py:82} INFO - Running: ['***', 'tasks', 'run', 'parking_spaces', 'src_table_parking_spaces', 'scheduled__2023-03-18T09:00:00+00:00', '--job-id', '562', '--raw', '--subdir', 'DAGS_FOLDER/parking_spaces.py', '--cfg-path', '/tmp/tmp4pit_081']
[2023-03-18T10:00:06.072+0000] {standard_task_runner.py:83} INFO - Job 562: Subtask src_table_parking_spaces
[2023-03-18T10:00:06.193+0000] {task_command.py:388} INFO - Running <TaskInstance: parking_spaces.src_table_parking_spaces scheduled__2023-03-18T09:00:00+00:00 [running]> on host diploma-vm.europe-west1-b.c.diploma-380314.internal
[2023-03-18T10:00:06.337+0000] {taskinstance.py:1507} INFO - Exporting the following env vars:
AIRFLOW_CTX_DAG_OWNER=***
AIRFLOW_CTX_DAG_ID=parking_spaces
AIRFLOW_CTX_TASK_ID=src_table_parking_spaces
AIRFLOW_CTX_EXECUTION_DATE=2023-03-18T09:00:00+00:00
AIRFLOW_CTX_TRY_NUMBER=1
AIRFLOW_CTX_DAG_RUN_ID=scheduled__2023-03-18T09:00:00+00:00
[2023-03-18T10:00:06.338+0000] {sql.py:254} INFO - Executing: INSERT IGNORE INTO src_parking_spaces
(
SELECT
    _sys_record_id,
    _sys_load_id,
    _sys_load_at,
    _sys_is_deleted,
    r.*
FROM
    pre_parking_spaces,
    JSON_TABLE(
        jdoc,
        '$[*]'
        COLUMNS (
            i FOR ORDINALITY,
            jdoc JSON PATH '$[0]'
            )
    ) AS r
);
[2023-03-18T10:00:06.359+0000] {base.py:73} INFO - Using connection ID 'mysql-db' for task execution.
[2023-03-18T10:00:06.463+0000] {base.py:73} INFO - Using connection ID 'mysql-db' for task execution.
[2023-03-18T10:00:06.479+0000] {sql.py:375} INFO - Running statement: INSERT IGNORE INTO src_parking_spaces
(
SELECT
    _sys_record_id,
    _sys_load_id,
    _sys_load_at,
    _sys_is_deleted,
    r.*
FROM
    pre_parking_spaces,
    JSON_TABLE(
        jdoc,
        '$[*]'
        COLUMNS (
            i FOR ORDINALITY,
            jdoc JSON PATH '$[0]'
            )
    ) AS r
);, parameters: None
[2023-03-18T10:00:06.486+0000] {sql.py:384} INFO - Rows affected: 11
[2023-03-18T10:00:06.514+0000] {taskinstance.py:1318} INFO - Marking task as SUCCESS. dag_id=parking_spaces, task_id=src_table_parking_spaces, execution_date=20230318T090000, start_date=20230318T100006, end_date=20230318T100006
[2023-03-18T10:00:06.563+0000] {local_task_job.py:208} INFO - Task exited with return code 0
[2023-03-18T10:00:06.603+0000] {taskinstance.py:2578} INFO - 1 downstream tasks scheduled from follow-on schedule check
