[2023-03-18T17:21:21.016+0000] {taskinstance.py:1083} INFO - Dependencies all met for <TaskInstance: vehiclepositions.check_endpoint manual__2023-03-18T17:21:19.877888+00:00 [queued]>
[2023-03-18T17:21:21.032+0000] {taskinstance.py:1083} INFO - Dependencies all met for <TaskInstance: vehiclepositions.check_endpoint manual__2023-03-18T17:21:19.877888+00:00 [queued]>
[2023-03-18T17:21:21.032+0000] {taskinstance.py:1279} INFO - 
--------------------------------------------------------------------------------
[2023-03-18T17:21:21.033+0000] {taskinstance.py:1280} INFO - Starting attempt 1 of 1
[2023-03-18T17:21:21.033+0000] {taskinstance.py:1281} INFO - 
--------------------------------------------------------------------------------
[2023-03-18T17:21:21.053+0000] {taskinstance.py:1300} INFO - Executing <Task(PythonOperator): check_endpoint> on 2023-03-18 17:21:19.877888+00:00
[2023-03-18T17:21:21.058+0000] {standard_task_runner.py:55} INFO - Started process 86742 to run task
[2023-03-18T17:21:21.065+0000] {standard_task_runner.py:82} INFO - Running: ['***', 'tasks', 'run', 'vehiclepositions', 'check_endpoint', 'manual__2023-03-18T17:21:19.877888+00:00', '--job-id', '692', '--raw', '--subdir', 'DAGS_FOLDER/vehiclepositions.py', '--cfg-path', '/tmp/tmpex66l6we']
[2023-03-18T17:21:21.067+0000] {standard_task_runner.py:83} INFO - Job 692: Subtask check_endpoint
[2023-03-18T17:21:21.176+0000] {task_command.py:388} INFO - Running <TaskInstance: vehiclepositions.check_endpoint manual__2023-03-18T17:21:19.877888+00:00 [running]> on host diploma-vm.europe-west1-b.c.diploma-380314.internal
[2023-03-18T17:21:21.290+0000] {taskinstance.py:1507} INFO - Exporting the following env vars:
AIRFLOW_CTX_DAG_OWNER=***
AIRFLOW_CTX_DAG_ID=vehiclepositions
AIRFLOW_CTX_TASK_ID=check_endpoint
AIRFLOW_CTX_EXECUTION_DATE=2023-03-18T17:21:19.877888+00:00
AIRFLOW_CTX_TRY_NUMBER=1
AIRFLOW_CTX_DAG_RUN_ID=manual__2023-03-18T17:21:19.877888+00:00
[2023-03-18T17:21:21.433+0000] {python.py:177} INFO - Done. Returned value was: None
[2023-03-18T17:21:21.447+0000] {taskinstance.py:1318} INFO - Marking task as SUCCESS. dag_id=vehiclepositions, task_id=check_endpoint, execution_date=20230318T172119, start_date=20230318T172121, end_date=20230318T172121
[2023-03-18T17:21:21.477+0000] {local_task_job.py:208} INFO - Task exited with return code 0
[2023-03-18T17:21:21.517+0000] {taskinstance.py:2578} INFO - 1 downstream tasks scheduled from follow-on schedule check
