[2023-03-18T11:00:00.827+0000] {taskinstance.py:1083} INFO - Dependencies all met for <TaskInstance: parking_measurements.check_endpoint scheduled__2023-03-18T10:00:00+00:00 [queued]>
[2023-03-18T11:00:00.845+0000] {taskinstance.py:1083} INFO - Dependencies all met for <TaskInstance: parking_measurements.check_endpoint scheduled__2023-03-18T10:00:00+00:00 [queued]>
[2023-03-18T11:00:00.845+0000] {taskinstance.py:1279} INFO - 
--------------------------------------------------------------------------------
[2023-03-18T11:00:00.845+0000] {taskinstance.py:1280} INFO - Starting attempt 1 of 1
[2023-03-18T11:00:00.846+0000] {taskinstance.py:1281} INFO - 
--------------------------------------------------------------------------------
[2023-03-18T11:00:00.877+0000] {taskinstance.py:1300} INFO - Executing <Task(PythonOperator): check_endpoint> on 2023-03-18 10:00:00+00:00
[2023-03-18T11:00:00.882+0000] {standard_task_runner.py:55} INFO - Started process 65786 to run task
[2023-03-18T11:00:00.891+0000] {standard_task_runner.py:82} INFO - Running: ['***', 'tasks', 'run', 'parking_measurements', 'check_endpoint', 'scheduled__2023-03-18T10:00:00+00:00', '--job-id', '570', '--raw', '--subdir', 'DAGS_FOLDER/parking_measurements.py', '--cfg-path', '/tmp/tmpbhdhovrv']
[2023-03-18T11:00:00.893+0000] {standard_task_runner.py:83} INFO - Job 570: Subtask check_endpoint
[2023-03-18T11:00:01.035+0000] {task_command.py:388} INFO - Running <TaskInstance: parking_measurements.check_endpoint scheduled__2023-03-18T10:00:00+00:00 [running]> on host diploma-vm.europe-west1-b.c.diploma-380314.internal
[2023-03-18T11:00:01.182+0000] {taskinstance.py:1507} INFO - Exporting the following env vars:
AIRFLOW_CTX_DAG_OWNER=***
AIRFLOW_CTX_DAG_ID=parking_measurements
AIRFLOW_CTX_TASK_ID=check_endpoint
AIRFLOW_CTX_EXECUTION_DATE=2023-03-18T10:00:00+00:00
AIRFLOW_CTX_TRY_NUMBER=1
AIRFLOW_CTX_DAG_RUN_ID=scheduled__2023-03-18T10:00:00+00:00
[2023-03-18T11:00:33.792+0000] {python.py:177} INFO - Done. Returned value was: None
[2023-03-18T11:00:33.807+0000] {taskinstance.py:1318} INFO - Marking task as SUCCESS. dag_id=parking_measurements, task_id=check_endpoint, execution_date=20230318T100000, start_date=20230318T110000, end_date=20230318T110033
[2023-03-18T11:00:33.862+0000] {local_task_job.py:208} INFO - Task exited with return code 0
[2023-03-18T11:00:33.897+0000] {taskinstance.py:2578} INFO - 1 downstream tasks scheduled from follow-on schedule check
