[2023-03-17T20:00:35.152+0000] {taskinstance.py:1083} INFO - Dependencies all met for <TaskInstance: get_file_from_endpoint.src_table_parking_measurements scheduled__2023-03-17T19:00:00+00:00 [queued]>
[2023-03-17T20:00:35.165+0000] {taskinstance.py:1083} INFO - Dependencies all met for <TaskInstance: get_file_from_endpoint.src_table_parking_measurements scheduled__2023-03-17T19:00:00+00:00 [queued]>
[2023-03-17T20:00:35.165+0000] {taskinstance.py:1279} INFO - 
--------------------------------------------------------------------------------
[2023-03-17T20:00:35.165+0000] {taskinstance.py:1280} INFO - Starting attempt 1 of 1
[2023-03-17T20:00:35.166+0000] {taskinstance.py:1281} INFO - 
--------------------------------------------------------------------------------
[2023-03-17T20:00:35.180+0000] {taskinstance.py:1300} INFO - Executing <Task(MySqlOperator): src_table_parking_measurements> on 2023-03-17 19:00:00+00:00
[2023-03-17T20:00:35.185+0000] {standard_task_runner.py:55} INFO - Started process 11554 to run task
[2023-03-17T20:00:35.191+0000] {standard_task_runner.py:82} INFO - Running: ['***', 'tasks', 'run', 'get_file_from_endpoint', 'src_table_parking_measurements', 'scheduled__2023-03-17T19:00:00+00:00', '--job-id', '302', '--raw', '--subdir', 'DAGS_FOLDER/api.py', '--cfg-path', '/tmp/tmplwsqfn05']
[2023-03-17T20:00:35.193+0000] {standard_task_runner.py:83} INFO - Job 302: Subtask src_table_parking_measurements
[2023-03-17T20:00:35.282+0000] {task_command.py:388} INFO - Running <TaskInstance: get_file_from_endpoint.src_table_parking_measurements scheduled__2023-03-17T19:00:00+00:00 [running]> on host diploma-vm.europe-west1-b.c.diploma-380314.internal
[2023-03-17T20:00:35.365+0000] {taskinstance.py:1507} INFO - Exporting the following env vars:
AIRFLOW_CTX_DAG_OWNER=***
AIRFLOW_CTX_DAG_ID=get_file_from_endpoint
AIRFLOW_CTX_TASK_ID=src_table_parking_measurements
AIRFLOW_CTX_EXECUTION_DATE=2023-03-17T19:00:00+00:00
AIRFLOW_CTX_TRY_NUMBER=1
AIRFLOW_CTX_DAG_RUN_ID=scheduled__2023-03-17T19:00:00+00:00
[2023-03-17T20:00:35.366+0000] {sql.py:254} INFO - Executing: INSERT IGNORE INTO src_parking_measurements
(
SELECT
    _sys_record_id,
    _sys_load_id,
    _sys_load_at,
    _sys_is_deleted,
    r.*
FROM
    pre_parking_measurements,
    JSON_TABLE(
        jdoc,
        '$[*]'
        COLUMNS (
            i FOR ORDINALITY,
            jdoc JSON PATH '$[0]'
            )
    ) AS r
);
[2023-03-17T20:00:35.380+0000] {base.py:73} INFO - Using connection ID 'mysql-db' for task execution.
[2023-03-17T20:00:35.465+0000] {base.py:73} INFO - Using connection ID 'mysql-db' for task execution.
[2023-03-17T20:00:35.477+0000] {sql.py:375} INFO - Running statement: INSERT IGNORE INTO src_parking_measurements
(
SELECT
    _sys_record_id,
    _sys_load_id,
    _sys_load_at,
    _sys_is_deleted,
    r.*
FROM
    pre_parking_measurements,
    JSON_TABLE(
        jdoc,
        '$[*]'
        COLUMNS (
            i FOR ORDINALITY,
            jdoc JSON PATH '$[0]'
            )
    ) AS r
);, parameters: None
[2023-03-17T20:00:35.500+0000] {sql.py:384} INFO - Rows affected: 200
[2023-03-17T20:00:35.520+0000] {taskinstance.py:1318} INFO - Marking task as SUCCESS. dag_id=get_file_from_endpoint, task_id=src_table_parking_measurements, execution_date=20230317T190000, start_date=20230317T200035, end_date=20230317T200035
[2023-03-17T20:00:35.564+0000] {local_task_job.py:208} INFO - Task exited with return code 0
[2023-03-17T20:00:35.592+0000] {taskinstance.py:2578} INFO - 1 downstream tasks scheduled from follow-on schedule check
