[2023-03-17T17:45:37.503+0000] {taskinstance.py:1083} INFO - Dependencies all met for <TaskInstance: get_file_from_endpoint.check_endpoint manual__2023-03-17T17:45:36.553258+00:00 [queued]>
[2023-03-17T17:45:37.518+0000] {taskinstance.py:1083} INFO - Dependencies all met for <TaskInstance: get_file_from_endpoint.check_endpoint manual__2023-03-17T17:45:36.553258+00:00 [queued]>
[2023-03-17T17:45:37.518+0000] {taskinstance.py:1279} INFO - 
--------------------------------------------------------------------------------
[2023-03-17T17:45:37.518+0000] {taskinstance.py:1280} INFO - Starting attempt 1 of 1
[2023-03-17T17:45:37.519+0000] {taskinstance.py:1281} INFO - 
--------------------------------------------------------------------------------
[2023-03-17T17:45:37.538+0000] {taskinstance.py:1300} INFO - Executing <Task(PythonOperator): check_endpoint> on 2023-03-17 17:45:36.553258+00:00
[2023-03-17T17:45:37.543+0000] {standard_task_runner.py:55} INFO - Started process 2204 to run task
[2023-03-17T17:45:37.549+0000] {standard_task_runner.py:82} INFO - Running: ['***', 'tasks', 'run', 'get_file_from_endpoint', 'check_endpoint', 'manual__2023-03-17T17:45:36.553258+00:00', '--job-id', '213', '--raw', '--subdir', 'DAGS_FOLDER/api.py', '--cfg-path', '/tmp/tmpsueb93nd']
[2023-03-17T17:45:37.552+0000] {standard_task_runner.py:83} INFO - Job 213: Subtask check_endpoint
[2023-03-17T17:45:37.669+0000] {task_command.py:388} INFO - Running <TaskInstance: get_file_from_endpoint.check_endpoint manual__2023-03-17T17:45:36.553258+00:00 [running]> on host diploma-vm.europe-west1-b.c.diploma-380314.internal
[2023-03-17T17:45:37.763+0000] {taskinstance.py:1507} INFO - Exporting the following env vars:
AIRFLOW_CTX_DAG_OWNER=***
AIRFLOW_CTX_DAG_ID=get_file_from_endpoint
AIRFLOW_CTX_TASK_ID=check_endpoint
AIRFLOW_CTX_EXECUTION_DATE=2023-03-17T17:45:36.553258+00:00
AIRFLOW_CTX_TRY_NUMBER=1
AIRFLOW_CTX_DAG_RUN_ID=manual__2023-03-17T17:45:36.553258+00:00
[2023-03-17T17:45:53.701+0000] {python.py:177} INFO - Done. Returned value was: None
[2023-03-17T17:45:53.715+0000] {taskinstance.py:1318} INFO - Marking task as SUCCESS. dag_id=get_file_from_endpoint, task_id=check_endpoint, execution_date=20230317T174536, start_date=20230317T174537, end_date=20230317T174553
[2023-03-17T17:45:53.753+0000] {local_task_job.py:208} INFO - Task exited with return code 0
[2023-03-17T17:45:53.785+0000] {taskinstance.py:2578} INFO - 1 downstream tasks scheduled from follow-on schedule check
