[2023-03-18T18:21:00.276+0000] {taskinstance.py:1083} INFO - Dependencies all met for <TaskInstance: vehiclepositions.check_endpoint manual__2023-03-18T18:20:59.372896+00:00 [queued]>
[2023-03-18T18:21:00.290+0000] {taskinstance.py:1083} INFO - Dependencies all met for <TaskInstance: vehiclepositions.check_endpoint manual__2023-03-18T18:20:59.372896+00:00 [queued]>
[2023-03-18T18:21:00.290+0000] {taskinstance.py:1279} INFO - 
--------------------------------------------------------------------------------
[2023-03-18T18:21:00.291+0000] {taskinstance.py:1280} INFO - Starting attempt 1 of 1
[2023-03-18T18:21:00.291+0000] {taskinstance.py:1281} INFO - 
--------------------------------------------------------------------------------
[2023-03-18T18:21:00.309+0000] {taskinstance.py:1300} INFO - Executing <Task(PythonOperator): check_endpoint> on 2023-03-18 18:20:59.372896+00:00
[2023-03-18T18:21:00.314+0000] {standard_task_runner.py:55} INFO - Started process 93800 to run task
[2023-03-18T18:21:00.323+0000] {standard_task_runner.py:82} INFO - Running: ['***', 'tasks', 'run', 'vehiclepositions', 'check_endpoint', 'manual__2023-03-18T18:20:59.372896+00:00', '--job-id', '756', '--raw', '--subdir', 'DAGS_FOLDER/vehiclepositions.py', '--cfg-path', '/tmp/tmphw36qy1r']
[2023-03-18T18:21:00.327+0000] {standard_task_runner.py:83} INFO - Job 756: Subtask check_endpoint
[2023-03-18T18:21:00.443+0000] {task_command.py:388} INFO - Running <TaskInstance: vehiclepositions.check_endpoint manual__2023-03-18T18:20:59.372896+00:00 [running]> on host diploma-vm.europe-west1-b.c.diploma-380314.internal
[2023-03-18T18:21:00.557+0000] {taskinstance.py:1507} INFO - Exporting the following env vars:
AIRFLOW_CTX_DAG_OWNER=***
AIRFLOW_CTX_DAG_ID=vehiclepositions
AIRFLOW_CTX_TASK_ID=check_endpoint
AIRFLOW_CTX_EXECUTION_DATE=2023-03-18T18:20:59.372896+00:00
AIRFLOW_CTX_TRY_NUMBER=1
AIRFLOW_CTX_DAG_RUN_ID=manual__2023-03-18T18:20:59.372896+00:00
[2023-03-18T18:21:00.843+0000] {python.py:177} INFO - Done. Returned value was: None
[2023-03-18T18:21:00.858+0000] {taskinstance.py:1318} INFO - Marking task as SUCCESS. dag_id=vehiclepositions, task_id=check_endpoint, execution_date=20230318T182059, start_date=20230318T182100, end_date=20230318T182100
[2023-03-18T18:21:00.906+0000] {local_task_job.py:208} INFO - Task exited with return code 0
[2023-03-18T18:21:00.945+0000] {taskinstance.py:2578} INFO - 1 downstream tasks scheduled from follow-on schedule check
