[2023-03-16T12:33:36.014+0000] {taskinstance.py:1083} INFO - Dependencies all met for <TaskInstance: first_dag.print_date scheduled__2023-03-12T00:00:00+00:00 [queued]>
[2023-03-16T12:33:36.046+0000] {taskinstance.py:1083} INFO - Dependencies all met for <TaskInstance: first_dag.print_date scheduled__2023-03-12T00:00:00+00:00 [queued]>
[2023-03-16T12:33:36.049+0000] {taskinstance.py:1279} INFO - 
--------------------------------------------------------------------------------
[2023-03-16T12:33:36.049+0000] {taskinstance.py:1280} INFO - Starting attempt 1 of 2
[2023-03-16T12:33:36.049+0000] {taskinstance.py:1281} INFO - 
--------------------------------------------------------------------------------
[2023-03-16T12:33:36.149+0000] {taskinstance.py:1300} INFO - Executing <Task(BashOperator): print_date> on 2023-03-12 00:00:00+00:00
[2023-03-16T12:33:36.171+0000] {standard_task_runner.py:55} INFO - Started process 4886 to run task
[2023-03-16T12:33:36.193+0000] {standard_task_runner.py:82} INFO - Running: ['***', 'tasks', 'run', 'first_dag', 'print_date', 'scheduled__2023-03-12T00:00:00+00:00', '--job-id', '70', '--raw', '--subdir', 'DAGS_FOLDER/first_dag.py', '--cfg-path', '/tmp/tmpb6413h58']
[2023-03-16T12:33:36.202+0000] {standard_task_runner.py:83} INFO - Job 70: Subtask print_date
[2023-03-16T12:33:36.722+0000] {task_command.py:388} INFO - Running <TaskInstance: first_dag.print_date scheduled__2023-03-12T00:00:00+00:00 [running]> on host diploma-vm.europe-west1-b.c.diploma-380314.internal
[2023-03-16T12:33:37.208+0000] {taskinstance.py:1507} INFO - Exporting the following env vars:
AIRFLOW_CTX_DAG_OWNER=hamster
AIRFLOW_CTX_DAG_ID=first_dag
AIRFLOW_CTX_TASK_ID=print_date
AIRFLOW_CTX_EXECUTION_DATE=2023-03-12T00:00:00+00:00
AIRFLOW_CTX_TRY_NUMBER=1
AIRFLOW_CTX_DAG_RUN_ID=scheduled__2023-03-12T00:00:00+00:00
[2023-03-16T12:33:37.209+0000] {subprocess.py:63} INFO - Tmp dir root location: 
 /tmp
[2023-03-16T12:33:37.210+0000] {subprocess.py:75} INFO - Running command: ['/usr/bin/bash', '-c', 'echo hamster success']
[2023-03-16T12:33:37.297+0000] {subprocess.py:86} INFO - Output:
[2023-03-16T12:33:37.299+0000] {subprocess.py:93} INFO - hamster success
[2023-03-16T12:33:37.300+0000] {subprocess.py:97} INFO - Command exited with return code 0
[2023-03-16T12:33:37.412+0000] {taskinstance.py:1318} INFO - Marking task as SUCCESS. dag_id=first_dag, task_id=print_date, execution_date=20230312T000000, start_date=20230316T123336, end_date=20230316T123337
[2023-03-16T12:33:37.536+0000] {local_task_job.py:208} INFO - Task exited with return code 0
[2023-03-16T12:33:37.642+0000] {taskinstance.py:2578} INFO - 0 downstream tasks scheduled from follow-on schedule check
