[2023-03-18T16:39:30.034+0000] {processor.py:153} INFO - Started process (PID=81564) to work on /home/melicharovykrecek/diploma/dags/gtfs_stoptimes.py
[2023-03-18T16:39:30.035+0000] {processor.py:743} INFO - Processing file /home/melicharovykrecek/diploma/dags/gtfs_stoptimes.py for tasks to queue
[2023-03-18T16:39:30.036+0000] {logging_mixin.py:137} INFO - [2023-03-18T16:39:30.036+0000] {dagbag.py:538} INFO - Filling up the DagBag from /home/melicharovykrecek/diploma/dags/gtfs_stoptimes.py
[2023-03-18T16:39:30.101+0000] {logging_mixin.py:137} INFO - [2023-03-18T16:39:30.099+0000] {abstractoperator.py:184} ERROR - Failed to resolve template field 'sql'
Traceback (most recent call last):
  File "/home/melicharovykrecek/venv/lib/python3.9/site-packages/airflow/models/abstractoperator.py", line 182, in resolve_template_files
    setattr(self, field, env.loader.get_source(env, content)[0])  # type: ignore
  File "/home/melicharovykrecek/venv/lib/python3.9/site-packages/jinja2/loaders.py", line 218, in get_source
    raise TemplateNotFound(template)
jinja2.exceptions.TemplateNotFound: /gtfs/stoptimes/create_table.sql
[2023-03-18T16:39:30.103+0000] {logging_mixin.py:137} INFO - [2023-03-18T16:39:30.102+0000] {abstractoperator.py:184} ERROR - Failed to resolve template field 'sql'
Traceback (most recent call last):
  File "/home/melicharovykrecek/venv/lib/python3.9/site-packages/airflow/models/abstractoperator.py", line 182, in resolve_template_files
    setattr(self, field, env.loader.get_source(env, content)[0])  # type: ignore
  File "/home/melicharovykrecek/venv/lib/python3.9/site-packages/jinja2/loaders.py", line 218, in get_source
    raise TemplateNotFound(template)
jinja2.exceptions.TemplateNotFound: /gtfs/stoptimes/010_src.sql
[2023-03-18T16:39:30.103+0000] {logging_mixin.py:137} INFO - [2023-03-18T16:39:30.103+0000] {abstractoperator.py:184} ERROR - Failed to resolve template field 'sql'
Traceback (most recent call last):
  File "/home/melicharovykrecek/venv/lib/python3.9/site-packages/airflow/models/abstractoperator.py", line 182, in resolve_template_files
    setattr(self, field, env.loader.get_source(env, content)[0])  # type: ignore
  File "/home/melicharovykrecek/venv/lib/python3.9/site-packages/jinja2/loaders.py", line 218, in get_source
    raise TemplateNotFound(template)
jinja2.exceptions.TemplateNotFound: /gtfs/stoptimes/020_stg.sql
[2023-03-18T16:39:30.132+0000] {processor.py:753} INFO - DAG(s) dict_keys(['stoptimes']) retrieved from /home/melicharovykrecek/diploma/dags/gtfs_stoptimes.py
[2023-03-18T16:39:30.382+0000] {logging_mixin.py:137} INFO - [2023-03-18T16:39:30.381+0000] {manager.py:504} INFO - Created Permission View: can read on DAG:stoptimes
[2023-03-18T16:39:30.397+0000] {logging_mixin.py:137} INFO - [2023-03-18T16:39:30.397+0000] {manager.py:504} INFO - Created Permission View: can delete on DAG:stoptimes
[2023-03-18T16:39:30.412+0000] {logging_mixin.py:137} INFO - [2023-03-18T16:39:30.412+0000] {manager.py:504} INFO - Created Permission View: can edit on DAG:stoptimes
[2023-03-18T16:39:30.413+0000] {logging_mixin.py:137} INFO - [2023-03-18T16:39:30.413+0000] {dag.py:2690} INFO - Sync 1 DAGs
[2023-03-18T16:39:30.439+0000] {logging_mixin.py:137} INFO - [2023-03-18T16:39:30.438+0000] {dag.py:2711} INFO - Creating ORM DAG for stoptimes
[2023-03-18T16:39:30.471+0000] {logging_mixin.py:137} INFO - [2023-03-18T16:39:30.470+0000] {dag.py:3437} INFO - Setting next_dagrun for stoptimes to 2023-03-18T15:00:00+00:00, run_after=2023-03-18T16:00:00+00:00
[2023-03-18T16:39:30.515+0000] {processor.py:175} INFO - Processing /home/melicharovykrecek/diploma/dags/gtfs_stoptimes.py took 0.489 seconds
[2023-03-18T16:40:00.632+0000] {processor.py:153} INFO - Started process (PID=81616) to work on /home/melicharovykrecek/diploma/dags/gtfs_stoptimes.py
[2023-03-18T16:40:00.633+0000] {processor.py:743} INFO - Processing file /home/melicharovykrecek/diploma/dags/gtfs_stoptimes.py for tasks to queue
[2023-03-18T16:40:00.635+0000] {logging_mixin.py:137} INFO - [2023-03-18T16:40:00.634+0000] {dagbag.py:538} INFO - Filling up the DagBag from /home/melicharovykrecek/diploma/dags/gtfs_stoptimes.py
[2023-03-18T16:40:00.695+0000] {logging_mixin.py:137} INFO - [2023-03-18T16:40:00.692+0000] {abstractoperator.py:184} ERROR - Failed to resolve template field 'sql'
Traceback (most recent call last):
  File "/home/melicharovykrecek/venv/lib/python3.9/site-packages/airflow/models/abstractoperator.py", line 182, in resolve_template_files
    setattr(self, field, env.loader.get_source(env, content)[0])  # type: ignore
  File "/home/melicharovykrecek/venv/lib/python3.9/site-packages/jinja2/loaders.py", line 218, in get_source
    raise TemplateNotFound(template)
jinja2.exceptions.TemplateNotFound: /gtfs/stoptimes/create_table.sql
[2023-03-18T16:40:00.696+0000] {logging_mixin.py:137} INFO - [2023-03-18T16:40:00.695+0000] {abstractoperator.py:184} ERROR - Failed to resolve template field 'sql'
Traceback (most recent call last):
  File "/home/melicharovykrecek/venv/lib/python3.9/site-packages/airflow/models/abstractoperator.py", line 182, in resolve_template_files
    setattr(self, field, env.loader.get_source(env, content)[0])  # type: ignore
  File "/home/melicharovykrecek/venv/lib/python3.9/site-packages/jinja2/loaders.py", line 218, in get_source
    raise TemplateNotFound(template)
jinja2.exceptions.TemplateNotFound: /gtfs/stoptimes/010_src.sql
[2023-03-18T16:40:00.696+0000] {logging_mixin.py:137} INFO - [2023-03-18T16:40:00.696+0000] {abstractoperator.py:184} ERROR - Failed to resolve template field 'sql'
Traceback (most recent call last):
  File "/home/melicharovykrecek/venv/lib/python3.9/site-packages/airflow/models/abstractoperator.py", line 182, in resolve_template_files
    setattr(self, field, env.loader.get_source(env, content)[0])  # type: ignore
  File "/home/melicharovykrecek/venv/lib/python3.9/site-packages/jinja2/loaders.py", line 218, in get_source
    raise TemplateNotFound(template)
jinja2.exceptions.TemplateNotFound: /gtfs/stoptimes/020_stg.sql
[2023-03-18T16:40:00.707+0000] {processor.py:753} INFO - DAG(s) dict_keys(['stoptimes']) retrieved from /home/melicharovykrecek/diploma/dags/gtfs_stoptimes.py
[2023-03-18T16:40:00.820+0000] {logging_mixin.py:137} INFO - [2023-03-18T16:40:00.820+0000] {dag.py:2690} INFO - Sync 1 DAGs
[2023-03-18T16:40:00.863+0000] {logging_mixin.py:137} INFO - [2023-03-18T16:40:00.862+0000] {dag.py:3437} INFO - Setting next_dagrun for stoptimes to 2023-03-18T15:00:00+00:00, run_after=2023-03-18T16:00:00+00:00
[2023-03-18T16:40:00.925+0000] {processor.py:175} INFO - Processing /home/melicharovykrecek/diploma/dags/gtfs_stoptimes.py took 0.300 seconds
[2023-03-18T16:40:31.554+0000] {processor.py:153} INFO - Started process (PID=81669) to work on /home/melicharovykrecek/diploma/dags/gtfs_stoptimes.py
[2023-03-18T16:40:31.556+0000] {processor.py:743} INFO - Processing file /home/melicharovykrecek/diploma/dags/gtfs_stoptimes.py for tasks to queue
[2023-03-18T16:40:31.557+0000] {logging_mixin.py:137} INFO - [2023-03-18T16:40:31.557+0000] {dagbag.py:538} INFO - Filling up the DagBag from /home/melicharovykrecek/diploma/dags/gtfs_stoptimes.py
[2023-03-18T16:40:31.636+0000] {logging_mixin.py:137} INFO - [2023-03-18T16:40:31.626+0000] {abstractoperator.py:184} ERROR - Failed to resolve template field 'sql'
Traceback (most recent call last):
  File "/home/melicharovykrecek/venv/lib/python3.9/site-packages/airflow/models/abstractoperator.py", line 182, in resolve_template_files
    setattr(self, field, env.loader.get_source(env, content)[0])  # type: ignore
  File "/home/melicharovykrecek/venv/lib/python3.9/site-packages/jinja2/loaders.py", line 218, in get_source
    raise TemplateNotFound(template)
jinja2.exceptions.TemplateNotFound: /gtfs/stoptimes/create_table.sql
[2023-03-18T16:40:31.637+0000] {logging_mixin.py:137} INFO - [2023-03-18T16:40:31.637+0000] {abstractoperator.py:184} ERROR - Failed to resolve template field 'sql'
Traceback (most recent call last):
  File "/home/melicharovykrecek/venv/lib/python3.9/site-packages/airflow/models/abstractoperator.py", line 182, in resolve_template_files
    setattr(self, field, env.loader.get_source(env, content)[0])  # type: ignore
  File "/home/melicharovykrecek/venv/lib/python3.9/site-packages/jinja2/loaders.py", line 218, in get_source
    raise TemplateNotFound(template)
jinja2.exceptions.TemplateNotFound: /gtfs/stoptimes/010_src.sql
[2023-03-18T16:40:31.638+0000] {logging_mixin.py:137} INFO - [2023-03-18T16:40:31.637+0000] {abstractoperator.py:184} ERROR - Failed to resolve template field 'sql'
Traceback (most recent call last):
  File "/home/melicharovykrecek/venv/lib/python3.9/site-packages/airflow/models/abstractoperator.py", line 182, in resolve_template_files
    setattr(self, field, env.loader.get_source(env, content)[0])  # type: ignore
  File "/home/melicharovykrecek/venv/lib/python3.9/site-packages/jinja2/loaders.py", line 218, in get_source
    raise TemplateNotFound(template)
jinja2.exceptions.TemplateNotFound: /gtfs/stoptimes/020_stg.sql
[2023-03-18T16:40:31.661+0000] {processor.py:753} INFO - DAG(s) dict_keys(['stoptimes']) retrieved from /home/melicharovykrecek/diploma/dags/gtfs_stoptimes.py
[2023-03-18T16:40:31.796+0000] {logging_mixin.py:137} INFO - [2023-03-18T16:40:31.795+0000] {dag.py:2690} INFO - Sync 1 DAGs
[2023-03-18T16:40:31.829+0000] {logging_mixin.py:137} INFO - [2023-03-18T16:40:31.828+0000] {dag.py:3437} INFO - Setting next_dagrun for stoptimes to 2023-03-18T15:00:00+00:00, run_after=2023-03-18T16:00:00+00:00
[2023-03-18T16:40:31.856+0000] {processor.py:175} INFO - Processing /home/melicharovykrecek/diploma/dags/gtfs_stoptimes.py took 0.309 seconds
[2023-03-18T16:41:01.929+0000] {processor.py:153} INFO - Started process (PID=81722) to work on /home/melicharovykrecek/diploma/dags/gtfs_stoptimes.py
[2023-03-18T16:41:01.930+0000] {processor.py:743} INFO - Processing file /home/melicharovykrecek/diploma/dags/gtfs_stoptimes.py for tasks to queue
[2023-03-18T16:41:01.931+0000] {logging_mixin.py:137} INFO - [2023-03-18T16:41:01.931+0000] {dagbag.py:538} INFO - Filling up the DagBag from /home/melicharovykrecek/diploma/dags/gtfs_stoptimes.py
[2023-03-18T16:41:01.990+0000] {logging_mixin.py:137} INFO - [2023-03-18T16:41:01.988+0000] {abstractoperator.py:184} ERROR - Failed to resolve template field 'sql'
Traceback (most recent call last):
  File "/home/melicharovykrecek/venv/lib/python3.9/site-packages/airflow/models/abstractoperator.py", line 182, in resolve_template_files
    setattr(self, field, env.loader.get_source(env, content)[0])  # type: ignore
  File "/home/melicharovykrecek/venv/lib/python3.9/site-packages/jinja2/loaders.py", line 218, in get_source
    raise TemplateNotFound(template)
jinja2.exceptions.TemplateNotFound: /gtfs/stoptimes/create_table.sql
[2023-03-18T16:41:01.991+0000] {logging_mixin.py:137} INFO - [2023-03-18T16:41:01.990+0000] {abstractoperator.py:184} ERROR - Failed to resolve template field 'sql'
Traceback (most recent call last):
  File "/home/melicharovykrecek/venv/lib/python3.9/site-packages/airflow/models/abstractoperator.py", line 182, in resolve_template_files
    setattr(self, field, env.loader.get_source(env, content)[0])  # type: ignore
  File "/home/melicharovykrecek/venv/lib/python3.9/site-packages/jinja2/loaders.py", line 218, in get_source
    raise TemplateNotFound(template)
jinja2.exceptions.TemplateNotFound: /gtfs/stoptimes/010_src.sql
[2023-03-18T16:41:01.992+0000] {logging_mixin.py:137} INFO - [2023-03-18T16:41:01.991+0000] {abstractoperator.py:184} ERROR - Failed to resolve template field 'sql'
Traceback (most recent call last):
  File "/home/melicharovykrecek/venv/lib/python3.9/site-packages/airflow/models/abstractoperator.py", line 182, in resolve_template_files
    setattr(self, field, env.loader.get_source(env, content)[0])  # type: ignore
  File "/home/melicharovykrecek/venv/lib/python3.9/site-packages/jinja2/loaders.py", line 218, in get_source
    raise TemplateNotFound(template)
jinja2.exceptions.TemplateNotFound: /gtfs/stoptimes/020_stg.sql
[2023-03-18T16:41:02.004+0000] {processor.py:753} INFO - DAG(s) dict_keys(['stoptimes']) retrieved from /home/melicharovykrecek/diploma/dags/gtfs_stoptimes.py
[2023-03-18T16:41:02.124+0000] {logging_mixin.py:137} INFO - [2023-03-18T16:41:02.123+0000] {dag.py:2690} INFO - Sync 1 DAGs
[2023-03-18T16:41:02.163+0000] {logging_mixin.py:137} INFO - [2023-03-18T16:41:02.163+0000] {dag.py:3437} INFO - Setting next_dagrun for stoptimes to 2023-03-18T15:00:00+00:00, run_after=2023-03-18T16:00:00+00:00
[2023-03-18T16:41:02.194+0000] {processor.py:175} INFO - Processing /home/melicharovykrecek/diploma/dags/gtfs_stoptimes.py took 0.271 seconds
[2023-03-18T16:41:33.207+0000] {processor.py:153} INFO - Started process (PID=81776) to work on /home/melicharovykrecek/diploma/dags/gtfs_stoptimes.py
[2023-03-18T16:41:33.209+0000] {processor.py:743} INFO - Processing file /home/melicharovykrecek/diploma/dags/gtfs_stoptimes.py for tasks to queue
[2023-03-18T16:41:33.211+0000] {logging_mixin.py:137} INFO - [2023-03-18T16:41:33.210+0000] {dagbag.py:538} INFO - Filling up the DagBag from /home/melicharovykrecek/diploma/dags/gtfs_stoptimes.py
[2023-03-18T16:41:33.269+0000] {logging_mixin.py:137} INFO - [2023-03-18T16:41:33.268+0000] {abstractoperator.py:184} ERROR - Failed to resolve template field 'sql'
Traceback (most recent call last):
  File "/home/melicharovykrecek/venv/lib/python3.9/site-packages/airflow/models/abstractoperator.py", line 182, in resolve_template_files
    setattr(self, field, env.loader.get_source(env, content)[0])  # type: ignore
  File "/home/melicharovykrecek/venv/lib/python3.9/site-packages/jinja2/loaders.py", line 218, in get_source
    raise TemplateNotFound(template)
jinja2.exceptions.TemplateNotFound: /gtfs/stoptimes/create_table.sql
[2023-03-18T16:41:33.271+0000] {logging_mixin.py:137} INFO - [2023-03-18T16:41:33.270+0000] {abstractoperator.py:184} ERROR - Failed to resolve template field 'sql'
Traceback (most recent call last):
  File "/home/melicharovykrecek/venv/lib/python3.9/site-packages/airflow/models/abstractoperator.py", line 182, in resolve_template_files
    setattr(self, field, env.loader.get_source(env, content)[0])  # type: ignore
  File "/home/melicharovykrecek/venv/lib/python3.9/site-packages/jinja2/loaders.py", line 218, in get_source
    raise TemplateNotFound(template)
jinja2.exceptions.TemplateNotFound: /gtfs/stoptimes/010_src.sql
[2023-03-18T16:41:33.271+0000] {logging_mixin.py:137} INFO - [2023-03-18T16:41:33.271+0000] {abstractoperator.py:184} ERROR - Failed to resolve template field 'sql'
Traceback (most recent call last):
  File "/home/melicharovykrecek/venv/lib/python3.9/site-packages/airflow/models/abstractoperator.py", line 182, in resolve_template_files
    setattr(self, field, env.loader.get_source(env, content)[0])  # type: ignore
  File "/home/melicharovykrecek/venv/lib/python3.9/site-packages/jinja2/loaders.py", line 218, in get_source
    raise TemplateNotFound(template)
jinja2.exceptions.TemplateNotFound: /gtfs/stoptimes/020_stg.sql
[2023-03-18T16:41:33.284+0000] {processor.py:753} INFO - DAG(s) dict_keys(['stoptimes']) retrieved from /home/melicharovykrecek/diploma/dags/gtfs_stoptimes.py
[2023-03-18T16:41:33.392+0000] {logging_mixin.py:137} INFO - [2023-03-18T16:41:33.392+0000] {dag.py:2690} INFO - Sync 1 DAGs
[2023-03-18T16:41:33.433+0000] {logging_mixin.py:137} INFO - [2023-03-18T16:41:33.433+0000] {dag.py:3437} INFO - Setting next_dagrun for stoptimes to 2023-03-18T15:00:00+00:00, run_after=2023-03-18T16:00:00+00:00
[2023-03-18T16:41:33.464+0000] {processor.py:175} INFO - Processing /home/melicharovykrecek/diploma/dags/gtfs_stoptimes.py took 0.262 seconds
[2023-03-18T16:42:03.638+0000] {processor.py:153} INFO - Started process (PID=81830) to work on /home/melicharovykrecek/diploma/dags/gtfs_stoptimes.py
[2023-03-18T16:42:03.640+0000] {processor.py:743} INFO - Processing file /home/melicharovykrecek/diploma/dags/gtfs_stoptimes.py for tasks to queue
[2023-03-18T16:42:03.641+0000] {logging_mixin.py:137} INFO - [2023-03-18T16:42:03.641+0000] {dagbag.py:538} INFO - Filling up the DagBag from /home/melicharovykrecek/diploma/dags/gtfs_stoptimes.py
[2023-03-18T16:42:03.700+0000] {logging_mixin.py:137} INFO - [2023-03-18T16:42:03.698+0000] {abstractoperator.py:184} ERROR - Failed to resolve template field 'sql'
Traceback (most recent call last):
  File "/home/melicharovykrecek/venv/lib/python3.9/site-packages/airflow/models/abstractoperator.py", line 182, in resolve_template_files
    setattr(self, field, env.loader.get_source(env, content)[0])  # type: ignore
  File "/home/melicharovykrecek/venv/lib/python3.9/site-packages/jinja2/loaders.py", line 218, in get_source
    raise TemplateNotFound(template)
jinja2.exceptions.TemplateNotFound: /gtfs/stoptimes/020_stg.sql
[2023-03-18T16:42:03.710+0000] {processor.py:753} INFO - DAG(s) dict_keys(['stoptimes']) retrieved from /home/melicharovykrecek/diploma/dags/gtfs_stoptimes.py
[2023-03-18T16:42:03.811+0000] {logging_mixin.py:137} INFO - [2023-03-18T16:42:03.811+0000] {dag.py:2690} INFO - Sync 1 DAGs
[2023-03-18T16:42:03.852+0000] {logging_mixin.py:137} INFO - [2023-03-18T16:42:03.851+0000] {dag.py:3437} INFO - Setting next_dagrun for stoptimes to 2023-03-18T15:00:00+00:00, run_after=2023-03-18T16:00:00+00:00
[2023-03-18T16:42:03.884+0000] {processor.py:175} INFO - Processing /home/melicharovykrecek/diploma/dags/gtfs_stoptimes.py took 0.253 seconds
[2023-03-18T16:42:34.030+0000] {processor.py:153} INFO - Started process (PID=81883) to work on /home/melicharovykrecek/diploma/dags/gtfs_stoptimes.py
[2023-03-18T16:42:34.032+0000] {processor.py:743} INFO - Processing file /home/melicharovykrecek/diploma/dags/gtfs_stoptimes.py for tasks to queue
[2023-03-18T16:42:34.034+0000] {logging_mixin.py:137} INFO - [2023-03-18T16:42:34.033+0000] {dagbag.py:538} INFO - Filling up the DagBag from /home/melicharovykrecek/diploma/dags/gtfs_stoptimes.py
[2023-03-18T16:42:34.101+0000] {processor.py:753} INFO - DAG(s) dict_keys(['stoptimes']) retrieved from /home/melicharovykrecek/diploma/dags/gtfs_stoptimes.py
[2023-03-18T16:42:34.203+0000] {logging_mixin.py:137} INFO - [2023-03-18T16:42:34.202+0000] {dag.py:2690} INFO - Sync 1 DAGs
[2023-03-18T16:42:34.244+0000] {logging_mixin.py:137} INFO - [2023-03-18T16:42:34.243+0000] {dag.py:3437} INFO - Setting next_dagrun for stoptimes to 2023-03-18T15:00:00+00:00, run_after=2023-03-18T16:00:00+00:00
[2023-03-18T16:42:34.279+0000] {processor.py:175} INFO - Processing /home/melicharovykrecek/diploma/dags/gtfs_stoptimes.py took 0.255 seconds
[2023-03-18T16:43:04.414+0000] {processor.py:153} INFO - Started process (PID=81941) to work on /home/melicharovykrecek/diploma/dags/gtfs_stoptimes.py
[2023-03-18T16:43:04.416+0000] {processor.py:743} INFO - Processing file /home/melicharovykrecek/diploma/dags/gtfs_stoptimes.py for tasks to queue
[2023-03-18T16:43:04.417+0000] {logging_mixin.py:137} INFO - [2023-03-18T16:43:04.417+0000] {dagbag.py:538} INFO - Filling up the DagBag from /home/melicharovykrecek/diploma/dags/gtfs_stoptimes.py
[2023-03-18T16:43:04.482+0000] {processor.py:753} INFO - DAG(s) dict_keys(['stoptimes']) retrieved from /home/melicharovykrecek/diploma/dags/gtfs_stoptimes.py
[2023-03-18T16:43:04.585+0000] {logging_mixin.py:137} INFO - [2023-03-18T16:43:04.585+0000] {dag.py:2690} INFO - Sync 1 DAGs
[2023-03-18T16:43:04.625+0000] {logging_mixin.py:137} INFO - [2023-03-18T16:43:04.625+0000] {dag.py:3437} INFO - Setting next_dagrun for stoptimes to 2023-03-18T15:00:00+00:00, run_after=2023-03-18T16:00:00+00:00
[2023-03-18T16:43:04.658+0000] {processor.py:175} INFO - Processing /home/melicharovykrecek/diploma/dags/gtfs_stoptimes.py took 0.251 seconds
[2023-03-18T16:43:34.787+0000] {processor.py:153} INFO - Started process (PID=81992) to work on /home/melicharovykrecek/diploma/dags/gtfs_stoptimes.py
[2023-03-18T16:43:34.795+0000] {processor.py:743} INFO - Processing file /home/melicharovykrecek/diploma/dags/gtfs_stoptimes.py for tasks to queue
[2023-03-18T16:43:34.796+0000] {logging_mixin.py:137} INFO - [2023-03-18T16:43:34.796+0000] {dagbag.py:538} INFO - Filling up the DagBag from /home/melicharovykrecek/diploma/dags/gtfs_stoptimes.py
[2023-03-18T16:43:34.884+0000] {processor.py:753} INFO - DAG(s) dict_keys(['stoptimes']) retrieved from /home/melicharovykrecek/diploma/dags/gtfs_stoptimes.py
[2023-03-18T16:43:34.986+0000] {logging_mixin.py:137} INFO - [2023-03-18T16:43:34.985+0000] {dag.py:2690} INFO - Sync 1 DAGs
[2023-03-18T16:43:35.024+0000] {logging_mixin.py:137} INFO - [2023-03-18T16:43:35.023+0000] {dag.py:3437} INFO - Setting next_dagrun for stoptimes to 2023-03-18T15:00:00+00:00, run_after=2023-03-18T16:00:00+00:00
[2023-03-18T16:43:35.062+0000] {processor.py:175} INFO - Processing /home/melicharovykrecek/diploma/dags/gtfs_stoptimes.py took 0.281 seconds
[2023-03-18T16:44:05.173+0000] {processor.py:153} INFO - Started process (PID=82042) to work on /home/melicharovykrecek/diploma/dags/gtfs_stoptimes.py
[2023-03-18T16:44:05.174+0000] {processor.py:743} INFO - Processing file /home/melicharovykrecek/diploma/dags/gtfs_stoptimes.py for tasks to queue
[2023-03-18T16:44:05.175+0000] {logging_mixin.py:137} INFO - [2023-03-18T16:44:05.175+0000] {dagbag.py:538} INFO - Filling up the DagBag from /home/melicharovykrecek/diploma/dags/gtfs_stoptimes.py
[2023-03-18T16:44:05.241+0000] {processor.py:753} INFO - DAG(s) dict_keys(['stoptimes']) retrieved from /home/melicharovykrecek/diploma/dags/gtfs_stoptimes.py
[2023-03-18T16:44:05.347+0000] {logging_mixin.py:137} INFO - [2023-03-18T16:44:05.346+0000] {dag.py:2690} INFO - Sync 1 DAGs
[2023-03-18T16:44:05.385+0000] {logging_mixin.py:137} INFO - [2023-03-18T16:44:05.385+0000] {dag.py:3437} INFO - Setting next_dagrun for stoptimes to 2023-03-18T15:00:00+00:00, run_after=2023-03-18T16:00:00+00:00
[2023-03-18T16:44:05.419+0000] {processor.py:175} INFO - Processing /home/melicharovykrecek/diploma/dags/gtfs_stoptimes.py took 0.254 seconds
[2023-03-18T16:44:35.658+0000] {processor.py:153} INFO - Started process (PID=82092) to work on /home/melicharovykrecek/diploma/dags/gtfs_stoptimes.py
[2023-03-18T16:44:35.660+0000] {processor.py:743} INFO - Processing file /home/melicharovykrecek/diploma/dags/gtfs_stoptimes.py for tasks to queue
[2023-03-18T16:44:35.661+0000] {logging_mixin.py:137} INFO - [2023-03-18T16:44:35.661+0000] {dagbag.py:538} INFO - Filling up the DagBag from /home/melicharovykrecek/diploma/dags/gtfs_stoptimes.py
[2023-03-18T16:44:35.729+0000] {processor.py:753} INFO - DAG(s) dict_keys(['stoptimes']) retrieved from /home/melicharovykrecek/diploma/dags/gtfs_stoptimes.py
[2023-03-18T16:44:35.835+0000] {logging_mixin.py:137} INFO - [2023-03-18T16:44:35.834+0000] {dag.py:2690} INFO - Sync 1 DAGs
[2023-03-18T16:44:35.876+0000] {logging_mixin.py:137} INFO - [2023-03-18T16:44:35.875+0000] {dag.py:3437} INFO - Setting next_dagrun for stoptimes to 2023-03-18T15:00:00+00:00, run_after=2023-03-18T16:00:00+00:00
[2023-03-18T16:44:35.907+0000] {processor.py:175} INFO - Processing /home/melicharovykrecek/diploma/dags/gtfs_stoptimes.py took 0.255 seconds
[2023-03-18T16:45:06.095+0000] {processor.py:153} INFO - Started process (PID=82145) to work on /home/melicharovykrecek/diploma/dags/gtfs_stoptimes.py
[2023-03-18T16:45:06.097+0000] {processor.py:743} INFO - Processing file /home/melicharovykrecek/diploma/dags/gtfs_stoptimes.py for tasks to queue
[2023-03-18T16:45:06.098+0000] {logging_mixin.py:137} INFO - [2023-03-18T16:45:06.098+0000] {dagbag.py:538} INFO - Filling up the DagBag from /home/melicharovykrecek/diploma/dags/gtfs_stoptimes.py
[2023-03-18T16:45:06.191+0000] {processor.py:753} INFO - DAG(s) dict_keys(['stoptimes']) retrieved from /home/melicharovykrecek/diploma/dags/gtfs_stoptimes.py
[2023-03-18T16:45:06.310+0000] {logging_mixin.py:137} INFO - [2023-03-18T16:45:06.310+0000] {dag.py:2690} INFO - Sync 1 DAGs
[2023-03-18T16:45:06.354+0000] {logging_mixin.py:137} INFO - [2023-03-18T16:45:06.354+0000] {dag.py:3437} INFO - Setting next_dagrun for stoptimes to 2023-03-18T15:00:00+00:00, run_after=2023-03-18T16:00:00+00:00
[2023-03-18T16:45:06.396+0000] {processor.py:175} INFO - Processing /home/melicharovykrecek/diploma/dags/gtfs_stoptimes.py took 0.306 seconds
[2023-03-18T16:45:36.459+0000] {processor.py:153} INFO - Started process (PID=82194) to work on /home/melicharovykrecek/diploma/dags/gtfs_stoptimes.py
[2023-03-18T16:45:36.461+0000] {processor.py:743} INFO - Processing file /home/melicharovykrecek/diploma/dags/gtfs_stoptimes.py for tasks to queue
[2023-03-18T16:45:36.462+0000] {logging_mixin.py:137} INFO - [2023-03-18T16:45:36.462+0000] {dagbag.py:538} INFO - Filling up the DagBag from /home/melicharovykrecek/diploma/dags/gtfs_stoptimes.py
[2023-03-18T16:45:36.532+0000] {processor.py:753} INFO - DAG(s) dict_keys(['stoptimes']) retrieved from /home/melicharovykrecek/diploma/dags/gtfs_stoptimes.py
[2023-03-18T16:45:36.639+0000] {logging_mixin.py:137} INFO - [2023-03-18T16:45:36.639+0000] {dag.py:2690} INFO - Sync 1 DAGs
[2023-03-18T16:45:36.679+0000] {logging_mixin.py:137} INFO - [2023-03-18T16:45:36.678+0000] {dag.py:3437} INFO - Setting next_dagrun for stoptimes to 2023-03-18T15:00:00+00:00, run_after=2023-03-18T16:00:00+00:00
[2023-03-18T16:45:36.711+0000] {processor.py:175} INFO - Processing /home/melicharovykrecek/diploma/dags/gtfs_stoptimes.py took 0.260 seconds
[2023-03-18T16:46:06.857+0000] {processor.py:153} INFO - Started process (PID=82333) to work on /home/melicharovykrecek/diploma/dags/gtfs_stoptimes.py
[2023-03-18T16:46:06.858+0000] {processor.py:743} INFO - Processing file /home/melicharovykrecek/diploma/dags/gtfs_stoptimes.py for tasks to queue
[2023-03-18T16:46:06.861+0000] {logging_mixin.py:137} INFO - [2023-03-18T16:46:06.861+0000] {dagbag.py:538} INFO - Filling up the DagBag from /home/melicharovykrecek/diploma/dags/gtfs_stoptimes.py
[2023-03-18T16:46:06.928+0000] {processor.py:753} INFO - DAG(s) dict_keys(['stoptimes']) retrieved from /home/melicharovykrecek/diploma/dags/gtfs_stoptimes.py
[2023-03-18T16:46:07.041+0000] {logging_mixin.py:137} INFO - [2023-03-18T16:46:07.040+0000] {dag.py:2690} INFO - Sync 1 DAGs
[2023-03-18T16:46:07.081+0000] {logging_mixin.py:137} INFO - [2023-03-18T16:46:07.081+0000] {dag.py:3437} INFO - Setting next_dagrun for stoptimes to 2023-03-18T15:00:00+00:00, run_after=2023-03-18T16:00:00+00:00
[2023-03-18T16:46:07.115+0000] {processor.py:175} INFO - Processing /home/melicharovykrecek/diploma/dags/gtfs_stoptimes.py took 0.265 seconds
[2023-03-18T16:46:38.126+0000] {processor.py:153} INFO - Started process (PID=82388) to work on /home/melicharovykrecek/diploma/dags/gtfs_stoptimes.py
[2023-03-18T16:46:38.128+0000] {processor.py:743} INFO - Processing file /home/melicharovykrecek/diploma/dags/gtfs_stoptimes.py for tasks to queue
[2023-03-18T16:46:38.129+0000] {logging_mixin.py:137} INFO - [2023-03-18T16:46:38.129+0000] {dagbag.py:538} INFO - Filling up the DagBag from /home/melicharovykrecek/diploma/dags/gtfs_stoptimes.py
[2023-03-18T16:46:38.193+0000] {processor.py:753} INFO - DAG(s) dict_keys(['stoptimes']) retrieved from /home/melicharovykrecek/diploma/dags/gtfs_stoptimes.py
[2023-03-18T16:46:38.295+0000] {logging_mixin.py:137} INFO - [2023-03-18T16:46:38.294+0000] {dag.py:2690} INFO - Sync 1 DAGs
[2023-03-18T16:46:38.346+0000] {logging_mixin.py:137} INFO - [2023-03-18T16:46:38.345+0000] {dag.py:3437} INFO - Setting next_dagrun for stoptimes to 2023-03-18T15:00:00+00:00, run_after=2023-03-18T16:00:00+00:00
[2023-03-18T16:46:38.388+0000] {processor.py:175} INFO - Processing /home/melicharovykrecek/diploma/dags/gtfs_stoptimes.py took 0.268 seconds
[2023-03-18T16:47:08.437+0000] {processor.py:153} INFO - Started process (PID=82444) to work on /home/melicharovykrecek/diploma/dags/gtfs_stoptimes.py
[2023-03-18T16:47:08.439+0000] {processor.py:743} INFO - Processing file /home/melicharovykrecek/diploma/dags/gtfs_stoptimes.py for tasks to queue
[2023-03-18T16:47:08.441+0000] {logging_mixin.py:137} INFO - [2023-03-18T16:47:08.440+0000] {dagbag.py:538} INFO - Filling up the DagBag from /home/melicharovykrecek/diploma/dags/gtfs_stoptimes.py
[2023-03-18T16:47:08.509+0000] {processor.py:753} INFO - DAG(s) dict_keys(['stoptimes']) retrieved from /home/melicharovykrecek/diploma/dags/gtfs_stoptimes.py
[2023-03-18T16:47:08.611+0000] {logging_mixin.py:137} INFO - [2023-03-18T16:47:08.611+0000] {dag.py:2690} INFO - Sync 1 DAGs
[2023-03-18T16:47:08.649+0000] {logging_mixin.py:137} INFO - [2023-03-18T16:47:08.649+0000] {dag.py:3437} INFO - Setting next_dagrun for stoptimes to 2023-03-18T15:00:00+00:00, run_after=2023-03-18T16:00:00+00:00
[2023-03-18T16:47:08.680+0000] {processor.py:175} INFO - Processing /home/melicharovykrecek/diploma/dags/gtfs_stoptimes.py took 0.249 seconds
[2023-03-18T16:47:38.830+0000] {processor.py:153} INFO - Started process (PID=82496) to work on /home/melicharovykrecek/diploma/dags/gtfs_stoptimes.py
[2023-03-18T16:47:38.832+0000] {processor.py:743} INFO - Processing file /home/melicharovykrecek/diploma/dags/gtfs_stoptimes.py for tasks to queue
[2023-03-18T16:47:38.833+0000] {logging_mixin.py:137} INFO - [2023-03-18T16:47:38.833+0000] {dagbag.py:538} INFO - Filling up the DagBag from /home/melicharovykrecek/diploma/dags/gtfs_stoptimes.py
[2023-03-18T16:47:38.903+0000] {processor.py:753} INFO - DAG(s) dict_keys(['stoptimes']) retrieved from /home/melicharovykrecek/diploma/dags/gtfs_stoptimes.py
[2023-03-18T16:47:39.022+0000] {logging_mixin.py:137} INFO - [2023-03-18T16:47:39.022+0000] {dag.py:2690} INFO - Sync 1 DAGs
[2023-03-18T16:47:39.068+0000] {logging_mixin.py:137} INFO - [2023-03-18T16:47:39.068+0000] {dag.py:3437} INFO - Setting next_dagrun for stoptimes to 2023-03-18T15:00:00+00:00, run_after=2023-03-18T16:00:00+00:00
[2023-03-18T16:47:39.110+0000] {processor.py:175} INFO - Processing /home/melicharovykrecek/diploma/dags/gtfs_stoptimes.py took 0.288 seconds
[2023-03-18T16:48:09.145+0000] {processor.py:153} INFO - Started process (PID=82547) to work on /home/melicharovykrecek/diploma/dags/gtfs_stoptimes.py
[2023-03-18T16:48:09.147+0000] {processor.py:743} INFO - Processing file /home/melicharovykrecek/diploma/dags/gtfs_stoptimes.py for tasks to queue
[2023-03-18T16:48:09.147+0000] {logging_mixin.py:137} INFO - [2023-03-18T16:48:09.147+0000] {dagbag.py:538} INFO - Filling up the DagBag from /home/melicharovykrecek/diploma/dags/gtfs_stoptimes.py
[2023-03-18T16:48:09.193+0000] {processor.py:753} INFO - DAG(s) dict_keys(['stoptimes']) retrieved from /home/melicharovykrecek/diploma/dags/gtfs_stoptimes.py
[2023-03-18T16:48:09.274+0000] {logging_mixin.py:137} INFO - [2023-03-18T16:48:09.274+0000] {dag.py:2690} INFO - Sync 1 DAGs
[2023-03-18T16:48:09.303+0000] {logging_mixin.py:137} INFO - [2023-03-18T16:48:09.303+0000] {dag.py:3437} INFO - Setting next_dagrun for stoptimes to 2023-03-18T15:00:00+00:00, run_after=2023-03-18T16:00:00+00:00
[2023-03-18T16:48:09.332+0000] {processor.py:175} INFO - Processing /home/melicharovykrecek/diploma/dags/gtfs_stoptimes.py took 0.192 seconds
[2023-03-18T16:48:39.573+0000] {processor.py:153} INFO - Started process (PID=82597) to work on /home/melicharovykrecek/diploma/dags/gtfs_stoptimes.py
[2023-03-18T16:48:39.575+0000] {processor.py:743} INFO - Processing file /home/melicharovykrecek/diploma/dags/gtfs_stoptimes.py for tasks to queue
[2023-03-18T16:48:39.577+0000] {logging_mixin.py:137} INFO - [2023-03-18T16:48:39.576+0000] {dagbag.py:538} INFO - Filling up the DagBag from /home/melicharovykrecek/diploma/dags/gtfs_stoptimes.py
[2023-03-18T16:48:39.648+0000] {processor.py:753} INFO - DAG(s) dict_keys(['stoptimes']) retrieved from /home/melicharovykrecek/diploma/dags/gtfs_stoptimes.py
[2023-03-18T16:48:39.760+0000] {logging_mixin.py:137} INFO - [2023-03-18T16:48:39.760+0000] {dag.py:2690} INFO - Sync 1 DAGs
[2023-03-18T16:48:39.798+0000] {logging_mixin.py:137} INFO - [2023-03-18T16:48:39.797+0000] {dag.py:3437} INFO - Setting next_dagrun for stoptimes to 2023-03-18T15:00:00+00:00, run_after=2023-03-18T16:00:00+00:00
[2023-03-18T16:48:39.829+0000] {processor.py:175} INFO - Processing /home/melicharovykrecek/diploma/dags/gtfs_stoptimes.py took 0.262 seconds
[2023-03-18T16:49:10.042+0000] {processor.py:153} INFO - Started process (PID=82649) to work on /home/melicharovykrecek/diploma/dags/gtfs_stoptimes.py
[2023-03-18T16:49:10.044+0000] {processor.py:743} INFO - Processing file /home/melicharovykrecek/diploma/dags/gtfs_stoptimes.py for tasks to queue
[2023-03-18T16:49:10.046+0000] {logging_mixin.py:137} INFO - [2023-03-18T16:49:10.045+0000] {dagbag.py:538} INFO - Filling up the DagBag from /home/melicharovykrecek/diploma/dags/gtfs_stoptimes.py
[2023-03-18T16:49:10.113+0000] {processor.py:753} INFO - DAG(s) dict_keys(['stoptimes']) retrieved from /home/melicharovykrecek/diploma/dags/gtfs_stoptimes.py
[2023-03-18T16:49:10.220+0000] {logging_mixin.py:137} INFO - [2023-03-18T16:49:10.219+0000] {dag.py:2690} INFO - Sync 1 DAGs
[2023-03-18T16:49:10.262+0000] {logging_mixin.py:137} INFO - [2023-03-18T16:49:10.262+0000] {dag.py:3437} INFO - Setting next_dagrun for stoptimes to 2023-03-18T15:00:00+00:00, run_after=2023-03-18T16:00:00+00:00
[2023-03-18T16:49:10.300+0000] {processor.py:175} INFO - Processing /home/melicharovykrecek/diploma/dags/gtfs_stoptimes.py took 0.265 seconds
[2023-03-18T16:49:40.490+0000] {processor.py:153} INFO - Started process (PID=82699) to work on /home/melicharovykrecek/diploma/dags/gtfs_stoptimes.py
[2023-03-18T16:49:40.492+0000] {processor.py:743} INFO - Processing file /home/melicharovykrecek/diploma/dags/gtfs_stoptimes.py for tasks to queue
[2023-03-18T16:49:40.493+0000] {logging_mixin.py:137} INFO - [2023-03-18T16:49:40.492+0000] {dagbag.py:538} INFO - Filling up the DagBag from /home/melicharovykrecek/diploma/dags/gtfs_stoptimes.py
[2023-03-18T16:49:40.565+0000] {processor.py:753} INFO - DAG(s) dict_keys(['stoptimes']) retrieved from /home/melicharovykrecek/diploma/dags/gtfs_stoptimes.py
[2023-03-18T16:49:40.685+0000] {logging_mixin.py:137} INFO - [2023-03-18T16:49:40.685+0000] {dag.py:2690} INFO - Sync 1 DAGs
[2023-03-18T16:49:40.730+0000] {logging_mixin.py:137} INFO - [2023-03-18T16:49:40.730+0000] {dag.py:3437} INFO - Setting next_dagrun for stoptimes to 2023-03-18T15:00:00+00:00, run_after=2023-03-18T16:00:00+00:00
[2023-03-18T16:49:40.769+0000] {processor.py:175} INFO - Processing /home/melicharovykrecek/diploma/dags/gtfs_stoptimes.py took 0.284 seconds
[2023-03-18T16:50:10.828+0000] {processor.py:153} INFO - Started process (PID=82748) to work on /home/melicharovykrecek/diploma/dags/gtfs_stoptimes.py
[2023-03-18T16:50:10.830+0000] {processor.py:743} INFO - Processing file /home/melicharovykrecek/diploma/dags/gtfs_stoptimes.py for tasks to queue
[2023-03-18T16:50:10.832+0000] {logging_mixin.py:137} INFO - [2023-03-18T16:50:10.831+0000] {dagbag.py:538} INFO - Filling up the DagBag from /home/melicharovykrecek/diploma/dags/gtfs_stoptimes.py
[2023-03-18T16:50:10.958+0000] {processor.py:753} INFO - DAG(s) dict_keys(['stoptimes']) retrieved from /home/melicharovykrecek/diploma/dags/gtfs_stoptimes.py
[2023-03-18T16:50:11.086+0000] {logging_mixin.py:137} INFO - [2023-03-18T16:50:11.086+0000] {dag.py:2690} INFO - Sync 1 DAGs
[2023-03-18T16:50:11.140+0000] {logging_mixin.py:137} INFO - [2023-03-18T16:50:11.140+0000] {dag.py:3437} INFO - Setting next_dagrun for stoptimes to 2023-03-18T15:00:00+00:00, run_after=2023-03-18T16:00:00+00:00
[2023-03-18T16:50:11.172+0000] {processor.py:175} INFO - Processing /home/melicharovykrecek/diploma/dags/gtfs_stoptimes.py took 0.352 seconds
[2023-03-18T16:50:41.311+0000] {processor.py:153} INFO - Started process (PID=82798) to work on /home/melicharovykrecek/diploma/dags/gtfs_stoptimes.py
[2023-03-18T16:50:41.315+0000] {processor.py:743} INFO - Processing file /home/melicharovykrecek/diploma/dags/gtfs_stoptimes.py for tasks to queue
[2023-03-18T16:50:41.317+0000] {logging_mixin.py:137} INFO - [2023-03-18T16:50:41.316+0000] {dagbag.py:538} INFO - Filling up the DagBag from /home/melicharovykrecek/diploma/dags/gtfs_stoptimes.py
[2023-03-18T16:50:41.412+0000] {processor.py:753} INFO - DAG(s) dict_keys(['stoptimes']) retrieved from /home/melicharovykrecek/diploma/dags/gtfs_stoptimes.py
[2023-03-18T16:50:41.532+0000] {logging_mixin.py:137} INFO - [2023-03-18T16:50:41.532+0000] {dag.py:2690} INFO - Sync 1 DAGs
[2023-03-18T16:50:41.589+0000] {logging_mixin.py:137} INFO - [2023-03-18T16:50:41.588+0000] {dag.py:3437} INFO - Setting next_dagrun for stoptimes to 2023-03-18T15:00:00+00:00, run_after=2023-03-18T16:00:00+00:00
[2023-03-18T16:50:41.631+0000] {processor.py:175} INFO - Processing /home/melicharovykrecek/diploma/dags/gtfs_stoptimes.py took 0.327 seconds
[2023-03-18T16:51:11.819+0000] {processor.py:153} INFO - Started process (PID=82873) to work on /home/melicharovykrecek/diploma/dags/gtfs_stoptimes.py
[2023-03-18T16:51:11.821+0000] {processor.py:743} INFO - Processing file /home/melicharovykrecek/diploma/dags/gtfs_stoptimes.py for tasks to queue
[2023-03-18T16:51:11.822+0000] {logging_mixin.py:137} INFO - [2023-03-18T16:51:11.822+0000] {dagbag.py:538} INFO - Filling up the DagBag from /home/melicharovykrecek/diploma/dags/gtfs_stoptimes.py
[2023-03-18T16:51:11.899+0000] {processor.py:753} INFO - DAG(s) dict_keys(['stoptimes']) retrieved from /home/melicharovykrecek/diploma/dags/gtfs_stoptimes.py
[2023-03-18T16:51:12.029+0000] {logging_mixin.py:137} INFO - [2023-03-18T16:51:12.028+0000] {dag.py:2690} INFO - Sync 1 DAGs
[2023-03-18T16:51:12.082+0000] {logging_mixin.py:137} INFO - [2023-03-18T16:51:12.081+0000] {dag.py:3437} INFO - Setting next_dagrun for stoptimes to 2023-03-18T15:00:00+00:00, run_after=2023-03-18T16:00:00+00:00
[2023-03-18T16:51:12.122+0000] {processor.py:175} INFO - Processing /home/melicharovykrecek/diploma/dags/gtfs_stoptimes.py took 0.310 seconds
[2023-03-18T16:51:42.278+0000] {processor.py:153} INFO - Started process (PID=82924) to work on /home/melicharovykrecek/diploma/dags/gtfs_stoptimes.py
[2023-03-18T16:51:42.280+0000] {processor.py:743} INFO - Processing file /home/melicharovykrecek/diploma/dags/gtfs_stoptimes.py for tasks to queue
[2023-03-18T16:51:42.281+0000] {logging_mixin.py:137} INFO - [2023-03-18T16:51:42.281+0000] {dagbag.py:538} INFO - Filling up the DagBag from /home/melicharovykrecek/diploma/dags/gtfs_stoptimes.py
[2023-03-18T16:51:42.355+0000] {processor.py:753} INFO - DAG(s) dict_keys(['stoptimes']) retrieved from /home/melicharovykrecek/diploma/dags/gtfs_stoptimes.py
[2023-03-18T16:51:42.479+0000] {logging_mixin.py:137} INFO - [2023-03-18T16:51:42.479+0000] {dag.py:2690} INFO - Sync 1 DAGs
[2023-03-18T16:51:42.522+0000] {logging_mixin.py:137} INFO - [2023-03-18T16:51:42.522+0000] {dag.py:3437} INFO - Setting next_dagrun for stoptimes to 2023-03-18T15:00:00+00:00, run_after=2023-03-18T16:00:00+00:00
[2023-03-18T16:51:42.562+0000] {processor.py:175} INFO - Processing /home/melicharovykrecek/diploma/dags/gtfs_stoptimes.py took 0.291 seconds
[2023-03-18T16:52:12.893+0000] {processor.py:153} INFO - Started process (PID=82975) to work on /home/melicharovykrecek/diploma/dags/gtfs_stoptimes.py
[2023-03-18T16:52:12.895+0000] {processor.py:743} INFO - Processing file /home/melicharovykrecek/diploma/dags/gtfs_stoptimes.py for tasks to queue
[2023-03-18T16:52:12.896+0000] {logging_mixin.py:137} INFO - [2023-03-18T16:52:12.896+0000] {dagbag.py:538} INFO - Filling up the DagBag from /home/melicharovykrecek/diploma/dags/gtfs_stoptimes.py
[2023-03-18T16:52:12.978+0000] {processor.py:753} INFO - DAG(s) dict_keys(['stoptimes']) retrieved from /home/melicharovykrecek/diploma/dags/gtfs_stoptimes.py
[2023-03-18T16:52:13.101+0000] {logging_mixin.py:137} INFO - [2023-03-18T16:52:13.101+0000] {dag.py:2690} INFO - Sync 1 DAGs
[2023-03-18T16:52:13.144+0000] {logging_mixin.py:137} INFO - [2023-03-18T16:52:13.144+0000] {dag.py:3437} INFO - Setting next_dagrun for stoptimes to 2023-03-18T15:00:00+00:00, run_after=2023-03-18T16:00:00+00:00
[2023-03-18T16:52:13.193+0000] {processor.py:175} INFO - Processing /home/melicharovykrecek/diploma/dags/gtfs_stoptimes.py took 0.309 seconds
[2023-03-18T16:52:43.439+0000] {processor.py:153} INFO - Started process (PID=83031) to work on /home/melicharovykrecek/diploma/dags/gtfs_stoptimes.py
[2023-03-18T16:52:43.442+0000] {processor.py:743} INFO - Processing file /home/melicharovykrecek/diploma/dags/gtfs_stoptimes.py for tasks to queue
[2023-03-18T16:52:43.443+0000] {logging_mixin.py:137} INFO - [2023-03-18T16:52:43.443+0000] {dagbag.py:538} INFO - Filling up the DagBag from /home/melicharovykrecek/diploma/dags/gtfs_stoptimes.py
[2023-03-18T16:52:43.531+0000] {processor.py:753} INFO - DAG(s) dict_keys(['stoptimes']) retrieved from /home/melicharovykrecek/diploma/dags/gtfs_stoptimes.py
[2023-03-18T16:52:43.647+0000] {logging_mixin.py:137} INFO - [2023-03-18T16:52:43.647+0000] {dag.py:2690} INFO - Sync 1 DAGs
[2023-03-18T16:52:43.693+0000] {logging_mixin.py:137} INFO - [2023-03-18T16:52:43.693+0000] {dag.py:3437} INFO - Setting next_dagrun for stoptimes to 2023-03-18T15:00:00+00:00, run_after=2023-03-18T16:00:00+00:00
[2023-03-18T16:52:43.741+0000] {processor.py:175} INFO - Processing /home/melicharovykrecek/diploma/dags/gtfs_stoptimes.py took 0.312 seconds
[2023-03-18T16:53:13.940+0000] {processor.py:153} INFO - Started process (PID=83081) to work on /home/melicharovykrecek/diploma/dags/gtfs_stoptimes.py
[2023-03-18T16:53:13.942+0000] {processor.py:743} INFO - Processing file /home/melicharovykrecek/diploma/dags/gtfs_stoptimes.py for tasks to queue
[2023-03-18T16:53:13.944+0000] {logging_mixin.py:137} INFO - [2023-03-18T16:53:13.943+0000] {dagbag.py:538} INFO - Filling up the DagBag from /home/melicharovykrecek/diploma/dags/gtfs_stoptimes.py
[2023-03-18T16:53:14.044+0000] {processor.py:753} INFO - DAG(s) dict_keys(['stoptimes']) retrieved from /home/melicharovykrecek/diploma/dags/gtfs_stoptimes.py
[2023-03-18T16:53:14.139+0000] {logging_mixin.py:137} INFO - [2023-03-18T16:53:14.138+0000] {dag.py:2690} INFO - Sync 1 DAGs
[2023-03-18T16:53:14.179+0000] {logging_mixin.py:137} INFO - [2023-03-18T16:53:14.179+0000] {dag.py:3437} INFO - Setting next_dagrun for stoptimes to 2023-03-18T15:00:00+00:00, run_after=2023-03-18T16:00:00+00:00
[2023-03-18T16:53:14.216+0000] {processor.py:175} INFO - Processing /home/melicharovykrecek/diploma/dags/gtfs_stoptimes.py took 0.282 seconds
[2023-03-18T16:53:44.385+0000] {processor.py:153} INFO - Started process (PID=83131) to work on /home/melicharovykrecek/diploma/dags/gtfs_stoptimes.py
[2023-03-18T16:53:44.391+0000] {processor.py:743} INFO - Processing file /home/melicharovykrecek/diploma/dags/gtfs_stoptimes.py for tasks to queue
[2023-03-18T16:53:44.393+0000] {logging_mixin.py:137} INFO - [2023-03-18T16:53:44.393+0000] {dagbag.py:538} INFO - Filling up the DagBag from /home/melicharovykrecek/diploma/dags/gtfs_stoptimes.py
[2023-03-18T16:53:44.470+0000] {processor.py:753} INFO - DAG(s) dict_keys(['stoptimes']) retrieved from /home/melicharovykrecek/diploma/dags/gtfs_stoptimes.py
[2023-03-18T16:53:44.590+0000] {logging_mixin.py:137} INFO - [2023-03-18T16:53:44.589+0000] {dag.py:2690} INFO - Sync 1 DAGs
[2023-03-18T16:53:44.631+0000] {logging_mixin.py:137} INFO - [2023-03-18T16:53:44.630+0000] {dag.py:3437} INFO - Setting next_dagrun for stoptimes to 2023-03-18T15:00:00+00:00, run_after=2023-03-18T16:00:00+00:00
[2023-03-18T16:53:44.665+0000] {processor.py:175} INFO - Processing /home/melicharovykrecek/diploma/dags/gtfs_stoptimes.py took 0.287 seconds
[2023-03-18T16:54:15.462+0000] {processor.py:153} INFO - Started process (PID=83180) to work on /home/melicharovykrecek/diploma/dags/gtfs_stoptimes.py
[2023-03-18T16:54:15.464+0000] {processor.py:743} INFO - Processing file /home/melicharovykrecek/diploma/dags/gtfs_stoptimes.py for tasks to queue
[2023-03-18T16:54:15.465+0000] {logging_mixin.py:137} INFO - [2023-03-18T16:54:15.465+0000] {dagbag.py:538} INFO - Filling up the DagBag from /home/melicharovykrecek/diploma/dags/gtfs_stoptimes.py
[2023-03-18T16:54:15.586+0000] {processor.py:753} INFO - DAG(s) dict_keys(['stoptimes']) retrieved from /home/melicharovykrecek/diploma/dags/gtfs_stoptimes.py
[2023-03-18T16:54:15.709+0000] {logging_mixin.py:137} INFO - [2023-03-18T16:54:15.709+0000] {dag.py:2690} INFO - Sync 1 DAGs
[2023-03-18T16:54:15.749+0000] {logging_mixin.py:137} INFO - [2023-03-18T16:54:15.749+0000] {dag.py:3437} INFO - Setting next_dagrun for stoptimes to 2023-03-18T15:00:00+00:00, run_after=2023-03-18T16:00:00+00:00
[2023-03-18T16:54:15.778+0000] {processor.py:175} INFO - Processing /home/melicharovykrecek/diploma/dags/gtfs_stoptimes.py took 0.323 seconds
[2023-03-18T16:54:45.832+0000] {processor.py:153} INFO - Started process (PID=83230) to work on /home/melicharovykrecek/diploma/dags/gtfs_stoptimes.py
[2023-03-18T16:54:45.833+0000] {processor.py:743} INFO - Processing file /home/melicharovykrecek/diploma/dags/gtfs_stoptimes.py for tasks to queue
[2023-03-18T16:54:45.834+0000] {logging_mixin.py:137} INFO - [2023-03-18T16:54:45.834+0000] {dagbag.py:538} INFO - Filling up the DagBag from /home/melicharovykrecek/diploma/dags/gtfs_stoptimes.py
[2023-03-18T16:54:45.900+0000] {processor.py:753} INFO - DAG(s) dict_keys(['stoptimes']) retrieved from /home/melicharovykrecek/diploma/dags/gtfs_stoptimes.py
[2023-03-18T16:54:46.017+0000] {logging_mixin.py:137} INFO - [2023-03-18T16:54:46.016+0000] {dag.py:2690} INFO - Sync 1 DAGs
[2023-03-18T16:54:46.058+0000] {logging_mixin.py:137} INFO - [2023-03-18T16:54:46.057+0000] {dag.py:3437} INFO - Setting next_dagrun for stoptimes to 2023-03-18T15:00:00+00:00, run_after=2023-03-18T16:00:00+00:00
[2023-03-18T16:54:46.094+0000] {processor.py:175} INFO - Processing /home/melicharovykrecek/diploma/dags/gtfs_stoptimes.py took 0.271 seconds
[2023-03-18T16:55:16.347+0000] {processor.py:153} INFO - Started process (PID=83398) to work on /home/melicharovykrecek/diploma/dags/gtfs_stoptimes.py
[2023-03-18T16:55:16.351+0000] {processor.py:743} INFO - Processing file /home/melicharovykrecek/diploma/dags/gtfs_stoptimes.py for tasks to queue
[2023-03-18T16:55:16.352+0000] {logging_mixin.py:137} INFO - [2023-03-18T16:55:16.352+0000] {dagbag.py:538} INFO - Filling up the DagBag from /home/melicharovykrecek/diploma/dags/gtfs_stoptimes.py
[2023-03-18T16:55:16.424+0000] {processor.py:753} INFO - DAG(s) dict_keys(['stoptimes']) retrieved from /home/melicharovykrecek/diploma/dags/gtfs_stoptimes.py
[2023-03-18T16:55:16.531+0000] {logging_mixin.py:137} INFO - [2023-03-18T16:55:16.531+0000] {dag.py:2690} INFO - Sync 1 DAGs
[2023-03-18T16:55:16.574+0000] {logging_mixin.py:137} INFO - [2023-03-18T16:55:16.573+0000] {dag.py:3437} INFO - Setting next_dagrun for stoptimes to 2023-03-18T15:00:00+00:00, run_after=2023-03-18T16:00:00+00:00
[2023-03-18T16:55:16.615+0000] {processor.py:175} INFO - Processing /home/melicharovykrecek/diploma/dags/gtfs_stoptimes.py took 0.275 seconds
[2023-03-18T16:55:46.872+0000] {processor.py:153} INFO - Started process (PID=83448) to work on /home/melicharovykrecek/diploma/dags/gtfs_stoptimes.py
[2023-03-18T16:55:46.873+0000] {processor.py:743} INFO - Processing file /home/melicharovykrecek/diploma/dags/gtfs_stoptimes.py for tasks to queue
[2023-03-18T16:55:46.875+0000] {logging_mixin.py:137} INFO - [2023-03-18T16:55:46.874+0000] {dagbag.py:538} INFO - Filling up the DagBag from /home/melicharovykrecek/diploma/dags/gtfs_stoptimes.py
[2023-03-18T16:55:46.955+0000] {processor.py:753} INFO - DAG(s) dict_keys(['stoptimes']) retrieved from /home/melicharovykrecek/diploma/dags/gtfs_stoptimes.py
[2023-03-18T16:55:47.095+0000] {logging_mixin.py:137} INFO - [2023-03-18T16:55:47.094+0000] {dag.py:2690} INFO - Sync 1 DAGs
[2023-03-18T16:55:47.145+0000] {logging_mixin.py:137} INFO - [2023-03-18T16:55:47.145+0000] {dag.py:3437} INFO - Setting next_dagrun for stoptimes to 2023-03-18T15:00:00+00:00, run_after=2023-03-18T16:00:00+00:00
[2023-03-18T16:55:47.183+0000] {processor.py:175} INFO - Processing /home/melicharovykrecek/diploma/dags/gtfs_stoptimes.py took 0.317 seconds
[2023-03-18T16:56:17.404+0000] {processor.py:153} INFO - Started process (PID=83497) to work on /home/melicharovykrecek/diploma/dags/gtfs_stoptimes.py
[2023-03-18T16:56:17.412+0000] {processor.py:743} INFO - Processing file /home/melicharovykrecek/diploma/dags/gtfs_stoptimes.py for tasks to queue
[2023-03-18T16:56:17.414+0000] {logging_mixin.py:137} INFO - [2023-03-18T16:56:17.413+0000] {dagbag.py:538} INFO - Filling up the DagBag from /home/melicharovykrecek/diploma/dags/gtfs_stoptimes.py
[2023-03-18T16:56:17.484+0000] {processor.py:753} INFO - DAG(s) dict_keys(['stoptimes']) retrieved from /home/melicharovykrecek/diploma/dags/gtfs_stoptimes.py
[2023-03-18T16:56:17.602+0000] {logging_mixin.py:137} INFO - [2023-03-18T16:56:17.601+0000] {dag.py:2690} INFO - Sync 1 DAGs
[2023-03-18T16:56:17.649+0000] {logging_mixin.py:137} INFO - [2023-03-18T16:56:17.649+0000] {dag.py:3437} INFO - Setting next_dagrun for stoptimes to 2023-03-18T15:00:00+00:00, run_after=2023-03-18T16:00:00+00:00
[2023-03-18T16:56:17.687+0000] {processor.py:175} INFO - Processing /home/melicharovykrecek/diploma/dags/gtfs_stoptimes.py took 0.306 seconds
[2023-03-18T16:56:47.849+0000] {processor.py:153} INFO - Started process (PID=83547) to work on /home/melicharovykrecek/diploma/dags/gtfs_stoptimes.py
[2023-03-18T16:56:47.852+0000] {processor.py:743} INFO - Processing file /home/melicharovykrecek/diploma/dags/gtfs_stoptimes.py for tasks to queue
[2023-03-18T16:56:47.853+0000] {logging_mixin.py:137} INFO - [2023-03-18T16:56:47.852+0000] {dagbag.py:538} INFO - Filling up the DagBag from /home/melicharovykrecek/diploma/dags/gtfs_stoptimes.py
[2023-03-18T16:56:47.927+0000] {processor.py:753} INFO - DAG(s) dict_keys(['stoptimes']) retrieved from /home/melicharovykrecek/diploma/dags/gtfs_stoptimes.py
[2023-03-18T16:56:48.034+0000] {logging_mixin.py:137} INFO - [2023-03-18T16:56:48.033+0000] {dag.py:2690} INFO - Sync 1 DAGs
[2023-03-18T16:56:48.072+0000] {logging_mixin.py:137} INFO - [2023-03-18T16:56:48.071+0000] {dag.py:3437} INFO - Setting next_dagrun for stoptimes to 2023-03-18T15:00:00+00:00, run_after=2023-03-18T16:00:00+00:00
[2023-03-18T16:56:48.105+0000] {processor.py:175} INFO - Processing /home/melicharovykrecek/diploma/dags/gtfs_stoptimes.py took 0.262 seconds
[2023-03-18T16:57:18.175+0000] {processor.py:153} INFO - Started process (PID=83603) to work on /home/melicharovykrecek/diploma/dags/gtfs_stoptimes.py
[2023-03-18T16:57:18.176+0000] {processor.py:743} INFO - Processing file /home/melicharovykrecek/diploma/dags/gtfs_stoptimes.py for tasks to queue
[2023-03-18T16:57:18.178+0000] {logging_mixin.py:137} INFO - [2023-03-18T16:57:18.177+0000] {dagbag.py:538} INFO - Filling up the DagBag from /home/melicharovykrecek/diploma/dags/gtfs_stoptimes.py
[2023-03-18T16:57:18.244+0000] {processor.py:753} INFO - DAG(s) dict_keys(['stoptimes']) retrieved from /home/melicharovykrecek/diploma/dags/gtfs_stoptimes.py
[2023-03-18T16:57:18.351+0000] {logging_mixin.py:137} INFO - [2023-03-18T16:57:18.351+0000] {dag.py:2690} INFO - Sync 1 DAGs
[2023-03-18T16:57:18.392+0000] {logging_mixin.py:137} INFO - [2023-03-18T16:57:18.392+0000] {dag.py:3437} INFO - Setting next_dagrun for stoptimes to 2023-03-18T15:00:00+00:00, run_after=2023-03-18T16:00:00+00:00
[2023-03-18T16:57:18.425+0000] {processor.py:175} INFO - Processing /home/melicharovykrecek/diploma/dags/gtfs_stoptimes.py took 0.257 seconds
[2023-03-18T16:57:48.508+0000] {processor.py:153} INFO - Started process (PID=83657) to work on /home/melicharovykrecek/diploma/dags/gtfs_stoptimes.py
[2023-03-18T16:57:48.511+0000] {processor.py:743} INFO - Processing file /home/melicharovykrecek/diploma/dags/gtfs_stoptimes.py for tasks to queue
[2023-03-18T16:57:48.512+0000] {logging_mixin.py:137} INFO - [2023-03-18T16:57:48.512+0000] {dagbag.py:538} INFO - Filling up the DagBag from /home/melicharovykrecek/diploma/dags/gtfs_stoptimes.py
[2023-03-18T16:57:48.624+0000] {processor.py:753} INFO - DAG(s) dict_keys(['stoptimes']) retrieved from /home/melicharovykrecek/diploma/dags/gtfs_stoptimes.py
[2023-03-18T16:57:48.737+0000] {logging_mixin.py:137} INFO - [2023-03-18T16:57:48.737+0000] {dag.py:2690} INFO - Sync 1 DAGs
[2023-03-18T16:57:48.776+0000] {logging_mixin.py:137} INFO - [2023-03-18T16:57:48.775+0000] {dag.py:3437} INFO - Setting next_dagrun for stoptimes to 2023-03-18T15:00:00+00:00, run_after=2023-03-18T16:00:00+00:00
[2023-03-18T16:57:48.806+0000] {processor.py:175} INFO - Processing /home/melicharovykrecek/diploma/dags/gtfs_stoptimes.py took 0.304 seconds
[2023-03-18T16:58:18.936+0000] {processor.py:153} INFO - Started process (PID=83707) to work on /home/melicharovykrecek/diploma/dags/gtfs_stoptimes.py
[2023-03-18T16:58:18.938+0000] {processor.py:743} INFO - Processing file /home/melicharovykrecek/diploma/dags/gtfs_stoptimes.py for tasks to queue
[2023-03-18T16:58:18.940+0000] {logging_mixin.py:137} INFO - [2023-03-18T16:58:18.939+0000] {dagbag.py:538} INFO - Filling up the DagBag from /home/melicharovykrecek/diploma/dags/gtfs_stoptimes.py
[2023-03-18T16:58:19.010+0000] {processor.py:753} INFO - DAG(s) dict_keys(['stoptimes']) retrieved from /home/melicharovykrecek/diploma/dags/gtfs_stoptimes.py
[2023-03-18T16:58:19.126+0000] {logging_mixin.py:137} INFO - [2023-03-18T16:58:19.126+0000] {dag.py:2690} INFO - Sync 1 DAGs
[2023-03-18T16:58:19.178+0000] {logging_mixin.py:137} INFO - [2023-03-18T16:58:19.177+0000] {dag.py:3437} INFO - Setting next_dagrun for stoptimes to 2023-03-18T15:00:00+00:00, run_after=2023-03-18T16:00:00+00:00
[2023-03-18T16:58:19.214+0000] {processor.py:175} INFO - Processing /home/melicharovykrecek/diploma/dags/gtfs_stoptimes.py took 0.285 seconds
[2023-03-18T16:58:49.308+0000] {processor.py:153} INFO - Started process (PID=83756) to work on /home/melicharovykrecek/diploma/dags/gtfs_stoptimes.py
[2023-03-18T16:58:49.311+0000] {processor.py:743} INFO - Processing file /home/melicharovykrecek/diploma/dags/gtfs_stoptimes.py for tasks to queue
[2023-03-18T16:58:49.312+0000] {logging_mixin.py:137} INFO - [2023-03-18T16:58:49.312+0000] {dagbag.py:538} INFO - Filling up the DagBag from /home/melicharovykrecek/diploma/dags/gtfs_stoptimes.py
[2023-03-18T16:58:49.384+0000] {processor.py:753} INFO - DAG(s) dict_keys(['stoptimes']) retrieved from /home/melicharovykrecek/diploma/dags/gtfs_stoptimes.py
[2023-03-18T16:58:49.493+0000] {logging_mixin.py:137} INFO - [2023-03-18T16:58:49.493+0000] {dag.py:2690} INFO - Sync 1 DAGs
[2023-03-18T16:58:49.535+0000] {logging_mixin.py:137} INFO - [2023-03-18T16:58:49.535+0000] {dag.py:3437} INFO - Setting next_dagrun for stoptimes to 2023-03-18T15:00:00+00:00, run_after=2023-03-18T16:00:00+00:00
[2023-03-18T16:58:49.572+0000] {processor.py:175} INFO - Processing /home/melicharovykrecek/diploma/dags/gtfs_stoptimes.py took 0.271 seconds
[2023-03-18T16:59:19.844+0000] {processor.py:153} INFO - Started process (PID=83831) to work on /home/melicharovykrecek/diploma/dags/gtfs_stoptimes.py
[2023-03-18T16:59:19.848+0000] {processor.py:743} INFO - Processing file /home/melicharovykrecek/diploma/dags/gtfs_stoptimes.py for tasks to queue
[2023-03-18T16:59:19.850+0000] {logging_mixin.py:137} INFO - [2023-03-18T16:59:19.849+0000] {dagbag.py:538} INFO - Filling up the DagBag from /home/melicharovykrecek/diploma/dags/gtfs_stoptimes.py
[2023-03-18T16:59:19.927+0000] {processor.py:753} INFO - DAG(s) dict_keys(['stoptimes']) retrieved from /home/melicharovykrecek/diploma/dags/gtfs_stoptimes.py
[2023-03-18T16:59:20.071+0000] {logging_mixin.py:137} INFO - [2023-03-18T16:59:20.070+0000] {dag.py:2690} INFO - Sync 1 DAGs
[2023-03-18T16:59:20.113+0000] {logging_mixin.py:137} INFO - [2023-03-18T16:59:20.113+0000] {dag.py:3437} INFO - Setting next_dagrun for stoptimes to 2023-03-18T15:00:00+00:00, run_after=2023-03-18T16:00:00+00:00
[2023-03-18T16:59:20.148+0000] {processor.py:175} INFO - Processing /home/melicharovykrecek/diploma/dags/gtfs_stoptimes.py took 0.311 seconds
[2023-03-18T16:59:50.323+0000] {processor.py:153} INFO - Started process (PID=83880) to work on /home/melicharovykrecek/diploma/dags/gtfs_stoptimes.py
[2023-03-18T16:59:50.324+0000] {processor.py:743} INFO - Processing file /home/melicharovykrecek/diploma/dags/gtfs_stoptimes.py for tasks to queue
[2023-03-18T16:59:50.325+0000] {logging_mixin.py:137} INFO - [2023-03-18T16:59:50.325+0000] {dagbag.py:538} INFO - Filling up the DagBag from /home/melicharovykrecek/diploma/dags/gtfs_stoptimes.py
[2023-03-18T16:59:50.396+0000] {processor.py:753} INFO - DAG(s) dict_keys(['stoptimes']) retrieved from /home/melicharovykrecek/diploma/dags/gtfs_stoptimes.py
[2023-03-18T16:59:50.510+0000] {logging_mixin.py:137} INFO - [2023-03-18T16:59:50.509+0000] {dag.py:2690} INFO - Sync 1 DAGs
[2023-03-18T16:59:50.563+0000] {logging_mixin.py:137} INFO - [2023-03-18T16:59:50.563+0000] {dag.py:3437} INFO - Setting next_dagrun for stoptimes to 2023-03-18T15:00:00+00:00, run_after=2023-03-18T16:00:00+00:00
[2023-03-18T16:59:50.599+0000] {processor.py:175} INFO - Processing /home/melicharovykrecek/diploma/dags/gtfs_stoptimes.py took 0.283 seconds
[2023-03-18T17:00:20.760+0000] {processor.py:153} INFO - Started process (PID=84186) to work on /home/melicharovykrecek/diploma/dags/gtfs_stoptimes.py
[2023-03-18T17:00:20.762+0000] {processor.py:743} INFO - Processing file /home/melicharovykrecek/diploma/dags/gtfs_stoptimes.py for tasks to queue
[2023-03-18T17:00:20.763+0000] {logging_mixin.py:137} INFO - [2023-03-18T17:00:20.763+0000] {dagbag.py:538} INFO - Filling up the DagBag from /home/melicharovykrecek/diploma/dags/gtfs_stoptimes.py
[2023-03-18T17:00:20.836+0000] {processor.py:753} INFO - DAG(s) dict_keys(['stoptimes']) retrieved from /home/melicharovykrecek/diploma/dags/gtfs_stoptimes.py
[2023-03-18T17:00:20.952+0000] {logging_mixin.py:137} INFO - [2023-03-18T17:00:20.952+0000] {dag.py:2690} INFO - Sync 1 DAGs
[2023-03-18T17:00:21.006+0000] {logging_mixin.py:137} INFO - [2023-03-18T17:00:21.005+0000] {dag.py:3437} INFO - Setting next_dagrun for stoptimes to 2023-03-18T16:00:00+00:00, run_after=2023-03-18T17:00:00+00:00
[2023-03-18T17:00:21.042+0000] {processor.py:175} INFO - Processing /home/melicharovykrecek/diploma/dags/gtfs_stoptimes.py took 0.291 seconds
[2023-03-18T17:00:51.209+0000] {processor.py:153} INFO - Started process (PID=84343) to work on /home/melicharovykrecek/diploma/dags/gtfs_stoptimes.py
[2023-03-18T17:00:51.211+0000] {processor.py:743} INFO - Processing file /home/melicharovykrecek/diploma/dags/gtfs_stoptimes.py for tasks to queue
[2023-03-18T17:00:51.212+0000] {logging_mixin.py:137} INFO - [2023-03-18T17:00:51.212+0000] {dagbag.py:538} INFO - Filling up the DagBag from /home/melicharovykrecek/diploma/dags/gtfs_stoptimes.py
[2023-03-18T17:00:51.284+0000] {processor.py:753} INFO - DAG(s) dict_keys(['stoptimes']) retrieved from /home/melicharovykrecek/diploma/dags/gtfs_stoptimes.py
[2023-03-18T17:00:51.402+0000] {logging_mixin.py:137} INFO - [2023-03-18T17:00:51.401+0000] {dag.py:2690} INFO - Sync 1 DAGs
[2023-03-18T17:00:51.441+0000] {logging_mixin.py:137} INFO - [2023-03-18T17:00:51.440+0000] {dag.py:3437} INFO - Setting next_dagrun for stoptimes to 2023-03-18T16:00:00+00:00, run_after=2023-03-18T17:00:00+00:00
[2023-03-18T17:00:51.493+0000] {processor.py:175} INFO - Processing /home/melicharovykrecek/diploma/dags/gtfs_stoptimes.py took 0.290 seconds
[2023-03-18T17:01:21.864+0000] {processor.py:153} INFO - Started process (PID=84393) to work on /home/melicharovykrecek/diploma/dags/gtfs_stoptimes.py
[2023-03-18T17:01:21.868+0000] {processor.py:743} INFO - Processing file /home/melicharovykrecek/diploma/dags/gtfs_stoptimes.py for tasks to queue
[2023-03-18T17:01:21.870+0000] {logging_mixin.py:137} INFO - [2023-03-18T17:01:21.869+0000] {dagbag.py:538} INFO - Filling up the DagBag from /home/melicharovykrecek/diploma/dags/gtfs_stoptimes.py
[2023-03-18T17:01:21.941+0000] {processor.py:753} INFO - DAG(s) dict_keys(['stoptimes']) retrieved from /home/melicharovykrecek/diploma/dags/gtfs_stoptimes.py
[2023-03-18T17:01:22.050+0000] {logging_mixin.py:137} INFO - [2023-03-18T17:01:22.050+0000] {dag.py:2690} INFO - Sync 1 DAGs
[2023-03-18T17:01:22.119+0000] {logging_mixin.py:137} INFO - [2023-03-18T17:01:22.118+0000] {dag.py:3437} INFO - Setting next_dagrun for stoptimes to 2023-03-18T16:00:00+00:00, run_after=2023-03-18T17:00:00+00:00
[2023-03-18T17:01:22.153+0000] {processor.py:175} INFO - Processing /home/melicharovykrecek/diploma/dags/gtfs_stoptimes.py took 0.296 seconds
[2023-03-18T17:01:52.264+0000] {processor.py:153} INFO - Started process (PID=84443) to work on /home/melicharovykrecek/diploma/dags/gtfs_stoptimes.py
[2023-03-18T17:01:52.267+0000] {processor.py:743} INFO - Processing file /home/melicharovykrecek/diploma/dags/gtfs_stoptimes.py for tasks to queue
[2023-03-18T17:01:52.268+0000] {logging_mixin.py:137} INFO - [2023-03-18T17:01:52.268+0000] {dagbag.py:538} INFO - Filling up the DagBag from /home/melicharovykrecek/diploma/dags/gtfs_stoptimes.py
[2023-03-18T17:01:52.338+0000] {processor.py:753} INFO - DAG(s) dict_keys(['stoptimes']) retrieved from /home/melicharovykrecek/diploma/dags/gtfs_stoptimes.py
[2023-03-18T17:01:52.445+0000] {logging_mixin.py:137} INFO - [2023-03-18T17:01:52.444+0000] {dag.py:2690} INFO - Sync 1 DAGs
[2023-03-18T17:01:52.491+0000] {logging_mixin.py:137} INFO - [2023-03-18T17:01:52.490+0000] {dag.py:3437} INFO - Setting next_dagrun for stoptimes to 2023-03-18T16:00:00+00:00, run_after=2023-03-18T17:00:00+00:00
[2023-03-18T17:01:52.525+0000] {processor.py:175} INFO - Processing /home/melicharovykrecek/diploma/dags/gtfs_stoptimes.py took 0.266 seconds
[2023-03-18T17:02:22.660+0000] {processor.py:153} INFO - Started process (PID=84503) to work on /home/melicharovykrecek/diploma/dags/gtfs_stoptimes.py
[2023-03-18T17:02:22.662+0000] {processor.py:743} INFO - Processing file /home/melicharovykrecek/diploma/dags/gtfs_stoptimes.py for tasks to queue
[2023-03-18T17:02:22.663+0000] {logging_mixin.py:137} INFO - [2023-03-18T17:02:22.663+0000] {dagbag.py:538} INFO - Filling up the DagBag from /home/melicharovykrecek/diploma/dags/gtfs_stoptimes.py
[2023-03-18T17:02:22.731+0000] {processor.py:753} INFO - DAG(s) dict_keys(['stoptimes']) retrieved from /home/melicharovykrecek/diploma/dags/gtfs_stoptimes.py
[2023-03-18T17:02:22.844+0000] {logging_mixin.py:137} INFO - [2023-03-18T17:02:22.844+0000] {dag.py:2690} INFO - Sync 1 DAGs
[2023-03-18T17:02:22.885+0000] {logging_mixin.py:137} INFO - [2023-03-18T17:02:22.884+0000] {dag.py:3437} INFO - Setting next_dagrun for stoptimes to 2023-03-18T16:00:00+00:00, run_after=2023-03-18T17:00:00+00:00
[2023-03-18T17:02:22.918+0000] {processor.py:175} INFO - Processing /home/melicharovykrecek/diploma/dags/gtfs_stoptimes.py took 0.266 seconds
[2023-03-18T17:02:24.999+0000] {processor.py:153} INFO - Started process (PID=84518) to work on /home/melicharovykrecek/diploma/dags/gtfs_stoptimes.py
[2023-03-18T17:02:25.000+0000] {processor.py:743} INFO - Processing file /home/melicharovykrecek/diploma/dags/gtfs_stoptimes.py for tasks to queue
[2023-03-18T17:02:25.001+0000] {logging_mixin.py:137} INFO - [2023-03-18T17:02:25.000+0000] {dagbag.py:538} INFO - Filling up the DagBag from /home/melicharovykrecek/diploma/dags/gtfs_stoptimes.py
[2023-03-18T17:02:25.047+0000] {processor.py:753} INFO - DAG(s) dict_keys(['gtfs_stoptimes']) retrieved from /home/melicharovykrecek/diploma/dags/gtfs_stoptimes.py
[2023-03-18T17:02:25.201+0000] {logging_mixin.py:137} INFO - [2023-03-18T17:02:25.201+0000] {manager.py:504} INFO - Created Permission View: can read on DAG:gtfs_stoptimes
[2023-03-18T17:02:25.218+0000] {logging_mixin.py:137} INFO - [2023-03-18T17:02:25.217+0000] {manager.py:504} INFO - Created Permission View: can delete on DAG:gtfs_stoptimes
[2023-03-18T17:02:25.230+0000] {logging_mixin.py:137} INFO - [2023-03-18T17:02:25.229+0000] {manager.py:504} INFO - Created Permission View: can edit on DAG:gtfs_stoptimes
[2023-03-18T17:02:25.230+0000] {logging_mixin.py:137} INFO - [2023-03-18T17:02:25.230+0000] {dag.py:2690} INFO - Sync 1 DAGs
[2023-03-18T17:02:25.244+0000] {logging_mixin.py:137} INFO - [2023-03-18T17:02:25.243+0000] {dag.py:2711} INFO - Creating ORM DAG for gtfs_stoptimes
[2023-03-18T17:02:25.260+0000] {logging_mixin.py:137} INFO - [2023-03-18T17:02:25.260+0000] {dag.py:3437} INFO - Setting next_dagrun for gtfs_stoptimes to 2023-03-18T16:00:00+00:00, run_after=2023-03-18T17:00:00+00:00
[2023-03-18T17:02:25.436+0000] {processor.py:175} INFO - Processing /home/melicharovykrecek/diploma/dags/gtfs_stoptimes.py took 0.445 seconds
[2023-03-18T17:02:55.712+0000] {processor.py:153} INFO - Started process (PID=84572) to work on /home/melicharovykrecek/diploma/dags/gtfs_stoptimes.py
[2023-03-18T17:02:55.715+0000] {processor.py:743} INFO - Processing file /home/melicharovykrecek/diploma/dags/gtfs_stoptimes.py for tasks to queue
[2023-03-18T17:02:55.716+0000] {logging_mixin.py:137} INFO - [2023-03-18T17:02:55.716+0000] {dagbag.py:538} INFO - Filling up the DagBag from /home/melicharovykrecek/diploma/dags/gtfs_stoptimes.py
[2023-03-18T17:02:55.763+0000] {processor.py:753} INFO - DAG(s) dict_keys(['gtfs_stoptimes']) retrieved from /home/melicharovykrecek/diploma/dags/gtfs_stoptimes.py
[2023-03-18T17:02:55.838+0000] {logging_mixin.py:137} INFO - [2023-03-18T17:02:55.837+0000] {dag.py:2690} INFO - Sync 1 DAGs
[2023-03-18T17:02:55.867+0000] {logging_mixin.py:137} INFO - [2023-03-18T17:02:55.866+0000] {dag.py:3437} INFO - Setting next_dagrun for gtfs_stoptimes to 2023-03-18T16:00:00+00:00, run_after=2023-03-18T17:00:00+00:00
[2023-03-18T17:02:55.892+0000] {processor.py:175} INFO - Processing /home/melicharovykrecek/diploma/dags/gtfs_stoptimes.py took 0.184 seconds
[2023-03-18T17:03:26.448+0000] {processor.py:153} INFO - Started process (PID=84991) to work on /home/melicharovykrecek/diploma/dags/gtfs_stoptimes.py
[2023-03-18T17:03:26.452+0000] {processor.py:743} INFO - Processing file /home/melicharovykrecek/diploma/dags/gtfs_stoptimes.py for tasks to queue
[2023-03-18T17:03:26.453+0000] {logging_mixin.py:137} INFO - [2023-03-18T17:03:26.452+0000] {dagbag.py:538} INFO - Filling up the DagBag from /home/melicharovykrecek/diploma/dags/gtfs_stoptimes.py
[2023-03-18T17:03:26.500+0000] {processor.py:753} INFO - DAG(s) dict_keys(['gtfs_stoptimes']) retrieved from /home/melicharovykrecek/diploma/dags/gtfs_stoptimes.py
[2023-03-18T17:03:26.576+0000] {logging_mixin.py:137} INFO - [2023-03-18T17:03:26.575+0000] {dag.py:2690} INFO - Sync 1 DAGs
[2023-03-18T17:03:26.604+0000] {logging_mixin.py:137} INFO - [2023-03-18T17:03:26.604+0000] {dag.py:3437} INFO - Setting next_dagrun for gtfs_stoptimes to 2023-03-18T17:00:00+00:00, run_after=2023-03-18T18:00:00+00:00
[2023-03-18T17:03:26.630+0000] {processor.py:175} INFO - Processing /home/melicharovykrecek/diploma/dags/gtfs_stoptimes.py took 0.188 seconds
