[2023-03-17T17:46:49.141+0000] {taskinstance.py:1083} INFO - Dependencies all met for <TaskInstance: get_file_from_endpoint.download_file manual__2023-03-17T17:46:46.572573+00:00 [queued]>
[2023-03-17T17:46:49.154+0000] {taskinstance.py:1083} INFO - Dependencies all met for <TaskInstance: get_file_from_endpoint.download_file manual__2023-03-17T17:46:46.572573+00:00 [queued]>
[2023-03-17T17:46:49.155+0000] {taskinstance.py:1279} INFO - 
--------------------------------------------------------------------------------
[2023-03-17T17:46:49.155+0000] {taskinstance.py:1280} INFO - Starting attempt 1 of 1
[2023-03-17T17:46:49.155+0000] {taskinstance.py:1281} INFO - 
--------------------------------------------------------------------------------
[2023-03-17T17:46:49.171+0000] {taskinstance.py:1300} INFO - Executing <Task(PythonOperator): download_file> on 2023-03-17 17:46:46.572573+00:00
[2023-03-17T17:46:49.175+0000] {standard_task_runner.py:55} INFO - Started process 2359 to run task
[2023-03-17T17:46:49.182+0000] {standard_task_runner.py:82} INFO - Running: ['***', 'tasks', 'run', 'get_file_from_endpoint', 'download_file', 'manual__2023-03-17T17:46:46.572573+00:00', '--job-id', '217', '--raw', '--subdir', 'DAGS_FOLDER/api.py', '--cfg-path', '/tmp/tmptq6jg8pj']
[2023-03-17T17:46:49.184+0000] {standard_task_runner.py:83} INFO - Job 217: Subtask download_file
[2023-03-17T17:46:49.283+0000] {task_command.py:388} INFO - Running <TaskInstance: get_file_from_endpoint.download_file manual__2023-03-17T17:46:46.572573+00:00 [running]> on host diploma-vm.europe-west1-b.c.diploma-380314.internal
[2023-03-17T17:46:49.370+0000] {taskinstance.py:1507} INFO - Exporting the following env vars:
AIRFLOW_CTX_DAG_OWNER=***
AIRFLOW_CTX_DAG_ID=get_file_from_endpoint
AIRFLOW_CTX_TASK_ID=download_file
AIRFLOW_CTX_EXECUTION_DATE=2023-03-17T17:46:46.572573+00:00
AIRFLOW_CTX_TRY_NUMBER=1
AIRFLOW_CTX_DAG_RUN_ID=manual__2023-03-17T17:46:46.572573+00:00
[2023-03-17T17:46:49.371+0000] {logging_mixin.py:137} INFO - /home/melicharovykrecek/diploma/dags/api.py
[2023-03-17T17:46:49.503+0000] {python.py:177} INFO - Done. Returned value was: None
[2023-03-17T17:46:49.517+0000] {taskinstance.py:1318} INFO - Marking task as SUCCESS. dag_id=get_file_from_endpoint, task_id=download_file, execution_date=20230317T174646, start_date=20230317T174649, end_date=20230317T174649
[2023-03-17T17:46:49.558+0000] {local_task_job.py:208} INFO - Task exited with return code 0
[2023-03-17T17:46:49.586+0000] {taskinstance.py:2578} INFO - 1 downstream tasks scheduled from follow-on schedule check
