[2023-03-12T07:30:18.118+0000] {taskinstance.py:1083} INFO - Dependencies all met for <TaskInstance: first_dag.print_date scheduled__2023-03-11T00:00:00+00:00 [queued]>
[2023-03-12T07:30:18.126+0000] {taskinstance.py:1083} INFO - Dependencies all met for <TaskInstance: first_dag.print_date scheduled__2023-03-11T00:00:00+00:00 [queued]>
[2023-03-12T07:30:18.126+0000] {taskinstance.py:1279} INFO - 
--------------------------------------------------------------------------------
[2023-03-12T07:30:18.126+0000] {taskinstance.py:1280} INFO - Starting attempt 1 of 2
[2023-03-12T07:30:18.126+0000] {taskinstance.py:1281} INFO - 
--------------------------------------------------------------------------------
[2023-03-12T07:30:18.145+0000] {taskinstance.py:1300} INFO - Executing <Task(BashOperator): print_date> on 2023-03-11 00:00:00+00:00
[2023-03-12T07:30:18.148+0000] {standard_task_runner.py:55} INFO - Started process 1458 to run task
[2023-03-12T07:30:18.154+0000] {standard_task_runner.py:82} INFO - Running: ['airflow', 'tasks', 'run', 'first_dag', 'print_date', 'scheduled__2023-03-11T00:00:00+00:00', '--job-id', '6', '--raw', '--subdir', 'DAGS_FOLDER/first_dag.py', '--cfg-path', '/tmp/tmp405_xym1']
[2023-03-12T07:30:18.155+0000] {standard_task_runner.py:83} INFO - Job 6: Subtask print_date
[2023-03-12T07:30:18.225+0000] {task_command.py:388} INFO - Running <TaskInstance: first_dag.print_date scheduled__2023-03-11T00:00:00+00:00 [running]> on host diploma-vm.europe-west1-b.c.diploma-380314.internal
[2023-03-12T07:30:18.289+0000] {taskinstance.py:1507} INFO - Exporting the following env vars:
AIRFLOW_CTX_DAG_OWNER=hamster
AIRFLOW_CTX_DAG_ID=first_dag
AIRFLOW_CTX_TASK_ID=print_date
AIRFLOW_CTX_EXECUTION_DATE=2023-03-11T00:00:00+00:00
AIRFLOW_CTX_TRY_NUMBER=1
AIRFLOW_CTX_DAG_RUN_ID=scheduled__2023-03-11T00:00:00+00:00
[2023-03-12T07:30:18.291+0000] {subprocess.py:63} INFO - Tmp dir root location: 
 /tmp
[2023-03-12T07:30:18.292+0000] {subprocess.py:75} INFO - Running command: ['/usr/bin/bash', '-c', 'echo hamster success']
[2023-03-12T07:30:18.300+0000] {subprocess.py:86} INFO - Output:
[2023-03-12T07:30:18.302+0000] {subprocess.py:93} INFO - hamster success
[2023-03-12T07:30:18.302+0000] {subprocess.py:97} INFO - Command exited with return code 0
[2023-03-12T07:30:18.330+0000] {taskinstance.py:1318} INFO - Marking task as SUCCESS. dag_id=first_dag, task_id=print_date, execution_date=20230311T000000, start_date=20230312T073018, end_date=20230312T073018
[2023-03-12T07:30:18.366+0000] {local_task_job.py:208} INFO - Task exited with return code 0
[2023-03-12T07:30:18.381+0000] {taskinstance.py:2578} INFO - 0 downstream tasks scheduled from follow-on schedule check
[2023-03-12T11:57:53.560+0000] {taskinstance.py:1083} INFO - Dependencies all met for <TaskInstance: first_dag.print_date scheduled__2023-03-11T00:00:00+00:00 [queued]>
[2023-03-12T11:57:53.576+0000] {taskinstance.py:1083} INFO - Dependencies all met for <TaskInstance: first_dag.print_date scheduled__2023-03-11T00:00:00+00:00 [queued]>
[2023-03-12T11:57:53.576+0000] {taskinstance.py:1279} INFO - 
--------------------------------------------------------------------------------
[2023-03-12T11:57:53.576+0000] {taskinstance.py:1280} INFO - Starting attempt 1 of 2
[2023-03-12T11:57:53.576+0000] {taskinstance.py:1281} INFO - 
--------------------------------------------------------------------------------
[2023-03-12T11:57:53.597+0000] {taskinstance.py:1300} INFO - Executing <Task(BashOperator): print_date> on 2023-03-11 00:00:00+00:00
[2023-03-12T11:57:53.603+0000] {standard_task_runner.py:55} INFO - Started process 10523 to run task
[2023-03-12T11:57:53.609+0000] {standard_task_runner.py:82} INFO - Running: ['***', 'tasks', 'run', 'first_dag', 'print_date', 'scheduled__2023-03-11T00:00:00+00:00', '--job-id', '4', '--raw', '--subdir', 'DAGS_FOLDER/first_dag.py', '--cfg-path', '/tmp/tmp0pycnr4b']
[2023-03-12T11:57:53.613+0000] {standard_task_runner.py:83} INFO - Job 4: Subtask print_date
[2023-03-12T11:57:53.718+0000] {task_command.py:388} INFO - Running <TaskInstance: first_dag.print_date scheduled__2023-03-11T00:00:00+00:00 [running]> on host diploma-vm.europe-west1-b.c.diploma-380314.internal
[2023-03-12T11:57:53.813+0000] {taskinstance.py:1507} INFO - Exporting the following env vars:
AIRFLOW_CTX_DAG_OWNER=hamster
AIRFLOW_CTX_DAG_ID=first_dag
AIRFLOW_CTX_TASK_ID=print_date
AIRFLOW_CTX_EXECUTION_DATE=2023-03-11T00:00:00+00:00
AIRFLOW_CTX_TRY_NUMBER=1
AIRFLOW_CTX_DAG_RUN_ID=scheduled__2023-03-11T00:00:00+00:00
[2023-03-12T11:57:53.815+0000] {subprocess.py:63} INFO - Tmp dir root location: 
 /tmp
[2023-03-12T11:57:53.816+0000] {subprocess.py:75} INFO - Running command: ['/usr/bin/bash', '-c', 'echo hamster success']
[2023-03-12T11:57:53.829+0000] {subprocess.py:86} INFO - Output:
[2023-03-12T11:57:53.830+0000] {subprocess.py:93} INFO - hamster success
[2023-03-12T11:57:53.830+0000] {subprocess.py:97} INFO - Command exited with return code 0
[2023-03-12T11:57:53.876+0000] {taskinstance.py:1318} INFO - Marking task as SUCCESS. dag_id=first_dag, task_id=print_date, execution_date=20230311T000000, start_date=20230312T115753, end_date=20230312T115753
[2023-03-12T11:57:53.902+0000] {local_task_job.py:208} INFO - Task exited with return code 0
[2023-03-12T11:57:53.930+0000] {taskinstance.py:2578} INFO - 0 downstream tasks scheduled from follow-on schedule check
