[2023-03-12T11:57:53.561+0000] {taskinstance.py:1083} INFO - Dependencies all met for <TaskInstance: first_dag.print_date manual__2023-03-12T11:57:52.412681+00:00 [queued]>
[2023-03-12T11:57:53.574+0000] {taskinstance.py:1083} INFO - Dependencies all met for <TaskInstance: first_dag.print_date manual__2023-03-12T11:57:52.412681+00:00 [queued]>
[2023-03-12T11:57:53.575+0000] {taskinstance.py:1279} INFO - 
--------------------------------------------------------------------------------
[2023-03-12T11:57:53.575+0000] {taskinstance.py:1280} INFO - Starting attempt 1 of 2
[2023-03-12T11:57:53.575+0000] {taskinstance.py:1281} INFO - 
--------------------------------------------------------------------------------
[2023-03-12T11:57:53.593+0000] {taskinstance.py:1300} INFO - Executing <Task(BashOperator): print_date> on 2023-03-12 11:57:52.412681+00:00
[2023-03-12T11:57:53.598+0000] {standard_task_runner.py:55} INFO - Started process 10522 to run task
[2023-03-12T11:57:53.604+0000] {standard_task_runner.py:82} INFO - Running: ['***', 'tasks', 'run', 'first_dag', 'print_date', 'manual__2023-03-12T11:57:52.412681+00:00', '--job-id', '3', '--raw', '--subdir', 'DAGS_FOLDER/first_dag.py', '--cfg-path', '/tmp/tmpjzi_jrda']
[2023-03-12T11:57:53.606+0000] {standard_task_runner.py:83} INFO - Job 3: Subtask print_date
[2023-03-12T11:57:53.716+0000] {task_command.py:388} INFO - Running <TaskInstance: first_dag.print_date manual__2023-03-12T11:57:52.412681+00:00 [running]> on host diploma-vm.europe-west1-b.c.diploma-380314.internal
[2023-03-12T11:57:53.804+0000] {taskinstance.py:1507} INFO - Exporting the following env vars:
AIRFLOW_CTX_DAG_OWNER=hamster
AIRFLOW_CTX_DAG_ID=first_dag
AIRFLOW_CTX_TASK_ID=print_date
AIRFLOW_CTX_EXECUTION_DATE=2023-03-12T11:57:52.412681+00:00
AIRFLOW_CTX_TRY_NUMBER=1
AIRFLOW_CTX_DAG_RUN_ID=manual__2023-03-12T11:57:52.412681+00:00
[2023-03-12T11:57:53.805+0000] {subprocess.py:63} INFO - Tmp dir root location: 
 /tmp
[2023-03-12T11:57:53.806+0000] {subprocess.py:75} INFO - Running command: ['/usr/bin/bash', '-c', 'echo hamster success']
[2023-03-12T11:57:53.818+0000] {subprocess.py:86} INFO - Output:
[2023-03-12T11:57:53.820+0000] {subprocess.py:93} INFO - hamster success
[2023-03-12T11:57:53.820+0000] {subprocess.py:97} INFO - Command exited with return code 0
[2023-03-12T11:57:53.866+0000] {taskinstance.py:1318} INFO - Marking task as SUCCESS. dag_id=first_dag, task_id=print_date, execution_date=20230312T115752, start_date=20230312T115753, end_date=20230312T115753
[2023-03-12T11:57:53.898+0000] {local_task_job.py:208} INFO - Task exited with return code 0
[2023-03-12T11:57:53.928+0000] {taskinstance.py:2578} INFO - 0 downstream tasks scheduled from follow-on schedule check
