[2023-03-18T18:00:03.958+0000] {taskinstance.py:1083} INFO - Dependencies all met for <TaskInstance: gtfs_trips.check_endpoint scheduled__2023-03-18T17:00:00+00:00 [queued]>
[2023-03-18T18:00:04.077+0000] {taskinstance.py:1083} INFO - Dependencies all met for <TaskInstance: gtfs_trips.check_endpoint scheduled__2023-03-18T17:00:00+00:00 [queued]>
[2023-03-18T18:00:04.077+0000] {taskinstance.py:1279} INFO - 
--------------------------------------------------------------------------------
[2023-03-18T18:00:04.078+0000] {taskinstance.py:1280} INFO - Starting attempt 1 of 1
[2023-03-18T18:00:04.078+0000] {taskinstance.py:1281} INFO - 
--------------------------------------------------------------------------------
[2023-03-18T18:00:04.264+0000] {taskinstance.py:1300} INFO - Executing <Task(PythonOperator): check_endpoint> on 2023-03-18 17:00:00+00:00
[2023-03-18T18:00:04.317+0000] {standard_task_runner.py:55} INFO - Started process 90918 to run task
[2023-03-18T18:00:04.364+0000] {standard_task_runner.py:82} INFO - Running: ['***', 'tasks', 'run', 'gtfs_trips', 'check_endpoint', 'scheduled__2023-03-18T17:00:00+00:00', '--job-id', '712', '--raw', '--subdir', 'DAGS_FOLDER/gtfs_trips.py', '--cfg-path', '/tmp/tmpzz0apjah']
[2023-03-18T18:00:04.385+0000] {standard_task_runner.py:83} INFO - Job 712: Subtask check_endpoint
[2023-03-18T18:00:04.839+0000] {task_command.py:388} INFO - Running <TaskInstance: gtfs_trips.check_endpoint scheduled__2023-03-18T17:00:00+00:00 [running]> on host diploma-vm.europe-west1-b.c.diploma-380314.internal
[2023-03-18T18:00:05.242+0000] {taskinstance.py:1507} INFO - Exporting the following env vars:
AIRFLOW_CTX_DAG_OWNER=***
AIRFLOW_CTX_DAG_ID=gtfs_trips
AIRFLOW_CTX_TASK_ID=check_endpoint
AIRFLOW_CTX_EXECUTION_DATE=2023-03-18T17:00:00+00:00
AIRFLOW_CTX_TRY_NUMBER=1
AIRFLOW_CTX_DAG_RUN_ID=scheduled__2023-03-18T17:00:00+00:00
[2023-03-18T18:00:05.933+0000] {python.py:177} INFO - Done. Returned value was: None
[2023-03-18T18:00:05.953+0000] {taskinstance.py:1318} INFO - Marking task as SUCCESS. dag_id=gtfs_trips, task_id=check_endpoint, execution_date=20230318T170000, start_date=20230318T180003, end_date=20230318T180005
[2023-03-18T18:00:06.023+0000] {local_task_job.py:208} INFO - Task exited with return code 0
[2023-03-18T18:00:06.157+0000] {taskinstance.py:2578} INFO - 0 downstream tasks scheduled from follow-on schedule check
