[2023-03-18T08:26:59.325+0000] {taskinstance.py:1083} INFO - Dependencies all met for <TaskInstance: parking_spaces.download_file manual__2023-03-18T08:26:56.735544+00:00 [queued]>
[2023-03-18T08:26:59.344+0000] {taskinstance.py:1083} INFO - Dependencies all met for <TaskInstance: parking_spaces.download_file manual__2023-03-18T08:26:56.735544+00:00 [queued]>
[2023-03-18T08:26:59.344+0000] {taskinstance.py:1279} INFO - 
--------------------------------------------------------------------------------
[2023-03-18T08:26:59.344+0000] {taskinstance.py:1280} INFO - Starting attempt 1 of 1
[2023-03-18T08:26:59.344+0000] {taskinstance.py:1281} INFO - 
--------------------------------------------------------------------------------
[2023-03-18T08:26:59.364+0000] {taskinstance.py:1300} INFO - Executing <Task(PythonOperator): download_file> on 2023-03-18 08:26:56.735544+00:00
[2023-03-18T08:26:59.369+0000] {standard_task_runner.py:55} INFO - Started process 58765 to run task
[2023-03-18T08:26:59.376+0000] {standard_task_runner.py:82} INFO - Running: ['***', 'tasks', 'run', 'parking_spaces', 'download_file', 'manual__2023-03-18T08:26:56.735544+00:00', '--job-id', '537', '--raw', '--subdir', 'DAGS_FOLDER/parking_spaces.py', '--cfg-path', '/tmp/tmp7ricz7mi']
[2023-03-18T08:26:59.379+0000] {standard_task_runner.py:83} INFO - Job 537: Subtask download_file
[2023-03-18T08:26:59.486+0000] {task_command.py:388} INFO - Running <TaskInstance: parking_spaces.download_file manual__2023-03-18T08:26:56.735544+00:00 [running]> on host diploma-vm.europe-west1-b.c.diploma-380314.internal
[2023-03-18T08:26:59.586+0000] {taskinstance.py:1507} INFO - Exporting the following env vars:
AIRFLOW_CTX_DAG_OWNER=***
AIRFLOW_CTX_DAG_ID=parking_spaces
AIRFLOW_CTX_TASK_ID=download_file
AIRFLOW_CTX_EXECUTION_DATE=2023-03-18T08:26:56.735544+00:00
AIRFLOW_CTX_TRY_NUMBER=1
AIRFLOW_CTX_DAG_RUN_ID=manual__2023-03-18T08:26:56.735544+00:00
[2023-03-18T08:26:59.660+0000] {python.py:177} INFO - Done. Returned value was: None
[2023-03-18T08:26:59.680+0000] {taskinstance.py:1318} INFO - Marking task as SUCCESS. dag_id=parking_spaces, task_id=download_file, execution_date=20230318T082656, start_date=20230318T082659, end_date=20230318T082659
[2023-03-18T08:26:59.708+0000] {local_task_job.py:208} INFO - Task exited with return code 0
[2023-03-18T08:26:59.759+0000] {taskinstance.py:2578} INFO - 1 downstream tasks scheduled from follow-on schedule check
