[2023-03-18T18:20:15.785+0000] {taskinstance.py:1083} INFO - Dependencies all met for <TaskInstance: vehiclepositions.insert_values_vehiclepositions manual__2023-03-18T18:20:09.798515+00:00 [queued]>
[2023-03-18T18:20:15.802+0000] {taskinstance.py:1083} INFO - Dependencies all met for <TaskInstance: vehiclepositions.insert_values_vehiclepositions manual__2023-03-18T18:20:09.798515+00:00 [queued]>
[2023-03-18T18:20:15.802+0000] {taskinstance.py:1279} INFO - 
--------------------------------------------------------------------------------
[2023-03-18T18:20:15.802+0000] {taskinstance.py:1280} INFO - Starting attempt 1 of 1
[2023-03-18T18:20:15.803+0000] {taskinstance.py:1281} INFO - 
--------------------------------------------------------------------------------
[2023-03-18T18:20:15.820+0000] {taskinstance.py:1300} INFO - Executing <Task(MySqlOperator): insert_values_vehiclepositions> on 2023-03-18 18:20:09.798515+00:00
[2023-03-18T18:20:15.825+0000] {standard_task_runner.py:55} INFO - Started process 93676 to run task
[2023-03-18T18:20:15.832+0000] {standard_task_runner.py:82} INFO - Running: ['***', 'tasks', 'run', 'vehiclepositions', 'insert_values_vehiclepositions', 'manual__2023-03-18T18:20:09.798515+00:00', '--job-id', '753', '--raw', '--subdir', 'DAGS_FOLDER/vehiclepositions.py', '--cfg-path', '/tmp/tmpmb9gw_aq']
[2023-03-18T18:20:15.835+0000] {standard_task_runner.py:83} INFO - Job 753: Subtask insert_values_vehiclepositions
[2023-03-18T18:20:15.938+0000] {task_command.py:388} INFO - Running <TaskInstance: vehiclepositions.insert_values_vehiclepositions manual__2023-03-18T18:20:09.798515+00:00 [running]> on host diploma-vm.europe-west1-b.c.diploma-380314.internal
[2023-03-18T18:20:16.038+0000] {taskinstance.py:1507} INFO - Exporting the following env vars:
AIRFLOW_CTX_DAG_OWNER=***
AIRFLOW_CTX_DAG_ID=vehiclepositions
AIRFLOW_CTX_TASK_ID=insert_values_vehiclepositions
AIRFLOW_CTX_EXECUTION_DATE=2023-03-18T18:20:09.798515+00:00
AIRFLOW_CTX_TRY_NUMBER=1
AIRFLOW_CTX_DAG_RUN_ID=manual__2023-03-18T18:20:09.798515+00:00
[2023-03-18T18:20:16.039+0000] {sql.py:254} INFO - Executing: INSERT INTO pre_vehiclepositions VALUES ('0','{}',' 0 ','2023-03-18 18:20:15.601806','0');
[2023-03-18T18:20:16.055+0000] {base.py:73} INFO - Using connection ID 'mysql-db' for task execution.
[2023-03-18T18:20:16.153+0000] {base.py:73} INFO - Using connection ID 'mysql-db' for task execution.
[2023-03-18T18:20:16.167+0000] {sql.py:375} INFO - Running statement: INSERT INTO pre_vehiclepositions VALUES ('0','{}',' 0 ','2023-03-18 18:20:15.601806','0');, parameters: None
[2023-03-18T18:20:16.168+0000] {sql.py:384} INFO - Rows affected: 1
[2023-03-18T18:20:16.193+0000] {taskinstance.py:1318} INFO - Marking task as SUCCESS. dag_id=vehiclepositions, task_id=insert_values_vehiclepositions, execution_date=20230318T182009, start_date=20230318T182015, end_date=20230318T182016
[2023-03-18T18:20:16.245+0000] {local_task_job.py:208} INFO - Task exited with return code 0
[2023-03-18T18:20:16.283+0000] {taskinstance.py:2578} INFO - 1 downstream tasks scheduled from follow-on schedule check
