[2023-03-18T17:03:05.693+0000] {taskinstance.py:1083} INFO - Dependencies all met for <TaskInstance: gtfs_trips.download_file scheduled__2023-03-18T16:00:00+00:00 [queued]>
[2023-03-18T17:03:05.770+0000] {taskinstance.py:1083} INFO - Dependencies all met for <TaskInstance: gtfs_trips.download_file scheduled__2023-03-18T16:00:00+00:00 [queued]>
[2023-03-18T17:03:05.770+0000] {taskinstance.py:1279} INFO - 
--------------------------------------------------------------------------------
[2023-03-18T17:03:05.771+0000] {taskinstance.py:1280} INFO - Starting attempt 1 of 1
[2023-03-18T17:03:05.771+0000] {taskinstance.py:1281} INFO - 
--------------------------------------------------------------------------------
[2023-03-18T17:03:05.842+0000] {taskinstance.py:1300} INFO - Executing <Task(PythonOperator): download_file> on 2023-03-18 16:00:00+00:00
[2023-03-18T17:03:05.857+0000] {standard_task_runner.py:55} INFO - Started process 84662 to run task
[2023-03-18T17:03:05.914+0000] {standard_task_runner.py:82} INFO - Running: ['***', 'tasks', 'run', 'gtfs_trips', 'download_file', 'scheduled__2023-03-18T16:00:00+00:00', '--job-id', '672', '--raw', '--subdir', 'DAGS_FOLDER/gtfs_trips.py', '--cfg-path', '/tmp/tmp1v5_biub']
[2023-03-18T17:03:05.949+0000] {standard_task_runner.py:83} INFO - Job 672: Subtask download_file
[2023-03-18T17:03:06.257+0000] {task_command.py:388} INFO - Running <TaskInstance: gtfs_trips.download_file scheduled__2023-03-18T16:00:00+00:00 [running]> on host diploma-vm.europe-west1-b.c.diploma-380314.internal
[2023-03-18T17:03:06.465+0000] {taskinstance.py:1507} INFO - Exporting the following env vars:
AIRFLOW_CTX_DAG_OWNER=***
AIRFLOW_CTX_DAG_ID=gtfs_trips
AIRFLOW_CTX_TASK_ID=download_file
AIRFLOW_CTX_EXECUTION_DATE=2023-03-18T16:00:00+00:00
AIRFLOW_CTX_TRY_NUMBER=1
AIRFLOW_CTX_DAG_RUN_ID=scheduled__2023-03-18T16:00:00+00:00
[2023-03-18T17:03:06.776+0000] {python.py:177} INFO - Done. Returned value was: None
[2023-03-18T17:03:06.797+0000] {taskinstance.py:1318} INFO - Marking task as SUCCESS. dag_id=gtfs_trips, task_id=download_file, execution_date=20230318T160000, start_date=20230318T170305, end_date=20230318T170306
[2023-03-18T17:03:06.856+0000] {local_task_job.py:208} INFO - Task exited with return code 0
[2023-03-18T17:03:06.913+0000] {taskinstance.py:2578} INFO - 1 downstream tasks scheduled from follow-on schedule check
