[2023-03-18T10:00:58.127+0000] {taskinstance.py:1083} INFO - Dependencies all met for <TaskInstance: parking_measurements.create_table_parking_measurements scheduled__2023-03-18T09:00:00+00:00 [queued]>
[2023-03-18T10:00:58.146+0000] {taskinstance.py:1083} INFO - Dependencies all met for <TaskInstance: parking_measurements.create_table_parking_measurements scheduled__2023-03-18T09:00:00+00:00 [queued]>
[2023-03-18T10:00:58.146+0000] {taskinstance.py:1279} INFO - 
--------------------------------------------------------------------------------
[2023-03-18T10:00:58.146+0000] {taskinstance.py:1280} INFO - Starting attempt 1 of 1
[2023-03-18T10:00:58.146+0000] {taskinstance.py:1281} INFO - 
--------------------------------------------------------------------------------
[2023-03-18T10:00:58.165+0000] {taskinstance.py:1300} INFO - Executing <Task(MySqlOperator): create_table_parking_measurements> on 2023-03-18 09:00:00+00:00
[2023-03-18T10:00:58.170+0000] {standard_task_runner.py:55} INFO - Started process 63270 to run task
[2023-03-18T10:00:58.176+0000] {standard_task_runner.py:82} INFO - Running: ['***', 'tasks', 'run', 'parking_measurements', 'create_table_parking_measurements', 'scheduled__2023-03-18T09:00:00+00:00', '--job-id', '565', '--raw', '--subdir', 'DAGS_FOLDER/parking_measurements.py', '--cfg-path', '/tmp/tmppac02rze']
[2023-03-18T10:00:58.178+0000] {standard_task_runner.py:83} INFO - Job 565: Subtask create_table_parking_measurements
[2023-03-18T10:00:58.294+0000] {task_command.py:388} INFO - Running <TaskInstance: parking_measurements.create_table_parking_measurements scheduled__2023-03-18T09:00:00+00:00 [running]> on host diploma-vm.europe-west1-b.c.diploma-380314.internal
[2023-03-18T10:00:58.398+0000] {taskinstance.py:1507} INFO - Exporting the following env vars:
AIRFLOW_CTX_DAG_OWNER=***
AIRFLOW_CTX_DAG_ID=parking_measurements
AIRFLOW_CTX_TASK_ID=create_table_parking_measurements
AIRFLOW_CTX_EXECUTION_DATE=2023-03-18T09:00:00+00:00
AIRFLOW_CTX_TRY_NUMBER=1
AIRFLOW_CTX_DAG_RUN_ID=scheduled__2023-03-18T09:00:00+00:00
[2023-03-18T10:00:58.399+0000] {sql.py:254} INFO - Executing: CREATE TABLE IF NOT EXISTS pre_parking_measurements (
    _sys_record_id INT NOT NULL AUTO_INCREMENT,
    jdoc JSON,
    _sys_load_id INT,
    _sys_load_at TIMESTAMP,
    _sys_is_deleted BOOLEAN,
    CONSTRAINT id PRIMARY KEY (_sys_record_id, _sys_load_at)
);

CREATE TABLE IF NOT EXISTS src_parking_measurements (
    _sys_record_id INT,
    _sys_load_id INT,
    _sys_load_at TIMESTAMP,
    _sys_is_deleted BOOLEAN,
    i INT,
    jdoc JSON,
    CONSTRAINT id PRIMARY KEY (_sys_record_id,i,_sys_load_at)
);

CREATE TABLE IF NOT EXISTS stg_parking_measurements (
    parking_measurement_id VARCHAR(255) NOT NULL,
    source VARCHAR(255),
    source_id VARCHAR(255),
    parking_id VARCHAR(255),
    date_modified TIMESTAMP,
    total_spot_number VARCHAR(255),
    closed_spot_number VARCHAR(255),
    occupied_spot_number VARCHAR(255),
    available_spot_number VARCHAR(255),
    _sys_record_id INT,
    _sys_load_id INT,
    _sys_load_at TIMESTAMP,
    _sys_is_deleted VARCHAR(255),
    i INT,
    PRIMARY KEY (parking_measurement_id)
  );
[2023-03-18T10:00:58.414+0000] {base.py:73} INFO - Using connection ID 'mysql-db' for task execution.
[2023-03-18T10:00:58.508+0000] {base.py:73} INFO - Using connection ID 'mysql-db' for task execution.
[2023-03-18T10:00:58.522+0000] {sql.py:375} INFO - Running statement: CREATE TABLE IF NOT EXISTS pre_parking_measurements (
    _sys_record_id INT NOT NULL AUTO_INCREMENT,
    jdoc JSON,
    _sys_load_id INT,
    _sys_load_at TIMESTAMP,
    _sys_is_deleted BOOLEAN,
    CONSTRAINT id PRIMARY KEY (_sys_record_id, _sys_load_at)
);

CREATE TABLE IF NOT EXISTS src_parking_measurements (
    _sys_record_id INT,
    _sys_load_id INT,
    _sys_load_at TIMESTAMP,
    _sys_is_deleted BOOLEAN,
    i INT,
    jdoc JSON,
    CONSTRAINT id PRIMARY KEY (_sys_record_id,i,_sys_load_at)
);

CREATE TABLE IF NOT EXISTS stg_parking_measurements (
    parking_measurement_id VARCHAR(255) NOT NULL,
    source VARCHAR(255),
    source_id VARCHAR(255),
    parking_id VARCHAR(255),
    date_modified TIMESTAMP,
    total_spot_number VARCHAR(255),
    closed_spot_number VARCHAR(255),
    occupied_spot_number VARCHAR(255),
    available_spot_number VARCHAR(255),
    _sys_record_id INT,
    _sys_load_id INT,
    _sys_load_at TIMESTAMP,
    _sys_is_deleted VARCHAR(255),
    i INT,
    PRIMARY KEY (parking_measurement_id)
  );, parameters: None
[2023-03-18T10:00:58.527+0000] {sql.py:384} INFO - Rows affected: 0
[2023-03-18T10:00:58.548+0000] {taskinstance.py:1318} INFO - Marking task as SUCCESS. dag_id=parking_measurements, task_id=create_table_parking_measurements, execution_date=20230318T090000, start_date=20230318T100058, end_date=20230318T100058
[2023-03-18T10:00:58.588+0000] {local_task_job.py:208} INFO - Task exited with return code 0
[2023-03-18T10:00:58.627+0000] {taskinstance.py:2578} INFO - 1 downstream tasks scheduled from follow-on schedule check
