[2023-03-18T17:03:05.730+0000] {taskinstance.py:1083} INFO - Dependencies all met for <TaskInstance: gtfs_services.check_endpoint scheduled__2023-03-18T16:00:00+00:00 [queued]>
[2023-03-18T17:03:05.791+0000] {taskinstance.py:1083} INFO - Dependencies all met for <TaskInstance: gtfs_services.check_endpoint scheduled__2023-03-18T16:00:00+00:00 [queued]>
[2023-03-18T17:03:05.791+0000] {taskinstance.py:1279} INFO - 
--------------------------------------------------------------------------------
[2023-03-18T17:03:05.791+0000] {taskinstance.py:1280} INFO - Starting attempt 1 of 1
[2023-03-18T17:03:05.792+0000] {taskinstance.py:1281} INFO - 
--------------------------------------------------------------------------------
[2023-03-18T17:03:05.862+0000] {taskinstance.py:1300} INFO - Executing <Task(PythonOperator): check_endpoint> on 2023-03-18 16:00:00+00:00
[2023-03-18T17:03:05.870+0000] {standard_task_runner.py:55} INFO - Started process 84663 to run task
[2023-03-18T17:03:05.921+0000] {standard_task_runner.py:82} INFO - Running: ['***', 'tasks', 'run', 'gtfs_services', 'check_endpoint', 'scheduled__2023-03-18T16:00:00+00:00', '--job-id', '673', '--raw', '--subdir', 'DAGS_FOLDER/gtfs_services.py', '--cfg-path', '/tmp/tmpuvaav6z6']
[2023-03-18T17:03:05.939+0000] {standard_task_runner.py:83} INFO - Job 673: Subtask check_endpoint
[2023-03-18T17:03:06.240+0000] {task_command.py:388} INFO - Running <TaskInstance: gtfs_services.check_endpoint scheduled__2023-03-18T16:00:00+00:00 [running]> on host diploma-vm.europe-west1-b.c.diploma-380314.internal
[2023-03-18T17:03:06.424+0000] {taskinstance.py:1507} INFO - Exporting the following env vars:
AIRFLOW_CTX_DAG_OWNER=***
AIRFLOW_CTX_DAG_ID=gtfs_services
AIRFLOW_CTX_TASK_ID=check_endpoint
AIRFLOW_CTX_EXECUTION_DATE=2023-03-18T16:00:00+00:00
AIRFLOW_CTX_TRY_NUMBER=1
AIRFLOW_CTX_DAG_RUN_ID=scheduled__2023-03-18T16:00:00+00:00
[2023-03-18T17:03:06.539+0000] {python.py:177} INFO - Done. Returned value was: None
[2023-03-18T17:03:06.553+0000] {taskinstance.py:1318} INFO - Marking task as SUCCESS. dag_id=gtfs_services, task_id=check_endpoint, execution_date=20230318T160000, start_date=20230318T170305, end_date=20230318T170306
[2023-03-18T17:03:06.582+0000] {local_task_job.py:208} INFO - Task exited with return code 0
[2023-03-18T17:03:06.627+0000] {taskinstance.py:2578} INFO - 1 downstream tasks scheduled from follow-on schedule check
