[2023-03-18T18:19:27.994+0000] {taskinstance.py:1083} INFO - Dependencies all met for <TaskInstance: vehiclepositions.insert_values_vehiclepositions scheduled__2023-03-18T17:00:00+00:00 [queued]>
[2023-03-18T18:19:28.008+0000] {taskinstance.py:1083} INFO - Dependencies all met for <TaskInstance: vehiclepositions.insert_values_vehiclepositions scheduled__2023-03-18T17:00:00+00:00 [queued]>
[2023-03-18T18:19:28.009+0000] {taskinstance.py:1279} INFO - 
--------------------------------------------------------------------------------
[2023-03-18T18:19:28.009+0000] {taskinstance.py:1280} INFO - Starting attempt 1 of 1
[2023-03-18T18:19:28.009+0000] {taskinstance.py:1281} INFO - 
--------------------------------------------------------------------------------
[2023-03-18T18:19:28.027+0000] {taskinstance.py:1300} INFO - Executing <Task(MySqlOperator): insert_values_vehiclepositions> on 2023-03-18 17:00:00+00:00
[2023-03-18T18:19:28.033+0000] {standard_task_runner.py:55} INFO - Started process 93462 to run task
[2023-03-18T18:19:28.039+0000] {standard_task_runner.py:82} INFO - Running: ['***', 'tasks', 'run', 'vehiclepositions', 'insert_values_vehiclepositions', 'scheduled__2023-03-18T17:00:00+00:00', '--job-id', '747', '--raw', '--subdir', 'DAGS_FOLDER/vehiclepositions.py', '--cfg-path', '/tmp/tmpwgjp7kuz']
[2023-03-18T18:19:28.041+0000] {standard_task_runner.py:83} INFO - Job 747: Subtask insert_values_vehiclepositions
[2023-03-18T18:19:28.142+0000] {task_command.py:388} INFO - Running <TaskInstance: vehiclepositions.insert_values_vehiclepositions scheduled__2023-03-18T17:00:00+00:00 [running]> on host diploma-vm.europe-west1-b.c.diploma-380314.internal
[2023-03-18T18:19:28.248+0000] {taskinstance.py:1507} INFO - Exporting the following env vars:
AIRFLOW_CTX_DAG_OWNER=***
AIRFLOW_CTX_DAG_ID=vehiclepositions
AIRFLOW_CTX_TASK_ID=insert_values_vehiclepositions
AIRFLOW_CTX_EXECUTION_DATE=2023-03-18T17:00:00+00:00
AIRFLOW_CTX_TRY_NUMBER=1
AIRFLOW_CTX_DAG_RUN_ID=scheduled__2023-03-18T17:00:00+00:00
[2023-03-18T18:19:28.249+0000] {sql.py:254} INFO - Executing: INSERT INTO pre_vehiclepositions VALUES ('0','{}',' 0 ','2023-03-18 18:19:27.814775','0');
[2023-03-18T18:19:28.267+0000] {base.py:73} INFO - Using connection ID 'mysql-db' for task execution.
[2023-03-18T18:19:28.356+0000] {base.py:73} INFO - Using connection ID 'mysql-db' for task execution.
[2023-03-18T18:19:28.370+0000] {sql.py:375} INFO - Running statement: INSERT INTO pre_vehiclepositions VALUES ('0','{}',' 0 ','2023-03-18 18:19:27.814775','0');, parameters: None
[2023-03-18T18:19:28.371+0000] {sql.py:384} INFO - Rows affected: 1
[2023-03-18T18:19:28.396+0000] {taskinstance.py:1318} INFO - Marking task as SUCCESS. dag_id=vehiclepositions, task_id=insert_values_vehiclepositions, execution_date=20230318T170000, start_date=20230318T181927, end_date=20230318T181928
[2023-03-18T18:19:28.452+0000] {local_task_job.py:208} INFO - Task exited with return code 0
[2023-03-18T18:19:28.492+0000] {taskinstance.py:2578} INFO - 1 downstream tasks scheduled from follow-on schedule check
