[2023-03-18T09:01:50.215+0000] {taskinstance.py:1083} INFO - Dependencies all met for <TaskInstance: parking_measurements.create_table_parking_measurements scheduled__2023-03-18T08:00:00+00:00 [queued]>
[2023-03-18T09:01:50.229+0000] {taskinstance.py:1083} INFO - Dependencies all met for <TaskInstance: parking_measurements.create_table_parking_measurements scheduled__2023-03-18T08:00:00+00:00 [queued]>
[2023-03-18T09:01:50.230+0000] {taskinstance.py:1279} INFO - 
--------------------------------------------------------------------------------
[2023-03-18T09:01:50.230+0000] {taskinstance.py:1280} INFO - Starting attempt 1 of 1
[2023-03-18T09:01:50.230+0000] {taskinstance.py:1281} INFO - 
--------------------------------------------------------------------------------
[2023-03-18T09:01:50.245+0000] {taskinstance.py:1300} INFO - Executing <Task(MySqlOperator): create_table_parking_measurements> on 2023-03-18 08:00:00+00:00
[2023-03-18T09:01:50.249+0000] {standard_task_runner.py:55} INFO - Started process 60599 to run task
[2023-03-18T09:01:50.255+0000] {standard_task_runner.py:82} INFO - Running: ['***', 'tasks', 'run', 'parking_measurements', 'create_table_parking_measurements', 'scheduled__2023-03-18T08:00:00+00:00', '--job-id', '553', '--raw', '--subdir', 'DAGS_FOLDER/parking_measurements.py', '--cfg-path', '/tmp/tmpujhlsx_7']
[2023-03-18T09:01:50.257+0000] {standard_task_runner.py:83} INFO - Job 553: Subtask create_table_parking_measurements
[2023-03-18T09:01:50.361+0000] {task_command.py:388} INFO - Running <TaskInstance: parking_measurements.create_table_parking_measurements scheduled__2023-03-18T08:00:00+00:00 [running]> on host diploma-vm.europe-west1-b.c.diploma-380314.internal
[2023-03-18T09:01:50.463+0000] {taskinstance.py:1507} INFO - Exporting the following env vars:
AIRFLOW_CTX_DAG_OWNER=***
AIRFLOW_CTX_DAG_ID=parking_measurements
AIRFLOW_CTX_TASK_ID=create_table_parking_measurements
AIRFLOW_CTX_EXECUTION_DATE=2023-03-18T08:00:00+00:00
AIRFLOW_CTX_TRY_NUMBER=1
AIRFLOW_CTX_DAG_RUN_ID=scheduled__2023-03-18T08:00:00+00:00
[2023-03-18T09:01:50.464+0000] {sql.py:254} INFO - Executing: CREATE TABLE IF NOT EXISTS pre_parking_measurements (
    _sys_record_id INT NOT NULL AUTO_INCREMENT,
    jdoc JSON,
    _sys_load_id INT,
    _sys_load_at TIMESTAMP,
    _sys_is_deleted BOOLEAN,
    CONSTRAINT id PRIMARY KEY (_sys_record_id, _sys_load_at)
);

CREATE TABLE IF NOT EXISTS src_parking_measurements (
    _sys_record_id INT,
    _sys_load_id INT,
    _sys_load_at TIMESTAMP,
    _sys_is_deleted BOOLEAN,
    i INT,
    jdoc JSON,
    CONSTRAINT id PRIMARY KEY (_sys_record_id,i,_sys_load_at)
);

CREATE TABLE IF NOT EXISTS stg_parking_measurements (
    parking_measurement_id VARCHAR(255) NOT NULL,
    source VARCHAR(255),
    source_id VARCHAR(255),
    parking_id VARCHAR(255),
    date_modified TIMESTAMP,
    total_spot_number VARCHAR(255),
    closed_spot_number VARCHAR(255),
    occupied_spot_number VARCHAR(255),
    available_spot_number VARCHAR(255),
    _sys_record_id INT,
    _sys_load_id INT,
    _sys_load_at TIMESTAMP,
    _sys_is_deleted VARCHAR(255),
    i INT,
    PRIMARY KEY (parking_measurement_id)
  );
[2023-03-18T09:01:50.482+0000] {base.py:73} INFO - Using connection ID 'mysql-db' for task execution.
[2023-03-18T09:01:50.576+0000] {base.py:73} INFO - Using connection ID 'mysql-db' for task execution.
[2023-03-18T09:01:50.590+0000] {sql.py:375} INFO - Running statement: CREATE TABLE IF NOT EXISTS pre_parking_measurements (
    _sys_record_id INT NOT NULL AUTO_INCREMENT,
    jdoc JSON,
    _sys_load_id INT,
    _sys_load_at TIMESTAMP,
    _sys_is_deleted BOOLEAN,
    CONSTRAINT id PRIMARY KEY (_sys_record_id, _sys_load_at)
);

CREATE TABLE IF NOT EXISTS src_parking_measurements (
    _sys_record_id INT,
    _sys_load_id INT,
    _sys_load_at TIMESTAMP,
    _sys_is_deleted BOOLEAN,
    i INT,
    jdoc JSON,
    CONSTRAINT id PRIMARY KEY (_sys_record_id,i,_sys_load_at)
);

CREATE TABLE IF NOT EXISTS stg_parking_measurements (
    parking_measurement_id VARCHAR(255) NOT NULL,
    source VARCHAR(255),
    source_id VARCHAR(255),
    parking_id VARCHAR(255),
    date_modified TIMESTAMP,
    total_spot_number VARCHAR(255),
    closed_spot_number VARCHAR(255),
    occupied_spot_number VARCHAR(255),
    available_spot_number VARCHAR(255),
    _sys_record_id INT,
    _sys_load_id INT,
    _sys_load_at TIMESTAMP,
    _sys_is_deleted VARCHAR(255),
    i INT,
    PRIMARY KEY (parking_measurement_id)
  );, parameters: None
[2023-03-18T09:01:50.595+0000] {sql.py:384} INFO - Rows affected: 0
[2023-03-18T09:01:50.617+0000] {taskinstance.py:1318} INFO - Marking task as SUCCESS. dag_id=parking_measurements, task_id=create_table_parking_measurements, execution_date=20230318T080000, start_date=20230318T090150, end_date=20230318T090150
[2023-03-18T09:01:50.668+0000] {local_task_job.py:208} INFO - Task exited with return code 0
[2023-03-18T09:01:50.711+0000] {taskinstance.py:2578} INFO - 1 downstream tasks scheduled from follow-on schedule check
