[2023-03-18T17:03:14.579+0000] {taskinstance.py:1083} INFO - Dependencies all met for <TaskInstance: gtfs_trips.src_table_gtfs_trips scheduled__2023-03-18T16:00:00+00:00 [queued]>
[2023-03-18T17:03:14.614+0000] {taskinstance.py:1083} INFO - Dependencies all met for <TaskInstance: gtfs_trips.src_table_gtfs_trips scheduled__2023-03-18T16:00:00+00:00 [queued]>
[2023-03-18T17:03:14.615+0000] {taskinstance.py:1279} INFO - 
--------------------------------------------------------------------------------
[2023-03-18T17:03:14.615+0000] {taskinstance.py:1280} INFO - Starting attempt 1 of 1
[2023-03-18T17:03:14.615+0000] {taskinstance.py:1281} INFO - 
--------------------------------------------------------------------------------
[2023-03-18T17:03:14.643+0000] {taskinstance.py:1300} INFO - Executing <Task(MySqlOperator): src_table_gtfs_trips> on 2023-03-18 16:00:00+00:00
[2023-03-18T17:03:14.656+0000] {standard_task_runner.py:55} INFO - Started process 84852 to run task
[2023-03-18T17:03:14.672+0000] {standard_task_runner.py:82} INFO - Running: ['***', 'tasks', 'run', 'gtfs_trips', 'src_table_gtfs_trips', 'scheduled__2023-03-18T16:00:00+00:00', '--job-id', '682', '--raw', '--subdir', 'DAGS_FOLDER/gtfs_trips.py', '--cfg-path', '/tmp/tmpm4n99sbt']
[2023-03-18T17:03:14.677+0000] {standard_task_runner.py:83} INFO - Job 682: Subtask src_table_gtfs_trips
[2023-03-18T17:03:14.911+0000] {task_command.py:388} INFO - Running <TaskInstance: gtfs_trips.src_table_gtfs_trips scheduled__2023-03-18T16:00:00+00:00 [running]> on host diploma-vm.europe-west1-b.c.diploma-380314.internal
[2023-03-18T17:03:15.183+0000] {taskinstance.py:1507} INFO - Exporting the following env vars:
AIRFLOW_CTX_DAG_OWNER=***
AIRFLOW_CTX_DAG_ID=gtfs_trips
AIRFLOW_CTX_TASK_ID=src_table_gtfs_trips
AIRFLOW_CTX_EXECUTION_DATE=2023-03-18T16:00:00+00:00
AIRFLOW_CTX_TRY_NUMBER=1
AIRFLOW_CTX_DAG_RUN_ID=scheduled__2023-03-18T16:00:00+00:00
[2023-03-18T17:03:15.184+0000] {sql.py:254} INFO - Executing: INSERT IGNORE INTO src_gtfs_trips
(
SELECT
    _sys_record_id,
    _sys_load_id,
    _sys_load_at,
    _sys_is_deleted,
    r.*
FROM
    pre_gtfs_trips,
    JSON_TABLE(
        jdoc,
        '$[*]'
        COLUMNS (
            i FOR ORDINALITY,
            jdoc JSON PATH '$[0]'
            )
    ) AS r
);
[2023-03-18T17:03:15.226+0000] {base.py:73} INFO - Using connection ID 'mysql-db' for task execution.
[2023-03-18T17:03:15.744+0000] {base.py:73} INFO - Using connection ID 'mysql-db' for task execution.
[2023-03-18T17:03:15.776+0000] {sql.py:375} INFO - Running statement: INSERT IGNORE INTO src_gtfs_trips
(
SELECT
    _sys_record_id,
    _sys_load_id,
    _sys_load_at,
    _sys_is_deleted,
    r.*
FROM
    pre_gtfs_trips,
    JSON_TABLE(
        jdoc,
        '$[*]'
        COLUMNS (
            i FOR ORDINALITY,
            jdoc JSON PATH '$[0]'
            )
    ) AS r
);, parameters: None
[2023-03-18T17:03:16.247+0000] {sql.py:384} INFO - Rows affected: 10000
[2023-03-18T17:03:16.295+0000] {taskinstance.py:1318} INFO - Marking task as SUCCESS. dag_id=gtfs_trips, task_id=src_table_gtfs_trips, execution_date=20230318T160000, start_date=20230318T170314, end_date=20230318T170316
[2023-03-18T17:03:16.379+0000] {local_task_job.py:208} INFO - Task exited with return code 0
[2023-03-18T17:03:16.427+0000] {taskinstance.py:2578} INFO - 1 downstream tasks scheduled from follow-on schedule check
