[2023-03-18T11:00:34.672+0000] {taskinstance.py:1083} INFO - Dependencies all met for <TaskInstance: parking_measurements.download_file scheduled__2023-03-18T10:00:00+00:00 [queued]>
[2023-03-18T11:00:34.685+0000] {taskinstance.py:1083} INFO - Dependencies all met for <TaskInstance: parking_measurements.download_file scheduled__2023-03-18T10:00:00+00:00 [queued]>
[2023-03-18T11:00:34.685+0000] {taskinstance.py:1279} INFO - 
--------------------------------------------------------------------------------
[2023-03-18T11:00:34.685+0000] {taskinstance.py:1280} INFO - Starting attempt 1 of 1
[2023-03-18T11:00:34.685+0000] {taskinstance.py:1281} INFO - 
--------------------------------------------------------------------------------
[2023-03-18T11:00:34.701+0000] {taskinstance.py:1300} INFO - Executing <Task(PythonOperator): download_file> on 2023-03-18 10:00:00+00:00
[2023-03-18T11:00:34.706+0000] {standard_task_runner.py:55} INFO - Started process 65950 to run task
[2023-03-18T11:00:34.712+0000] {standard_task_runner.py:82} INFO - Running: ['***', 'tasks', 'run', 'parking_measurements', 'download_file', 'scheduled__2023-03-18T10:00:00+00:00', '--job-id', '576', '--raw', '--subdir', 'DAGS_FOLDER/parking_measurements.py', '--cfg-path', '/tmp/tmpl2gimoys']
[2023-03-18T11:00:34.714+0000] {standard_task_runner.py:83} INFO - Job 576: Subtask download_file
[2023-03-18T11:00:34.821+0000] {task_command.py:388} INFO - Running <TaskInstance: parking_measurements.download_file scheduled__2023-03-18T10:00:00+00:00 [running]> on host diploma-vm.europe-west1-b.c.diploma-380314.internal
[2023-03-18T11:00:34.920+0000] {taskinstance.py:1507} INFO - Exporting the following env vars:
AIRFLOW_CTX_DAG_OWNER=***
AIRFLOW_CTX_DAG_ID=parking_measurements
AIRFLOW_CTX_TASK_ID=download_file
AIRFLOW_CTX_EXECUTION_DATE=2023-03-18T10:00:00+00:00
AIRFLOW_CTX_TRY_NUMBER=1
AIRFLOW_CTX_DAG_RUN_ID=scheduled__2023-03-18T10:00:00+00:00
[2023-03-18T11:00:35.053+0000] {python.py:177} INFO - Done. Returned value was: None
[2023-03-18T11:00:35.068+0000] {taskinstance.py:1318} INFO - Marking task as SUCCESS. dag_id=parking_measurements, task_id=download_file, execution_date=20230318T100000, start_date=20230318T110034, end_date=20230318T110035
[2023-03-18T11:00:35.124+0000] {local_task_job.py:208} INFO - Task exited with return code 0
[2023-03-18T11:00:35.167+0000] {taskinstance.py:2578} INFO - 1 downstream tasks scheduled from follow-on schedule check
