[2023-03-18T17:16:56.294+0000] {taskinstance.py:1083} INFO - Dependencies all met for <TaskInstance: vehiclepositions.check_endpoint manual__2023-03-18T17:16:55.190067+00:00 [queued]>
[2023-03-18T17:16:56.309+0000] {taskinstance.py:1083} INFO - Dependencies all met for <TaskInstance: vehiclepositions.check_endpoint manual__2023-03-18T17:16:55.190067+00:00 [queued]>
[2023-03-18T17:16:56.309+0000] {taskinstance.py:1279} INFO - 
--------------------------------------------------------------------------------
[2023-03-18T17:16:56.309+0000] {taskinstance.py:1280} INFO - Starting attempt 1 of 1
[2023-03-18T17:16:56.309+0000] {taskinstance.py:1281} INFO - 
--------------------------------------------------------------------------------
[2023-03-18T17:16:56.331+0000] {taskinstance.py:1300} INFO - Executing <Task(PythonOperator): check_endpoint> on 2023-03-18 17:16:55.190067+00:00
[2023-03-18T17:16:56.336+0000] {standard_task_runner.py:55} INFO - Started process 86269 to run task
[2023-03-18T17:16:56.343+0000] {standard_task_runner.py:82} INFO - Running: ['***', 'tasks', 'run', 'vehiclepositions', 'check_endpoint', 'manual__2023-03-18T17:16:55.190067+00:00', '--job-id', '690', '--raw', '--subdir', 'DAGS_FOLDER/vehiclepositions.py', '--cfg-path', '/tmp/tmpd3zw_1ub']
[2023-03-18T17:16:56.345+0000] {standard_task_runner.py:83} INFO - Job 690: Subtask check_endpoint
[2023-03-18T17:16:56.459+0000] {task_command.py:388} INFO - Running <TaskInstance: vehiclepositions.check_endpoint manual__2023-03-18T17:16:55.190067+00:00 [running]> on host diploma-vm.europe-west1-b.c.diploma-380314.internal
[2023-03-18T17:16:56.559+0000] {taskinstance.py:1507} INFO - Exporting the following env vars:
AIRFLOW_CTX_DAG_OWNER=***
AIRFLOW_CTX_DAG_ID=vehiclepositions
AIRFLOW_CTX_TASK_ID=check_endpoint
AIRFLOW_CTX_EXECUTION_DATE=2023-03-18T17:16:55.190067+00:00
AIRFLOW_CTX_TRY_NUMBER=1
AIRFLOW_CTX_DAG_RUN_ID=manual__2023-03-18T17:16:55.190067+00:00
[2023-03-18T17:16:56.913+0000] {python.py:177} INFO - Done. Returned value was: None
[2023-03-18T17:16:56.928+0000] {taskinstance.py:1318} INFO - Marking task as SUCCESS. dag_id=vehiclepositions, task_id=check_endpoint, execution_date=20230318T171655, start_date=20230318T171656, end_date=20230318T171656
[2023-03-18T17:16:56.955+0000] {local_task_job.py:208} INFO - Task exited with return code 0
[2023-03-18T17:16:56.993+0000] {taskinstance.py:2578} INFO - 1 downstream tasks scheduled from follow-on schedule check
