[2023-03-18T12:00:01.184+0000] {taskinstance.py:1083} INFO - Dependencies all met for <TaskInstance: parking_measurements.check_endpoint scheduled__2023-03-18T11:00:00+00:00 [queued]>
[2023-03-18T12:00:01.203+0000] {taskinstance.py:1083} INFO - Dependencies all met for <TaskInstance: parking_measurements.check_endpoint scheduled__2023-03-18T11:00:00+00:00 [queued]>
[2023-03-18T12:00:01.204+0000] {taskinstance.py:1279} INFO - 
--------------------------------------------------------------------------------
[2023-03-18T12:00:01.204+0000] {taskinstance.py:1280} INFO - Starting attempt 1 of 1
[2023-03-18T12:00:01.204+0000] {taskinstance.py:1281} INFO - 
--------------------------------------------------------------------------------
[2023-03-18T12:00:01.235+0000] {taskinstance.py:1300} INFO - Executing <Task(PythonOperator): check_endpoint> on 2023-03-18 11:00:00+00:00
[2023-03-18T12:00:01.240+0000] {standard_task_runner.py:55} INFO - Started process 68561 to run task
[2023-03-18T12:00:01.262+0000] {standard_task_runner.py:82} INFO - Running: ['***', 'tasks', 'run', 'parking_measurements', 'check_endpoint', 'scheduled__2023-03-18T11:00:00+00:00', '--job-id', '582', '--raw', '--subdir', 'DAGS_FOLDER/parking_measurements.py', '--cfg-path', '/tmp/tmpq0hvht0_']
[2023-03-18T12:00:01.267+0000] {standard_task_runner.py:83} INFO - Job 582: Subtask check_endpoint
[2023-03-18T12:00:01.489+0000] {task_command.py:388} INFO - Running <TaskInstance: parking_measurements.check_endpoint scheduled__2023-03-18T11:00:00+00:00 [running]> on host diploma-vm.europe-west1-b.c.diploma-380314.internal
[2023-03-18T12:00:01.723+0000] {taskinstance.py:1507} INFO - Exporting the following env vars:
AIRFLOW_CTX_DAG_OWNER=***
AIRFLOW_CTX_DAG_ID=parking_measurements
AIRFLOW_CTX_TASK_ID=check_endpoint
AIRFLOW_CTX_EXECUTION_DATE=2023-03-18T11:00:00+00:00
AIRFLOW_CTX_TRY_NUMBER=1
AIRFLOW_CTX_DAG_RUN_ID=scheduled__2023-03-18T11:00:00+00:00
[2023-03-18T12:00:31.420+0000] {python.py:177} INFO - Done. Returned value was: None
[2023-03-18T12:00:31.435+0000] {taskinstance.py:1318} INFO - Marking task as SUCCESS. dag_id=parking_measurements, task_id=check_endpoint, execution_date=20230318T110000, start_date=20230318T120001, end_date=20230318T120031
[2023-03-18T12:00:31.490+0000] {local_task_job.py:208} INFO - Task exited with return code 0
[2023-03-18T12:00:31.526+0000] {taskinstance.py:2578} INFO - 1 downstream tasks scheduled from follow-on schedule check
