[2023-03-18T18:00:12.302+0000] {taskinstance.py:1083} INFO - Dependencies all met for <TaskInstance: gtfs_stops.create_table_gtfs_stops scheduled__2023-03-18T17:00:00+00:00 [queued]>
[2023-03-18T18:00:12.357+0000] {taskinstance.py:1083} INFO - Dependencies all met for <TaskInstance: gtfs_stops.create_table_gtfs_stops scheduled__2023-03-18T17:00:00+00:00 [queued]>
[2023-03-18T18:00:12.357+0000] {taskinstance.py:1279} INFO - 
--------------------------------------------------------------------------------
[2023-03-18T18:00:12.358+0000] {taskinstance.py:1280} INFO - Starting attempt 1 of 1
[2023-03-18T18:00:12.358+0000] {taskinstance.py:1281} INFO - 
--------------------------------------------------------------------------------
[2023-03-18T18:00:13.187+0000] {taskinstance.py:1300} INFO - Executing <Task(MySqlOperator): create_table_gtfs_stops> on 2023-03-18 17:00:00+00:00
[2023-03-18T18:00:13.234+0000] {standard_task_runner.py:55} INFO - Started process 91148 to run task
[2023-03-18T18:00:13.265+0000] {standard_task_runner.py:82} INFO - Running: ['***', 'tasks', 'run', 'gtfs_stops', 'create_table_gtfs_stops', 'scheduled__2023-03-18T17:00:00+00:00', '--job-id', '723', '--raw', '--subdir', 'DAGS_FOLDER/gtfs_stops.py', '--cfg-path', '/tmp/tmp0k044vg2']
[2023-03-18T18:00:13.273+0000] {standard_task_runner.py:83} INFO - Job 723: Subtask create_table_gtfs_stops
[2023-03-18T18:00:13.735+0000] {task_command.py:388} INFO - Running <TaskInstance: gtfs_stops.create_table_gtfs_stops scheduled__2023-03-18T17:00:00+00:00 [running]> on host diploma-vm.europe-west1-b.c.diploma-380314.internal
[2023-03-18T18:00:14.075+0000] {taskinstance.py:1507} INFO - Exporting the following env vars:
AIRFLOW_CTX_DAG_OWNER=***
AIRFLOW_CTX_DAG_ID=gtfs_stops
AIRFLOW_CTX_TASK_ID=create_table_gtfs_stops
AIRFLOW_CTX_EXECUTION_DATE=2023-03-18T17:00:00+00:00
AIRFLOW_CTX_TRY_NUMBER=1
AIRFLOW_CTX_DAG_RUN_ID=scheduled__2023-03-18T17:00:00+00:00
[2023-03-18T18:00:14.076+0000] {sql.py:254} INFO - Executing: CREATE TABLE IF NOT EXISTS pre_gtfs_stops (
_sys_record_id INT NOT NULL AUTO_INCREMENT,
jdoc JSON,
_sys_load_id INT,
_sys_load_at TIMESTAMP,
_sys_is_deleted BOOLEAN,
CONSTRAINT id PRIMARY KEY (_sys_record_id, _sys_load_at)
);

CREATE TABLE IF NOT EXISTS src_gtfs_stops (
_sys_record_id INT,
_sys_load_id INT,
_sys_load_at TIMESTAMP,
_sys_is_deleted BOOLEAN,
i INT,
jdoc JSON,
CONSTRAINT id PRIMARY KEY (_sys_record_id,i,_sys_load_at)
);

CREATE TABLE IF NOT EXISTS stg_gtfs_stops (
    gtfs_stop_id VARCHAR(255) NOT NULL,
    stop_id VARCHAR(255),
    zone_id VARCHAR(255),
    level_id VARCHAR(255),
    stop_name VARCHAR(255),
    location_type VARCHAR(255),
    platform_code VARCHAR(255),
    parent_station VARCHAR(255),
    wheelchair_boarding VARCHAR(255),
    _sys_record_id INT,
    _sys_load_id INT,
    _sys_load_at TIMESTAMP,
    _sys_is_deleted VARCHAR(255),
    i INT,
    PRIMARY KEY (gtfs_stop_id)
  );
[2023-03-18T18:00:14.120+0000] {base.py:73} INFO - Using connection ID 'mysql-db' for task execution.
[2023-03-18T18:00:14.686+0000] {base.py:73} INFO - Using connection ID 'mysql-db' for task execution.
[2023-03-18T18:00:14.751+0000] {sql.py:375} INFO - Running statement: CREATE TABLE IF NOT EXISTS pre_gtfs_stops (
_sys_record_id INT NOT NULL AUTO_INCREMENT,
jdoc JSON,
_sys_load_id INT,
_sys_load_at TIMESTAMP,
_sys_is_deleted BOOLEAN,
CONSTRAINT id PRIMARY KEY (_sys_record_id, _sys_load_at)
);

CREATE TABLE IF NOT EXISTS src_gtfs_stops (
_sys_record_id INT,
_sys_load_id INT,
_sys_load_at TIMESTAMP,
_sys_is_deleted BOOLEAN,
i INT,
jdoc JSON,
CONSTRAINT id PRIMARY KEY (_sys_record_id,i,_sys_load_at)
);

CREATE TABLE IF NOT EXISTS stg_gtfs_stops (
    gtfs_stop_id VARCHAR(255) NOT NULL,
    stop_id VARCHAR(255),
    zone_id VARCHAR(255),
    level_id VARCHAR(255),
    stop_name VARCHAR(255),
    location_type VARCHAR(255),
    platform_code VARCHAR(255),
    parent_station VARCHAR(255),
    wheelchair_boarding VARCHAR(255),
    _sys_record_id INT,
    _sys_load_id INT,
    _sys_load_at TIMESTAMP,
    _sys_is_deleted VARCHAR(255),
    i INT,
    PRIMARY KEY (gtfs_stop_id)
  );, parameters: None
[2023-03-18T18:00:14.756+0000] {sql.py:384} INFO - Rows affected: 0
[2023-03-18T18:00:14.842+0000] {taskinstance.py:1318} INFO - Marking task as SUCCESS. dag_id=gtfs_stops, task_id=create_table_gtfs_stops, execution_date=20230318T170000, start_date=20230318T180012, end_date=20230318T180014
[2023-03-18T18:00:15.179+0000] {local_task_job.py:208} INFO - Task exited with return code 0
[2023-03-18T18:00:15.327+0000] {taskinstance.py:2578} INFO - 1 downstream tasks scheduled from follow-on schedule check
