[2023-03-18T18:27:10.091+0000] {taskinstance.py:1083} INFO - Dependencies all met for <TaskInstance: vehiclepositions.create_table_vehiclepositions manual__2023-03-18T18:27:06.011622+00:00 [queued]>
[2023-03-18T18:27:10.104+0000] {taskinstance.py:1083} INFO - Dependencies all met for <TaskInstance: vehiclepositions.create_table_vehiclepositions manual__2023-03-18T18:27:06.011622+00:00 [queued]>
[2023-03-18T18:27:10.104+0000] {taskinstance.py:1279} INFO - 
--------------------------------------------------------------------------------
[2023-03-18T18:27:10.104+0000] {taskinstance.py:1280} INFO - Starting attempt 1 of 1
[2023-03-18T18:27:10.104+0000] {taskinstance.py:1281} INFO - 
--------------------------------------------------------------------------------
[2023-03-18T18:27:10.120+0000] {taskinstance.py:1300} INFO - Executing <Task(MySqlOperator): create_table_vehiclepositions> on 2023-03-18 18:27:06.011622+00:00
[2023-03-18T18:27:10.124+0000] {standard_task_runner.py:55} INFO - Started process 94661 to run task
[2023-03-18T18:27:10.132+0000] {standard_task_runner.py:82} INFO - Running: ['***', 'tasks', 'run', 'vehiclepositions', 'create_table_vehiclepositions', 'manual__2023-03-18T18:27:06.011622+00:00', '--job-id', '766', '--raw', '--subdir', 'DAGS_FOLDER/vehiclepositions.py', '--cfg-path', '/tmp/tmp3u9jnf4e']
[2023-03-18T18:27:10.134+0000] {standard_task_runner.py:83} INFO - Job 766: Subtask create_table_vehiclepositions
[2023-03-18T18:27:10.236+0000] {task_command.py:388} INFO - Running <TaskInstance: vehiclepositions.create_table_vehiclepositions manual__2023-03-18T18:27:06.011622+00:00 [running]> on host diploma-vm.europe-west1-b.c.diploma-380314.internal
[2023-03-18T18:27:10.332+0000] {taskinstance.py:1507} INFO - Exporting the following env vars:
AIRFLOW_CTX_DAG_OWNER=***
AIRFLOW_CTX_DAG_ID=vehiclepositions
AIRFLOW_CTX_TASK_ID=create_table_vehiclepositions
AIRFLOW_CTX_EXECUTION_DATE=2023-03-18T18:27:06.011622+00:00
AIRFLOW_CTX_TRY_NUMBER=1
AIRFLOW_CTX_DAG_RUN_ID=manual__2023-03-18T18:27:06.011622+00:00
[2023-03-18T18:27:10.333+0000] {sql.py:254} INFO - Executing: CREATE TABLE IF NOT EXISTS pre_vehiclepositions (
    _sys_record_id INT NOT NULL AUTO_INCREMENT,
    jdoc JSON,
    _sys_load_id INT,
    _sys_load_at TIMESTAMP,
    _sys_is_deleted BOOLEAN,
    CONSTRAINT id PRIMARY KEY (_sys_record_id, _sys_load_at)
);

CREATE TABLE IF NOT EXISTS src_vehiclepositions (
    _sys_record_id INT,
    _sys_load_id INT,
    _sys_load_at TIMESTAMP,
    _sys_is_deleted BOOLEAN,
    i INT,
    jdoc JSON,
    CONSTRAINT id PRIMARY KEY (_sys_record_id,i,_sys_load_at)
);

CREATE TABLE IF NOT EXISTS stg_vehiclepositions (
    vehicleposition_id VARCHAR(255) NOT NULL,
    type VARCHAR(255),
    geometry_type VARCHAR(255),
    geometry_coordinates VARCHAR(255),
    cis_line_id VARCHAR(255),
    cis_trip_number VARCHAR(255),
    gtfs_trip_id VARCHAR(255),
    gtfs_route_id VARCHAR(255),
    gtfs_route_type VARCHAR(255),
    gtfs_trip_headsign VARCHAR(255),
    gtfs_trip_short_name VARCHAR(255),
    gtfs_route_short_name VARCHAR(255),
    agency_name_real VARCHAR(255),
    agency_name_scheduled VARCHAR(255),
    sequence_id VARCHAR(255),
    vehicle_type_id VARCHAR(255),
    vehicle_type_description_cs VARCHAR(255),
    vehicle_type_description_en VARCHAR(255),
    air_conditioned VARCHAR(255),
    start_timestamp TIMESTAMP,
    origin_route_name VARCHAR(255),
    wheelchair_accessible VARCHAR(255),
    vehicle_registration_number VARCHAR(255),
    actual VARCHAR(255),
    last_stop_arrival VARCHAR(255),
    last_stop_departure VARCHAR(255),
    speed VARCHAR(255),
    bearing VARCHAR(255),
    tracking VARCHAR(255),
    last_stop_id VARCHAR(255),
    last_stop_sequence VARCHAR(255),
    last_stop_arrival_time TIMESTAMP,
    last_stop_departure_time TIMESTAMP,
    next_stop_id VARCHAR(255),
    next_stop_sequence VARCHAR(255),
    next_stop_arrival_time TIMESTAMP,
    next_stop_departure_time TIMESTAMP,
    is_canceled VARCHAR(255),
    state_position VARCHAR(255),
    origin_timestamp TIMESTAMP,
    shape_dist_traveled VARCHAR(255),
    _sys_record_id INT,
    _sys_load_id INT,
    _sys_load_at TIMESTAMP,
    _sys_is_deleted VARCHAR(255),
    i INT,
    CONSTRAINT id PRIMARY KEY (_sys_record_id,i,_sys_load_at,gtfs_trip_id)
  );

[2023-03-18T18:27:10.348+0000] {base.py:73} INFO - Using connection ID 'mysql-db' for task execution.
[2023-03-18T18:27:10.441+0000] {base.py:73} INFO - Using connection ID 'mysql-db' for task execution.
[2023-03-18T18:27:10.456+0000] {sql.py:375} INFO - Running statement: CREATE TABLE IF NOT EXISTS pre_vehiclepositions (
    _sys_record_id INT NOT NULL AUTO_INCREMENT,
    jdoc JSON,
    _sys_load_id INT,
    _sys_load_at TIMESTAMP,
    _sys_is_deleted BOOLEAN,
    CONSTRAINT id PRIMARY KEY (_sys_record_id, _sys_load_at)
);

CREATE TABLE IF NOT EXISTS src_vehiclepositions (
    _sys_record_id INT,
    _sys_load_id INT,
    _sys_load_at TIMESTAMP,
    _sys_is_deleted BOOLEAN,
    i INT,
    jdoc JSON,
    CONSTRAINT id PRIMARY KEY (_sys_record_id,i,_sys_load_at)
);

CREATE TABLE IF NOT EXISTS stg_vehiclepositions (
    vehicleposition_id VARCHAR(255) NOT NULL,
    type VARCHAR(255),
    geometry_type VARCHAR(255),
    geometry_coordinates VARCHAR(255),
    cis_line_id VARCHAR(255),
    cis_trip_number VARCHAR(255),
    gtfs_trip_id VARCHAR(255),
    gtfs_route_id VARCHAR(255),
    gtfs_route_type VARCHAR(255),
    gtfs_trip_headsign VARCHAR(255),
    gtfs_trip_short_name VARCHAR(255),
    gtfs_route_short_name VARCHAR(255),
    agency_name_real VARCHAR(255),
    agency_name_scheduled VARCHAR(255),
    sequence_id VARCHAR(255),
    vehicle_type_id VARCHAR(255),
    vehicle_type_description_cs VARCHAR(255),
    vehicle_type_description_en VARCHAR(255),
    air_conditioned VARCHAR(255),
    start_timestamp TIMESTAMP,
    origin_route_name VARCHAR(255),
    wheelchair_accessible VARCHAR(255),
    vehicle_registration_number VARCHAR(255),
    actual VARCHAR(255),
    last_stop_arrival VARCHAR(255),
    last_stop_departure VARCHAR(255),
    speed VARCHAR(255),
    bearing VARCHAR(255),
    tracking VARCHAR(255),
    last_stop_id VARCHAR(255),
    last_stop_sequence VARCHAR(255),
    last_stop_arrival_time TIMESTAMP,
    last_stop_departure_time TIMESTAMP,
    next_stop_id VARCHAR(255),
    next_stop_sequence VARCHAR(255),
    next_stop_arrival_time TIMESTAMP,
    next_stop_departure_time TIMESTAMP,
    is_canceled VARCHAR(255),
    state_position VARCHAR(255),
    origin_timestamp TIMESTAMP,
    shape_dist_traveled VARCHAR(255),
    _sys_record_id INT,
    _sys_load_id INT,
    _sys_load_at TIMESTAMP,
    _sys_is_deleted VARCHAR(255),
    i INT,
    CONSTRAINT id PRIMARY KEY (_sys_record_id,i,_sys_load_at,gtfs_trip_id)
  );
, parameters: None
[2023-03-18T18:27:10.462+0000] {sql.py:384} INFO - Rows affected: 0
[2023-03-18T18:27:10.485+0000] {taskinstance.py:1318} INFO - Marking task as SUCCESS. dag_id=vehiclepositions, task_id=create_table_vehiclepositions, execution_date=20230318T182706, start_date=20230318T182710, end_date=20230318T182710
[2023-03-18T18:27:10.542+0000] {local_task_job.py:208} INFO - Task exited with return code 0
[2023-03-18T18:27:10.582+0000] {taskinstance.py:2578} INFO - 1 downstream tasks scheduled from follow-on schedule check
