[2023-03-18T18:00:25.121+0000] {taskinstance.py:1083} INFO - Dependencies all met for <TaskInstance: gtfs_stops.src_table_gtfs_stops scheduled__2023-03-18T17:00:00+00:00 [queued]>
[2023-03-18T18:00:25.154+0000] {taskinstance.py:1083} INFO - Dependencies all met for <TaskInstance: gtfs_stops.src_table_gtfs_stops scheduled__2023-03-18T17:00:00+00:00 [queued]>
[2023-03-18T18:00:25.154+0000] {taskinstance.py:1279} INFO - 
--------------------------------------------------------------------------------
[2023-03-18T18:00:25.155+0000] {taskinstance.py:1280} INFO - Starting attempt 1 of 1
[2023-03-18T18:00:25.155+0000] {taskinstance.py:1281} INFO - 
--------------------------------------------------------------------------------
[2023-03-18T18:00:25.326+0000] {taskinstance.py:1300} INFO - Executing <Task(MySqlOperator): src_table_gtfs_stops> on 2023-03-18 17:00:00+00:00
[2023-03-18T18:00:25.331+0000] {standard_task_runner.py:55} INFO - Started process 91428 to run task
[2023-03-18T18:00:25.337+0000] {standard_task_runner.py:82} INFO - Running: ['***', 'tasks', 'run', 'gtfs_stops', 'src_table_gtfs_stops', 'scheduled__2023-03-18T17:00:00+00:00', '--job-id', '736', '--raw', '--subdir', 'DAGS_FOLDER/gtfs_stops.py', '--cfg-path', '/tmp/tmp8k064i90']
[2023-03-18T18:00:25.339+0000] {standard_task_runner.py:83} INFO - Job 736: Subtask src_table_gtfs_stops
[2023-03-18T18:00:25.444+0000] {task_command.py:388} INFO - Running <TaskInstance: gtfs_stops.src_table_gtfs_stops scheduled__2023-03-18T17:00:00+00:00 [running]> on host diploma-vm.europe-west1-b.c.diploma-380314.internal
[2023-03-18T18:00:25.542+0000] {taskinstance.py:1507} INFO - Exporting the following env vars:
AIRFLOW_CTX_DAG_OWNER=***
AIRFLOW_CTX_DAG_ID=gtfs_stops
AIRFLOW_CTX_TASK_ID=src_table_gtfs_stops
AIRFLOW_CTX_EXECUTION_DATE=2023-03-18T17:00:00+00:00
AIRFLOW_CTX_TRY_NUMBER=1
AIRFLOW_CTX_DAG_RUN_ID=scheduled__2023-03-18T17:00:00+00:00
[2023-03-18T18:00:25.542+0000] {sql.py:254} INFO - Executing: INSERT IGNORE INTO src_gtfs_stops
(
SELECT
    _sys_record_id,
    _sys_load_id,
    _sys_load_at,
    _sys_is_deleted,
    r.*
FROM
    pre_gtfs_stops,
    JSON_TABLE(
        jdoc,
        '$[*]'
        COLUMNS (
            i FOR ORDINALITY,
            jdoc JSON PATH '$[0]'
            )
    ) AS r
);
[2023-03-18T18:00:25.560+0000] {base.py:73} INFO - Using connection ID 'mysql-db' for task execution.
[2023-03-18T18:00:25.702+0000] {base.py:73} INFO - Using connection ID 'mysql-db' for task execution.
[2023-03-18T18:00:25.727+0000] {sql.py:375} INFO - Running statement: INSERT IGNORE INTO src_gtfs_stops
(
SELECT
    _sys_record_id,
    _sys_load_id,
    _sys_load_at,
    _sys_is_deleted,
    r.*
FROM
    pre_gtfs_stops,
    JSON_TABLE(
        jdoc,
        '$[*]'
        COLUMNS (
            i FOR ORDINALITY,
            jdoc JSON PATH '$[0]'
            )
    ) AS r
);, parameters: None
[2023-03-18T18:00:25.731+0000] {sql.py:384} INFO - Rows affected: 0
[2023-03-18T18:00:25.773+0000] {taskinstance.py:1318} INFO - Marking task as SUCCESS. dag_id=gtfs_stops, task_id=src_table_gtfs_stops, execution_date=20230318T170000, start_date=20230318T180025, end_date=20230318T180025
[2023-03-18T18:00:25.871+0000] {local_task_job.py:208} INFO - Task exited with return code 0
[2023-03-18T18:00:25.921+0000] {taskinstance.py:2578} INFO - 1 downstream tasks scheduled from follow-on schedule check
