[2023-03-18T18:00:07.370+0000] {taskinstance.py:1083} INFO - Dependencies all met for <TaskInstance: gtfs_services.download_file scheduled__2023-03-18T17:00:00+00:00 [queued]>
[2023-03-18T18:00:07.432+0000] {taskinstance.py:1083} INFO - Dependencies all met for <TaskInstance: gtfs_services.download_file scheduled__2023-03-18T17:00:00+00:00 [queued]>
[2023-03-18T18:00:07.433+0000] {taskinstance.py:1279} INFO - 
--------------------------------------------------------------------------------
[2023-03-18T18:00:07.448+0000] {taskinstance.py:1280} INFO - Starting attempt 1 of 1
[2023-03-18T18:00:07.449+0000] {taskinstance.py:1281} INFO - 
--------------------------------------------------------------------------------
[2023-03-18T18:00:07.518+0000] {taskinstance.py:1300} INFO - Executing <Task(PythonOperator): download_file> on 2023-03-18 17:00:00+00:00
[2023-03-18T18:00:07.527+0000] {standard_task_runner.py:55} INFO - Started process 90990 to run task
[2023-03-18T18:00:07.563+0000] {standard_task_runner.py:82} INFO - Running: ['***', 'tasks', 'run', 'gtfs_services', 'download_file', 'scheduled__2023-03-18T17:00:00+00:00', '--job-id', '715', '--raw', '--subdir', 'DAGS_FOLDER/gtfs_services.py', '--cfg-path', '/tmp/tmpjbjypo2r']
[2023-03-18T18:00:07.565+0000] {standard_task_runner.py:83} INFO - Job 715: Subtask download_file
[2023-03-18T18:00:08.036+0000] {task_command.py:388} INFO - Running <TaskInstance: gtfs_services.download_file scheduled__2023-03-18T17:00:00+00:00 [running]> on host diploma-vm.europe-west1-b.c.diploma-380314.internal
[2023-03-18T18:00:08.461+0000] {taskinstance.py:1507} INFO - Exporting the following env vars:
AIRFLOW_CTX_DAG_OWNER=***
AIRFLOW_CTX_DAG_ID=gtfs_services
AIRFLOW_CTX_TASK_ID=download_file
AIRFLOW_CTX_EXECUTION_DATE=2023-03-18T17:00:00+00:00
AIRFLOW_CTX_TRY_NUMBER=1
AIRFLOW_CTX_DAG_RUN_ID=scheduled__2023-03-18T17:00:00+00:00
[2023-03-18T18:00:08.910+0000] {python.py:177} INFO - Done. Returned value was: None
[2023-03-18T18:00:08.945+0000] {taskinstance.py:1318} INFO - Marking task as SUCCESS. dag_id=gtfs_services, task_id=download_file, execution_date=20230318T170000, start_date=20230318T180007, end_date=20230318T180008
[2023-03-18T18:00:09.019+0000] {local_task_job.py:208} INFO - Task exited with return code 0
[2023-03-18T18:00:09.113+0000] {taskinstance.py:2578} INFO - 1 downstream tasks scheduled from follow-on schedule check
