[2023-03-11T19:21:13.768+0000] {taskinstance.py:1083} INFO - Dependencies all met for <TaskInstance: first_dag.print_date manual__2023-03-11T19:21:10.114286+00:00 [queued]>
[2023-03-11T19:21:13.774+0000] {taskinstance.py:1083} INFO - Dependencies all met for <TaskInstance: first_dag.print_date manual__2023-03-11T19:21:10.114286+00:00 [queued]>
[2023-03-11T19:21:13.774+0000] {taskinstance.py:1279} INFO - 
--------------------------------------------------------------------------------
[2023-03-11T19:21:13.774+0000] {taskinstance.py:1280} INFO - Starting attempt 1 of 2
[2023-03-11T19:21:13.774+0000] {taskinstance.py:1281} INFO - 
--------------------------------------------------------------------------------
[2023-03-11T19:21:13.789+0000] {taskinstance.py:1300} INFO - Executing <Task(BashOperator): print_date> on 2023-03-11 19:21:10.114286+00:00
[2023-03-11T19:21:13.792+0000] {standard_task_runner.py:55} INFO - Started process 4858 to run task
[2023-03-11T19:21:13.796+0000] {standard_task_runner.py:82} INFO - Running: ['airflow', 'tasks', 'run', 'first_dag', 'print_date', 'manual__2023-03-11T19:21:10.114286+00:00', '--job-id', '4', '--raw', '--subdir', 'DAGS_FOLDER/first_dag.py', '--cfg-path', '/tmp/tmp1dwlje6t']
[2023-03-11T19:21:13.797+0000] {standard_task_runner.py:83} INFO - Job 4: Subtask print_date
[2023-03-11T19:21:13.846+0000] {task_command.py:388} INFO - Running <TaskInstance: first_dag.print_date manual__2023-03-11T19:21:10.114286+00:00 [running]> on host diploma-vm.europe-west1-b.c.diploma-380314.internal
[2023-03-11T19:21:13.894+0000] {taskinstance.py:1507} INFO - Exporting the following env vars:
AIRFLOW_CTX_DAG_OWNER=hamster
AIRFLOW_CTX_DAG_ID=first_dag
AIRFLOW_CTX_TASK_ID=print_date
AIRFLOW_CTX_EXECUTION_DATE=2023-03-11T19:21:10.114286+00:00
AIRFLOW_CTX_TRY_NUMBER=1
AIRFLOW_CTX_DAG_RUN_ID=manual__2023-03-11T19:21:10.114286+00:00
[2023-03-11T19:21:13.896+0000] {subprocess.py:63} INFO - Tmp dir root location: 
 /tmp
[2023-03-11T19:21:13.897+0000] {subprocess.py:75} INFO - Running command: ['/usr/bin/bash', '-c', 'echo hamster success']
[2023-03-11T19:21:13.903+0000] {subprocess.py:86} INFO - Output:
[2023-03-11T19:21:13.904+0000] {subprocess.py:93} INFO - hamster success
[2023-03-11T19:21:13.905+0000] {subprocess.py:97} INFO - Command exited with return code 0
[2023-03-11T19:21:13.926+0000] {taskinstance.py:1318} INFO - Marking task as SUCCESS. dag_id=first_dag, task_id=print_date, execution_date=20230311T192110, start_date=20230311T192113, end_date=20230311T192113
[2023-03-11T19:21:13.967+0000] {local_task_job.py:208} INFO - Task exited with return code 0
[2023-03-11T19:21:13.985+0000] {taskinstance.py:2578} INFO - 0 downstream tasks scheduled from follow-on schedule check
