[2023-03-18T17:29:20.940+0000] {taskinstance.py:1083} INFO - Dependencies all met for <TaskInstance: vehiclepositions.check_endpoint manual__2023-03-18T17:29:20.270703+00:00 [queued]>
[2023-03-18T17:29:20.953+0000] {taskinstance.py:1083} INFO - Dependencies all met for <TaskInstance: vehiclepositions.check_endpoint manual__2023-03-18T17:29:20.270703+00:00 [queued]>
[2023-03-18T17:29:20.953+0000] {taskinstance.py:1279} INFO - 
--------------------------------------------------------------------------------
[2023-03-18T17:29:20.953+0000] {taskinstance.py:1280} INFO - Starting attempt 1 of 1
[2023-03-18T17:29:20.953+0000] {taskinstance.py:1281} INFO - 
--------------------------------------------------------------------------------
[2023-03-18T17:29:20.968+0000] {taskinstance.py:1300} INFO - Executing <Task(PythonOperator): check_endpoint> on 2023-03-18 17:29:20.270703+00:00
[2023-03-18T17:29:20.972+0000] {standard_task_runner.py:55} INFO - Started process 87737 to run task
[2023-03-18T17:29:20.980+0000] {standard_task_runner.py:82} INFO - Running: ['***', 'tasks', 'run', 'vehiclepositions', 'check_endpoint', 'manual__2023-03-18T17:29:20.270703+00:00', '--job-id', '700', '--raw', '--subdir', 'DAGS_FOLDER/vehiclepositions.py', '--cfg-path', '/tmp/tmple8y_38z']
[2023-03-18T17:29:20.982+0000] {standard_task_runner.py:83} INFO - Job 700: Subtask check_endpoint
[2023-03-18T17:29:21.077+0000] {task_command.py:388} INFO - Running <TaskInstance: vehiclepositions.check_endpoint manual__2023-03-18T17:29:20.270703+00:00 [running]> on host diploma-vm.europe-west1-b.c.diploma-380314.internal
[2023-03-18T17:29:21.176+0000] {taskinstance.py:1507} INFO - Exporting the following env vars:
AIRFLOW_CTX_DAG_OWNER=***
AIRFLOW_CTX_DAG_ID=vehiclepositions
AIRFLOW_CTX_TASK_ID=check_endpoint
AIRFLOW_CTX_EXECUTION_DATE=2023-03-18T17:29:20.270703+00:00
AIRFLOW_CTX_TRY_NUMBER=1
AIRFLOW_CTX_DAG_RUN_ID=manual__2023-03-18T17:29:20.270703+00:00
[2023-03-18T17:29:21.355+0000] {python.py:177} INFO - Done. Returned value was: None
[2023-03-18T17:29:21.374+0000] {taskinstance.py:1318} INFO - Marking task as SUCCESS. dag_id=vehiclepositions, task_id=check_endpoint, execution_date=20230318T172920, start_date=20230318T172920, end_date=20230318T172921
[2023-03-18T17:29:21.431+0000] {local_task_job.py:208} INFO - Task exited with return code 0
[2023-03-18T17:29:21.477+0000] {taskinstance.py:2578} INFO - 1 downstream tasks scheduled from follow-on schedule check
