[2023-03-18T17:00:00.965+0000] {taskinstance.py:1083} INFO - Dependencies all met for <TaskInstance: gtfs_routes.check_endpoint scheduled__2023-03-18T16:00:00+00:00 [queued]>
[2023-03-18T17:00:00.984+0000] {taskinstance.py:1083} INFO - Dependencies all met for <TaskInstance: gtfs_routes.check_endpoint scheduled__2023-03-18T16:00:00+00:00 [queued]>
[2023-03-18T17:00:00.984+0000] {taskinstance.py:1279} INFO - 
--------------------------------------------------------------------------------
[2023-03-18T17:00:00.984+0000] {taskinstance.py:1280} INFO - Starting attempt 1 of 1
[2023-03-18T17:00:00.984+0000] {taskinstance.py:1281} INFO - 
--------------------------------------------------------------------------------
[2023-03-18T17:00:01.008+0000] {taskinstance.py:1300} INFO - Executing <Task(PythonOperator): check_endpoint> on 2023-03-18 16:00:00+00:00
[2023-03-18T17:00:01.020+0000] {standard_task_runner.py:55} INFO - Started process 83935 to run task
[2023-03-18T17:00:01.033+0000] {standard_task_runner.py:82} INFO - Running: ['***', 'tasks', 'run', 'gtfs_routes', 'check_endpoint', 'scheduled__2023-03-18T16:00:00+00:00', '--job-id', '653', '--raw', '--subdir', 'DAGS_FOLDER/gtfs_routes.py', '--cfg-path', '/tmp/tmpkpk7jw0p']
[2023-03-18T17:00:01.044+0000] {standard_task_runner.py:83} INFO - Job 653: Subtask check_endpoint
[2023-03-18T17:00:01.314+0000] {task_command.py:388} INFO - Running <TaskInstance: gtfs_routes.check_endpoint scheduled__2023-03-18T16:00:00+00:00 [running]> on host diploma-vm.europe-west1-b.c.diploma-380314.internal
[2023-03-18T17:00:01.545+0000] {taskinstance.py:1507} INFO - Exporting the following env vars:
AIRFLOW_CTX_DAG_OWNER=***
AIRFLOW_CTX_DAG_ID=gtfs_routes
AIRFLOW_CTX_TASK_ID=check_endpoint
AIRFLOW_CTX_EXECUTION_DATE=2023-03-18T16:00:00+00:00
AIRFLOW_CTX_TRY_NUMBER=1
AIRFLOW_CTX_DAG_RUN_ID=scheduled__2023-03-18T16:00:00+00:00
[2023-03-18T17:00:01.822+0000] {python.py:177} INFO - Done. Returned value was: None
[2023-03-18T17:00:01.837+0000] {taskinstance.py:1318} INFO - Marking task as SUCCESS. dag_id=gtfs_routes, task_id=check_endpoint, execution_date=20230318T160000, start_date=20230318T170000, end_date=20230318T170001
[2023-03-18T17:00:01.890+0000] {local_task_job.py:208} INFO - Task exited with return code 0
[2023-03-18T17:00:01.933+0000] {taskinstance.py:2578} INFO - 1 downstream tasks scheduled from follow-on schedule check
