[2023-03-18T16:54:53.340+0000] {taskinstance.py:1083} INFO - Dependencies all met for <TaskInstance: gtfs_routes.src_table_gtfs_routes scheduled__2023-03-18T15:00:00+00:00 [queued]>
[2023-03-18T16:54:53.353+0000] {taskinstance.py:1083} INFO - Dependencies all met for <TaskInstance: gtfs_routes.src_table_gtfs_routes scheduled__2023-03-18T15:00:00+00:00 [queued]>
[2023-03-18T16:54:53.354+0000] {taskinstance.py:1279} INFO - 
--------------------------------------------------------------------------------
[2023-03-18T16:54:53.354+0000] {taskinstance.py:1280} INFO - Starting attempt 1 of 1
[2023-03-18T16:54:53.354+0000] {taskinstance.py:1281} INFO - 
--------------------------------------------------------------------------------
[2023-03-18T16:54:53.370+0000] {taskinstance.py:1300} INFO - Executing <Task(MySqlOperator): src_table_gtfs_routes> on 2023-03-18 15:00:00+00:00
[2023-03-18T16:54:53.375+0000] {standard_task_runner.py:55} INFO - Started process 83346 to run task
[2023-03-18T16:54:53.381+0000] {standard_task_runner.py:82} INFO - Running: ['***', 'tasks', 'run', 'gtfs_routes', 'src_table_gtfs_routes', 'scheduled__2023-03-18T15:00:00+00:00', '--job-id', '649', '--raw', '--subdir', 'DAGS_FOLDER/gtfs_routes.py', '--cfg-path', '/tmp/tmp3ld7z33m']
[2023-03-18T16:54:53.383+0000] {standard_task_runner.py:83} INFO - Job 649: Subtask src_table_gtfs_routes
[2023-03-18T16:54:53.484+0000] {task_command.py:388} INFO - Running <TaskInstance: gtfs_routes.src_table_gtfs_routes scheduled__2023-03-18T15:00:00+00:00 [running]> on host diploma-vm.europe-west1-b.c.diploma-380314.internal
[2023-03-18T16:54:53.581+0000] {taskinstance.py:1507} INFO - Exporting the following env vars:
AIRFLOW_CTX_DAG_OWNER=***
AIRFLOW_CTX_DAG_ID=gtfs_routes
AIRFLOW_CTX_TASK_ID=src_table_gtfs_routes
AIRFLOW_CTX_EXECUTION_DATE=2023-03-18T15:00:00+00:00
AIRFLOW_CTX_TRY_NUMBER=1
AIRFLOW_CTX_DAG_RUN_ID=scheduled__2023-03-18T15:00:00+00:00
[2023-03-18T16:54:53.582+0000] {sql.py:254} INFO - Executing: INSERT IGNORE INTO src_gtfs_routes
(
SELECT
    _sys_record_id,
    _sys_load_id,
    _sys_load_at,
    _sys_is_deleted,
    r.*
FROM
    pre_gtfs_routes,
    JSON_TABLE(
        jdoc,
        '$[*]'
        COLUMNS (
            i FOR ORDINALITY,
            jdoc JSON PATH '$[0]'
            )
    ) AS r
);
[2023-03-18T16:54:53.598+0000] {base.py:73} INFO - Using connection ID 'mysql-db' for task execution.
[2023-03-18T16:54:53.695+0000] {base.py:73} INFO - Using connection ID 'mysql-db' for task execution.
[2023-03-18T16:54:53.710+0000] {sql.py:375} INFO - Running statement: INSERT IGNORE INTO src_gtfs_routes
(
SELECT
    _sys_record_id,
    _sys_load_id,
    _sys_load_at,
    _sys_is_deleted,
    r.*
FROM
    pre_gtfs_routes,
    JSON_TABLE(
        jdoc,
        '$[*]'
        COLUMNS (
            i FOR ORDINALITY,
            jdoc JSON PATH '$[0]'
            )
    ) AS r
);, parameters: None
[2023-03-18T16:54:53.810+0000] {sql.py:384} INFO - Rows affected: 807
[2023-03-18T16:54:53.837+0000] {taskinstance.py:1318} INFO - Marking task as SUCCESS. dag_id=gtfs_routes, task_id=src_table_gtfs_routes, execution_date=20230318T150000, start_date=20230318T165453, end_date=20230318T165453
[2023-03-18T16:54:53.878+0000] {local_task_job.py:208} INFO - Task exited with return code 0
[2023-03-18T16:54:53.909+0000] {taskinstance.py:2578} INFO - 1 downstream tasks scheduled from follow-on schedule check
