[2023-03-12T07:30:18.845+0000] {processor.py:153} INFO - Started process (PID=1460) to work on /home/melicharovykrecek/venv/lib/python3.9/site-packages/airflow/example_dags/plugins/workday.py
[2023-03-12T07:30:18.846+0000] {processor.py:743} INFO - Processing file /home/melicharovykrecek/venv/lib/python3.9/site-packages/airflow/example_dags/plugins/workday.py for tasks to queue
[2023-03-12T07:30:18.847+0000] {logging_mixin.py:137} INFO - [2023-03-12T07:30:18.847+0000] {dagbag.py:538} INFO - Filling up the DagBag from /home/melicharovykrecek/venv/lib/python3.9/site-packages/airflow/example_dags/plugins/workday.py
[2023-03-12T07:30:18.850+0000] {processor.py:755} WARNING - No viable dags retrieved from /home/melicharovykrecek/venv/lib/python3.9/site-packages/airflow/example_dags/plugins/workday.py
[2023-03-12T07:30:18.863+0000] {processor.py:175} INFO - Processing /home/melicharovykrecek/venv/lib/python3.9/site-packages/airflow/example_dags/plugins/workday.py took 0.023 seconds
[2023-03-12T07:31:01.302+0000] {processor.py:153} INFO - Started process (PID=1505) to work on /home/melicharovykrecek/venv/lib/python3.9/site-packages/airflow/example_dags/plugins/workday.py
[2023-03-12T07:31:01.307+0000] {processor.py:743} INFO - Processing file /home/melicharovykrecek/venv/lib/python3.9/site-packages/airflow/example_dags/plugins/workday.py for tasks to queue
[2023-03-12T07:31:01.308+0000] {logging_mixin.py:137} INFO - [2023-03-12T07:31:01.308+0000] {dagbag.py:538} INFO - Filling up the DagBag from /home/melicharovykrecek/venv/lib/python3.9/site-packages/airflow/example_dags/plugins/workday.py
[2023-03-12T07:31:01.310+0000] {processor.py:755} WARNING - No viable dags retrieved from /home/melicharovykrecek/venv/lib/python3.9/site-packages/airflow/example_dags/plugins/workday.py
[2023-03-12T07:31:01.323+0000] {processor.py:175} INFO - Processing /home/melicharovykrecek/venv/lib/python3.9/site-packages/airflow/example_dags/plugins/workday.py took 0.025 seconds
[2023-03-12T07:31:35.544+0000] {processor.py:153} INFO - Started process (PID=1558) to work on /home/melicharovykrecek/venv/lib/python3.9/site-packages/airflow/example_dags/plugins/workday.py
[2023-03-12T07:31:35.547+0000] {processor.py:743} INFO - Processing file /home/melicharovykrecek/venv/lib/python3.9/site-packages/airflow/example_dags/plugins/workday.py for tasks to queue
[2023-03-12T07:31:35.548+0000] {logging_mixin.py:137} INFO - [2023-03-12T07:31:35.548+0000] {dagbag.py:538} INFO - Filling up the DagBag from /home/melicharovykrecek/venv/lib/python3.9/site-packages/airflow/example_dags/plugins/workday.py
[2023-03-12T07:31:35.550+0000] {processor.py:755} WARNING - No viable dags retrieved from /home/melicharovykrecek/venv/lib/python3.9/site-packages/airflow/example_dags/plugins/workday.py
[2023-03-12T07:31:35.564+0000] {processor.py:175} INFO - Processing /home/melicharovykrecek/venv/lib/python3.9/site-packages/airflow/example_dags/plugins/workday.py took 0.025 seconds
[2023-03-12T07:32:10.904+0000] {processor.py:153} INFO - Started process (PID=1597) to work on /home/melicharovykrecek/venv/lib/python3.9/site-packages/airflow/example_dags/plugins/workday.py
[2023-03-12T07:32:10.906+0000] {processor.py:743} INFO - Processing file /home/melicharovykrecek/venv/lib/python3.9/site-packages/airflow/example_dags/plugins/workday.py for tasks to queue
[2023-03-12T07:32:10.907+0000] {logging_mixin.py:137} INFO - [2023-03-12T07:32:10.907+0000] {dagbag.py:538} INFO - Filling up the DagBag from /home/melicharovykrecek/venv/lib/python3.9/site-packages/airflow/example_dags/plugins/workday.py
[2023-03-12T07:32:10.910+0000] {processor.py:755} WARNING - No viable dags retrieved from /home/melicharovykrecek/venv/lib/python3.9/site-packages/airflow/example_dags/plugins/workday.py
[2023-03-12T07:32:10.924+0000] {processor.py:175} INFO - Processing /home/melicharovykrecek/venv/lib/python3.9/site-packages/airflow/example_dags/plugins/workday.py took 0.025 seconds
[2023-03-12T07:32:47.569+0000] {processor.py:153} INFO - Started process (PID=1636) to work on /home/melicharovykrecek/venv/lib/python3.9/site-packages/airflow/example_dags/plugins/workday.py
[2023-03-12T07:32:47.571+0000] {processor.py:743} INFO - Processing file /home/melicharovykrecek/venv/lib/python3.9/site-packages/airflow/example_dags/plugins/workday.py for tasks to queue
[2023-03-12T07:32:47.572+0000] {logging_mixin.py:137} INFO - [2023-03-12T07:32:47.572+0000] {dagbag.py:538} INFO - Filling up the DagBag from /home/melicharovykrecek/venv/lib/python3.9/site-packages/airflow/example_dags/plugins/workday.py
[2023-03-12T07:32:47.574+0000] {processor.py:755} WARNING - No viable dags retrieved from /home/melicharovykrecek/venv/lib/python3.9/site-packages/airflow/example_dags/plugins/workday.py
[2023-03-12T07:32:47.587+0000] {processor.py:175} INFO - Processing /home/melicharovykrecek/venv/lib/python3.9/site-packages/airflow/example_dags/plugins/workday.py took 0.023 seconds
[2023-03-12T07:33:26.472+0000] {processor.py:153} INFO - Started process (PID=1677) to work on /home/melicharovykrecek/venv/lib/python3.9/site-packages/airflow/example_dags/plugins/workday.py
[2023-03-12T07:33:26.474+0000] {processor.py:743} INFO - Processing file /home/melicharovykrecek/venv/lib/python3.9/site-packages/airflow/example_dags/plugins/workday.py for tasks to queue
[2023-03-12T07:33:26.475+0000] {logging_mixin.py:137} INFO - [2023-03-12T07:33:26.475+0000] {dagbag.py:538} INFO - Filling up the DagBag from /home/melicharovykrecek/venv/lib/python3.9/site-packages/airflow/example_dags/plugins/workday.py
[2023-03-12T07:33:26.477+0000] {processor.py:755} WARNING - No viable dags retrieved from /home/melicharovykrecek/venv/lib/python3.9/site-packages/airflow/example_dags/plugins/workday.py
[2023-03-12T07:33:26.490+0000] {processor.py:175} INFO - Processing /home/melicharovykrecek/venv/lib/python3.9/site-packages/airflow/example_dags/plugins/workday.py took 0.022 seconds
[2023-03-12T07:34:03.911+0000] {processor.py:153} INFO - Started process (PID=1713) to work on /home/melicharovykrecek/venv/lib/python3.9/site-packages/airflow/example_dags/plugins/workday.py
[2023-03-12T07:34:03.913+0000] {processor.py:743} INFO - Processing file /home/melicharovykrecek/venv/lib/python3.9/site-packages/airflow/example_dags/plugins/workday.py for tasks to queue
[2023-03-12T07:34:03.914+0000] {logging_mixin.py:137} INFO - [2023-03-12T07:34:03.914+0000] {dagbag.py:538} INFO - Filling up the DagBag from /home/melicharovykrecek/venv/lib/python3.9/site-packages/airflow/example_dags/plugins/workday.py
[2023-03-12T07:34:03.916+0000] {processor.py:755} WARNING - No viable dags retrieved from /home/melicharovykrecek/venv/lib/python3.9/site-packages/airflow/example_dags/plugins/workday.py
[2023-03-12T07:34:03.928+0000] {processor.py:175} INFO - Processing /home/melicharovykrecek/venv/lib/python3.9/site-packages/airflow/example_dags/plugins/workday.py took 0.022 seconds
[2023-03-12T07:34:41.427+0000] {processor.py:153} INFO - Started process (PID=1760) to work on /home/melicharovykrecek/venv/lib/python3.9/site-packages/airflow/example_dags/plugins/workday.py
[2023-03-12T07:34:41.429+0000] {processor.py:743} INFO - Processing file /home/melicharovykrecek/venv/lib/python3.9/site-packages/airflow/example_dags/plugins/workday.py for tasks to queue
[2023-03-12T07:34:41.430+0000] {logging_mixin.py:137} INFO - [2023-03-12T07:34:41.430+0000] {dagbag.py:538} INFO - Filling up the DagBag from /home/melicharovykrecek/venv/lib/python3.9/site-packages/airflow/example_dags/plugins/workday.py
[2023-03-12T07:34:41.432+0000] {processor.py:755} WARNING - No viable dags retrieved from /home/melicharovykrecek/venv/lib/python3.9/site-packages/airflow/example_dags/plugins/workday.py
[2023-03-12T07:34:41.445+0000] {processor.py:175} INFO - Processing /home/melicharovykrecek/venv/lib/python3.9/site-packages/airflow/example_dags/plugins/workday.py took 0.022 seconds
[2023-03-12T07:35:17.901+0000] {processor.py:153} INFO - Started process (PID=1821) to work on /home/melicharovykrecek/venv/lib/python3.9/site-packages/airflow/example_dags/plugins/workday.py
[2023-03-12T07:35:17.903+0000] {processor.py:743} INFO - Processing file /home/melicharovykrecek/venv/lib/python3.9/site-packages/airflow/example_dags/plugins/workday.py for tasks to queue
[2023-03-12T07:35:17.904+0000] {logging_mixin.py:137} INFO - [2023-03-12T07:35:17.904+0000] {dagbag.py:538} INFO - Filling up the DagBag from /home/melicharovykrecek/venv/lib/python3.9/site-packages/airflow/example_dags/plugins/workday.py
[2023-03-12T07:35:17.906+0000] {processor.py:755} WARNING - No viable dags retrieved from /home/melicharovykrecek/venv/lib/python3.9/site-packages/airflow/example_dags/plugins/workday.py
[2023-03-12T07:35:17.919+0000] {processor.py:175} INFO - Processing /home/melicharovykrecek/venv/lib/python3.9/site-packages/airflow/example_dags/plugins/workday.py took 0.023 seconds
[2023-03-12T07:35:53.994+0000] {processor.py:153} INFO - Started process (PID=1880) to work on /home/melicharovykrecek/venv/lib/python3.9/site-packages/airflow/example_dags/plugins/workday.py
[2023-03-12T07:35:53.996+0000] {processor.py:743} INFO - Processing file /home/melicharovykrecek/venv/lib/python3.9/site-packages/airflow/example_dags/plugins/workday.py for tasks to queue
[2023-03-12T07:35:53.997+0000] {logging_mixin.py:137} INFO - [2023-03-12T07:35:53.997+0000] {dagbag.py:538} INFO - Filling up the DagBag from /home/melicharovykrecek/venv/lib/python3.9/site-packages/airflow/example_dags/plugins/workday.py
[2023-03-12T07:35:53.999+0000] {processor.py:755} WARNING - No viable dags retrieved from /home/melicharovykrecek/venv/lib/python3.9/site-packages/airflow/example_dags/plugins/workday.py
[2023-03-12T07:35:54.012+0000] {processor.py:175} INFO - Processing /home/melicharovykrecek/venv/lib/python3.9/site-packages/airflow/example_dags/plugins/workday.py took 0.023 seconds
[2023-03-12T07:36:33.519+0000] {processor.py:153} INFO - Started process (PID=1917) to work on /home/melicharovykrecek/venv/lib/python3.9/site-packages/airflow/example_dags/plugins/workday.py
[2023-03-12T07:36:33.521+0000] {processor.py:743} INFO - Processing file /home/melicharovykrecek/venv/lib/python3.9/site-packages/airflow/example_dags/plugins/workday.py for tasks to queue
[2023-03-12T07:36:33.522+0000] {logging_mixin.py:137} INFO - [2023-03-12T07:36:33.521+0000] {dagbag.py:538} INFO - Filling up the DagBag from /home/melicharovykrecek/venv/lib/python3.9/site-packages/airflow/example_dags/plugins/workday.py
[2023-03-12T07:36:33.524+0000] {processor.py:755} WARNING - No viable dags retrieved from /home/melicharovykrecek/venv/lib/python3.9/site-packages/airflow/example_dags/plugins/workday.py
[2023-03-12T07:36:33.537+0000] {processor.py:175} INFO - Processing /home/melicharovykrecek/venv/lib/python3.9/site-packages/airflow/example_dags/plugins/workday.py took 0.024 seconds
[2023-03-12T07:37:08.723+0000] {processor.py:153} INFO - Started process (PID=1952) to work on /home/melicharovykrecek/venv/lib/python3.9/site-packages/airflow/example_dags/plugins/workday.py
[2023-03-12T07:37:08.726+0000] {processor.py:743} INFO - Processing file /home/melicharovykrecek/venv/lib/python3.9/site-packages/airflow/example_dags/plugins/workday.py for tasks to queue
[2023-03-12T07:37:08.726+0000] {logging_mixin.py:137} INFO - [2023-03-12T07:37:08.726+0000] {dagbag.py:538} INFO - Filling up the DagBag from /home/melicharovykrecek/venv/lib/python3.9/site-packages/airflow/example_dags/plugins/workday.py
[2023-03-12T07:37:08.729+0000] {processor.py:755} WARNING - No viable dags retrieved from /home/melicharovykrecek/venv/lib/python3.9/site-packages/airflow/example_dags/plugins/workday.py
[2023-03-12T07:37:08.741+0000] {processor.py:175} INFO - Processing /home/melicharovykrecek/venv/lib/python3.9/site-packages/airflow/example_dags/plugins/workday.py took 0.023 seconds
[2023-03-12T07:37:41.778+0000] {processor.py:153} INFO - Started process (PID=1987) to work on /home/melicharovykrecek/venv/lib/python3.9/site-packages/airflow/example_dags/plugins/workday.py
[2023-03-12T07:37:41.780+0000] {processor.py:743} INFO - Processing file /home/melicharovykrecek/venv/lib/python3.9/site-packages/airflow/example_dags/plugins/workday.py for tasks to queue
[2023-03-12T07:37:41.780+0000] {logging_mixin.py:137} INFO - [2023-03-12T07:37:41.780+0000] {dagbag.py:538} INFO - Filling up the DagBag from /home/melicharovykrecek/venv/lib/python3.9/site-packages/airflow/example_dags/plugins/workday.py
[2023-03-12T07:37:41.783+0000] {processor.py:755} WARNING - No viable dags retrieved from /home/melicharovykrecek/venv/lib/python3.9/site-packages/airflow/example_dags/plugins/workday.py
[2023-03-12T07:37:41.795+0000] {processor.py:175} INFO - Processing /home/melicharovykrecek/venv/lib/python3.9/site-packages/airflow/example_dags/plugins/workday.py took 0.023 seconds
[2023-03-12T07:38:19.865+0000] {processor.py:153} INFO - Started process (PID=2026) to work on /home/melicharovykrecek/venv/lib/python3.9/site-packages/airflow/example_dags/plugins/workday.py
[2023-03-12T07:38:19.868+0000] {processor.py:743} INFO - Processing file /home/melicharovykrecek/venv/lib/python3.9/site-packages/airflow/example_dags/plugins/workday.py for tasks to queue
[2023-03-12T07:38:19.869+0000] {logging_mixin.py:137} INFO - [2023-03-12T07:38:19.869+0000] {dagbag.py:538} INFO - Filling up the DagBag from /home/melicharovykrecek/venv/lib/python3.9/site-packages/airflow/example_dags/plugins/workday.py
[2023-03-12T07:38:19.871+0000] {processor.py:755} WARNING - No viable dags retrieved from /home/melicharovykrecek/venv/lib/python3.9/site-packages/airflow/example_dags/plugins/workday.py
[2023-03-12T07:38:19.885+0000] {processor.py:175} INFO - Processing /home/melicharovykrecek/venv/lib/python3.9/site-packages/airflow/example_dags/plugins/workday.py took 0.026 seconds
[2023-03-12T07:38:57.946+0000] {processor.py:153} INFO - Started process (PID=2072) to work on /home/melicharovykrecek/venv/lib/python3.9/site-packages/airflow/example_dags/plugins/workday.py
[2023-03-12T07:38:57.948+0000] {processor.py:743} INFO - Processing file /home/melicharovykrecek/venv/lib/python3.9/site-packages/airflow/example_dags/plugins/workday.py for tasks to queue
[2023-03-12T07:38:57.949+0000] {logging_mixin.py:137} INFO - [2023-03-12T07:38:57.949+0000] {dagbag.py:538} INFO - Filling up the DagBag from /home/melicharovykrecek/venv/lib/python3.9/site-packages/airflow/example_dags/plugins/workday.py
[2023-03-12T07:38:57.951+0000] {processor.py:755} WARNING - No viable dags retrieved from /home/melicharovykrecek/venv/lib/python3.9/site-packages/airflow/example_dags/plugins/workday.py
[2023-03-12T07:38:57.965+0000] {processor.py:175} INFO - Processing /home/melicharovykrecek/venv/lib/python3.9/site-packages/airflow/example_dags/plugins/workday.py took 0.026 seconds
[2023-03-12T07:39:35.920+0000] {processor.py:153} INFO - Started process (PID=2109) to work on /home/melicharovykrecek/venv/lib/python3.9/site-packages/airflow/example_dags/plugins/workday.py
[2023-03-12T07:39:35.922+0000] {processor.py:743} INFO - Processing file /home/melicharovykrecek/venv/lib/python3.9/site-packages/airflow/example_dags/plugins/workday.py for tasks to queue
[2023-03-12T07:39:35.923+0000] {logging_mixin.py:137} INFO - [2023-03-12T07:39:35.923+0000] {dagbag.py:538} INFO - Filling up the DagBag from /home/melicharovykrecek/venv/lib/python3.9/site-packages/airflow/example_dags/plugins/workday.py
[2023-03-12T07:39:35.926+0000] {processor.py:755} WARNING - No viable dags retrieved from /home/melicharovykrecek/venv/lib/python3.9/site-packages/airflow/example_dags/plugins/workday.py
[2023-03-12T07:39:35.940+0000] {processor.py:175} INFO - Processing /home/melicharovykrecek/venv/lib/python3.9/site-packages/airflow/example_dags/plugins/workday.py took 0.026 seconds
[2023-03-12T07:40:08.381+0000] {processor.py:153} INFO - Started process (PID=2153) to work on /home/melicharovykrecek/venv/lib/python3.9/site-packages/airflow/example_dags/plugins/workday.py
[2023-03-12T07:40:08.383+0000] {processor.py:743} INFO - Processing file /home/melicharovykrecek/venv/lib/python3.9/site-packages/airflow/example_dags/plugins/workday.py for tasks to queue
[2023-03-12T07:40:08.384+0000] {logging_mixin.py:137} INFO - [2023-03-12T07:40:08.384+0000] {dagbag.py:538} INFO - Filling up the DagBag from /home/melicharovykrecek/venv/lib/python3.9/site-packages/airflow/example_dags/plugins/workday.py
[2023-03-12T07:40:08.387+0000] {processor.py:755} WARNING - No viable dags retrieved from /home/melicharovykrecek/venv/lib/python3.9/site-packages/airflow/example_dags/plugins/workday.py
[2023-03-12T07:40:08.403+0000] {processor.py:175} INFO - Processing /home/melicharovykrecek/venv/lib/python3.9/site-packages/airflow/example_dags/plugins/workday.py took 0.026 seconds
[2023-03-12T07:40:42.899+0000] {processor.py:153} INFO - Started process (PID=2204) to work on /home/melicharovykrecek/venv/lib/python3.9/site-packages/airflow/example_dags/plugins/workday.py
[2023-03-12T07:40:42.900+0000] {processor.py:743} INFO - Processing file /home/melicharovykrecek/venv/lib/python3.9/site-packages/airflow/example_dags/plugins/workday.py for tasks to queue
[2023-03-12T07:40:42.901+0000] {logging_mixin.py:137} INFO - [2023-03-12T07:40:42.901+0000] {dagbag.py:538} INFO - Filling up the DagBag from /home/melicharovykrecek/venv/lib/python3.9/site-packages/airflow/example_dags/plugins/workday.py
[2023-03-12T07:40:42.903+0000] {processor.py:755} WARNING - No viable dags retrieved from /home/melicharovykrecek/venv/lib/python3.9/site-packages/airflow/example_dags/plugins/workday.py
[2023-03-12T07:40:42.918+0000] {processor.py:175} INFO - Processing /home/melicharovykrecek/venv/lib/python3.9/site-packages/airflow/example_dags/plugins/workday.py took 0.024 seconds
[2023-03-12T07:41:21.034+0000] {processor.py:153} INFO - Started process (PID=2266) to work on /home/melicharovykrecek/venv/lib/python3.9/site-packages/airflow/example_dags/plugins/workday.py
[2023-03-12T07:41:21.036+0000] {processor.py:743} INFO - Processing file /home/melicharovykrecek/venv/lib/python3.9/site-packages/airflow/example_dags/plugins/workday.py for tasks to queue
[2023-03-12T07:41:21.036+0000] {logging_mixin.py:137} INFO - [2023-03-12T07:41:21.036+0000] {dagbag.py:538} INFO - Filling up the DagBag from /home/melicharovykrecek/venv/lib/python3.9/site-packages/airflow/example_dags/plugins/workday.py
[2023-03-12T07:41:21.039+0000] {processor.py:755} WARNING - No viable dags retrieved from /home/melicharovykrecek/venv/lib/python3.9/site-packages/airflow/example_dags/plugins/workday.py
[2023-03-12T07:41:21.054+0000] {processor.py:175} INFO - Processing /home/melicharovykrecek/venv/lib/python3.9/site-packages/airflow/example_dags/plugins/workday.py took 0.025 seconds
[2023-03-12T07:41:54.851+0000] {processor.py:153} INFO - Started process (PID=2299) to work on /home/melicharovykrecek/venv/lib/python3.9/site-packages/airflow/example_dags/plugins/workday.py
[2023-03-12T07:41:54.854+0000] {processor.py:743} INFO - Processing file /home/melicharovykrecek/venv/lib/python3.9/site-packages/airflow/example_dags/plugins/workday.py for tasks to queue
[2023-03-12T07:41:54.855+0000] {logging_mixin.py:137} INFO - [2023-03-12T07:41:54.854+0000] {dagbag.py:538} INFO - Filling up the DagBag from /home/melicharovykrecek/venv/lib/python3.9/site-packages/airflow/example_dags/plugins/workday.py
[2023-03-12T07:41:54.857+0000] {processor.py:755} WARNING - No viable dags retrieved from /home/melicharovykrecek/venv/lib/python3.9/site-packages/airflow/example_dags/plugins/workday.py
[2023-03-12T07:41:54.872+0000] {processor.py:175} INFO - Processing /home/melicharovykrecek/venv/lib/python3.9/site-packages/airflow/example_dags/plugins/workday.py took 0.026 seconds
[2023-03-12T07:42:28.987+0000] {processor.py:153} INFO - Started process (PID=2333) to work on /home/melicharovykrecek/venv/lib/python3.9/site-packages/airflow/example_dags/plugins/workday.py
[2023-03-12T07:42:28.989+0000] {processor.py:743} INFO - Processing file /home/melicharovykrecek/venv/lib/python3.9/site-packages/airflow/example_dags/plugins/workday.py for tasks to queue
[2023-03-12T07:42:28.990+0000] {logging_mixin.py:137} INFO - [2023-03-12T07:42:28.990+0000] {dagbag.py:538} INFO - Filling up the DagBag from /home/melicharovykrecek/venv/lib/python3.9/site-packages/airflow/example_dags/plugins/workday.py
[2023-03-12T07:42:28.993+0000] {processor.py:755} WARNING - No viable dags retrieved from /home/melicharovykrecek/venv/lib/python3.9/site-packages/airflow/example_dags/plugins/workday.py
[2023-03-12T07:42:29.007+0000] {processor.py:175} INFO - Processing /home/melicharovykrecek/venv/lib/python3.9/site-packages/airflow/example_dags/plugins/workday.py took 0.024 seconds
[2023-03-12T07:43:03.267+0000] {processor.py:153} INFO - Started process (PID=2370) to work on /home/melicharovykrecek/venv/lib/python3.9/site-packages/airflow/example_dags/plugins/workday.py
[2023-03-12T07:43:03.269+0000] {processor.py:743} INFO - Processing file /home/melicharovykrecek/venv/lib/python3.9/site-packages/airflow/example_dags/plugins/workday.py for tasks to queue
[2023-03-12T07:43:03.270+0000] {logging_mixin.py:137} INFO - [2023-03-12T07:43:03.270+0000] {dagbag.py:538} INFO - Filling up the DagBag from /home/melicharovykrecek/venv/lib/python3.9/site-packages/airflow/example_dags/plugins/workday.py
[2023-03-12T07:43:03.273+0000] {processor.py:755} WARNING - No viable dags retrieved from /home/melicharovykrecek/venv/lib/python3.9/site-packages/airflow/example_dags/plugins/workday.py
[2023-03-12T07:43:03.289+0000] {processor.py:175} INFO - Processing /home/melicharovykrecek/venv/lib/python3.9/site-packages/airflow/example_dags/plugins/workday.py took 0.027 seconds
[2023-03-12T07:43:41.259+0000] {processor.py:153} INFO - Started process (PID=2425) to work on /home/melicharovykrecek/venv/lib/python3.9/site-packages/airflow/example_dags/plugins/workday.py
[2023-03-12T07:43:41.261+0000] {processor.py:743} INFO - Processing file /home/melicharovykrecek/venv/lib/python3.9/site-packages/airflow/example_dags/plugins/workday.py for tasks to queue
[2023-03-12T07:43:41.262+0000] {logging_mixin.py:137} INFO - [2023-03-12T07:43:41.262+0000] {dagbag.py:538} INFO - Filling up the DagBag from /home/melicharovykrecek/venv/lib/python3.9/site-packages/airflow/example_dags/plugins/workday.py
[2023-03-12T07:43:41.264+0000] {processor.py:755} WARNING - No viable dags retrieved from /home/melicharovykrecek/venv/lib/python3.9/site-packages/airflow/example_dags/plugins/workday.py
[2023-03-12T07:43:41.278+0000] {processor.py:175} INFO - Processing /home/melicharovykrecek/venv/lib/python3.9/site-packages/airflow/example_dags/plugins/workday.py took 0.024 seconds
[2023-03-12T07:44:19.526+0000] {processor.py:153} INFO - Started process (PID=2462) to work on /home/melicharovykrecek/venv/lib/python3.9/site-packages/airflow/example_dags/plugins/workday.py
[2023-03-12T07:44:19.528+0000] {processor.py:743} INFO - Processing file /home/melicharovykrecek/venv/lib/python3.9/site-packages/airflow/example_dags/plugins/workday.py for tasks to queue
[2023-03-12T07:44:19.529+0000] {logging_mixin.py:137} INFO - [2023-03-12T07:44:19.529+0000] {dagbag.py:538} INFO - Filling up the DagBag from /home/melicharovykrecek/venv/lib/python3.9/site-packages/airflow/example_dags/plugins/workday.py
[2023-03-12T07:44:19.531+0000] {processor.py:755} WARNING - No viable dags retrieved from /home/melicharovykrecek/venv/lib/python3.9/site-packages/airflow/example_dags/plugins/workday.py
[2023-03-12T07:44:19.545+0000] {processor.py:175} INFO - Processing /home/melicharovykrecek/venv/lib/python3.9/site-packages/airflow/example_dags/plugins/workday.py took 0.024 seconds
[2023-03-12T07:44:56.128+0000] {processor.py:153} INFO - Started process (PID=2501) to work on /home/melicharovykrecek/venv/lib/python3.9/site-packages/airflow/example_dags/plugins/workday.py
[2023-03-12T07:44:56.130+0000] {processor.py:743} INFO - Processing file /home/melicharovykrecek/venv/lib/python3.9/site-packages/airflow/example_dags/plugins/workday.py for tasks to queue
[2023-03-12T07:44:56.131+0000] {logging_mixin.py:137} INFO - [2023-03-12T07:44:56.131+0000] {dagbag.py:538} INFO - Filling up the DagBag from /home/melicharovykrecek/venv/lib/python3.9/site-packages/airflow/example_dags/plugins/workday.py
[2023-03-12T07:44:56.134+0000] {processor.py:755} WARNING - No viable dags retrieved from /home/melicharovykrecek/venv/lib/python3.9/site-packages/airflow/example_dags/plugins/workday.py
[2023-03-12T07:44:56.150+0000] {processor.py:175} INFO - Processing /home/melicharovykrecek/venv/lib/python3.9/site-packages/airflow/example_dags/plugins/workday.py took 0.027 seconds
[2023-03-12T07:45:30.040+0000] {processor.py:153} INFO - Started process (PID=2597) to work on /home/melicharovykrecek/venv/lib/python3.9/site-packages/airflow/example_dags/plugins/workday.py
[2023-03-12T07:45:30.041+0000] {processor.py:743} INFO - Processing file /home/melicharovykrecek/venv/lib/python3.9/site-packages/airflow/example_dags/plugins/workday.py for tasks to queue
[2023-03-12T07:45:30.042+0000] {logging_mixin.py:137} INFO - [2023-03-12T07:45:30.042+0000] {dagbag.py:538} INFO - Filling up the DagBag from /home/melicharovykrecek/venv/lib/python3.9/site-packages/airflow/example_dags/plugins/workday.py
[2023-03-12T07:45:30.044+0000] {processor.py:755} WARNING - No viable dags retrieved from /home/melicharovykrecek/venv/lib/python3.9/site-packages/airflow/example_dags/plugins/workday.py
[2023-03-12T07:45:30.058+0000] {processor.py:175} INFO - Processing /home/melicharovykrecek/venv/lib/python3.9/site-packages/airflow/example_dags/plugins/workday.py took 0.023 seconds
[2023-03-12T07:46:05.593+0000] {processor.py:153} INFO - Started process (PID=2635) to work on /home/melicharovykrecek/venv/lib/python3.9/site-packages/airflow/example_dags/plugins/workday.py
[2023-03-12T07:46:05.596+0000] {processor.py:743} INFO - Processing file /home/melicharovykrecek/venv/lib/python3.9/site-packages/airflow/example_dags/plugins/workday.py for tasks to queue
[2023-03-12T07:46:05.596+0000] {logging_mixin.py:137} INFO - [2023-03-12T07:46:05.596+0000] {dagbag.py:538} INFO - Filling up the DagBag from /home/melicharovykrecek/venv/lib/python3.9/site-packages/airflow/example_dags/plugins/workday.py
[2023-03-12T07:46:05.599+0000] {processor.py:755} WARNING - No viable dags retrieved from /home/melicharovykrecek/venv/lib/python3.9/site-packages/airflow/example_dags/plugins/workday.py
[2023-03-12T07:46:05.613+0000] {processor.py:175} INFO - Processing /home/melicharovykrecek/venv/lib/python3.9/site-packages/airflow/example_dags/plugins/workday.py took 0.025 seconds
[2023-03-12T07:46:43.599+0000] {processor.py:153} INFO - Started process (PID=2681) to work on /home/melicharovykrecek/venv/lib/python3.9/site-packages/airflow/example_dags/plugins/workday.py
[2023-03-12T07:46:43.601+0000] {processor.py:743} INFO - Processing file /home/melicharovykrecek/venv/lib/python3.9/site-packages/airflow/example_dags/plugins/workday.py for tasks to queue
[2023-03-12T07:46:43.602+0000] {logging_mixin.py:137} INFO - [2023-03-12T07:46:43.602+0000] {dagbag.py:538} INFO - Filling up the DagBag from /home/melicharovykrecek/venv/lib/python3.9/site-packages/airflow/example_dags/plugins/workday.py
[2023-03-12T07:46:43.604+0000] {processor.py:755} WARNING - No viable dags retrieved from /home/melicharovykrecek/venv/lib/python3.9/site-packages/airflow/example_dags/plugins/workday.py
[2023-03-12T07:46:43.619+0000] {processor.py:175} INFO - Processing /home/melicharovykrecek/venv/lib/python3.9/site-packages/airflow/example_dags/plugins/workday.py took 0.025 seconds
[2023-03-12T07:47:17.263+0000] {processor.py:153} INFO - Started process (PID=2714) to work on /home/melicharovykrecek/venv/lib/python3.9/site-packages/airflow/example_dags/plugins/workday.py
[2023-03-12T07:47:17.264+0000] {processor.py:743} INFO - Processing file /home/melicharovykrecek/venv/lib/python3.9/site-packages/airflow/example_dags/plugins/workday.py for tasks to queue
[2023-03-12T07:47:17.265+0000] {logging_mixin.py:137} INFO - [2023-03-12T07:47:17.265+0000] {dagbag.py:538} INFO - Filling up the DagBag from /home/melicharovykrecek/venv/lib/python3.9/site-packages/airflow/example_dags/plugins/workday.py
[2023-03-12T07:47:17.267+0000] {processor.py:755} WARNING - No viable dags retrieved from /home/melicharovykrecek/venv/lib/python3.9/site-packages/airflow/example_dags/plugins/workday.py
[2023-03-12T07:47:17.281+0000] {processor.py:175} INFO - Processing /home/melicharovykrecek/venv/lib/python3.9/site-packages/airflow/example_dags/plugins/workday.py took 0.023 seconds
[2023-03-12T07:47:54.306+0000] {processor.py:153} INFO - Started process (PID=2752) to work on /home/melicharovykrecek/venv/lib/python3.9/site-packages/airflow/example_dags/plugins/workday.py
[2023-03-12T07:47:54.308+0000] {processor.py:743} INFO - Processing file /home/melicharovykrecek/venv/lib/python3.9/site-packages/airflow/example_dags/plugins/workday.py for tasks to queue
[2023-03-12T07:47:54.309+0000] {logging_mixin.py:137} INFO - [2023-03-12T07:47:54.309+0000] {dagbag.py:538} INFO - Filling up the DagBag from /home/melicharovykrecek/venv/lib/python3.9/site-packages/airflow/example_dags/plugins/workday.py
[2023-03-12T07:47:54.312+0000] {processor.py:755} WARNING - No viable dags retrieved from /home/melicharovykrecek/venv/lib/python3.9/site-packages/airflow/example_dags/plugins/workday.py
[2023-03-12T07:47:54.326+0000] {processor.py:175} INFO - Processing /home/melicharovykrecek/venv/lib/python3.9/site-packages/airflow/example_dags/plugins/workday.py took 0.025 seconds
[2023-03-12T07:48:28.313+0000] {processor.py:153} INFO - Started process (PID=2785) to work on /home/melicharovykrecek/venv/lib/python3.9/site-packages/airflow/example_dags/plugins/workday.py
[2023-03-12T07:48:28.315+0000] {processor.py:743} INFO - Processing file /home/melicharovykrecek/venv/lib/python3.9/site-packages/airflow/example_dags/plugins/workday.py for tasks to queue
[2023-03-12T07:48:28.316+0000] {logging_mixin.py:137} INFO - [2023-03-12T07:48:28.316+0000] {dagbag.py:538} INFO - Filling up the DagBag from /home/melicharovykrecek/venv/lib/python3.9/site-packages/airflow/example_dags/plugins/workday.py
[2023-03-12T07:48:28.318+0000] {processor.py:755} WARNING - No viable dags retrieved from /home/melicharovykrecek/venv/lib/python3.9/site-packages/airflow/example_dags/plugins/workday.py
[2023-03-12T07:48:28.333+0000] {processor.py:175} INFO - Processing /home/melicharovykrecek/venv/lib/python3.9/site-packages/airflow/example_dags/plugins/workday.py took 0.025 seconds
[2023-03-12T07:48:59.323+0000] {processor.py:153} INFO - Started process (PID=2816) to work on /home/melicharovykrecek/venv/lib/python3.9/site-packages/airflow/example_dags/plugins/workday.py
[2023-03-12T07:48:59.325+0000] {processor.py:743} INFO - Processing file /home/melicharovykrecek/venv/lib/python3.9/site-packages/airflow/example_dags/plugins/workday.py for tasks to queue
[2023-03-12T07:48:59.325+0000] {logging_mixin.py:137} INFO - [2023-03-12T07:48:59.325+0000] {dagbag.py:538} INFO - Filling up the DagBag from /home/melicharovykrecek/venv/lib/python3.9/site-packages/airflow/example_dags/plugins/workday.py
[2023-03-12T07:48:59.328+0000] {processor.py:755} WARNING - No viable dags retrieved from /home/melicharovykrecek/venv/lib/python3.9/site-packages/airflow/example_dags/plugins/workday.py
[2023-03-12T07:48:59.341+0000] {processor.py:175} INFO - Processing /home/melicharovykrecek/venv/lib/python3.9/site-packages/airflow/example_dags/plugins/workday.py took 0.022 seconds
[2023-03-12T07:49:35.190+0000] {processor.py:153} INFO - Started process (PID=2850) to work on /home/melicharovykrecek/venv/lib/python3.9/site-packages/airflow/example_dags/plugins/workday.py
[2023-03-12T07:49:35.192+0000] {processor.py:743} INFO - Processing file /home/melicharovykrecek/venv/lib/python3.9/site-packages/airflow/example_dags/plugins/workday.py for tasks to queue
[2023-03-12T07:49:35.193+0000] {logging_mixin.py:137} INFO - [2023-03-12T07:49:35.193+0000] {dagbag.py:538} INFO - Filling up the DagBag from /home/melicharovykrecek/venv/lib/python3.9/site-packages/airflow/example_dags/plugins/workday.py
[2023-03-12T07:49:35.195+0000] {processor.py:755} WARNING - No viable dags retrieved from /home/melicharovykrecek/venv/lib/python3.9/site-packages/airflow/example_dags/plugins/workday.py
[2023-03-12T07:49:35.209+0000] {processor.py:175} INFO - Processing /home/melicharovykrecek/venv/lib/python3.9/site-packages/airflow/example_dags/plugins/workday.py took 0.024 seconds
[2023-03-12T07:50:10.293+0000] {processor.py:153} INFO - Started process (PID=2884) to work on /home/melicharovykrecek/venv/lib/python3.9/site-packages/airflow/example_dags/plugins/workday.py
[2023-03-12T07:50:10.295+0000] {processor.py:743} INFO - Processing file /home/melicharovykrecek/venv/lib/python3.9/site-packages/airflow/example_dags/plugins/workday.py for tasks to queue
[2023-03-12T07:50:10.296+0000] {logging_mixin.py:137} INFO - [2023-03-12T07:50:10.296+0000] {dagbag.py:538} INFO - Filling up the DagBag from /home/melicharovykrecek/venv/lib/python3.9/site-packages/airflow/example_dags/plugins/workday.py
[2023-03-12T07:50:10.298+0000] {processor.py:755} WARNING - No viable dags retrieved from /home/melicharovykrecek/venv/lib/python3.9/site-packages/airflow/example_dags/plugins/workday.py
[2023-03-12T07:50:10.313+0000] {processor.py:175} INFO - Processing /home/melicharovykrecek/venv/lib/python3.9/site-packages/airflow/example_dags/plugins/workday.py took 0.024 seconds
[2023-03-12T07:50:48.626+0000] {processor.py:153} INFO - Started process (PID=2925) to work on /home/melicharovykrecek/venv/lib/python3.9/site-packages/airflow/example_dags/plugins/workday.py
[2023-03-12T07:50:48.628+0000] {processor.py:743} INFO - Processing file /home/melicharovykrecek/venv/lib/python3.9/site-packages/airflow/example_dags/plugins/workday.py for tasks to queue
[2023-03-12T07:50:48.629+0000] {logging_mixin.py:137} INFO - [2023-03-12T07:50:48.629+0000] {dagbag.py:538} INFO - Filling up the DagBag from /home/melicharovykrecek/venv/lib/python3.9/site-packages/airflow/example_dags/plugins/workday.py
[2023-03-12T07:50:48.632+0000] {processor.py:755} WARNING - No viable dags retrieved from /home/melicharovykrecek/venv/lib/python3.9/site-packages/airflow/example_dags/plugins/workday.py
[2023-03-12T07:50:48.645+0000] {processor.py:175} INFO - Processing /home/melicharovykrecek/venv/lib/python3.9/site-packages/airflow/example_dags/plugins/workday.py took 0.024 seconds
[2023-03-12T07:51:26.616+0000] {processor.py:153} INFO - Started process (PID=2967) to work on /home/melicharovykrecek/venv/lib/python3.9/site-packages/airflow/example_dags/plugins/workday.py
[2023-03-12T07:51:26.619+0000] {processor.py:743} INFO - Processing file /home/melicharovykrecek/venv/lib/python3.9/site-packages/airflow/example_dags/plugins/workday.py for tasks to queue
[2023-03-12T07:51:26.620+0000] {logging_mixin.py:137} INFO - [2023-03-12T07:51:26.619+0000] {dagbag.py:538} INFO - Filling up the DagBag from /home/melicharovykrecek/venv/lib/python3.9/site-packages/airflow/example_dags/plugins/workday.py
[2023-03-12T07:51:26.622+0000] {processor.py:755} WARNING - No viable dags retrieved from /home/melicharovykrecek/venv/lib/python3.9/site-packages/airflow/example_dags/plugins/workday.py
[2023-03-12T07:51:26.637+0000] {processor.py:175} INFO - Processing /home/melicharovykrecek/venv/lib/python3.9/site-packages/airflow/example_dags/plugins/workday.py took 0.026 seconds
[2023-03-12T07:52:03.152+0000] {processor.py:153} INFO - Started process (PID=3003) to work on /home/melicharovykrecek/venv/lib/python3.9/site-packages/airflow/example_dags/plugins/workday.py
[2023-03-12T07:52:03.155+0000] {processor.py:743} INFO - Processing file /home/melicharovykrecek/venv/lib/python3.9/site-packages/airflow/example_dags/plugins/workday.py for tasks to queue
[2023-03-12T07:52:03.156+0000] {logging_mixin.py:137} INFO - [2023-03-12T07:52:03.155+0000] {dagbag.py:538} INFO - Filling up the DagBag from /home/melicharovykrecek/venv/lib/python3.9/site-packages/airflow/example_dags/plugins/workday.py
[2023-03-12T07:52:03.158+0000] {processor.py:755} WARNING - No viable dags retrieved from /home/melicharovykrecek/venv/lib/python3.9/site-packages/airflow/example_dags/plugins/workday.py
[2023-03-12T07:52:03.173+0000] {processor.py:175} INFO - Processing /home/melicharovykrecek/venv/lib/python3.9/site-packages/airflow/example_dags/plugins/workday.py took 0.026 seconds
[2023-03-12T07:52:37.697+0000] {processor.py:153} INFO - Started process (PID=3037) to work on /home/melicharovykrecek/venv/lib/python3.9/site-packages/airflow/example_dags/plugins/workday.py
[2023-03-12T07:52:37.699+0000] {processor.py:743} INFO - Processing file /home/melicharovykrecek/venv/lib/python3.9/site-packages/airflow/example_dags/plugins/workday.py for tasks to queue
[2023-03-12T07:52:37.700+0000] {logging_mixin.py:137} INFO - [2023-03-12T07:52:37.700+0000] {dagbag.py:538} INFO - Filling up the DagBag from /home/melicharovykrecek/venv/lib/python3.9/site-packages/airflow/example_dags/plugins/workday.py
[2023-03-12T07:52:37.702+0000] {processor.py:755} WARNING - No viable dags retrieved from /home/melicharovykrecek/venv/lib/python3.9/site-packages/airflow/example_dags/plugins/workday.py
[2023-03-12T07:52:37.717+0000] {processor.py:175} INFO - Processing /home/melicharovykrecek/venv/lib/python3.9/site-packages/airflow/example_dags/plugins/workday.py took 0.024 seconds
[2023-03-12T07:53:10.292+0000] {processor.py:153} INFO - Started process (PID=3068) to work on /home/melicharovykrecek/venv/lib/python3.9/site-packages/airflow/example_dags/plugins/workday.py
[2023-03-12T07:53:10.293+0000] {processor.py:743} INFO - Processing file /home/melicharovykrecek/venv/lib/python3.9/site-packages/airflow/example_dags/plugins/workday.py for tasks to queue
[2023-03-12T07:53:10.294+0000] {logging_mixin.py:137} INFO - [2023-03-12T07:53:10.294+0000] {dagbag.py:538} INFO - Filling up the DagBag from /home/melicharovykrecek/venv/lib/python3.9/site-packages/airflow/example_dags/plugins/workday.py
[2023-03-12T07:53:10.296+0000] {processor.py:755} WARNING - No viable dags retrieved from /home/melicharovykrecek/venv/lib/python3.9/site-packages/airflow/example_dags/plugins/workday.py
[2023-03-12T07:53:10.310+0000] {processor.py:175} INFO - Processing /home/melicharovykrecek/venv/lib/python3.9/site-packages/airflow/example_dags/plugins/workday.py took 0.023 seconds
[2023-03-12T07:53:42.993+0000] {processor.py:153} INFO - Started process (PID=3101) to work on /home/melicharovykrecek/venv/lib/python3.9/site-packages/airflow/example_dags/plugins/workday.py
[2023-03-12T07:53:42.995+0000] {processor.py:743} INFO - Processing file /home/melicharovykrecek/venv/lib/python3.9/site-packages/airflow/example_dags/plugins/workday.py for tasks to queue
[2023-03-12T07:53:42.995+0000] {logging_mixin.py:137} INFO - [2023-03-12T07:53:42.995+0000] {dagbag.py:538} INFO - Filling up the DagBag from /home/melicharovykrecek/venv/lib/python3.9/site-packages/airflow/example_dags/plugins/workday.py
[2023-03-12T07:53:42.998+0000] {processor.py:755} WARNING - No viable dags retrieved from /home/melicharovykrecek/venv/lib/python3.9/site-packages/airflow/example_dags/plugins/workday.py
[2023-03-12T07:53:43.013+0000] {processor.py:175} INFO - Processing /home/melicharovykrecek/venv/lib/python3.9/site-packages/airflow/example_dags/plugins/workday.py took 0.025 seconds
[2023-03-12T07:54:18.464+0000] {processor.py:153} INFO - Started process (PID=3134) to work on /home/melicharovykrecek/venv/lib/python3.9/site-packages/airflow/example_dags/plugins/workday.py
[2023-03-12T07:54:18.466+0000] {processor.py:743} INFO - Processing file /home/melicharovykrecek/venv/lib/python3.9/site-packages/airflow/example_dags/plugins/workday.py for tasks to queue
[2023-03-12T07:54:18.467+0000] {logging_mixin.py:137} INFO - [2023-03-12T07:54:18.467+0000] {dagbag.py:538} INFO - Filling up the DagBag from /home/melicharovykrecek/venv/lib/python3.9/site-packages/airflow/example_dags/plugins/workday.py
[2023-03-12T07:54:18.469+0000] {processor.py:755} WARNING - No viable dags retrieved from /home/melicharovykrecek/venv/lib/python3.9/site-packages/airflow/example_dags/plugins/workday.py
[2023-03-12T07:54:18.484+0000] {processor.py:175} INFO - Processing /home/melicharovykrecek/venv/lib/python3.9/site-packages/airflow/example_dags/plugins/workday.py took 0.024 seconds
[2023-03-12T07:54:53.740+0000] {processor.py:153} INFO - Started process (PID=3168) to work on /home/melicharovykrecek/venv/lib/python3.9/site-packages/airflow/example_dags/plugins/workday.py
[2023-03-12T07:54:53.742+0000] {processor.py:743} INFO - Processing file /home/melicharovykrecek/venv/lib/python3.9/site-packages/airflow/example_dags/plugins/workday.py for tasks to queue
[2023-03-12T07:54:53.743+0000] {logging_mixin.py:137} INFO - [2023-03-12T07:54:53.743+0000] {dagbag.py:538} INFO - Filling up the DagBag from /home/melicharovykrecek/venv/lib/python3.9/site-packages/airflow/example_dags/plugins/workday.py
[2023-03-12T07:54:53.745+0000] {processor.py:755} WARNING - No viable dags retrieved from /home/melicharovykrecek/venv/lib/python3.9/site-packages/airflow/example_dags/plugins/workday.py
[2023-03-12T07:54:53.759+0000] {processor.py:175} INFO - Processing /home/melicharovykrecek/venv/lib/python3.9/site-packages/airflow/example_dags/plugins/workday.py took 0.024 seconds
[2023-03-12T07:55:26.639+0000] {processor.py:153} INFO - Started process (PID=3201) to work on /home/melicharovykrecek/venv/lib/python3.9/site-packages/airflow/example_dags/plugins/workday.py
[2023-03-12T07:55:26.641+0000] {processor.py:743} INFO - Processing file /home/melicharovykrecek/venv/lib/python3.9/site-packages/airflow/example_dags/plugins/workday.py for tasks to queue
[2023-03-12T07:55:26.642+0000] {logging_mixin.py:137} INFO - [2023-03-12T07:55:26.642+0000] {dagbag.py:538} INFO - Filling up the DagBag from /home/melicharovykrecek/venv/lib/python3.9/site-packages/airflow/example_dags/plugins/workday.py
[2023-03-12T07:55:26.645+0000] {processor.py:755} WARNING - No viable dags retrieved from /home/melicharovykrecek/venv/lib/python3.9/site-packages/airflow/example_dags/plugins/workday.py
[2023-03-12T07:55:26.659+0000] {processor.py:175} INFO - Processing /home/melicharovykrecek/venv/lib/python3.9/site-packages/airflow/example_dags/plugins/workday.py took 0.025 seconds
[2023-03-12T07:55:59.669+0000] {processor.py:153} INFO - Started process (PID=3235) to work on /home/melicharovykrecek/venv/lib/python3.9/site-packages/airflow/example_dags/plugins/workday.py
[2023-03-12T07:55:59.670+0000] {processor.py:743} INFO - Processing file /home/melicharovykrecek/venv/lib/python3.9/site-packages/airflow/example_dags/plugins/workday.py for tasks to queue
[2023-03-12T07:55:59.671+0000] {logging_mixin.py:137} INFO - [2023-03-12T07:55:59.671+0000] {dagbag.py:538} INFO - Filling up the DagBag from /home/melicharovykrecek/venv/lib/python3.9/site-packages/airflow/example_dags/plugins/workday.py
[2023-03-12T07:55:59.673+0000] {processor.py:755} WARNING - No viable dags retrieved from /home/melicharovykrecek/venv/lib/python3.9/site-packages/airflow/example_dags/plugins/workday.py
[2023-03-12T07:55:59.687+0000] {processor.py:175} INFO - Processing /home/melicharovykrecek/venv/lib/python3.9/site-packages/airflow/example_dags/plugins/workday.py took 0.023 seconds
[2023-03-12T07:56:34.862+0000] {processor.py:153} INFO - Started process (PID=3269) to work on /home/melicharovykrecek/venv/lib/python3.9/site-packages/airflow/example_dags/plugins/workday.py
[2023-03-12T07:56:34.865+0000] {processor.py:743} INFO - Processing file /home/melicharovykrecek/venv/lib/python3.9/site-packages/airflow/example_dags/plugins/workday.py for tasks to queue
[2023-03-12T07:56:34.865+0000] {logging_mixin.py:137} INFO - [2023-03-12T07:56:34.865+0000] {dagbag.py:538} INFO - Filling up the DagBag from /home/melicharovykrecek/venv/lib/python3.9/site-packages/airflow/example_dags/plugins/workday.py
[2023-03-12T07:56:34.868+0000] {processor.py:755} WARNING - No viable dags retrieved from /home/melicharovykrecek/venv/lib/python3.9/site-packages/airflow/example_dags/plugins/workday.py
[2023-03-12T07:56:34.882+0000] {processor.py:175} INFO - Processing /home/melicharovykrecek/venv/lib/python3.9/site-packages/airflow/example_dags/plugins/workday.py took 0.024 seconds
[2023-03-12T07:57:09.276+0000] {processor.py:153} INFO - Started process (PID=3302) to work on /home/melicharovykrecek/venv/lib/python3.9/site-packages/airflow/example_dags/plugins/workday.py
[2023-03-12T07:57:09.278+0000] {processor.py:743} INFO - Processing file /home/melicharovykrecek/venv/lib/python3.9/site-packages/airflow/example_dags/plugins/workday.py for tasks to queue
[2023-03-12T07:57:09.279+0000] {logging_mixin.py:137} INFO - [2023-03-12T07:57:09.279+0000] {dagbag.py:538} INFO - Filling up the DagBag from /home/melicharovykrecek/venv/lib/python3.9/site-packages/airflow/example_dags/plugins/workday.py
[2023-03-12T07:57:09.282+0000] {processor.py:755} WARNING - No viable dags retrieved from /home/melicharovykrecek/venv/lib/python3.9/site-packages/airflow/example_dags/plugins/workday.py
[2023-03-12T07:57:09.298+0000] {processor.py:175} INFO - Processing /home/melicharovykrecek/venv/lib/python3.9/site-packages/airflow/example_dags/plugins/workday.py took 0.027 seconds
[2023-03-12T07:57:42.798+0000] {processor.py:153} INFO - Started process (PID=3335) to work on /home/melicharovykrecek/venv/lib/python3.9/site-packages/airflow/example_dags/plugins/workday.py
[2023-03-12T07:57:42.799+0000] {processor.py:743} INFO - Processing file /home/melicharovykrecek/venv/lib/python3.9/site-packages/airflow/example_dags/plugins/workday.py for tasks to queue
[2023-03-12T07:57:42.800+0000] {logging_mixin.py:137} INFO - [2023-03-12T07:57:42.800+0000] {dagbag.py:538} INFO - Filling up the DagBag from /home/melicharovykrecek/venv/lib/python3.9/site-packages/airflow/example_dags/plugins/workday.py
[2023-03-12T07:57:42.802+0000] {processor.py:755} WARNING - No viable dags retrieved from /home/melicharovykrecek/venv/lib/python3.9/site-packages/airflow/example_dags/plugins/workday.py
[2023-03-12T07:57:42.815+0000] {processor.py:175} INFO - Processing /home/melicharovykrecek/venv/lib/python3.9/site-packages/airflow/example_dags/plugins/workday.py took 0.022 seconds
[2023-03-12T07:58:22.494+0000] {processor.py:153} INFO - Started process (PID=3372) to work on /home/melicharovykrecek/venv/lib/python3.9/site-packages/airflow/example_dags/plugins/workday.py
[2023-03-12T07:58:22.496+0000] {processor.py:743} INFO - Processing file /home/melicharovykrecek/venv/lib/python3.9/site-packages/airflow/example_dags/plugins/workday.py for tasks to queue
[2023-03-12T07:58:22.497+0000] {logging_mixin.py:137} INFO - [2023-03-12T07:58:22.497+0000] {dagbag.py:538} INFO - Filling up the DagBag from /home/melicharovykrecek/venv/lib/python3.9/site-packages/airflow/example_dags/plugins/workday.py
[2023-03-12T07:58:22.500+0000] {processor.py:755} WARNING - No viable dags retrieved from /home/melicharovykrecek/venv/lib/python3.9/site-packages/airflow/example_dags/plugins/workday.py
[2023-03-12T07:58:22.514+0000] {processor.py:175} INFO - Processing /home/melicharovykrecek/venv/lib/python3.9/site-packages/airflow/example_dags/plugins/workday.py took 0.024 seconds
[2023-03-12T07:58:55.105+0000] {processor.py:153} INFO - Started process (PID=3405) to work on /home/melicharovykrecek/venv/lib/python3.9/site-packages/airflow/example_dags/plugins/workday.py
[2023-03-12T07:58:55.107+0000] {processor.py:743} INFO - Processing file /home/melicharovykrecek/venv/lib/python3.9/site-packages/airflow/example_dags/plugins/workday.py for tasks to queue
[2023-03-12T07:58:55.109+0000] {logging_mixin.py:137} INFO - [2023-03-12T07:58:55.109+0000] {dagbag.py:538} INFO - Filling up the DagBag from /home/melicharovykrecek/venv/lib/python3.9/site-packages/airflow/example_dags/plugins/workday.py
[2023-03-12T07:58:55.111+0000] {processor.py:755} WARNING - No viable dags retrieved from /home/melicharovykrecek/venv/lib/python3.9/site-packages/airflow/example_dags/plugins/workday.py
[2023-03-12T07:58:55.124+0000] {processor.py:175} INFO - Processing /home/melicharovykrecek/venv/lib/python3.9/site-packages/airflow/example_dags/plugins/workday.py took 0.024 seconds
[2023-03-12T07:59:29.956+0000] {processor.py:153} INFO - Started process (PID=3439) to work on /home/melicharovykrecek/venv/lib/python3.9/site-packages/airflow/example_dags/plugins/workday.py
[2023-03-12T07:59:29.958+0000] {processor.py:743} INFO - Processing file /home/melicharovykrecek/venv/lib/python3.9/site-packages/airflow/example_dags/plugins/workday.py for tasks to queue
[2023-03-12T07:59:29.959+0000] {logging_mixin.py:137} INFO - [2023-03-12T07:59:29.959+0000] {dagbag.py:538} INFO - Filling up the DagBag from /home/melicharovykrecek/venv/lib/python3.9/site-packages/airflow/example_dags/plugins/workday.py
[2023-03-12T07:59:29.962+0000] {processor.py:755} WARNING - No viable dags retrieved from /home/melicharovykrecek/venv/lib/python3.9/site-packages/airflow/example_dags/plugins/workday.py
[2023-03-12T07:59:29.976+0000] {processor.py:175} INFO - Processing /home/melicharovykrecek/venv/lib/python3.9/site-packages/airflow/example_dags/plugins/workday.py took 0.024 seconds
[2023-03-12T08:00:05.959+0000] {processor.py:153} INFO - Started process (PID=3499) to work on /home/melicharovykrecek/venv/lib/python3.9/site-packages/airflow/example_dags/plugins/workday.py
[2023-03-12T08:00:05.961+0000] {processor.py:743} INFO - Processing file /home/melicharovykrecek/venv/lib/python3.9/site-packages/airflow/example_dags/plugins/workday.py for tasks to queue
[2023-03-12T08:00:05.962+0000] {logging_mixin.py:137} INFO - [2023-03-12T08:00:05.962+0000] {dagbag.py:538} INFO - Filling up the DagBag from /home/melicharovykrecek/venv/lib/python3.9/site-packages/airflow/example_dags/plugins/workday.py
[2023-03-12T08:00:05.964+0000] {processor.py:755} WARNING - No viable dags retrieved from /home/melicharovykrecek/venv/lib/python3.9/site-packages/airflow/example_dags/plugins/workday.py
[2023-03-12T08:00:05.980+0000] {processor.py:175} INFO - Processing /home/melicharovykrecek/venv/lib/python3.9/site-packages/airflow/example_dags/plugins/workday.py took 0.027 seconds
[2023-03-12T08:00:41.176+0000] {processor.py:153} INFO - Started process (PID=3535) to work on /home/melicharovykrecek/venv/lib/python3.9/site-packages/airflow/example_dags/plugins/workday.py
[2023-03-12T08:00:41.178+0000] {processor.py:743} INFO - Processing file /home/melicharovykrecek/venv/lib/python3.9/site-packages/airflow/example_dags/plugins/workday.py for tasks to queue
[2023-03-12T08:00:41.179+0000] {logging_mixin.py:137} INFO - [2023-03-12T08:00:41.179+0000] {dagbag.py:538} INFO - Filling up the DagBag from /home/melicharovykrecek/venv/lib/python3.9/site-packages/airflow/example_dags/plugins/workday.py
[2023-03-12T08:00:41.181+0000] {processor.py:755} WARNING - No viable dags retrieved from /home/melicharovykrecek/venv/lib/python3.9/site-packages/airflow/example_dags/plugins/workday.py
[2023-03-12T08:00:41.196+0000] {processor.py:175} INFO - Processing /home/melicharovykrecek/venv/lib/python3.9/site-packages/airflow/example_dags/plugins/workday.py took 0.025 seconds
[2023-03-12T08:01:18.641+0000] {processor.py:153} INFO - Started process (PID=3576) to work on /home/melicharovykrecek/venv/lib/python3.9/site-packages/airflow/example_dags/plugins/workday.py
[2023-03-12T08:01:18.643+0000] {processor.py:743} INFO - Processing file /home/melicharovykrecek/venv/lib/python3.9/site-packages/airflow/example_dags/plugins/workday.py for tasks to queue
[2023-03-12T08:01:18.644+0000] {logging_mixin.py:137} INFO - [2023-03-12T08:01:18.644+0000] {dagbag.py:538} INFO - Filling up the DagBag from /home/melicharovykrecek/venv/lib/python3.9/site-packages/airflow/example_dags/plugins/workday.py
[2023-03-12T08:01:18.646+0000] {processor.py:755} WARNING - No viable dags retrieved from /home/melicharovykrecek/venv/lib/python3.9/site-packages/airflow/example_dags/plugins/workday.py
[2023-03-12T08:01:18.662+0000] {processor.py:175} INFO - Processing /home/melicharovykrecek/venv/lib/python3.9/site-packages/airflow/example_dags/plugins/workday.py took 0.027 seconds
[2023-03-12T08:01:52.938+0000] {processor.py:153} INFO - Started process (PID=3610) to work on /home/melicharovykrecek/venv/lib/python3.9/site-packages/airflow/example_dags/plugins/workday.py
[2023-03-12T08:01:52.940+0000] {processor.py:743} INFO - Processing file /home/melicharovykrecek/venv/lib/python3.9/site-packages/airflow/example_dags/plugins/workday.py for tasks to queue
[2023-03-12T08:01:52.940+0000] {logging_mixin.py:137} INFO - [2023-03-12T08:01:52.940+0000] {dagbag.py:538} INFO - Filling up the DagBag from /home/melicharovykrecek/venv/lib/python3.9/site-packages/airflow/example_dags/plugins/workday.py
[2023-03-12T08:01:52.943+0000] {processor.py:755} WARNING - No viable dags retrieved from /home/melicharovykrecek/venv/lib/python3.9/site-packages/airflow/example_dags/plugins/workday.py
[2023-03-12T08:01:52.957+0000] {processor.py:175} INFO - Processing /home/melicharovykrecek/venv/lib/python3.9/site-packages/airflow/example_dags/plugins/workday.py took 0.023 seconds
[2023-03-12T08:02:29.673+0000] {processor.py:153} INFO - Started process (PID=3646) to work on /home/melicharovykrecek/venv/lib/python3.9/site-packages/airflow/example_dags/plugins/workday.py
[2023-03-12T08:02:29.675+0000] {processor.py:743} INFO - Processing file /home/melicharovykrecek/venv/lib/python3.9/site-packages/airflow/example_dags/plugins/workday.py for tasks to queue
[2023-03-12T08:02:29.676+0000] {logging_mixin.py:137} INFO - [2023-03-12T08:02:29.676+0000] {dagbag.py:538} INFO - Filling up the DagBag from /home/melicharovykrecek/venv/lib/python3.9/site-packages/airflow/example_dags/plugins/workday.py
[2023-03-12T08:02:29.679+0000] {processor.py:755} WARNING - No viable dags retrieved from /home/melicharovykrecek/venv/lib/python3.9/site-packages/airflow/example_dags/plugins/workday.py
[2023-03-12T08:02:29.692+0000] {processor.py:175} INFO - Processing /home/melicharovykrecek/venv/lib/python3.9/site-packages/airflow/example_dags/plugins/workday.py took 0.024 seconds
[2023-03-12T08:03:03.530+0000] {processor.py:153} INFO - Started process (PID=3678) to work on /home/melicharovykrecek/venv/lib/python3.9/site-packages/airflow/example_dags/plugins/workday.py
[2023-03-12T08:03:03.532+0000] {processor.py:743} INFO - Processing file /home/melicharovykrecek/venv/lib/python3.9/site-packages/airflow/example_dags/plugins/workday.py for tasks to queue
[2023-03-12T08:03:03.533+0000] {logging_mixin.py:137} INFO - [2023-03-12T08:03:03.533+0000] {dagbag.py:538} INFO - Filling up the DagBag from /home/melicharovykrecek/venv/lib/python3.9/site-packages/airflow/example_dags/plugins/workday.py
[2023-03-12T08:03:03.535+0000] {processor.py:755} WARNING - No viable dags retrieved from /home/melicharovykrecek/venv/lib/python3.9/site-packages/airflow/example_dags/plugins/workday.py
[2023-03-12T08:03:03.550+0000] {processor.py:175} INFO - Processing /home/melicharovykrecek/venv/lib/python3.9/site-packages/airflow/example_dags/plugins/workday.py took 0.025 seconds
[2023-03-12T08:03:40.777+0000] {processor.py:153} INFO - Started process (PID=3714) to work on /home/melicharovykrecek/venv/lib/python3.9/site-packages/airflow/example_dags/plugins/workday.py
[2023-03-12T08:03:40.778+0000] {processor.py:743} INFO - Processing file /home/melicharovykrecek/venv/lib/python3.9/site-packages/airflow/example_dags/plugins/workday.py for tasks to queue
[2023-03-12T08:03:40.779+0000] {logging_mixin.py:137} INFO - [2023-03-12T08:03:40.779+0000] {dagbag.py:538} INFO - Filling up the DagBag from /home/melicharovykrecek/venv/lib/python3.9/site-packages/airflow/example_dags/plugins/workday.py
[2023-03-12T08:03:40.782+0000] {processor.py:755} WARNING - No viable dags retrieved from /home/melicharovykrecek/venv/lib/python3.9/site-packages/airflow/example_dags/plugins/workday.py
[2023-03-12T08:03:40.795+0000] {processor.py:175} INFO - Processing /home/melicharovykrecek/venv/lib/python3.9/site-packages/airflow/example_dags/plugins/workday.py took 0.023 seconds
[2023-03-12T08:04:12.977+0000] {processor.py:153} INFO - Started process (PID=3746) to work on /home/melicharovykrecek/venv/lib/python3.9/site-packages/airflow/example_dags/plugins/workday.py
[2023-03-12T08:04:12.979+0000] {processor.py:743} INFO - Processing file /home/melicharovykrecek/venv/lib/python3.9/site-packages/airflow/example_dags/plugins/workday.py for tasks to queue
[2023-03-12T08:04:12.981+0000] {logging_mixin.py:137} INFO - [2023-03-12T08:04:12.980+0000] {dagbag.py:538} INFO - Filling up the DagBag from /home/melicharovykrecek/venv/lib/python3.9/site-packages/airflow/example_dags/plugins/workday.py
[2023-03-12T08:04:12.983+0000] {processor.py:755} WARNING - No viable dags retrieved from /home/melicharovykrecek/venv/lib/python3.9/site-packages/airflow/example_dags/plugins/workday.py
[2023-03-12T08:04:12.998+0000] {processor.py:175} INFO - Processing /home/melicharovykrecek/venv/lib/python3.9/site-packages/airflow/example_dags/plugins/workday.py took 0.026 seconds
[2023-03-12T08:04:47.295+0000] {processor.py:153} INFO - Started process (PID=3779) to work on /home/melicharovykrecek/venv/lib/python3.9/site-packages/airflow/example_dags/plugins/workday.py
[2023-03-12T08:04:47.296+0000] {processor.py:743} INFO - Processing file /home/melicharovykrecek/venv/lib/python3.9/site-packages/airflow/example_dags/plugins/workday.py for tasks to queue
[2023-03-12T08:04:47.297+0000] {logging_mixin.py:137} INFO - [2023-03-12T08:04:47.297+0000] {dagbag.py:538} INFO - Filling up the DagBag from /home/melicharovykrecek/venv/lib/python3.9/site-packages/airflow/example_dags/plugins/workday.py
[2023-03-12T08:04:47.299+0000] {processor.py:755} WARNING - No viable dags retrieved from /home/melicharovykrecek/venv/lib/python3.9/site-packages/airflow/example_dags/plugins/workday.py
[2023-03-12T08:04:47.313+0000] {processor.py:175} INFO - Processing /home/melicharovykrecek/venv/lib/python3.9/site-packages/airflow/example_dags/plugins/workday.py took 0.023 seconds
[2023-03-12T08:05:22.864+0000] {processor.py:153} INFO - Started process (PID=3815) to work on /home/melicharovykrecek/venv/lib/python3.9/site-packages/airflow/example_dags/plugins/workday.py
[2023-03-12T08:05:22.866+0000] {processor.py:743} INFO - Processing file /home/melicharovykrecek/venv/lib/python3.9/site-packages/airflow/example_dags/plugins/workday.py for tasks to queue
[2023-03-12T08:05:22.867+0000] {logging_mixin.py:137} INFO - [2023-03-12T08:05:22.867+0000] {dagbag.py:538} INFO - Filling up the DagBag from /home/melicharovykrecek/venv/lib/python3.9/site-packages/airflow/example_dags/plugins/workday.py
[2023-03-12T08:05:22.869+0000] {processor.py:755} WARNING - No viable dags retrieved from /home/melicharovykrecek/venv/lib/python3.9/site-packages/airflow/example_dags/plugins/workday.py
[2023-03-12T08:05:22.885+0000] {processor.py:175} INFO - Processing /home/melicharovykrecek/venv/lib/python3.9/site-packages/airflow/example_dags/plugins/workday.py took 0.026 seconds
[2023-03-12T08:06:00.568+0000] {processor.py:153} INFO - Started process (PID=3850) to work on /home/melicharovykrecek/venv/lib/python3.9/site-packages/airflow/example_dags/plugins/workday.py
[2023-03-12T08:06:00.570+0000] {processor.py:743} INFO - Processing file /home/melicharovykrecek/venv/lib/python3.9/site-packages/airflow/example_dags/plugins/workday.py for tasks to queue
[2023-03-12T08:06:00.571+0000] {logging_mixin.py:137} INFO - [2023-03-12T08:06:00.571+0000] {dagbag.py:538} INFO - Filling up the DagBag from /home/melicharovykrecek/venv/lib/python3.9/site-packages/airflow/example_dags/plugins/workday.py
[2023-03-12T08:06:00.574+0000] {processor.py:755} WARNING - No viable dags retrieved from /home/melicharovykrecek/venv/lib/python3.9/site-packages/airflow/example_dags/plugins/workday.py
[2023-03-12T08:06:00.588+0000] {processor.py:175} INFO - Processing /home/melicharovykrecek/venv/lib/python3.9/site-packages/airflow/example_dags/plugins/workday.py took 0.025 seconds
[2023-03-12T08:06:38.943+0000] {processor.py:153} INFO - Started process (PID=3888) to work on /home/melicharovykrecek/venv/lib/python3.9/site-packages/airflow/example_dags/plugins/workday.py
[2023-03-12T08:06:38.946+0000] {processor.py:743} INFO - Processing file /home/melicharovykrecek/venv/lib/python3.9/site-packages/airflow/example_dags/plugins/workday.py for tasks to queue
[2023-03-12T08:06:38.946+0000] {logging_mixin.py:137} INFO - [2023-03-12T08:06:38.946+0000] {dagbag.py:538} INFO - Filling up the DagBag from /home/melicharovykrecek/venv/lib/python3.9/site-packages/airflow/example_dags/plugins/workday.py
[2023-03-12T08:06:38.949+0000] {processor.py:755} WARNING - No viable dags retrieved from /home/melicharovykrecek/venv/lib/python3.9/site-packages/airflow/example_dags/plugins/workday.py
[2023-03-12T08:06:38.963+0000] {processor.py:175} INFO - Processing /home/melicharovykrecek/venv/lib/python3.9/site-packages/airflow/example_dags/plugins/workday.py took 0.024 seconds
[2023-03-12T08:07:16.465+0000] {processor.py:153} INFO - Started process (PID=3924) to work on /home/melicharovykrecek/venv/lib/python3.9/site-packages/airflow/example_dags/plugins/workday.py
[2023-03-12T08:07:16.467+0000] {processor.py:743} INFO - Processing file /home/melicharovykrecek/venv/lib/python3.9/site-packages/airflow/example_dags/plugins/workday.py for tasks to queue
[2023-03-12T08:07:16.468+0000] {logging_mixin.py:137} INFO - [2023-03-12T08:07:16.468+0000] {dagbag.py:538} INFO - Filling up the DagBag from /home/melicharovykrecek/venv/lib/python3.9/site-packages/airflow/example_dags/plugins/workday.py
[2023-03-12T08:07:16.471+0000] {processor.py:755} WARNING - No viable dags retrieved from /home/melicharovykrecek/venv/lib/python3.9/site-packages/airflow/example_dags/plugins/workday.py
[2023-03-12T08:07:16.485+0000] {processor.py:175} INFO - Processing /home/melicharovykrecek/venv/lib/python3.9/site-packages/airflow/example_dags/plugins/workday.py took 0.024 seconds
[2023-03-12T08:07:51.103+0000] {processor.py:153} INFO - Started process (PID=3968) to work on /home/melicharovykrecek/venv/lib/python3.9/site-packages/airflow/example_dags/plugins/workday.py
[2023-03-12T08:07:51.105+0000] {processor.py:743} INFO - Processing file /home/melicharovykrecek/venv/lib/python3.9/site-packages/airflow/example_dags/plugins/workday.py for tasks to queue
[2023-03-12T08:07:51.106+0000] {logging_mixin.py:137} INFO - [2023-03-12T08:07:51.106+0000] {dagbag.py:538} INFO - Filling up the DagBag from /home/melicharovykrecek/venv/lib/python3.9/site-packages/airflow/example_dags/plugins/workday.py
[2023-03-12T08:07:51.109+0000] {processor.py:755} WARNING - No viable dags retrieved from /home/melicharovykrecek/venv/lib/python3.9/site-packages/airflow/example_dags/plugins/workday.py
[2023-03-12T08:07:51.123+0000] {processor.py:175} INFO - Processing /home/melicharovykrecek/venv/lib/python3.9/site-packages/airflow/example_dags/plugins/workday.py took 0.025 seconds
[2023-03-12T08:08:24.636+0000] {processor.py:153} INFO - Started process (PID=4023) to work on /home/melicharovykrecek/venv/lib/python3.9/site-packages/airflow/example_dags/plugins/workday.py
[2023-03-12T08:08:24.639+0000] {processor.py:743} INFO - Processing file /home/melicharovykrecek/venv/lib/python3.9/site-packages/airflow/example_dags/plugins/workday.py for tasks to queue
[2023-03-12T08:08:24.640+0000] {logging_mixin.py:137} INFO - [2023-03-12T08:08:24.640+0000] {dagbag.py:538} INFO - Filling up the DagBag from /home/melicharovykrecek/venv/lib/python3.9/site-packages/airflow/example_dags/plugins/workday.py
[2023-03-12T08:08:24.642+0000] {processor.py:755} WARNING - No viable dags retrieved from /home/melicharovykrecek/venv/lib/python3.9/site-packages/airflow/example_dags/plugins/workday.py
[2023-03-12T08:08:24.657+0000] {processor.py:175} INFO - Processing /home/melicharovykrecek/venv/lib/python3.9/site-packages/airflow/example_dags/plugins/workday.py took 0.026 seconds
[2023-03-12T08:09:01.664+0000] {processor.py:153} INFO - Started process (PID=4074) to work on /home/melicharovykrecek/venv/lib/python3.9/site-packages/airflow/example_dags/plugins/workday.py
[2023-03-12T08:09:01.666+0000] {processor.py:743} INFO - Processing file /home/melicharovykrecek/venv/lib/python3.9/site-packages/airflow/example_dags/plugins/workday.py for tasks to queue
[2023-03-12T08:09:01.667+0000] {logging_mixin.py:137} INFO - [2023-03-12T08:09:01.667+0000] {dagbag.py:538} INFO - Filling up the DagBag from /home/melicharovykrecek/venv/lib/python3.9/site-packages/airflow/example_dags/plugins/workday.py
[2023-03-12T08:09:01.670+0000] {processor.py:755} WARNING - No viable dags retrieved from /home/melicharovykrecek/venv/lib/python3.9/site-packages/airflow/example_dags/plugins/workday.py
[2023-03-12T08:09:01.685+0000] {processor.py:175} INFO - Processing /home/melicharovykrecek/venv/lib/python3.9/site-packages/airflow/example_dags/plugins/workday.py took 0.026 seconds
[2023-03-12T08:09:39.773+0000] {processor.py:153} INFO - Started process (PID=4110) to work on /home/melicharovykrecek/venv/lib/python3.9/site-packages/airflow/example_dags/plugins/workday.py
[2023-03-12T08:09:39.775+0000] {processor.py:743} INFO - Processing file /home/melicharovykrecek/venv/lib/python3.9/site-packages/airflow/example_dags/plugins/workday.py for tasks to queue
[2023-03-12T08:09:39.776+0000] {logging_mixin.py:137} INFO - [2023-03-12T08:09:39.776+0000] {dagbag.py:538} INFO - Filling up the DagBag from /home/melicharovykrecek/venv/lib/python3.9/site-packages/airflow/example_dags/plugins/workday.py
[2023-03-12T08:09:39.778+0000] {processor.py:755} WARNING - No viable dags retrieved from /home/melicharovykrecek/venv/lib/python3.9/site-packages/airflow/example_dags/plugins/workday.py
[2023-03-12T08:09:39.793+0000] {processor.py:175} INFO - Processing /home/melicharovykrecek/venv/lib/python3.9/site-packages/airflow/example_dags/plugins/workday.py took 0.025 seconds
[2023-03-12T08:10:17.633+0000] {processor.py:153} INFO - Started process (PID=4146) to work on /home/melicharovykrecek/venv/lib/python3.9/site-packages/airflow/example_dags/plugins/workday.py
[2023-03-12T08:10:17.635+0000] {processor.py:743} INFO - Processing file /home/melicharovykrecek/venv/lib/python3.9/site-packages/airflow/example_dags/plugins/workday.py for tasks to queue
[2023-03-12T08:10:17.636+0000] {logging_mixin.py:137} INFO - [2023-03-12T08:10:17.636+0000] {dagbag.py:538} INFO - Filling up the DagBag from /home/melicharovykrecek/venv/lib/python3.9/site-packages/airflow/example_dags/plugins/workday.py
[2023-03-12T08:10:17.639+0000] {processor.py:755} WARNING - No viable dags retrieved from /home/melicharovykrecek/venv/lib/python3.9/site-packages/airflow/example_dags/plugins/workday.py
[2023-03-12T08:10:17.653+0000] {processor.py:175} INFO - Processing /home/melicharovykrecek/venv/lib/python3.9/site-packages/airflow/example_dags/plugins/workday.py took 0.025 seconds
[2023-03-12T08:10:57.351+0000] {processor.py:153} INFO - Started process (PID=4187) to work on /home/melicharovykrecek/venv/lib/python3.9/site-packages/airflow/example_dags/plugins/workday.py
[2023-03-12T08:10:57.354+0000] {processor.py:743} INFO - Processing file /home/melicharovykrecek/venv/lib/python3.9/site-packages/airflow/example_dags/plugins/workday.py for tasks to queue
[2023-03-12T08:10:57.355+0000] {logging_mixin.py:137} INFO - [2023-03-12T08:10:57.354+0000] {dagbag.py:538} INFO - Filling up the DagBag from /home/melicharovykrecek/venv/lib/python3.9/site-packages/airflow/example_dags/plugins/workday.py
[2023-03-12T08:10:57.357+0000] {processor.py:755} WARNING - No viable dags retrieved from /home/melicharovykrecek/venv/lib/python3.9/site-packages/airflow/example_dags/plugins/workday.py
[2023-03-12T08:10:57.374+0000] {processor.py:175} INFO - Processing /home/melicharovykrecek/venv/lib/python3.9/site-packages/airflow/example_dags/plugins/workday.py took 0.028 seconds
[2023-03-12T08:11:32.836+0000] {processor.py:153} INFO - Started process (PID=4240) to work on /home/melicharovykrecek/venv/lib/python3.9/site-packages/airflow/example_dags/plugins/workday.py
[2023-03-12T08:11:32.838+0000] {processor.py:743} INFO - Processing file /home/melicharovykrecek/venv/lib/python3.9/site-packages/airflow/example_dags/plugins/workday.py for tasks to queue
[2023-03-12T08:11:32.839+0000] {logging_mixin.py:137} INFO - [2023-03-12T08:11:32.839+0000] {dagbag.py:538} INFO - Filling up the DagBag from /home/melicharovykrecek/venv/lib/python3.9/site-packages/airflow/example_dags/plugins/workday.py
[2023-03-12T08:11:32.841+0000] {processor.py:755} WARNING - No viable dags retrieved from /home/melicharovykrecek/venv/lib/python3.9/site-packages/airflow/example_dags/plugins/workday.py
[2023-03-12T08:11:32.857+0000] {processor.py:175} INFO - Processing /home/melicharovykrecek/venv/lib/python3.9/site-packages/airflow/example_dags/plugins/workday.py took 0.026 seconds
[2023-03-12T08:12:12.244+0000] {processor.py:153} INFO - Started process (PID=4278) to work on /home/melicharovykrecek/venv/lib/python3.9/site-packages/airflow/example_dags/plugins/workday.py
[2023-03-12T08:12:12.246+0000] {processor.py:743} INFO - Processing file /home/melicharovykrecek/venv/lib/python3.9/site-packages/airflow/example_dags/plugins/workday.py for tasks to queue
[2023-03-12T08:12:12.247+0000] {logging_mixin.py:137} INFO - [2023-03-12T08:12:12.247+0000] {dagbag.py:538} INFO - Filling up the DagBag from /home/melicharovykrecek/venv/lib/python3.9/site-packages/airflow/example_dags/plugins/workday.py
[2023-03-12T08:12:12.250+0000] {processor.py:755} WARNING - No viable dags retrieved from /home/melicharovykrecek/venv/lib/python3.9/site-packages/airflow/example_dags/plugins/workday.py
[2023-03-12T08:12:12.268+0000] {processor.py:175} INFO - Processing /home/melicharovykrecek/venv/lib/python3.9/site-packages/airflow/example_dags/plugins/workday.py took 0.029 seconds
[2023-03-12T08:12:46.106+0000] {processor.py:153} INFO - Started process (PID=4338) to work on /home/melicharovykrecek/venv/lib/python3.9/site-packages/airflow/example_dags/plugins/workday.py
[2023-03-12T08:12:46.108+0000] {processor.py:743} INFO - Processing file /home/melicharovykrecek/venv/lib/python3.9/site-packages/airflow/example_dags/plugins/workday.py for tasks to queue
[2023-03-12T08:12:46.109+0000] {logging_mixin.py:137} INFO - [2023-03-12T08:12:46.109+0000] {dagbag.py:538} INFO - Filling up the DagBag from /home/melicharovykrecek/venv/lib/python3.9/site-packages/airflow/example_dags/plugins/workday.py
[2023-03-12T08:12:46.112+0000] {processor.py:755} WARNING - No viable dags retrieved from /home/melicharovykrecek/venv/lib/python3.9/site-packages/airflow/example_dags/plugins/workday.py
[2023-03-12T08:12:46.131+0000] {processor.py:175} INFO - Processing /home/melicharovykrecek/venv/lib/python3.9/site-packages/airflow/example_dags/plugins/workday.py took 0.030 seconds
[2023-03-12T08:13:23.922+0000] {processor.py:153} INFO - Started process (PID=4379) to work on /home/melicharovykrecek/venv/lib/python3.9/site-packages/airflow/example_dags/plugins/workday.py
[2023-03-12T08:13:23.924+0000] {processor.py:743} INFO - Processing file /home/melicharovykrecek/venv/lib/python3.9/site-packages/airflow/example_dags/plugins/workday.py for tasks to queue
[2023-03-12T08:13:23.925+0000] {logging_mixin.py:137} INFO - [2023-03-12T08:13:23.925+0000] {dagbag.py:538} INFO - Filling up the DagBag from /home/melicharovykrecek/venv/lib/python3.9/site-packages/airflow/example_dags/plugins/workday.py
[2023-03-12T08:13:23.927+0000] {processor.py:755} WARNING - No viable dags retrieved from /home/melicharovykrecek/venv/lib/python3.9/site-packages/airflow/example_dags/plugins/workday.py
[2023-03-12T08:13:23.943+0000] {processor.py:175} INFO - Processing /home/melicharovykrecek/venv/lib/python3.9/site-packages/airflow/example_dags/plugins/workday.py took 0.026 seconds
[2023-03-12T08:14:03.695+0000] {processor.py:153} INFO - Started process (PID=4422) to work on /home/melicharovykrecek/venv/lib/python3.9/site-packages/airflow/example_dags/plugins/workday.py
[2023-03-12T08:14:03.697+0000] {processor.py:743} INFO - Processing file /home/melicharovykrecek/venv/lib/python3.9/site-packages/airflow/example_dags/plugins/workday.py for tasks to queue
[2023-03-12T08:14:03.698+0000] {logging_mixin.py:137} INFO - [2023-03-12T08:14:03.698+0000] {dagbag.py:538} INFO - Filling up the DagBag from /home/melicharovykrecek/venv/lib/python3.9/site-packages/airflow/example_dags/plugins/workday.py
[2023-03-12T08:14:03.701+0000] {processor.py:755} WARNING - No viable dags retrieved from /home/melicharovykrecek/venv/lib/python3.9/site-packages/airflow/example_dags/plugins/workday.py
[2023-03-12T08:14:03.718+0000] {processor.py:175} INFO - Processing /home/melicharovykrecek/venv/lib/python3.9/site-packages/airflow/example_dags/plugins/workday.py took 0.029 seconds
[2023-03-12T08:14:40.511+0000] {processor.py:153} INFO - Started process (PID=4475) to work on /home/melicharovykrecek/venv/lib/python3.9/site-packages/airflow/example_dags/plugins/workday.py
[2023-03-12T08:14:40.513+0000] {processor.py:743} INFO - Processing file /home/melicharovykrecek/venv/lib/python3.9/site-packages/airflow/example_dags/plugins/workday.py for tasks to queue
[2023-03-12T08:14:40.514+0000] {logging_mixin.py:137} INFO - [2023-03-12T08:14:40.514+0000] {dagbag.py:538} INFO - Filling up the DagBag from /home/melicharovykrecek/venv/lib/python3.9/site-packages/airflow/example_dags/plugins/workday.py
[2023-03-12T08:14:40.517+0000] {processor.py:755} WARNING - No viable dags retrieved from /home/melicharovykrecek/venv/lib/python3.9/site-packages/airflow/example_dags/plugins/workday.py
[2023-03-12T08:14:40.533+0000] {processor.py:175} INFO - Processing /home/melicharovykrecek/venv/lib/python3.9/site-packages/airflow/example_dags/plugins/workday.py took 0.026 seconds
[2023-03-12T08:15:17.160+0000] {processor.py:153} INFO - Started process (PID=4510) to work on /home/melicharovykrecek/venv/lib/python3.9/site-packages/airflow/example_dags/plugins/workday.py
[2023-03-12T08:15:17.162+0000] {processor.py:743} INFO - Processing file /home/melicharovykrecek/venv/lib/python3.9/site-packages/airflow/example_dags/plugins/workday.py for tasks to queue
[2023-03-12T08:15:17.163+0000] {logging_mixin.py:137} INFO - [2023-03-12T08:15:17.163+0000] {dagbag.py:538} INFO - Filling up the DagBag from /home/melicharovykrecek/venv/lib/python3.9/site-packages/airflow/example_dags/plugins/workday.py
[2023-03-12T08:15:17.165+0000] {processor.py:755} WARNING - No viable dags retrieved from /home/melicharovykrecek/venv/lib/python3.9/site-packages/airflow/example_dags/plugins/workday.py
[2023-03-12T08:15:17.181+0000] {processor.py:175} INFO - Processing /home/melicharovykrecek/venv/lib/python3.9/site-packages/airflow/example_dags/plugins/workday.py took 0.026 seconds
[2023-03-12T08:15:54.490+0000] {processor.py:153} INFO - Started process (PID=4548) to work on /home/melicharovykrecek/venv/lib/python3.9/site-packages/airflow/example_dags/plugins/workday.py
[2023-03-12T08:15:54.492+0000] {processor.py:743} INFO - Processing file /home/melicharovykrecek/venv/lib/python3.9/site-packages/airflow/example_dags/plugins/workday.py for tasks to queue
[2023-03-12T08:15:54.493+0000] {logging_mixin.py:137} INFO - [2023-03-12T08:15:54.493+0000] {dagbag.py:538} INFO - Filling up the DagBag from /home/melicharovykrecek/venv/lib/python3.9/site-packages/airflow/example_dags/plugins/workday.py
[2023-03-12T08:15:54.496+0000] {processor.py:755} WARNING - No viable dags retrieved from /home/melicharovykrecek/venv/lib/python3.9/site-packages/airflow/example_dags/plugins/workday.py
[2023-03-12T08:15:54.512+0000] {processor.py:175} INFO - Processing /home/melicharovykrecek/venv/lib/python3.9/site-packages/airflow/example_dags/plugins/workday.py took 0.026 seconds
[2023-03-12T08:16:34.333+0000] {processor.py:153} INFO - Started process (PID=4591) to work on /home/melicharovykrecek/venv/lib/python3.9/site-packages/airflow/example_dags/plugins/workday.py
[2023-03-12T08:16:34.335+0000] {processor.py:743} INFO - Processing file /home/melicharovykrecek/venv/lib/python3.9/site-packages/airflow/example_dags/plugins/workday.py for tasks to queue
[2023-03-12T08:16:34.336+0000] {logging_mixin.py:137} INFO - [2023-03-12T08:16:34.336+0000] {dagbag.py:538} INFO - Filling up the DagBag from /home/melicharovykrecek/venv/lib/python3.9/site-packages/airflow/example_dags/plugins/workday.py
[2023-03-12T08:16:34.339+0000] {processor.py:755} WARNING - No viable dags retrieved from /home/melicharovykrecek/venv/lib/python3.9/site-packages/airflow/example_dags/plugins/workday.py
[2023-03-12T08:16:34.356+0000] {processor.py:175} INFO - Processing /home/melicharovykrecek/venv/lib/python3.9/site-packages/airflow/example_dags/plugins/workday.py took 0.028 seconds
[2023-03-12T08:17:14.962+0000] {processor.py:153} INFO - Started process (PID=4640) to work on /home/melicharovykrecek/venv/lib/python3.9/site-packages/airflow/example_dags/plugins/workday.py
[2023-03-12T08:17:14.965+0000] {processor.py:743} INFO - Processing file /home/melicharovykrecek/venv/lib/python3.9/site-packages/airflow/example_dags/plugins/workday.py for tasks to queue
[2023-03-12T08:17:14.966+0000] {logging_mixin.py:137} INFO - [2023-03-12T08:17:14.966+0000] {dagbag.py:538} INFO - Filling up the DagBag from /home/melicharovykrecek/venv/lib/python3.9/site-packages/airflow/example_dags/plugins/workday.py
[2023-03-12T08:17:14.968+0000] {processor.py:755} WARNING - No viable dags retrieved from /home/melicharovykrecek/venv/lib/python3.9/site-packages/airflow/example_dags/plugins/workday.py
[2023-03-12T08:17:14.984+0000] {processor.py:175} INFO - Processing /home/melicharovykrecek/venv/lib/python3.9/site-packages/airflow/example_dags/plugins/workday.py took 0.027 seconds
[2023-03-12T08:17:54.828+0000] {processor.py:153} INFO - Started process (PID=4679) to work on /home/melicharovykrecek/venv/lib/python3.9/site-packages/airflow/example_dags/plugins/workday.py
[2023-03-12T08:17:54.830+0000] {processor.py:743} INFO - Processing file /home/melicharovykrecek/venv/lib/python3.9/site-packages/airflow/example_dags/plugins/workday.py for tasks to queue
[2023-03-12T08:17:54.831+0000] {logging_mixin.py:137} INFO - [2023-03-12T08:17:54.831+0000] {dagbag.py:538} INFO - Filling up the DagBag from /home/melicharovykrecek/venv/lib/python3.9/site-packages/airflow/example_dags/plugins/workday.py
[2023-03-12T08:17:54.834+0000] {processor.py:755} WARNING - No viable dags retrieved from /home/melicharovykrecek/venv/lib/python3.9/site-packages/airflow/example_dags/plugins/workday.py
[2023-03-12T08:17:54.850+0000] {processor.py:175} INFO - Processing /home/melicharovykrecek/venv/lib/python3.9/site-packages/airflow/example_dags/plugins/workday.py took 0.027 seconds
[2023-03-12T08:18:29.910+0000] {processor.py:153} INFO - Started process (PID=4713) to work on /home/melicharovykrecek/venv/lib/python3.9/site-packages/airflow/example_dags/plugins/workday.py
[2023-03-12T08:18:29.912+0000] {processor.py:743} INFO - Processing file /home/melicharovykrecek/venv/lib/python3.9/site-packages/airflow/example_dags/plugins/workday.py for tasks to queue
[2023-03-12T08:18:29.913+0000] {logging_mixin.py:137} INFO - [2023-03-12T08:18:29.913+0000] {dagbag.py:538} INFO - Filling up the DagBag from /home/melicharovykrecek/venv/lib/python3.9/site-packages/airflow/example_dags/plugins/workday.py
[2023-03-12T08:18:29.915+0000] {processor.py:755} WARNING - No viable dags retrieved from /home/melicharovykrecek/venv/lib/python3.9/site-packages/airflow/example_dags/plugins/workday.py
[2023-03-12T08:18:29.930+0000] {processor.py:175} INFO - Processing /home/melicharovykrecek/venv/lib/python3.9/site-packages/airflow/example_dags/plugins/workday.py took 0.025 seconds
[2023-03-12T08:19:05.120+0000] {processor.py:153} INFO - Started process (PID=4748) to work on /home/melicharovykrecek/venv/lib/python3.9/site-packages/airflow/example_dags/plugins/workday.py
[2023-03-12T08:19:05.122+0000] {processor.py:743} INFO - Processing file /home/melicharovykrecek/venv/lib/python3.9/site-packages/airflow/example_dags/plugins/workday.py for tasks to queue
[2023-03-12T08:19:05.123+0000] {logging_mixin.py:137} INFO - [2023-03-12T08:19:05.122+0000] {dagbag.py:538} INFO - Filling up the DagBag from /home/melicharovykrecek/venv/lib/python3.9/site-packages/airflow/example_dags/plugins/workday.py
[2023-03-12T08:19:05.125+0000] {processor.py:755} WARNING - No viable dags retrieved from /home/melicharovykrecek/venv/lib/python3.9/site-packages/airflow/example_dags/plugins/workday.py
[2023-03-12T08:19:05.140+0000] {processor.py:175} INFO - Processing /home/melicharovykrecek/venv/lib/python3.9/site-packages/airflow/example_dags/plugins/workday.py took 0.026 seconds
[2023-03-12T08:19:40.581+0000] {processor.py:153} INFO - Started process (PID=4783) to work on /home/melicharovykrecek/venv/lib/python3.9/site-packages/airflow/example_dags/plugins/workday.py
[2023-03-12T08:19:40.583+0000] {processor.py:743} INFO - Processing file /home/melicharovykrecek/venv/lib/python3.9/site-packages/airflow/example_dags/plugins/workday.py for tasks to queue
[2023-03-12T08:19:40.583+0000] {logging_mixin.py:137} INFO - [2023-03-12T08:19:40.583+0000] {dagbag.py:538} INFO - Filling up the DagBag from /home/melicharovykrecek/venv/lib/python3.9/site-packages/airflow/example_dags/plugins/workday.py
[2023-03-12T08:19:40.586+0000] {processor.py:755} WARNING - No viable dags retrieved from /home/melicharovykrecek/venv/lib/python3.9/site-packages/airflow/example_dags/plugins/workday.py
[2023-03-12T08:19:40.601+0000] {processor.py:175} INFO - Processing /home/melicharovykrecek/venv/lib/python3.9/site-packages/airflow/example_dags/plugins/workday.py took 0.027 seconds
[2023-03-12T08:20:19.282+0000] {processor.py:153} INFO - Started process (PID=4826) to work on /home/melicharovykrecek/venv/lib/python3.9/site-packages/airflow/example_dags/plugins/workday.py
[2023-03-12T08:20:19.284+0000] {processor.py:743} INFO - Processing file /home/melicharovykrecek/venv/lib/python3.9/site-packages/airflow/example_dags/plugins/workday.py for tasks to queue
[2023-03-12T08:20:19.286+0000] {logging_mixin.py:137} INFO - [2023-03-12T08:20:19.286+0000] {dagbag.py:538} INFO - Filling up the DagBag from /home/melicharovykrecek/venv/lib/python3.9/site-packages/airflow/example_dags/plugins/workday.py
[2023-03-12T08:20:19.289+0000] {processor.py:755} WARNING - No viable dags retrieved from /home/melicharovykrecek/venv/lib/python3.9/site-packages/airflow/example_dags/plugins/workday.py
[2023-03-12T08:20:19.310+0000] {processor.py:175} INFO - Processing /home/melicharovykrecek/venv/lib/python3.9/site-packages/airflow/example_dags/plugins/workday.py took 0.033 seconds
[2023-03-12T08:21:00.658+0000] {processor.py:153} INFO - Started process (PID=4864) to work on /home/melicharovykrecek/venv/lib/python3.9/site-packages/airflow/example_dags/plugins/workday.py
[2023-03-12T08:21:00.661+0000] {processor.py:743} INFO - Processing file /home/melicharovykrecek/venv/lib/python3.9/site-packages/airflow/example_dags/plugins/workday.py for tasks to queue
[2023-03-12T08:21:00.662+0000] {logging_mixin.py:137} INFO - [2023-03-12T08:21:00.662+0000] {dagbag.py:538} INFO - Filling up the DagBag from /home/melicharovykrecek/venv/lib/python3.9/site-packages/airflow/example_dags/plugins/workday.py
[2023-03-12T08:21:00.664+0000] {processor.py:755} WARNING - No viable dags retrieved from /home/melicharovykrecek/venv/lib/python3.9/site-packages/airflow/example_dags/plugins/workday.py
[2023-03-12T08:21:00.679+0000] {processor.py:175} INFO - Processing /home/melicharovykrecek/venv/lib/python3.9/site-packages/airflow/example_dags/plugins/workday.py took 0.026 seconds
