[2023-03-18T16:00:35.756+0000] {taskinstance.py:1083} INFO - Dependencies all met for <TaskInstance: parking_measurements.download_file scheduled__2023-03-18T15:00:00+00:00 [queued]>
[2023-03-18T16:00:35.773+0000] {taskinstance.py:1083} INFO - Dependencies all met for <TaskInstance: parking_measurements.download_file scheduled__2023-03-18T15:00:00+00:00 [queued]>
[2023-03-18T16:00:35.773+0000] {taskinstance.py:1279} INFO - 
--------------------------------------------------------------------------------
[2023-03-18T16:00:35.774+0000] {taskinstance.py:1280} INFO - Starting attempt 1 of 1
[2023-03-18T16:00:35.774+0000] {taskinstance.py:1281} INFO - 
--------------------------------------------------------------------------------
[2023-03-18T16:00:35.792+0000] {taskinstance.py:1300} INFO - Executing <Task(PythonOperator): download_file> on 2023-03-18 15:00:00+00:00
[2023-03-18T16:00:35.796+0000] {standard_task_runner.py:55} INFO - Started process 79775 to run task
[2023-03-18T16:00:35.804+0000] {standard_task_runner.py:82} INFO - Running: ['***', 'tasks', 'run', 'parking_measurements', 'download_file', 'scheduled__2023-03-18T15:00:00+00:00', '--job-id', '636', '--raw', '--subdir', 'DAGS_FOLDER/parking_measurements.py', '--cfg-path', '/tmp/tmpt66kqp5c']
[2023-03-18T16:00:35.806+0000] {standard_task_runner.py:83} INFO - Job 636: Subtask download_file
[2023-03-18T16:00:35.922+0000] {task_command.py:388} INFO - Running <TaskInstance: parking_measurements.download_file scheduled__2023-03-18T15:00:00+00:00 [running]> on host diploma-vm.europe-west1-b.c.diploma-380314.internal
[2023-03-18T16:00:36.024+0000] {taskinstance.py:1507} INFO - Exporting the following env vars:
AIRFLOW_CTX_DAG_OWNER=***
AIRFLOW_CTX_DAG_ID=parking_measurements
AIRFLOW_CTX_TASK_ID=download_file
AIRFLOW_CTX_EXECUTION_DATE=2023-03-18T15:00:00+00:00
AIRFLOW_CTX_TRY_NUMBER=1
AIRFLOW_CTX_DAG_RUN_ID=scheduled__2023-03-18T15:00:00+00:00
[2023-03-18T16:00:36.183+0000] {python.py:177} INFO - Done. Returned value was: None
[2023-03-18T16:00:36.199+0000] {taskinstance.py:1318} INFO - Marking task as SUCCESS. dag_id=parking_measurements, task_id=download_file, execution_date=20230318T150000, start_date=20230318T160035, end_date=20230318T160036
[2023-03-18T16:00:36.255+0000] {local_task_job.py:208} INFO - Task exited with return code 0
[2023-03-18T16:00:36.302+0000] {taskinstance.py:2578} INFO - 1 downstream tasks scheduled from follow-on schedule check
