[2023-03-18T18:19:29.138+0000] {taskinstance.py:1083} INFO - Dependencies all met for <TaskInstance: vehiclepositions.src_table_vehiclepositions scheduled__2023-03-18T17:00:00+00:00 [queued]>
[2023-03-18T18:19:29.153+0000] {taskinstance.py:1083} INFO - Dependencies all met for <TaskInstance: vehiclepositions.src_table_vehiclepositions scheduled__2023-03-18T17:00:00+00:00 [queued]>
[2023-03-18T18:19:29.154+0000] {taskinstance.py:1279} INFO - 
--------------------------------------------------------------------------------
[2023-03-18T18:19:29.154+0000] {taskinstance.py:1280} INFO - Starting attempt 1 of 1
[2023-03-18T18:19:29.154+0000] {taskinstance.py:1281} INFO - 
--------------------------------------------------------------------------------
[2023-03-18T18:19:29.170+0000] {taskinstance.py:1300} INFO - Executing <Task(MySqlOperator): src_table_vehiclepositions> on 2023-03-18 17:00:00+00:00
[2023-03-18T18:19:29.175+0000] {standard_task_runner.py:55} INFO - Started process 93482 to run task
[2023-03-18T18:19:29.181+0000] {standard_task_runner.py:82} INFO - Running: ['***', 'tasks', 'run', 'vehiclepositions', 'src_table_vehiclepositions', 'scheduled__2023-03-18T17:00:00+00:00', '--job-id', '748', '--raw', '--subdir', 'DAGS_FOLDER/vehiclepositions.py', '--cfg-path', '/tmp/tmpzo0ul7ak']
[2023-03-18T18:19:29.183+0000] {standard_task_runner.py:83} INFO - Job 748: Subtask src_table_vehiclepositions
[2023-03-18T18:19:29.277+0000] {task_command.py:388} INFO - Running <TaskInstance: vehiclepositions.src_table_vehiclepositions scheduled__2023-03-18T17:00:00+00:00 [running]> on host diploma-vm.europe-west1-b.c.diploma-380314.internal
[2023-03-18T18:19:29.370+0000] {taskinstance.py:1507} INFO - Exporting the following env vars:
AIRFLOW_CTX_DAG_OWNER=***
AIRFLOW_CTX_DAG_ID=vehiclepositions
AIRFLOW_CTX_TASK_ID=src_table_vehiclepositions
AIRFLOW_CTX_EXECUTION_DATE=2023-03-18T17:00:00+00:00
AIRFLOW_CTX_TRY_NUMBER=1
AIRFLOW_CTX_DAG_RUN_ID=scheduled__2023-03-18T17:00:00+00:00
[2023-03-18T18:19:29.372+0000] {sql.py:254} INFO - Executing: INSERT IGNORE INTO src_vehiclepositions
(
SELECT
    _sys_record_id,
    _sys_load_id,
    _sys_load_at,
    _sys_is_deleted,
    r.*
FROM
    pre_vehiclepositions,
    JSON_TABLE(
        jdoc,
        '$[*]'
        COLUMNS (
            i FOR ORDINALITY,
            jdoc JSON PATH '$[0]'
            )
    ) AS r
);
[2023-03-18T18:19:29.386+0000] {base.py:73} INFO - Using connection ID 'mysql-db' for task execution.
[2023-03-18T18:19:29.474+0000] {base.py:73} INFO - Using connection ID 'mysql-db' for task execution.
[2023-03-18T18:19:29.488+0000] {sql.py:375} INFO - Running statement: INSERT IGNORE INTO src_vehiclepositions
(
SELECT
    _sys_record_id,
    _sys_load_id,
    _sys_load_at,
    _sys_is_deleted,
    r.*
FROM
    pre_vehiclepositions,
    JSON_TABLE(
        jdoc,
        '$[*]'
        COLUMNS (
            i FOR ORDINALITY,
            jdoc JSON PATH '$[0]'
            )
    ) AS r
);, parameters: None
[2023-03-18T18:19:29.490+0000] {sql.py:384} INFO - Rows affected: 0
[2023-03-18T18:19:29.504+0000] {taskinstance.py:1318} INFO - Marking task as SUCCESS. dag_id=vehiclepositions, task_id=src_table_vehiclepositions, execution_date=20230318T170000, start_date=20230318T181929, end_date=20230318T181929
[2023-03-18T18:19:29.554+0000] {local_task_job.py:208} INFO - Task exited with return code 0
[2023-03-18T18:19:29.585+0000] {taskinstance.py:2578} INFO - 1 downstream tasks scheduled from follow-on schedule check
