[2023-03-18T12:00:35.920+0000] {taskinstance.py:1083} INFO - Dependencies all met for <TaskInstance: parking_measurements.src_table_parking_measurements scheduled__2023-03-18T11:00:00+00:00 [queued]>
[2023-03-18T12:00:35.936+0000] {taskinstance.py:1083} INFO - Dependencies all met for <TaskInstance: parking_measurements.src_table_parking_measurements scheduled__2023-03-18T11:00:00+00:00 [queued]>
[2023-03-18T12:00:35.936+0000] {taskinstance.py:1279} INFO - 
--------------------------------------------------------------------------------
[2023-03-18T12:00:35.936+0000] {taskinstance.py:1280} INFO - Starting attempt 1 of 1
[2023-03-18T12:00:35.936+0000] {taskinstance.py:1281} INFO - 
--------------------------------------------------------------------------------
[2023-03-18T12:00:35.952+0000] {taskinstance.py:1300} INFO - Executing <Task(MySqlOperator): src_table_parking_measurements> on 2023-03-18 11:00:00+00:00
[2023-03-18T12:00:35.957+0000] {standard_task_runner.py:55} INFO - Started process 68781 to run task
[2023-03-18T12:00:35.968+0000] {standard_task_runner.py:82} INFO - Running: ['***', 'tasks', 'run', 'parking_measurements', 'src_table_parking_measurements', 'scheduled__2023-03-18T11:00:00+00:00', '--job-id', '591', '--raw', '--subdir', 'DAGS_FOLDER/parking_measurements.py', '--cfg-path', '/tmp/tmpxh_s7xuy']
[2023-03-18T12:00:35.970+0000] {standard_task_runner.py:83} INFO - Job 591: Subtask src_table_parking_measurements
[2023-03-18T12:00:36.067+0000] {task_command.py:388} INFO - Running <TaskInstance: parking_measurements.src_table_parking_measurements scheduled__2023-03-18T11:00:00+00:00 [running]> on host diploma-vm.europe-west1-b.c.diploma-380314.internal
[2023-03-18T12:00:36.164+0000] {taskinstance.py:1507} INFO - Exporting the following env vars:
AIRFLOW_CTX_DAG_OWNER=***
AIRFLOW_CTX_DAG_ID=parking_measurements
AIRFLOW_CTX_TASK_ID=src_table_parking_measurements
AIRFLOW_CTX_EXECUTION_DATE=2023-03-18T11:00:00+00:00
AIRFLOW_CTX_TRY_NUMBER=1
AIRFLOW_CTX_DAG_RUN_ID=scheduled__2023-03-18T11:00:00+00:00
[2023-03-18T12:00:36.165+0000] {sql.py:254} INFO - Executing: INSERT IGNORE INTO src_parking_measurements
(
SELECT
    _sys_record_id,
    _sys_load_id,
    _sys_load_at,
    _sys_is_deleted,
    r.*
FROM
    pre_parking_measurements,
    JSON_TABLE(
        jdoc,
        '$[*]'
        COLUMNS (
            i FOR ORDINALITY,
            jdoc JSON PATH '$[0]'
            )
    ) AS r
);
[2023-03-18T12:00:36.180+0000] {base.py:73} INFO - Using connection ID 'mysql-db' for task execution.
[2023-03-18T12:00:36.275+0000] {base.py:73} INFO - Using connection ID 'mysql-db' for task execution.
[2023-03-18T12:00:36.289+0000] {sql.py:375} INFO - Running statement: INSERT IGNORE INTO src_parking_measurements
(
SELECT
    _sys_record_id,
    _sys_load_id,
    _sys_load_at,
    _sys_is_deleted,
    r.*
FROM
    pre_parking_measurements,
    JSON_TABLE(
        jdoc,
        '$[*]'
        COLUMNS (
            i FOR ORDINALITY,
            jdoc JSON PATH '$[0]'
            )
    ) AS r
);, parameters: None
[2023-03-18T12:00:36.326+0000] {sql.py:384} INFO - Rows affected: 200
[2023-03-18T12:00:36.354+0000] {taskinstance.py:1318} INFO - Marking task as SUCCESS. dag_id=parking_measurements, task_id=src_table_parking_measurements, execution_date=20230318T110000, start_date=20230318T120035, end_date=20230318T120036
[2023-03-18T12:00:36.376+0000] {local_task_job.py:208} INFO - Task exited with return code 0
[2023-03-18T12:00:36.407+0000] {taskinstance.py:2578} INFO - 1 downstream tasks scheduled from follow-on schedule check
