[2023-03-18T18:00:21.090+0000] {taskinstance.py:1083} INFO - Dependencies all met for <TaskInstance: gtfs_routes.stg_table_gtfs_routes scheduled__2023-03-18T17:00:00+00:00 [queued]>
[2023-03-18T18:00:21.187+0000] {taskinstance.py:1083} INFO - Dependencies all met for <TaskInstance: gtfs_routes.stg_table_gtfs_routes scheduled__2023-03-18T17:00:00+00:00 [queued]>
[2023-03-18T18:00:21.187+0000] {taskinstance.py:1279} INFO - 
--------------------------------------------------------------------------------
[2023-03-18T18:00:21.187+0000] {taskinstance.py:1280} INFO - Starting attempt 1 of 1
[2023-03-18T18:00:21.188+0000] {taskinstance.py:1281} INFO - 
--------------------------------------------------------------------------------
[2023-03-18T18:00:21.304+0000] {taskinstance.py:1300} INFO - Executing <Task(MySqlOperator): stg_table_gtfs_routes> on 2023-03-18 17:00:00+00:00
[2023-03-18T18:00:21.327+0000] {standard_task_runner.py:55} INFO - Started process 91347 to run task
[2023-03-18T18:00:21.351+0000] {standard_task_runner.py:82} INFO - Running: ['***', 'tasks', 'run', 'gtfs_routes', 'stg_table_gtfs_routes', 'scheduled__2023-03-18T17:00:00+00:00', '--job-id', '734', '--raw', '--subdir', 'DAGS_FOLDER/gtfs_routes.py', '--cfg-path', '/tmp/tmpjv_8eb6d']
[2023-03-18T18:00:21.353+0000] {standard_task_runner.py:83} INFO - Job 734: Subtask stg_table_gtfs_routes
[2023-03-18T18:00:21.870+0000] {task_command.py:388} INFO - Running <TaskInstance: gtfs_routes.stg_table_gtfs_routes scheduled__2023-03-18T17:00:00+00:00 [running]> on host diploma-vm.europe-west1-b.c.diploma-380314.internal
[2023-03-18T18:00:22.295+0000] {taskinstance.py:1507} INFO - Exporting the following env vars:
AIRFLOW_CTX_DAG_OWNER=***
AIRFLOW_CTX_DAG_ID=gtfs_routes
AIRFLOW_CTX_TASK_ID=stg_table_gtfs_routes
AIRFLOW_CTX_EXECUTION_DATE=2023-03-18T17:00:00+00:00
AIRFLOW_CTX_TRY_NUMBER=1
AIRFLOW_CTX_DAG_RUN_ID=scheduled__2023-03-18T17:00:00+00:00
[2023-03-18T18:00:22.296+0000] {sql.py:254} INFO - Executing: INSERT IGNORE INTO stg_gtfs_routes
(
SELECT
    CONCAT(`route_id`, '_', `agency_id`, '_', `route_type`) AS `gtfs_route_id`,
    `route_id`,
    `is_night`,
    `agency_id`,
    `route_url`,
    `route_desc`,
    `route_type`,
    `is_regional`,
    `route_color`,
    `route_long_name`,
    `route_short_name`,
    `route_text_color`,
    `is_substitute_transport`,
    `_sys_record_id`,
    `_sys_load_id`,
    `_sys_load_at`,
    `_sys_is_deleted`,
    `i`
FROM (
    SELECT
        TRIM(BOTH '"' FROM JSON_EXTRACT(`jdoc`, '$.route_id')) AS `route_id`,
        TRIM(BOTH '"' FROM JSON_EXTRACT(`jdoc`, '$.is_night')) AS `is_night`,
        TRIM(BOTH '"' FROM JSON_EXTRACT(`jdoc`, '$.agency_id')) AS `agency_id`,
        TRIM(BOTH '"' FROM JSON_EXTRACT(`jdoc`, '$.route_url')) AS `route_url`,
        TRIM(BOTH '"' FROM JSON_EXTRACT(`jdoc`, '$.route_desc')) AS `route_desc`,
        TRIM(BOTH '"' FROM JSON_EXTRACT(`jdoc`, '$.route_type')) AS `route_type`,
        TRIM(BOTH '"' FROM JSON_EXTRACT(`jdoc`, '$.is_regional')) AS `is_regional`,
        TRIM(BOTH '"' FROM JSON_EXTRACT(`jdoc`, '$.route_color')) AS `route_color`,
        TRIM(BOTH '"' FROM JSON_EXTRACT(`jdoc`, '$.route_long_name')) AS `route_long_name`,
        TRIM(BOTH '"' FROM JSON_EXTRACT(`jdoc`, '$.route_short_name')) AS `route_short_name`,
        TRIM(BOTH '"' FROM JSON_EXTRACT(`jdoc`, '$.route_text_color')) AS `route_text_color`,
        TRIM(BOTH '"' FROM JSON_EXTRACT(`jdoc`, '$.is_substitute_transport')) AS `is_substitute_transport`,
        `_sys_record_id`,
        `_sys_load_id`,
        `_sys_load_at`,
        `_sys_is_deleted`,
        `i`
    FROM src_gtfs_routes
    ) a
);
[2023-03-18T18:00:22.342+0000] {base.py:73} INFO - Using connection ID 'mysql-db' for task execution.
[2023-03-18T18:00:22.966+0000] {base.py:73} INFO - Using connection ID 'mysql-db' for task execution.
[2023-03-18T18:00:23.040+0000] {sql.py:375} INFO - Running statement: INSERT IGNORE INTO stg_gtfs_routes
(
SELECT
    CONCAT(`route_id`, '_', `agency_id`, '_', `route_type`) AS `gtfs_route_id`,
    `route_id`,
    `is_night`,
    `agency_id`,
    `route_url`,
    `route_desc`,
    `route_type`,
    `is_regional`,
    `route_color`,
    `route_long_name`,
    `route_short_name`,
    `route_text_color`,
    `is_substitute_transport`,
    `_sys_record_id`,
    `_sys_load_id`,
    `_sys_load_at`,
    `_sys_is_deleted`,
    `i`
FROM (
    SELECT
        TRIM(BOTH '"' FROM JSON_EXTRACT(`jdoc`, '$.route_id')) AS `route_id`,
        TRIM(BOTH '"' FROM JSON_EXTRACT(`jdoc`, '$.is_night')) AS `is_night`,
        TRIM(BOTH '"' FROM JSON_EXTRACT(`jdoc`, '$.agency_id')) AS `agency_id`,
        TRIM(BOTH '"' FROM JSON_EXTRACT(`jdoc`, '$.route_url')) AS `route_url`,
        TRIM(BOTH '"' FROM JSON_EXTRACT(`jdoc`, '$.route_desc')) AS `route_desc`,
        TRIM(BOTH '"' FROM JSON_EXTRACT(`jdoc`, '$.route_type')) AS `route_type`,
        TRIM(BOTH '"' FROM JSON_EXTRACT(`jdoc`, '$.is_regional')) AS `is_regional`,
        TRIM(BOTH '"' FROM JSON_EXTRACT(`jdoc`, '$.route_color')) AS `route_color`,
        TRIM(BOTH '"' FROM JSON_EXTRACT(`jdoc`, '$.route_long_name')) AS `route_long_name`,
        TRIM(BOTH '"' FROM JSON_EXTRACT(`jdoc`, '$.route_short_name')) AS `route_short_name`,
        TRIM(BOTH '"' FROM JSON_EXTRACT(`jdoc`, '$.route_text_color')) AS `route_text_color`,
        TRIM(BOTH '"' FROM JSON_EXTRACT(`jdoc`, '$.is_substitute_transport')) AS `is_substitute_transport`,
        `_sys_record_id`,
        `_sys_load_id`,
        `_sys_load_at`,
        `_sys_is_deleted`,
        `i`
    FROM src_gtfs_routes
    ) a
);, parameters: None
[2023-03-18T18:00:23.218+0000] {sql.py:384} INFO - Rows affected: 0
[2023-03-18T18:00:23.261+0000] {taskinstance.py:1318} INFO - Marking task as SUCCESS. dag_id=gtfs_routes, task_id=stg_table_gtfs_routes, execution_date=20230318T170000, start_date=20230318T180021, end_date=20230318T180023
[2023-03-18T18:00:23.330+0000] {local_task_job.py:208} INFO - Task exited with return code 0
[2023-03-18T18:00:23.394+0000] {taskinstance.py:2578} INFO - 0 downstream tasks scheduled from follow-on schedule check
