[2023-03-18T06:00:52.213+0000] {taskinstance.py:1083} INFO - Dependencies all met for <TaskInstance: get_file_from_endpoint.download_file scheduled__2023-03-18T05:00:00+00:00 [queued]>
[2023-03-18T06:00:52.225+0000] {taskinstance.py:1083} INFO - Dependencies all met for <TaskInstance: get_file_from_endpoint.download_file scheduled__2023-03-18T05:00:00+00:00 [queued]>
[2023-03-18T06:00:52.225+0000] {taskinstance.py:1279} INFO - 
--------------------------------------------------------------------------------
[2023-03-18T06:00:52.225+0000] {taskinstance.py:1280} INFO - Starting attempt 1 of 1
[2023-03-18T06:00:52.225+0000] {taskinstance.py:1281} INFO - 
--------------------------------------------------------------------------------
[2023-03-18T06:00:52.239+0000] {taskinstance.py:1300} INFO - Executing <Task(PythonOperator): download_file> on 2023-03-18 05:00:00+00:00
[2023-03-18T06:00:52.243+0000] {standard_task_runner.py:55} INFO - Started process 48258 to run task
[2023-03-18T06:00:52.249+0000] {standard_task_runner.py:82} INFO - Running: ['***', 'tasks', 'run', 'get_file_from_endpoint', 'download_file', 'scheduled__2023-03-18T05:00:00+00:00', '--job-id', '480', '--raw', '--subdir', 'DAGS_FOLDER/api.py', '--cfg-path', '/tmp/tmpn4qt9v05']
[2023-03-18T06:00:52.251+0000] {standard_task_runner.py:83} INFO - Job 480: Subtask download_file
[2023-03-18T06:00:52.339+0000] {task_command.py:388} INFO - Running <TaskInstance: get_file_from_endpoint.download_file scheduled__2023-03-18T05:00:00+00:00 [running]> on host diploma-vm.europe-west1-b.c.diploma-380314.internal
[2023-03-18T06:00:52.421+0000] {taskinstance.py:1507} INFO - Exporting the following env vars:
AIRFLOW_CTX_DAG_OWNER=***
AIRFLOW_CTX_DAG_ID=get_file_from_endpoint
AIRFLOW_CTX_TASK_ID=download_file
AIRFLOW_CTX_EXECUTION_DATE=2023-03-18T05:00:00+00:00
AIRFLOW_CTX_TRY_NUMBER=1
AIRFLOW_CTX_DAG_RUN_ID=scheduled__2023-03-18T05:00:00+00:00
[2023-03-18T06:00:52.539+0000] {python.py:177} INFO - Done. Returned value was: None
[2023-03-18T06:00:52.552+0000] {taskinstance.py:1318} INFO - Marking task as SUCCESS. dag_id=get_file_from_endpoint, task_id=download_file, execution_date=20230318T050000, start_date=20230318T060052, end_date=20230318T060052
[2023-03-18T06:00:52.581+0000] {local_task_job.py:208} INFO - Task exited with return code 0
[2023-03-18T06:00:52.614+0000] {taskinstance.py:2578} INFO - 1 downstream tasks scheduled from follow-on schedule check
