[2023-03-12T12:35:35.481+0000] {taskinstance.py:1083} INFO - Dependencies all met for <TaskInstance: get_file_from_endpoint.check_endpoint manual__2023-03-12T12:35:34.206012+00:00 [queued]>
[2023-03-12T12:35:35.493+0000] {taskinstance.py:1083} INFO - Dependencies all met for <TaskInstance: get_file_from_endpoint.check_endpoint manual__2023-03-12T12:35:34.206012+00:00 [queued]>
[2023-03-12T12:35:35.493+0000] {taskinstance.py:1279} INFO - 
--------------------------------------------------------------------------------
[2023-03-12T12:35:35.493+0000] {taskinstance.py:1280} INFO - Starting attempt 1 of 1
[2023-03-12T12:35:35.493+0000] {taskinstance.py:1281} INFO - 
--------------------------------------------------------------------------------
[2023-03-12T12:35:35.509+0000] {taskinstance.py:1300} INFO - Executing <Task(PythonOperator): check_endpoint> on 2023-03-12 12:35:34.206012+00:00
[2023-03-12T12:35:35.515+0000] {standard_task_runner.py:55} INFO - Started process 13462 to run task
[2023-03-12T12:35:35.519+0000] {standard_task_runner.py:82} INFO - Running: ['***', 'tasks', 'run', 'get_file_from_endpoint', 'check_endpoint', 'manual__2023-03-12T12:35:34.206012+00:00', '--job-id', '22', '--raw', '--subdir', 'DAGS_FOLDER/api.py', '--cfg-path', '/tmp/tmp9dkdv55g']
[2023-03-12T12:35:35.521+0000] {standard_task_runner.py:83} INFO - Job 22: Subtask check_endpoint
[2023-03-12T12:35:35.614+0000] {task_command.py:388} INFO - Running <TaskInstance: get_file_from_endpoint.check_endpoint manual__2023-03-12T12:35:34.206012+00:00 [running]> on host diploma-vm.europe-west1-b.c.diploma-380314.internal
[2023-03-12T12:35:35.704+0000] {taskinstance.py:1507} INFO - Exporting the following env vars:
AIRFLOW_CTX_DAG_OWNER=***
AIRFLOW_CTX_DAG_ID=get_file_from_endpoint
AIRFLOW_CTX_TASK_ID=check_endpoint
AIRFLOW_CTX_EXECUTION_DATE=2023-03-12T12:35:34.206012+00:00
AIRFLOW_CTX_TRY_NUMBER=1
AIRFLOW_CTX_DAG_RUN_ID=manual__2023-03-12T12:35:34.206012+00:00
[2023-03-12T12:35:49.220+0000] {python.py:177} INFO - Done. Returned value was: None
[2023-03-12T12:35:49.235+0000] {taskinstance.py:1318} INFO - Marking task as SUCCESS. dag_id=get_file_from_endpoint, task_id=check_endpoint, execution_date=20230312T123534, start_date=20230312T123535, end_date=20230312T123549
[2023-03-12T12:35:49.265+0000] {local_task_job.py:208} INFO - Task exited with return code 0
[2023-03-12T12:35:49.293+0000] {taskinstance.py:2578} INFO - 1 downstream tasks scheduled from follow-on schedule check
