[2023-03-17T17:43:23.136+0000] {taskinstance.py:1083} INFO - Dependencies all met for <TaskInstance: get_file_from_endpoint.check_endpoint manual__2023-03-17T17:43:22.584048+00:00 [queued]>
[2023-03-17T17:43:23.170+0000] {taskinstance.py:1083} INFO - Dependencies all met for <TaskInstance: get_file_from_endpoint.check_endpoint manual__2023-03-17T17:43:22.584048+00:00 [queued]>
[2023-03-17T17:43:23.170+0000] {taskinstance.py:1279} INFO - 
--------------------------------------------------------------------------------
[2023-03-17T17:43:23.170+0000] {taskinstance.py:1280} INFO - Starting attempt 1 of 1
[2023-03-17T17:43:23.170+0000] {taskinstance.py:1281} INFO - 
--------------------------------------------------------------------------------
[2023-03-17T17:43:23.191+0000] {taskinstance.py:1300} INFO - Executing <Task(PythonOperator): check_endpoint> on 2023-03-17 17:43:22.584048+00:00
[2023-03-17T17:43:23.199+0000] {standard_task_runner.py:55} INFO - Started process 2007 to run task
[2023-03-17T17:43:23.234+0000] {standard_task_runner.py:82} INFO - Running: ['***', 'tasks', 'run', 'get_file_from_endpoint', 'check_endpoint', 'manual__2023-03-17T17:43:22.584048+00:00', '--job-id', '209', '--raw', '--subdir', 'DAGS_FOLDER/api.py', '--cfg-path', '/tmp/tmpltm08213']
[2023-03-17T17:43:23.236+0000] {standard_task_runner.py:83} INFO - Job 209: Subtask check_endpoint
[2023-03-17T17:43:23.424+0000] {task_command.py:388} INFO - Running <TaskInstance: get_file_from_endpoint.check_endpoint manual__2023-03-17T17:43:22.584048+00:00 [running]> on host diploma-vm.europe-west1-b.c.diploma-380314.internal
[2023-03-17T17:43:23.540+0000] {taskinstance.py:1507} INFO - Exporting the following env vars:
AIRFLOW_CTX_DAG_OWNER=***
AIRFLOW_CTX_DAG_ID=get_file_from_endpoint
AIRFLOW_CTX_TASK_ID=check_endpoint
AIRFLOW_CTX_EXECUTION_DATE=2023-03-17T17:43:22.584048+00:00
AIRFLOW_CTX_TRY_NUMBER=1
AIRFLOW_CTX_DAG_RUN_ID=manual__2023-03-17T17:43:22.584048+00:00
[2023-03-17T17:43:41.517+0000] {python.py:177} INFO - Done. Returned value was: None
[2023-03-17T17:43:41.531+0000] {taskinstance.py:1318} INFO - Marking task as SUCCESS. dag_id=get_file_from_endpoint, task_id=check_endpoint, execution_date=20230317T174322, start_date=20230317T174323, end_date=20230317T174341
[2023-03-17T17:43:41.586+0000] {local_task_job.py:208} INFO - Task exited with return code 0
[2023-03-17T17:43:41.617+0000] {taskinstance.py:2578} INFO - 1 downstream tasks scheduled from follow-on schedule check
