[2023-03-18T17:03:10.282+0000] {taskinstance.py:1083} INFO - Dependencies all met for <TaskInstance: gtfs_services.create_table_gtfs_services scheduled__2023-03-18T16:00:00+00:00 [queued]>
[2023-03-18T17:03:10.305+0000] {taskinstance.py:1083} INFO - Dependencies all met for <TaskInstance: gtfs_services.create_table_gtfs_services scheduled__2023-03-18T16:00:00+00:00 [queued]>
[2023-03-18T17:03:10.305+0000] {taskinstance.py:1279} INFO - 
--------------------------------------------------------------------------------
[2023-03-18T17:03:10.305+0000] {taskinstance.py:1280} INFO - Starting attempt 1 of 1
[2023-03-18T17:03:10.305+0000] {taskinstance.py:1281} INFO - 
--------------------------------------------------------------------------------
[2023-03-18T17:03:10.331+0000] {taskinstance.py:1300} INFO - Executing <Task(MySqlOperator): create_table_gtfs_services> on 2023-03-18 16:00:00+00:00
[2023-03-18T17:03:10.337+0000] {standard_task_runner.py:55} INFO - Started process 84764 to run task
[2023-03-18T17:03:10.348+0000] {standard_task_runner.py:82} INFO - Running: ['***', 'tasks', 'run', 'gtfs_services', 'create_table_gtfs_services', 'scheduled__2023-03-18T16:00:00+00:00', '--job-id', '677', '--raw', '--subdir', 'DAGS_FOLDER/gtfs_services.py', '--cfg-path', '/tmp/tmpy5nxrmhi']
[2023-03-18T17:03:10.350+0000] {standard_task_runner.py:83} INFO - Job 677: Subtask create_table_gtfs_services
[2023-03-18T17:03:10.496+0000] {task_command.py:388} INFO - Running <TaskInstance: gtfs_services.create_table_gtfs_services scheduled__2023-03-18T16:00:00+00:00 [running]> on host diploma-vm.europe-west1-b.c.diploma-380314.internal
[2023-03-18T17:03:10.649+0000] {taskinstance.py:1507} INFO - Exporting the following env vars:
AIRFLOW_CTX_DAG_OWNER=***
AIRFLOW_CTX_DAG_ID=gtfs_services
AIRFLOW_CTX_TASK_ID=create_table_gtfs_services
AIRFLOW_CTX_EXECUTION_DATE=2023-03-18T16:00:00+00:00
AIRFLOW_CTX_TRY_NUMBER=1
AIRFLOW_CTX_DAG_RUN_ID=scheduled__2023-03-18T16:00:00+00:00
[2023-03-18T17:03:10.650+0000] {sql.py:254} INFO - Executing: CREATE TABLE IF NOT EXISTS pre_gtfs_services (
    _sys_record_id INT NOT NULL AUTO_INCREMENT,
    jdoc JSON,
    _sys_load_id INT,
    _sys_load_at TIMESTAMP,
    _sys_is_deleted BOOLEAN,
    CONSTRAINT id PRIMARY KEY (_sys_record_id, _sys_load_at)
);

CREATE TABLE IF NOT EXISTS src_gtfs_services (
    _sys_record_id INT,
    _sys_load_id INT,
    _sys_load_at TIMESTAMP,
    _sys_is_deleted BOOLEAN,
    i INT,
    jdoc JSON,
    CONSTRAINT id PRIMARY KEY (_sys_record_id,i,_sys_load_at)
);

CREATE TABLE IF NOT EXISTS stg_gtfs_services (
    gtfs_service_id VARCHAR(255) NOT NULL,
    service_id VARCHAR(255),
    monday VARCHAR(255),
    tuesday VARCHAR(255),
    wednesday VARCHAR(255),
    thursday VARCHAR(255),
    friday VARCHAR(255),
    saturday VARCHAR(255),
    sunday VARCHAR(255),
    start_date VARCHAR(255),
    end_date VARCHAR(255),
    created_at TIMESTAMP,
    created_by VARCHAR(255),
    updated_at TIMESTAMP, 
    updated_by VARCHAR(255),
    create_batch_id VARCHAR(255),
    update_batch_id VARCHAR(255),
    _sys_record_id INT,
    _sys_load_id INT,
    _sys_load_at TIMESTAMP,
    _sys_is_deleted VARCHAR(255),
    i INT,
    PRIMARY KEY (gtfs_service_id)
  );
[2023-03-18T17:03:10.672+0000] {base.py:73} INFO - Using connection ID 'mysql-db' for task execution.
[2023-03-18T17:03:10.823+0000] {base.py:73} INFO - Using connection ID 'mysql-db' for task execution.
[2023-03-18T17:03:10.843+0000] {sql.py:375} INFO - Running statement: CREATE TABLE IF NOT EXISTS pre_gtfs_services (
    _sys_record_id INT NOT NULL AUTO_INCREMENT,
    jdoc JSON,
    _sys_load_id INT,
    _sys_load_at TIMESTAMP,
    _sys_is_deleted BOOLEAN,
    CONSTRAINT id PRIMARY KEY (_sys_record_id, _sys_load_at)
);

CREATE TABLE IF NOT EXISTS src_gtfs_services (
    _sys_record_id INT,
    _sys_load_id INT,
    _sys_load_at TIMESTAMP,
    _sys_is_deleted BOOLEAN,
    i INT,
    jdoc JSON,
    CONSTRAINT id PRIMARY KEY (_sys_record_id,i,_sys_load_at)
);

CREATE TABLE IF NOT EXISTS stg_gtfs_services (
    gtfs_service_id VARCHAR(255) NOT NULL,
    service_id VARCHAR(255),
    monday VARCHAR(255),
    tuesday VARCHAR(255),
    wednesday VARCHAR(255),
    thursday VARCHAR(255),
    friday VARCHAR(255),
    saturday VARCHAR(255),
    sunday VARCHAR(255),
    start_date VARCHAR(255),
    end_date VARCHAR(255),
    created_at TIMESTAMP,
    created_by VARCHAR(255),
    updated_at TIMESTAMP, 
    updated_by VARCHAR(255),
    create_batch_id VARCHAR(255),
    update_batch_id VARCHAR(255),
    _sys_record_id INT,
    _sys_load_id INT,
    _sys_load_at TIMESTAMP,
    _sys_is_deleted VARCHAR(255),
    i INT,
    PRIMARY KEY (gtfs_service_id)
  );, parameters: None
[2023-03-18T17:03:10.883+0000] {sql.py:384} INFO - Rows affected: 0
[2023-03-18T17:03:10.970+0000] {taskinstance.py:1318} INFO - Marking task as SUCCESS. dag_id=gtfs_services, task_id=create_table_gtfs_services, execution_date=20230318T160000, start_date=20230318T170310, end_date=20230318T170310
[2023-03-18T17:03:11.009+0000] {local_task_job.py:208} INFO - Task exited with return code 0
[2023-03-18T17:03:11.163+0000] {taskinstance.py:2578} INFO - 0 downstream tasks scheduled from follow-on schedule check
