[2023-03-18T18:27:07.081+0000] {taskinstance.py:1083} INFO - Dependencies all met for <TaskInstance: vehiclepositions.check_endpoint manual__2023-03-18T18:27:06.011622+00:00 [queued]>
[2023-03-18T18:27:07.094+0000] {taskinstance.py:1083} INFO - Dependencies all met for <TaskInstance: vehiclepositions.check_endpoint manual__2023-03-18T18:27:06.011622+00:00 [queued]>
[2023-03-18T18:27:07.095+0000] {taskinstance.py:1279} INFO - 
--------------------------------------------------------------------------------
[2023-03-18T18:27:07.095+0000] {taskinstance.py:1280} INFO - Starting attempt 1 of 1
[2023-03-18T18:27:07.095+0000] {taskinstance.py:1281} INFO - 
--------------------------------------------------------------------------------
[2023-03-18T18:27:07.112+0000] {taskinstance.py:1300} INFO - Executing <Task(PythonOperator): check_endpoint> on 2023-03-18 18:27:06.011622+00:00
[2023-03-18T18:27:07.118+0000] {standard_task_runner.py:55} INFO - Started process 94625 to run task
[2023-03-18T18:27:07.124+0000] {standard_task_runner.py:82} INFO - Running: ['***', 'tasks', 'run', 'vehiclepositions', 'check_endpoint', 'manual__2023-03-18T18:27:06.011622+00:00', '--job-id', '764', '--raw', '--subdir', 'DAGS_FOLDER/vehiclepositions.py', '--cfg-path', '/tmp/tmpnue1gnm0']
[2023-03-18T18:27:07.126+0000] {standard_task_runner.py:83} INFO - Job 764: Subtask check_endpoint
[2023-03-18T18:27:07.229+0000] {task_command.py:388} INFO - Running <TaskInstance: vehiclepositions.check_endpoint manual__2023-03-18T18:27:06.011622+00:00 [running]> on host diploma-vm.europe-west1-b.c.diploma-380314.internal
[2023-03-18T18:27:07.328+0000] {taskinstance.py:1507} INFO - Exporting the following env vars:
AIRFLOW_CTX_DAG_OWNER=***
AIRFLOW_CTX_DAG_ID=vehiclepositions
AIRFLOW_CTX_TASK_ID=check_endpoint
AIRFLOW_CTX_EXECUTION_DATE=2023-03-18T18:27:06.011622+00:00
AIRFLOW_CTX_TRY_NUMBER=1
AIRFLOW_CTX_DAG_RUN_ID=manual__2023-03-18T18:27:06.011622+00:00
[2023-03-18T18:27:07.470+0000] {python.py:177} INFO - Done. Returned value was: None
[2023-03-18T18:27:07.484+0000] {taskinstance.py:1318} INFO - Marking task as SUCCESS. dag_id=vehiclepositions, task_id=check_endpoint, execution_date=20230318T182706, start_date=20230318T182707, end_date=20230318T182707
[2023-03-18T18:27:07.536+0000] {local_task_job.py:208} INFO - Task exited with return code 0
[2023-03-18T18:27:07.581+0000] {taskinstance.py:2578} INFO - 1 downstream tasks scheduled from follow-on schedule check
