[2023-03-18T17:21:22.301+0000] {taskinstance.py:1083} INFO - Dependencies all met for <TaskInstance: vehiclepositions.download_file manual__2023-03-18T17:21:19.877888+00:00 [queued]>
[2023-03-18T17:21:22.320+0000] {taskinstance.py:1083} INFO - Dependencies all met for <TaskInstance: vehiclepositions.download_file manual__2023-03-18T17:21:19.877888+00:00 [queued]>
[2023-03-18T17:21:22.321+0000] {taskinstance.py:1279} INFO - 
--------------------------------------------------------------------------------
[2023-03-18T17:21:22.321+0000] {taskinstance.py:1280} INFO - Starting attempt 1 of 1
[2023-03-18T17:21:22.321+0000] {taskinstance.py:1281} INFO - 
--------------------------------------------------------------------------------
[2023-03-18T17:21:22.348+0000] {taskinstance.py:1300} INFO - Executing <Task(PythonOperator): download_file> on 2023-03-18 17:21:19.877888+00:00
[2023-03-18T17:21:22.354+0000] {standard_task_runner.py:55} INFO - Started process 86764 to run task
[2023-03-18T17:21:22.365+0000] {standard_task_runner.py:82} INFO - Running: ['***', 'tasks', 'run', 'vehiclepositions', 'download_file', 'manual__2023-03-18T17:21:19.877888+00:00', '--job-id', '693', '--raw', '--subdir', 'DAGS_FOLDER/vehiclepositions.py', '--cfg-path', '/tmp/tmpllss_yoc']
[2023-03-18T17:21:22.368+0000] {standard_task_runner.py:83} INFO - Job 693: Subtask download_file
[2023-03-18T17:21:22.500+0000] {task_command.py:388} INFO - Running <TaskInstance: vehiclepositions.download_file manual__2023-03-18T17:21:19.877888+00:00 [running]> on host diploma-vm.europe-west1-b.c.diploma-380314.internal
[2023-03-18T17:21:22.647+0000] {taskinstance.py:1507} INFO - Exporting the following env vars:
AIRFLOW_CTX_DAG_OWNER=***
AIRFLOW_CTX_DAG_ID=vehiclepositions
AIRFLOW_CTX_TASK_ID=download_file
AIRFLOW_CTX_EXECUTION_DATE=2023-03-18T17:21:19.877888+00:00
AIRFLOW_CTX_TRY_NUMBER=1
AIRFLOW_CTX_DAG_RUN_ID=manual__2023-03-18T17:21:19.877888+00:00
[2023-03-18T17:21:22.789+0000] {python.py:177} INFO - Done. Returned value was: None
[2023-03-18T17:21:22.810+0000] {taskinstance.py:1318} INFO - Marking task as SUCCESS. dag_id=vehiclepositions, task_id=download_file, execution_date=20230318T172119, start_date=20230318T172122, end_date=20230318T172122
[2023-03-18T17:21:22.861+0000] {local_task_job.py:208} INFO - Task exited with return code 0
[2023-03-18T17:21:22.918+0000] {taskinstance.py:2578} INFO - 1 downstream tasks scheduled from follow-on schedule check
