[2023-03-18T12:00:01.176+0000] {taskinstance.py:1083} INFO - Dependencies all met for <TaskInstance: parking_spaces.check_endpoint scheduled__2023-03-18T11:00:00+00:00 [queued]>
[2023-03-18T12:00:01.198+0000] {taskinstance.py:1083} INFO - Dependencies all met for <TaskInstance: parking_spaces.check_endpoint scheduled__2023-03-18T11:00:00+00:00 [queued]>
[2023-03-18T12:00:01.198+0000] {taskinstance.py:1279} INFO - 
--------------------------------------------------------------------------------
[2023-03-18T12:00:01.199+0000] {taskinstance.py:1280} INFO - Starting attempt 1 of 1
[2023-03-18T12:00:01.199+0000] {taskinstance.py:1281} INFO - 
--------------------------------------------------------------------------------
[2023-03-18T12:00:01.234+0000] {taskinstance.py:1300} INFO - Executing <Task(PythonOperator): check_endpoint> on 2023-03-18 11:00:00+00:00
[2023-03-18T12:00:01.240+0000] {standard_task_runner.py:55} INFO - Started process 68562 to run task
[2023-03-18T12:00:01.261+0000] {standard_task_runner.py:82} INFO - Running: ['***', 'tasks', 'run', 'parking_spaces', 'check_endpoint', 'scheduled__2023-03-18T11:00:00+00:00', '--job-id', '581', '--raw', '--subdir', 'DAGS_FOLDER/parking_spaces.py', '--cfg-path', '/tmp/tmp8_ifgx82']
[2023-03-18T12:00:01.267+0000] {standard_task_runner.py:83} INFO - Job 581: Subtask check_endpoint
[2023-03-18T12:00:01.479+0000] {task_command.py:388} INFO - Running <TaskInstance: parking_spaces.check_endpoint scheduled__2023-03-18T11:00:00+00:00 [running]> on host diploma-vm.europe-west1-b.c.diploma-380314.internal
[2023-03-18T12:00:01.723+0000] {taskinstance.py:1507} INFO - Exporting the following env vars:
AIRFLOW_CTX_DAG_OWNER=***
AIRFLOW_CTX_DAG_ID=parking_spaces
AIRFLOW_CTX_TASK_ID=check_endpoint
AIRFLOW_CTX_EXECUTION_DATE=2023-03-18T11:00:00+00:00
AIRFLOW_CTX_TRY_NUMBER=1
AIRFLOW_CTX_DAG_RUN_ID=scheduled__2023-03-18T11:00:00+00:00
[2023-03-18T12:00:01.902+0000] {python.py:177} INFO - Done. Returned value was: None
[2023-03-18T12:00:01.921+0000] {taskinstance.py:1318} INFO - Marking task as SUCCESS. dag_id=parking_spaces, task_id=check_endpoint, execution_date=20230318T110000, start_date=20230318T120001, end_date=20230318T120001
[2023-03-18T12:00:01.956+0000] {local_task_job.py:208} INFO - Task exited with return code 0
[2023-03-18T12:00:02.003+0000] {taskinstance.py:2578} INFO - 1 downstream tasks scheduled from follow-on schedule check
