[2023-03-17T19:28:22.290+0000] {taskinstance.py:1083} INFO - Dependencies all met for <TaskInstance: get_file_from_endpoint.download_file manual__2023-03-17T19:28:20.357828+00:00 [queued]>
[2023-03-17T19:28:22.301+0000] {taskinstance.py:1083} INFO - Dependencies all met for <TaskInstance: get_file_from_endpoint.download_file manual__2023-03-17T19:28:20.357828+00:00 [queued]>
[2023-03-17T19:28:22.302+0000] {taskinstance.py:1279} INFO - 
--------------------------------------------------------------------------------
[2023-03-17T19:28:22.302+0000] {taskinstance.py:1280} INFO - Starting attempt 1 of 1
[2023-03-17T19:28:22.302+0000] {taskinstance.py:1281} INFO - 
--------------------------------------------------------------------------------
[2023-03-17T19:28:22.316+0000] {taskinstance.py:1300} INFO - Executing <Task(PythonOperator): download_file> on 2023-03-17 19:28:20.357828+00:00
[2023-03-17T19:28:22.321+0000] {standard_task_runner.py:55} INFO - Started process 9308 to run task
[2023-03-17T19:28:22.326+0000] {standard_task_runner.py:82} INFO - Running: ['***', 'tasks', 'run', 'get_file_from_endpoint', 'download_file', 'manual__2023-03-17T19:28:20.357828+00:00', '--job-id', '276', '--raw', '--subdir', 'DAGS_FOLDER/api.py', '--cfg-path', '/tmp/tmp9_9qtklm']
[2023-03-17T19:28:22.328+0000] {standard_task_runner.py:83} INFO - Job 276: Subtask download_file
[2023-03-17T19:28:22.423+0000] {task_command.py:388} INFO - Running <TaskInstance: get_file_from_endpoint.download_file manual__2023-03-17T19:28:20.357828+00:00 [running]> on host diploma-vm.europe-west1-b.c.diploma-380314.internal
[2023-03-17T19:28:22.510+0000] {taskinstance.py:1507} INFO - Exporting the following env vars:
AIRFLOW_CTX_DAG_OWNER=***
AIRFLOW_CTX_DAG_ID=get_file_from_endpoint
AIRFLOW_CTX_TASK_ID=download_file
AIRFLOW_CTX_EXECUTION_DATE=2023-03-17T19:28:20.357828+00:00
AIRFLOW_CTX_TRY_NUMBER=1
AIRFLOW_CTX_DAG_RUN_ID=manual__2023-03-17T19:28:20.357828+00:00
[2023-03-17T19:28:22.589+0000] {python.py:177} INFO - Done. Returned value was: None
[2023-03-17T19:28:22.603+0000] {taskinstance.py:1318} INFO - Marking task as SUCCESS. dag_id=get_file_from_endpoint, task_id=download_file, execution_date=20230317T192820, start_date=20230317T192822, end_date=20230317T192822
[2023-03-17T19:28:22.659+0000] {local_task_job.py:208} INFO - Task exited with return code 0
[2023-03-17T19:28:22.696+0000] {taskinstance.py:2578} INFO - 1 downstream tasks scheduled from follow-on schedule check
