[2023-03-18T18:00:20.988+0000] {taskinstance.py:1083} INFO - Dependencies all met for <TaskInstance: gtfs_services.stg_table_gtfs_services scheduled__2023-03-18T17:00:00+00:00 [queued]>
[2023-03-18T18:00:21.135+0000] {taskinstance.py:1083} INFO - Dependencies all met for <TaskInstance: gtfs_services.stg_table_gtfs_services scheduled__2023-03-18T17:00:00+00:00 [queued]>
[2023-03-18T18:00:21.135+0000] {taskinstance.py:1279} INFO - 
--------------------------------------------------------------------------------
[2023-03-18T18:00:21.135+0000] {taskinstance.py:1280} INFO - Starting attempt 1 of 1
[2023-03-18T18:00:21.136+0000] {taskinstance.py:1281} INFO - 
--------------------------------------------------------------------------------
[2023-03-18T18:00:21.249+0000] {taskinstance.py:1300} INFO - Executing <Task(MySqlOperator): stg_table_gtfs_services> on 2023-03-18 17:00:00+00:00
[2023-03-18T18:00:21.270+0000] {standard_task_runner.py:55} INFO - Started process 91346 to run task
[2023-03-18T18:00:21.319+0000] {standard_task_runner.py:82} INFO - Running: ['***', 'tasks', 'run', 'gtfs_services', 'stg_table_gtfs_services', 'scheduled__2023-03-18T17:00:00+00:00', '--job-id', '733', '--raw', '--subdir', 'DAGS_FOLDER/gtfs_services.py', '--cfg-path', '/tmp/tmpn4plt8gy']
[2023-03-18T18:00:21.322+0000] {standard_task_runner.py:83} INFO - Job 733: Subtask stg_table_gtfs_services
[2023-03-18T18:00:21.823+0000] {task_command.py:388} INFO - Running <TaskInstance: gtfs_services.stg_table_gtfs_services scheduled__2023-03-18T17:00:00+00:00 [running]> on host diploma-vm.europe-west1-b.c.diploma-380314.internal
[2023-03-18T18:00:22.298+0000] {taskinstance.py:1507} INFO - Exporting the following env vars:
AIRFLOW_CTX_DAG_OWNER=***
AIRFLOW_CTX_DAG_ID=gtfs_services
AIRFLOW_CTX_TASK_ID=stg_table_gtfs_services
AIRFLOW_CTX_EXECUTION_DATE=2023-03-18T17:00:00+00:00
AIRFLOW_CTX_TRY_NUMBER=1
AIRFLOW_CTX_DAG_RUN_ID=scheduled__2023-03-18T17:00:00+00:00
[2023-03-18T18:00:22.305+0000] {sql.py:254} INFO - Executing: INSERT IGNORE INTO stg_gtfs_services
(
SELECT
    CONCAT(`service_id`, '_', `start_date`, '_', `end_date`) AS `gtfs_service_id`,
    `service_id`,
    `monday`,
    `tuesday`,
    `wednesday`,
    `thursday`,
    `friday`,
    `saturday`,
    `sunday`,
    `start_date`,
    `end_date`,
    `created_at`,
    `created_by`,
    `updated_at`,
    `updated_by`,
    `create_batch_id`,
    `update_batch_id`,
    `_sys_record_id`,
    `_sys_load_id`,
    `_sys_load_at`,
    `_sys_is_deleted`,
    `i`
FROM (
    SELECT
        TRIM(BOTH '"' FROM JSON_EXTRACT(`jdoc`, '$.service_id')) AS `service_id`,
        TRIM(BOTH '"' FROM JSON_EXTRACT(`jdoc`, '$.monday')) AS `monday`,
        TRIM(BOTH '"' FROM JSON_EXTRACT(`jdoc`, '$.tuesday')) AS `tuesday`,
        TRIM(BOTH '"' FROM JSON_EXTRACT(`jdoc`, '$.wednesday')) AS `wednesday`,
        TRIM(BOTH '"' FROM JSON_EXTRACT(`jdoc`, '$.thursday')) AS `thursday`,
        TRIM(BOTH '"' FROM JSON_EXTRACT(`jdoc`, '$.friday')) AS `friday`,
        TRIM(BOTH '"' FROM JSON_EXTRACT(`jdoc`, '$.saturday')) AS `saturday`,
        TRIM(BOTH '"' FROM JSON_EXTRACT(`jdoc`, '$.sunday')) AS `sunday`,
        TRIM(BOTH '"' FROM JSON_EXTRACT(`jdoc`, '$.start_date')) AS `start_date`,
        TRIM(BOTH '"' FROM JSON_EXTRACT(`jdoc`, '$.end_date')) AS `end_date`,
        TRIM(BOTH '"' FROM JSON_EXTRACT(`jdoc`, '$.created_at')) AS `created_at`,
        TRIM(BOTH '"' FROM JSON_EXTRACT(`jdoc`, '$.created_by')) AS `created_by`,
        TRIM(BOTH '"' FROM JSON_EXTRACT(`jdoc`, '$.updated_at')) AS `updated_at`,
        TRIM(BOTH '"' FROM JSON_EXTRACT(`jdoc`, '$.updated_by')) AS `updated_by`,
        TRIM(BOTH '"' FROM JSON_EXTRACT(`jdoc`, '$.create_batch_id')) AS `create_batch_id`,
        TRIM(BOTH '"' FROM JSON_EXTRACT(`jdoc`, '$.update_batch_id')) AS `update_batch_id`,
        `_sys_record_id`,
        `_sys_load_id`,
        `_sys_load_at`,
        `_sys_is_deleted`,
        `i`
    FROM src_gtfs_services
    ) a
);
[2023-03-18T18:00:22.364+0000] {base.py:73} INFO - Using connection ID 'mysql-db' for task execution.
[2023-03-18T18:00:22.980+0000] {base.py:73} INFO - Using connection ID 'mysql-db' for task execution.
[2023-03-18T18:00:23.041+0000] {sql.py:375} INFO - Running statement: INSERT IGNORE INTO stg_gtfs_services
(
SELECT
    CONCAT(`service_id`, '_', `start_date`, '_', `end_date`) AS `gtfs_service_id`,
    `service_id`,
    `monday`,
    `tuesday`,
    `wednesday`,
    `thursday`,
    `friday`,
    `saturday`,
    `sunday`,
    `start_date`,
    `end_date`,
    `created_at`,
    `created_by`,
    `updated_at`,
    `updated_by`,
    `create_batch_id`,
    `update_batch_id`,
    `_sys_record_id`,
    `_sys_load_id`,
    `_sys_load_at`,
    `_sys_is_deleted`,
    `i`
FROM (
    SELECT
        TRIM(BOTH '"' FROM JSON_EXTRACT(`jdoc`, '$.service_id')) AS `service_id`,
        TRIM(BOTH '"' FROM JSON_EXTRACT(`jdoc`, '$.monday')) AS `monday`,
        TRIM(BOTH '"' FROM JSON_EXTRACT(`jdoc`, '$.tuesday')) AS `tuesday`,
        TRIM(BOTH '"' FROM JSON_EXTRACT(`jdoc`, '$.wednesday')) AS `wednesday`,
        TRIM(BOTH '"' FROM JSON_EXTRACT(`jdoc`, '$.thursday')) AS `thursday`,
        TRIM(BOTH '"' FROM JSON_EXTRACT(`jdoc`, '$.friday')) AS `friday`,
        TRIM(BOTH '"' FROM JSON_EXTRACT(`jdoc`, '$.saturday')) AS `saturday`,
        TRIM(BOTH '"' FROM JSON_EXTRACT(`jdoc`, '$.sunday')) AS `sunday`,
        TRIM(BOTH '"' FROM JSON_EXTRACT(`jdoc`, '$.start_date')) AS `start_date`,
        TRIM(BOTH '"' FROM JSON_EXTRACT(`jdoc`, '$.end_date')) AS `end_date`,
        TRIM(BOTH '"' FROM JSON_EXTRACT(`jdoc`, '$.created_at')) AS `created_at`,
        TRIM(BOTH '"' FROM JSON_EXTRACT(`jdoc`, '$.created_by')) AS `created_by`,
        TRIM(BOTH '"' FROM JSON_EXTRACT(`jdoc`, '$.updated_at')) AS `updated_at`,
        TRIM(BOTH '"' FROM JSON_EXTRACT(`jdoc`, '$.updated_by')) AS `updated_by`,
        TRIM(BOTH '"' FROM JSON_EXTRACT(`jdoc`, '$.create_batch_id')) AS `create_batch_id`,
        TRIM(BOTH '"' FROM JSON_EXTRACT(`jdoc`, '$.update_batch_id')) AS `update_batch_id`,
        `_sys_record_id`,
        `_sys_load_id`,
        `_sys_load_at`,
        `_sys_is_deleted`,
        `i`
    FROM src_gtfs_services
    ) a
);, parameters: None
[2023-03-18T18:00:23.126+0000] {sql.py:384} INFO - Rows affected: 0
[2023-03-18T18:00:23.179+0000] {taskinstance.py:1318} INFO - Marking task as SUCCESS. dag_id=gtfs_services, task_id=stg_table_gtfs_services, execution_date=20230318T170000, start_date=20230318T180020, end_date=20230318T180023
[2023-03-18T18:00:23.247+0000] {local_task_job.py:208} INFO - Task exited with return code 0
[2023-03-18T18:00:23.326+0000] {taskinstance.py:2578} INFO - 0 downstream tasks scheduled from follow-on schedule check
