[2023-03-18T18:19:25.292+0000] {taskinstance.py:1083} INFO - Dependencies all met for <TaskInstance: vehiclepositions.download_file scheduled__2023-03-18T17:00:00+00:00 [queued]>
[2023-03-18T18:19:25.308+0000] {taskinstance.py:1083} INFO - Dependencies all met for <TaskInstance: vehiclepositions.download_file scheduled__2023-03-18T17:00:00+00:00 [queued]>
[2023-03-18T18:19:25.308+0000] {taskinstance.py:1279} INFO - 
--------------------------------------------------------------------------------
[2023-03-18T18:19:25.308+0000] {taskinstance.py:1280} INFO - Starting attempt 1 of 1
[2023-03-18T18:19:25.308+0000] {taskinstance.py:1281} INFO - 
--------------------------------------------------------------------------------
[2023-03-18T18:19:25.327+0000] {taskinstance.py:1300} INFO - Executing <Task(PythonOperator): download_file> on 2023-03-18 17:00:00+00:00
[2023-03-18T18:19:25.333+0000] {standard_task_runner.py:55} INFO - Started process 93424 to run task
[2023-03-18T18:19:25.339+0000] {standard_task_runner.py:82} INFO - Running: ['***', 'tasks', 'run', 'vehiclepositions', 'download_file', 'scheduled__2023-03-18T17:00:00+00:00', '--job-id', '745', '--raw', '--subdir', 'DAGS_FOLDER/vehiclepositions.py', '--cfg-path', '/tmp/tmp6htn25go']
[2023-03-18T18:19:25.341+0000] {standard_task_runner.py:83} INFO - Job 745: Subtask download_file
[2023-03-18T18:19:25.450+0000] {task_command.py:388} INFO - Running <TaskInstance: vehiclepositions.download_file scheduled__2023-03-18T17:00:00+00:00 [running]> on host diploma-vm.europe-west1-b.c.diploma-380314.internal
[2023-03-18T18:19:25.545+0000] {taskinstance.py:1507} INFO - Exporting the following env vars:
AIRFLOW_CTX_DAG_OWNER=***
AIRFLOW_CTX_DAG_ID=vehiclepositions
AIRFLOW_CTX_TASK_ID=download_file
AIRFLOW_CTX_EXECUTION_DATE=2023-03-18T17:00:00+00:00
AIRFLOW_CTX_TRY_NUMBER=1
AIRFLOW_CTX_DAG_RUN_ID=scheduled__2023-03-18T17:00:00+00:00
[2023-03-18T18:19:25.708+0000] {python.py:177} INFO - Done. Returned value was: None
[2023-03-18T18:19:25.725+0000] {taskinstance.py:1318} INFO - Marking task as SUCCESS. dag_id=vehiclepositions, task_id=download_file, execution_date=20230318T170000, start_date=20230318T181925, end_date=20230318T181925
[2023-03-18T18:19:25.756+0000] {local_task_job.py:208} INFO - Task exited with return code 0
[2023-03-18T18:19:25.794+0000] {taskinstance.py:2578} INFO - 1 downstream tasks scheduled from follow-on schedule check
