[2023-03-12T07:30:54.877+0000] {processor.py:153} INFO - Started process (PID=1499) to work on /home/melicharovykrecek/venv/lib/python3.9/site-packages/airflow/example_dags/example_branch_day_of_week_operator.py
[2023-03-12T07:30:54.878+0000] {processor.py:743} INFO - Processing file /home/melicharovykrecek/venv/lib/python3.9/site-packages/airflow/example_dags/example_branch_day_of_week_operator.py for tasks to queue
[2023-03-12T07:30:54.879+0000] {logging_mixin.py:137} INFO - [2023-03-12T07:30:54.879+0000] {dagbag.py:538} INFO - Filling up the DagBag from /home/melicharovykrecek/venv/lib/python3.9/site-packages/airflow/example_dags/example_branch_day_of_week_operator.py
[2023-03-12T07:30:54.901+0000] {processor.py:753} INFO - DAG(s) dict_keys(['example_weekday_branch_operator']) retrieved from /home/melicharovykrecek/venv/lib/python3.9/site-packages/airflow/example_dags/example_branch_day_of_week_operator.py
[2023-03-12T07:30:54.927+0000] {logging_mixin.py:137} INFO - [2023-03-12T07:30:54.927+0000] {dag.py:2690} INFO - Sync 1 DAGs
[2023-03-12T07:30:54.954+0000] {logging_mixin.py:137} INFO - [2023-03-12T07:30:54.953+0000] {dag.py:3437} INFO - Setting next_dagrun for example_weekday_branch_operator to 2023-03-11T00:00:00+00:00, run_after=2023-03-12T00:00:00+00:00
[2023-03-12T07:30:54.983+0000] {processor.py:175} INFO - Processing /home/melicharovykrecek/venv/lib/python3.9/site-packages/airflow/example_dags/example_branch_day_of_week_operator.py took 0.111 seconds
[2023-03-12T07:31:40.804+0000] {processor.py:153} INFO - Started process (PID=1563) to work on /home/melicharovykrecek/venv/lib/python3.9/site-packages/airflow/example_dags/example_branch_day_of_week_operator.py
[2023-03-12T07:31:40.806+0000] {processor.py:743} INFO - Processing file /home/melicharovykrecek/venv/lib/python3.9/site-packages/airflow/example_dags/example_branch_day_of_week_operator.py for tasks to queue
[2023-03-12T07:31:40.807+0000] {logging_mixin.py:137} INFO - [2023-03-12T07:31:40.807+0000] {dagbag.py:538} INFO - Filling up the DagBag from /home/melicharovykrecek/venv/lib/python3.9/site-packages/airflow/example_dags/example_branch_day_of_week_operator.py
[2023-03-12T07:31:40.827+0000] {processor.py:753} INFO - DAG(s) dict_keys(['example_weekday_branch_operator']) retrieved from /home/melicharovykrecek/venv/lib/python3.9/site-packages/airflow/example_dags/example_branch_day_of_week_operator.py
[2023-03-12T07:31:40.852+0000] {logging_mixin.py:137} INFO - [2023-03-12T07:31:40.852+0000] {dag.py:2690} INFO - Sync 1 DAGs
[2023-03-12T07:31:40.878+0000] {logging_mixin.py:137} INFO - [2023-03-12T07:31:40.878+0000] {dag.py:3437} INFO - Setting next_dagrun for example_weekday_branch_operator to 2023-03-11T00:00:00+00:00, run_after=2023-03-12T00:00:00+00:00
[2023-03-12T07:31:40.905+0000] {processor.py:175} INFO - Processing /home/melicharovykrecek/venv/lib/python3.9/site-packages/airflow/example_dags/example_branch_day_of_week_operator.py took 0.105 seconds
[2023-03-12T07:32:28.367+0000] {processor.py:153} INFO - Started process (PID=1618) to work on /home/melicharovykrecek/venv/lib/python3.9/site-packages/airflow/example_dags/example_branch_day_of_week_operator.py
[2023-03-12T07:32:28.369+0000] {processor.py:743} INFO - Processing file /home/melicharovykrecek/venv/lib/python3.9/site-packages/airflow/example_dags/example_branch_day_of_week_operator.py for tasks to queue
[2023-03-12T07:32:28.370+0000] {logging_mixin.py:137} INFO - [2023-03-12T07:32:28.369+0000] {dagbag.py:538} INFO - Filling up the DagBag from /home/melicharovykrecek/venv/lib/python3.9/site-packages/airflow/example_dags/example_branch_day_of_week_operator.py
[2023-03-12T07:32:28.390+0000] {processor.py:753} INFO - DAG(s) dict_keys(['example_weekday_branch_operator']) retrieved from /home/melicharovykrecek/venv/lib/python3.9/site-packages/airflow/example_dags/example_branch_day_of_week_operator.py
[2023-03-12T07:32:28.414+0000] {logging_mixin.py:137} INFO - [2023-03-12T07:32:28.414+0000] {dag.py:2690} INFO - Sync 1 DAGs
[2023-03-12T07:32:28.439+0000] {logging_mixin.py:137} INFO - [2023-03-12T07:32:28.439+0000] {dag.py:3437} INFO - Setting next_dagrun for example_weekday_branch_operator to 2023-03-11T00:00:00+00:00, run_after=2023-03-12T00:00:00+00:00
[2023-03-12T07:32:28.465+0000] {processor.py:175} INFO - Processing /home/melicharovykrecek/venv/lib/python3.9/site-packages/airflow/example_dags/example_branch_day_of_week_operator.py took 0.104 seconds
[2023-03-12T07:33:11.921+0000] {processor.py:153} INFO - Started process (PID=1658) to work on /home/melicharovykrecek/venv/lib/python3.9/site-packages/airflow/example_dags/example_branch_day_of_week_operator.py
[2023-03-12T07:33:11.923+0000] {processor.py:743} INFO - Processing file /home/melicharovykrecek/venv/lib/python3.9/site-packages/airflow/example_dags/example_branch_day_of_week_operator.py for tasks to queue
[2023-03-12T07:33:11.924+0000] {logging_mixin.py:137} INFO - [2023-03-12T07:33:11.923+0000] {dagbag.py:538} INFO - Filling up the DagBag from /home/melicharovykrecek/venv/lib/python3.9/site-packages/airflow/example_dags/example_branch_day_of_week_operator.py
[2023-03-12T07:33:11.944+0000] {processor.py:753} INFO - DAG(s) dict_keys(['example_weekday_branch_operator']) retrieved from /home/melicharovykrecek/venv/lib/python3.9/site-packages/airflow/example_dags/example_branch_day_of_week_operator.py
[2023-03-12T07:33:11.969+0000] {logging_mixin.py:137} INFO - [2023-03-12T07:33:11.969+0000] {dag.py:2690} INFO - Sync 1 DAGs
[2023-03-12T07:33:11.992+0000] {logging_mixin.py:137} INFO - [2023-03-12T07:33:11.992+0000] {dag.py:3437} INFO - Setting next_dagrun for example_weekday_branch_operator to 2023-03-11T00:00:00+00:00, run_after=2023-03-12T00:00:00+00:00
[2023-03-12T07:33:12.018+0000] {processor.py:175} INFO - Processing /home/melicharovykrecek/venv/lib/python3.9/site-packages/airflow/example_dags/example_branch_day_of_week_operator.py took 0.101 seconds
[2023-03-12T07:34:01.947+0000] {processor.py:153} INFO - Started process (PID=1711) to work on /home/melicharovykrecek/venv/lib/python3.9/site-packages/airflow/example_dags/example_branch_day_of_week_operator.py
[2023-03-12T07:34:01.949+0000] {processor.py:743} INFO - Processing file /home/melicharovykrecek/venv/lib/python3.9/site-packages/airflow/example_dags/example_branch_day_of_week_operator.py for tasks to queue
[2023-03-12T07:34:01.950+0000] {logging_mixin.py:137} INFO - [2023-03-12T07:34:01.950+0000] {dagbag.py:538} INFO - Filling up the DagBag from /home/melicharovykrecek/venv/lib/python3.9/site-packages/airflow/example_dags/example_branch_day_of_week_operator.py
[2023-03-12T07:34:01.968+0000] {processor.py:753} INFO - DAG(s) dict_keys(['example_weekday_branch_operator']) retrieved from /home/melicharovykrecek/venv/lib/python3.9/site-packages/airflow/example_dags/example_branch_day_of_week_operator.py
[2023-03-12T07:34:01.992+0000] {logging_mixin.py:137} INFO - [2023-03-12T07:34:01.992+0000] {dag.py:2690} INFO - Sync 1 DAGs
[2023-03-12T07:34:02.016+0000] {logging_mixin.py:137} INFO - [2023-03-12T07:34:02.016+0000] {dag.py:3437} INFO - Setting next_dagrun for example_weekday_branch_operator to 2023-03-11T00:00:00+00:00, run_after=2023-03-12T00:00:00+00:00
[2023-03-12T07:34:02.043+0000] {processor.py:175} INFO - Processing /home/melicharovykrecek/venv/lib/python3.9/site-packages/airflow/example_dags/example_branch_day_of_week_operator.py took 0.101 seconds
[2023-03-12T07:34:51.577+0000] {processor.py:153} INFO - Started process (PID=1770) to work on /home/melicharovykrecek/venv/lib/python3.9/site-packages/airflow/example_dags/example_branch_day_of_week_operator.py
[2023-03-12T07:34:51.579+0000] {processor.py:743} INFO - Processing file /home/melicharovykrecek/venv/lib/python3.9/site-packages/airflow/example_dags/example_branch_day_of_week_operator.py for tasks to queue
[2023-03-12T07:34:51.580+0000] {logging_mixin.py:137} INFO - [2023-03-12T07:34:51.580+0000] {dagbag.py:538} INFO - Filling up the DagBag from /home/melicharovykrecek/venv/lib/python3.9/site-packages/airflow/example_dags/example_branch_day_of_week_operator.py
[2023-03-12T07:34:51.599+0000] {processor.py:753} INFO - DAG(s) dict_keys(['example_weekday_branch_operator']) retrieved from /home/melicharovykrecek/venv/lib/python3.9/site-packages/airflow/example_dags/example_branch_day_of_week_operator.py
[2023-03-12T07:34:51.624+0000] {logging_mixin.py:137} INFO - [2023-03-12T07:34:51.623+0000] {dag.py:2690} INFO - Sync 1 DAGs
[2023-03-12T07:34:51.648+0000] {logging_mixin.py:137} INFO - [2023-03-12T07:34:51.647+0000] {dag.py:3437} INFO - Setting next_dagrun for example_weekday_branch_operator to 2023-03-11T00:00:00+00:00, run_after=2023-03-12T00:00:00+00:00
[2023-03-12T07:34:51.673+0000] {processor.py:175} INFO - Processing /home/melicharovykrecek/venv/lib/python3.9/site-packages/airflow/example_dags/example_branch_day_of_week_operator.py took 0.101 seconds
[2023-03-12T07:35:39.990+0000] {processor.py:153} INFO - Started process (PID=1852) to work on /home/melicharovykrecek/venv/lib/python3.9/site-packages/airflow/example_dags/example_branch_day_of_week_operator.py
[2023-03-12T07:35:39.992+0000] {processor.py:743} INFO - Processing file /home/melicharovykrecek/venv/lib/python3.9/site-packages/airflow/example_dags/example_branch_day_of_week_operator.py for tasks to queue
[2023-03-12T07:35:39.993+0000] {logging_mixin.py:137} INFO - [2023-03-12T07:35:39.993+0000] {dagbag.py:538} INFO - Filling up the DagBag from /home/melicharovykrecek/venv/lib/python3.9/site-packages/airflow/example_dags/example_branch_day_of_week_operator.py
[2023-03-12T07:35:40.013+0000] {processor.py:753} INFO - DAG(s) dict_keys(['example_weekday_branch_operator']) retrieved from /home/melicharovykrecek/venv/lib/python3.9/site-packages/airflow/example_dags/example_branch_day_of_week_operator.py
[2023-03-12T07:35:40.037+0000] {logging_mixin.py:137} INFO - [2023-03-12T07:35:40.037+0000] {dag.py:2690} INFO - Sync 1 DAGs
[2023-03-12T07:35:40.062+0000] {logging_mixin.py:137} INFO - [2023-03-12T07:35:40.062+0000] {dag.py:3437} INFO - Setting next_dagrun for example_weekday_branch_operator to 2023-03-11T00:00:00+00:00, run_after=2023-03-12T00:00:00+00:00
[2023-03-12T07:35:40.088+0000] {processor.py:175} INFO - Processing /home/melicharovykrecek/venv/lib/python3.9/site-packages/airflow/example_dags/example_branch_day_of_week_operator.py took 0.102 seconds
[2023-03-12T07:36:30.749+0000] {processor.py:153} INFO - Started process (PID=1914) to work on /home/melicharovykrecek/venv/lib/python3.9/site-packages/airflow/example_dags/example_branch_day_of_week_operator.py
[2023-03-12T07:36:30.751+0000] {processor.py:743} INFO - Processing file /home/melicharovykrecek/venv/lib/python3.9/site-packages/airflow/example_dags/example_branch_day_of_week_operator.py for tasks to queue
[2023-03-12T07:36:30.752+0000] {logging_mixin.py:137} INFO - [2023-03-12T07:36:30.752+0000] {dagbag.py:538} INFO - Filling up the DagBag from /home/melicharovykrecek/venv/lib/python3.9/site-packages/airflow/example_dags/example_branch_day_of_week_operator.py
[2023-03-12T07:36:30.773+0000] {processor.py:753} INFO - DAG(s) dict_keys(['example_weekday_branch_operator']) retrieved from /home/melicharovykrecek/venv/lib/python3.9/site-packages/airflow/example_dags/example_branch_day_of_week_operator.py
[2023-03-12T07:36:30.799+0000] {logging_mixin.py:137} INFO - [2023-03-12T07:36:30.799+0000] {dag.py:2690} INFO - Sync 1 DAGs
[2023-03-12T07:36:30.824+0000] {logging_mixin.py:137} INFO - [2023-03-12T07:36:30.823+0000] {dag.py:3437} INFO - Setting next_dagrun for example_weekday_branch_operator to 2023-03-11T00:00:00+00:00, run_after=2023-03-12T00:00:00+00:00
[2023-03-12T07:36:30.850+0000] {processor.py:175} INFO - Processing /home/melicharovykrecek/venv/lib/python3.9/site-packages/airflow/example_dags/example_branch_day_of_week_operator.py took 0.105 seconds
[2023-03-12T07:37:15.883+0000] {processor.py:153} INFO - Started process (PID=1960) to work on /home/melicharovykrecek/venv/lib/python3.9/site-packages/airflow/example_dags/example_branch_day_of_week_operator.py
[2023-03-12T07:37:15.885+0000] {processor.py:743} INFO - Processing file /home/melicharovykrecek/venv/lib/python3.9/site-packages/airflow/example_dags/example_branch_day_of_week_operator.py for tasks to queue
[2023-03-12T07:37:15.886+0000] {logging_mixin.py:137} INFO - [2023-03-12T07:37:15.886+0000] {dagbag.py:538} INFO - Filling up the DagBag from /home/melicharovykrecek/venv/lib/python3.9/site-packages/airflow/example_dags/example_branch_day_of_week_operator.py
[2023-03-12T07:37:15.906+0000] {processor.py:753} INFO - DAG(s) dict_keys(['example_weekday_branch_operator']) retrieved from /home/melicharovykrecek/venv/lib/python3.9/site-packages/airflow/example_dags/example_branch_day_of_week_operator.py
[2023-03-12T07:37:15.930+0000] {logging_mixin.py:137} INFO - [2023-03-12T07:37:15.930+0000] {dag.py:2690} INFO - Sync 1 DAGs
[2023-03-12T07:37:15.953+0000] {logging_mixin.py:137} INFO - [2023-03-12T07:37:15.953+0000] {dag.py:3437} INFO - Setting next_dagrun for example_weekday_branch_operator to 2023-03-11T00:00:00+00:00, run_after=2023-03-12T00:00:00+00:00
[2023-03-12T07:37:15.978+0000] {processor.py:175} INFO - Processing /home/melicharovykrecek/venv/lib/python3.9/site-packages/airflow/example_dags/example_branch_day_of_week_operator.py took 0.099 seconds
[2023-03-12T07:38:04.070+0000] {processor.py:153} INFO - Started process (PID=2011) to work on /home/melicharovykrecek/venv/lib/python3.9/site-packages/airflow/example_dags/example_branch_day_of_week_operator.py
[2023-03-12T07:38:04.072+0000] {processor.py:743} INFO - Processing file /home/melicharovykrecek/venv/lib/python3.9/site-packages/airflow/example_dags/example_branch_day_of_week_operator.py for tasks to queue
[2023-03-12T07:38:04.073+0000] {logging_mixin.py:137} INFO - [2023-03-12T07:38:04.073+0000] {dagbag.py:538} INFO - Filling up the DagBag from /home/melicharovykrecek/venv/lib/python3.9/site-packages/airflow/example_dags/example_branch_day_of_week_operator.py
[2023-03-12T07:38:04.093+0000] {processor.py:753} INFO - DAG(s) dict_keys(['example_weekday_branch_operator']) retrieved from /home/melicharovykrecek/venv/lib/python3.9/site-packages/airflow/example_dags/example_branch_day_of_week_operator.py
[2023-03-12T07:38:04.118+0000] {logging_mixin.py:137} INFO - [2023-03-12T07:38:04.118+0000] {dag.py:2690} INFO - Sync 1 DAGs
[2023-03-12T07:38:04.142+0000] {logging_mixin.py:137} INFO - [2023-03-12T07:38:04.142+0000] {dag.py:3437} INFO - Setting next_dagrun for example_weekday_branch_operator to 2023-03-11T00:00:00+00:00, run_after=2023-03-12T00:00:00+00:00
[2023-03-12T07:38:04.167+0000] {processor.py:175} INFO - Processing /home/melicharovykrecek/venv/lib/python3.9/site-packages/airflow/example_dags/example_branch_day_of_week_operator.py took 0.102 seconds
[2023-03-12T07:38:54.178+0000] {processor.py:153} INFO - Started process (PID=2069) to work on /home/melicharovykrecek/venv/lib/python3.9/site-packages/airflow/example_dags/example_branch_day_of_week_operator.py
[2023-03-12T07:38:54.180+0000] {processor.py:743} INFO - Processing file /home/melicharovykrecek/venv/lib/python3.9/site-packages/airflow/example_dags/example_branch_day_of_week_operator.py for tasks to queue
[2023-03-12T07:38:54.181+0000] {logging_mixin.py:137} INFO - [2023-03-12T07:38:54.180+0000] {dagbag.py:538} INFO - Filling up the DagBag from /home/melicharovykrecek/venv/lib/python3.9/site-packages/airflow/example_dags/example_branch_day_of_week_operator.py
[2023-03-12T07:38:54.201+0000] {processor.py:753} INFO - DAG(s) dict_keys(['example_weekday_branch_operator']) retrieved from /home/melicharovykrecek/venv/lib/python3.9/site-packages/airflow/example_dags/example_branch_day_of_week_operator.py
[2023-03-12T07:38:54.226+0000] {logging_mixin.py:137} INFO - [2023-03-12T07:38:54.226+0000] {dag.py:2690} INFO - Sync 1 DAGs
[2023-03-12T07:38:54.252+0000] {logging_mixin.py:137} INFO - [2023-03-12T07:38:54.252+0000] {dag.py:3437} INFO - Setting next_dagrun for example_weekday_branch_operator to 2023-03-11T00:00:00+00:00, run_after=2023-03-12T00:00:00+00:00
[2023-03-12T07:38:54.282+0000] {processor.py:175} INFO - Processing /home/melicharovykrecek/venv/lib/python3.9/site-packages/airflow/example_dags/example_branch_day_of_week_operator.py took 0.109 seconds
[2023-03-12T07:39:43.859+0000] {processor.py:153} INFO - Started process (PID=2118) to work on /home/melicharovykrecek/venv/lib/python3.9/site-packages/airflow/example_dags/example_branch_day_of_week_operator.py
[2023-03-12T07:39:43.861+0000] {processor.py:743} INFO - Processing file /home/melicharovykrecek/venv/lib/python3.9/site-packages/airflow/example_dags/example_branch_day_of_week_operator.py for tasks to queue
[2023-03-12T07:39:43.862+0000] {logging_mixin.py:137} INFO - [2023-03-12T07:39:43.862+0000] {dagbag.py:538} INFO - Filling up the DagBag from /home/melicharovykrecek/venv/lib/python3.9/site-packages/airflow/example_dags/example_branch_day_of_week_operator.py
[2023-03-12T07:39:43.883+0000] {processor.py:753} INFO - DAG(s) dict_keys(['example_weekday_branch_operator']) retrieved from /home/melicharovykrecek/venv/lib/python3.9/site-packages/airflow/example_dags/example_branch_day_of_week_operator.py
[2023-03-12T07:39:43.910+0000] {logging_mixin.py:137} INFO - [2023-03-12T07:39:43.910+0000] {dag.py:2690} INFO - Sync 1 DAGs
[2023-03-12T07:39:43.937+0000] {logging_mixin.py:137} INFO - [2023-03-12T07:39:43.937+0000] {dag.py:3437} INFO - Setting next_dagrun for example_weekday_branch_operator to 2023-03-11T00:00:00+00:00, run_after=2023-03-12T00:00:00+00:00
[2023-03-12T07:39:43.963+0000] {processor.py:175} INFO - Processing /home/melicharovykrecek/venv/lib/python3.9/site-packages/airflow/example_dags/example_branch_day_of_week_operator.py took 0.109 seconds
[2023-03-12T07:40:27.440+0000] {processor.py:153} INFO - Started process (PID=2187) to work on /home/melicharovykrecek/venv/lib/python3.9/site-packages/airflow/example_dags/example_branch_day_of_week_operator.py
[2023-03-12T07:40:27.443+0000] {processor.py:743} INFO - Processing file /home/melicharovykrecek/venv/lib/python3.9/site-packages/airflow/example_dags/example_branch_day_of_week_operator.py for tasks to queue
[2023-03-12T07:40:27.443+0000] {logging_mixin.py:137} INFO - [2023-03-12T07:40:27.443+0000] {dagbag.py:538} INFO - Filling up the DagBag from /home/melicharovykrecek/venv/lib/python3.9/site-packages/airflow/example_dags/example_branch_day_of_week_operator.py
[2023-03-12T07:40:27.464+0000] {processor.py:753} INFO - DAG(s) dict_keys(['example_weekday_branch_operator']) retrieved from /home/melicharovykrecek/venv/lib/python3.9/site-packages/airflow/example_dags/example_branch_day_of_week_operator.py
[2023-03-12T07:40:27.491+0000] {logging_mixin.py:137} INFO - [2023-03-12T07:40:27.490+0000] {dag.py:2690} INFO - Sync 1 DAGs
[2023-03-12T07:40:27.516+0000] {logging_mixin.py:137} INFO - [2023-03-12T07:40:27.516+0000] {dag.py:3437} INFO - Setting next_dagrun for example_weekday_branch_operator to 2023-03-11T00:00:00+00:00, run_after=2023-03-12T00:00:00+00:00
[2023-03-12T07:40:27.544+0000] {processor.py:175} INFO - Processing /home/melicharovykrecek/venv/lib/python3.9/site-packages/airflow/example_dags/example_branch_day_of_week_operator.py took 0.108 seconds
[2023-03-12T07:41:17.696+0000] {processor.py:153} INFO - Started process (PID=2263) to work on /home/melicharovykrecek/venv/lib/python3.9/site-packages/airflow/example_dags/example_branch_day_of_week_operator.py
[2023-03-12T07:41:17.698+0000] {processor.py:743} INFO - Processing file /home/melicharovykrecek/venv/lib/python3.9/site-packages/airflow/example_dags/example_branch_day_of_week_operator.py for tasks to queue
[2023-03-12T07:41:17.699+0000] {logging_mixin.py:137} INFO - [2023-03-12T07:41:17.699+0000] {dagbag.py:538} INFO - Filling up the DagBag from /home/melicharovykrecek/venv/lib/python3.9/site-packages/airflow/example_dags/example_branch_day_of_week_operator.py
[2023-03-12T07:41:17.721+0000] {processor.py:753} INFO - DAG(s) dict_keys(['example_weekday_branch_operator']) retrieved from /home/melicharovykrecek/venv/lib/python3.9/site-packages/airflow/example_dags/example_branch_day_of_week_operator.py
[2023-03-12T07:41:17.747+0000] {logging_mixin.py:137} INFO - [2023-03-12T07:41:17.747+0000] {dag.py:2690} INFO - Sync 1 DAGs
[2023-03-12T07:41:17.776+0000] {logging_mixin.py:137} INFO - [2023-03-12T07:41:17.775+0000] {dag.py:3437} INFO - Setting next_dagrun for example_weekday_branch_operator to 2023-03-11T00:00:00+00:00, run_after=2023-03-12T00:00:00+00:00
[2023-03-12T07:41:17.804+0000] {processor.py:175} INFO - Processing /home/melicharovykrecek/venv/lib/python3.9/site-packages/airflow/example_dags/example_branch_day_of_week_operator.py took 0.113 seconds
[2023-03-12T07:42:03.021+0000] {processor.py:153} INFO - Started process (PID=2307) to work on /home/melicharovykrecek/venv/lib/python3.9/site-packages/airflow/example_dags/example_branch_day_of_week_operator.py
[2023-03-12T07:42:03.023+0000] {processor.py:743} INFO - Processing file /home/melicharovykrecek/venv/lib/python3.9/site-packages/airflow/example_dags/example_branch_day_of_week_operator.py for tasks to queue
[2023-03-12T07:42:03.024+0000] {logging_mixin.py:137} INFO - [2023-03-12T07:42:03.024+0000] {dagbag.py:538} INFO - Filling up the DagBag from /home/melicharovykrecek/venv/lib/python3.9/site-packages/airflow/example_dags/example_branch_day_of_week_operator.py
[2023-03-12T07:42:03.045+0000] {processor.py:753} INFO - DAG(s) dict_keys(['example_weekday_branch_operator']) retrieved from /home/melicharovykrecek/venv/lib/python3.9/site-packages/airflow/example_dags/example_branch_day_of_week_operator.py
[2023-03-12T07:42:03.071+0000] {logging_mixin.py:137} INFO - [2023-03-12T07:42:03.071+0000] {dag.py:2690} INFO - Sync 1 DAGs
[2023-03-12T07:42:03.097+0000] {logging_mixin.py:137} INFO - [2023-03-12T07:42:03.097+0000] {dag.py:3437} INFO - Setting next_dagrun for example_weekday_branch_operator to 2023-03-11T00:00:00+00:00, run_after=2023-03-12T00:00:00+00:00
[2023-03-12T07:42:03.126+0000] {processor.py:175} INFO - Processing /home/melicharovykrecek/venv/lib/python3.9/site-packages/airflow/example_dags/example_branch_day_of_week_operator.py took 0.110 seconds
[2023-03-12T07:42:48.729+0000] {processor.py:153} INFO - Started process (PID=2352) to work on /home/melicharovykrecek/venv/lib/python3.9/site-packages/airflow/example_dags/example_branch_day_of_week_operator.py
[2023-03-12T07:42:48.731+0000] {processor.py:743} INFO - Processing file /home/melicharovykrecek/venv/lib/python3.9/site-packages/airflow/example_dags/example_branch_day_of_week_operator.py for tasks to queue
[2023-03-12T07:42:48.732+0000] {logging_mixin.py:137} INFO - [2023-03-12T07:42:48.732+0000] {dagbag.py:538} INFO - Filling up the DagBag from /home/melicharovykrecek/venv/lib/python3.9/site-packages/airflow/example_dags/example_branch_day_of_week_operator.py
[2023-03-12T07:42:48.754+0000] {processor.py:753} INFO - DAG(s) dict_keys(['example_weekday_branch_operator']) retrieved from /home/melicharovykrecek/venv/lib/python3.9/site-packages/airflow/example_dags/example_branch_day_of_week_operator.py
[2023-03-12T07:42:48.781+0000] {logging_mixin.py:137} INFO - [2023-03-12T07:42:48.780+0000] {dag.py:2690} INFO - Sync 1 DAGs
[2023-03-12T07:42:48.808+0000] {logging_mixin.py:137} INFO - [2023-03-12T07:42:48.808+0000] {dag.py:3437} INFO - Setting next_dagrun for example_weekday_branch_operator to 2023-03-11T00:00:00+00:00, run_after=2023-03-12T00:00:00+00:00
[2023-03-12T07:42:48.838+0000] {processor.py:175} INFO - Processing /home/melicharovykrecek/venv/lib/python3.9/site-packages/airflow/example_dags/example_branch_day_of_week_operator.py took 0.114 seconds
[2023-03-12T07:43:37.573+0000] {processor.py:153} INFO - Started process (PID=2411) to work on /home/melicharovykrecek/venv/lib/python3.9/site-packages/airflow/example_dags/example_branch_day_of_week_operator.py
[2023-03-12T07:43:37.575+0000] {processor.py:743} INFO - Processing file /home/melicharovykrecek/venv/lib/python3.9/site-packages/airflow/example_dags/example_branch_day_of_week_operator.py for tasks to queue
[2023-03-12T07:43:37.577+0000] {logging_mixin.py:137} INFO - [2023-03-12T07:43:37.577+0000] {dagbag.py:538} INFO - Filling up the DagBag from /home/melicharovykrecek/venv/lib/python3.9/site-packages/airflow/example_dags/example_branch_day_of_week_operator.py
[2023-03-12T07:43:37.596+0000] {processor.py:753} INFO - DAG(s) dict_keys(['example_weekday_branch_operator']) retrieved from /home/melicharovykrecek/venv/lib/python3.9/site-packages/airflow/example_dags/example_branch_day_of_week_operator.py
[2023-03-12T07:43:37.623+0000] {logging_mixin.py:137} INFO - [2023-03-12T07:43:37.622+0000] {dag.py:2690} INFO - Sync 1 DAGs
[2023-03-12T07:43:37.650+0000] {logging_mixin.py:137} INFO - [2023-03-12T07:43:37.650+0000] {dag.py:3437} INFO - Setting next_dagrun for example_weekday_branch_operator to 2023-03-11T00:00:00+00:00, run_after=2023-03-12T00:00:00+00:00
[2023-03-12T07:43:37.679+0000] {processor.py:175} INFO - Processing /home/melicharovykrecek/venv/lib/python3.9/site-packages/airflow/example_dags/example_branch_day_of_week_operator.py took 0.111 seconds
[2023-03-12T07:44:29.251+0000] {processor.py:153} INFO - Started process (PID=2471) to work on /home/melicharovykrecek/venv/lib/python3.9/site-packages/airflow/example_dags/example_branch_day_of_week_operator.py
[2023-03-12T07:44:29.253+0000] {processor.py:743} INFO - Processing file /home/melicharovykrecek/venv/lib/python3.9/site-packages/airflow/example_dags/example_branch_day_of_week_operator.py for tasks to queue
[2023-03-12T07:44:29.254+0000] {logging_mixin.py:137} INFO - [2023-03-12T07:44:29.254+0000] {dagbag.py:538} INFO - Filling up the DagBag from /home/melicharovykrecek/venv/lib/python3.9/site-packages/airflow/example_dags/example_branch_day_of_week_operator.py
[2023-03-12T07:44:29.275+0000] {processor.py:753} INFO - DAG(s) dict_keys(['example_weekday_branch_operator']) retrieved from /home/melicharovykrecek/venv/lib/python3.9/site-packages/airflow/example_dags/example_branch_day_of_week_operator.py
[2023-03-12T07:44:29.301+0000] {logging_mixin.py:137} INFO - [2023-03-12T07:44:29.301+0000] {dag.py:2690} INFO - Sync 1 DAGs
[2023-03-12T07:44:29.327+0000] {logging_mixin.py:137} INFO - [2023-03-12T07:44:29.327+0000] {dag.py:3437} INFO - Setting next_dagrun for example_weekday_branch_operator to 2023-03-11T00:00:00+00:00, run_after=2023-03-12T00:00:00+00:00
[2023-03-12T07:44:29.355+0000] {processor.py:175} INFO - Processing /home/melicharovykrecek/venv/lib/python3.9/site-packages/airflow/example_dags/example_branch_day_of_week_operator.py took 0.109 seconds
[2023-03-12T07:45:16.477+0000] {processor.py:153} INFO - Started process (PID=2523) to work on /home/melicharovykrecek/venv/lib/python3.9/site-packages/airflow/example_dags/example_branch_day_of_week_operator.py
[2023-03-12T07:45:16.479+0000] {processor.py:743} INFO - Processing file /home/melicharovykrecek/venv/lib/python3.9/site-packages/airflow/example_dags/example_branch_day_of_week_operator.py for tasks to queue
[2023-03-12T07:45:16.480+0000] {logging_mixin.py:137} INFO - [2023-03-12T07:45:16.480+0000] {dagbag.py:538} INFO - Filling up the DagBag from /home/melicharovykrecek/venv/lib/python3.9/site-packages/airflow/example_dags/example_branch_day_of_week_operator.py
[2023-03-12T07:45:16.501+0000] {processor.py:753} INFO - DAG(s) dict_keys(['example_weekday_branch_operator']) retrieved from /home/melicharovykrecek/venv/lib/python3.9/site-packages/airflow/example_dags/example_branch_day_of_week_operator.py
[2023-03-12T07:45:16.527+0000] {logging_mixin.py:137} INFO - [2023-03-12T07:45:16.527+0000] {dag.py:2690} INFO - Sync 1 DAGs
[2023-03-12T07:45:16.554+0000] {logging_mixin.py:137} INFO - [2023-03-12T07:45:16.554+0000] {dag.py:3437} INFO - Setting next_dagrun for example_weekday_branch_operator to 2023-03-11T00:00:00+00:00, run_after=2023-03-12T00:00:00+00:00
[2023-03-12T07:45:16.589+0000] {processor.py:175} INFO - Processing /home/melicharovykrecek/venv/lib/python3.9/site-packages/airflow/example_dags/example_branch_day_of_week_operator.py took 0.117 seconds
[2023-03-12T07:46:02.823+0000] {processor.py:153} INFO - Started process (PID=2632) to work on /home/melicharovykrecek/venv/lib/python3.9/site-packages/airflow/example_dags/example_branch_day_of_week_operator.py
[2023-03-12T07:46:02.825+0000] {processor.py:743} INFO - Processing file /home/melicharovykrecek/venv/lib/python3.9/site-packages/airflow/example_dags/example_branch_day_of_week_operator.py for tasks to queue
[2023-03-12T07:46:02.826+0000] {logging_mixin.py:137} INFO - [2023-03-12T07:46:02.826+0000] {dagbag.py:538} INFO - Filling up the DagBag from /home/melicharovykrecek/venv/lib/python3.9/site-packages/airflow/example_dags/example_branch_day_of_week_operator.py
[2023-03-12T07:46:02.847+0000] {processor.py:753} INFO - DAG(s) dict_keys(['example_weekday_branch_operator']) retrieved from /home/melicharovykrecek/venv/lib/python3.9/site-packages/airflow/example_dags/example_branch_day_of_week_operator.py
[2023-03-12T07:46:02.874+0000] {logging_mixin.py:137} INFO - [2023-03-12T07:46:02.874+0000] {dag.py:2690} INFO - Sync 1 DAGs
[2023-03-12T07:46:02.901+0000] {logging_mixin.py:137} INFO - [2023-03-12T07:46:02.901+0000] {dag.py:3437} INFO - Setting next_dagrun for example_weekday_branch_operator to 2023-03-11T00:00:00+00:00, run_after=2023-03-12T00:00:00+00:00
[2023-03-12T07:46:02.931+0000] {processor.py:175} INFO - Processing /home/melicharovykrecek/venv/lib/python3.9/site-packages/airflow/example_dags/example_branch_day_of_week_operator.py took 0.113 seconds
[2023-03-12T07:46:51.612+0000] {processor.py:153} INFO - Started process (PID=2690) to work on /home/melicharovykrecek/venv/lib/python3.9/site-packages/airflow/example_dags/example_branch_day_of_week_operator.py
[2023-03-12T07:46:51.614+0000] {processor.py:743} INFO - Processing file /home/melicharovykrecek/venv/lib/python3.9/site-packages/airflow/example_dags/example_branch_day_of_week_operator.py for tasks to queue
[2023-03-12T07:46:51.615+0000] {logging_mixin.py:137} INFO - [2023-03-12T07:46:51.614+0000] {dagbag.py:538} INFO - Filling up the DagBag from /home/melicharovykrecek/venv/lib/python3.9/site-packages/airflow/example_dags/example_branch_day_of_week_operator.py
[2023-03-12T07:46:51.635+0000] {processor.py:753} INFO - DAG(s) dict_keys(['example_weekday_branch_operator']) retrieved from /home/melicharovykrecek/venv/lib/python3.9/site-packages/airflow/example_dags/example_branch_day_of_week_operator.py
[2023-03-12T07:46:51.662+0000] {logging_mixin.py:137} INFO - [2023-03-12T07:46:51.661+0000] {dag.py:2690} INFO - Sync 1 DAGs
[2023-03-12T07:46:51.688+0000] {logging_mixin.py:137} INFO - [2023-03-12T07:46:51.688+0000] {dag.py:3437} INFO - Setting next_dagrun for example_weekday_branch_operator to 2023-03-11T00:00:00+00:00, run_after=2023-03-12T00:00:00+00:00
[2023-03-12T07:46:51.716+0000] {processor.py:175} INFO - Processing /home/melicharovykrecek/venv/lib/python3.9/site-packages/airflow/example_dags/example_branch_day_of_week_operator.py took 0.110 seconds
[2023-03-12T07:47:38.897+0000] {processor.py:153} INFO - Started process (PID=2737) to work on /home/melicharovykrecek/venv/lib/python3.9/site-packages/airflow/example_dags/example_branch_day_of_week_operator.py
[2023-03-12T07:47:38.899+0000] {processor.py:743} INFO - Processing file /home/melicharovykrecek/venv/lib/python3.9/site-packages/airflow/example_dags/example_branch_day_of_week_operator.py for tasks to queue
[2023-03-12T07:47:38.900+0000] {logging_mixin.py:137} INFO - [2023-03-12T07:47:38.900+0000] {dagbag.py:538} INFO - Filling up the DagBag from /home/melicharovykrecek/venv/lib/python3.9/site-packages/airflow/example_dags/example_branch_day_of_week_operator.py
[2023-03-12T07:47:38.921+0000] {processor.py:753} INFO - DAG(s) dict_keys(['example_weekday_branch_operator']) retrieved from /home/melicharovykrecek/venv/lib/python3.9/site-packages/airflow/example_dags/example_branch_day_of_week_operator.py
[2023-03-12T07:47:38.947+0000] {logging_mixin.py:137} INFO - [2023-03-12T07:47:38.947+0000] {dag.py:2690} INFO - Sync 1 DAGs
[2023-03-12T07:47:38.972+0000] {logging_mixin.py:137} INFO - [2023-03-12T07:47:38.972+0000] {dag.py:3437} INFO - Setting next_dagrun for example_weekday_branch_operator to 2023-03-11T00:00:00+00:00, run_after=2023-03-12T00:00:00+00:00
[2023-03-12T07:47:39.000+0000] {processor.py:175} INFO - Processing /home/melicharovykrecek/venv/lib/python3.9/site-packages/airflow/example_dags/example_branch_day_of_week_operator.py took 0.107 seconds
[2023-03-12T07:48:25.545+0000] {processor.py:153} INFO - Started process (PID=2782) to work on /home/melicharovykrecek/venv/lib/python3.9/site-packages/airflow/example_dags/example_branch_day_of_week_operator.py
[2023-03-12T07:48:25.548+0000] {processor.py:743} INFO - Processing file /home/melicharovykrecek/venv/lib/python3.9/site-packages/airflow/example_dags/example_branch_day_of_week_operator.py for tasks to queue
[2023-03-12T07:48:25.549+0000] {logging_mixin.py:137} INFO - [2023-03-12T07:48:25.548+0000] {dagbag.py:538} INFO - Filling up the DagBag from /home/melicharovykrecek/venv/lib/python3.9/site-packages/airflow/example_dags/example_branch_day_of_week_operator.py
[2023-03-12T07:48:25.571+0000] {processor.py:753} INFO - DAG(s) dict_keys(['example_weekday_branch_operator']) retrieved from /home/melicharovykrecek/venv/lib/python3.9/site-packages/airflow/example_dags/example_branch_day_of_week_operator.py
[2023-03-12T07:48:25.600+0000] {logging_mixin.py:137} INFO - [2023-03-12T07:48:25.600+0000] {dag.py:2690} INFO - Sync 1 DAGs
[2023-03-12T07:48:25.626+0000] {logging_mixin.py:137} INFO - [2023-03-12T07:48:25.626+0000] {dag.py:3437} INFO - Setting next_dagrun for example_weekday_branch_operator to 2023-03-11T00:00:00+00:00, run_after=2023-03-12T00:00:00+00:00
[2023-03-12T07:48:25.656+0000] {processor.py:175} INFO - Processing /home/melicharovykrecek/venv/lib/python3.9/site-packages/airflow/example_dags/example_branch_day_of_week_operator.py took 0.115 seconds
[2023-03-12T07:49:07.867+0000] {processor.py:153} INFO - Started process (PID=2824) to work on /home/melicharovykrecek/venv/lib/python3.9/site-packages/airflow/example_dags/example_branch_day_of_week_operator.py
[2023-03-12T07:49:07.869+0000] {processor.py:743} INFO - Processing file /home/melicharovykrecek/venv/lib/python3.9/site-packages/airflow/example_dags/example_branch_day_of_week_operator.py for tasks to queue
[2023-03-12T07:49:07.870+0000] {logging_mixin.py:137} INFO - [2023-03-12T07:49:07.870+0000] {dagbag.py:538} INFO - Filling up the DagBag from /home/melicharovykrecek/venv/lib/python3.9/site-packages/airflow/example_dags/example_branch_day_of_week_operator.py
[2023-03-12T07:49:07.890+0000] {processor.py:753} INFO - DAG(s) dict_keys(['example_weekday_branch_operator']) retrieved from /home/melicharovykrecek/venv/lib/python3.9/site-packages/airflow/example_dags/example_branch_day_of_week_operator.py
[2023-03-12T07:49:07.917+0000] {logging_mixin.py:137} INFO - [2023-03-12T07:49:07.917+0000] {dag.py:2690} INFO - Sync 1 DAGs
[2023-03-12T07:49:07.943+0000] {logging_mixin.py:137} INFO - [2023-03-12T07:49:07.943+0000] {dag.py:3437} INFO - Setting next_dagrun for example_weekday_branch_operator to 2023-03-11T00:00:00+00:00, run_after=2023-03-12T00:00:00+00:00
[2023-03-12T07:49:07.972+0000] {processor.py:175} INFO - Processing /home/melicharovykrecek/venv/lib/python3.9/site-packages/airflow/example_dags/example_branch_day_of_week_operator.py took 0.110 seconds
[2023-03-12T07:49:54.894+0000] {processor.py:153} INFO - Started process (PID=2869) to work on /home/melicharovykrecek/venv/lib/python3.9/site-packages/airflow/example_dags/example_branch_day_of_week_operator.py
[2023-03-12T07:49:54.897+0000] {processor.py:743} INFO - Processing file /home/melicharovykrecek/venv/lib/python3.9/site-packages/airflow/example_dags/example_branch_day_of_week_operator.py for tasks to queue
[2023-03-12T07:49:54.898+0000] {logging_mixin.py:137} INFO - [2023-03-12T07:49:54.898+0000] {dagbag.py:538} INFO - Filling up the DagBag from /home/melicharovykrecek/venv/lib/python3.9/site-packages/airflow/example_dags/example_branch_day_of_week_operator.py
[2023-03-12T07:49:54.918+0000] {processor.py:753} INFO - DAG(s) dict_keys(['example_weekday_branch_operator']) retrieved from /home/melicharovykrecek/venv/lib/python3.9/site-packages/airflow/example_dags/example_branch_day_of_week_operator.py
[2023-03-12T07:49:54.946+0000] {logging_mixin.py:137} INFO - [2023-03-12T07:49:54.945+0000] {dag.py:2690} INFO - Sync 1 DAGs
[2023-03-12T07:49:54.977+0000] {logging_mixin.py:137} INFO - [2023-03-12T07:49:54.977+0000] {dag.py:3437} INFO - Setting next_dagrun for example_weekday_branch_operator to 2023-03-11T00:00:00+00:00, run_after=2023-03-12T00:00:00+00:00
[2023-03-12T07:49:55.006+0000] {processor.py:175} INFO - Processing /home/melicharovykrecek/venv/lib/python3.9/site-packages/airflow/example_dags/example_branch_day_of_week_operator.py took 0.117 seconds
[2023-03-12T07:50:35.343+0000] {processor.py:153} INFO - Started process (PID=2912) to work on /home/melicharovykrecek/venv/lib/python3.9/site-packages/airflow/example_dags/example_branch_day_of_week_operator.py
[2023-03-12T07:50:35.345+0000] {processor.py:743} INFO - Processing file /home/melicharovykrecek/venv/lib/python3.9/site-packages/airflow/example_dags/example_branch_day_of_week_operator.py for tasks to queue
[2023-03-12T07:50:35.346+0000] {logging_mixin.py:137} INFO - [2023-03-12T07:50:35.346+0000] {dagbag.py:538} INFO - Filling up the DagBag from /home/melicharovykrecek/venv/lib/python3.9/site-packages/airflow/example_dags/example_branch_day_of_week_operator.py
[2023-03-12T07:50:35.367+0000] {processor.py:753} INFO - DAG(s) dict_keys(['example_weekday_branch_operator']) retrieved from /home/melicharovykrecek/venv/lib/python3.9/site-packages/airflow/example_dags/example_branch_day_of_week_operator.py
[2023-03-12T07:50:35.393+0000] {logging_mixin.py:137} INFO - [2023-03-12T07:50:35.393+0000] {dag.py:2690} INFO - Sync 1 DAGs
[2023-03-12T07:50:35.418+0000] {logging_mixin.py:137} INFO - [2023-03-12T07:50:35.418+0000] {dag.py:3437} INFO - Setting next_dagrun for example_weekday_branch_operator to 2023-03-11T00:00:00+00:00, run_after=2023-03-12T00:00:00+00:00
[2023-03-12T07:50:35.446+0000] {processor.py:175} INFO - Processing /home/melicharovykrecek/venv/lib/python3.9/site-packages/airflow/example_dags/example_branch_day_of_week_operator.py took 0.107 seconds
[2023-03-12T07:51:23.545+0000] {processor.py:153} INFO - Started process (PID=2964) to work on /home/melicharovykrecek/venv/lib/python3.9/site-packages/airflow/example_dags/example_branch_day_of_week_operator.py
[2023-03-12T07:51:23.547+0000] {processor.py:743} INFO - Processing file /home/melicharovykrecek/venv/lib/python3.9/site-packages/airflow/example_dags/example_branch_day_of_week_operator.py for tasks to queue
[2023-03-12T07:51:23.548+0000] {logging_mixin.py:137} INFO - [2023-03-12T07:51:23.548+0000] {dagbag.py:538} INFO - Filling up the DagBag from /home/melicharovykrecek/venv/lib/python3.9/site-packages/airflow/example_dags/example_branch_day_of_week_operator.py
[2023-03-12T07:51:23.569+0000] {processor.py:753} INFO - DAG(s) dict_keys(['example_weekday_branch_operator']) retrieved from /home/melicharovykrecek/venv/lib/python3.9/site-packages/airflow/example_dags/example_branch_day_of_week_operator.py
[2023-03-12T07:51:23.596+0000] {logging_mixin.py:137} INFO - [2023-03-12T07:51:23.596+0000] {dag.py:2690} INFO - Sync 1 DAGs
[2023-03-12T07:51:23.622+0000] {logging_mixin.py:137} INFO - [2023-03-12T07:51:23.622+0000] {dag.py:3437} INFO - Setting next_dagrun for example_weekday_branch_operator to 2023-03-11T00:00:00+00:00, run_after=2023-03-12T00:00:00+00:00
[2023-03-12T07:51:23.652+0000] {processor.py:175} INFO - Processing /home/melicharovykrecek/venv/lib/python3.9/site-packages/airflow/example_dags/example_branch_day_of_week_operator.py took 0.111 seconds
[2023-03-12T07:52:12.687+0000] {processor.py:153} INFO - Started process (PID=3012) to work on /home/melicharovykrecek/venv/lib/python3.9/site-packages/airflow/example_dags/example_branch_day_of_week_operator.py
[2023-03-12T07:52:12.689+0000] {processor.py:743} INFO - Processing file /home/melicharovykrecek/venv/lib/python3.9/site-packages/airflow/example_dags/example_branch_day_of_week_operator.py for tasks to queue
[2023-03-12T07:52:12.690+0000] {logging_mixin.py:137} INFO - [2023-03-12T07:52:12.690+0000] {dagbag.py:538} INFO - Filling up the DagBag from /home/melicharovykrecek/venv/lib/python3.9/site-packages/airflow/example_dags/example_branch_day_of_week_operator.py
[2023-03-12T07:52:12.711+0000] {processor.py:753} INFO - DAG(s) dict_keys(['example_weekday_branch_operator']) retrieved from /home/melicharovykrecek/venv/lib/python3.9/site-packages/airflow/example_dags/example_branch_day_of_week_operator.py
[2023-03-12T07:52:12.737+0000] {logging_mixin.py:137} INFO - [2023-03-12T07:52:12.737+0000] {dag.py:2690} INFO - Sync 1 DAGs
[2023-03-12T07:52:12.763+0000] {logging_mixin.py:137} INFO - [2023-03-12T07:52:12.763+0000] {dag.py:3437} INFO - Setting next_dagrun for example_weekday_branch_operator to 2023-03-11T00:00:00+00:00, run_after=2023-03-12T00:00:00+00:00
[2023-03-12T07:52:12.791+0000] {processor.py:175} INFO - Processing /home/melicharovykrecek/venv/lib/python3.9/site-packages/airflow/example_dags/example_branch_day_of_week_operator.py took 0.109 seconds
[2023-03-12T07:52:56.666+0000] {processor.py:153} INFO - Started process (PID=3055) to work on /home/melicharovykrecek/venv/lib/python3.9/site-packages/airflow/example_dags/example_branch_day_of_week_operator.py
[2023-03-12T07:52:56.669+0000] {processor.py:743} INFO - Processing file /home/melicharovykrecek/venv/lib/python3.9/site-packages/airflow/example_dags/example_branch_day_of_week_operator.py for tasks to queue
[2023-03-12T07:52:56.670+0000] {logging_mixin.py:137} INFO - [2023-03-12T07:52:56.669+0000] {dagbag.py:538} INFO - Filling up the DagBag from /home/melicharovykrecek/venv/lib/python3.9/site-packages/airflow/example_dags/example_branch_day_of_week_operator.py
[2023-03-12T07:52:56.690+0000] {processor.py:753} INFO - DAG(s) dict_keys(['example_weekday_branch_operator']) retrieved from /home/melicharovykrecek/venv/lib/python3.9/site-packages/airflow/example_dags/example_branch_day_of_week_operator.py
[2023-03-12T07:52:56.715+0000] {logging_mixin.py:137} INFO - [2023-03-12T07:52:56.715+0000] {dag.py:2690} INFO - Sync 1 DAGs
[2023-03-12T07:52:56.740+0000] {logging_mixin.py:137} INFO - [2023-03-12T07:52:56.740+0000] {dag.py:3437} INFO - Setting next_dagrun for example_weekday_branch_operator to 2023-03-11T00:00:00+00:00, run_after=2023-03-12T00:00:00+00:00
[2023-03-12T07:52:56.769+0000] {processor.py:175} INFO - Processing /home/melicharovykrecek/venv/lib/python3.9/site-packages/airflow/example_dags/example_branch_day_of_week_operator.py took 0.107 seconds
[2023-03-12T07:53:40.218+0000] {processor.py:153} INFO - Started process (PID=3098) to work on /home/melicharovykrecek/venv/lib/python3.9/site-packages/airflow/example_dags/example_branch_day_of_week_operator.py
[2023-03-12T07:53:40.220+0000] {processor.py:743} INFO - Processing file /home/melicharovykrecek/venv/lib/python3.9/site-packages/airflow/example_dags/example_branch_day_of_week_operator.py for tasks to queue
[2023-03-12T07:53:40.221+0000] {logging_mixin.py:137} INFO - [2023-03-12T07:53:40.221+0000] {dagbag.py:538} INFO - Filling up the DagBag from /home/melicharovykrecek/venv/lib/python3.9/site-packages/airflow/example_dags/example_branch_day_of_week_operator.py
[2023-03-12T07:53:40.241+0000] {processor.py:753} INFO - DAG(s) dict_keys(['example_weekday_branch_operator']) retrieved from /home/melicharovykrecek/venv/lib/python3.9/site-packages/airflow/example_dags/example_branch_day_of_week_operator.py
[2023-03-12T07:53:40.268+0000] {logging_mixin.py:137} INFO - [2023-03-12T07:53:40.268+0000] {dag.py:2690} INFO - Sync 1 DAGs
[2023-03-12T07:53:40.298+0000] {logging_mixin.py:137} INFO - [2023-03-12T07:53:40.298+0000] {dag.py:3437} INFO - Setting next_dagrun for example_weekday_branch_operator to 2023-03-11T00:00:00+00:00, run_after=2023-03-12T00:00:00+00:00
[2023-03-12T07:53:40.326+0000] {processor.py:175} INFO - Processing /home/melicharovykrecek/venv/lib/python3.9/site-packages/airflow/example_dags/example_branch_day_of_week_operator.py took 0.113 seconds
[2023-03-12T07:54:27.720+0000] {processor.py:153} INFO - Started process (PID=3143) to work on /home/melicharovykrecek/venv/lib/python3.9/site-packages/airflow/example_dags/example_branch_day_of_week_operator.py
[2023-03-12T07:54:27.722+0000] {processor.py:743} INFO - Processing file /home/melicharovykrecek/venv/lib/python3.9/site-packages/airflow/example_dags/example_branch_day_of_week_operator.py for tasks to queue
[2023-03-12T07:54:27.723+0000] {logging_mixin.py:137} INFO - [2023-03-12T07:54:27.723+0000] {dagbag.py:538} INFO - Filling up the DagBag from /home/melicharovykrecek/venv/lib/python3.9/site-packages/airflow/example_dags/example_branch_day_of_week_operator.py
[2023-03-12T07:54:27.744+0000] {processor.py:753} INFO - DAG(s) dict_keys(['example_weekday_branch_operator']) retrieved from /home/melicharovykrecek/venv/lib/python3.9/site-packages/airflow/example_dags/example_branch_day_of_week_operator.py
[2023-03-12T07:54:27.771+0000] {logging_mixin.py:137} INFO - [2023-03-12T07:54:27.771+0000] {dag.py:2690} INFO - Sync 1 DAGs
[2023-03-12T07:54:27.797+0000] {logging_mixin.py:137} INFO - [2023-03-12T07:54:27.797+0000] {dag.py:3437} INFO - Setting next_dagrun for example_weekday_branch_operator to 2023-03-11T00:00:00+00:00, run_after=2023-03-12T00:00:00+00:00
[2023-03-12T07:54:27.824+0000] {processor.py:175} INFO - Processing /home/melicharovykrecek/venv/lib/python3.9/site-packages/airflow/example_dags/example_branch_day_of_week_operator.py took 0.109 seconds
[2023-03-12T07:55:13.422+0000] {processor.py:153} INFO - Started process (PID=3187) to work on /home/melicharovykrecek/venv/lib/python3.9/site-packages/airflow/example_dags/example_branch_day_of_week_operator.py
[2023-03-12T07:55:13.424+0000] {processor.py:743} INFO - Processing file /home/melicharovykrecek/venv/lib/python3.9/site-packages/airflow/example_dags/example_branch_day_of_week_operator.py for tasks to queue
[2023-03-12T07:55:13.425+0000] {logging_mixin.py:137} INFO - [2023-03-12T07:55:13.425+0000] {dagbag.py:538} INFO - Filling up the DagBag from /home/melicharovykrecek/venv/lib/python3.9/site-packages/airflow/example_dags/example_branch_day_of_week_operator.py
[2023-03-12T07:55:13.447+0000] {processor.py:753} INFO - DAG(s) dict_keys(['example_weekday_branch_operator']) retrieved from /home/melicharovykrecek/venv/lib/python3.9/site-packages/airflow/example_dags/example_branch_day_of_week_operator.py
[2023-03-12T07:55:13.474+0000] {logging_mixin.py:137} INFO - [2023-03-12T07:55:13.474+0000] {dag.py:2690} INFO - Sync 1 DAGs
[2023-03-12T07:55:13.499+0000] {logging_mixin.py:137} INFO - [2023-03-12T07:55:13.499+0000] {dag.py:3437} INFO - Setting next_dagrun for example_weekday_branch_operator to 2023-03-11T00:00:00+00:00, run_after=2023-03-12T00:00:00+00:00
[2023-03-12T07:55:13.526+0000] {processor.py:175} INFO - Processing /home/melicharovykrecek/venv/lib/python3.9/site-packages/airflow/example_dags/example_branch_day_of_week_operator.py took 0.109 seconds
[2023-03-12T07:55:56.815+0000] {processor.py:153} INFO - Started process (PID=3232) to work on /home/melicharovykrecek/venv/lib/python3.9/site-packages/airflow/example_dags/example_branch_day_of_week_operator.py
[2023-03-12T07:55:56.817+0000] {processor.py:743} INFO - Processing file /home/melicharovykrecek/venv/lib/python3.9/site-packages/airflow/example_dags/example_branch_day_of_week_operator.py for tasks to queue
[2023-03-12T07:55:56.818+0000] {logging_mixin.py:137} INFO - [2023-03-12T07:55:56.818+0000] {dagbag.py:538} INFO - Filling up the DagBag from /home/melicharovykrecek/venv/lib/python3.9/site-packages/airflow/example_dags/example_branch_day_of_week_operator.py
[2023-03-12T07:55:56.839+0000] {processor.py:753} INFO - DAG(s) dict_keys(['example_weekday_branch_operator']) retrieved from /home/melicharovykrecek/venv/lib/python3.9/site-packages/airflow/example_dags/example_branch_day_of_week_operator.py
[2023-03-12T07:55:56.864+0000] {logging_mixin.py:137} INFO - [2023-03-12T07:55:56.864+0000] {dag.py:2690} INFO - Sync 1 DAGs
[2023-03-12T07:55:56.888+0000] {logging_mixin.py:137} INFO - [2023-03-12T07:55:56.888+0000] {dag.py:3437} INFO - Setting next_dagrun for example_weekday_branch_operator to 2023-03-11T00:00:00+00:00, run_after=2023-03-12T00:00:00+00:00
[2023-03-12T07:55:56.917+0000] {processor.py:175} INFO - Processing /home/melicharovykrecek/venv/lib/python3.9/site-packages/airflow/example_dags/example_branch_day_of_week_operator.py took 0.106 seconds
[2023-03-12T07:56:42.943+0000] {processor.py:153} INFO - Started process (PID=3277) to work on /home/melicharovykrecek/venv/lib/python3.9/site-packages/airflow/example_dags/example_branch_day_of_week_operator.py
[2023-03-12T07:56:42.945+0000] {processor.py:743} INFO - Processing file /home/melicharovykrecek/venv/lib/python3.9/site-packages/airflow/example_dags/example_branch_day_of_week_operator.py for tasks to queue
[2023-03-12T07:56:42.946+0000] {logging_mixin.py:137} INFO - [2023-03-12T07:56:42.945+0000] {dagbag.py:538} INFO - Filling up the DagBag from /home/melicharovykrecek/venv/lib/python3.9/site-packages/airflow/example_dags/example_branch_day_of_week_operator.py
[2023-03-12T07:56:42.967+0000] {processor.py:753} INFO - DAG(s) dict_keys(['example_weekday_branch_operator']) retrieved from /home/melicharovykrecek/venv/lib/python3.9/site-packages/airflow/example_dags/example_branch_day_of_week_operator.py
[2023-03-12T07:56:42.994+0000] {logging_mixin.py:137} INFO - [2023-03-12T07:56:42.993+0000] {dag.py:2690} INFO - Sync 1 DAGs
[2023-03-12T07:56:43.021+0000] {logging_mixin.py:137} INFO - [2023-03-12T07:56:43.020+0000] {dag.py:3437} INFO - Setting next_dagrun for example_weekday_branch_operator to 2023-03-11T00:00:00+00:00, run_after=2023-03-12T00:00:00+00:00
[2023-03-12T07:56:43.046+0000] {processor.py:175} INFO - Processing /home/melicharovykrecek/venv/lib/python3.9/site-packages/airflow/example_dags/example_branch_day_of_week_operator.py took 0.108 seconds
[2023-03-12T07:57:29.507+0000] {processor.py:153} INFO - Started process (PID=3322) to work on /home/melicharovykrecek/venv/lib/python3.9/site-packages/airflow/example_dags/example_branch_day_of_week_operator.py
[2023-03-12T07:57:29.509+0000] {processor.py:743} INFO - Processing file /home/melicharovykrecek/venv/lib/python3.9/site-packages/airflow/example_dags/example_branch_day_of_week_operator.py for tasks to queue
[2023-03-12T07:57:29.510+0000] {logging_mixin.py:137} INFO - [2023-03-12T07:57:29.510+0000] {dagbag.py:538} INFO - Filling up the DagBag from /home/melicharovykrecek/venv/lib/python3.9/site-packages/airflow/example_dags/example_branch_day_of_week_operator.py
[2023-03-12T07:57:29.531+0000] {processor.py:753} INFO - DAG(s) dict_keys(['example_weekday_branch_operator']) retrieved from /home/melicharovykrecek/venv/lib/python3.9/site-packages/airflow/example_dags/example_branch_day_of_week_operator.py
[2023-03-12T07:57:29.556+0000] {logging_mixin.py:137} INFO - [2023-03-12T07:57:29.556+0000] {dag.py:2690} INFO - Sync 1 DAGs
[2023-03-12T07:57:29.582+0000] {logging_mixin.py:137} INFO - [2023-03-12T07:57:29.581+0000] {dag.py:3437} INFO - Setting next_dagrun for example_weekday_branch_operator to 2023-03-11T00:00:00+00:00, run_after=2023-03-12T00:00:00+00:00
[2023-03-12T07:57:29.610+0000] {processor.py:175} INFO - Processing /home/melicharovykrecek/venv/lib/python3.9/site-packages/airflow/example_dags/example_branch_day_of_week_operator.py took 0.107 seconds
[2023-03-12T07:58:19.364+0000] {processor.py:153} INFO - Started process (PID=3369) to work on /home/melicharovykrecek/venv/lib/python3.9/site-packages/airflow/example_dags/example_branch_day_of_week_operator.py
[2023-03-12T07:58:19.366+0000] {processor.py:743} INFO - Processing file /home/melicharovykrecek/venv/lib/python3.9/site-packages/airflow/example_dags/example_branch_day_of_week_operator.py for tasks to queue
[2023-03-12T07:58:19.368+0000] {logging_mixin.py:137} INFO - [2023-03-12T07:58:19.368+0000] {dagbag.py:538} INFO - Filling up the DagBag from /home/melicharovykrecek/venv/lib/python3.9/site-packages/airflow/example_dags/example_branch_day_of_week_operator.py
[2023-03-12T07:58:19.389+0000] {processor.py:753} INFO - DAG(s) dict_keys(['example_weekday_branch_operator']) retrieved from /home/melicharovykrecek/venv/lib/python3.9/site-packages/airflow/example_dags/example_branch_day_of_week_operator.py
[2023-03-12T07:58:19.414+0000] {logging_mixin.py:137} INFO - [2023-03-12T07:58:19.414+0000] {dag.py:2690} INFO - Sync 1 DAGs
[2023-03-12T07:58:19.439+0000] {logging_mixin.py:137} INFO - [2023-03-12T07:58:19.439+0000] {dag.py:3437} INFO - Setting next_dagrun for example_weekday_branch_operator to 2023-03-11T00:00:00+00:00, run_after=2023-03-12T00:00:00+00:00
[2023-03-12T07:58:19.468+0000] {processor.py:175} INFO - Processing /home/melicharovykrecek/venv/lib/python3.9/site-packages/airflow/example_dags/example_branch_day_of_week_operator.py took 0.109 seconds
[2023-03-12T07:59:03.476+0000] {processor.py:153} INFO - Started process (PID=3413) to work on /home/melicharovykrecek/venv/lib/python3.9/site-packages/airflow/example_dags/example_branch_day_of_week_operator.py
[2023-03-12T07:59:03.478+0000] {processor.py:743} INFO - Processing file /home/melicharovykrecek/venv/lib/python3.9/site-packages/airflow/example_dags/example_branch_day_of_week_operator.py for tasks to queue
[2023-03-12T07:59:03.479+0000] {logging_mixin.py:137} INFO - [2023-03-12T07:59:03.479+0000] {dagbag.py:538} INFO - Filling up the DagBag from /home/melicharovykrecek/venv/lib/python3.9/site-packages/airflow/example_dags/example_branch_day_of_week_operator.py
[2023-03-12T07:59:03.500+0000] {processor.py:753} INFO - DAG(s) dict_keys(['example_weekday_branch_operator']) retrieved from /home/melicharovykrecek/venv/lib/python3.9/site-packages/airflow/example_dags/example_branch_day_of_week_operator.py
[2023-03-12T07:59:03.527+0000] {logging_mixin.py:137} INFO - [2023-03-12T07:59:03.526+0000] {dag.py:2690} INFO - Sync 1 DAGs
[2023-03-12T07:59:03.554+0000] {logging_mixin.py:137} INFO - [2023-03-12T07:59:03.553+0000] {dag.py:3437} INFO - Setting next_dagrun for example_weekday_branch_operator to 2023-03-11T00:00:00+00:00, run_after=2023-03-12T00:00:00+00:00
[2023-03-12T07:59:03.582+0000] {processor.py:175} INFO - Processing /home/melicharovykrecek/venv/lib/python3.9/site-packages/airflow/example_dags/example_branch_day_of_week_operator.py took 0.110 seconds
[2023-03-12T07:59:50.985+0000] {processor.py:153} INFO - Started process (PID=3459) to work on /home/melicharovykrecek/venv/lib/python3.9/site-packages/airflow/example_dags/example_branch_day_of_week_operator.py
[2023-03-12T07:59:50.987+0000] {processor.py:743} INFO - Processing file /home/melicharovykrecek/venv/lib/python3.9/site-packages/airflow/example_dags/example_branch_day_of_week_operator.py for tasks to queue
[2023-03-12T07:59:50.988+0000] {logging_mixin.py:137} INFO - [2023-03-12T07:59:50.988+0000] {dagbag.py:538} INFO - Filling up the DagBag from /home/melicharovykrecek/venv/lib/python3.9/site-packages/airflow/example_dags/example_branch_day_of_week_operator.py
[2023-03-12T07:59:51.010+0000] {processor.py:753} INFO - DAG(s) dict_keys(['example_weekday_branch_operator']) retrieved from /home/melicharovykrecek/venv/lib/python3.9/site-packages/airflow/example_dags/example_branch_day_of_week_operator.py
[2023-03-12T07:59:51.035+0000] {logging_mixin.py:137} INFO - [2023-03-12T07:59:51.035+0000] {dag.py:2690} INFO - Sync 1 DAGs
[2023-03-12T07:59:51.061+0000] {logging_mixin.py:137} INFO - [2023-03-12T07:59:51.060+0000] {dag.py:3437} INFO - Setting next_dagrun for example_weekday_branch_operator to 2023-03-11T00:00:00+00:00, run_after=2023-03-12T00:00:00+00:00
[2023-03-12T07:59:51.089+0000] {processor.py:175} INFO - Processing /home/melicharovykrecek/venv/lib/python3.9/site-packages/airflow/example_dags/example_branch_day_of_week_operator.py took 0.109 seconds
[2023-03-12T08:00:39.219+0000] {processor.py:153} INFO - Started process (PID=3532) to work on /home/melicharovykrecek/venv/lib/python3.9/site-packages/airflow/example_dags/example_branch_day_of_week_operator.py
[2023-03-12T08:00:39.221+0000] {processor.py:743} INFO - Processing file /home/melicharovykrecek/venv/lib/python3.9/site-packages/airflow/example_dags/example_branch_day_of_week_operator.py for tasks to queue
[2023-03-12T08:00:39.222+0000] {logging_mixin.py:137} INFO - [2023-03-12T08:00:39.222+0000] {dagbag.py:538} INFO - Filling up the DagBag from /home/melicharovykrecek/venv/lib/python3.9/site-packages/airflow/example_dags/example_branch_day_of_week_operator.py
[2023-03-12T08:00:39.244+0000] {processor.py:753} INFO - DAG(s) dict_keys(['example_weekday_branch_operator']) retrieved from /home/melicharovykrecek/venv/lib/python3.9/site-packages/airflow/example_dags/example_branch_day_of_week_operator.py
[2023-03-12T08:00:39.272+0000] {logging_mixin.py:137} INFO - [2023-03-12T08:00:39.272+0000] {dag.py:2690} INFO - Sync 1 DAGs
[2023-03-12T08:00:39.301+0000] {logging_mixin.py:137} INFO - [2023-03-12T08:00:39.300+0000] {dag.py:3437} INFO - Setting next_dagrun for example_weekday_branch_operator to 2023-03-11T00:00:00+00:00, run_after=2023-03-12T00:00:00+00:00
[2023-03-12T08:00:39.331+0000] {processor.py:175} INFO - Processing /home/melicharovykrecek/venv/lib/python3.9/site-packages/airflow/example_dags/example_branch_day_of_week_operator.py took 0.117 seconds
[2023-03-12T08:01:26.653+0000] {processor.py:153} INFO - Started process (PID=3585) to work on /home/melicharovykrecek/venv/lib/python3.9/site-packages/airflow/example_dags/example_branch_day_of_week_operator.py
[2023-03-12T08:01:26.655+0000] {processor.py:743} INFO - Processing file /home/melicharovykrecek/venv/lib/python3.9/site-packages/airflow/example_dags/example_branch_day_of_week_operator.py for tasks to queue
[2023-03-12T08:01:26.656+0000] {logging_mixin.py:137} INFO - [2023-03-12T08:01:26.656+0000] {dagbag.py:538} INFO - Filling up the DagBag from /home/melicharovykrecek/venv/lib/python3.9/site-packages/airflow/example_dags/example_branch_day_of_week_operator.py
[2023-03-12T08:01:26.676+0000] {processor.py:753} INFO - DAG(s) dict_keys(['example_weekday_branch_operator']) retrieved from /home/melicharovykrecek/venv/lib/python3.9/site-packages/airflow/example_dags/example_branch_day_of_week_operator.py
[2023-03-12T08:01:26.702+0000] {logging_mixin.py:137} INFO - [2023-03-12T08:01:26.702+0000] {dag.py:2690} INFO - Sync 1 DAGs
[2023-03-12T08:01:26.728+0000] {logging_mixin.py:137} INFO - [2023-03-12T08:01:26.727+0000] {dag.py:3437} INFO - Setting next_dagrun for example_weekday_branch_operator to 2023-03-11T00:00:00+00:00, run_after=2023-03-12T00:00:00+00:00
[2023-03-12T08:01:26.754+0000] {processor.py:175} INFO - Processing /home/melicharovykrecek/venv/lib/python3.9/site-packages/airflow/example_dags/example_branch_day_of_week_operator.py took 0.106 seconds
[2023-03-12T08:02:15.158+0000] {processor.py:153} INFO - Started process (PID=3631) to work on /home/melicharovykrecek/venv/lib/python3.9/site-packages/airflow/example_dags/example_branch_day_of_week_operator.py
[2023-03-12T08:02:15.159+0000] {processor.py:743} INFO - Processing file /home/melicharovykrecek/venv/lib/python3.9/site-packages/airflow/example_dags/example_branch_day_of_week_operator.py for tasks to queue
[2023-03-12T08:02:15.160+0000] {logging_mixin.py:137} INFO - [2023-03-12T08:02:15.160+0000] {dagbag.py:538} INFO - Filling up the DagBag from /home/melicharovykrecek/venv/lib/python3.9/site-packages/airflow/example_dags/example_branch_day_of_week_operator.py
[2023-03-12T08:02:15.183+0000] {processor.py:753} INFO - DAG(s) dict_keys(['example_weekday_branch_operator']) retrieved from /home/melicharovykrecek/venv/lib/python3.9/site-packages/airflow/example_dags/example_branch_day_of_week_operator.py
[2023-03-12T08:02:15.211+0000] {logging_mixin.py:137} INFO - [2023-03-12T08:02:15.211+0000] {dag.py:2690} INFO - Sync 1 DAGs
[2023-03-12T08:02:15.239+0000] {logging_mixin.py:137} INFO - [2023-03-12T08:02:15.238+0000] {dag.py:3437} INFO - Setting next_dagrun for example_weekday_branch_operator to 2023-03-11T00:00:00+00:00, run_after=2023-03-12T00:00:00+00:00
[2023-03-12T08:02:15.270+0000] {processor.py:175} INFO - Processing /home/melicharovykrecek/venv/lib/python3.9/site-packages/airflow/example_dags/example_branch_day_of_week_operator.py took 0.117 seconds
[2023-03-12T08:02:59.787+0000] {processor.py:153} INFO - Started process (PID=3675) to work on /home/melicharovykrecek/venv/lib/python3.9/site-packages/airflow/example_dags/example_branch_day_of_week_operator.py
[2023-03-12T08:02:59.789+0000] {processor.py:743} INFO - Processing file /home/melicharovykrecek/venv/lib/python3.9/site-packages/airflow/example_dags/example_branch_day_of_week_operator.py for tasks to queue
[2023-03-12T08:02:59.789+0000] {logging_mixin.py:137} INFO - [2023-03-12T08:02:59.789+0000] {dagbag.py:538} INFO - Filling up the DagBag from /home/melicharovykrecek/venv/lib/python3.9/site-packages/airflow/example_dags/example_branch_day_of_week_operator.py
[2023-03-12T08:02:59.811+0000] {processor.py:753} INFO - DAG(s) dict_keys(['example_weekday_branch_operator']) retrieved from /home/melicharovykrecek/venv/lib/python3.9/site-packages/airflow/example_dags/example_branch_day_of_week_operator.py
[2023-03-12T08:02:59.838+0000] {logging_mixin.py:137} INFO - [2023-03-12T08:02:59.837+0000] {dag.py:2690} INFO - Sync 1 DAGs
[2023-03-12T08:02:59.863+0000] {logging_mixin.py:137} INFO - [2023-03-12T08:02:59.863+0000] {dag.py:3437} INFO - Setting next_dagrun for example_weekday_branch_operator to 2023-03-11T00:00:00+00:00, run_after=2023-03-12T00:00:00+00:00
[2023-03-12T08:02:59.892+0000] {processor.py:175} INFO - Processing /home/melicharovykrecek/venv/lib/python3.9/site-packages/airflow/example_dags/example_branch_day_of_week_operator.py took 0.110 seconds
[2023-03-12T08:03:48.298+0000] {processor.py:153} INFO - Started process (PID=3722) to work on /home/melicharovykrecek/venv/lib/python3.9/site-packages/airflow/example_dags/example_branch_day_of_week_operator.py
[2023-03-12T08:03:48.300+0000] {processor.py:743} INFO - Processing file /home/melicharovykrecek/venv/lib/python3.9/site-packages/airflow/example_dags/example_branch_day_of_week_operator.py for tasks to queue
[2023-03-12T08:03:48.301+0000] {logging_mixin.py:137} INFO - [2023-03-12T08:03:48.300+0000] {dagbag.py:538} INFO - Filling up the DagBag from /home/melicharovykrecek/venv/lib/python3.9/site-packages/airflow/example_dags/example_branch_day_of_week_operator.py
[2023-03-12T08:03:48.322+0000] {processor.py:753} INFO - DAG(s) dict_keys(['example_weekday_branch_operator']) retrieved from /home/melicharovykrecek/venv/lib/python3.9/site-packages/airflow/example_dags/example_branch_day_of_week_operator.py
[2023-03-12T08:03:48.349+0000] {logging_mixin.py:137} INFO - [2023-03-12T08:03:48.348+0000] {dag.py:2690} INFO - Sync 1 DAGs
[2023-03-12T08:03:48.378+0000] {logging_mixin.py:137} INFO - [2023-03-12T08:03:48.378+0000] {dag.py:3437} INFO - Setting next_dagrun for example_weekday_branch_operator to 2023-03-11T00:00:00+00:00, run_after=2023-03-12T00:00:00+00:00
[2023-03-12T08:03:48.408+0000] {processor.py:175} INFO - Processing /home/melicharovykrecek/venv/lib/python3.9/site-packages/airflow/example_dags/example_branch_day_of_week_operator.py took 0.115 seconds
[2023-03-12T08:04:31.524+0000] {processor.py:153} INFO - Started process (PID=3764) to work on /home/melicharovykrecek/venv/lib/python3.9/site-packages/airflow/example_dags/example_branch_day_of_week_operator.py
[2023-03-12T08:04:31.526+0000] {processor.py:743} INFO - Processing file /home/melicharovykrecek/venv/lib/python3.9/site-packages/airflow/example_dags/example_branch_day_of_week_operator.py for tasks to queue
[2023-03-12T08:04:31.527+0000] {logging_mixin.py:137} INFO - [2023-03-12T08:04:31.527+0000] {dagbag.py:538} INFO - Filling up the DagBag from /home/melicharovykrecek/venv/lib/python3.9/site-packages/airflow/example_dags/example_branch_day_of_week_operator.py
[2023-03-12T08:04:31.548+0000] {processor.py:753} INFO - DAG(s) dict_keys(['example_weekday_branch_operator']) retrieved from /home/melicharovykrecek/venv/lib/python3.9/site-packages/airflow/example_dags/example_branch_day_of_week_operator.py
[2023-03-12T08:04:31.574+0000] {logging_mixin.py:137} INFO - [2023-03-12T08:04:31.573+0000] {dag.py:2690} INFO - Sync 1 DAGs
[2023-03-12T08:04:31.601+0000] {logging_mixin.py:137} INFO - [2023-03-12T08:04:31.600+0000] {dag.py:3437} INFO - Setting next_dagrun for example_weekday_branch_operator to 2023-03-11T00:00:00+00:00, run_after=2023-03-12T00:00:00+00:00
[2023-03-12T08:04:31.627+0000] {processor.py:175} INFO - Processing /home/melicharovykrecek/venv/lib/python3.9/site-packages/airflow/example_dags/example_branch_day_of_week_operator.py took 0.108 seconds
[2023-03-12T08:05:20.419+0000] {processor.py:153} INFO - Started process (PID=3812) to work on /home/melicharovykrecek/venv/lib/python3.9/site-packages/airflow/example_dags/example_branch_day_of_week_operator.py
[2023-03-12T08:05:20.421+0000] {processor.py:743} INFO - Processing file /home/melicharovykrecek/venv/lib/python3.9/site-packages/airflow/example_dags/example_branch_day_of_week_operator.py for tasks to queue
[2023-03-12T08:05:20.422+0000] {logging_mixin.py:137} INFO - [2023-03-12T08:05:20.422+0000] {dagbag.py:538} INFO - Filling up the DagBag from /home/melicharovykrecek/venv/lib/python3.9/site-packages/airflow/example_dags/example_branch_day_of_week_operator.py
[2023-03-12T08:05:20.443+0000] {processor.py:753} INFO - DAG(s) dict_keys(['example_weekday_branch_operator']) retrieved from /home/melicharovykrecek/venv/lib/python3.9/site-packages/airflow/example_dags/example_branch_day_of_week_operator.py
[2023-03-12T08:05:20.471+0000] {logging_mixin.py:137} INFO - [2023-03-12T08:05:20.470+0000] {dag.py:2690} INFO - Sync 1 DAGs
[2023-03-12T08:05:20.499+0000] {logging_mixin.py:137} INFO - [2023-03-12T08:05:20.498+0000] {dag.py:3437} INFO - Setting next_dagrun for example_weekday_branch_operator to 2023-03-11T00:00:00+00:00, run_after=2023-03-12T00:00:00+00:00
[2023-03-12T08:05:20.529+0000] {processor.py:175} INFO - Processing /home/melicharovykrecek/venv/lib/python3.9/site-packages/airflow/example_dags/example_branch_day_of_week_operator.py took 0.115 seconds
[2023-03-12T08:06:11.217+0000] {processor.py:153} INFO - Started process (PID=3859) to work on /home/melicharovykrecek/venv/lib/python3.9/site-packages/airflow/example_dags/example_branch_day_of_week_operator.py
[2023-03-12T08:06:11.219+0000] {processor.py:743} INFO - Processing file /home/melicharovykrecek/venv/lib/python3.9/site-packages/airflow/example_dags/example_branch_day_of_week_operator.py for tasks to queue
[2023-03-12T08:06:11.222+0000] {logging_mixin.py:137} INFO - [2023-03-12T08:06:11.221+0000] {dagbag.py:538} INFO - Filling up the DagBag from /home/melicharovykrecek/venv/lib/python3.9/site-packages/airflow/example_dags/example_branch_day_of_week_operator.py
[2023-03-12T08:06:11.242+0000] {processor.py:753} INFO - DAG(s) dict_keys(['example_weekday_branch_operator']) retrieved from /home/melicharovykrecek/venv/lib/python3.9/site-packages/airflow/example_dags/example_branch_day_of_week_operator.py
[2023-03-12T08:06:11.268+0000] {logging_mixin.py:137} INFO - [2023-03-12T08:06:11.268+0000] {dag.py:2690} INFO - Sync 1 DAGs
[2023-03-12T08:06:11.294+0000] {logging_mixin.py:137} INFO - [2023-03-12T08:06:11.294+0000] {dag.py:3437} INFO - Setting next_dagrun for example_weekday_branch_operator to 2023-03-11T00:00:00+00:00, run_after=2023-03-12T00:00:00+00:00
[2023-03-12T08:06:11.322+0000] {processor.py:175} INFO - Processing /home/melicharovykrecek/venv/lib/python3.9/site-packages/airflow/example_dags/example_branch_day_of_week_operator.py took 0.110 seconds
[2023-03-12T08:07:01.217+0000] {processor.py:153} INFO - Started process (PID=3909) to work on /home/melicharovykrecek/venv/lib/python3.9/site-packages/airflow/example_dags/example_branch_day_of_week_operator.py
[2023-03-12T08:07:01.219+0000] {processor.py:743} INFO - Processing file /home/melicharovykrecek/venv/lib/python3.9/site-packages/airflow/example_dags/example_branch_day_of_week_operator.py for tasks to queue
[2023-03-12T08:07:01.220+0000] {logging_mixin.py:137} INFO - [2023-03-12T08:07:01.219+0000] {dagbag.py:538} INFO - Filling up the DagBag from /home/melicharovykrecek/venv/lib/python3.9/site-packages/airflow/example_dags/example_branch_day_of_week_operator.py
[2023-03-12T08:07:01.242+0000] {processor.py:753} INFO - DAG(s) dict_keys(['example_weekday_branch_operator']) retrieved from /home/melicharovykrecek/venv/lib/python3.9/site-packages/airflow/example_dags/example_branch_day_of_week_operator.py
[2023-03-12T08:07:01.271+0000] {logging_mixin.py:137} INFO - [2023-03-12T08:07:01.270+0000] {dag.py:2690} INFO - Sync 1 DAGs
[2023-03-12T08:07:01.298+0000] {logging_mixin.py:137} INFO - [2023-03-12T08:07:01.297+0000] {dag.py:3437} INFO - Setting next_dagrun for example_weekday_branch_operator to 2023-03-11T00:00:00+00:00, run_after=2023-03-12T00:00:00+00:00
[2023-03-12T08:07:01.327+0000] {processor.py:175} INFO - Processing /home/melicharovykrecek/venv/lib/python3.9/site-packages/airflow/example_dags/example_branch_day_of_week_operator.py took 0.116 seconds
[2023-03-12T08:07:48.202+0000] {processor.py:153} INFO - Started process (PID=3965) to work on /home/melicharovykrecek/venv/lib/python3.9/site-packages/airflow/example_dags/example_branch_day_of_week_operator.py
[2023-03-12T08:07:48.204+0000] {processor.py:743} INFO - Processing file /home/melicharovykrecek/venv/lib/python3.9/site-packages/airflow/example_dags/example_branch_day_of_week_operator.py for tasks to queue
[2023-03-12T08:07:48.205+0000] {logging_mixin.py:137} INFO - [2023-03-12T08:07:48.205+0000] {dagbag.py:538} INFO - Filling up the DagBag from /home/melicharovykrecek/venv/lib/python3.9/site-packages/airflow/example_dags/example_branch_day_of_week_operator.py
[2023-03-12T08:07:48.228+0000] {processor.py:753} INFO - DAG(s) dict_keys(['example_weekday_branch_operator']) retrieved from /home/melicharovykrecek/venv/lib/python3.9/site-packages/airflow/example_dags/example_branch_day_of_week_operator.py
[2023-03-12T08:07:48.256+0000] {logging_mixin.py:137} INFO - [2023-03-12T08:07:48.255+0000] {dag.py:2690} INFO - Sync 1 DAGs
[2023-03-12T08:07:48.286+0000] {logging_mixin.py:137} INFO - [2023-03-12T08:07:48.286+0000] {dag.py:3437} INFO - Setting next_dagrun for example_weekday_branch_operator to 2023-03-11T00:00:00+00:00, run_after=2023-03-12T00:00:00+00:00
[2023-03-12T08:07:48.314+0000] {processor.py:175} INFO - Processing /home/melicharovykrecek/venv/lib/python3.9/site-packages/airflow/example_dags/example_branch_day_of_week_operator.py took 0.117 seconds
[2023-03-12T08:08:32.942+0000] {processor.py:153} INFO - Started process (PID=4047) to work on /home/melicharovykrecek/venv/lib/python3.9/site-packages/airflow/example_dags/example_branch_day_of_week_operator.py
[2023-03-12T08:08:32.944+0000] {processor.py:743} INFO - Processing file /home/melicharovykrecek/venv/lib/python3.9/site-packages/airflow/example_dags/example_branch_day_of_week_operator.py for tasks to queue
[2023-03-12T08:08:32.945+0000] {logging_mixin.py:137} INFO - [2023-03-12T08:08:32.945+0000] {dagbag.py:538} INFO - Filling up the DagBag from /home/melicharovykrecek/venv/lib/python3.9/site-packages/airflow/example_dags/example_branch_day_of_week_operator.py
[2023-03-12T08:08:32.968+0000] {processor.py:753} INFO - DAG(s) dict_keys(['example_weekday_branch_operator']) retrieved from /home/melicharovykrecek/venv/lib/python3.9/site-packages/airflow/example_dags/example_branch_day_of_week_operator.py
[2023-03-12T08:08:32.996+0000] {logging_mixin.py:137} INFO - [2023-03-12T08:08:32.996+0000] {dag.py:2690} INFO - Sync 1 DAGs
[2023-03-12T08:08:33.024+0000] {logging_mixin.py:137} INFO - [2023-03-12T08:08:33.024+0000] {dag.py:3437} INFO - Setting next_dagrun for example_weekday_branch_operator to 2023-03-11T00:00:00+00:00, run_after=2023-03-12T00:00:00+00:00
[2023-03-12T08:08:33.055+0000] {processor.py:175} INFO - Processing /home/melicharovykrecek/venv/lib/python3.9/site-packages/airflow/example_dags/example_branch_day_of_week_operator.py took 0.118 seconds
[2023-03-12T08:09:23.642+0000] {processor.py:153} INFO - Started process (PID=4095) to work on /home/melicharovykrecek/venv/lib/python3.9/site-packages/airflow/example_dags/example_branch_day_of_week_operator.py
[2023-03-12T08:09:23.645+0000] {processor.py:743} INFO - Processing file /home/melicharovykrecek/venv/lib/python3.9/site-packages/airflow/example_dags/example_branch_day_of_week_operator.py for tasks to queue
[2023-03-12T08:09:23.646+0000] {logging_mixin.py:137} INFO - [2023-03-12T08:09:23.645+0000] {dagbag.py:538} INFO - Filling up the DagBag from /home/melicharovykrecek/venv/lib/python3.9/site-packages/airflow/example_dags/example_branch_day_of_week_operator.py
[2023-03-12T08:09:23.666+0000] {processor.py:753} INFO - DAG(s) dict_keys(['example_weekday_branch_operator']) retrieved from /home/melicharovykrecek/venv/lib/python3.9/site-packages/airflow/example_dags/example_branch_day_of_week_operator.py
[2023-03-12T08:09:23.694+0000] {logging_mixin.py:137} INFO - [2023-03-12T08:09:23.694+0000] {dag.py:2690} INFO - Sync 1 DAGs
[2023-03-12T08:09:23.721+0000] {logging_mixin.py:137} INFO - [2023-03-12T08:09:23.720+0000] {dag.py:3437} INFO - Setting next_dagrun for example_weekday_branch_operator to 2023-03-11T00:00:00+00:00, run_after=2023-03-12T00:00:00+00:00
[2023-03-12T08:09:23.748+0000] {processor.py:175} INFO - Processing /home/melicharovykrecek/venv/lib/python3.9/site-packages/airflow/example_dags/example_branch_day_of_week_operator.py took 0.110 seconds
[2023-03-12T08:10:15.386+0000] {processor.py:153} INFO - Started process (PID=4143) to work on /home/melicharovykrecek/venv/lib/python3.9/site-packages/airflow/example_dags/example_branch_day_of_week_operator.py
[2023-03-12T08:10:15.388+0000] {processor.py:743} INFO - Processing file /home/melicharovykrecek/venv/lib/python3.9/site-packages/airflow/example_dags/example_branch_day_of_week_operator.py for tasks to queue
[2023-03-12T08:10:15.389+0000] {logging_mixin.py:137} INFO - [2023-03-12T08:10:15.388+0000] {dagbag.py:538} INFO - Filling up the DagBag from /home/melicharovykrecek/venv/lib/python3.9/site-packages/airflow/example_dags/example_branch_day_of_week_operator.py
[2023-03-12T08:10:15.409+0000] {processor.py:753} INFO - DAG(s) dict_keys(['example_weekday_branch_operator']) retrieved from /home/melicharovykrecek/venv/lib/python3.9/site-packages/airflow/example_dags/example_branch_day_of_week_operator.py
[2023-03-12T08:10:15.438+0000] {logging_mixin.py:137} INFO - [2023-03-12T08:10:15.438+0000] {dag.py:2690} INFO - Sync 1 DAGs
[2023-03-12T08:10:15.464+0000] {logging_mixin.py:137} INFO - [2023-03-12T08:10:15.464+0000] {dag.py:3437} INFO - Setting next_dagrun for example_weekday_branch_operator to 2023-03-11T00:00:00+00:00, run_after=2023-03-12T00:00:00+00:00
[2023-03-12T08:10:15.493+0000] {processor.py:175} INFO - Processing /home/melicharovykrecek/venv/lib/python3.9/site-packages/airflow/example_dags/example_branch_day_of_week_operator.py took 0.113 seconds
[2023-03-12T08:10:54.862+0000] {processor.py:153} INFO - Started process (PID=4185) to work on /home/melicharovykrecek/venv/lib/python3.9/site-packages/airflow/example_dags/example_branch_day_of_week_operator.py
[2023-03-12T08:10:54.865+0000] {processor.py:743} INFO - Processing file /home/melicharovykrecek/venv/lib/python3.9/site-packages/airflow/example_dags/example_branch_day_of_week_operator.py for tasks to queue
[2023-03-12T08:10:54.866+0000] {logging_mixin.py:137} INFO - [2023-03-12T08:10:54.865+0000] {dagbag.py:538} INFO - Filling up the DagBag from /home/melicharovykrecek/venv/lib/python3.9/site-packages/airflow/example_dags/example_branch_day_of_week_operator.py
[2023-03-12T08:10:54.887+0000] {processor.py:753} INFO - DAG(s) dict_keys(['example_weekday_branch_operator']) retrieved from /home/melicharovykrecek/venv/lib/python3.9/site-packages/airflow/example_dags/example_branch_day_of_week_operator.py
[2023-03-12T08:10:54.913+0000] {logging_mixin.py:137} INFO - [2023-03-12T08:10:54.913+0000] {dag.py:2690} INFO - Sync 1 DAGs
[2023-03-12T08:10:54.941+0000] {logging_mixin.py:137} INFO - [2023-03-12T08:10:54.941+0000] {dag.py:3437} INFO - Setting next_dagrun for example_weekday_branch_operator to 2023-03-11T00:00:00+00:00, run_after=2023-03-12T00:00:00+00:00
[2023-03-12T08:10:54.972+0000] {processor.py:175} INFO - Processing /home/melicharovykrecek/venv/lib/python3.9/site-packages/airflow/example_dags/example_branch_day_of_week_operator.py took 0.114 seconds
[2023-03-12T08:11:43.359+0000] {processor.py:153} INFO - Started process (PID=4251) to work on /home/melicharovykrecek/venv/lib/python3.9/site-packages/airflow/example_dags/example_branch_day_of_week_operator.py
[2023-03-12T08:11:43.362+0000] {processor.py:743} INFO - Processing file /home/melicharovykrecek/venv/lib/python3.9/site-packages/airflow/example_dags/example_branch_day_of_week_operator.py for tasks to queue
[2023-03-12T08:11:43.363+0000] {logging_mixin.py:137} INFO - [2023-03-12T08:11:43.363+0000] {dagbag.py:538} INFO - Filling up the DagBag from /home/melicharovykrecek/venv/lib/python3.9/site-packages/airflow/example_dags/example_branch_day_of_week_operator.py
[2023-03-12T08:11:43.384+0000] {processor.py:753} INFO - DAG(s) dict_keys(['example_weekday_branch_operator']) retrieved from /home/melicharovykrecek/venv/lib/python3.9/site-packages/airflow/example_dags/example_branch_day_of_week_operator.py
[2023-03-12T08:11:43.411+0000] {logging_mixin.py:137} INFO - [2023-03-12T08:11:43.411+0000] {dag.py:2690} INFO - Sync 1 DAGs
[2023-03-12T08:11:43.438+0000] {logging_mixin.py:137} INFO - [2023-03-12T08:11:43.438+0000] {dag.py:3437} INFO - Setting next_dagrun for example_weekday_branch_operator to 2023-03-11T00:00:00+00:00, run_after=2023-03-12T00:00:00+00:00
[2023-03-12T08:11:43.468+0000] {processor.py:175} INFO - Processing /home/melicharovykrecek/venv/lib/python3.9/site-packages/airflow/example_dags/example_branch_day_of_week_operator.py took 0.113 seconds
[2023-03-12T08:12:33.187+0000] {processor.py:153} INFO - Started process (PID=4325) to work on /home/melicharovykrecek/venv/lib/python3.9/site-packages/airflow/example_dags/example_branch_day_of_week_operator.py
[2023-03-12T08:12:33.190+0000] {processor.py:743} INFO - Processing file /home/melicharovykrecek/venv/lib/python3.9/site-packages/airflow/example_dags/example_branch_day_of_week_operator.py for tasks to queue
[2023-03-12T08:12:33.191+0000] {logging_mixin.py:137} INFO - [2023-03-12T08:12:33.190+0000] {dagbag.py:538} INFO - Filling up the DagBag from /home/melicharovykrecek/venv/lib/python3.9/site-packages/airflow/example_dags/example_branch_day_of_week_operator.py
[2023-03-12T08:12:33.211+0000] {processor.py:753} INFO - DAG(s) dict_keys(['example_weekday_branch_operator']) retrieved from /home/melicharovykrecek/venv/lib/python3.9/site-packages/airflow/example_dags/example_branch_day_of_week_operator.py
[2023-03-12T08:12:33.239+0000] {logging_mixin.py:137} INFO - [2023-03-12T08:12:33.238+0000] {dag.py:2690} INFO - Sync 1 DAGs
[2023-03-12T08:12:33.266+0000] {logging_mixin.py:137} INFO - [2023-03-12T08:12:33.266+0000] {dag.py:3437} INFO - Setting next_dagrun for example_weekday_branch_operator to 2023-03-11T00:00:00+00:00, run_after=2023-03-12T00:00:00+00:00
[2023-03-12T08:12:33.294+0000] {processor.py:175} INFO - Processing /home/melicharovykrecek/venv/lib/python3.9/site-packages/airflow/example_dags/example_branch_day_of_week_operator.py took 0.112 seconds
[2023-03-12T08:13:21.231+0000] {processor.py:153} INFO - Started process (PID=4377) to work on /home/melicharovykrecek/venv/lib/python3.9/site-packages/airflow/example_dags/example_branch_day_of_week_operator.py
[2023-03-12T08:13:21.233+0000] {processor.py:743} INFO - Processing file /home/melicharovykrecek/venv/lib/python3.9/site-packages/airflow/example_dags/example_branch_day_of_week_operator.py for tasks to queue
[2023-03-12T08:13:21.236+0000] {logging_mixin.py:137} INFO - [2023-03-12T08:13:21.235+0000] {dagbag.py:538} INFO - Filling up the DagBag from /home/melicharovykrecek/venv/lib/python3.9/site-packages/airflow/example_dags/example_branch_day_of_week_operator.py
[2023-03-12T08:13:21.257+0000] {processor.py:753} INFO - DAG(s) dict_keys(['example_weekday_branch_operator']) retrieved from /home/melicharovykrecek/venv/lib/python3.9/site-packages/airflow/example_dags/example_branch_day_of_week_operator.py
[2023-03-12T08:13:21.285+0000] {logging_mixin.py:137} INFO - [2023-03-12T08:13:21.284+0000] {dag.py:2690} INFO - Sync 1 DAGs
[2023-03-12T08:13:21.312+0000] {logging_mixin.py:137} INFO - [2023-03-12T08:13:21.311+0000] {dag.py:3437} INFO - Setting next_dagrun for example_weekday_branch_operator to 2023-03-11T00:00:00+00:00, run_after=2023-03-12T00:00:00+00:00
[2023-03-12T08:13:21.341+0000] {processor.py:175} INFO - Processing /home/melicharovykrecek/venv/lib/python3.9/site-packages/airflow/example_dags/example_branch_day_of_week_operator.py took 0.115 seconds
[2023-03-12T08:14:12.952+0000] {processor.py:153} INFO - Started process (PID=4447) to work on /home/melicharovykrecek/venv/lib/python3.9/site-packages/airflow/example_dags/example_branch_day_of_week_operator.py
[2023-03-12T08:14:12.954+0000] {processor.py:743} INFO - Processing file /home/melicharovykrecek/venv/lib/python3.9/site-packages/airflow/example_dags/example_branch_day_of_week_operator.py for tasks to queue
[2023-03-12T08:14:12.955+0000] {logging_mixin.py:137} INFO - [2023-03-12T08:14:12.955+0000] {dagbag.py:538} INFO - Filling up the DagBag from /home/melicharovykrecek/venv/lib/python3.9/site-packages/airflow/example_dags/example_branch_day_of_week_operator.py
[2023-03-12T08:14:12.979+0000] {processor.py:753} INFO - DAG(s) dict_keys(['example_weekday_branch_operator']) retrieved from /home/melicharovykrecek/venv/lib/python3.9/site-packages/airflow/example_dags/example_branch_day_of_week_operator.py
[2023-03-12T08:14:13.009+0000] {logging_mixin.py:137} INFO - [2023-03-12T08:14:13.008+0000] {dag.py:2690} INFO - Sync 1 DAGs
[2023-03-12T08:14:13.038+0000] {logging_mixin.py:137} INFO - [2023-03-12T08:14:13.038+0000] {dag.py:3437} INFO - Setting next_dagrun for example_weekday_branch_operator to 2023-03-11T00:00:00+00:00, run_after=2023-03-12T00:00:00+00:00
[2023-03-12T08:14:13.075+0000] {processor.py:175} INFO - Processing /home/melicharovykrecek/venv/lib/python3.9/site-packages/airflow/example_dags/example_branch_day_of_week_operator.py took 0.128 seconds
[2023-03-12T08:15:02.789+0000] {processor.py:153} INFO - Started process (PID=4497) to work on /home/melicharovykrecek/venv/lib/python3.9/site-packages/airflow/example_dags/example_branch_day_of_week_operator.py
[2023-03-12T08:15:02.791+0000] {processor.py:743} INFO - Processing file /home/melicharovykrecek/venv/lib/python3.9/site-packages/airflow/example_dags/example_branch_day_of_week_operator.py for tasks to queue
[2023-03-12T08:15:02.792+0000] {logging_mixin.py:137} INFO - [2023-03-12T08:15:02.792+0000] {dagbag.py:538} INFO - Filling up the DagBag from /home/melicharovykrecek/venv/lib/python3.9/site-packages/airflow/example_dags/example_branch_day_of_week_operator.py
[2023-03-12T08:15:02.813+0000] {processor.py:753} INFO - DAG(s) dict_keys(['example_weekday_branch_operator']) retrieved from /home/melicharovykrecek/venv/lib/python3.9/site-packages/airflow/example_dags/example_branch_day_of_week_operator.py
[2023-03-12T08:15:02.840+0000] {logging_mixin.py:137} INFO - [2023-03-12T08:15:02.840+0000] {dag.py:2690} INFO - Sync 1 DAGs
[2023-03-12T08:15:02.868+0000] {logging_mixin.py:137} INFO - [2023-03-12T08:15:02.867+0000] {dag.py:3437} INFO - Setting next_dagrun for example_weekday_branch_operator to 2023-03-11T00:00:00+00:00, run_after=2023-03-12T00:00:00+00:00
[2023-03-12T08:15:02.896+0000] {processor.py:175} INFO - Processing /home/melicharovykrecek/venv/lib/python3.9/site-packages/airflow/example_dags/example_branch_day_of_week_operator.py took 0.111 seconds
[2023-03-12T08:15:52.539+0000] {processor.py:153} INFO - Started process (PID=4546) to work on /home/melicharovykrecek/venv/lib/python3.9/site-packages/airflow/example_dags/example_branch_day_of_week_operator.py
[2023-03-12T08:15:52.541+0000] {processor.py:743} INFO - Processing file /home/melicharovykrecek/venv/lib/python3.9/site-packages/airflow/example_dags/example_branch_day_of_week_operator.py for tasks to queue
[2023-03-12T08:15:52.543+0000] {logging_mixin.py:137} INFO - [2023-03-12T08:15:52.543+0000] {dagbag.py:538} INFO - Filling up the DagBag from /home/melicharovykrecek/venv/lib/python3.9/site-packages/airflow/example_dags/example_branch_day_of_week_operator.py
[2023-03-12T08:15:52.563+0000] {processor.py:753} INFO - DAG(s) dict_keys(['example_weekday_branch_operator']) retrieved from /home/melicharovykrecek/venv/lib/python3.9/site-packages/airflow/example_dags/example_branch_day_of_week_operator.py
[2023-03-12T08:15:52.590+0000] {logging_mixin.py:137} INFO - [2023-03-12T08:15:52.590+0000] {dag.py:2690} INFO - Sync 1 DAGs
[2023-03-12T08:15:52.616+0000] {logging_mixin.py:137} INFO - [2023-03-12T08:15:52.615+0000] {dag.py:3437} INFO - Setting next_dagrun for example_weekday_branch_operator to 2023-03-11T00:00:00+00:00, run_after=2023-03-12T00:00:00+00:00
[2023-03-12T08:15:52.645+0000] {processor.py:175} INFO - Processing /home/melicharovykrecek/venv/lib/python3.9/site-packages/airflow/example_dags/example_branch_day_of_week_operator.py took 0.111 seconds
[2023-03-12T08:16:44.735+0000] {processor.py:153} INFO - Started process (PID=4600) to work on /home/melicharovykrecek/venv/lib/python3.9/site-packages/airflow/example_dags/example_branch_day_of_week_operator.py
[2023-03-12T08:16:44.738+0000] {processor.py:743} INFO - Processing file /home/melicharovykrecek/venv/lib/python3.9/site-packages/airflow/example_dags/example_branch_day_of_week_operator.py for tasks to queue
[2023-03-12T08:16:44.739+0000] {logging_mixin.py:137} INFO - [2023-03-12T08:16:44.738+0000] {dagbag.py:538} INFO - Filling up the DagBag from /home/melicharovykrecek/venv/lib/python3.9/site-packages/airflow/example_dags/example_branch_day_of_week_operator.py
[2023-03-12T08:16:44.759+0000] {processor.py:753} INFO - DAG(s) dict_keys(['example_weekday_branch_operator']) retrieved from /home/melicharovykrecek/venv/lib/python3.9/site-packages/airflow/example_dags/example_branch_day_of_week_operator.py
[2023-03-12T08:16:44.787+0000] {logging_mixin.py:137} INFO - [2023-03-12T08:16:44.786+0000] {dag.py:2690} INFO - Sync 1 DAGs
[2023-03-12T08:16:44.812+0000] {logging_mixin.py:137} INFO - [2023-03-12T08:16:44.812+0000] {dag.py:3437} INFO - Setting next_dagrun for example_weekday_branch_operator to 2023-03-11T00:00:00+00:00, run_after=2023-03-12T00:00:00+00:00
[2023-03-12T08:16:44.839+0000] {processor.py:175} INFO - Processing /home/melicharovykrecek/venv/lib/python3.9/site-packages/airflow/example_dags/example_branch_day_of_week_operator.py took 0.109 seconds
[2023-03-12T08:17:28.251+0000] {processor.py:153} INFO - Started process (PID=4653) to work on /home/melicharovykrecek/venv/lib/python3.9/site-packages/airflow/example_dags/example_branch_day_of_week_operator.py
[2023-03-12T08:17:28.254+0000] {processor.py:743} INFO - Processing file /home/melicharovykrecek/venv/lib/python3.9/site-packages/airflow/example_dags/example_branch_day_of_week_operator.py for tasks to queue
[2023-03-12T08:17:28.254+0000] {logging_mixin.py:137} INFO - [2023-03-12T08:17:28.254+0000] {dagbag.py:538} INFO - Filling up the DagBag from /home/melicharovykrecek/venv/lib/python3.9/site-packages/airflow/example_dags/example_branch_day_of_week_operator.py
[2023-03-12T08:17:28.276+0000] {processor.py:753} INFO - DAG(s) dict_keys(['example_weekday_branch_operator']) retrieved from /home/melicharovykrecek/venv/lib/python3.9/site-packages/airflow/example_dags/example_branch_day_of_week_operator.py
[2023-03-12T08:17:28.301+0000] {logging_mixin.py:137} INFO - [2023-03-12T08:17:28.300+0000] {dag.py:2690} INFO - Sync 1 DAGs
[2023-03-12T08:17:28.328+0000] {logging_mixin.py:137} INFO - [2023-03-12T08:17:28.327+0000] {dag.py:3437} INFO - Setting next_dagrun for example_weekday_branch_operator to 2023-03-11T00:00:00+00:00, run_after=2023-03-12T00:00:00+00:00
[2023-03-12T08:17:28.356+0000] {processor.py:175} INFO - Processing /home/melicharovykrecek/venv/lib/python3.9/site-packages/airflow/example_dags/example_branch_day_of_week_operator.py took 0.110 seconds
[2023-03-12T08:18:18.742+0000] {processor.py:153} INFO - Started process (PID=4701) to work on /home/melicharovykrecek/venv/lib/python3.9/site-packages/airflow/example_dags/example_branch_day_of_week_operator.py
[2023-03-12T08:18:18.745+0000] {processor.py:743} INFO - Processing file /home/melicharovykrecek/venv/lib/python3.9/site-packages/airflow/example_dags/example_branch_day_of_week_operator.py for tasks to queue
[2023-03-12T08:18:18.746+0000] {logging_mixin.py:137} INFO - [2023-03-12T08:18:18.745+0000] {dagbag.py:538} INFO - Filling up the DagBag from /home/melicharovykrecek/venv/lib/python3.9/site-packages/airflow/example_dags/example_branch_day_of_week_operator.py
[2023-03-12T08:18:18.766+0000] {processor.py:753} INFO - DAG(s) dict_keys(['example_weekday_branch_operator']) retrieved from /home/melicharovykrecek/venv/lib/python3.9/site-packages/airflow/example_dags/example_branch_day_of_week_operator.py
[2023-03-12T08:18:18.794+0000] {logging_mixin.py:137} INFO - [2023-03-12T08:18:18.793+0000] {dag.py:2690} INFO - Sync 1 DAGs
[2023-03-12T08:18:18.822+0000] {logging_mixin.py:137} INFO - [2023-03-12T08:18:18.821+0000] {dag.py:3437} INFO - Setting next_dagrun for example_weekday_branch_operator to 2023-03-11T00:00:00+00:00, run_after=2023-03-12T00:00:00+00:00
[2023-03-12T08:18:18.851+0000] {processor.py:175} INFO - Processing /home/melicharovykrecek/venv/lib/python3.9/site-packages/airflow/example_dags/example_branch_day_of_week_operator.py took 0.113 seconds
[2023-03-12T08:19:03.876+0000] {processor.py:153} INFO - Started process (PID=4747) to work on /home/melicharovykrecek/venv/lib/python3.9/site-packages/airflow/example_dags/example_branch_day_of_week_operator.py
[2023-03-12T08:19:03.878+0000] {processor.py:743} INFO - Processing file /home/melicharovykrecek/venv/lib/python3.9/site-packages/airflow/example_dags/example_branch_day_of_week_operator.py for tasks to queue
[2023-03-12T08:19:03.880+0000] {logging_mixin.py:137} INFO - [2023-03-12T08:19:03.880+0000] {dagbag.py:538} INFO - Filling up the DagBag from /home/melicharovykrecek/venv/lib/python3.9/site-packages/airflow/example_dags/example_branch_day_of_week_operator.py
[2023-03-12T08:19:03.902+0000] {processor.py:753} INFO - DAG(s) dict_keys(['example_weekday_branch_operator']) retrieved from /home/melicharovykrecek/venv/lib/python3.9/site-packages/airflow/example_dags/example_branch_day_of_week_operator.py
[2023-03-12T08:19:03.928+0000] {logging_mixin.py:137} INFO - [2023-03-12T08:19:03.928+0000] {dag.py:2690} INFO - Sync 1 DAGs
[2023-03-12T08:19:03.959+0000] {logging_mixin.py:137} INFO - [2023-03-12T08:19:03.959+0000] {dag.py:3437} INFO - Setting next_dagrun for example_weekday_branch_operator to 2023-03-11T00:00:00+00:00, run_after=2023-03-12T00:00:00+00:00
[2023-03-12T08:19:03.991+0000] {processor.py:175} INFO - Processing /home/melicharovykrecek/venv/lib/python3.9/site-packages/airflow/example_dags/example_branch_day_of_week_operator.py took 0.120 seconds
[2023-03-12T08:19:52.102+0000] {processor.py:153} INFO - Started process (PID=4793) to work on /home/melicharovykrecek/venv/lib/python3.9/site-packages/airflow/example_dags/example_branch_day_of_week_operator.py
[2023-03-12T08:19:52.104+0000] {processor.py:743} INFO - Processing file /home/melicharovykrecek/venv/lib/python3.9/site-packages/airflow/example_dags/example_branch_day_of_week_operator.py for tasks to queue
[2023-03-12T08:19:52.105+0000] {logging_mixin.py:137} INFO - [2023-03-12T08:19:52.105+0000] {dagbag.py:538} INFO - Filling up the DagBag from /home/melicharovykrecek/venv/lib/python3.9/site-packages/airflow/example_dags/example_branch_day_of_week_operator.py
[2023-03-12T08:19:52.126+0000] {processor.py:753} INFO - DAG(s) dict_keys(['example_weekday_branch_operator']) retrieved from /home/melicharovykrecek/venv/lib/python3.9/site-packages/airflow/example_dags/example_branch_day_of_week_operator.py
[2023-03-12T08:19:52.152+0000] {logging_mixin.py:137} INFO - [2023-03-12T08:19:52.152+0000] {dag.py:2690} INFO - Sync 1 DAGs
[2023-03-12T08:19:52.178+0000] {logging_mixin.py:137} INFO - [2023-03-12T08:19:52.178+0000] {dag.py:3437} INFO - Setting next_dagrun for example_weekday_branch_operator to 2023-03-11T00:00:00+00:00, run_after=2023-03-12T00:00:00+00:00
[2023-03-12T08:19:52.205+0000] {processor.py:175} INFO - Processing /home/melicharovykrecek/venv/lib/python3.9/site-packages/airflow/example_dags/example_branch_day_of_week_operator.py took 0.107 seconds
[2023-03-12T08:20:45.216+0000] {processor.py:153} INFO - Started process (PID=4851) to work on /home/melicharovykrecek/venv/lib/python3.9/site-packages/airflow/example_dags/example_branch_day_of_week_operator.py
[2023-03-12T08:20:45.218+0000] {processor.py:743} INFO - Processing file /home/melicharovykrecek/venv/lib/python3.9/site-packages/airflow/example_dags/example_branch_day_of_week_operator.py for tasks to queue
[2023-03-12T08:20:45.219+0000] {logging_mixin.py:137} INFO - [2023-03-12T08:20:45.219+0000] {dagbag.py:538} INFO - Filling up the DagBag from /home/melicharovykrecek/venv/lib/python3.9/site-packages/airflow/example_dags/example_branch_day_of_week_operator.py
[2023-03-12T08:20:45.240+0000] {processor.py:753} INFO - DAG(s) dict_keys(['example_weekday_branch_operator']) retrieved from /home/melicharovykrecek/venv/lib/python3.9/site-packages/airflow/example_dags/example_branch_day_of_week_operator.py
[2023-03-12T08:20:45.266+0000] {logging_mixin.py:137} INFO - [2023-03-12T08:20:45.266+0000] {dag.py:2690} INFO - Sync 1 DAGs
[2023-03-12T08:20:45.292+0000] {logging_mixin.py:137} INFO - [2023-03-12T08:20:45.292+0000] {dag.py:3437} INFO - Setting next_dagrun for example_weekday_branch_operator to 2023-03-11T00:00:00+00:00, run_after=2023-03-12T00:00:00+00:00
[2023-03-12T08:20:45.320+0000] {processor.py:175} INFO - Processing /home/melicharovykrecek/venv/lib/python3.9/site-packages/airflow/example_dags/example_branch_day_of_week_operator.py took 0.108 seconds
