[2023-03-12T07:30:49.617+0000] {processor.py:153} INFO - Started process (PID=1494) to work on /home/melicharovykrecek/venv/lib/python3.9/site-packages/airflow/example_dags/example_branch_labels.py
[2023-03-12T07:30:49.619+0000] {processor.py:743} INFO - Processing file /home/melicharovykrecek/venv/lib/python3.9/site-packages/airflow/example_dags/example_branch_labels.py for tasks to queue
[2023-03-12T07:30:49.620+0000] {logging_mixin.py:137} INFO - [2023-03-12T07:30:49.620+0000] {dagbag.py:538} INFO - Filling up the DagBag from /home/melicharovykrecek/venv/lib/python3.9/site-packages/airflow/example_dags/example_branch_labels.py
[2023-03-12T07:30:49.639+0000] {processor.py:753} INFO - DAG(s) dict_keys(['example_branch_labels']) retrieved from /home/melicharovykrecek/venv/lib/python3.9/site-packages/airflow/example_dags/example_branch_labels.py
[2023-03-12T07:30:49.664+0000] {logging_mixin.py:137} INFO - [2023-03-12T07:30:49.663+0000] {dag.py:2690} INFO - Sync 1 DAGs
[2023-03-12T07:30:49.688+0000] {logging_mixin.py:137} INFO - [2023-03-12T07:30:49.688+0000] {dag.py:3437} INFO - Setting next_dagrun for example_branch_labels to 2023-03-11T00:00:00+00:00, run_after=2023-03-12T00:00:00+00:00
[2023-03-12T07:30:49.719+0000] {processor.py:175} INFO - Processing /home/melicharovykrecek/venv/lib/python3.9/site-packages/airflow/example_dags/example_branch_labels.py took 0.106 seconds
[2023-03-12T07:31:30.281+0000] {processor.py:153} INFO - Started process (PID=1553) to work on /home/melicharovykrecek/venv/lib/python3.9/site-packages/airflow/example_dags/example_branch_labels.py
[2023-03-12T07:31:30.283+0000] {processor.py:743} INFO - Processing file /home/melicharovykrecek/venv/lib/python3.9/site-packages/airflow/example_dags/example_branch_labels.py for tasks to queue
[2023-03-12T07:31:30.284+0000] {logging_mixin.py:137} INFO - [2023-03-12T07:31:30.283+0000] {dagbag.py:538} INFO - Filling up the DagBag from /home/melicharovykrecek/venv/lib/python3.9/site-packages/airflow/example_dags/example_branch_labels.py
[2023-03-12T07:31:30.303+0000] {processor.py:753} INFO - DAG(s) dict_keys(['example_branch_labels']) retrieved from /home/melicharovykrecek/venv/lib/python3.9/site-packages/airflow/example_dags/example_branch_labels.py
[2023-03-12T07:31:30.327+0000] {logging_mixin.py:137} INFO - [2023-03-12T07:31:30.327+0000] {dag.py:2690} INFO - Sync 1 DAGs
[2023-03-12T07:31:30.351+0000] {logging_mixin.py:137} INFO - [2023-03-12T07:31:30.351+0000] {dag.py:3437} INFO - Setting next_dagrun for example_branch_labels to 2023-03-11T00:00:00+00:00, run_after=2023-03-12T00:00:00+00:00
[2023-03-12T07:31:30.378+0000] {processor.py:175} INFO - Processing /home/melicharovykrecek/venv/lib/python3.9/site-packages/airflow/example_dags/example_branch_labels.py took 0.102 seconds
[2023-03-12T07:32:17.267+0000] {processor.py:153} INFO - Started process (PID=1603) to work on /home/melicharovykrecek/venv/lib/python3.9/site-packages/airflow/example_dags/example_branch_labels.py
[2023-03-12T07:32:17.269+0000] {processor.py:743} INFO - Processing file /home/melicharovykrecek/venv/lib/python3.9/site-packages/airflow/example_dags/example_branch_labels.py for tasks to queue
[2023-03-12T07:32:17.270+0000] {logging_mixin.py:137} INFO - [2023-03-12T07:32:17.270+0000] {dagbag.py:538} INFO - Filling up the DagBag from /home/melicharovykrecek/venv/lib/python3.9/site-packages/airflow/example_dags/example_branch_labels.py
[2023-03-12T07:32:17.289+0000] {processor.py:753} INFO - DAG(s) dict_keys(['example_branch_labels']) retrieved from /home/melicharovykrecek/venv/lib/python3.9/site-packages/airflow/example_dags/example_branch_labels.py
[2023-03-12T07:32:17.314+0000] {logging_mixin.py:137} INFO - [2023-03-12T07:32:17.314+0000] {dag.py:2690} INFO - Sync 1 DAGs
[2023-03-12T07:32:17.340+0000] {logging_mixin.py:137} INFO - [2023-03-12T07:32:17.339+0000] {dag.py:3437} INFO - Setting next_dagrun for example_branch_labels to 2023-03-11T00:00:00+00:00, run_after=2023-03-12T00:00:00+00:00
[2023-03-12T07:32:17.365+0000] {processor.py:175} INFO - Processing /home/melicharovykrecek/venv/lib/python3.9/site-packages/airflow/example_dags/example_branch_labels.py took 0.102 seconds
[2023-03-12T07:33:06.672+0000] {processor.py:153} INFO - Started process (PID=1653) to work on /home/melicharovykrecek/venv/lib/python3.9/site-packages/airflow/example_dags/example_branch_labels.py
[2023-03-12T07:33:06.674+0000] {processor.py:743} INFO - Processing file /home/melicharovykrecek/venv/lib/python3.9/site-packages/airflow/example_dags/example_branch_labels.py for tasks to queue
[2023-03-12T07:33:06.675+0000] {logging_mixin.py:137} INFO - [2023-03-12T07:33:06.675+0000] {dagbag.py:538} INFO - Filling up the DagBag from /home/melicharovykrecek/venv/lib/python3.9/site-packages/airflow/example_dags/example_branch_labels.py
[2023-03-12T07:33:06.693+0000] {processor.py:753} INFO - DAG(s) dict_keys(['example_branch_labels']) retrieved from /home/melicharovykrecek/venv/lib/python3.9/site-packages/airflow/example_dags/example_branch_labels.py
[2023-03-12T07:33:06.717+0000] {logging_mixin.py:137} INFO - [2023-03-12T07:33:06.717+0000] {dag.py:2690} INFO - Sync 1 DAGs
[2023-03-12T07:33:06.741+0000] {logging_mixin.py:137} INFO - [2023-03-12T07:33:06.740+0000] {dag.py:3437} INFO - Setting next_dagrun for example_branch_labels to 2023-03-11T00:00:00+00:00, run_after=2023-03-12T00:00:00+00:00
[2023-03-12T07:33:06.765+0000] {processor.py:175} INFO - Processing /home/melicharovykrecek/venv/lib/python3.9/site-packages/airflow/example_dags/example_branch_labels.py took 0.097 seconds
[2023-03-12T07:33:47.413+0000] {processor.py:153} INFO - Started process (PID=1697) to work on /home/melicharovykrecek/venv/lib/python3.9/site-packages/airflow/example_dags/example_branch_labels.py
[2023-03-12T07:33:47.415+0000] {processor.py:743} INFO - Processing file /home/melicharovykrecek/venv/lib/python3.9/site-packages/airflow/example_dags/example_branch_labels.py for tasks to queue
[2023-03-12T07:33:47.416+0000] {logging_mixin.py:137} INFO - [2023-03-12T07:33:47.416+0000] {dagbag.py:538} INFO - Filling up the DagBag from /home/melicharovykrecek/venv/lib/python3.9/site-packages/airflow/example_dags/example_branch_labels.py
[2023-03-12T07:33:47.437+0000] {processor.py:753} INFO - DAG(s) dict_keys(['example_branch_labels']) retrieved from /home/melicharovykrecek/venv/lib/python3.9/site-packages/airflow/example_dags/example_branch_labels.py
[2023-03-12T07:33:47.464+0000] {logging_mixin.py:137} INFO - [2023-03-12T07:33:47.463+0000] {dag.py:2690} INFO - Sync 1 DAGs
[2023-03-12T07:33:47.489+0000] {logging_mixin.py:137} INFO - [2023-03-12T07:33:47.489+0000] {dag.py:3437} INFO - Setting next_dagrun for example_branch_labels to 2023-03-11T00:00:00+00:00, run_after=2023-03-12T00:00:00+00:00
[2023-03-12T07:33:47.514+0000] {processor.py:175} INFO - Processing /home/melicharovykrecek/venv/lib/python3.9/site-packages/airflow/example_dags/example_branch_labels.py took 0.105 seconds
[2023-03-12T07:34:38.582+0000] {processor.py:153} INFO - Started process (PID=1757) to work on /home/melicharovykrecek/venv/lib/python3.9/site-packages/airflow/example_dags/example_branch_labels.py
[2023-03-12T07:34:38.584+0000] {processor.py:743} INFO - Processing file /home/melicharovykrecek/venv/lib/python3.9/site-packages/airflow/example_dags/example_branch_labels.py for tasks to queue
[2023-03-12T07:34:38.585+0000] {logging_mixin.py:137} INFO - [2023-03-12T07:34:38.585+0000] {dagbag.py:538} INFO - Filling up the DagBag from /home/melicharovykrecek/venv/lib/python3.9/site-packages/airflow/example_dags/example_branch_labels.py
[2023-03-12T07:34:38.603+0000] {processor.py:753} INFO - DAG(s) dict_keys(['example_branch_labels']) retrieved from /home/melicharovykrecek/venv/lib/python3.9/site-packages/airflow/example_dags/example_branch_labels.py
[2023-03-12T07:34:38.627+0000] {logging_mixin.py:137} INFO - [2023-03-12T07:34:38.627+0000] {dag.py:2690} INFO - Sync 1 DAGs
[2023-03-12T07:34:38.649+0000] {logging_mixin.py:137} INFO - [2023-03-12T07:34:38.649+0000] {dag.py:3437} INFO - Setting next_dagrun for example_branch_labels to 2023-03-11T00:00:00+00:00, run_after=2023-03-12T00:00:00+00:00
[2023-03-12T07:34:38.674+0000] {processor.py:175} INFO - Processing /home/melicharovykrecek/venv/lib/python3.9/site-packages/airflow/example_dags/example_branch_labels.py took 0.096 seconds
[2023-03-12T07:35:26.720+0000] {processor.py:153} INFO - Started process (PID=1829) to work on /home/melicharovykrecek/venv/lib/python3.9/site-packages/airflow/example_dags/example_branch_labels.py
[2023-03-12T07:35:26.722+0000] {processor.py:743} INFO - Processing file /home/melicharovykrecek/venv/lib/python3.9/site-packages/airflow/example_dags/example_branch_labels.py for tasks to queue
[2023-03-12T07:35:26.723+0000] {logging_mixin.py:137} INFO - [2023-03-12T07:35:26.723+0000] {dagbag.py:538} INFO - Filling up the DagBag from /home/melicharovykrecek/venv/lib/python3.9/site-packages/airflow/example_dags/example_branch_labels.py
[2023-03-12T07:35:26.743+0000] {processor.py:753} INFO - DAG(s) dict_keys(['example_branch_labels']) retrieved from /home/melicharovykrecek/venv/lib/python3.9/site-packages/airflow/example_dags/example_branch_labels.py
[2023-03-12T07:35:26.768+0000] {logging_mixin.py:137} INFO - [2023-03-12T07:35:26.768+0000] {dag.py:2690} INFO - Sync 1 DAGs
[2023-03-12T07:35:26.796+0000] {logging_mixin.py:137} INFO - [2023-03-12T07:35:26.796+0000] {dag.py:3437} INFO - Setting next_dagrun for example_branch_labels to 2023-03-11T00:00:00+00:00, run_after=2023-03-12T00:00:00+00:00
[2023-03-12T07:35:26.822+0000] {processor.py:175} INFO - Processing /home/melicharovykrecek/venv/lib/python3.9/site-packages/airflow/example_dags/example_branch_labels.py took 0.106 seconds
[2023-03-12T07:36:16.713+0000] {processor.py:153} INFO - Started process (PID=1902) to work on /home/melicharovykrecek/venv/lib/python3.9/site-packages/airflow/example_dags/example_branch_labels.py
[2023-03-12T07:36:16.715+0000] {processor.py:743} INFO - Processing file /home/melicharovykrecek/venv/lib/python3.9/site-packages/airflow/example_dags/example_branch_labels.py for tasks to queue
[2023-03-12T07:36:16.716+0000] {logging_mixin.py:137} INFO - [2023-03-12T07:36:16.716+0000] {dagbag.py:538} INFO - Filling up the DagBag from /home/melicharovykrecek/venv/lib/python3.9/site-packages/airflow/example_dags/example_branch_labels.py
[2023-03-12T07:36:16.734+0000] {processor.py:753} INFO - DAG(s) dict_keys(['example_branch_labels']) retrieved from /home/melicharovykrecek/venv/lib/python3.9/site-packages/airflow/example_dags/example_branch_labels.py
[2023-03-12T07:36:16.758+0000] {logging_mixin.py:137} INFO - [2023-03-12T07:36:16.758+0000] {dag.py:2690} INFO - Sync 1 DAGs
[2023-03-12T07:36:16.783+0000] {logging_mixin.py:137} INFO - [2023-03-12T07:36:16.783+0000] {dag.py:3437} INFO - Setting next_dagrun for example_branch_labels to 2023-03-11T00:00:00+00:00, run_after=2023-03-12T00:00:00+00:00
[2023-03-12T07:36:16.808+0000] {processor.py:175} INFO - Processing /home/melicharovykrecek/venv/lib/python3.9/site-packages/airflow/example_dags/example_branch_labels.py took 0.100 seconds
[2023-03-12T07:37:05.636+0000] {processor.py:153} INFO - Started process (PID=1949) to work on /home/melicharovykrecek/venv/lib/python3.9/site-packages/airflow/example_dags/example_branch_labels.py
[2023-03-12T07:37:05.638+0000] {processor.py:743} INFO - Processing file /home/melicharovykrecek/venv/lib/python3.9/site-packages/airflow/example_dags/example_branch_labels.py for tasks to queue
[2023-03-12T07:37:05.639+0000] {logging_mixin.py:137} INFO - [2023-03-12T07:37:05.639+0000] {dagbag.py:538} INFO - Filling up the DagBag from /home/melicharovykrecek/venv/lib/python3.9/site-packages/airflow/example_dags/example_branch_labels.py
[2023-03-12T07:37:05.658+0000] {processor.py:753} INFO - DAG(s) dict_keys(['example_branch_labels']) retrieved from /home/melicharovykrecek/venv/lib/python3.9/site-packages/airflow/example_dags/example_branch_labels.py
[2023-03-12T07:37:05.683+0000] {logging_mixin.py:137} INFO - [2023-03-12T07:37:05.683+0000] {dag.py:2690} INFO - Sync 1 DAGs
[2023-03-12T07:37:05.707+0000] {logging_mixin.py:137} INFO - [2023-03-12T07:37:05.707+0000] {dag.py:3437} INFO - Setting next_dagrun for example_branch_labels to 2023-03-11T00:00:00+00:00, run_after=2023-03-12T00:00:00+00:00
[2023-03-12T07:37:05.733+0000] {processor.py:175} INFO - Processing /home/melicharovykrecek/venv/lib/python3.9/site-packages/airflow/example_dags/example_branch_labels.py took 0.101 seconds
[2023-03-12T07:37:51.038+0000] {processor.py:153} INFO - Started process (PID=1998) to work on /home/melicharovykrecek/venv/lib/python3.9/site-packages/airflow/example_dags/example_branch_labels.py
[2023-03-12T07:37:51.040+0000] {processor.py:743} INFO - Processing file /home/melicharovykrecek/venv/lib/python3.9/site-packages/airflow/example_dags/example_branch_labels.py for tasks to queue
[2023-03-12T07:37:51.041+0000] {logging_mixin.py:137} INFO - [2023-03-12T07:37:51.040+0000] {dagbag.py:538} INFO - Filling up the DagBag from /home/melicharovykrecek/venv/lib/python3.9/site-packages/airflow/example_dags/example_branch_labels.py
[2023-03-12T07:37:51.060+0000] {processor.py:753} INFO - DAG(s) dict_keys(['example_branch_labels']) retrieved from /home/melicharovykrecek/venv/lib/python3.9/site-packages/airflow/example_dags/example_branch_labels.py
[2023-03-12T07:37:51.085+0000] {logging_mixin.py:137} INFO - [2023-03-12T07:37:51.085+0000] {dag.py:2690} INFO - Sync 1 DAGs
[2023-03-12T07:37:51.110+0000] {logging_mixin.py:137} INFO - [2023-03-12T07:37:51.109+0000] {dag.py:3437} INFO - Setting next_dagrun for example_branch_labels to 2023-03-11T00:00:00+00:00, run_after=2023-03-12T00:00:00+00:00
[2023-03-12T07:37:51.136+0000] {processor.py:175} INFO - Processing /home/melicharovykrecek/venv/lib/python3.9/site-packages/airflow/example_dags/example_branch_labels.py took 0.103 seconds
[2023-03-12T07:38:40.902+0000] {processor.py:153} INFO - Started process (PID=2046) to work on /home/melicharovykrecek/venv/lib/python3.9/site-packages/airflow/example_dags/example_branch_labels.py
[2023-03-12T07:38:40.904+0000] {processor.py:743} INFO - Processing file /home/melicharovykrecek/venv/lib/python3.9/site-packages/airflow/example_dags/example_branch_labels.py for tasks to queue
[2023-03-12T07:38:40.905+0000] {logging_mixin.py:137} INFO - [2023-03-12T07:38:40.905+0000] {dagbag.py:538} INFO - Filling up the DagBag from /home/melicharovykrecek/venv/lib/python3.9/site-packages/airflow/example_dags/example_branch_labels.py
[2023-03-12T07:38:40.924+0000] {processor.py:753} INFO - DAG(s) dict_keys(['example_branch_labels']) retrieved from /home/melicharovykrecek/venv/lib/python3.9/site-packages/airflow/example_dags/example_branch_labels.py
[2023-03-12T07:38:40.949+0000] {logging_mixin.py:137} INFO - [2023-03-12T07:38:40.949+0000] {dag.py:2690} INFO - Sync 1 DAGs
[2023-03-12T07:38:40.974+0000] {logging_mixin.py:137} INFO - [2023-03-12T07:38:40.974+0000] {dag.py:3437} INFO - Setting next_dagrun for example_branch_labels to 2023-03-11T00:00:00+00:00, run_after=2023-03-12T00:00:00+00:00
[2023-03-12T07:38:41.003+0000] {processor.py:175} INFO - Processing /home/melicharovykrecek/venv/lib/python3.9/site-packages/airflow/example_dags/example_branch_labels.py took 0.105 seconds
[2023-03-12T07:39:30.914+0000] {processor.py:153} INFO - Started process (PID=2105) to work on /home/melicharovykrecek/venv/lib/python3.9/site-packages/airflow/example_dags/example_branch_labels.py
[2023-03-12T07:39:30.918+0000] {processor.py:743} INFO - Processing file /home/melicharovykrecek/venv/lib/python3.9/site-packages/airflow/example_dags/example_branch_labels.py for tasks to queue
[2023-03-12T07:39:30.919+0000] {logging_mixin.py:137} INFO - [2023-03-12T07:39:30.919+0000] {dagbag.py:538} INFO - Filling up the DagBag from /home/melicharovykrecek/venv/lib/python3.9/site-packages/airflow/example_dags/example_branch_labels.py
[2023-03-12T07:39:30.939+0000] {processor.py:753} INFO - DAG(s) dict_keys(['example_branch_labels']) retrieved from /home/melicharovykrecek/venv/lib/python3.9/site-packages/airflow/example_dags/example_branch_labels.py
[2023-03-12T07:39:30.965+0000] {logging_mixin.py:137} INFO - [2023-03-12T07:39:30.965+0000] {dag.py:2690} INFO - Sync 1 DAGs
[2023-03-12T07:39:30.993+0000] {logging_mixin.py:137} INFO - [2023-03-12T07:39:30.992+0000] {dag.py:3437} INFO - Setting next_dagrun for example_branch_labels to 2023-03-11T00:00:00+00:00, run_after=2023-03-12T00:00:00+00:00
[2023-03-12T07:39:31.020+0000] {processor.py:175} INFO - Processing /home/melicharovykrecek/venv/lib/python3.9/site-packages/airflow/example_dags/example_branch_labels.py took 0.111 seconds
[2023-03-12T07:40:15.334+0000] {processor.py:153} INFO - Started process (PID=2175) to work on /home/melicharovykrecek/venv/lib/python3.9/site-packages/airflow/example_dags/example_branch_labels.py
[2023-03-12T07:40:15.336+0000] {processor.py:743} INFO - Processing file /home/melicharovykrecek/venv/lib/python3.9/site-packages/airflow/example_dags/example_branch_labels.py for tasks to queue
[2023-03-12T07:40:15.337+0000] {logging_mixin.py:137} INFO - [2023-03-12T07:40:15.337+0000] {dagbag.py:538} INFO - Filling up the DagBag from /home/melicharovykrecek/venv/lib/python3.9/site-packages/airflow/example_dags/example_branch_labels.py
[2023-03-12T07:40:15.356+0000] {processor.py:753} INFO - DAG(s) dict_keys(['example_branch_labels']) retrieved from /home/melicharovykrecek/venv/lib/python3.9/site-packages/airflow/example_dags/example_branch_labels.py
[2023-03-12T07:40:15.384+0000] {logging_mixin.py:137} INFO - [2023-03-12T07:40:15.384+0000] {dag.py:2690} INFO - Sync 1 DAGs
[2023-03-12T07:40:15.410+0000] {logging_mixin.py:137} INFO - [2023-03-12T07:40:15.409+0000] {dag.py:3437} INFO - Setting next_dagrun for example_branch_labels to 2023-03-11T00:00:00+00:00, run_after=2023-03-12T00:00:00+00:00
[2023-03-12T07:40:15.437+0000] {processor.py:175} INFO - Processing /home/melicharovykrecek/venv/lib/python3.9/site-packages/airflow/example_dags/example_branch_labels.py took 0.107 seconds
[2023-03-12T07:41:05.085+0000] {processor.py:153} INFO - Started process (PID=2250) to work on /home/melicharovykrecek/venv/lib/python3.9/site-packages/airflow/example_dags/example_branch_labels.py
[2023-03-12T07:41:05.087+0000] {processor.py:743} INFO - Processing file /home/melicharovykrecek/venv/lib/python3.9/site-packages/airflow/example_dags/example_branch_labels.py for tasks to queue
[2023-03-12T07:41:05.088+0000] {logging_mixin.py:137} INFO - [2023-03-12T07:41:05.088+0000] {dagbag.py:538} INFO - Filling up the DagBag from /home/melicharovykrecek/venv/lib/python3.9/site-packages/airflow/example_dags/example_branch_labels.py
[2023-03-12T07:41:05.109+0000] {processor.py:753} INFO - DAG(s) dict_keys(['example_branch_labels']) retrieved from /home/melicharovykrecek/venv/lib/python3.9/site-packages/airflow/example_dags/example_branch_labels.py
[2023-03-12T07:41:05.137+0000] {logging_mixin.py:137} INFO - [2023-03-12T07:41:05.137+0000] {dag.py:2690} INFO - Sync 1 DAGs
[2023-03-12T07:41:05.166+0000] {logging_mixin.py:137} INFO - [2023-03-12T07:41:05.166+0000] {dag.py:3437} INFO - Setting next_dagrun for example_branch_labels to 2023-03-11T00:00:00+00:00, run_after=2023-03-12T00:00:00+00:00
[2023-03-12T07:41:05.196+0000] {processor.py:175} INFO - Processing /home/melicharovykrecek/venv/lib/python3.9/site-packages/airflow/example_dags/example_branch_labels.py took 0.116 seconds
[2023-03-12T07:41:50.347+0000] {processor.py:153} INFO - Started process (PID=2295) to work on /home/melicharovykrecek/venv/lib/python3.9/site-packages/airflow/example_dags/example_branch_labels.py
[2023-03-12T07:41:50.349+0000] {processor.py:743} INFO - Processing file /home/melicharovykrecek/venv/lib/python3.9/site-packages/airflow/example_dags/example_branch_labels.py for tasks to queue
[2023-03-12T07:41:50.350+0000] {logging_mixin.py:137} INFO - [2023-03-12T07:41:50.350+0000] {dagbag.py:538} INFO - Filling up the DagBag from /home/melicharovykrecek/venv/lib/python3.9/site-packages/airflow/example_dags/example_branch_labels.py
[2023-03-12T07:41:50.370+0000] {processor.py:753} INFO - DAG(s) dict_keys(['example_branch_labels']) retrieved from /home/melicharovykrecek/venv/lib/python3.9/site-packages/airflow/example_dags/example_branch_labels.py
[2023-03-12T07:41:50.398+0000] {logging_mixin.py:137} INFO - [2023-03-12T07:41:50.398+0000] {dag.py:2690} INFO - Sync 1 DAGs
[2023-03-12T07:41:50.426+0000] {logging_mixin.py:137} INFO - [2023-03-12T07:41:50.426+0000] {dag.py:3437} INFO - Setting next_dagrun for example_branch_labels to 2023-03-11T00:00:00+00:00, run_after=2023-03-12T00:00:00+00:00
[2023-03-12T07:41:50.457+0000] {processor.py:175} INFO - Processing /home/melicharovykrecek/venv/lib/python3.9/site-packages/airflow/example_dags/example_branch_labels.py took 0.115 seconds
[2023-03-12T07:42:35.725+0000] {processor.py:153} INFO - Started process (PID=2340) to work on /home/melicharovykrecek/venv/lib/python3.9/site-packages/airflow/example_dags/example_branch_labels.py
[2023-03-12T07:42:35.727+0000] {processor.py:743} INFO - Processing file /home/melicharovykrecek/venv/lib/python3.9/site-packages/airflow/example_dags/example_branch_labels.py for tasks to queue
[2023-03-12T07:42:35.728+0000] {logging_mixin.py:137} INFO - [2023-03-12T07:42:35.728+0000] {dagbag.py:538} INFO - Filling up the DagBag from /home/melicharovykrecek/venv/lib/python3.9/site-packages/airflow/example_dags/example_branch_labels.py
[2023-03-12T07:42:35.748+0000] {processor.py:753} INFO - DAG(s) dict_keys(['example_branch_labels']) retrieved from /home/melicharovykrecek/venv/lib/python3.9/site-packages/airflow/example_dags/example_branch_labels.py
[2023-03-12T07:42:35.774+0000] {logging_mixin.py:137} INFO - [2023-03-12T07:42:35.773+0000] {dag.py:2690} INFO - Sync 1 DAGs
[2023-03-12T07:42:35.801+0000] {logging_mixin.py:137} INFO - [2023-03-12T07:42:35.801+0000] {dag.py:3437} INFO - Setting next_dagrun for example_branch_labels to 2023-03-11T00:00:00+00:00, run_after=2023-03-12T00:00:00+00:00
[2023-03-12T07:42:35.830+0000] {processor.py:175} INFO - Processing /home/melicharovykrecek/venv/lib/python3.9/site-packages/airflow/example_dags/example_branch_labels.py took 0.110 seconds
[2023-03-12T07:43:23.759+0000] {processor.py:153} INFO - Started process (PID=2390) to work on /home/melicharovykrecek/venv/lib/python3.9/site-packages/airflow/example_dags/example_branch_labels.py
[2023-03-12T07:43:23.761+0000] {processor.py:743} INFO - Processing file /home/melicharovykrecek/venv/lib/python3.9/site-packages/airflow/example_dags/example_branch_labels.py for tasks to queue
[2023-03-12T07:43:23.762+0000] {logging_mixin.py:137} INFO - [2023-03-12T07:43:23.762+0000] {dagbag.py:538} INFO - Filling up the DagBag from /home/melicharovykrecek/venv/lib/python3.9/site-packages/airflow/example_dags/example_branch_labels.py
[2023-03-12T07:43:23.782+0000] {processor.py:753} INFO - DAG(s) dict_keys(['example_branch_labels']) retrieved from /home/melicharovykrecek/venv/lib/python3.9/site-packages/airflow/example_dags/example_branch_labels.py
[2023-03-12T07:43:23.808+0000] {logging_mixin.py:137} INFO - [2023-03-12T07:43:23.808+0000] {dag.py:2690} INFO - Sync 1 DAGs
[2023-03-12T07:43:23.835+0000] {logging_mixin.py:137} INFO - [2023-03-12T07:43:23.835+0000] {dag.py:3437} INFO - Setting next_dagrun for example_branch_labels to 2023-03-11T00:00:00+00:00, run_after=2023-03-12T00:00:00+00:00
[2023-03-12T07:43:23.864+0000] {processor.py:175} INFO - Processing /home/melicharovykrecek/venv/lib/python3.9/site-packages/airflow/example_dags/example_branch_labels.py took 0.110 seconds
[2023-03-12T07:44:14.268+0000] {processor.py:153} INFO - Started process (PID=2457) to work on /home/melicharovykrecek/venv/lib/python3.9/site-packages/airflow/example_dags/example_branch_labels.py
[2023-03-12T07:44:14.270+0000] {processor.py:743} INFO - Processing file /home/melicharovykrecek/venv/lib/python3.9/site-packages/airflow/example_dags/example_branch_labels.py for tasks to queue
[2023-03-12T07:44:14.271+0000] {logging_mixin.py:137} INFO - [2023-03-12T07:44:14.271+0000] {dagbag.py:538} INFO - Filling up the DagBag from /home/melicharovykrecek/venv/lib/python3.9/site-packages/airflow/example_dags/example_branch_labels.py
[2023-03-12T07:44:14.291+0000] {processor.py:753} INFO - DAG(s) dict_keys(['example_branch_labels']) retrieved from /home/melicharovykrecek/venv/lib/python3.9/site-packages/airflow/example_dags/example_branch_labels.py
[2023-03-12T07:44:14.318+0000] {logging_mixin.py:137} INFO - [2023-03-12T07:44:14.318+0000] {dag.py:2690} INFO - Sync 1 DAGs
[2023-03-12T07:44:14.343+0000] {logging_mixin.py:137} INFO - [2023-03-12T07:44:14.342+0000] {dag.py:3437} INFO - Setting next_dagrun for example_branch_labels to 2023-03-11T00:00:00+00:00, run_after=2023-03-12T00:00:00+00:00
[2023-03-12T07:44:14.373+0000] {processor.py:175} INFO - Processing /home/melicharovykrecek/venv/lib/python3.9/site-packages/airflow/example_dags/example_branch_labels.py took 0.109 seconds
[2023-03-12T07:45:03.785+0000] {processor.py:153} INFO - Started process (PID=2508) to work on /home/melicharovykrecek/venv/lib/python3.9/site-packages/airflow/example_dags/example_branch_labels.py
[2023-03-12T07:45:03.787+0000] {processor.py:743} INFO - Processing file /home/melicharovykrecek/venv/lib/python3.9/site-packages/airflow/example_dags/example_branch_labels.py for tasks to queue
[2023-03-12T07:45:03.788+0000] {logging_mixin.py:137} INFO - [2023-03-12T07:45:03.788+0000] {dagbag.py:538} INFO - Filling up the DagBag from /home/melicharovykrecek/venv/lib/python3.9/site-packages/airflow/example_dags/example_branch_labels.py
[2023-03-12T07:45:03.810+0000] {processor.py:753} INFO - DAG(s) dict_keys(['example_branch_labels']) retrieved from /home/melicharovykrecek/venv/lib/python3.9/site-packages/airflow/example_dags/example_branch_labels.py
[2023-03-12T07:45:03.838+0000] {logging_mixin.py:137} INFO - [2023-03-12T07:45:03.838+0000] {dag.py:2690} INFO - Sync 1 DAGs
[2023-03-12T07:45:03.866+0000] {logging_mixin.py:137} INFO - [2023-03-12T07:45:03.866+0000] {dag.py:3437} INFO - Setting next_dagrun for example_branch_labels to 2023-03-11T00:00:00+00:00, run_after=2023-03-12T00:00:00+00:00
[2023-03-12T07:45:03.894+0000] {processor.py:175} INFO - Processing /home/melicharovykrecek/venv/lib/python3.9/site-packages/airflow/example_dags/example_branch_labels.py took 0.114 seconds
[2023-03-12T07:45:48.018+0000] {processor.py:153} INFO - Started process (PID=2616) to work on /home/melicharovykrecek/venv/lib/python3.9/site-packages/airflow/example_dags/example_branch_labels.py
[2023-03-12T07:45:48.020+0000] {processor.py:743} INFO - Processing file /home/melicharovykrecek/venv/lib/python3.9/site-packages/airflow/example_dags/example_branch_labels.py for tasks to queue
[2023-03-12T07:45:48.021+0000] {logging_mixin.py:137} INFO - [2023-03-12T07:45:48.021+0000] {dagbag.py:538} INFO - Filling up the DagBag from /home/melicharovykrecek/venv/lib/python3.9/site-packages/airflow/example_dags/example_branch_labels.py
[2023-03-12T07:45:48.041+0000] {processor.py:753} INFO - DAG(s) dict_keys(['example_branch_labels']) retrieved from /home/melicharovykrecek/venv/lib/python3.9/site-packages/airflow/example_dags/example_branch_labels.py
[2023-03-12T07:45:48.067+0000] {logging_mixin.py:137} INFO - [2023-03-12T07:45:48.066+0000] {dag.py:2690} INFO - Sync 1 DAGs
[2023-03-12T07:45:48.092+0000] {logging_mixin.py:137} INFO - [2023-03-12T07:45:48.092+0000] {dag.py:3437} INFO - Setting next_dagrun for example_branch_labels to 2023-03-11T00:00:00+00:00, run_after=2023-03-12T00:00:00+00:00
[2023-03-12T07:45:48.120+0000] {processor.py:175} INFO - Processing /home/melicharovykrecek/venv/lib/python3.9/site-packages/airflow/example_dags/example_branch_labels.py took 0.107 seconds
[2023-03-12T07:46:37.809+0000] {processor.py:153} INFO - Started process (PID=2676) to work on /home/melicharovykrecek/venv/lib/python3.9/site-packages/airflow/example_dags/example_branch_labels.py
[2023-03-12T07:46:37.811+0000] {processor.py:743} INFO - Processing file /home/melicharovykrecek/venv/lib/python3.9/site-packages/airflow/example_dags/example_branch_labels.py for tasks to queue
[2023-03-12T07:46:37.812+0000] {logging_mixin.py:137} INFO - [2023-03-12T07:46:37.812+0000] {dagbag.py:538} INFO - Filling up the DagBag from /home/melicharovykrecek/venv/lib/python3.9/site-packages/airflow/example_dags/example_branch_labels.py
[2023-03-12T07:46:37.833+0000] {processor.py:753} INFO - DAG(s) dict_keys(['example_branch_labels']) retrieved from /home/melicharovykrecek/venv/lib/python3.9/site-packages/airflow/example_dags/example_branch_labels.py
[2023-03-12T07:46:37.859+0000] {logging_mixin.py:137} INFO - [2023-03-12T07:46:37.858+0000] {dag.py:2690} INFO - Sync 1 DAGs
[2023-03-12T07:46:37.884+0000] {logging_mixin.py:137} INFO - [2023-03-12T07:46:37.884+0000] {dag.py:3437} INFO - Setting next_dagrun for example_branch_labels to 2023-03-11T00:00:00+00:00, run_after=2023-03-12T00:00:00+00:00
[2023-03-12T07:46:37.909+0000] {processor.py:175} INFO - Processing /home/melicharovykrecek/venv/lib/python3.9/site-packages/airflow/example_dags/example_branch_labels.py took 0.105 seconds
[2023-03-12T07:47:24.407+0000] {processor.py:153} INFO - Started process (PID=2721) to work on /home/melicharovykrecek/venv/lib/python3.9/site-packages/airflow/example_dags/example_branch_labels.py
[2023-03-12T07:47:24.409+0000] {processor.py:743} INFO - Processing file /home/melicharovykrecek/venv/lib/python3.9/site-packages/airflow/example_dags/example_branch_labels.py for tasks to queue
[2023-03-12T07:47:24.411+0000] {logging_mixin.py:137} INFO - [2023-03-12T07:47:24.411+0000] {dagbag.py:538} INFO - Filling up the DagBag from /home/melicharovykrecek/venv/lib/python3.9/site-packages/airflow/example_dags/example_branch_labels.py
[2023-03-12T07:47:24.429+0000] {processor.py:753} INFO - DAG(s) dict_keys(['example_branch_labels']) retrieved from /home/melicharovykrecek/venv/lib/python3.9/site-packages/airflow/example_dags/example_branch_labels.py
[2023-03-12T07:47:24.457+0000] {logging_mixin.py:137} INFO - [2023-03-12T07:47:24.457+0000] {dag.py:2690} INFO - Sync 1 DAGs
[2023-03-12T07:47:24.482+0000] {logging_mixin.py:137} INFO - [2023-03-12T07:47:24.482+0000] {dag.py:3437} INFO - Setting next_dagrun for example_branch_labels to 2023-03-11T00:00:00+00:00, run_after=2023-03-12T00:00:00+00:00
[2023-03-12T07:47:24.507+0000] {processor.py:175} INFO - Processing /home/melicharovykrecek/venv/lib/python3.9/site-packages/airflow/example_dags/example_branch_labels.py took 0.104 seconds
[2023-03-12T07:48:11.511+0000] {processor.py:153} INFO - Started process (PID=2769) to work on /home/melicharovykrecek/venv/lib/python3.9/site-packages/airflow/example_dags/example_branch_labels.py
[2023-03-12T07:48:11.513+0000] {processor.py:743} INFO - Processing file /home/melicharovykrecek/venv/lib/python3.9/site-packages/airflow/example_dags/example_branch_labels.py for tasks to queue
[2023-03-12T07:48:11.514+0000] {logging_mixin.py:137} INFO - [2023-03-12T07:48:11.514+0000] {dagbag.py:538} INFO - Filling up the DagBag from /home/melicharovykrecek/venv/lib/python3.9/site-packages/airflow/example_dags/example_branch_labels.py
[2023-03-12T07:48:11.535+0000] {processor.py:753} INFO - DAG(s) dict_keys(['example_branch_labels']) retrieved from /home/melicharovykrecek/venv/lib/python3.9/site-packages/airflow/example_dags/example_branch_labels.py
[2023-03-12T07:48:11.561+0000] {logging_mixin.py:137} INFO - [2023-03-12T07:48:11.561+0000] {dag.py:2690} INFO - Sync 1 DAGs
[2023-03-12T07:48:11.587+0000] {logging_mixin.py:137} INFO - [2023-03-12T07:48:11.587+0000] {dag.py:3437} INFO - Setting next_dagrun for example_branch_labels to 2023-03-11T00:00:00+00:00, run_after=2023-03-12T00:00:00+00:00
[2023-03-12T07:48:11.617+0000] {processor.py:175} INFO - Processing /home/melicharovykrecek/venv/lib/python3.9/site-packages/airflow/example_dags/example_branch_labels.py took 0.110 seconds
[2023-03-12T07:48:54.594+0000] {processor.py:153} INFO - Started process (PID=2811) to work on /home/melicharovykrecek/venv/lib/python3.9/site-packages/airflow/example_dags/example_branch_labels.py
[2023-03-12T07:48:54.596+0000] {processor.py:743} INFO - Processing file /home/melicharovykrecek/venv/lib/python3.9/site-packages/airflow/example_dags/example_branch_labels.py for tasks to queue
[2023-03-12T07:48:54.597+0000] {logging_mixin.py:137} INFO - [2023-03-12T07:48:54.597+0000] {dagbag.py:538} INFO - Filling up the DagBag from /home/melicharovykrecek/venv/lib/python3.9/site-packages/airflow/example_dags/example_branch_labels.py
[2023-03-12T07:48:54.618+0000] {processor.py:753} INFO - DAG(s) dict_keys(['example_branch_labels']) retrieved from /home/melicharovykrecek/venv/lib/python3.9/site-packages/airflow/example_dags/example_branch_labels.py
[2023-03-12T07:48:54.645+0000] {logging_mixin.py:137} INFO - [2023-03-12T07:48:54.644+0000] {dag.py:2690} INFO - Sync 1 DAGs
[2023-03-12T07:48:54.671+0000] {logging_mixin.py:137} INFO - [2023-03-12T07:48:54.671+0000] {dag.py:3437} INFO - Setting next_dagrun for example_branch_labels to 2023-03-11T00:00:00+00:00, run_after=2023-03-12T00:00:00+00:00
[2023-03-12T07:48:54.700+0000] {processor.py:175} INFO - Processing /home/melicharovykrecek/venv/lib/python3.9/site-packages/airflow/example_dags/example_branch_labels.py took 0.110 seconds
[2023-03-12T07:49:41.160+0000] {processor.py:153} INFO - Started process (PID=2856) to work on /home/melicharovykrecek/venv/lib/python3.9/site-packages/airflow/example_dags/example_branch_labels.py
[2023-03-12T07:49:41.162+0000] {processor.py:743} INFO - Processing file /home/melicharovykrecek/venv/lib/python3.9/site-packages/airflow/example_dags/example_branch_labels.py for tasks to queue
[2023-03-12T07:49:41.163+0000] {logging_mixin.py:137} INFO - [2023-03-12T07:49:41.163+0000] {dagbag.py:538} INFO - Filling up the DagBag from /home/melicharovykrecek/venv/lib/python3.9/site-packages/airflow/example_dags/example_branch_labels.py
[2023-03-12T07:49:41.183+0000] {processor.py:753} INFO - DAG(s) dict_keys(['example_branch_labels']) retrieved from /home/melicharovykrecek/venv/lib/python3.9/site-packages/airflow/example_dags/example_branch_labels.py
[2023-03-12T07:49:41.209+0000] {logging_mixin.py:137} INFO - [2023-03-12T07:49:41.209+0000] {dag.py:2690} INFO - Sync 1 DAGs
[2023-03-12T07:49:41.238+0000] {logging_mixin.py:137} INFO - [2023-03-12T07:49:41.237+0000] {dag.py:3437} INFO - Setting next_dagrun for example_branch_labels to 2023-03-11T00:00:00+00:00, run_after=2023-03-12T00:00:00+00:00
[2023-03-12T07:49:41.265+0000] {processor.py:175} INFO - Processing /home/melicharovykrecek/venv/lib/python3.9/site-packages/airflow/example_dags/example_branch_labels.py took 0.109 seconds
[2023-03-12T07:50:24.822+0000] {processor.py:153} INFO - Started process (PID=2902) to work on /home/melicharovykrecek/venv/lib/python3.9/site-packages/airflow/example_dags/example_branch_labels.py
[2023-03-12T07:50:24.824+0000] {processor.py:743} INFO - Processing file /home/melicharovykrecek/venv/lib/python3.9/site-packages/airflow/example_dags/example_branch_labels.py for tasks to queue
[2023-03-12T07:50:24.825+0000] {logging_mixin.py:137} INFO - [2023-03-12T07:50:24.825+0000] {dagbag.py:538} INFO - Filling up the DagBag from /home/melicharovykrecek/venv/lib/python3.9/site-packages/airflow/example_dags/example_branch_labels.py
[2023-03-12T07:50:24.844+0000] {processor.py:753} INFO - DAG(s) dict_keys(['example_branch_labels']) retrieved from /home/melicharovykrecek/venv/lib/python3.9/site-packages/airflow/example_dags/example_branch_labels.py
[2023-03-12T07:50:24.870+0000] {logging_mixin.py:137} INFO - [2023-03-12T07:50:24.869+0000] {dag.py:2690} INFO - Sync 1 DAGs
[2023-03-12T07:50:24.895+0000] {logging_mixin.py:137} INFO - [2023-03-12T07:50:24.895+0000] {dag.py:3437} INFO - Setting next_dagrun for example_branch_labels to 2023-03-11T00:00:00+00:00, run_after=2023-03-12T00:00:00+00:00
[2023-03-12T07:50:24.922+0000] {processor.py:175} INFO - Processing /home/melicharovykrecek/venv/lib/python3.9/site-packages/airflow/example_dags/example_branch_labels.py took 0.105 seconds
[2023-03-12T07:51:08.328+0000] {processor.py:153} INFO - Started process (PID=2950) to work on /home/melicharovykrecek/venv/lib/python3.9/site-packages/airflow/example_dags/example_branch_labels.py
[2023-03-12T07:51:08.330+0000] {processor.py:743} INFO - Processing file /home/melicharovykrecek/venv/lib/python3.9/site-packages/airflow/example_dags/example_branch_labels.py for tasks to queue
[2023-03-12T07:51:08.332+0000] {logging_mixin.py:137} INFO - [2023-03-12T07:51:08.332+0000] {dagbag.py:538} INFO - Filling up the DagBag from /home/melicharovykrecek/venv/lib/python3.9/site-packages/airflow/example_dags/example_branch_labels.py
[2023-03-12T07:51:08.351+0000] {processor.py:753} INFO - DAG(s) dict_keys(['example_branch_labels']) retrieved from /home/melicharovykrecek/venv/lib/python3.9/site-packages/airflow/example_dags/example_branch_labels.py
[2023-03-12T07:51:08.377+0000] {logging_mixin.py:137} INFO - [2023-03-12T07:51:08.377+0000] {dag.py:2690} INFO - Sync 1 DAGs
[2023-03-12T07:51:08.404+0000] {logging_mixin.py:137} INFO - [2023-03-12T07:51:08.404+0000] {dag.py:3437} INFO - Setting next_dagrun for example_branch_labels to 2023-03-11T00:00:00+00:00, run_after=2023-03-12T00:00:00+00:00
[2023-03-12T07:51:08.432+0000] {processor.py:175} INFO - Processing /home/melicharovykrecek/venv/lib/python3.9/site-packages/airflow/example_dags/example_branch_labels.py took 0.109 seconds
[2023-03-12T07:51:59.402+0000] {processor.py:153} INFO - Started process (PID=2998) to work on /home/melicharovykrecek/venv/lib/python3.9/site-packages/airflow/example_dags/example_branch_labels.py
[2023-03-12T07:51:59.404+0000] {processor.py:743} INFO - Processing file /home/melicharovykrecek/venv/lib/python3.9/site-packages/airflow/example_dags/example_branch_labels.py for tasks to queue
[2023-03-12T07:51:59.405+0000] {logging_mixin.py:137} INFO - [2023-03-12T07:51:59.404+0000] {dagbag.py:538} INFO - Filling up the DagBag from /home/melicharovykrecek/venv/lib/python3.9/site-packages/airflow/example_dags/example_branch_labels.py
[2023-03-12T07:51:59.424+0000] {processor.py:753} INFO - DAG(s) dict_keys(['example_branch_labels']) retrieved from /home/melicharovykrecek/venv/lib/python3.9/site-packages/airflow/example_dags/example_branch_labels.py
[2023-03-12T07:51:59.450+0000] {logging_mixin.py:137} INFO - [2023-03-12T07:51:59.450+0000] {dag.py:2690} INFO - Sync 1 DAGs
[2023-03-12T07:51:59.475+0000] {logging_mixin.py:137} INFO - [2023-03-12T07:51:59.475+0000] {dag.py:3437} INFO - Setting next_dagrun for example_branch_labels to 2023-03-11T00:00:00+00:00, run_after=2023-03-12T00:00:00+00:00
[2023-03-12T07:51:59.502+0000] {processor.py:175} INFO - Processing /home/melicharovykrecek/venv/lib/python3.9/site-packages/airflow/example_dags/example_branch_labels.py took 0.105 seconds
[2023-03-12T07:52:43.935+0000] {processor.py:153} INFO - Started process (PID=3043) to work on /home/melicharovykrecek/venv/lib/python3.9/site-packages/airflow/example_dags/example_branch_labels.py
[2023-03-12T07:52:43.937+0000] {processor.py:743} INFO - Processing file /home/melicharovykrecek/venv/lib/python3.9/site-packages/airflow/example_dags/example_branch_labels.py for tasks to queue
[2023-03-12T07:52:43.938+0000] {logging_mixin.py:137} INFO - [2023-03-12T07:52:43.938+0000] {dagbag.py:538} INFO - Filling up the DagBag from /home/melicharovykrecek/venv/lib/python3.9/site-packages/airflow/example_dags/example_branch_labels.py
[2023-03-12T07:52:43.959+0000] {processor.py:753} INFO - DAG(s) dict_keys(['example_branch_labels']) retrieved from /home/melicharovykrecek/venv/lib/python3.9/site-packages/airflow/example_dags/example_branch_labels.py
[2023-03-12T07:52:43.986+0000] {logging_mixin.py:137} INFO - [2023-03-12T07:52:43.986+0000] {dag.py:2690} INFO - Sync 1 DAGs
[2023-03-12T07:52:44.011+0000] {logging_mixin.py:137} INFO - [2023-03-12T07:52:44.011+0000] {dag.py:3437} INFO - Setting next_dagrun for example_branch_labels to 2023-03-11T00:00:00+00:00, run_after=2023-03-12T00:00:00+00:00
[2023-03-12T07:52:44.039+0000] {processor.py:175} INFO - Processing /home/melicharovykrecek/venv/lib/python3.9/site-packages/airflow/example_dags/example_branch_labels.py took 0.108 seconds
[2023-03-12T07:53:27.216+0000] {processor.py:153} INFO - Started process (PID=3085) to work on /home/melicharovykrecek/venv/lib/python3.9/site-packages/airflow/example_dags/example_branch_labels.py
[2023-03-12T07:53:27.218+0000] {processor.py:743} INFO - Processing file /home/melicharovykrecek/venv/lib/python3.9/site-packages/airflow/example_dags/example_branch_labels.py for tasks to queue
[2023-03-12T07:53:27.219+0000] {logging_mixin.py:137} INFO - [2023-03-12T07:53:27.219+0000] {dagbag.py:538} INFO - Filling up the DagBag from /home/melicharovykrecek/venv/lib/python3.9/site-packages/airflow/example_dags/example_branch_labels.py
[2023-03-12T07:53:27.240+0000] {processor.py:753} INFO - DAG(s) dict_keys(['example_branch_labels']) retrieved from /home/melicharovykrecek/venv/lib/python3.9/site-packages/airflow/example_dags/example_branch_labels.py
[2023-03-12T07:53:27.269+0000] {logging_mixin.py:137} INFO - [2023-03-12T07:53:27.269+0000] {dag.py:2690} INFO - Sync 1 DAGs
[2023-03-12T07:53:27.296+0000] {logging_mixin.py:137} INFO - [2023-03-12T07:53:27.296+0000] {dag.py:3437} INFO - Setting next_dagrun for example_branch_labels to 2023-03-11T00:00:00+00:00, run_after=2023-03-12T00:00:00+00:00
[2023-03-12T07:53:27.323+0000] {processor.py:175} INFO - Processing /home/melicharovykrecek/venv/lib/python3.9/site-packages/airflow/example_dags/example_branch_labels.py took 0.112 seconds
[2023-03-12T07:54:13.221+0000] {processor.py:153} INFO - Started process (PID=3129) to work on /home/melicharovykrecek/venv/lib/python3.9/site-packages/airflow/example_dags/example_branch_labels.py
[2023-03-12T07:54:13.223+0000] {processor.py:743} INFO - Processing file /home/melicharovykrecek/venv/lib/python3.9/site-packages/airflow/example_dags/example_branch_labels.py for tasks to queue
[2023-03-12T07:54:13.224+0000] {logging_mixin.py:137} INFO - [2023-03-12T07:54:13.224+0000] {dagbag.py:538} INFO - Filling up the DagBag from /home/melicharovykrecek/venv/lib/python3.9/site-packages/airflow/example_dags/example_branch_labels.py
[2023-03-12T07:54:13.245+0000] {processor.py:753} INFO - DAG(s) dict_keys(['example_branch_labels']) retrieved from /home/melicharovykrecek/venv/lib/python3.9/site-packages/airflow/example_dags/example_branch_labels.py
[2023-03-12T07:54:13.271+0000] {logging_mixin.py:137} INFO - [2023-03-12T07:54:13.271+0000] {dag.py:2690} INFO - Sync 1 DAGs
[2023-03-12T07:54:13.298+0000] {logging_mixin.py:137} INFO - [2023-03-12T07:54:13.297+0000] {dag.py:3437} INFO - Setting next_dagrun for example_branch_labels to 2023-03-11T00:00:00+00:00, run_after=2023-03-12T00:00:00+00:00
[2023-03-12T07:54:13.324+0000] {processor.py:175} INFO - Processing /home/melicharovykrecek/venv/lib/python3.9/site-packages/airflow/example_dags/example_branch_labels.py took 0.108 seconds
[2023-03-12T07:54:59.262+0000] {processor.py:153} INFO - Started process (PID=3174) to work on /home/melicharovykrecek/venv/lib/python3.9/site-packages/airflow/example_dags/example_branch_labels.py
[2023-03-12T07:54:59.264+0000] {processor.py:743} INFO - Processing file /home/melicharovykrecek/venv/lib/python3.9/site-packages/airflow/example_dags/example_branch_labels.py for tasks to queue
[2023-03-12T07:54:59.264+0000] {logging_mixin.py:137} INFO - [2023-03-12T07:54:59.264+0000] {dagbag.py:538} INFO - Filling up the DagBag from /home/melicharovykrecek/venv/lib/python3.9/site-packages/airflow/example_dags/example_branch_labels.py
[2023-03-12T07:54:59.284+0000] {processor.py:753} INFO - DAG(s) dict_keys(['example_branch_labels']) retrieved from /home/melicharovykrecek/venv/lib/python3.9/site-packages/airflow/example_dags/example_branch_labels.py
[2023-03-12T07:54:59.312+0000] {logging_mixin.py:137} INFO - [2023-03-12T07:54:59.312+0000] {dag.py:2690} INFO - Sync 1 DAGs
[2023-03-12T07:54:59.340+0000] {logging_mixin.py:137} INFO - [2023-03-12T07:54:59.339+0000] {dag.py:3437} INFO - Setting next_dagrun for example_branch_labels to 2023-03-11T00:00:00+00:00, run_after=2023-03-12T00:00:00+00:00
[2023-03-12T07:54:59.366+0000] {processor.py:175} INFO - Processing /home/melicharovykrecek/venv/lib/python3.9/site-packages/airflow/example_dags/example_branch_labels.py took 0.109 seconds
[2023-03-12T07:55:43.552+0000] {processor.py:153} INFO - Started process (PID=3217) to work on /home/melicharovykrecek/venv/lib/python3.9/site-packages/airflow/example_dags/example_branch_labels.py
[2023-03-12T07:55:43.554+0000] {processor.py:743} INFO - Processing file /home/melicharovykrecek/venv/lib/python3.9/site-packages/airflow/example_dags/example_branch_labels.py for tasks to queue
[2023-03-12T07:55:43.555+0000] {logging_mixin.py:137} INFO - [2023-03-12T07:55:43.555+0000] {dagbag.py:538} INFO - Filling up the DagBag from /home/melicharovykrecek/venv/lib/python3.9/site-packages/airflow/example_dags/example_branch_labels.py
[2023-03-12T07:55:43.575+0000] {processor.py:753} INFO - DAG(s) dict_keys(['example_branch_labels']) retrieved from /home/melicharovykrecek/venv/lib/python3.9/site-packages/airflow/example_dags/example_branch_labels.py
[2023-03-12T07:55:43.601+0000] {logging_mixin.py:137} INFO - [2023-03-12T07:55:43.600+0000] {dag.py:2690} INFO - Sync 1 DAGs
[2023-03-12T07:55:43.627+0000] {logging_mixin.py:137} INFO - [2023-03-12T07:55:43.627+0000] {dag.py:3437} INFO - Setting next_dagrun for example_branch_labels to 2023-03-11T00:00:00+00:00, run_after=2023-03-12T00:00:00+00:00
[2023-03-12T07:55:43.652+0000] {processor.py:175} INFO - Processing /home/melicharovykrecek/venv/lib/python3.9/site-packages/airflow/example_dags/example_branch_labels.py took 0.105 seconds
[2023-03-12T07:56:28.962+0000] {processor.py:153} INFO - Started process (PID=3264) to work on /home/melicharovykrecek/venv/lib/python3.9/site-packages/airflow/example_dags/example_branch_labels.py
[2023-03-12T07:56:28.964+0000] {processor.py:743} INFO - Processing file /home/melicharovykrecek/venv/lib/python3.9/site-packages/airflow/example_dags/example_branch_labels.py for tasks to queue
[2023-03-12T07:56:28.965+0000] {logging_mixin.py:137} INFO - [2023-03-12T07:56:28.965+0000] {dagbag.py:538} INFO - Filling up the DagBag from /home/melicharovykrecek/venv/lib/python3.9/site-packages/airflow/example_dags/example_branch_labels.py
[2023-03-12T07:56:28.984+0000] {processor.py:753} INFO - DAG(s) dict_keys(['example_branch_labels']) retrieved from /home/melicharovykrecek/venv/lib/python3.9/site-packages/airflow/example_dags/example_branch_labels.py
[2023-03-12T07:56:29.010+0000] {logging_mixin.py:137} INFO - [2023-03-12T07:56:29.010+0000] {dag.py:2690} INFO - Sync 1 DAGs
[2023-03-12T07:56:29.038+0000] {logging_mixin.py:137} INFO - [2023-03-12T07:56:29.038+0000] {dag.py:3437} INFO - Setting next_dagrun for example_branch_labels to 2023-03-11T00:00:00+00:00, run_after=2023-03-12T00:00:00+00:00
[2023-03-12T07:56:29.063+0000] {processor.py:175} INFO - Processing /home/melicharovykrecek/venv/lib/python3.9/site-packages/airflow/example_dags/example_branch_labels.py took 0.105 seconds
[2023-03-12T07:57:15.491+0000] {processor.py:153} INFO - Started process (PID=3309) to work on /home/melicharovykrecek/venv/lib/python3.9/site-packages/airflow/example_dags/example_branch_labels.py
[2023-03-12T07:57:15.494+0000] {processor.py:743} INFO - Processing file /home/melicharovykrecek/venv/lib/python3.9/site-packages/airflow/example_dags/example_branch_labels.py for tasks to queue
[2023-03-12T07:57:15.494+0000] {logging_mixin.py:137} INFO - [2023-03-12T07:57:15.494+0000] {dagbag.py:538} INFO - Filling up the DagBag from /home/melicharovykrecek/venv/lib/python3.9/site-packages/airflow/example_dags/example_branch_labels.py
[2023-03-12T07:57:15.514+0000] {processor.py:753} INFO - DAG(s) dict_keys(['example_branch_labels']) retrieved from /home/melicharovykrecek/venv/lib/python3.9/site-packages/airflow/example_dags/example_branch_labels.py
[2023-03-12T07:57:15.539+0000] {logging_mixin.py:137} INFO - [2023-03-12T07:57:15.539+0000] {dag.py:2690} INFO - Sync 1 DAGs
[2023-03-12T07:57:15.565+0000] {logging_mixin.py:137} INFO - [2023-03-12T07:57:15.565+0000] {dag.py:3437} INFO - Setting next_dagrun for example_branch_labels to 2023-03-11T00:00:00+00:00, run_after=2023-03-12T00:00:00+00:00
[2023-03-12T07:57:15.592+0000] {processor.py:175} INFO - Processing /home/melicharovykrecek/venv/lib/python3.9/site-packages/airflow/example_dags/example_branch_labels.py took 0.105 seconds
[2023-03-12T07:58:03.591+0000] {processor.py:153} INFO - Started process (PID=3354) to work on /home/melicharovykrecek/venv/lib/python3.9/site-packages/airflow/example_dags/example_branch_labels.py
[2023-03-12T07:58:03.593+0000] {processor.py:743} INFO - Processing file /home/melicharovykrecek/venv/lib/python3.9/site-packages/airflow/example_dags/example_branch_labels.py for tasks to queue
[2023-03-12T07:58:03.594+0000] {logging_mixin.py:137} INFO - [2023-03-12T07:58:03.594+0000] {dagbag.py:538} INFO - Filling up the DagBag from /home/melicharovykrecek/venv/lib/python3.9/site-packages/airflow/example_dags/example_branch_labels.py
[2023-03-12T07:58:03.614+0000] {processor.py:753} INFO - DAG(s) dict_keys(['example_branch_labels']) retrieved from /home/melicharovykrecek/venv/lib/python3.9/site-packages/airflow/example_dags/example_branch_labels.py
[2023-03-12T07:58:03.643+0000] {logging_mixin.py:137} INFO - [2023-03-12T07:58:03.643+0000] {dag.py:2690} INFO - Sync 1 DAGs
[2023-03-12T07:58:03.670+0000] {logging_mixin.py:137} INFO - [2023-03-12T07:58:03.669+0000] {dag.py:3437} INFO - Setting next_dagrun for example_branch_labels to 2023-03-11T00:00:00+00:00, run_after=2023-03-12T00:00:00+00:00
[2023-03-12T07:58:03.697+0000] {processor.py:175} INFO - Processing /home/melicharovykrecek/venv/lib/python3.9/site-packages/airflow/example_dags/example_branch_labels.py took 0.111 seconds
[2023-03-12T07:58:49.848+0000] {processor.py:153} INFO - Started process (PID=3400) to work on /home/melicharovykrecek/venv/lib/python3.9/site-packages/airflow/example_dags/example_branch_labels.py
[2023-03-12T07:58:49.850+0000] {processor.py:743} INFO - Processing file /home/melicharovykrecek/venv/lib/python3.9/site-packages/airflow/example_dags/example_branch_labels.py for tasks to queue
[2023-03-12T07:58:49.851+0000] {logging_mixin.py:137} INFO - [2023-03-12T07:58:49.851+0000] {dagbag.py:538} INFO - Filling up the DagBag from /home/melicharovykrecek/venv/lib/python3.9/site-packages/airflow/example_dags/example_branch_labels.py
[2023-03-12T07:58:49.870+0000] {processor.py:753} INFO - DAG(s) dict_keys(['example_branch_labels']) retrieved from /home/melicharovykrecek/venv/lib/python3.9/site-packages/airflow/example_dags/example_branch_labels.py
[2023-03-12T07:58:49.895+0000] {logging_mixin.py:137} INFO - [2023-03-12T07:58:49.895+0000] {dag.py:2690} INFO - Sync 1 DAGs
[2023-03-12T07:58:49.920+0000] {logging_mixin.py:137} INFO - [2023-03-12T07:58:49.919+0000] {dag.py:3437} INFO - Setting next_dagrun for example_branch_labels to 2023-03-11T00:00:00+00:00, run_after=2023-03-12T00:00:00+00:00
[2023-03-12T07:58:49.945+0000] {processor.py:175} INFO - Processing /home/melicharovykrecek/venv/lib/python3.9/site-packages/airflow/example_dags/example_branch_labels.py took 0.102 seconds
[2023-03-12T07:59:36.460+0000] {processor.py:153} INFO - Started process (PID=3445) to work on /home/melicharovykrecek/venv/lib/python3.9/site-packages/airflow/example_dags/example_branch_labels.py
[2023-03-12T07:59:36.462+0000] {processor.py:743} INFO - Processing file /home/melicharovykrecek/venv/lib/python3.9/site-packages/airflow/example_dags/example_branch_labels.py for tasks to queue
[2023-03-12T07:59:36.463+0000] {logging_mixin.py:137} INFO - [2023-03-12T07:59:36.462+0000] {dagbag.py:538} INFO - Filling up the DagBag from /home/melicharovykrecek/venv/lib/python3.9/site-packages/airflow/example_dags/example_branch_labels.py
[2023-03-12T07:59:36.481+0000] {processor.py:753} INFO - DAG(s) dict_keys(['example_branch_labels']) retrieved from /home/melicharovykrecek/venv/lib/python3.9/site-packages/airflow/example_dags/example_branch_labels.py
[2023-03-12T07:59:36.508+0000] {logging_mixin.py:137} INFO - [2023-03-12T07:59:36.507+0000] {dag.py:2690} INFO - Sync 1 DAGs
[2023-03-12T07:59:36.534+0000] {logging_mixin.py:137} INFO - [2023-03-12T07:59:36.534+0000] {dag.py:3437} INFO - Setting next_dagrun for example_branch_labels to 2023-03-11T00:00:00+00:00, run_after=2023-03-12T00:00:00+00:00
[2023-03-12T07:59:36.560+0000] {processor.py:175} INFO - Processing /home/melicharovykrecek/venv/lib/python3.9/site-packages/airflow/example_dags/example_branch_labels.py took 0.105 seconds
[2023-03-12T08:00:23.705+0000] {processor.py:153} INFO - Started process (PID=3516) to work on /home/melicharovykrecek/venv/lib/python3.9/site-packages/airflow/example_dags/example_branch_labels.py
[2023-03-12T08:00:23.707+0000] {processor.py:743} INFO - Processing file /home/melicharovykrecek/venv/lib/python3.9/site-packages/airflow/example_dags/example_branch_labels.py for tasks to queue
[2023-03-12T08:00:23.708+0000] {logging_mixin.py:137} INFO - [2023-03-12T08:00:23.708+0000] {dagbag.py:538} INFO - Filling up the DagBag from /home/melicharovykrecek/venv/lib/python3.9/site-packages/airflow/example_dags/example_branch_labels.py
[2023-03-12T08:00:23.727+0000] {processor.py:753} INFO - DAG(s) dict_keys(['example_branch_labels']) retrieved from /home/melicharovykrecek/venv/lib/python3.9/site-packages/airflow/example_dags/example_branch_labels.py
[2023-03-12T08:00:23.755+0000] {logging_mixin.py:137} INFO - [2023-03-12T08:00:23.755+0000] {dag.py:2690} INFO - Sync 1 DAGs
[2023-03-12T08:00:23.784+0000] {logging_mixin.py:137} INFO - [2023-03-12T08:00:23.784+0000] {dag.py:3437} INFO - Setting next_dagrun for example_branch_labels to 2023-03-11T00:00:00+00:00, run_after=2023-03-12T00:00:00+00:00
[2023-03-12T08:00:23.813+0000] {processor.py:175} INFO - Processing /home/melicharovykrecek/venv/lib/python3.9/site-packages/airflow/example_dags/example_branch_labels.py took 0.113 seconds
[2023-03-12T08:01:13.377+0000] {processor.py:153} INFO - Started process (PID=3571) to work on /home/melicharovykrecek/venv/lib/python3.9/site-packages/airflow/example_dags/example_branch_labels.py
[2023-03-12T08:01:13.379+0000] {processor.py:743} INFO - Processing file /home/melicharovykrecek/venv/lib/python3.9/site-packages/airflow/example_dags/example_branch_labels.py for tasks to queue
[2023-03-12T08:01:13.380+0000] {logging_mixin.py:137} INFO - [2023-03-12T08:01:13.380+0000] {dagbag.py:538} INFO - Filling up the DagBag from /home/melicharovykrecek/venv/lib/python3.9/site-packages/airflow/example_dags/example_branch_labels.py
[2023-03-12T08:01:13.400+0000] {processor.py:753} INFO - DAG(s) dict_keys(['example_branch_labels']) retrieved from /home/melicharovykrecek/venv/lib/python3.9/site-packages/airflow/example_dags/example_branch_labels.py
[2023-03-12T08:01:13.427+0000] {logging_mixin.py:137} INFO - [2023-03-12T08:01:13.426+0000] {dag.py:2690} INFO - Sync 1 DAGs
[2023-03-12T08:01:13.453+0000] {logging_mixin.py:137} INFO - [2023-03-12T08:01:13.453+0000] {dag.py:3437} INFO - Setting next_dagrun for example_branch_labels to 2023-03-11T00:00:00+00:00, run_after=2023-03-12T00:00:00+00:00
[2023-03-12T08:01:13.480+0000] {processor.py:175} INFO - Processing /home/melicharovykrecek/venv/lib/python3.9/site-packages/airflow/example_dags/example_branch_labels.py took 0.108 seconds
[2023-03-12T08:02:00.607+0000] {processor.py:153} INFO - Started process (PID=3617) to work on /home/melicharovykrecek/venv/lib/python3.9/site-packages/airflow/example_dags/example_branch_labels.py
[2023-03-12T08:02:00.609+0000] {processor.py:743} INFO - Processing file /home/melicharovykrecek/venv/lib/python3.9/site-packages/airflow/example_dags/example_branch_labels.py for tasks to queue
[2023-03-12T08:02:00.610+0000] {logging_mixin.py:137} INFO - [2023-03-12T08:02:00.610+0000] {dagbag.py:538} INFO - Filling up the DagBag from /home/melicharovykrecek/venv/lib/python3.9/site-packages/airflow/example_dags/example_branch_labels.py
[2023-03-12T08:02:00.630+0000] {processor.py:753} INFO - DAG(s) dict_keys(['example_branch_labels']) retrieved from /home/melicharovykrecek/venv/lib/python3.9/site-packages/airflow/example_dags/example_branch_labels.py
[2023-03-12T08:02:00.659+0000] {logging_mixin.py:137} INFO - [2023-03-12T08:02:00.659+0000] {dag.py:2690} INFO - Sync 1 DAGs
[2023-03-12T08:02:00.686+0000] {logging_mixin.py:137} INFO - [2023-03-12T08:02:00.686+0000] {dag.py:3437} INFO - Setting next_dagrun for example_branch_labels to 2023-03-11T00:00:00+00:00, run_after=2023-03-12T00:00:00+00:00
[2023-03-12T08:02:00.717+0000] {processor.py:175} INFO - Processing /home/melicharovykrecek/venv/lib/python3.9/site-packages/airflow/example_dags/example_branch_labels.py took 0.115 seconds
[2023-03-12T08:02:47.048+0000] {processor.py:153} INFO - Started process (PID=3663) to work on /home/melicharovykrecek/venv/lib/python3.9/site-packages/airflow/example_dags/example_branch_labels.py
[2023-03-12T08:02:47.050+0000] {processor.py:743} INFO - Processing file /home/melicharovykrecek/venv/lib/python3.9/site-packages/airflow/example_dags/example_branch_labels.py for tasks to queue
[2023-03-12T08:02:47.051+0000] {logging_mixin.py:137} INFO - [2023-03-12T08:02:47.051+0000] {dagbag.py:538} INFO - Filling up the DagBag from /home/melicharovykrecek/venv/lib/python3.9/site-packages/airflow/example_dags/example_branch_labels.py
[2023-03-12T08:02:47.070+0000] {processor.py:753} INFO - DAG(s) dict_keys(['example_branch_labels']) retrieved from /home/melicharovykrecek/venv/lib/python3.9/site-packages/airflow/example_dags/example_branch_labels.py
[2023-03-12T08:02:47.097+0000] {logging_mixin.py:137} INFO - [2023-03-12T08:02:47.096+0000] {dag.py:2690} INFO - Sync 1 DAGs
[2023-03-12T08:02:47.121+0000] {logging_mixin.py:137} INFO - [2023-03-12T08:02:47.121+0000] {dag.py:3437} INFO - Setting next_dagrun for example_branch_labels to 2023-03-11T00:00:00+00:00, run_after=2023-03-12T00:00:00+00:00
[2023-03-12T08:02:47.149+0000] {processor.py:175} INFO - Processing /home/melicharovykrecek/venv/lib/python3.9/site-packages/airflow/example_dags/example_branch_labels.py took 0.105 seconds
[2023-03-12T08:03:36.271+0000] {processor.py:153} INFO - Started process (PID=3709) to work on /home/melicharovykrecek/venv/lib/python3.9/site-packages/airflow/example_dags/example_branch_labels.py
[2023-03-12T08:03:36.273+0000] {processor.py:743} INFO - Processing file /home/melicharovykrecek/venv/lib/python3.9/site-packages/airflow/example_dags/example_branch_labels.py for tasks to queue
[2023-03-12T08:03:36.274+0000] {logging_mixin.py:137} INFO - [2023-03-12T08:03:36.274+0000] {dagbag.py:538} INFO - Filling up the DagBag from /home/melicharovykrecek/venv/lib/python3.9/site-packages/airflow/example_dags/example_branch_labels.py
[2023-03-12T08:03:36.294+0000] {processor.py:753} INFO - DAG(s) dict_keys(['example_branch_labels']) retrieved from /home/melicharovykrecek/venv/lib/python3.9/site-packages/airflow/example_dags/example_branch_labels.py
[2023-03-12T08:03:36.320+0000] {logging_mixin.py:137} INFO - [2023-03-12T08:03:36.319+0000] {dag.py:2690} INFO - Sync 1 DAGs
[2023-03-12T08:03:36.345+0000] {logging_mixin.py:137} INFO - [2023-03-12T08:03:36.345+0000] {dag.py:3437} INFO - Setting next_dagrun for example_branch_labels to 2023-03-11T00:00:00+00:00, run_after=2023-03-12T00:00:00+00:00
[2023-03-12T08:03:36.373+0000] {processor.py:175} INFO - Processing /home/melicharovykrecek/venv/lib/python3.9/site-packages/airflow/example_dags/example_branch_labels.py took 0.106 seconds
[2023-03-12T08:04:18.239+0000] {processor.py:153} INFO - Started process (PID=3751) to work on /home/melicharovykrecek/venv/lib/python3.9/site-packages/airflow/example_dags/example_branch_labels.py
[2023-03-12T08:04:18.241+0000] {processor.py:743} INFO - Processing file /home/melicharovykrecek/venv/lib/python3.9/site-packages/airflow/example_dags/example_branch_labels.py for tasks to queue
[2023-03-12T08:04:18.242+0000] {logging_mixin.py:137} INFO - [2023-03-12T08:04:18.242+0000] {dagbag.py:538} INFO - Filling up the DagBag from /home/melicharovykrecek/venv/lib/python3.9/site-packages/airflow/example_dags/example_branch_labels.py
[2023-03-12T08:04:18.262+0000] {processor.py:753} INFO - DAG(s) dict_keys(['example_branch_labels']) retrieved from /home/melicharovykrecek/venv/lib/python3.9/site-packages/airflow/example_dags/example_branch_labels.py
[2023-03-12T08:04:18.289+0000] {logging_mixin.py:137} INFO - [2023-03-12T08:04:18.289+0000] {dag.py:2690} INFO - Sync 1 DAGs
[2023-03-12T08:04:18.316+0000] {logging_mixin.py:137} INFO - [2023-03-12T08:04:18.316+0000] {dag.py:3437} INFO - Setting next_dagrun for example_branch_labels to 2023-03-11T00:00:00+00:00, run_after=2023-03-12T00:00:00+00:00
[2023-03-12T08:04:18.342+0000] {processor.py:175} INFO - Processing /home/melicharovykrecek/venv/lib/python3.9/site-packages/airflow/example_dags/example_branch_labels.py took 0.108 seconds
[2023-03-12T08:05:06.805+0000] {processor.py:153} INFO - Started process (PID=3799) to work on /home/melicharovykrecek/venv/lib/python3.9/site-packages/airflow/example_dags/example_branch_labels.py
[2023-03-12T08:05:06.807+0000] {processor.py:743} INFO - Processing file /home/melicharovykrecek/venv/lib/python3.9/site-packages/airflow/example_dags/example_branch_labels.py for tasks to queue
[2023-03-12T08:05:06.808+0000] {logging_mixin.py:137} INFO - [2023-03-12T08:05:06.808+0000] {dagbag.py:538} INFO - Filling up the DagBag from /home/melicharovykrecek/venv/lib/python3.9/site-packages/airflow/example_dags/example_branch_labels.py
[2023-03-12T08:05:06.828+0000] {processor.py:753} INFO - DAG(s) dict_keys(['example_branch_labels']) retrieved from /home/melicharovykrecek/venv/lib/python3.9/site-packages/airflow/example_dags/example_branch_labels.py
[2023-03-12T08:05:06.854+0000] {logging_mixin.py:137} INFO - [2023-03-12T08:05:06.854+0000] {dag.py:2690} INFO - Sync 1 DAGs
[2023-03-12T08:05:06.880+0000] {logging_mixin.py:137} INFO - [2023-03-12T08:05:06.879+0000] {dag.py:3437} INFO - Setting next_dagrun for example_branch_labels to 2023-03-11T00:00:00+00:00, run_after=2023-03-12T00:00:00+00:00
[2023-03-12T08:05:06.907+0000] {processor.py:175} INFO - Processing /home/melicharovykrecek/venv/lib/python3.9/site-packages/airflow/example_dags/example_branch_labels.py took 0.106 seconds
[2023-03-12T08:05:55.303+0000] {processor.py:153} INFO - Started process (PID=3845) to work on /home/melicharovykrecek/venv/lib/python3.9/site-packages/airflow/example_dags/example_branch_labels.py
[2023-03-12T08:05:55.305+0000] {processor.py:743} INFO - Processing file /home/melicharovykrecek/venv/lib/python3.9/site-packages/airflow/example_dags/example_branch_labels.py for tasks to queue
[2023-03-12T08:05:55.306+0000] {logging_mixin.py:137} INFO - [2023-03-12T08:05:55.306+0000] {dagbag.py:538} INFO - Filling up the DagBag from /home/melicharovykrecek/venv/lib/python3.9/site-packages/airflow/example_dags/example_branch_labels.py
[2023-03-12T08:05:55.325+0000] {processor.py:753} INFO - DAG(s) dict_keys(['example_branch_labels']) retrieved from /home/melicharovykrecek/venv/lib/python3.9/site-packages/airflow/example_dags/example_branch_labels.py
[2023-03-12T08:05:55.350+0000] {logging_mixin.py:137} INFO - [2023-03-12T08:05:55.350+0000] {dag.py:2690} INFO - Sync 1 DAGs
[2023-03-12T08:05:55.375+0000] {logging_mixin.py:137} INFO - [2023-03-12T08:05:55.374+0000] {dag.py:3437} INFO - Setting next_dagrun for example_branch_labels to 2023-03-11T00:00:00+00:00, run_after=2023-03-12T00:00:00+00:00
[2023-03-12T08:05:55.400+0000] {processor.py:175} INFO - Processing /home/melicharovykrecek/venv/lib/python3.9/site-packages/airflow/example_dags/example_branch_labels.py took 0.102 seconds
[2023-03-12T08:06:45.990+0000] {processor.py:153} INFO - Started process (PID=3895) to work on /home/melicharovykrecek/venv/lib/python3.9/site-packages/airflow/example_dags/example_branch_labels.py
[2023-03-12T08:06:45.992+0000] {processor.py:743} INFO - Processing file /home/melicharovykrecek/venv/lib/python3.9/site-packages/airflow/example_dags/example_branch_labels.py for tasks to queue
[2023-03-12T08:06:45.993+0000] {logging_mixin.py:137} INFO - [2023-03-12T08:06:45.993+0000] {dagbag.py:538} INFO - Filling up the DagBag from /home/melicharovykrecek/venv/lib/python3.9/site-packages/airflow/example_dags/example_branch_labels.py
[2023-03-12T08:06:46.014+0000] {processor.py:753} INFO - DAG(s) dict_keys(['example_branch_labels']) retrieved from /home/melicharovykrecek/venv/lib/python3.9/site-packages/airflow/example_dags/example_branch_labels.py
[2023-03-12T08:06:46.040+0000] {logging_mixin.py:137} INFO - [2023-03-12T08:06:46.039+0000] {dag.py:2690} INFO - Sync 1 DAGs
[2023-03-12T08:06:46.065+0000] {logging_mixin.py:137} INFO - [2023-03-12T08:06:46.065+0000] {dag.py:3437} INFO - Setting next_dagrun for example_branch_labels to 2023-03-11T00:00:00+00:00, run_after=2023-03-12T00:00:00+00:00
[2023-03-12T08:06:46.092+0000] {processor.py:175} INFO - Processing /home/melicharovykrecek/venv/lib/python3.9/site-packages/airflow/example_dags/example_branch_labels.py took 0.106 seconds
[2023-03-12T08:07:35.327+0000] {processor.py:153} INFO - Started process (PID=3943) to work on /home/melicharovykrecek/venv/lib/python3.9/site-packages/airflow/example_dags/example_branch_labels.py
[2023-03-12T08:07:35.329+0000] {processor.py:743} INFO - Processing file /home/melicharovykrecek/venv/lib/python3.9/site-packages/airflow/example_dags/example_branch_labels.py for tasks to queue
[2023-03-12T08:07:35.330+0000] {logging_mixin.py:137} INFO - [2023-03-12T08:07:35.330+0000] {dagbag.py:538} INFO - Filling up the DagBag from /home/melicharovykrecek/venv/lib/python3.9/site-packages/airflow/example_dags/example_branch_labels.py
[2023-03-12T08:07:35.349+0000] {processor.py:753} INFO - DAG(s) dict_keys(['example_branch_labels']) retrieved from /home/melicharovykrecek/venv/lib/python3.9/site-packages/airflow/example_dags/example_branch_labels.py
[2023-03-12T08:07:35.375+0000] {logging_mixin.py:137} INFO - [2023-03-12T08:07:35.375+0000] {dag.py:2690} INFO - Sync 1 DAGs
[2023-03-12T08:07:35.402+0000] {logging_mixin.py:137} INFO - [2023-03-12T08:07:35.402+0000] {dag.py:3437} INFO - Setting next_dagrun for example_branch_labels to 2023-03-11T00:00:00+00:00, run_after=2023-03-12T00:00:00+00:00
[2023-03-12T08:07:35.430+0000] {processor.py:175} INFO - Processing /home/melicharovykrecek/venv/lib/python3.9/site-packages/airflow/example_dags/example_branch_labels.py took 0.107 seconds
[2023-03-12T08:08:19.657+0000] {processor.py:153} INFO - Started process (PID=4018) to work on /home/melicharovykrecek/venv/lib/python3.9/site-packages/airflow/example_dags/example_branch_labels.py
[2023-03-12T08:08:19.659+0000] {processor.py:743} INFO - Processing file /home/melicharovykrecek/venv/lib/python3.9/site-packages/airflow/example_dags/example_branch_labels.py for tasks to queue
[2023-03-12T08:08:19.660+0000] {logging_mixin.py:137} INFO - [2023-03-12T08:08:19.660+0000] {dagbag.py:538} INFO - Filling up the DagBag from /home/melicharovykrecek/venv/lib/python3.9/site-packages/airflow/example_dags/example_branch_labels.py
[2023-03-12T08:08:19.680+0000] {processor.py:753} INFO - DAG(s) dict_keys(['example_branch_labels']) retrieved from /home/melicharovykrecek/venv/lib/python3.9/site-packages/airflow/example_dags/example_branch_labels.py
[2023-03-12T08:08:19.707+0000] {logging_mixin.py:137} INFO - [2023-03-12T08:08:19.706+0000] {dag.py:2690} INFO - Sync 1 DAGs
[2023-03-12T08:08:19.735+0000] {logging_mixin.py:137} INFO - [2023-03-12T08:08:19.735+0000] {dag.py:3437} INFO - Setting next_dagrun for example_branch_labels to 2023-03-11T00:00:00+00:00, run_after=2023-03-12T00:00:00+00:00
[2023-03-12T08:08:19.762+0000] {processor.py:175} INFO - Processing /home/melicharovykrecek/venv/lib/python3.9/site-packages/airflow/example_dags/example_branch_labels.py took 0.110 seconds
[2023-03-12T08:09:08.490+0000] {processor.py:153} INFO - Started process (PID=4081) to work on /home/melicharovykrecek/venv/lib/python3.9/site-packages/airflow/example_dags/example_branch_labels.py
[2023-03-12T08:09:08.492+0000] {processor.py:743} INFO - Processing file /home/melicharovykrecek/venv/lib/python3.9/site-packages/airflow/example_dags/example_branch_labels.py for tasks to queue
[2023-03-12T08:09:08.493+0000] {logging_mixin.py:137} INFO - [2023-03-12T08:09:08.493+0000] {dagbag.py:538} INFO - Filling up the DagBag from /home/melicharovykrecek/venv/lib/python3.9/site-packages/airflow/example_dags/example_branch_labels.py
[2023-03-12T08:09:08.513+0000] {processor.py:753} INFO - DAG(s) dict_keys(['example_branch_labels']) retrieved from /home/melicharovykrecek/venv/lib/python3.9/site-packages/airflow/example_dags/example_branch_labels.py
[2023-03-12T08:09:08.539+0000] {logging_mixin.py:137} INFO - [2023-03-12T08:09:08.539+0000] {dag.py:2690} INFO - Sync 1 DAGs
[2023-03-12T08:09:08.565+0000] {logging_mixin.py:137} INFO - [2023-03-12T08:09:08.565+0000] {dag.py:3437} INFO - Setting next_dagrun for example_branch_labels to 2023-03-11T00:00:00+00:00, run_after=2023-03-12T00:00:00+00:00
[2023-03-12T08:09:08.595+0000] {processor.py:175} INFO - Processing /home/melicharovykrecek/venv/lib/python3.9/site-packages/airflow/example_dags/example_branch_labels.py took 0.109 seconds
[2023-03-12T08:10:00.376+0000] {processor.py:153} INFO - Started process (PID=4129) to work on /home/melicharovykrecek/venv/lib/python3.9/site-packages/airflow/example_dags/example_branch_labels.py
[2023-03-12T08:10:00.378+0000] {processor.py:743} INFO - Processing file /home/melicharovykrecek/venv/lib/python3.9/site-packages/airflow/example_dags/example_branch_labels.py for tasks to queue
[2023-03-12T08:10:00.379+0000] {logging_mixin.py:137} INFO - [2023-03-12T08:10:00.379+0000] {dagbag.py:538} INFO - Filling up the DagBag from /home/melicharovykrecek/venv/lib/python3.9/site-packages/airflow/example_dags/example_branch_labels.py
[2023-03-12T08:10:00.399+0000] {processor.py:753} INFO - DAG(s) dict_keys(['example_branch_labels']) retrieved from /home/melicharovykrecek/venv/lib/python3.9/site-packages/airflow/example_dags/example_branch_labels.py
[2023-03-12T08:10:00.427+0000] {logging_mixin.py:137} INFO - [2023-03-12T08:10:00.426+0000] {dag.py:2690} INFO - Sync 1 DAGs
[2023-03-12T08:10:00.456+0000] {logging_mixin.py:137} INFO - [2023-03-12T08:10:00.456+0000] {dag.py:3437} INFO - Setting next_dagrun for example_branch_labels to 2023-03-11T00:00:00+00:00, run_after=2023-03-12T00:00:00+00:00
[2023-03-12T08:10:00.485+0000] {processor.py:175} INFO - Processing /home/melicharovykrecek/venv/lib/python3.9/site-packages/airflow/example_dags/example_branch_labels.py took 0.113 seconds
[2023-03-12T08:10:43.088+0000] {processor.py:153} INFO - Started process (PID=4173) to work on /home/melicharovykrecek/venv/lib/python3.9/site-packages/airflow/example_dags/example_branch_labels.py
[2023-03-12T08:10:43.090+0000] {processor.py:743} INFO - Processing file /home/melicharovykrecek/venv/lib/python3.9/site-packages/airflow/example_dags/example_branch_labels.py for tasks to queue
[2023-03-12T08:10:43.091+0000] {logging_mixin.py:137} INFO - [2023-03-12T08:10:43.091+0000] {dagbag.py:538} INFO - Filling up the DagBag from /home/melicharovykrecek/venv/lib/python3.9/site-packages/airflow/example_dags/example_branch_labels.py
[2023-03-12T08:10:43.111+0000] {processor.py:753} INFO - DAG(s) dict_keys(['example_branch_labels']) retrieved from /home/melicharovykrecek/venv/lib/python3.9/site-packages/airflow/example_dags/example_branch_labels.py
[2023-03-12T08:10:43.137+0000] {logging_mixin.py:137} INFO - [2023-03-12T08:10:43.136+0000] {dag.py:2690} INFO - Sync 1 DAGs
[2023-03-12T08:10:43.164+0000] {logging_mixin.py:137} INFO - [2023-03-12T08:10:43.164+0000] {dag.py:3437} INFO - Setting next_dagrun for example_branch_labels to 2023-03-11T00:00:00+00:00, run_after=2023-03-12T00:00:00+00:00
[2023-03-12T08:10:43.193+0000] {processor.py:175} INFO - Processing /home/melicharovykrecek/venv/lib/python3.9/site-packages/airflow/example_dags/example_branch_labels.py took 0.111 seconds
[2023-03-12T08:11:28.551+0000] {processor.py:153} INFO - Started process (PID=4226) to work on /home/melicharovykrecek/venv/lib/python3.9/site-packages/airflow/example_dags/example_branch_labels.py
[2023-03-12T08:11:28.554+0000] {processor.py:743} INFO - Processing file /home/melicharovykrecek/venv/lib/python3.9/site-packages/airflow/example_dags/example_branch_labels.py for tasks to queue
[2023-03-12T08:11:28.555+0000] {logging_mixin.py:137} INFO - [2023-03-12T08:11:28.554+0000] {dagbag.py:538} INFO - Filling up the DagBag from /home/melicharovykrecek/venv/lib/python3.9/site-packages/airflow/example_dags/example_branch_labels.py
[2023-03-12T08:11:28.575+0000] {processor.py:753} INFO - DAG(s) dict_keys(['example_branch_labels']) retrieved from /home/melicharovykrecek/venv/lib/python3.9/site-packages/airflow/example_dags/example_branch_labels.py
[2023-03-12T08:11:28.605+0000] {logging_mixin.py:137} INFO - [2023-03-12T08:11:28.604+0000] {dag.py:2690} INFO - Sync 1 DAGs
[2023-03-12T08:11:28.635+0000] {logging_mixin.py:137} INFO - [2023-03-12T08:11:28.634+0000] {dag.py:3437} INFO - Setting next_dagrun for example_branch_labels to 2023-03-11T00:00:00+00:00, run_after=2023-03-12T00:00:00+00:00
[2023-03-12T08:11:28.664+0000] {processor.py:175} INFO - Processing /home/melicharovykrecek/venv/lib/python3.9/site-packages/airflow/example_dags/example_branch_labels.py took 0.118 seconds
[2023-03-12T08:12:09.500+0000] {processor.py:153} INFO - Started process (PID=4275) to work on /home/melicharovykrecek/venv/lib/python3.9/site-packages/airflow/example_dags/example_branch_labels.py
[2023-03-12T08:12:09.502+0000] {processor.py:743} INFO - Processing file /home/melicharovykrecek/venv/lib/python3.9/site-packages/airflow/example_dags/example_branch_labels.py for tasks to queue
[2023-03-12T08:12:09.503+0000] {logging_mixin.py:137} INFO - [2023-03-12T08:12:09.503+0000] {dagbag.py:538} INFO - Filling up the DagBag from /home/melicharovykrecek/venv/lib/python3.9/site-packages/airflow/example_dags/example_branch_labels.py
[2023-03-12T08:12:09.523+0000] {processor.py:753} INFO - DAG(s) dict_keys(['example_branch_labels']) retrieved from /home/melicharovykrecek/venv/lib/python3.9/site-packages/airflow/example_dags/example_branch_labels.py
[2023-03-12T08:12:09.550+0000] {logging_mixin.py:137} INFO - [2023-03-12T08:12:09.550+0000] {dag.py:2690} INFO - Sync 1 DAGs
[2023-03-12T08:12:09.579+0000] {logging_mixin.py:137} INFO - [2023-03-12T08:12:09.578+0000] {dag.py:3437} INFO - Setting next_dagrun for example_branch_labels to 2023-03-11T00:00:00+00:00, run_after=2023-03-12T00:00:00+00:00
[2023-03-12T08:12:09.607+0000] {processor.py:175} INFO - Processing /home/melicharovykrecek/venv/lib/python3.9/site-packages/airflow/example_dags/example_branch_labels.py took 0.112 seconds
[2023-03-12T08:12:54.225+0000] {processor.py:153} INFO - Started process (PID=4346) to work on /home/melicharovykrecek/venv/lib/python3.9/site-packages/airflow/example_dags/example_branch_labels.py
[2023-03-12T08:12:54.227+0000] {processor.py:743} INFO - Processing file /home/melicharovykrecek/venv/lib/python3.9/site-packages/airflow/example_dags/example_branch_labels.py for tasks to queue
[2023-03-12T08:12:54.228+0000] {logging_mixin.py:137} INFO - [2023-03-12T08:12:54.228+0000] {dagbag.py:538} INFO - Filling up the DagBag from /home/melicharovykrecek/venv/lib/python3.9/site-packages/airflow/example_dags/example_branch_labels.py
[2023-03-12T08:12:54.249+0000] {processor.py:753} INFO - DAG(s) dict_keys(['example_branch_labels']) retrieved from /home/melicharovykrecek/venv/lib/python3.9/site-packages/airflow/example_dags/example_branch_labels.py
[2023-03-12T08:12:54.277+0000] {logging_mixin.py:137} INFO - [2023-03-12T08:12:54.277+0000] {dag.py:2690} INFO - Sync 1 DAGs
[2023-03-12T08:12:54.306+0000] {logging_mixin.py:137} INFO - [2023-03-12T08:12:54.306+0000] {dag.py:3437} INFO - Setting next_dagrun for example_branch_labels to 2023-03-11T00:00:00+00:00, run_after=2023-03-12T00:00:00+00:00
[2023-03-12T08:12:54.335+0000] {processor.py:175} INFO - Processing /home/melicharovykrecek/venv/lib/python3.9/site-packages/airflow/example_dags/example_branch_labels.py took 0.115 seconds
[2023-03-12T08:13:46.661+0000] {processor.py:153} INFO - Started process (PID=4402) to work on /home/melicharovykrecek/venv/lib/python3.9/site-packages/airflow/example_dags/example_branch_labels.py
[2023-03-12T08:13:46.663+0000] {processor.py:743} INFO - Processing file /home/melicharovykrecek/venv/lib/python3.9/site-packages/airflow/example_dags/example_branch_labels.py for tasks to queue
[2023-03-12T08:13:46.664+0000] {logging_mixin.py:137} INFO - [2023-03-12T08:13:46.664+0000] {dagbag.py:538} INFO - Filling up the DagBag from /home/melicharovykrecek/venv/lib/python3.9/site-packages/airflow/example_dags/example_branch_labels.py
[2023-03-12T08:13:46.684+0000] {processor.py:753} INFO - DAG(s) dict_keys(['example_branch_labels']) retrieved from /home/melicharovykrecek/venv/lib/python3.9/site-packages/airflow/example_dags/example_branch_labels.py
[2023-03-12T08:13:46.713+0000] {logging_mixin.py:137} INFO - [2023-03-12T08:13:46.712+0000] {dag.py:2690} INFO - Sync 1 DAGs
[2023-03-12T08:13:46.740+0000] {logging_mixin.py:137} INFO - [2023-03-12T08:13:46.739+0000] {dag.py:3437} INFO - Setting next_dagrun for example_branch_labels to 2023-03-11T00:00:00+00:00, run_after=2023-03-12T00:00:00+00:00
[2023-03-12T08:13:46.770+0000] {processor.py:175} INFO - Processing /home/melicharovykrecek/venv/lib/python3.9/site-packages/airflow/example_dags/example_branch_labels.py took 0.114 seconds
[2023-03-12T08:14:36.502+0000] {processor.py:153} INFO - Started process (PID=4471) to work on /home/melicharovykrecek/venv/lib/python3.9/site-packages/airflow/example_dags/example_branch_labels.py
[2023-03-12T08:14:36.504+0000] {processor.py:743} INFO - Processing file /home/melicharovykrecek/venv/lib/python3.9/site-packages/airflow/example_dags/example_branch_labels.py for tasks to queue
[2023-03-12T08:14:36.505+0000] {logging_mixin.py:137} INFO - [2023-03-12T08:14:36.505+0000] {dagbag.py:538} INFO - Filling up the DagBag from /home/melicharovykrecek/venv/lib/python3.9/site-packages/airflow/example_dags/example_branch_labels.py
[2023-03-12T08:14:36.526+0000] {processor.py:753} INFO - DAG(s) dict_keys(['example_branch_labels']) retrieved from /home/melicharovykrecek/venv/lib/python3.9/site-packages/airflow/example_dags/example_branch_labels.py
[2023-03-12T08:14:36.553+0000] {logging_mixin.py:137} INFO - [2023-03-12T08:14:36.553+0000] {dag.py:2690} INFO - Sync 1 DAGs
[2023-03-12T08:14:36.580+0000] {logging_mixin.py:137} INFO - [2023-03-12T08:14:36.580+0000] {dag.py:3437} INFO - Setting next_dagrun for example_branch_labels to 2023-03-11T00:00:00+00:00, run_after=2023-03-12T00:00:00+00:00
[2023-03-12T08:14:36.610+0000] {processor.py:175} INFO - Processing /home/melicharovykrecek/venv/lib/python3.9/site-packages/airflow/example_dags/example_branch_labels.py took 0.112 seconds
[2023-03-12T08:15:23.758+0000] {processor.py:153} INFO - Started process (PID=4517) to work on /home/melicharovykrecek/venv/lib/python3.9/site-packages/airflow/example_dags/example_branch_labels.py
[2023-03-12T08:15:23.760+0000] {processor.py:743} INFO - Processing file /home/melicharovykrecek/venv/lib/python3.9/site-packages/airflow/example_dags/example_branch_labels.py for tasks to queue
[2023-03-12T08:15:23.761+0000] {logging_mixin.py:137} INFO - [2023-03-12T08:15:23.761+0000] {dagbag.py:538} INFO - Filling up the DagBag from /home/melicharovykrecek/venv/lib/python3.9/site-packages/airflow/example_dags/example_branch_labels.py
[2023-03-12T08:15:23.781+0000] {processor.py:753} INFO - DAG(s) dict_keys(['example_branch_labels']) retrieved from /home/melicharovykrecek/venv/lib/python3.9/site-packages/airflow/example_dags/example_branch_labels.py
[2023-03-12T08:15:23.808+0000] {logging_mixin.py:137} INFO - [2023-03-12T08:15:23.808+0000] {dag.py:2690} INFO - Sync 1 DAGs
[2023-03-12T08:15:23.837+0000] {logging_mixin.py:137} INFO - [2023-03-12T08:15:23.837+0000] {dag.py:3437} INFO - Setting next_dagrun for example_branch_labels to 2023-03-11T00:00:00+00:00, run_after=2023-03-12T00:00:00+00:00
[2023-03-12T08:15:23.867+0000] {processor.py:175} INFO - Processing /home/melicharovykrecek/venv/lib/python3.9/site-packages/airflow/example_dags/example_branch_labels.py took 0.114 seconds
[2023-03-12T08:16:05.889+0000] {processor.py:153} INFO - Started process (PID=4563) to work on /home/melicharovykrecek/venv/lib/python3.9/site-packages/airflow/example_dags/example_branch_labels.py
[2023-03-12T08:16:05.892+0000] {processor.py:743} INFO - Processing file /home/melicharovykrecek/venv/lib/python3.9/site-packages/airflow/example_dags/example_branch_labels.py for tasks to queue
[2023-03-12T08:16:05.892+0000] {logging_mixin.py:137} INFO - [2023-03-12T08:16:05.892+0000] {dagbag.py:538} INFO - Filling up the DagBag from /home/melicharovykrecek/venv/lib/python3.9/site-packages/airflow/example_dags/example_branch_labels.py
[2023-03-12T08:16:05.913+0000] {processor.py:753} INFO - DAG(s) dict_keys(['example_branch_labels']) retrieved from /home/melicharovykrecek/venv/lib/python3.9/site-packages/airflow/example_dags/example_branch_labels.py
[2023-03-12T08:16:05.941+0000] {logging_mixin.py:137} INFO - [2023-03-12T08:16:05.940+0000] {dag.py:2690} INFO - Sync 1 DAGs
[2023-03-12T08:16:05.967+0000] {logging_mixin.py:137} INFO - [2023-03-12T08:16:05.967+0000] {dag.py:3437} INFO - Setting next_dagrun for example_branch_labels to 2023-03-11T00:00:00+00:00, run_after=2023-03-12T00:00:00+00:00
[2023-03-12T08:16:05.995+0000] {processor.py:175} INFO - Processing /home/melicharovykrecek/venv/lib/python3.9/site-packages/airflow/example_dags/example_branch_labels.py took 0.110 seconds
[2023-03-12T08:16:58.311+0000] {processor.py:153} INFO - Started process (PID=4613) to work on /home/melicharovykrecek/venv/lib/python3.9/site-packages/airflow/example_dags/example_branch_labels.py
[2023-03-12T08:16:58.313+0000] {processor.py:743} INFO - Processing file /home/melicharovykrecek/venv/lib/python3.9/site-packages/airflow/example_dags/example_branch_labels.py for tasks to queue
[2023-03-12T08:16:58.314+0000] {logging_mixin.py:137} INFO - [2023-03-12T08:16:58.314+0000] {dagbag.py:538} INFO - Filling up the DagBag from /home/melicharovykrecek/venv/lib/python3.9/site-packages/airflow/example_dags/example_branch_labels.py
[2023-03-12T08:16:58.335+0000] {processor.py:753} INFO - DAG(s) dict_keys(['example_branch_labels']) retrieved from /home/melicharovykrecek/venv/lib/python3.9/site-packages/airflow/example_dags/example_branch_labels.py
[2023-03-12T08:16:58.362+0000] {logging_mixin.py:137} INFO - [2023-03-12T08:16:58.362+0000] {dag.py:2690} INFO - Sync 1 DAGs
[2023-03-12T08:16:58.388+0000] {logging_mixin.py:137} INFO - [2023-03-12T08:16:58.387+0000] {dag.py:3437} INFO - Setting next_dagrun for example_branch_labels to 2023-03-11T00:00:00+00:00, run_after=2023-03-12T00:00:00+00:00
[2023-03-12T08:16:58.414+0000] {processor.py:175} INFO - Processing /home/melicharovykrecek/venv/lib/python3.9/site-packages/airflow/example_dags/example_branch_labels.py took 0.108 seconds
[2023-03-12T08:17:40.830+0000] {processor.py:153} INFO - Started process (PID=4665) to work on /home/melicharovykrecek/venv/lib/python3.9/site-packages/airflow/example_dags/example_branch_labels.py
[2023-03-12T08:17:40.833+0000] {processor.py:743} INFO - Processing file /home/melicharovykrecek/venv/lib/python3.9/site-packages/airflow/example_dags/example_branch_labels.py for tasks to queue
[2023-03-12T08:17:40.834+0000] {logging_mixin.py:137} INFO - [2023-03-12T08:17:40.834+0000] {dagbag.py:538} INFO - Filling up the DagBag from /home/melicharovykrecek/venv/lib/python3.9/site-packages/airflow/example_dags/example_branch_labels.py
[2023-03-12T08:17:40.854+0000] {processor.py:753} INFO - DAG(s) dict_keys(['example_branch_labels']) retrieved from /home/melicharovykrecek/venv/lib/python3.9/site-packages/airflow/example_dags/example_branch_labels.py
[2023-03-12T08:17:40.880+0000] {logging_mixin.py:137} INFO - [2023-03-12T08:17:40.880+0000] {dag.py:2690} INFO - Sync 1 DAGs
[2023-03-12T08:17:40.906+0000] {logging_mixin.py:137} INFO - [2023-03-12T08:17:40.906+0000] {dag.py:3437} INFO - Setting next_dagrun for example_branch_labels to 2023-03-11T00:00:00+00:00, run_after=2023-03-12T00:00:00+00:00
[2023-03-12T08:17:40.936+0000] {processor.py:175} INFO - Processing /home/melicharovykrecek/venv/lib/python3.9/site-packages/airflow/example_dags/example_branch_labels.py took 0.110 seconds
[2023-03-12T08:18:27.743+0000] {processor.py:153} INFO - Started process (PID=4711) to work on /home/melicharovykrecek/venv/lib/python3.9/site-packages/airflow/example_dags/example_branch_labels.py
[2023-03-12T08:18:27.744+0000] {processor.py:743} INFO - Processing file /home/melicharovykrecek/venv/lib/python3.9/site-packages/airflow/example_dags/example_branch_labels.py for tasks to queue
[2023-03-12T08:18:27.745+0000] {logging_mixin.py:137} INFO - [2023-03-12T08:18:27.745+0000] {dagbag.py:538} INFO - Filling up the DagBag from /home/melicharovykrecek/venv/lib/python3.9/site-packages/airflow/example_dags/example_branch_labels.py
[2023-03-12T08:18:27.765+0000] {processor.py:753} INFO - DAG(s) dict_keys(['example_branch_labels']) retrieved from /home/melicharovykrecek/venv/lib/python3.9/site-packages/airflow/example_dags/example_branch_labels.py
[2023-03-12T08:18:27.791+0000] {logging_mixin.py:137} INFO - [2023-03-12T08:18:27.791+0000] {dag.py:2690} INFO - Sync 1 DAGs
[2023-03-12T08:18:27.819+0000] {logging_mixin.py:137} INFO - [2023-03-12T08:18:27.818+0000] {dag.py:3437} INFO - Setting next_dagrun for example_branch_labels to 2023-03-11T00:00:00+00:00, run_after=2023-03-12T00:00:00+00:00
[2023-03-12T08:18:27.849+0000] {processor.py:175} INFO - Processing /home/melicharovykrecek/venv/lib/python3.9/site-packages/airflow/example_dags/example_branch_labels.py took 0.111 seconds
[2023-03-12T08:19:15.637+0000] {processor.py:153} INFO - Started process (PID=4758) to work on /home/melicharovykrecek/venv/lib/python3.9/site-packages/airflow/example_dags/example_branch_labels.py
[2023-03-12T08:19:15.639+0000] {processor.py:743} INFO - Processing file /home/melicharovykrecek/venv/lib/python3.9/site-packages/airflow/example_dags/example_branch_labels.py for tasks to queue
[2023-03-12T08:19:15.640+0000] {logging_mixin.py:137} INFO - [2023-03-12T08:19:15.640+0000] {dagbag.py:538} INFO - Filling up the DagBag from /home/melicharovykrecek/venv/lib/python3.9/site-packages/airflow/example_dags/example_branch_labels.py
[2023-03-12T08:19:15.661+0000] {processor.py:753} INFO - DAG(s) dict_keys(['example_branch_labels']) retrieved from /home/melicharovykrecek/venv/lib/python3.9/site-packages/airflow/example_dags/example_branch_labels.py
[2023-03-12T08:19:15.687+0000] {logging_mixin.py:137} INFO - [2023-03-12T08:19:15.687+0000] {dag.py:2690} INFO - Sync 1 DAGs
[2023-03-12T08:19:15.712+0000] {logging_mixin.py:137} INFO - [2023-03-12T08:19:15.712+0000] {dag.py:3437} INFO - Setting next_dagrun for example_branch_labels to 2023-03-11T00:00:00+00:00, run_after=2023-03-12T00:00:00+00:00
[2023-03-12T08:19:15.741+0000] {processor.py:175} INFO - Processing /home/melicharovykrecek/venv/lib/python3.9/site-packages/airflow/example_dags/example_branch_labels.py took 0.109 seconds
[2023-03-12T08:20:03.565+0000] {processor.py:153} INFO - Started process (PID=4810) to work on /home/melicharovykrecek/venv/lib/python3.9/site-packages/airflow/example_dags/example_branch_labels.py
[2023-03-12T08:20:03.567+0000] {processor.py:743} INFO - Processing file /home/melicharovykrecek/venv/lib/python3.9/site-packages/airflow/example_dags/example_branch_labels.py for tasks to queue
[2023-03-12T08:20:03.568+0000] {logging_mixin.py:137} INFO - [2023-03-12T08:20:03.568+0000] {dagbag.py:538} INFO - Filling up the DagBag from /home/melicharovykrecek/venv/lib/python3.9/site-packages/airflow/example_dags/example_branch_labels.py
[2023-03-12T08:20:03.588+0000] {processor.py:753} INFO - DAG(s) dict_keys(['example_branch_labels']) retrieved from /home/melicharovykrecek/venv/lib/python3.9/site-packages/airflow/example_dags/example_branch_labels.py
[2023-03-12T08:20:03.616+0000] {logging_mixin.py:137} INFO - [2023-03-12T08:20:03.615+0000] {dag.py:2690} INFO - Sync 1 DAGs
[2023-03-12T08:20:03.642+0000] {logging_mixin.py:137} INFO - [2023-03-12T08:20:03.642+0000] {dag.py:3437} INFO - Setting next_dagrun for example_branch_labels to 2023-03-11T00:00:00+00:00, run_after=2023-03-12T00:00:00+00:00
[2023-03-12T08:20:03.671+0000] {processor.py:175} INFO - Processing /home/melicharovykrecek/venv/lib/python3.9/site-packages/airflow/example_dags/example_branch_labels.py took 0.111 seconds
[2023-03-12T08:20:55.728+0000] {processor.py:153} INFO - Started process (PID=4860) to work on /home/melicharovykrecek/venv/lib/python3.9/site-packages/airflow/example_dags/example_branch_labels.py
[2023-03-12T08:20:55.731+0000] {processor.py:743} INFO - Processing file /home/melicharovykrecek/venv/lib/python3.9/site-packages/airflow/example_dags/example_branch_labels.py for tasks to queue
[2023-03-12T08:20:55.732+0000] {logging_mixin.py:137} INFO - [2023-03-12T08:20:55.732+0000] {dagbag.py:538} INFO - Filling up the DagBag from /home/melicharovykrecek/venv/lib/python3.9/site-packages/airflow/example_dags/example_branch_labels.py
[2023-03-12T08:20:55.751+0000] {processor.py:753} INFO - DAG(s) dict_keys(['example_branch_labels']) retrieved from /home/melicharovykrecek/venv/lib/python3.9/site-packages/airflow/example_dags/example_branch_labels.py
[2023-03-12T08:20:55.778+0000] {logging_mixin.py:137} INFO - [2023-03-12T08:20:55.778+0000] {dag.py:2690} INFO - Sync 1 DAGs
[2023-03-12T08:20:55.804+0000] {logging_mixin.py:137} INFO - [2023-03-12T08:20:55.804+0000] {dag.py:3437} INFO - Setting next_dagrun for example_branch_labels to 2023-03-11T00:00:00+00:00, run_after=2023-03-12T00:00:00+00:00
[2023-03-12T08:20:55.833+0000] {processor.py:175} INFO - Processing /home/melicharovykrecek/venv/lib/python3.9/site-packages/airflow/example_dags/example_branch_labels.py took 0.111 seconds
