[2023-03-12T07:30:43.104+0000] {processor.py:153} INFO - Started process (PID=1488) to work on /home/melicharovykrecek/venv/lib/python3.9/site-packages/airflow/example_dags/example_task_group_decorator.py
[2023-03-12T07:30:43.105+0000] {processor.py:743} INFO - Processing file /home/melicharovykrecek/venv/lib/python3.9/site-packages/airflow/example_dags/example_task_group_decorator.py for tasks to queue
[2023-03-12T07:30:43.106+0000] {logging_mixin.py:137} INFO - [2023-03-12T07:30:43.106+0000] {dagbag.py:538} INFO - Filling up the DagBag from /home/melicharovykrecek/venv/lib/python3.9/site-packages/airflow/example_dags/example_task_group_decorator.py
[2023-03-12T07:30:43.142+0000] {processor.py:753} INFO - DAG(s) dict_keys(['example_task_group_decorator']) retrieved from /home/melicharovykrecek/venv/lib/python3.9/site-packages/airflow/example_dags/example_task_group_decorator.py
[2023-03-12T07:30:43.168+0000] {logging_mixin.py:137} INFO - [2023-03-12T07:30:43.168+0000] {dag.py:2690} INFO - Sync 1 DAGs
[2023-03-12T07:30:43.193+0000] {logging_mixin.py:137} INFO - [2023-03-12T07:30:43.193+0000] {dag.py:3437} INFO - Setting next_dagrun for example_task_group_decorator to 2023-03-11T07:30:43.193198+00:00, run_after=2023-03-12T07:30:43.193198+00:00
[2023-03-12T07:30:43.220+0000] {processor.py:175} INFO - Processing /home/melicharovykrecek/venv/lib/python3.9/site-packages/airflow/example_dags/example_task_group_decorator.py took 0.121 seconds
[2023-03-12T07:31:23.756+0000] {processor.py:153} INFO - Started process (PID=1532) to work on /home/melicharovykrecek/venv/lib/python3.9/site-packages/airflow/example_dags/example_task_group_decorator.py
[2023-03-12T07:31:23.758+0000] {processor.py:743} INFO - Processing file /home/melicharovykrecek/venv/lib/python3.9/site-packages/airflow/example_dags/example_task_group_decorator.py for tasks to queue
[2023-03-12T07:31:23.759+0000] {logging_mixin.py:137} INFO - [2023-03-12T07:31:23.759+0000] {dagbag.py:538} INFO - Filling up the DagBag from /home/melicharovykrecek/venv/lib/python3.9/site-packages/airflow/example_dags/example_task_group_decorator.py
[2023-03-12T07:31:23.794+0000] {processor.py:753} INFO - DAG(s) dict_keys(['example_task_group_decorator']) retrieved from /home/melicharovykrecek/venv/lib/python3.9/site-packages/airflow/example_dags/example_task_group_decorator.py
[2023-03-12T07:31:23.821+0000] {logging_mixin.py:137} INFO - [2023-03-12T07:31:23.820+0000] {dag.py:2690} INFO - Sync 1 DAGs
[2023-03-12T07:31:23.850+0000] {logging_mixin.py:137} INFO - [2023-03-12T07:31:23.850+0000] {dag.py:3437} INFO - Setting next_dagrun for example_task_group_decorator to 2023-03-11T07:31:23.850415+00:00, run_after=2023-03-12T07:31:23.850415+00:00
[2023-03-12T07:31:23.878+0000] {processor.py:175} INFO - Processing /home/melicharovykrecek/venv/lib/python3.9/site-packages/airflow/example_dags/example_task_group_decorator.py took 0.126 seconds
[2023-03-12T07:32:05.643+0000] {processor.py:153} INFO - Started process (PID=1592) to work on /home/melicharovykrecek/venv/lib/python3.9/site-packages/airflow/example_dags/example_task_group_decorator.py
[2023-03-12T07:32:05.645+0000] {processor.py:743} INFO - Processing file /home/melicharovykrecek/venv/lib/python3.9/site-packages/airflow/example_dags/example_task_group_decorator.py for tasks to queue
[2023-03-12T07:32:05.646+0000] {logging_mixin.py:137} INFO - [2023-03-12T07:32:05.646+0000] {dagbag.py:538} INFO - Filling up the DagBag from /home/melicharovykrecek/venv/lib/python3.9/site-packages/airflow/example_dags/example_task_group_decorator.py
[2023-03-12T07:32:05.684+0000] {processor.py:753} INFO - DAG(s) dict_keys(['example_task_group_decorator']) retrieved from /home/melicharovykrecek/venv/lib/python3.9/site-packages/airflow/example_dags/example_task_group_decorator.py
[2023-03-12T07:32:05.714+0000] {logging_mixin.py:137} INFO - [2023-03-12T07:32:05.713+0000] {dag.py:2690} INFO - Sync 1 DAGs
[2023-03-12T07:32:05.739+0000] {logging_mixin.py:137} INFO - [2023-03-12T07:32:05.739+0000] {dag.py:3437} INFO - Setting next_dagrun for example_task_group_decorator to 2023-03-11T07:32:05.739305+00:00, run_after=2023-03-12T07:32:05.739305+00:00
[2023-03-12T07:32:05.768+0000] {processor.py:175} INFO - Processing /home/melicharovykrecek/venv/lib/python3.9/site-packages/airflow/example_dags/example_task_group_decorator.py took 0.130 seconds
[2023-03-12T07:32:52.506+0000] {processor.py:153} INFO - Started process (PID=1641) to work on /home/melicharovykrecek/venv/lib/python3.9/site-packages/airflow/example_dags/example_task_group_decorator.py
[2023-03-12T07:32:52.508+0000] {processor.py:743} INFO - Processing file /home/melicharovykrecek/venv/lib/python3.9/site-packages/airflow/example_dags/example_task_group_decorator.py for tasks to queue
[2023-03-12T07:32:52.509+0000] {logging_mixin.py:137} INFO - [2023-03-12T07:32:52.509+0000] {dagbag.py:538} INFO - Filling up the DagBag from /home/melicharovykrecek/venv/lib/python3.9/site-packages/airflow/example_dags/example_task_group_decorator.py
[2023-03-12T07:32:52.544+0000] {processor.py:753} INFO - DAG(s) dict_keys(['example_task_group_decorator']) retrieved from /home/melicharovykrecek/venv/lib/python3.9/site-packages/airflow/example_dags/example_task_group_decorator.py
[2023-03-12T07:32:52.571+0000] {logging_mixin.py:137} INFO - [2023-03-12T07:32:52.570+0000] {dag.py:2690} INFO - Sync 1 DAGs
[2023-03-12T07:32:52.594+0000] {logging_mixin.py:137} INFO - [2023-03-12T07:32:52.594+0000] {dag.py:3437} INFO - Setting next_dagrun for example_task_group_decorator to 2023-03-11T07:32:52.593744+00:00, run_after=2023-03-12T07:32:52.593744+00:00
[2023-03-12T07:32:52.621+0000] {processor.py:175} INFO - Processing /home/melicharovykrecek/venv/lib/python3.9/site-packages/airflow/example_dags/example_task_group_decorator.py took 0.120 seconds
[2023-03-12T07:33:34.485+0000] {processor.py:153} INFO - Started process (PID=1685) to work on /home/melicharovykrecek/venv/lib/python3.9/site-packages/airflow/example_dags/example_task_group_decorator.py
[2023-03-12T07:33:34.487+0000] {processor.py:743} INFO - Processing file /home/melicharovykrecek/venv/lib/python3.9/site-packages/airflow/example_dags/example_task_group_decorator.py for tasks to queue
[2023-03-12T07:33:34.488+0000] {logging_mixin.py:137} INFO - [2023-03-12T07:33:34.487+0000] {dagbag.py:538} INFO - Filling up the DagBag from /home/melicharovykrecek/venv/lib/python3.9/site-packages/airflow/example_dags/example_task_group_decorator.py
[2023-03-12T07:33:34.521+0000] {processor.py:753} INFO - DAG(s) dict_keys(['example_task_group_decorator']) retrieved from /home/melicharovykrecek/venv/lib/python3.9/site-packages/airflow/example_dags/example_task_group_decorator.py
[2023-03-12T07:33:34.546+0000] {logging_mixin.py:137} INFO - [2023-03-12T07:33:34.546+0000] {dag.py:2690} INFO - Sync 1 DAGs
[2023-03-12T07:33:34.568+0000] {logging_mixin.py:137} INFO - [2023-03-12T07:33:34.568+0000] {dag.py:3437} INFO - Setting next_dagrun for example_task_group_decorator to 2023-03-11T07:33:34.568161+00:00, run_after=2023-03-12T07:33:34.568161+00:00
[2023-03-12T07:33:34.593+0000] {processor.py:175} INFO - Processing /home/melicharovykrecek/venv/lib/python3.9/site-packages/airflow/example_dags/example_task_group_decorator.py took 0.113 seconds
[2023-03-12T07:34:22.899+0000] {processor.py:153} INFO - Started process (PID=1731) to work on /home/melicharovykrecek/venv/lib/python3.9/site-packages/airflow/example_dags/example_task_group_decorator.py
[2023-03-12T07:34:22.901+0000] {processor.py:743} INFO - Processing file /home/melicharovykrecek/venv/lib/python3.9/site-packages/airflow/example_dags/example_task_group_decorator.py for tasks to queue
[2023-03-12T07:34:22.902+0000] {logging_mixin.py:137} INFO - [2023-03-12T07:34:22.902+0000] {dagbag.py:538} INFO - Filling up the DagBag from /home/melicharovykrecek/venv/lib/python3.9/site-packages/airflow/example_dags/example_task_group_decorator.py
[2023-03-12T07:34:22.934+0000] {processor.py:753} INFO - DAG(s) dict_keys(['example_task_group_decorator']) retrieved from /home/melicharovykrecek/venv/lib/python3.9/site-packages/airflow/example_dags/example_task_group_decorator.py
[2023-03-12T07:34:22.961+0000] {logging_mixin.py:137} INFO - [2023-03-12T07:34:22.961+0000] {dag.py:2690} INFO - Sync 1 DAGs
[2023-03-12T07:34:22.983+0000] {logging_mixin.py:137} INFO - [2023-03-12T07:34:22.983+0000] {dag.py:3437} INFO - Setting next_dagrun for example_task_group_decorator to 2023-03-11T07:34:22.983208+00:00, run_after=2023-03-12T07:34:22.983208+00:00
[2023-03-12T07:34:23.012+0000] {processor.py:175} INFO - Processing /home/melicharovykrecek/venv/lib/python3.9/site-packages/airflow/example_dags/example_task_group_decorator.py took 0.118 seconds
[2023-03-12T07:35:11.977+0000] {processor.py:153} INFO - Started process (PID=1814) to work on /home/melicharovykrecek/venv/lib/python3.9/site-packages/airflow/example_dags/example_task_group_decorator.py
[2023-03-12T07:35:11.979+0000] {processor.py:743} INFO - Processing file /home/melicharovykrecek/venv/lib/python3.9/site-packages/airflow/example_dags/example_task_group_decorator.py for tasks to queue
[2023-03-12T07:35:11.980+0000] {logging_mixin.py:137} INFO - [2023-03-12T07:35:11.979+0000] {dagbag.py:538} INFO - Filling up the DagBag from /home/melicharovykrecek/venv/lib/python3.9/site-packages/airflow/example_dags/example_task_group_decorator.py
[2023-03-12T07:35:12.013+0000] {processor.py:753} INFO - DAG(s) dict_keys(['example_task_group_decorator']) retrieved from /home/melicharovykrecek/venv/lib/python3.9/site-packages/airflow/example_dags/example_task_group_decorator.py
[2023-03-12T07:35:12.038+0000] {logging_mixin.py:137} INFO - [2023-03-12T07:35:12.037+0000] {dag.py:2690} INFO - Sync 1 DAGs
[2023-03-12T07:35:12.061+0000] {logging_mixin.py:137} INFO - [2023-03-12T07:35:12.060+0000] {dag.py:3437} INFO - Setting next_dagrun for example_task_group_decorator to 2023-03-11T07:35:12.060563+00:00, run_after=2023-03-12T07:35:12.060563+00:00
[2023-03-12T07:35:12.085+0000] {processor.py:175} INFO - Processing /home/melicharovykrecek/venv/lib/python3.9/site-packages/airflow/example_dags/example_task_group_decorator.py took 0.113 seconds
[2023-03-12T07:36:00.668+0000] {processor.py:153} INFO - Started process (PID=1886) to work on /home/melicharovykrecek/venv/lib/python3.9/site-packages/airflow/example_dags/example_task_group_decorator.py
[2023-03-12T07:36:00.670+0000] {processor.py:743} INFO - Processing file /home/melicharovykrecek/venv/lib/python3.9/site-packages/airflow/example_dags/example_task_group_decorator.py for tasks to queue
[2023-03-12T07:36:00.671+0000] {logging_mixin.py:137} INFO - [2023-03-12T07:36:00.671+0000] {dagbag.py:538} INFO - Filling up the DagBag from /home/melicharovykrecek/venv/lib/python3.9/site-packages/airflow/example_dags/example_task_group_decorator.py
[2023-03-12T07:36:00.705+0000] {processor.py:753} INFO - DAG(s) dict_keys(['example_task_group_decorator']) retrieved from /home/melicharovykrecek/venv/lib/python3.9/site-packages/airflow/example_dags/example_task_group_decorator.py
[2023-03-12T07:36:00.731+0000] {logging_mixin.py:137} INFO - [2023-03-12T07:36:00.731+0000] {dag.py:2690} INFO - Sync 1 DAGs
[2023-03-12T07:36:00.754+0000] {logging_mixin.py:137} INFO - [2023-03-12T07:36:00.754+0000] {dag.py:3437} INFO - Setting next_dagrun for example_task_group_decorator to 2023-03-11T07:36:00.753923+00:00, run_after=2023-03-12T07:36:00.753923+00:00
[2023-03-12T07:36:00.779+0000] {processor.py:175} INFO - Processing /home/melicharovykrecek/venv/lib/python3.9/site-packages/airflow/example_dags/example_task_group_decorator.py took 0.115 seconds
[2023-03-12T07:36:38.777+0000] {processor.py:153} INFO - Started process (PID=1923) to work on /home/melicharovykrecek/venv/lib/python3.9/site-packages/airflow/example_dags/example_task_group_decorator.py
[2023-03-12T07:36:38.779+0000] {processor.py:743} INFO - Processing file /home/melicharovykrecek/venv/lib/python3.9/site-packages/airflow/example_dags/example_task_group_decorator.py for tasks to queue
[2023-03-12T07:36:38.779+0000] {logging_mixin.py:137} INFO - [2023-03-12T07:36:38.779+0000] {dagbag.py:538} INFO - Filling up the DagBag from /home/melicharovykrecek/venv/lib/python3.9/site-packages/airflow/example_dags/example_task_group_decorator.py
[2023-03-12T07:36:38.814+0000] {processor.py:753} INFO - DAG(s) dict_keys(['example_task_group_decorator']) retrieved from /home/melicharovykrecek/venv/lib/python3.9/site-packages/airflow/example_dags/example_task_group_decorator.py
[2023-03-12T07:36:38.839+0000] {logging_mixin.py:137} INFO - [2023-03-12T07:36:38.839+0000] {dag.py:2690} INFO - Sync 1 DAGs
[2023-03-12T07:36:38.862+0000] {logging_mixin.py:137} INFO - [2023-03-12T07:36:38.862+0000] {dag.py:3437} INFO - Setting next_dagrun for example_task_group_decorator to 2023-03-11T07:36:38.862122+00:00, run_after=2023-03-12T07:36:38.862122+00:00
[2023-03-12T07:36:38.888+0000] {processor.py:175} INFO - Processing /home/melicharovykrecek/venv/lib/python3.9/site-packages/airflow/example_dags/example_task_group_decorator.py took 0.116 seconds
[2023-03-12T07:37:23.967+0000] {processor.py:153} INFO - Started process (PID=1967) to work on /home/melicharovykrecek/venv/lib/python3.9/site-packages/airflow/example_dags/example_task_group_decorator.py
[2023-03-12T07:37:23.969+0000] {processor.py:743} INFO - Processing file /home/melicharovykrecek/venv/lib/python3.9/site-packages/airflow/example_dags/example_task_group_decorator.py for tasks to queue
[2023-03-12T07:37:23.970+0000] {logging_mixin.py:137} INFO - [2023-03-12T07:37:23.970+0000] {dagbag.py:538} INFO - Filling up the DagBag from /home/melicharovykrecek/venv/lib/python3.9/site-packages/airflow/example_dags/example_task_group_decorator.py
[2023-03-12T07:37:24.006+0000] {processor.py:753} INFO - DAG(s) dict_keys(['example_task_group_decorator']) retrieved from /home/melicharovykrecek/venv/lib/python3.9/site-packages/airflow/example_dags/example_task_group_decorator.py
[2023-03-12T07:37:24.030+0000] {logging_mixin.py:137} INFO - [2023-03-12T07:37:24.030+0000] {dag.py:2690} INFO - Sync 1 DAGs
[2023-03-12T07:37:24.053+0000] {logging_mixin.py:137} INFO - [2023-03-12T07:37:24.052+0000] {dag.py:3437} INFO - Setting next_dagrun for example_task_group_decorator to 2023-03-11T07:37:24.052544+00:00, run_after=2023-03-12T07:37:24.052544+00:00
[2023-03-12T07:37:24.080+0000] {processor.py:175} INFO - Processing /home/melicharovykrecek/venv/lib/python3.9/site-packages/airflow/example_dags/example_task_group_decorator.py took 0.118 seconds
[2023-03-12T07:38:13.349+0000] {processor.py:153} INFO - Started process (PID=2020) to work on /home/melicharovykrecek/venv/lib/python3.9/site-packages/airflow/example_dags/example_task_group_decorator.py
[2023-03-12T07:38:13.351+0000] {processor.py:743} INFO - Processing file /home/melicharovykrecek/venv/lib/python3.9/site-packages/airflow/example_dags/example_task_group_decorator.py for tasks to queue
[2023-03-12T07:38:13.352+0000] {logging_mixin.py:137} INFO - [2023-03-12T07:38:13.352+0000] {dagbag.py:538} INFO - Filling up the DagBag from /home/melicharovykrecek/venv/lib/python3.9/site-packages/airflow/example_dags/example_task_group_decorator.py
[2023-03-12T07:38:13.388+0000] {processor.py:753} INFO - DAG(s) dict_keys(['example_task_group_decorator']) retrieved from /home/melicharovykrecek/venv/lib/python3.9/site-packages/airflow/example_dags/example_task_group_decorator.py
[2023-03-12T07:38:13.415+0000] {logging_mixin.py:137} INFO - [2023-03-12T07:38:13.415+0000] {dag.py:2690} INFO - Sync 1 DAGs
[2023-03-12T07:38:13.443+0000] {logging_mixin.py:137} INFO - [2023-03-12T07:38:13.443+0000] {dag.py:3437} INFO - Setting next_dagrun for example_task_group_decorator to 2023-03-11T07:38:13.443001+00:00, run_after=2023-03-12T07:38:13.443001+00:00
[2023-03-12T07:38:13.474+0000] {processor.py:175} INFO - Processing /home/melicharovykrecek/venv/lib/python3.9/site-packages/airflow/example_dags/example_task_group_decorator.py took 0.130 seconds
[2023-03-12T07:38:51.423+0000] {processor.py:153} INFO - Started process (PID=2066) to work on /home/melicharovykrecek/venv/lib/python3.9/site-packages/airflow/example_dags/example_task_group_decorator.py
[2023-03-12T07:38:51.425+0000] {processor.py:743} INFO - Processing file /home/melicharovykrecek/venv/lib/python3.9/site-packages/airflow/example_dags/example_task_group_decorator.py for tasks to queue
[2023-03-12T07:38:51.426+0000] {logging_mixin.py:137} INFO - [2023-03-12T07:38:51.426+0000] {dagbag.py:538} INFO - Filling up the DagBag from /home/melicharovykrecek/venv/lib/python3.9/site-packages/airflow/example_dags/example_task_group_decorator.py
[2023-03-12T07:38:51.460+0000] {processor.py:753} INFO - DAG(s) dict_keys(['example_task_group_decorator']) retrieved from /home/melicharovykrecek/venv/lib/python3.9/site-packages/airflow/example_dags/example_task_group_decorator.py
[2023-03-12T07:38:51.486+0000] {logging_mixin.py:137} INFO - [2023-03-12T07:38:51.486+0000] {dag.py:2690} INFO - Sync 1 DAGs
[2023-03-12T07:38:51.513+0000] {logging_mixin.py:137} INFO - [2023-03-12T07:38:51.512+0000] {dag.py:3437} INFO - Setting next_dagrun for example_task_group_decorator to 2023-03-11T07:38:51.512451+00:00, run_after=2023-03-12T07:38:51.512451+00:00
[2023-03-12T07:38:51.539+0000] {processor.py:175} INFO - Processing /home/melicharovykrecek/venv/lib/python3.9/site-packages/airflow/example_dags/example_task_group_decorator.py took 0.121 seconds
[2023-03-12T07:39:28.694+0000] {processor.py:153} INFO - Started process (PID=2103) to work on /home/melicharovykrecek/venv/lib/python3.9/site-packages/airflow/example_dags/example_task_group_decorator.py
[2023-03-12T07:39:28.696+0000] {processor.py:743} INFO - Processing file /home/melicharovykrecek/venv/lib/python3.9/site-packages/airflow/example_dags/example_task_group_decorator.py for tasks to queue
[2023-03-12T07:39:28.697+0000] {logging_mixin.py:137} INFO - [2023-03-12T07:39:28.697+0000] {dagbag.py:538} INFO - Filling up the DagBag from /home/melicharovykrecek/venv/lib/python3.9/site-packages/airflow/example_dags/example_task_group_decorator.py
[2023-03-12T07:39:28.732+0000] {processor.py:753} INFO - DAG(s) dict_keys(['example_task_group_decorator']) retrieved from /home/melicharovykrecek/venv/lib/python3.9/site-packages/airflow/example_dags/example_task_group_decorator.py
[2023-03-12T07:39:28.761+0000] {logging_mixin.py:137} INFO - [2023-03-12T07:39:28.761+0000] {dag.py:2690} INFO - Sync 1 DAGs
[2023-03-12T07:39:28.787+0000] {logging_mixin.py:137} INFO - [2023-03-12T07:39:28.787+0000] {dag.py:3437} INFO - Setting next_dagrun for example_task_group_decorator to 2023-03-11T07:39:28.787143+00:00, run_after=2023-03-12T07:39:28.787143+00:00
[2023-03-12T07:39:28.817+0000] {processor.py:175} INFO - Processing /home/melicharovykrecek/venv/lib/python3.9/site-packages/airflow/example_dags/example_task_group_decorator.py took 0.128 seconds
[2023-03-12T07:40:12.824+0000] {processor.py:153} INFO - Started process (PID=2173) to work on /home/melicharovykrecek/venv/lib/python3.9/site-packages/airflow/example_dags/example_task_group_decorator.py
[2023-03-12T07:40:12.827+0000] {processor.py:743} INFO - Processing file /home/melicharovykrecek/venv/lib/python3.9/site-packages/airflow/example_dags/example_task_group_decorator.py for tasks to queue
[2023-03-12T07:40:12.827+0000] {logging_mixin.py:137} INFO - [2023-03-12T07:40:12.827+0000] {dagbag.py:538} INFO - Filling up the DagBag from /home/melicharovykrecek/venv/lib/python3.9/site-packages/airflow/example_dags/example_task_group_decorator.py
[2023-03-12T07:40:12.863+0000] {processor.py:753} INFO - DAG(s) dict_keys(['example_task_group_decorator']) retrieved from /home/melicharovykrecek/venv/lib/python3.9/site-packages/airflow/example_dags/example_task_group_decorator.py
[2023-03-12T07:40:12.891+0000] {logging_mixin.py:137} INFO - [2023-03-12T07:40:12.890+0000] {dag.py:2690} INFO - Sync 1 DAGs
[2023-03-12T07:40:12.915+0000] {logging_mixin.py:137} INFO - [2023-03-12T07:40:12.915+0000] {dag.py:3437} INFO - Setting next_dagrun for example_task_group_decorator to 2023-03-11T07:40:12.915285+00:00, run_after=2023-03-12T07:40:12.915285+00:00
[2023-03-12T07:40:12.944+0000] {processor.py:175} INFO - Processing /home/melicharovykrecek/venv/lib/python3.9/site-packages/airflow/example_dags/example_task_group_decorator.py took 0.125 seconds
[2023-03-12T07:41:02.594+0000] {processor.py:153} INFO - Started process (PID=2233) to work on /home/melicharovykrecek/venv/lib/python3.9/site-packages/airflow/example_dags/example_task_group_decorator.py
[2023-03-12T07:41:02.597+0000] {processor.py:743} INFO - Processing file /home/melicharovykrecek/venv/lib/python3.9/site-packages/airflow/example_dags/example_task_group_decorator.py for tasks to queue
[2023-03-12T07:41:02.598+0000] {logging_mixin.py:137} INFO - [2023-03-12T07:41:02.598+0000] {dagbag.py:538} INFO - Filling up the DagBag from /home/melicharovykrecek/venv/lib/python3.9/site-packages/airflow/example_dags/example_task_group_decorator.py
[2023-03-12T07:41:02.636+0000] {processor.py:753} INFO - DAG(s) dict_keys(['example_task_group_decorator']) retrieved from /home/melicharovykrecek/venv/lib/python3.9/site-packages/airflow/example_dags/example_task_group_decorator.py
[2023-03-12T07:41:02.665+0000] {logging_mixin.py:137} INFO - [2023-03-12T07:41:02.664+0000] {dag.py:2690} INFO - Sync 1 DAGs
[2023-03-12T07:41:02.692+0000] {logging_mixin.py:137} INFO - [2023-03-12T07:41:02.692+0000] {dag.py:3437} INFO - Setting next_dagrun for example_task_group_decorator to 2023-03-11T07:41:02.691575+00:00, run_after=2023-03-12T07:41:02.691575+00:00
[2023-03-12T07:41:02.719+0000] {processor.py:175} INFO - Processing /home/melicharovykrecek/venv/lib/python3.9/site-packages/airflow/example_dags/example_task_group_decorator.py took 0.130 seconds
[2023-03-12T07:41:48.499+0000] {processor.py:153} INFO - Started process (PID=2293) to work on /home/melicharovykrecek/venv/lib/python3.9/site-packages/airflow/example_dags/example_task_group_decorator.py
[2023-03-12T07:41:48.501+0000] {processor.py:743} INFO - Processing file /home/melicharovykrecek/venv/lib/python3.9/site-packages/airflow/example_dags/example_task_group_decorator.py for tasks to queue
[2023-03-12T07:41:48.502+0000] {logging_mixin.py:137} INFO - [2023-03-12T07:41:48.502+0000] {dagbag.py:538} INFO - Filling up the DagBag from /home/melicharovykrecek/venv/lib/python3.9/site-packages/airflow/example_dags/example_task_group_decorator.py
[2023-03-12T07:41:48.537+0000] {processor.py:753} INFO - DAG(s) dict_keys(['example_task_group_decorator']) retrieved from /home/melicharovykrecek/venv/lib/python3.9/site-packages/airflow/example_dags/example_task_group_decorator.py
[2023-03-12T07:41:48.564+0000] {logging_mixin.py:137} INFO - [2023-03-12T07:41:48.564+0000] {dag.py:2690} INFO - Sync 1 DAGs
[2023-03-12T07:41:48.591+0000] {logging_mixin.py:137} INFO - [2023-03-12T07:41:48.591+0000] {dag.py:3437} INFO - Setting next_dagrun for example_task_group_decorator to 2023-03-11T07:41:48.590515+00:00, run_after=2023-03-12T07:41:48.590515+00:00
[2023-03-12T07:41:48.620+0000] {processor.py:175} INFO - Processing /home/melicharovykrecek/venv/lib/python3.9/site-packages/airflow/example_dags/example_task_group_decorator.py took 0.125 seconds
[2023-03-12T07:42:33.826+0000] {processor.py:153} INFO - Started process (PID=2338) to work on /home/melicharovykrecek/venv/lib/python3.9/site-packages/airflow/example_dags/example_task_group_decorator.py
[2023-03-12T07:42:33.828+0000] {processor.py:743} INFO - Processing file /home/melicharovykrecek/venv/lib/python3.9/site-packages/airflow/example_dags/example_task_group_decorator.py for tasks to queue
[2023-03-12T07:42:33.829+0000] {logging_mixin.py:137} INFO - [2023-03-12T07:42:33.829+0000] {dagbag.py:538} INFO - Filling up the DagBag from /home/melicharovykrecek/venv/lib/python3.9/site-packages/airflow/example_dags/example_task_group_decorator.py
[2023-03-12T07:42:33.864+0000] {processor.py:753} INFO - DAG(s) dict_keys(['example_task_group_decorator']) retrieved from /home/melicharovykrecek/venv/lib/python3.9/site-packages/airflow/example_dags/example_task_group_decorator.py
[2023-03-12T07:42:33.890+0000] {logging_mixin.py:137} INFO - [2023-03-12T07:42:33.890+0000] {dag.py:2690} INFO - Sync 1 DAGs
[2023-03-12T07:42:33.915+0000] {logging_mixin.py:137} INFO - [2023-03-12T07:42:33.915+0000] {dag.py:3437} INFO - Setting next_dagrun for example_task_group_decorator to 2023-03-11T07:42:33.915203+00:00, run_after=2023-03-12T07:42:33.915203+00:00
[2023-03-12T07:42:33.941+0000] {processor.py:175} INFO - Processing /home/melicharovykrecek/venv/lib/python3.9/site-packages/airflow/example_dags/example_task_group_decorator.py took 0.120 seconds
[2023-03-12T07:43:21.798+0000] {processor.py:153} INFO - Started process (PID=2388) to work on /home/melicharovykrecek/venv/lib/python3.9/site-packages/airflow/example_dags/example_task_group_decorator.py
[2023-03-12T07:43:21.800+0000] {processor.py:743} INFO - Processing file /home/melicharovykrecek/venv/lib/python3.9/site-packages/airflow/example_dags/example_task_group_decorator.py for tasks to queue
[2023-03-12T07:43:21.801+0000] {logging_mixin.py:137} INFO - [2023-03-12T07:43:21.801+0000] {dagbag.py:538} INFO - Filling up the DagBag from /home/melicharovykrecek/venv/lib/python3.9/site-packages/airflow/example_dags/example_task_group_decorator.py
[2023-03-12T07:43:21.838+0000] {processor.py:753} INFO - DAG(s) dict_keys(['example_task_group_decorator']) retrieved from /home/melicharovykrecek/venv/lib/python3.9/site-packages/airflow/example_dags/example_task_group_decorator.py
[2023-03-12T07:43:21.868+0000] {logging_mixin.py:137} INFO - [2023-03-12T07:43:21.868+0000] {dag.py:2690} INFO - Sync 1 DAGs
[2023-03-12T07:43:21.893+0000] {logging_mixin.py:137} INFO - [2023-03-12T07:43:21.893+0000] {dag.py:3437} INFO - Setting next_dagrun for example_task_group_decorator to 2023-03-11T07:43:21.893110+00:00, run_after=2023-03-12T07:43:21.893110+00:00
[2023-03-12T07:43:21.920+0000] {processor.py:175} INFO - Processing /home/melicharovykrecek/venv/lib/python3.9/site-packages/airflow/example_dags/example_task_group_decorator.py took 0.127 seconds
[2023-03-12T07:44:00.993+0000] {processor.py:153} INFO - Started process (PID=2444) to work on /home/melicharovykrecek/venv/lib/python3.9/site-packages/airflow/example_dags/example_task_group_decorator.py
[2023-03-12T07:44:00.995+0000] {processor.py:743} INFO - Processing file /home/melicharovykrecek/venv/lib/python3.9/site-packages/airflow/example_dags/example_task_group_decorator.py for tasks to queue
[2023-03-12T07:44:00.996+0000] {logging_mixin.py:137} INFO - [2023-03-12T07:44:00.996+0000] {dagbag.py:538} INFO - Filling up the DagBag from /home/melicharovykrecek/venv/lib/python3.9/site-packages/airflow/example_dags/example_task_group_decorator.py
[2023-03-12T07:44:01.031+0000] {processor.py:753} INFO - DAG(s) dict_keys(['example_task_group_decorator']) retrieved from /home/melicharovykrecek/venv/lib/python3.9/site-packages/airflow/example_dags/example_task_group_decorator.py
[2023-03-12T07:44:01.057+0000] {logging_mixin.py:137} INFO - [2023-03-12T07:44:01.056+0000] {dag.py:2690} INFO - Sync 1 DAGs
[2023-03-12T07:44:01.079+0000] {logging_mixin.py:137} INFO - [2023-03-12T07:44:01.079+0000] {dag.py:3437} INFO - Setting next_dagrun for example_task_group_decorator to 2023-03-11T07:44:01.079212+00:00, run_after=2023-03-12T07:44:01.079212+00:00
[2023-03-12T07:44:01.104+0000] {processor.py:175} INFO - Processing /home/melicharovykrecek/venv/lib/python3.9/site-packages/airflow/example_dags/example_task_group_decorator.py took 0.115 seconds
[2023-03-12T07:44:40.185+0000] {processor.py:153} INFO - Started process (PID=2485) to work on /home/melicharovykrecek/venv/lib/python3.9/site-packages/airflow/example_dags/example_task_group_decorator.py
[2023-03-12T07:44:40.187+0000] {processor.py:743} INFO - Processing file /home/melicharovykrecek/venv/lib/python3.9/site-packages/airflow/example_dags/example_task_group_decorator.py for tasks to queue
[2023-03-12T07:44:40.188+0000] {logging_mixin.py:137} INFO - [2023-03-12T07:44:40.188+0000] {dagbag.py:538} INFO - Filling up the DagBag from /home/melicharovykrecek/venv/lib/python3.9/site-packages/airflow/example_dags/example_task_group_decorator.py
[2023-03-12T07:44:40.224+0000] {processor.py:753} INFO - DAG(s) dict_keys(['example_task_group_decorator']) retrieved from /home/melicharovykrecek/venv/lib/python3.9/site-packages/airflow/example_dags/example_task_group_decorator.py
[2023-03-12T07:44:40.250+0000] {logging_mixin.py:137} INFO - [2023-03-12T07:44:40.250+0000] {dag.py:2690} INFO - Sync 1 DAGs
[2023-03-12T07:44:40.281+0000] {logging_mixin.py:137} INFO - [2023-03-12T07:44:40.281+0000] {dag.py:3437} INFO - Setting next_dagrun for example_task_group_decorator to 2023-03-11T07:44:40.280845+00:00, run_after=2023-03-12T07:44:40.280845+00:00
[2023-03-12T07:44:40.310+0000] {processor.py:175} INFO - Processing /home/melicharovykrecek/venv/lib/python3.9/site-packages/airflow/example_dags/example_task_group_decorator.py took 0.129 seconds
[2023-03-12T07:45:24.822+0000] {processor.py:153} INFO - Started process (PID=2591) to work on /home/melicharovykrecek/venv/lib/python3.9/site-packages/airflow/example_dags/example_task_group_decorator.py
[2023-03-12T07:45:24.824+0000] {processor.py:743} INFO - Processing file /home/melicharovykrecek/venv/lib/python3.9/site-packages/airflow/example_dags/example_task_group_decorator.py for tasks to queue
[2023-03-12T07:45:24.825+0000] {logging_mixin.py:137} INFO - [2023-03-12T07:45:24.825+0000] {dagbag.py:538} INFO - Filling up the DagBag from /home/melicharovykrecek/venv/lib/python3.9/site-packages/airflow/example_dags/example_task_group_decorator.py
[2023-03-12T07:45:24.861+0000] {processor.py:753} INFO - DAG(s) dict_keys(['example_task_group_decorator']) retrieved from /home/melicharovykrecek/venv/lib/python3.9/site-packages/airflow/example_dags/example_task_group_decorator.py
[2023-03-12T07:45:24.888+0000] {logging_mixin.py:137} INFO - [2023-03-12T07:45:24.888+0000] {dag.py:2690} INFO - Sync 1 DAGs
[2023-03-12T07:45:24.915+0000] {logging_mixin.py:137} INFO - [2023-03-12T07:45:24.915+0000] {dag.py:3437} INFO - Setting next_dagrun for example_task_group_decorator to 2023-03-11T07:45:24.914996+00:00, run_after=2023-03-12T07:45:24.914996+00:00
[2023-03-12T07:45:24.944+0000] {processor.py:175} INFO - Processing /home/melicharovykrecek/venv/lib/python3.9/site-packages/airflow/example_dags/example_task_group_decorator.py took 0.127 seconds
[2023-03-12T07:46:13.295+0000] {processor.py:153} INFO - Started process (PID=2642) to work on /home/melicharovykrecek/venv/lib/python3.9/site-packages/airflow/example_dags/example_task_group_decorator.py
[2023-03-12T07:46:13.298+0000] {processor.py:743} INFO - Processing file /home/melicharovykrecek/venv/lib/python3.9/site-packages/airflow/example_dags/example_task_group_decorator.py for tasks to queue
[2023-03-12T07:46:13.299+0000] {logging_mixin.py:137} INFO - [2023-03-12T07:46:13.298+0000] {dagbag.py:538} INFO - Filling up the DagBag from /home/melicharovykrecek/venv/lib/python3.9/site-packages/airflow/example_dags/example_task_group_decorator.py
[2023-03-12T07:46:13.334+0000] {processor.py:753} INFO - DAG(s) dict_keys(['example_task_group_decorator']) retrieved from /home/melicharovykrecek/venv/lib/python3.9/site-packages/airflow/example_dags/example_task_group_decorator.py
[2023-03-12T07:46:13.361+0000] {logging_mixin.py:137} INFO - [2023-03-12T07:46:13.361+0000] {dag.py:2690} INFO - Sync 1 DAGs
[2023-03-12T07:46:13.389+0000] {logging_mixin.py:137} INFO - [2023-03-12T07:46:13.389+0000] {dag.py:3437} INFO - Setting next_dagrun for example_task_group_decorator to 2023-03-11T07:46:13.388832+00:00, run_after=2023-03-12T07:46:13.388832+00:00
[2023-03-12T07:46:13.417+0000] {processor.py:175} INFO - Processing /home/melicharovykrecek/venv/lib/python3.9/site-packages/airflow/example_dags/example_task_group_decorator.py took 0.127 seconds
[2023-03-12T07:47:01.426+0000] {processor.py:153} INFO - Started process (PID=2699) to work on /home/melicharovykrecek/venv/lib/python3.9/site-packages/airflow/example_dags/example_task_group_decorator.py
[2023-03-12T07:47:01.429+0000] {processor.py:743} INFO - Processing file /home/melicharovykrecek/venv/lib/python3.9/site-packages/airflow/example_dags/example_task_group_decorator.py for tasks to queue
[2023-03-12T07:47:01.430+0000] {logging_mixin.py:137} INFO - [2023-03-12T07:47:01.430+0000] {dagbag.py:538} INFO - Filling up the DagBag from /home/melicharovykrecek/venv/lib/python3.9/site-packages/airflow/example_dags/example_task_group_decorator.py
[2023-03-12T07:47:01.465+0000] {processor.py:753} INFO - DAG(s) dict_keys(['example_task_group_decorator']) retrieved from /home/melicharovykrecek/venv/lib/python3.9/site-packages/airflow/example_dags/example_task_group_decorator.py
[2023-03-12T07:47:01.494+0000] {logging_mixin.py:137} INFO - [2023-03-12T07:47:01.493+0000] {dag.py:2690} INFO - Sync 1 DAGs
[2023-03-12T07:47:01.517+0000] {logging_mixin.py:137} INFO - [2023-03-12T07:47:01.517+0000] {dag.py:3437} INFO - Setting next_dagrun for example_task_group_decorator to 2023-03-11T07:47:01.517312+00:00, run_after=2023-03-12T07:47:01.517312+00:00
[2023-03-12T07:47:01.545+0000] {processor.py:175} INFO - Processing /home/melicharovykrecek/venv/lib/python3.9/site-packages/airflow/example_dags/example_task_group_decorator.py took 0.124 seconds
[2023-03-12T07:47:47.899+0000] {processor.py:153} INFO - Started process (PID=2746) to work on /home/melicharovykrecek/venv/lib/python3.9/site-packages/airflow/example_dags/example_task_group_decorator.py
[2023-03-12T07:47:47.901+0000] {processor.py:743} INFO - Processing file /home/melicharovykrecek/venv/lib/python3.9/site-packages/airflow/example_dags/example_task_group_decorator.py for tasks to queue
[2023-03-12T07:47:47.902+0000] {logging_mixin.py:137} INFO - [2023-03-12T07:47:47.902+0000] {dagbag.py:538} INFO - Filling up the DagBag from /home/melicharovykrecek/venv/lib/python3.9/site-packages/airflow/example_dags/example_task_group_decorator.py
[2023-03-12T07:47:47.940+0000] {processor.py:753} INFO - DAG(s) dict_keys(['example_task_group_decorator']) retrieved from /home/melicharovykrecek/venv/lib/python3.9/site-packages/airflow/example_dags/example_task_group_decorator.py
[2023-03-12T07:47:47.967+0000] {logging_mixin.py:137} INFO - [2023-03-12T07:47:47.967+0000] {dag.py:2690} INFO - Sync 1 DAGs
[2023-03-12T07:47:47.992+0000] {logging_mixin.py:137} INFO - [2023-03-12T07:47:47.992+0000] {dag.py:3437} INFO - Setting next_dagrun for example_task_group_decorator to 2023-03-11T07:47:47.991893+00:00, run_after=2023-03-12T07:47:47.991893+00:00
[2023-03-12T07:47:48.020+0000] {processor.py:175} INFO - Processing /home/melicharovykrecek/venv/lib/python3.9/site-packages/airflow/example_dags/example_task_group_decorator.py took 0.126 seconds
[2023-03-12T07:48:32.333+0000] {processor.py:153} INFO - Started process (PID=2790) to work on /home/melicharovykrecek/venv/lib/python3.9/site-packages/airflow/example_dags/example_task_group_decorator.py
[2023-03-12T07:48:32.335+0000] {processor.py:743} INFO - Processing file /home/melicharovykrecek/venv/lib/python3.9/site-packages/airflow/example_dags/example_task_group_decorator.py for tasks to queue
[2023-03-12T07:48:32.336+0000] {logging_mixin.py:137} INFO - [2023-03-12T07:48:32.336+0000] {dagbag.py:538} INFO - Filling up the DagBag from /home/melicharovykrecek/venv/lib/python3.9/site-packages/airflow/example_dags/example_task_group_decorator.py
[2023-03-12T07:48:32.375+0000] {processor.py:753} INFO - DAG(s) dict_keys(['example_task_group_decorator']) retrieved from /home/melicharovykrecek/venv/lib/python3.9/site-packages/airflow/example_dags/example_task_group_decorator.py
[2023-03-12T07:48:32.401+0000] {logging_mixin.py:137} INFO - [2023-03-12T07:48:32.401+0000] {dag.py:2690} INFO - Sync 1 DAGs
[2023-03-12T07:48:32.425+0000] {logging_mixin.py:137} INFO - [2023-03-12T07:48:32.425+0000] {dag.py:3437} INFO - Setting next_dagrun for example_task_group_decorator to 2023-03-11T07:48:32.424854+00:00, run_after=2023-03-12T07:48:32.424854+00:00
[2023-03-12T07:48:32.455+0000] {processor.py:175} INFO - Processing /home/melicharovykrecek/venv/lib/python3.9/site-packages/airflow/example_dags/example_task_group_decorator.py took 0.126 seconds
[2023-03-12T07:49:16.753+0000] {processor.py:153} INFO - Started process (PID=2832) to work on /home/melicharovykrecek/venv/lib/python3.9/site-packages/airflow/example_dags/example_task_group_decorator.py
[2023-03-12T07:49:16.755+0000] {processor.py:743} INFO - Processing file /home/melicharovykrecek/venv/lib/python3.9/site-packages/airflow/example_dags/example_task_group_decorator.py for tasks to queue
[2023-03-12T07:49:16.756+0000] {logging_mixin.py:137} INFO - [2023-03-12T07:49:16.756+0000] {dagbag.py:538} INFO - Filling up the DagBag from /home/melicharovykrecek/venv/lib/python3.9/site-packages/airflow/example_dags/example_task_group_decorator.py
[2023-03-12T07:49:16.791+0000] {processor.py:753} INFO - DAG(s) dict_keys(['example_task_group_decorator']) retrieved from /home/melicharovykrecek/venv/lib/python3.9/site-packages/airflow/example_dags/example_task_group_decorator.py
[2023-03-12T07:49:16.820+0000] {logging_mixin.py:137} INFO - [2023-03-12T07:49:16.820+0000] {dag.py:2690} INFO - Sync 1 DAGs
[2023-03-12T07:49:16.847+0000] {logging_mixin.py:137} INFO - [2023-03-12T07:49:16.847+0000] {dag.py:3437} INFO - Setting next_dagrun for example_task_group_decorator to 2023-03-11T07:49:16.846748+00:00, run_after=2023-03-12T07:49:16.846748+00:00
[2023-03-12T07:49:16.875+0000] {processor.py:175} INFO - Processing /home/melicharovykrecek/venv/lib/python3.9/site-packages/airflow/example_dags/example_task_group_decorator.py took 0.127 seconds
[2023-03-12T07:50:03.644+0000] {processor.py:153} INFO - Started process (PID=2878) to work on /home/melicharovykrecek/venv/lib/python3.9/site-packages/airflow/example_dags/example_task_group_decorator.py
[2023-03-12T07:50:03.646+0000] {processor.py:743} INFO - Processing file /home/melicharovykrecek/venv/lib/python3.9/site-packages/airflow/example_dags/example_task_group_decorator.py for tasks to queue
[2023-03-12T07:50:03.647+0000] {logging_mixin.py:137} INFO - [2023-03-12T07:50:03.647+0000] {dagbag.py:538} INFO - Filling up the DagBag from /home/melicharovykrecek/venv/lib/python3.9/site-packages/airflow/example_dags/example_task_group_decorator.py
[2023-03-12T07:50:03.682+0000] {processor.py:753} INFO - DAG(s) dict_keys(['example_task_group_decorator']) retrieved from /home/melicharovykrecek/venv/lib/python3.9/site-packages/airflow/example_dags/example_task_group_decorator.py
[2023-03-12T07:50:03.711+0000] {logging_mixin.py:137} INFO - [2023-03-12T07:50:03.710+0000] {dag.py:2690} INFO - Sync 1 DAGs
[2023-03-12T07:50:03.736+0000] {logging_mixin.py:137} INFO - [2023-03-12T07:50:03.736+0000] {dag.py:3437} INFO - Setting next_dagrun for example_task_group_decorator to 2023-03-11T07:50:03.736119+00:00, run_after=2023-03-12T07:50:03.736119+00:00
[2023-03-12T07:50:03.764+0000] {processor.py:175} INFO - Processing /home/melicharovykrecek/venv/lib/python3.9/site-packages/airflow/example_dags/example_task_group_decorator.py took 0.125 seconds
[2023-03-12T07:50:43.368+0000] {processor.py:153} INFO - Started process (PID=2920) to work on /home/melicharovykrecek/venv/lib/python3.9/site-packages/airflow/example_dags/example_task_group_decorator.py
[2023-03-12T07:50:43.370+0000] {processor.py:743} INFO - Processing file /home/melicharovykrecek/venv/lib/python3.9/site-packages/airflow/example_dags/example_task_group_decorator.py for tasks to queue
[2023-03-12T07:50:43.371+0000] {logging_mixin.py:137} INFO - [2023-03-12T07:50:43.371+0000] {dagbag.py:538} INFO - Filling up the DagBag from /home/melicharovykrecek/venv/lib/python3.9/site-packages/airflow/example_dags/example_task_group_decorator.py
[2023-03-12T07:50:43.409+0000] {processor.py:753} INFO - DAG(s) dict_keys(['example_task_group_decorator']) retrieved from /home/melicharovykrecek/venv/lib/python3.9/site-packages/airflow/example_dags/example_task_group_decorator.py
[2023-03-12T07:50:43.435+0000] {logging_mixin.py:137} INFO - [2023-03-12T07:50:43.435+0000] {dag.py:2690} INFO - Sync 1 DAGs
[2023-03-12T07:50:43.460+0000] {logging_mixin.py:137} INFO - [2023-03-12T07:50:43.459+0000] {dag.py:3437} INFO - Setting next_dagrun for example_task_group_decorator to 2023-03-11T07:50:43.459483+00:00, run_after=2023-03-12T07:50:43.459483+00:00
[2023-03-12T07:50:43.487+0000] {processor.py:175} INFO - Processing /home/melicharovykrecek/venv/lib/python3.9/site-packages/airflow/example_dags/example_task_group_decorator.py took 0.124 seconds
[2023-03-12T07:51:32.543+0000] {processor.py:153} INFO - Started process (PID=2973) to work on /home/melicharovykrecek/venv/lib/python3.9/site-packages/airflow/example_dags/example_task_group_decorator.py
[2023-03-12T07:51:32.545+0000] {processor.py:743} INFO - Processing file /home/melicharovykrecek/venv/lib/python3.9/site-packages/airflow/example_dags/example_task_group_decorator.py for tasks to queue
[2023-03-12T07:51:32.546+0000] {logging_mixin.py:137} INFO - [2023-03-12T07:51:32.546+0000] {dagbag.py:538} INFO - Filling up the DagBag from /home/melicharovykrecek/venv/lib/python3.9/site-packages/airflow/example_dags/example_task_group_decorator.py
[2023-03-12T07:51:32.582+0000] {processor.py:753} INFO - DAG(s) dict_keys(['example_task_group_decorator']) retrieved from /home/melicharovykrecek/venv/lib/python3.9/site-packages/airflow/example_dags/example_task_group_decorator.py
[2023-03-12T07:51:32.609+0000] {logging_mixin.py:137} INFO - [2023-03-12T07:51:32.608+0000] {dag.py:2690} INFO - Sync 1 DAGs
[2023-03-12T07:51:32.632+0000] {logging_mixin.py:137} INFO - [2023-03-12T07:51:32.632+0000] {dag.py:3437} INFO - Setting next_dagrun for example_task_group_decorator to 2023-03-11T07:51:32.632316+00:00, run_after=2023-03-12T07:51:32.632316+00:00
[2023-03-12T07:51:32.660+0000] {processor.py:175} INFO - Processing /home/melicharovykrecek/venv/lib/python3.9/site-packages/airflow/example_dags/example_task_group_decorator.py took 0.122 seconds
[2023-03-12T07:52:11.164+0000] {processor.py:153} INFO - Started process (PID=3010) to work on /home/melicharovykrecek/venv/lib/python3.9/site-packages/airflow/example_dags/example_task_group_decorator.py
[2023-03-12T07:52:11.166+0000] {processor.py:743} INFO - Processing file /home/melicharovykrecek/venv/lib/python3.9/site-packages/airflow/example_dags/example_task_group_decorator.py for tasks to queue
[2023-03-12T07:52:11.167+0000] {logging_mixin.py:137} INFO - [2023-03-12T07:52:11.167+0000] {dagbag.py:538} INFO - Filling up the DagBag from /home/melicharovykrecek/venv/lib/python3.9/site-packages/airflow/example_dags/example_task_group_decorator.py
[2023-03-12T07:52:11.203+0000] {processor.py:753} INFO - DAG(s) dict_keys(['example_task_group_decorator']) retrieved from /home/melicharovykrecek/venv/lib/python3.9/site-packages/airflow/example_dags/example_task_group_decorator.py
[2023-03-12T07:52:11.231+0000] {logging_mixin.py:137} INFO - [2023-03-12T07:52:11.231+0000] {dag.py:2690} INFO - Sync 1 DAGs
[2023-03-12T07:52:11.257+0000] {logging_mixin.py:137} INFO - [2023-03-12T07:52:11.256+0000] {dag.py:3437} INFO - Setting next_dagrun for example_task_group_decorator to 2023-03-11T07:52:11.256339+00:00, run_after=2023-03-12T07:52:11.256339+00:00
[2023-03-12T07:52:11.290+0000] {processor.py:175} INFO - Processing /home/melicharovykrecek/venv/lib/python3.9/site-packages/airflow/example_dags/example_task_group_decorator.py took 0.131 seconds
[2023-03-12T07:52:54.180+0000] {processor.py:153} INFO - Started process (PID=3053) to work on /home/melicharovykrecek/venv/lib/python3.9/site-packages/airflow/example_dags/example_task_group_decorator.py
[2023-03-12T07:52:54.182+0000] {processor.py:743} INFO - Processing file /home/melicharovykrecek/venv/lib/python3.9/site-packages/airflow/example_dags/example_task_group_decorator.py for tasks to queue
[2023-03-12T07:52:54.182+0000] {logging_mixin.py:137} INFO - [2023-03-12T07:52:54.182+0000] {dagbag.py:538} INFO - Filling up the DagBag from /home/melicharovykrecek/venv/lib/python3.9/site-packages/airflow/example_dags/example_task_group_decorator.py
[2023-03-12T07:52:54.217+0000] {processor.py:753} INFO - DAG(s) dict_keys(['example_task_group_decorator']) retrieved from /home/melicharovykrecek/venv/lib/python3.9/site-packages/airflow/example_dags/example_task_group_decorator.py
[2023-03-12T07:52:54.243+0000] {logging_mixin.py:137} INFO - [2023-03-12T07:52:54.243+0000] {dag.py:2690} INFO - Sync 1 DAGs
[2023-03-12T07:52:54.268+0000] {logging_mixin.py:137} INFO - [2023-03-12T07:52:54.268+0000] {dag.py:3437} INFO - Setting next_dagrun for example_task_group_decorator to 2023-03-11T07:52:54.268153+00:00, run_after=2023-03-12T07:52:54.268153+00:00
[2023-03-12T07:52:54.295+0000] {processor.py:175} INFO - Processing /home/melicharovykrecek/venv/lib/python3.9/site-packages/airflow/example_dags/example_task_group_decorator.py took 0.120 seconds
[2023-03-12T07:53:37.731+0000] {processor.py:153} INFO - Started process (PID=3096) to work on /home/melicharovykrecek/venv/lib/python3.9/site-packages/airflow/example_dags/example_task_group_decorator.py
[2023-03-12T07:53:37.734+0000] {processor.py:743} INFO - Processing file /home/melicharovykrecek/venv/lib/python3.9/site-packages/airflow/example_dags/example_task_group_decorator.py for tasks to queue
[2023-03-12T07:53:37.735+0000] {logging_mixin.py:137} INFO - [2023-03-12T07:53:37.735+0000] {dagbag.py:538} INFO - Filling up the DagBag from /home/melicharovykrecek/venv/lib/python3.9/site-packages/airflow/example_dags/example_task_group_decorator.py
[2023-03-12T07:53:37.772+0000] {processor.py:753} INFO - DAG(s) dict_keys(['example_task_group_decorator']) retrieved from /home/melicharovykrecek/venv/lib/python3.9/site-packages/airflow/example_dags/example_task_group_decorator.py
[2023-03-12T07:53:37.802+0000] {logging_mixin.py:137} INFO - [2023-03-12T07:53:37.802+0000] {dag.py:2690} INFO - Sync 1 DAGs
[2023-03-12T07:53:37.828+0000] {logging_mixin.py:137} INFO - [2023-03-12T07:53:37.827+0000] {dag.py:3437} INFO - Setting next_dagrun for example_task_group_decorator to 2023-03-11T07:53:37.827442+00:00, run_after=2023-03-12T07:53:37.827442+00:00
[2023-03-12T07:53:37.857+0000] {processor.py:175} INFO - Processing /home/melicharovykrecek/venv/lib/python3.9/site-packages/airflow/example_dags/example_task_group_decorator.py took 0.130 seconds
[2023-03-12T07:54:26.207+0000] {processor.py:153} INFO - Started process (PID=3141) to work on /home/melicharovykrecek/venv/lib/python3.9/site-packages/airflow/example_dags/example_task_group_decorator.py
[2023-03-12T07:54:26.209+0000] {processor.py:743} INFO - Processing file /home/melicharovykrecek/venv/lib/python3.9/site-packages/airflow/example_dags/example_task_group_decorator.py for tasks to queue
[2023-03-12T07:54:26.210+0000] {logging_mixin.py:137} INFO - [2023-03-12T07:54:26.210+0000] {dagbag.py:538} INFO - Filling up the DagBag from /home/melicharovykrecek/venv/lib/python3.9/site-packages/airflow/example_dags/example_task_group_decorator.py
[2023-03-12T07:54:26.247+0000] {processor.py:753} INFO - DAG(s) dict_keys(['example_task_group_decorator']) retrieved from /home/melicharovykrecek/venv/lib/python3.9/site-packages/airflow/example_dags/example_task_group_decorator.py
[2023-03-12T07:54:26.274+0000] {logging_mixin.py:137} INFO - [2023-03-12T07:54:26.274+0000] {dag.py:2690} INFO - Sync 1 DAGs
[2023-03-12T07:54:26.298+0000] {logging_mixin.py:137} INFO - [2023-03-12T07:54:26.298+0000] {dag.py:3437} INFO - Setting next_dagrun for example_task_group_decorator to 2023-03-11T07:54:26.298063+00:00, run_after=2023-03-12T07:54:26.298063+00:00
[2023-03-12T07:54:26.326+0000] {processor.py:175} INFO - Processing /home/melicharovykrecek/venv/lib/python3.9/site-packages/airflow/example_dags/example_task_group_decorator.py took 0.124 seconds
[2023-03-12T07:55:10.937+0000] {processor.py:153} INFO - Started process (PID=3185) to work on /home/melicharovykrecek/venv/lib/python3.9/site-packages/airflow/example_dags/example_task_group_decorator.py
[2023-03-12T07:55:10.940+0000] {processor.py:743} INFO - Processing file /home/melicharovykrecek/venv/lib/python3.9/site-packages/airflow/example_dags/example_task_group_decorator.py for tasks to queue
[2023-03-12T07:55:10.941+0000] {logging_mixin.py:137} INFO - [2023-03-12T07:55:10.940+0000] {dagbag.py:538} INFO - Filling up the DagBag from /home/melicharovykrecek/venv/lib/python3.9/site-packages/airflow/example_dags/example_task_group_decorator.py
[2023-03-12T07:55:10.978+0000] {processor.py:753} INFO - DAG(s) dict_keys(['example_task_group_decorator']) retrieved from /home/melicharovykrecek/venv/lib/python3.9/site-packages/airflow/example_dags/example_task_group_decorator.py
[2023-03-12T07:55:11.006+0000] {logging_mixin.py:137} INFO - [2023-03-12T07:55:11.006+0000] {dag.py:2690} INFO - Sync 1 DAGs
[2023-03-12T07:55:11.030+0000] {logging_mixin.py:137} INFO - [2023-03-12T07:55:11.029+0000] {dag.py:3437} INFO - Setting next_dagrun for example_task_group_decorator to 2023-03-11T07:55:11.029624+00:00, run_after=2023-03-12T07:55:11.029624+00:00
[2023-03-12T07:55:11.057+0000] {processor.py:175} INFO - Processing /home/melicharovykrecek/venv/lib/python3.9/site-packages/airflow/example_dags/example_task_group_decorator.py took 0.125 seconds
[2023-03-12T07:55:55.302+0000] {processor.py:153} INFO - Started process (PID=3230) to work on /home/melicharovykrecek/venv/lib/python3.9/site-packages/airflow/example_dags/example_task_group_decorator.py
[2023-03-12T07:55:55.304+0000] {processor.py:743} INFO - Processing file /home/melicharovykrecek/venv/lib/python3.9/site-packages/airflow/example_dags/example_task_group_decorator.py for tasks to queue
[2023-03-12T07:55:55.305+0000] {logging_mixin.py:137} INFO - [2023-03-12T07:55:55.305+0000] {dagbag.py:538} INFO - Filling up the DagBag from /home/melicharovykrecek/venv/lib/python3.9/site-packages/airflow/example_dags/example_task_group_decorator.py
[2023-03-12T07:55:55.340+0000] {processor.py:753} INFO - DAG(s) dict_keys(['example_task_group_decorator']) retrieved from /home/melicharovykrecek/venv/lib/python3.9/site-packages/airflow/example_dags/example_task_group_decorator.py
[2023-03-12T07:55:55.366+0000] {logging_mixin.py:137} INFO - [2023-03-12T07:55:55.366+0000] {dag.py:2690} INFO - Sync 1 DAGs
[2023-03-12T07:55:55.392+0000] {logging_mixin.py:137} INFO - [2023-03-12T07:55:55.392+0000] {dag.py:3437} INFO - Setting next_dagrun for example_task_group_decorator to 2023-03-11T07:55:55.391984+00:00, run_after=2023-03-12T07:55:55.391984+00:00
[2023-03-12T07:55:55.419+0000] {processor.py:175} INFO - Processing /home/melicharovykrecek/venv/lib/python3.9/site-packages/airflow/example_dags/example_task_group_decorator.py took 0.122 seconds
[2023-03-12T07:56:40.460+0000] {processor.py:153} INFO - Started process (PID=3275) to work on /home/melicharovykrecek/venv/lib/python3.9/site-packages/airflow/example_dags/example_task_group_decorator.py
[2023-03-12T07:56:40.463+0000] {processor.py:743} INFO - Processing file /home/melicharovykrecek/venv/lib/python3.9/site-packages/airflow/example_dags/example_task_group_decorator.py for tasks to queue
[2023-03-12T07:56:40.464+0000] {logging_mixin.py:137} INFO - [2023-03-12T07:56:40.464+0000] {dagbag.py:538} INFO - Filling up the DagBag from /home/melicharovykrecek/venv/lib/python3.9/site-packages/airflow/example_dags/example_task_group_decorator.py
[2023-03-12T07:56:40.501+0000] {processor.py:753} INFO - DAG(s) dict_keys(['example_task_group_decorator']) retrieved from /home/melicharovykrecek/venv/lib/python3.9/site-packages/airflow/example_dags/example_task_group_decorator.py
[2023-03-12T07:56:40.528+0000] {logging_mixin.py:137} INFO - [2023-03-12T07:56:40.528+0000] {dag.py:2690} INFO - Sync 1 DAGs
[2023-03-12T07:56:40.555+0000] {logging_mixin.py:137} INFO - [2023-03-12T07:56:40.555+0000] {dag.py:3437} INFO - Setting next_dagrun for example_task_group_decorator to 2023-03-11T07:56:40.554934+00:00, run_after=2023-03-12T07:56:40.554934+00:00
[2023-03-12T07:56:40.583+0000] {processor.py:175} INFO - Processing /home/melicharovykrecek/venv/lib/python3.9/site-packages/airflow/example_dags/example_task_group_decorator.py took 0.128 seconds
[2023-03-12T07:57:27.023+0000] {processor.py:153} INFO - Started process (PID=3320) to work on /home/melicharovykrecek/venv/lib/python3.9/site-packages/airflow/example_dags/example_task_group_decorator.py
[2023-03-12T07:57:27.026+0000] {processor.py:743} INFO - Processing file /home/melicharovykrecek/venv/lib/python3.9/site-packages/airflow/example_dags/example_task_group_decorator.py for tasks to queue
[2023-03-12T07:57:27.026+0000] {logging_mixin.py:137} INFO - [2023-03-12T07:57:27.026+0000] {dagbag.py:538} INFO - Filling up the DagBag from /home/melicharovykrecek/venv/lib/python3.9/site-packages/airflow/example_dags/example_task_group_decorator.py
[2023-03-12T07:57:27.061+0000] {processor.py:753} INFO - DAG(s) dict_keys(['example_task_group_decorator']) retrieved from /home/melicharovykrecek/venv/lib/python3.9/site-packages/airflow/example_dags/example_task_group_decorator.py
[2023-03-12T07:57:27.088+0000] {logging_mixin.py:137} INFO - [2023-03-12T07:57:27.088+0000] {dag.py:2690} INFO - Sync 1 DAGs
[2023-03-12T07:57:27.111+0000] {logging_mixin.py:137} INFO - [2023-03-12T07:57:27.111+0000] {dag.py:3437} INFO - Setting next_dagrun for example_task_group_decorator to 2023-03-11T07:57:27.110805+00:00, run_after=2023-03-12T07:57:27.110805+00:00
[2023-03-12T07:57:27.137+0000] {processor.py:175} INFO - Processing /home/melicharovykrecek/venv/lib/python3.9/site-packages/airflow/example_dags/example_task_group_decorator.py took 0.118 seconds
[2023-03-12T07:58:16.593+0000] {processor.py:153} INFO - Started process (PID=3366) to work on /home/melicharovykrecek/venv/lib/python3.9/site-packages/airflow/example_dags/example_task_group_decorator.py
[2023-03-12T07:58:16.595+0000] {processor.py:743} INFO - Processing file /home/melicharovykrecek/venv/lib/python3.9/site-packages/airflow/example_dags/example_task_group_decorator.py for tasks to queue
[2023-03-12T07:58:16.596+0000] {logging_mixin.py:137} INFO - [2023-03-12T07:58:16.596+0000] {dagbag.py:538} INFO - Filling up the DagBag from /home/melicharovykrecek/venv/lib/python3.9/site-packages/airflow/example_dags/example_task_group_decorator.py
[2023-03-12T07:58:16.630+0000] {processor.py:753} INFO - DAG(s) dict_keys(['example_task_group_decorator']) retrieved from /home/melicharovykrecek/venv/lib/python3.9/site-packages/airflow/example_dags/example_task_group_decorator.py
[2023-03-12T07:58:16.657+0000] {logging_mixin.py:137} INFO - [2023-03-12T07:58:16.657+0000] {dag.py:2690} INFO - Sync 1 DAGs
[2023-03-12T07:58:16.680+0000] {logging_mixin.py:137} INFO - [2023-03-12T07:58:16.680+0000] {dag.py:3437} INFO - Setting next_dagrun for example_task_group_decorator to 2023-03-11T07:58:16.680233+00:00, run_after=2023-03-12T07:58:16.680233+00:00
[2023-03-12T07:58:16.706+0000] {processor.py:175} INFO - Processing /home/melicharovykrecek/venv/lib/python3.9/site-packages/airflow/example_dags/example_task_group_decorator.py took 0.118 seconds
[2023-03-12T07:59:00.270+0000] {processor.py:153} INFO - Started process (PID=3410) to work on /home/melicharovykrecek/venv/lib/python3.9/site-packages/airflow/example_dags/example_task_group_decorator.py
[2023-03-12T07:59:00.272+0000] {processor.py:743} INFO - Processing file /home/melicharovykrecek/venv/lib/python3.9/site-packages/airflow/example_dags/example_task_group_decorator.py for tasks to queue
[2023-03-12T07:59:00.273+0000] {logging_mixin.py:137} INFO - [2023-03-12T07:59:00.273+0000] {dagbag.py:538} INFO - Filling up the DagBag from /home/melicharovykrecek/venv/lib/python3.9/site-packages/airflow/example_dags/example_task_group_decorator.py
[2023-03-12T07:59:00.311+0000] {processor.py:753} INFO - DAG(s) dict_keys(['example_task_group_decorator']) retrieved from /home/melicharovykrecek/venv/lib/python3.9/site-packages/airflow/example_dags/example_task_group_decorator.py
[2023-03-12T07:59:00.340+0000] {logging_mixin.py:137} INFO - [2023-03-12T07:59:00.340+0000] {dag.py:2690} INFO - Sync 1 DAGs
[2023-03-12T07:59:00.364+0000] {logging_mixin.py:137} INFO - [2023-03-12T07:59:00.363+0000] {dag.py:3437} INFO - Setting next_dagrun for example_task_group_decorator to 2023-03-11T07:59:00.363408+00:00, run_after=2023-03-12T07:59:00.363408+00:00
[2023-03-12T07:59:00.392+0000] {processor.py:175} INFO - Processing /home/melicharovykrecek/venv/lib/python3.9/site-packages/airflow/example_dags/example_task_group_decorator.py took 0.127 seconds
[2023-03-12T07:59:47.242+0000] {processor.py:153} INFO - Started process (PID=3456) to work on /home/melicharovykrecek/venv/lib/python3.9/site-packages/airflow/example_dags/example_task_group_decorator.py
[2023-03-12T07:59:47.244+0000] {processor.py:743} INFO - Processing file /home/melicharovykrecek/venv/lib/python3.9/site-packages/airflow/example_dags/example_task_group_decorator.py for tasks to queue
[2023-03-12T07:59:47.245+0000] {logging_mixin.py:137} INFO - [2023-03-12T07:59:47.245+0000] {dagbag.py:538} INFO - Filling up the DagBag from /home/melicharovykrecek/venv/lib/python3.9/site-packages/airflow/example_dags/example_task_group_decorator.py
[2023-03-12T07:59:47.281+0000] {processor.py:753} INFO - DAG(s) dict_keys(['example_task_group_decorator']) retrieved from /home/melicharovykrecek/venv/lib/python3.9/site-packages/airflow/example_dags/example_task_group_decorator.py
[2023-03-12T07:59:47.307+0000] {logging_mixin.py:137} INFO - [2023-03-12T07:59:47.307+0000] {dag.py:2690} INFO - Sync 1 DAGs
[2023-03-12T07:59:47.332+0000] {logging_mixin.py:137} INFO - [2023-03-12T07:59:47.332+0000] {dag.py:3437} INFO - Setting next_dagrun for example_task_group_decorator to 2023-03-11T07:59:47.331995+00:00, run_after=2023-03-12T07:59:47.331995+00:00
[2023-03-12T07:59:47.359+0000] {processor.py:175} INFO - Processing /home/melicharovykrecek/venv/lib/python3.9/site-packages/airflow/example_dags/example_task_group_decorator.py took 0.121 seconds
[2023-03-12T08:00:35.484+0000] {processor.py:153} INFO - Started process (PID=3529) to work on /home/melicharovykrecek/venv/lib/python3.9/site-packages/airflow/example_dags/example_task_group_decorator.py
[2023-03-12T08:00:35.487+0000] {processor.py:743} INFO - Processing file /home/melicharovykrecek/venv/lib/python3.9/site-packages/airflow/example_dags/example_task_group_decorator.py for tasks to queue
[2023-03-12T08:00:35.488+0000] {logging_mixin.py:137} INFO - [2023-03-12T08:00:35.488+0000] {dagbag.py:538} INFO - Filling up the DagBag from /home/melicharovykrecek/venv/lib/python3.9/site-packages/airflow/example_dags/example_task_group_decorator.py
[2023-03-12T08:00:35.525+0000] {processor.py:753} INFO - DAG(s) dict_keys(['example_task_group_decorator']) retrieved from /home/melicharovykrecek/venv/lib/python3.9/site-packages/airflow/example_dags/example_task_group_decorator.py
[2023-03-12T08:00:35.555+0000] {logging_mixin.py:137} INFO - [2023-03-12T08:00:35.555+0000] {dag.py:2690} INFO - Sync 1 DAGs
[2023-03-12T08:00:35.582+0000] {logging_mixin.py:137} INFO - [2023-03-12T08:00:35.582+0000] {dag.py:3437} INFO - Setting next_dagrun for example_task_group_decorator to 2023-03-11T08:00:35.581743+00:00, run_after=2023-03-12T08:00:35.581743+00:00
[2023-03-12T08:00:35.613+0000] {processor.py:175} INFO - Processing /home/melicharovykrecek/venv/lib/python3.9/site-packages/airflow/example_dags/example_task_group_decorator.py took 0.134 seconds
[2023-03-12T08:01:23.227+0000] {processor.py:153} INFO - Started process (PID=3581) to work on /home/melicharovykrecek/venv/lib/python3.9/site-packages/airflow/example_dags/example_task_group_decorator.py
[2023-03-12T08:01:23.230+0000] {processor.py:743} INFO - Processing file /home/melicharovykrecek/venv/lib/python3.9/site-packages/airflow/example_dags/example_task_group_decorator.py for tasks to queue
[2023-03-12T08:01:23.230+0000] {logging_mixin.py:137} INFO - [2023-03-12T08:01:23.230+0000] {dagbag.py:538} INFO - Filling up the DagBag from /home/melicharovykrecek/venv/lib/python3.9/site-packages/airflow/example_dags/example_task_group_decorator.py
[2023-03-12T08:01:23.268+0000] {processor.py:753} INFO - DAG(s) dict_keys(['example_task_group_decorator']) retrieved from /home/melicharovykrecek/venv/lib/python3.9/site-packages/airflow/example_dags/example_task_group_decorator.py
[2023-03-12T08:01:23.295+0000] {logging_mixin.py:137} INFO - [2023-03-12T08:01:23.295+0000] {dag.py:2690} INFO - Sync 1 DAGs
[2023-03-12T08:01:23.320+0000] {logging_mixin.py:137} INFO - [2023-03-12T08:01:23.320+0000] {dag.py:3437} INFO - Setting next_dagrun for example_task_group_decorator to 2023-03-11T08:01:23.319646+00:00, run_after=2023-03-12T08:01:23.319646+00:00
[2023-03-12T08:01:23.347+0000] {processor.py:175} INFO - Processing /home/melicharovykrecek/venv/lib/python3.9/site-packages/airflow/example_dags/example_task_group_decorator.py took 0.124 seconds
[2023-03-12T08:02:11.132+0000] {processor.py:153} INFO - Started process (PID=3627) to work on /home/melicharovykrecek/venv/lib/python3.9/site-packages/airflow/example_dags/example_task_group_decorator.py
[2023-03-12T08:02:11.135+0000] {processor.py:743} INFO - Processing file /home/melicharovykrecek/venv/lib/python3.9/site-packages/airflow/example_dags/example_task_group_decorator.py for tasks to queue
[2023-03-12T08:02:11.136+0000] {logging_mixin.py:137} INFO - [2023-03-12T08:02:11.135+0000] {dagbag.py:538} INFO - Filling up the DagBag from /home/melicharovykrecek/venv/lib/python3.9/site-packages/airflow/example_dags/example_task_group_decorator.py
[2023-03-12T08:02:11.174+0000] {processor.py:753} INFO - DAG(s) dict_keys(['example_task_group_decorator']) retrieved from /home/melicharovykrecek/venv/lib/python3.9/site-packages/airflow/example_dags/example_task_group_decorator.py
[2023-03-12T08:02:11.203+0000] {logging_mixin.py:137} INFO - [2023-03-12T08:02:11.203+0000] {dag.py:2690} INFO - Sync 1 DAGs
[2023-03-12T08:02:11.228+0000] {logging_mixin.py:137} INFO - [2023-03-12T08:02:11.227+0000] {dag.py:3437} INFO - Setting next_dagrun for example_task_group_decorator to 2023-03-11T08:02:11.227616+00:00, run_after=2023-03-12T08:02:11.227616+00:00
[2023-03-12T08:02:11.263+0000] {processor.py:175} INFO - Processing /home/melicharovykrecek/venv/lib/python3.9/site-packages/airflow/example_dags/example_task_group_decorator.py took 0.136 seconds
[2023-03-12T08:02:55.767+0000] {processor.py:153} INFO - Started process (PID=3671) to work on /home/melicharovykrecek/venv/lib/python3.9/site-packages/airflow/example_dags/example_task_group_decorator.py
[2023-03-12T08:02:55.769+0000] {processor.py:743} INFO - Processing file /home/melicharovykrecek/venv/lib/python3.9/site-packages/airflow/example_dags/example_task_group_decorator.py for tasks to queue
[2023-03-12T08:02:55.770+0000] {logging_mixin.py:137} INFO - [2023-03-12T08:02:55.770+0000] {dagbag.py:538} INFO - Filling up the DagBag from /home/melicharovykrecek/venv/lib/python3.9/site-packages/airflow/example_dags/example_task_group_decorator.py
[2023-03-12T08:02:55.807+0000] {processor.py:753} INFO - DAG(s) dict_keys(['example_task_group_decorator']) retrieved from /home/melicharovykrecek/venv/lib/python3.9/site-packages/airflow/example_dags/example_task_group_decorator.py
[2023-03-12T08:02:55.834+0000] {logging_mixin.py:137} INFO - [2023-03-12T08:02:55.833+0000] {dag.py:2690} INFO - Sync 1 DAGs
[2023-03-12T08:02:55.860+0000] {logging_mixin.py:137} INFO - [2023-03-12T08:02:55.860+0000] {dag.py:3437} INFO - Setting next_dagrun for example_task_group_decorator to 2023-03-11T08:02:55.859631+00:00, run_after=2023-03-12T08:02:55.859631+00:00
[2023-03-12T08:02:55.887+0000] {processor.py:175} INFO - Processing /home/melicharovykrecek/venv/lib/python3.9/site-packages/airflow/example_dags/example_task_group_decorator.py took 0.124 seconds
[2023-03-12T08:03:33.787+0000] {processor.py:153} INFO - Started process (PID=3707) to work on /home/melicharovykrecek/venv/lib/python3.9/site-packages/airflow/example_dags/example_task_group_decorator.py
[2023-03-12T08:03:33.789+0000] {processor.py:743} INFO - Processing file /home/melicharovykrecek/venv/lib/python3.9/site-packages/airflow/example_dags/example_task_group_decorator.py for tasks to queue
[2023-03-12T08:03:33.790+0000] {logging_mixin.py:137} INFO - [2023-03-12T08:03:33.790+0000] {dagbag.py:538} INFO - Filling up the DagBag from /home/melicharovykrecek/venv/lib/python3.9/site-packages/airflow/example_dags/example_task_group_decorator.py
[2023-03-12T08:03:33.825+0000] {processor.py:753} INFO - DAG(s) dict_keys(['example_task_group_decorator']) retrieved from /home/melicharovykrecek/venv/lib/python3.9/site-packages/airflow/example_dags/example_task_group_decorator.py
[2023-03-12T08:03:33.853+0000] {logging_mixin.py:137} INFO - [2023-03-12T08:03:33.852+0000] {dag.py:2690} INFO - Sync 1 DAGs
[2023-03-12T08:03:33.879+0000] {logging_mixin.py:137} INFO - [2023-03-12T08:03:33.879+0000] {dag.py:3437} INFO - Setting next_dagrun for example_task_group_decorator to 2023-03-11T08:03:33.878656+00:00, run_after=2023-03-12T08:03:33.878656+00:00
[2023-03-12T08:03:33.905+0000] {processor.py:175} INFO - Processing /home/melicharovykrecek/venv/lib/python3.9/site-packages/airflow/example_dags/example_task_group_decorator.py took 0.123 seconds
[2023-03-12T08:04:15.753+0000] {processor.py:153} INFO - Started process (PID=3749) to work on /home/melicharovykrecek/venv/lib/python3.9/site-packages/airflow/example_dags/example_task_group_decorator.py
[2023-03-12T08:04:15.755+0000] {processor.py:743} INFO - Processing file /home/melicharovykrecek/venv/lib/python3.9/site-packages/airflow/example_dags/example_task_group_decorator.py for tasks to queue
[2023-03-12T08:04:15.756+0000] {logging_mixin.py:137} INFO - [2023-03-12T08:04:15.756+0000] {dagbag.py:538} INFO - Filling up the DagBag from /home/melicharovykrecek/venv/lib/python3.9/site-packages/airflow/example_dags/example_task_group_decorator.py
[2023-03-12T08:04:15.791+0000] {processor.py:753} INFO - DAG(s) dict_keys(['example_task_group_decorator']) retrieved from /home/melicharovykrecek/venv/lib/python3.9/site-packages/airflow/example_dags/example_task_group_decorator.py
[2023-03-12T08:04:15.819+0000] {logging_mixin.py:137} INFO - [2023-03-12T08:04:15.819+0000] {dag.py:2690} INFO - Sync 1 DAGs
[2023-03-12T08:04:15.842+0000] {logging_mixin.py:137} INFO - [2023-03-12T08:04:15.842+0000] {dag.py:3437} INFO - Setting next_dagrun for example_task_group_decorator to 2023-03-11T08:04:15.842279+00:00, run_after=2023-03-12T08:04:15.842279+00:00
[2023-03-12T08:04:15.869+0000] {processor.py:175} INFO - Processing /home/melicharovykrecek/venv/lib/python3.9/site-packages/airflow/example_dags/example_task_group_decorator.py took 0.122 seconds
[2023-03-12T08:04:56.287+0000] {processor.py:153} INFO - Started process (PID=3787) to work on /home/melicharovykrecek/venv/lib/python3.9/site-packages/airflow/example_dags/example_task_group_decorator.py
[2023-03-12T08:04:56.290+0000] {processor.py:743} INFO - Processing file /home/melicharovykrecek/venv/lib/python3.9/site-packages/airflow/example_dags/example_task_group_decorator.py for tasks to queue
[2023-03-12T08:04:56.291+0000] {logging_mixin.py:137} INFO - [2023-03-12T08:04:56.290+0000] {dagbag.py:538} INFO - Filling up the DagBag from /home/melicharovykrecek/venv/lib/python3.9/site-packages/airflow/example_dags/example_task_group_decorator.py
[2023-03-12T08:04:56.328+0000] {processor.py:753} INFO - DAG(s) dict_keys(['example_task_group_decorator']) retrieved from /home/melicharovykrecek/venv/lib/python3.9/site-packages/airflow/example_dags/example_task_group_decorator.py
[2023-03-12T08:04:56.357+0000] {logging_mixin.py:137} INFO - [2023-03-12T08:04:56.357+0000] {dag.py:2690} INFO - Sync 1 DAGs
[2023-03-12T08:04:56.382+0000] {logging_mixin.py:137} INFO - [2023-03-12T08:04:56.382+0000] {dag.py:3437} INFO - Setting next_dagrun for example_task_group_decorator to 2023-03-11T08:04:56.381749+00:00, run_after=2023-03-12T08:04:56.381749+00:00
[2023-03-12T08:04:56.411+0000] {processor.py:175} INFO - Processing /home/melicharovykrecek/venv/lib/python3.9/site-packages/airflow/example_dags/example_task_group_decorator.py took 0.128 seconds
[2023-03-12T08:05:43.524+0000] {processor.py:153} INFO - Started process (PID=3834) to work on /home/melicharovykrecek/venv/lib/python3.9/site-packages/airflow/example_dags/example_task_group_decorator.py
[2023-03-12T08:05:43.526+0000] {processor.py:743} INFO - Processing file /home/melicharovykrecek/venv/lib/python3.9/site-packages/airflow/example_dags/example_task_group_decorator.py for tasks to queue
[2023-03-12T08:05:43.527+0000] {logging_mixin.py:137} INFO - [2023-03-12T08:05:43.527+0000] {dagbag.py:538} INFO - Filling up the DagBag from /home/melicharovykrecek/venv/lib/python3.9/site-packages/airflow/example_dags/example_task_group_decorator.py
[2023-03-12T08:05:43.565+0000] {processor.py:753} INFO - DAG(s) dict_keys(['example_task_group_decorator']) retrieved from /home/melicharovykrecek/venv/lib/python3.9/site-packages/airflow/example_dags/example_task_group_decorator.py
[2023-03-12T08:05:43.592+0000] {logging_mixin.py:137} INFO - [2023-03-12T08:05:43.591+0000] {dag.py:2690} INFO - Sync 1 DAGs
[2023-03-12T08:05:43.617+0000] {logging_mixin.py:137} INFO - [2023-03-12T08:05:43.617+0000] {dag.py:3437} INFO - Setting next_dagrun for example_task_group_decorator to 2023-03-11T08:05:43.616771+00:00, run_after=2023-03-12T08:05:43.616771+00:00
[2023-03-12T08:05:43.646+0000] {processor.py:175} INFO - Processing /home/melicharovykrecek/venv/lib/python3.9/site-packages/airflow/example_dags/example_task_group_decorator.py took 0.127 seconds
[2023-03-12T08:06:33.249+0000] {processor.py:153} INFO - Started process (PID=3881) to work on /home/melicharovykrecek/venv/lib/python3.9/site-packages/airflow/example_dags/example_task_group_decorator.py
[2023-03-12T08:06:33.251+0000] {processor.py:743} INFO - Processing file /home/melicharovykrecek/venv/lib/python3.9/site-packages/airflow/example_dags/example_task_group_decorator.py for tasks to queue
[2023-03-12T08:06:33.252+0000] {logging_mixin.py:137} INFO - [2023-03-12T08:06:33.252+0000] {dagbag.py:538} INFO - Filling up the DagBag from /home/melicharovykrecek/venv/lib/python3.9/site-packages/airflow/example_dags/example_task_group_decorator.py
[2023-03-12T08:06:33.287+0000] {processor.py:753} INFO - DAG(s) dict_keys(['example_task_group_decorator']) retrieved from /home/melicharovykrecek/venv/lib/python3.9/site-packages/airflow/example_dags/example_task_group_decorator.py
[2023-03-12T08:06:33.315+0000] {logging_mixin.py:137} INFO - [2023-03-12T08:06:33.315+0000] {dag.py:2690} INFO - Sync 1 DAGs
[2023-03-12T08:06:33.341+0000] {logging_mixin.py:137} INFO - [2023-03-12T08:06:33.341+0000] {dag.py:3437} INFO - Setting next_dagrun for example_task_group_decorator to 2023-03-11T08:06:33.340986+00:00, run_after=2023-03-12T08:06:33.340986+00:00
[2023-03-12T08:06:33.368+0000] {processor.py:175} INFO - Processing /home/melicharovykrecek/venv/lib/python3.9/site-packages/airflow/example_dags/example_task_group_decorator.py took 0.124 seconds
[2023-03-12T08:07:23.657+0000] {processor.py:153} INFO - Started process (PID=3931) to work on /home/melicharovykrecek/venv/lib/python3.9/site-packages/airflow/example_dags/example_task_group_decorator.py
[2023-03-12T08:07:23.659+0000] {processor.py:743} INFO - Processing file /home/melicharovykrecek/venv/lib/python3.9/site-packages/airflow/example_dags/example_task_group_decorator.py for tasks to queue
[2023-03-12T08:07:23.660+0000] {logging_mixin.py:137} INFO - [2023-03-12T08:07:23.660+0000] {dagbag.py:538} INFO - Filling up the DagBag from /home/melicharovykrecek/venv/lib/python3.9/site-packages/airflow/example_dags/example_task_group_decorator.py
[2023-03-12T08:07:23.696+0000] {processor.py:753} INFO - DAG(s) dict_keys(['example_task_group_decorator']) retrieved from /home/melicharovykrecek/venv/lib/python3.9/site-packages/airflow/example_dags/example_task_group_decorator.py
[2023-03-12T08:07:23.723+0000] {logging_mixin.py:137} INFO - [2023-03-12T08:07:23.722+0000] {dag.py:2690} INFO - Sync 1 DAGs
[2023-03-12T08:07:23.748+0000] {logging_mixin.py:137} INFO - [2023-03-12T08:07:23.748+0000] {dag.py:3437} INFO - Setting next_dagrun for example_task_group_decorator to 2023-03-11T08:07:23.748038+00:00, run_after=2023-03-12T08:07:23.748038+00:00
[2023-03-12T08:07:23.775+0000] {processor.py:175} INFO - Processing /home/melicharovykrecek/venv/lib/python3.9/site-packages/airflow/example_dags/example_task_group_decorator.py took 0.123 seconds
[2023-03-12T08:08:07.886+0000] {processor.py:153} INFO - Started process (PID=4003) to work on /home/melicharovykrecek/venv/lib/python3.9/site-packages/airflow/example_dags/example_task_group_decorator.py
[2023-03-12T08:08:07.889+0000] {processor.py:743} INFO - Processing file /home/melicharovykrecek/venv/lib/python3.9/site-packages/airflow/example_dags/example_task_group_decorator.py for tasks to queue
[2023-03-12T08:08:07.890+0000] {logging_mixin.py:137} INFO - [2023-03-12T08:08:07.890+0000] {dagbag.py:538} INFO - Filling up the DagBag from /home/melicharovykrecek/venv/lib/python3.9/site-packages/airflow/example_dags/example_task_group_decorator.py
[2023-03-12T08:08:07.926+0000] {processor.py:753} INFO - DAG(s) dict_keys(['example_task_group_decorator']) retrieved from /home/melicharovykrecek/venv/lib/python3.9/site-packages/airflow/example_dags/example_task_group_decorator.py
[2023-03-12T08:08:07.954+0000] {logging_mixin.py:137} INFO - [2023-03-12T08:08:07.954+0000] {dag.py:2690} INFO - Sync 1 DAGs
[2023-03-12T08:08:07.978+0000] {logging_mixin.py:137} INFO - [2023-03-12T08:08:07.978+0000] {dag.py:3437} INFO - Setting next_dagrun for example_task_group_decorator to 2023-03-11T08:08:07.978371+00:00, run_after=2023-03-12T08:08:07.978371+00:00
[2023-03-12T08:08:08.007+0000] {processor.py:175} INFO - Processing /home/melicharovykrecek/venv/lib/python3.9/site-packages/airflow/example_dags/example_task_group_decorator.py took 0.126 seconds
[2023-03-12T08:08:56.397+0000] {processor.py:153} INFO - Started process (PID=4069) to work on /home/melicharovykrecek/venv/lib/python3.9/site-packages/airflow/example_dags/example_task_group_decorator.py
[2023-03-12T08:08:56.399+0000] {processor.py:743} INFO - Processing file /home/melicharovykrecek/venv/lib/python3.9/site-packages/airflow/example_dags/example_task_group_decorator.py for tasks to queue
[2023-03-12T08:08:56.400+0000] {logging_mixin.py:137} INFO - [2023-03-12T08:08:56.400+0000] {dagbag.py:538} INFO - Filling up the DagBag from /home/melicharovykrecek/venv/lib/python3.9/site-packages/airflow/example_dags/example_task_group_decorator.py
[2023-03-12T08:08:56.438+0000] {processor.py:753} INFO - DAG(s) dict_keys(['example_task_group_decorator']) retrieved from /home/melicharovykrecek/venv/lib/python3.9/site-packages/airflow/example_dags/example_task_group_decorator.py
[2023-03-12T08:08:56.469+0000] {logging_mixin.py:137} INFO - [2023-03-12T08:08:56.468+0000] {dag.py:2690} INFO - Sync 1 DAGs
[2023-03-12T08:08:56.496+0000] {logging_mixin.py:137} INFO - [2023-03-12T08:08:56.495+0000] {dag.py:3437} INFO - Setting next_dagrun for example_task_group_decorator to 2023-03-11T08:08:56.495553+00:00, run_after=2023-03-12T08:08:56.495553+00:00
[2023-03-12T08:08:56.523+0000] {processor.py:175} INFO - Processing /home/melicharovykrecek/venv/lib/python3.9/site-packages/airflow/example_dags/example_task_group_decorator.py took 0.131 seconds
[2023-03-12T08:09:47.171+0000] {processor.py:153} INFO - Started process (PID=4117) to work on /home/melicharovykrecek/venv/lib/python3.9/site-packages/airflow/example_dags/example_task_group_decorator.py
[2023-03-12T08:09:47.174+0000] {processor.py:743} INFO - Processing file /home/melicharovykrecek/venv/lib/python3.9/site-packages/airflow/example_dags/example_task_group_decorator.py for tasks to queue
[2023-03-12T08:09:47.175+0000] {logging_mixin.py:137} INFO - [2023-03-12T08:09:47.174+0000] {dagbag.py:538} INFO - Filling up the DagBag from /home/melicharovykrecek/venv/lib/python3.9/site-packages/airflow/example_dags/example_task_group_decorator.py
[2023-03-12T08:09:47.211+0000] {processor.py:753} INFO - DAG(s) dict_keys(['example_task_group_decorator']) retrieved from /home/melicharovykrecek/venv/lib/python3.9/site-packages/airflow/example_dags/example_task_group_decorator.py
[2023-03-12T08:09:47.240+0000] {logging_mixin.py:137} INFO - [2023-03-12T08:09:47.240+0000] {dag.py:2690} INFO - Sync 1 DAGs
[2023-03-12T08:09:47.265+0000] {logging_mixin.py:137} INFO - [2023-03-12T08:09:47.265+0000] {dag.py:3437} INFO - Setting next_dagrun for example_task_group_decorator to 2023-03-11T08:09:47.264848+00:00, run_after=2023-03-12T08:09:47.264848+00:00
[2023-03-12T08:09:47.473+0000] {processor.py:175} INFO - Processing /home/melicharovykrecek/venv/lib/python3.9/site-packages/airflow/example_dags/example_task_group_decorator.py took 0.306 seconds
[2023-03-12T08:10:33.114+0000] {processor.py:153} INFO - Started process (PID=4163) to work on /home/melicharovykrecek/venv/lib/python3.9/site-packages/airflow/example_dags/example_task_group_decorator.py
[2023-03-12T08:10:33.116+0000] {processor.py:743} INFO - Processing file /home/melicharovykrecek/venv/lib/python3.9/site-packages/airflow/example_dags/example_task_group_decorator.py for tasks to queue
[2023-03-12T08:10:33.117+0000] {logging_mixin.py:137} INFO - [2023-03-12T08:10:33.117+0000] {dagbag.py:538} INFO - Filling up the DagBag from /home/melicharovykrecek/venv/lib/python3.9/site-packages/airflow/example_dags/example_task_group_decorator.py
[2023-03-12T08:10:33.154+0000] {processor.py:753} INFO - DAG(s) dict_keys(['example_task_group_decorator']) retrieved from /home/melicharovykrecek/venv/lib/python3.9/site-packages/airflow/example_dags/example_task_group_decorator.py
[2023-03-12T08:10:33.184+0000] {logging_mixin.py:137} INFO - [2023-03-12T08:10:33.183+0000] {dag.py:2690} INFO - Sync 1 DAGs
[2023-03-12T08:10:33.210+0000] {logging_mixin.py:137} INFO - [2023-03-12T08:10:33.209+0000] {dag.py:3437} INFO - Setting next_dagrun for example_task_group_decorator to 2023-03-11T08:10:33.209447+00:00, run_after=2023-03-12T08:10:33.209447+00:00
[2023-03-12T08:10:33.238+0000] {processor.py:175} INFO - Processing /home/melicharovykrecek/venv/lib/python3.9/site-packages/airflow/example_dags/example_task_group_decorator.py took 0.129 seconds
[2023-03-12T08:11:14.560+0000] {processor.py:153} INFO - Started process (PID=4209) to work on /home/melicharovykrecek/venv/lib/python3.9/site-packages/airflow/example_dags/example_task_group_decorator.py
[2023-03-12T08:11:14.562+0000] {processor.py:743} INFO - Processing file /home/melicharovykrecek/venv/lib/python3.9/site-packages/airflow/example_dags/example_task_group_decorator.py for tasks to queue
[2023-03-12T08:11:14.563+0000] {logging_mixin.py:137} INFO - [2023-03-12T08:11:14.563+0000] {dagbag.py:538} INFO - Filling up the DagBag from /home/melicharovykrecek/venv/lib/python3.9/site-packages/airflow/example_dags/example_task_group_decorator.py
[2023-03-12T08:11:14.603+0000] {processor.py:753} INFO - DAG(s) dict_keys(['example_task_group_decorator']) retrieved from /home/melicharovykrecek/venv/lib/python3.9/site-packages/airflow/example_dags/example_task_group_decorator.py
[2023-03-12T08:11:14.632+0000] {logging_mixin.py:137} INFO - [2023-03-12T08:11:14.632+0000] {dag.py:2690} INFO - Sync 1 DAGs
[2023-03-12T08:11:14.656+0000] {logging_mixin.py:137} INFO - [2023-03-12T08:11:14.655+0000] {dag.py:3437} INFO - Setting next_dagrun for example_task_group_decorator to 2023-03-11T08:11:14.655576+00:00, run_after=2023-03-12T08:11:14.655576+00:00
[2023-03-12T08:11:14.683+0000] {processor.py:175} INFO - Processing /home/melicharovykrecek/venv/lib/python3.9/site-packages/airflow/example_dags/example_task_group_decorator.py took 0.128 seconds
[2023-03-12T08:11:53.776+0000] {processor.py:153} INFO - Started process (PID=4261) to work on /home/melicharovykrecek/venv/lib/python3.9/site-packages/airflow/example_dags/example_task_group_decorator.py
[2023-03-12T08:11:53.778+0000] {processor.py:743} INFO - Processing file /home/melicharovykrecek/venv/lib/python3.9/site-packages/airflow/example_dags/example_task_group_decorator.py for tasks to queue
[2023-03-12T08:11:53.779+0000] {logging_mixin.py:137} INFO - [2023-03-12T08:11:53.779+0000] {dagbag.py:538} INFO - Filling up the DagBag from /home/melicharovykrecek/venv/lib/python3.9/site-packages/airflow/example_dags/example_task_group_decorator.py
[2023-03-12T08:11:53.817+0000] {processor.py:753} INFO - DAG(s) dict_keys(['example_task_group_decorator']) retrieved from /home/melicharovykrecek/venv/lib/python3.9/site-packages/airflow/example_dags/example_task_group_decorator.py
[2023-03-12T08:11:53.844+0000] {logging_mixin.py:137} INFO - [2023-03-12T08:11:53.844+0000] {dag.py:2690} INFO - Sync 1 DAGs
[2023-03-12T08:11:53.870+0000] {logging_mixin.py:137} INFO - [2023-03-12T08:11:53.870+0000] {dag.py:3437} INFO - Setting next_dagrun for example_task_group_decorator to 2023-03-11T08:11:53.869889+00:00, run_after=2023-03-12T08:11:53.869889+00:00
[2023-03-12T08:11:53.900+0000] {processor.py:175} INFO - Processing /home/melicharovykrecek/venv/lib/python3.9/site-packages/airflow/example_dags/example_task_group_decorator.py took 0.130 seconds
[2023-03-12T08:12:41.490+0000] {processor.py:153} INFO - Started process (PID=4333) to work on /home/melicharovykrecek/venv/lib/python3.9/site-packages/airflow/example_dags/example_task_group_decorator.py
[2023-03-12T08:12:41.493+0000] {processor.py:743} INFO - Processing file /home/melicharovykrecek/venv/lib/python3.9/site-packages/airflow/example_dags/example_task_group_decorator.py for tasks to queue
[2023-03-12T08:12:41.494+0000] {logging_mixin.py:137} INFO - [2023-03-12T08:12:41.494+0000] {dagbag.py:538} INFO - Filling up the DagBag from /home/melicharovykrecek/venv/lib/python3.9/site-packages/airflow/example_dags/example_task_group_decorator.py
[2023-03-12T08:12:41.532+0000] {processor.py:753} INFO - DAG(s) dict_keys(['example_task_group_decorator']) retrieved from /home/melicharovykrecek/venv/lib/python3.9/site-packages/airflow/example_dags/example_task_group_decorator.py
[2023-03-12T08:12:41.559+0000] {logging_mixin.py:137} INFO - [2023-03-12T08:12:41.559+0000] {dag.py:2690} INFO - Sync 1 DAGs
[2023-03-12T08:12:41.584+0000] {logging_mixin.py:137} INFO - [2023-03-12T08:12:41.584+0000] {dag.py:3437} INFO - Setting next_dagrun for example_task_group_decorator to 2023-03-11T08:12:41.583870+00:00, run_after=2023-03-12T08:12:41.583870+00:00
[2023-03-12T08:12:41.614+0000] {processor.py:175} INFO - Processing /home/melicharovykrecek/venv/lib/python3.9/site-packages/airflow/example_dags/example_task_group_decorator.py took 0.129 seconds
[2023-03-12T08:13:31.479+0000] {processor.py:153} INFO - Started process (PID=4387) to work on /home/melicharovykrecek/venv/lib/python3.9/site-packages/airflow/example_dags/example_task_group_decorator.py
[2023-03-12T08:13:31.481+0000] {processor.py:743} INFO - Processing file /home/melicharovykrecek/venv/lib/python3.9/site-packages/airflow/example_dags/example_task_group_decorator.py for tasks to queue
[2023-03-12T08:13:31.482+0000] {logging_mixin.py:137} INFO - [2023-03-12T08:13:31.482+0000] {dagbag.py:538} INFO - Filling up the DagBag from /home/melicharovykrecek/venv/lib/python3.9/site-packages/airflow/example_dags/example_task_group_decorator.py
[2023-03-12T08:13:31.519+0000] {processor.py:753} INFO - DAG(s) dict_keys(['example_task_group_decorator']) retrieved from /home/melicharovykrecek/venv/lib/python3.9/site-packages/airflow/example_dags/example_task_group_decorator.py
[2023-03-12T08:13:31.547+0000] {logging_mixin.py:137} INFO - [2023-03-12T08:13:31.547+0000] {dag.py:2690} INFO - Sync 1 DAGs
[2023-03-12T08:13:31.574+0000] {logging_mixin.py:137} INFO - [2023-03-12T08:13:31.574+0000] {dag.py:3437} INFO - Setting next_dagrun for example_task_group_decorator to 2023-03-11T08:13:31.574204+00:00, run_after=2023-03-12T08:13:31.574204+00:00
[2023-03-12T08:13:31.780+0000] {processor.py:175} INFO - Processing /home/melicharovykrecek/venv/lib/python3.9/site-packages/airflow/example_dags/example_task_group_decorator.py took 0.306 seconds
[2023-03-12T08:14:11.441+0000] {processor.py:153} INFO - Started process (PID=4445) to work on /home/melicharovykrecek/venv/lib/python3.9/site-packages/airflow/example_dags/example_task_group_decorator.py
[2023-03-12T08:14:11.443+0000] {processor.py:743} INFO - Processing file /home/melicharovykrecek/venv/lib/python3.9/site-packages/airflow/example_dags/example_task_group_decorator.py for tasks to queue
[2023-03-12T08:14:11.444+0000] {logging_mixin.py:137} INFO - [2023-03-12T08:14:11.444+0000] {dagbag.py:538} INFO - Filling up the DagBag from /home/melicharovykrecek/venv/lib/python3.9/site-packages/airflow/example_dags/example_task_group_decorator.py
[2023-03-12T08:14:11.490+0000] {processor.py:753} INFO - DAG(s) dict_keys(['example_task_group_decorator']) retrieved from /home/melicharovykrecek/venv/lib/python3.9/site-packages/airflow/example_dags/example_task_group_decorator.py
[2023-03-12T08:14:11.519+0000] {logging_mixin.py:137} INFO - [2023-03-12T08:14:11.519+0000] {dag.py:2690} INFO - Sync 1 DAGs
[2023-03-12T08:14:11.547+0000] {logging_mixin.py:137} INFO - [2023-03-12T08:14:11.547+0000] {dag.py:3437} INFO - Setting next_dagrun for example_task_group_decorator to 2023-03-11T08:14:11.546920+00:00, run_after=2023-03-12T08:14:11.546920+00:00
[2023-03-12T08:14:11.576+0000] {processor.py:175} INFO - Processing /home/melicharovykrecek/venv/lib/python3.9/site-packages/airflow/example_dags/example_task_group_decorator.py took 0.140 seconds
[2023-03-12T08:15:00.286+0000] {processor.py:153} INFO - Started process (PID=4495) to work on /home/melicharovykrecek/venv/lib/python3.9/site-packages/airflow/example_dags/example_task_group_decorator.py
[2023-03-12T08:15:00.288+0000] {processor.py:743} INFO - Processing file /home/melicharovykrecek/venv/lib/python3.9/site-packages/airflow/example_dags/example_task_group_decorator.py for tasks to queue
[2023-03-12T08:15:00.289+0000] {logging_mixin.py:137} INFO - [2023-03-12T08:15:00.289+0000] {dagbag.py:538} INFO - Filling up the DagBag from /home/melicharovykrecek/venv/lib/python3.9/site-packages/airflow/example_dags/example_task_group_decorator.py
[2023-03-12T08:15:00.325+0000] {processor.py:753} INFO - DAG(s) dict_keys(['example_task_group_decorator']) retrieved from /home/melicharovykrecek/venv/lib/python3.9/site-packages/airflow/example_dags/example_task_group_decorator.py
[2023-03-12T08:15:00.353+0000] {logging_mixin.py:137} INFO - [2023-03-12T08:15:00.353+0000] {dag.py:2690} INFO - Sync 1 DAGs
[2023-03-12T08:15:00.378+0000] {logging_mixin.py:137} INFO - [2023-03-12T08:15:00.377+0000] {dag.py:3437} INFO - Setting next_dagrun for example_task_group_decorator to 2023-03-11T08:15:00.377581+00:00, run_after=2023-03-12T08:15:00.377581+00:00
[2023-03-12T08:15:00.406+0000] {processor.py:175} INFO - Processing /home/melicharovykrecek/venv/lib/python3.9/site-packages/airflow/example_dags/example_task_group_decorator.py took 0.124 seconds
[2023-03-12T08:15:51.027+0000] {processor.py:153} INFO - Started process (PID=4544) to work on /home/melicharovykrecek/venv/lib/python3.9/site-packages/airflow/example_dags/example_task_group_decorator.py
[2023-03-12T08:15:51.030+0000] {processor.py:743} INFO - Processing file /home/melicharovykrecek/venv/lib/python3.9/site-packages/airflow/example_dags/example_task_group_decorator.py for tasks to queue
[2023-03-12T08:15:51.031+0000] {logging_mixin.py:137} INFO - [2023-03-12T08:15:51.031+0000] {dagbag.py:538} INFO - Filling up the DagBag from /home/melicharovykrecek/venv/lib/python3.9/site-packages/airflow/example_dags/example_task_group_decorator.py
[2023-03-12T08:15:51.069+0000] {processor.py:753} INFO - DAG(s) dict_keys(['example_task_group_decorator']) retrieved from /home/melicharovykrecek/venv/lib/python3.9/site-packages/airflow/example_dags/example_task_group_decorator.py
[2023-03-12T08:15:51.096+0000] {logging_mixin.py:137} INFO - [2023-03-12T08:15:51.096+0000] {dag.py:2690} INFO - Sync 1 DAGs
[2023-03-12T08:15:51.121+0000] {logging_mixin.py:137} INFO - [2023-03-12T08:15:51.121+0000] {dag.py:3437} INFO - Setting next_dagrun for example_task_group_decorator to 2023-03-11T08:15:51.120922+00:00, run_after=2023-03-12T08:15:51.120922+00:00
[2023-03-12T08:15:51.149+0000] {processor.py:175} INFO - Processing /home/melicharovykrecek/venv/lib/python3.9/site-packages/airflow/example_dags/example_task_group_decorator.py took 0.127 seconds
[2023-03-12T08:16:31.582+0000] {processor.py:153} INFO - Started process (PID=4587) to work on /home/melicharovykrecek/venv/lib/python3.9/site-packages/airflow/example_dags/example_task_group_decorator.py
[2023-03-12T08:16:31.584+0000] {processor.py:743} INFO - Processing file /home/melicharovykrecek/venv/lib/python3.9/site-packages/airflow/example_dags/example_task_group_decorator.py for tasks to queue
[2023-03-12T08:16:31.586+0000] {logging_mixin.py:137} INFO - [2023-03-12T08:16:31.586+0000] {dagbag.py:538} INFO - Filling up the DagBag from /home/melicharovykrecek/venv/lib/python3.9/site-packages/airflow/example_dags/example_task_group_decorator.py
[2023-03-12T08:16:31.623+0000] {processor.py:753} INFO - DAG(s) dict_keys(['example_task_group_decorator']) retrieved from /home/melicharovykrecek/venv/lib/python3.9/site-packages/airflow/example_dags/example_task_group_decorator.py
[2023-03-12T08:16:31.650+0000] {logging_mixin.py:137} INFO - [2023-03-12T08:16:31.650+0000] {dag.py:2690} INFO - Sync 1 DAGs
[2023-03-12T08:16:31.674+0000] {logging_mixin.py:137} INFO - [2023-03-12T08:16:31.674+0000] {dag.py:3437} INFO - Setting next_dagrun for example_task_group_decorator to 2023-03-11T08:16:31.674108+00:00, run_after=2023-03-12T08:16:31.674108+00:00
[2023-03-12T08:16:31.705+0000] {processor.py:175} INFO - Processing /home/melicharovykrecek/venv/lib/python3.9/site-packages/airflow/example_dags/example_task_group_decorator.py took 0.128 seconds
[2023-03-12T08:17:21.734+0000] {processor.py:153} INFO - Started process (PID=4647) to work on /home/melicharovykrecek/venv/lib/python3.9/site-packages/airflow/example_dags/example_task_group_decorator.py
[2023-03-12T08:17:21.736+0000] {processor.py:743} INFO - Processing file /home/melicharovykrecek/venv/lib/python3.9/site-packages/airflow/example_dags/example_task_group_decorator.py for tasks to queue
[2023-03-12T08:17:21.737+0000] {logging_mixin.py:137} INFO - [2023-03-12T08:17:21.737+0000] {dagbag.py:538} INFO - Filling up the DagBag from /home/melicharovykrecek/venv/lib/python3.9/site-packages/airflow/example_dags/example_task_group_decorator.py
[2023-03-12T08:17:21.773+0000] {processor.py:753} INFO - DAG(s) dict_keys(['example_task_group_decorator']) retrieved from /home/melicharovykrecek/venv/lib/python3.9/site-packages/airflow/example_dags/example_task_group_decorator.py
[2023-03-12T08:17:21.800+0000] {logging_mixin.py:137} INFO - [2023-03-12T08:17:21.800+0000] {dag.py:2690} INFO - Sync 1 DAGs
[2023-03-12T08:17:21.826+0000] {logging_mixin.py:137} INFO - [2023-03-12T08:17:21.826+0000] {dag.py:3437} INFO - Setting next_dagrun for example_task_group_decorator to 2023-03-11T08:17:21.825837+00:00, run_after=2023-03-12T08:17:21.825837+00:00
[2023-03-12T08:17:21.855+0000] {processor.py:175} INFO - Processing /home/melicharovykrecek/venv/lib/python3.9/site-packages/airflow/example_dags/example_task_group_decorator.py took 0.126 seconds
[2023-03-12T08:18:03.341+0000] {processor.py:153} INFO - Started process (PID=4686) to work on /home/melicharovykrecek/venv/lib/python3.9/site-packages/airflow/example_dags/example_task_group_decorator.py
[2023-03-12T08:18:03.343+0000] {processor.py:743} INFO - Processing file /home/melicharovykrecek/venv/lib/python3.9/site-packages/airflow/example_dags/example_task_group_decorator.py for tasks to queue
[2023-03-12T08:18:03.344+0000] {logging_mixin.py:137} INFO - [2023-03-12T08:18:03.344+0000] {dagbag.py:538} INFO - Filling up the DagBag from /home/melicharovykrecek/venv/lib/python3.9/site-packages/airflow/example_dags/example_task_group_decorator.py
[2023-03-12T08:18:03.380+0000] {processor.py:753} INFO - DAG(s) dict_keys(['example_task_group_decorator']) retrieved from /home/melicharovykrecek/venv/lib/python3.9/site-packages/airflow/example_dags/example_task_group_decorator.py
[2023-03-12T08:18:03.407+0000] {logging_mixin.py:137} INFO - [2023-03-12T08:18:03.407+0000] {dag.py:2690} INFO - Sync 1 DAGs
[2023-03-12T08:18:03.435+0000] {logging_mixin.py:137} INFO - [2023-03-12T08:18:03.435+0000] {dag.py:3437} INFO - Setting next_dagrun for example_task_group_decorator to 2023-03-11T08:18:03.434624+00:00, run_after=2023-03-12T08:18:03.434624+00:00
[2023-03-12T08:18:03.464+0000] {processor.py:175} INFO - Processing /home/melicharovykrecek/venv/lib/python3.9/site-packages/airflow/example_dags/example_task_group_decorator.py took 0.128 seconds
[2023-03-12T08:18:49.341+0000] {processor.py:153} INFO - Started process (PID=4731) to work on /home/melicharovykrecek/venv/lib/python3.9/site-packages/airflow/example_dags/example_task_group_decorator.py
[2023-03-12T08:18:49.343+0000] {processor.py:743} INFO - Processing file /home/melicharovykrecek/venv/lib/python3.9/site-packages/airflow/example_dags/example_task_group_decorator.py for tasks to queue
[2023-03-12T08:18:49.344+0000] {logging_mixin.py:137} INFO - [2023-03-12T08:18:49.343+0000] {dagbag.py:538} INFO - Filling up the DagBag from /home/melicharovykrecek/venv/lib/python3.9/site-packages/airflow/example_dags/example_task_group_decorator.py
[2023-03-12T08:18:49.378+0000] {processor.py:753} INFO - DAG(s) dict_keys(['example_task_group_decorator']) retrieved from /home/melicharovykrecek/venv/lib/python3.9/site-packages/airflow/example_dags/example_task_group_decorator.py
[2023-03-12T08:18:49.406+0000] {logging_mixin.py:137} INFO - [2023-03-12T08:18:49.406+0000] {dag.py:2690} INFO - Sync 1 DAGs
[2023-03-12T08:18:49.431+0000] {logging_mixin.py:137} INFO - [2023-03-12T08:18:49.431+0000] {dag.py:3437} INFO - Setting next_dagrun for example_task_group_decorator to 2023-03-11T08:18:49.430917+00:00, run_after=2023-03-12T08:18:49.430917+00:00
[2023-03-12T08:18:49.461+0000] {processor.py:175} INFO - Processing /home/melicharovykrecek/venv/lib/python3.9/site-packages/airflow/example_dags/example_task_group_decorator.py took 0.124 seconds
[2023-03-12T08:19:36.566+0000] {processor.py:153} INFO - Started process (PID=4779) to work on /home/melicharovykrecek/venv/lib/python3.9/site-packages/airflow/example_dags/example_task_group_decorator.py
[2023-03-12T08:19:36.569+0000] {processor.py:743} INFO - Processing file /home/melicharovykrecek/venv/lib/python3.9/site-packages/airflow/example_dags/example_task_group_decorator.py for tasks to queue
[2023-03-12T08:19:36.570+0000] {logging_mixin.py:137} INFO - [2023-03-12T08:19:36.569+0000] {dagbag.py:538} INFO - Filling up the DagBag from /home/melicharovykrecek/venv/lib/python3.9/site-packages/airflow/example_dags/example_task_group_decorator.py
[2023-03-12T08:19:36.606+0000] {processor.py:753} INFO - DAG(s) dict_keys(['example_task_group_decorator']) retrieved from /home/melicharovykrecek/venv/lib/python3.9/site-packages/airflow/example_dags/example_task_group_decorator.py
[2023-03-12T08:19:36.634+0000] {logging_mixin.py:137} INFO - [2023-03-12T08:19:36.633+0000] {dag.py:2690} INFO - Sync 1 DAGs
[2023-03-12T08:19:36.658+0000] {logging_mixin.py:137} INFO - [2023-03-12T08:19:36.658+0000] {dag.py:3437} INFO - Setting next_dagrun for example_task_group_decorator to 2023-03-11T08:19:36.658090+00:00, run_after=2023-03-12T08:19:36.658090+00:00
[2023-03-12T08:19:36.685+0000] {processor.py:175} INFO - Processing /home/melicharovykrecek/venv/lib/python3.9/site-packages/airflow/example_dags/example_task_group_decorator.py took 0.124 seconds
[2023-03-12T08:20:27.075+0000] {processor.py:153} INFO - Started process (PID=4834) to work on /home/melicharovykrecek/venv/lib/python3.9/site-packages/airflow/example_dags/example_task_group_decorator.py
[2023-03-12T08:20:27.077+0000] {processor.py:743} INFO - Processing file /home/melicharovykrecek/venv/lib/python3.9/site-packages/airflow/example_dags/example_task_group_decorator.py for tasks to queue
[2023-03-12T08:20:27.078+0000] {logging_mixin.py:137} INFO - [2023-03-12T08:20:27.078+0000] {dagbag.py:538} INFO - Filling up the DagBag from /home/melicharovykrecek/venv/lib/python3.9/site-packages/airflow/example_dags/example_task_group_decorator.py
[2023-03-12T08:20:27.116+0000] {processor.py:753} INFO - DAG(s) dict_keys(['example_task_group_decorator']) retrieved from /home/melicharovykrecek/venv/lib/python3.9/site-packages/airflow/example_dags/example_task_group_decorator.py
[2023-03-12T08:20:27.144+0000] {logging_mixin.py:137} INFO - [2023-03-12T08:20:27.144+0000] {dag.py:2690} INFO - Sync 1 DAGs
[2023-03-12T08:20:27.171+0000] {logging_mixin.py:137} INFO - [2023-03-12T08:20:27.171+0000] {dag.py:3437} INFO - Setting next_dagrun for example_task_group_decorator to 2023-03-11T08:20:27.171108+00:00, run_after=2023-03-12T08:20:27.171108+00:00
[2023-03-12T08:20:27.373+0000] {processor.py:175} INFO - Processing /home/melicharovykrecek/venv/lib/python3.9/site-packages/airflow/example_dags/example_task_group_decorator.py took 0.303 seconds
[2023-03-12T08:21:10.138+0000] {processor.py:153} INFO - Started process (PID=4872) to work on /home/melicharovykrecek/venv/lib/python3.9/site-packages/airflow/example_dags/example_task_group_decorator.py
[2023-03-12T08:21:10.140+0000] {processor.py:743} INFO - Processing file /home/melicharovykrecek/venv/lib/python3.9/site-packages/airflow/example_dags/example_task_group_decorator.py for tasks to queue
[2023-03-12T08:21:10.141+0000] {logging_mixin.py:137} INFO - [2023-03-12T08:21:10.141+0000] {dagbag.py:538} INFO - Filling up the DagBag from /home/melicharovykrecek/venv/lib/python3.9/site-packages/airflow/example_dags/example_task_group_decorator.py
[2023-03-12T08:21:10.175+0000] {processor.py:753} INFO - DAG(s) dict_keys(['example_task_group_decorator']) retrieved from /home/melicharovykrecek/venv/lib/python3.9/site-packages/airflow/example_dags/example_task_group_decorator.py
[2023-03-12T08:21:10.200+0000] {logging_mixin.py:137} INFO - [2023-03-12T08:21:10.200+0000] {dag.py:2690} INFO - Sync 1 DAGs
[2023-03-12T08:21:10.223+0000] {logging_mixin.py:137} INFO - [2023-03-12T08:21:10.223+0000] {dag.py:3437} INFO - Setting next_dagrun for example_task_group_decorator to 2023-03-11T08:21:10.223433+00:00, run_after=2023-03-12T08:21:10.223433+00:00
[2023-03-12T08:21:10.250+0000] {processor.py:175} INFO - Processing /home/melicharovykrecek/venv/lib/python3.9/site-packages/airflow/example_dags/example_task_group_decorator.py took 0.116 seconds
