[2023-03-12T07:30:48.367+0000] {processor.py:153} INFO - Started process (PID=1493) to work on /home/melicharovykrecek/venv/lib/python3.9/site-packages/airflow/example_dags/example_latest_only_with_trigger.py
[2023-03-12T07:30:48.369+0000] {processor.py:743} INFO - Processing file /home/melicharovykrecek/venv/lib/python3.9/site-packages/airflow/example_dags/example_latest_only_with_trigger.py for tasks to queue
[2023-03-12T07:30:48.370+0000] {logging_mixin.py:137} INFO - [2023-03-12T07:30:48.369+0000] {dagbag.py:538} INFO - Filling up the DagBag from /home/melicharovykrecek/venv/lib/python3.9/site-packages/airflow/example_dags/example_latest_only_with_trigger.py
[2023-03-12T07:30:48.388+0000] {processor.py:753} INFO - DAG(s) dict_keys(['latest_only_with_trigger']) retrieved from /home/melicharovykrecek/venv/lib/python3.9/site-packages/airflow/example_dags/example_latest_only_with_trigger.py
[2023-03-12T07:30:48.413+0000] {logging_mixin.py:137} INFO - [2023-03-12T07:30:48.412+0000] {dag.py:2690} INFO - Sync 1 DAGs
[2023-03-12T07:30:48.436+0000] {logging_mixin.py:137} INFO - [2023-03-12T07:30:48.435+0000] {dag.py:3437} INFO - Setting next_dagrun for latest_only_with_trigger to 2023-03-12T03:30:48.435397+00:00, run_after=2023-03-12T07:30:48.435397+00:00
[2023-03-12T07:30:48.465+0000] {processor.py:175} INFO - Processing /home/melicharovykrecek/venv/lib/python3.9/site-packages/airflow/example_dags/example_latest_only_with_trigger.py took 0.102 seconds
[2023-03-12T07:31:29.020+0000] {processor.py:153} INFO - Started process (PID=1552) to work on /home/melicharovykrecek/venv/lib/python3.9/site-packages/airflow/example_dags/example_latest_only_with_trigger.py
[2023-03-12T07:31:29.022+0000] {processor.py:743} INFO - Processing file /home/melicharovykrecek/venv/lib/python3.9/site-packages/airflow/example_dags/example_latest_only_with_trigger.py for tasks to queue
[2023-03-12T07:31:29.023+0000] {logging_mixin.py:137} INFO - [2023-03-12T07:31:29.023+0000] {dagbag.py:538} INFO - Filling up the DagBag from /home/melicharovykrecek/venv/lib/python3.9/site-packages/airflow/example_dags/example_latest_only_with_trigger.py
[2023-03-12T07:31:29.041+0000] {processor.py:753} INFO - DAG(s) dict_keys(['latest_only_with_trigger']) retrieved from /home/melicharovykrecek/venv/lib/python3.9/site-packages/airflow/example_dags/example_latest_only_with_trigger.py
[2023-03-12T07:31:29.065+0000] {logging_mixin.py:137} INFO - [2023-03-12T07:31:29.065+0000] {dag.py:2690} INFO - Sync 1 DAGs
[2023-03-12T07:31:29.090+0000] {logging_mixin.py:137} INFO - [2023-03-12T07:31:29.090+0000] {dag.py:3437} INFO - Setting next_dagrun for latest_only_with_trigger to 2023-03-12T03:31:29.089948+00:00, run_after=2023-03-12T07:31:29.089948+00:00
[2023-03-12T07:31:29.116+0000] {processor.py:175} INFO - Processing /home/melicharovykrecek/venv/lib/python3.9/site-packages/airflow/example_dags/example_latest_only_with_trigger.py took 0.100 seconds
[2023-03-12T07:32:15.997+0000] {processor.py:153} INFO - Started process (PID=1602) to work on /home/melicharovykrecek/venv/lib/python3.9/site-packages/airflow/example_dags/example_latest_only_with_trigger.py
[2023-03-12T07:32:15.999+0000] {processor.py:743} INFO - Processing file /home/melicharovykrecek/venv/lib/python3.9/site-packages/airflow/example_dags/example_latest_only_with_trigger.py for tasks to queue
[2023-03-12T07:32:15.999+0000] {logging_mixin.py:137} INFO - [2023-03-12T07:32:15.999+0000] {dagbag.py:538} INFO - Filling up the DagBag from /home/melicharovykrecek/venv/lib/python3.9/site-packages/airflow/example_dags/example_latest_only_with_trigger.py
[2023-03-12T07:32:16.017+0000] {processor.py:753} INFO - DAG(s) dict_keys(['latest_only_with_trigger']) retrieved from /home/melicharovykrecek/venv/lib/python3.9/site-packages/airflow/example_dags/example_latest_only_with_trigger.py
[2023-03-12T07:32:16.039+0000] {logging_mixin.py:137} INFO - [2023-03-12T07:32:16.039+0000] {dag.py:2690} INFO - Sync 1 DAGs
[2023-03-12T07:32:16.063+0000] {logging_mixin.py:137} INFO - [2023-03-12T07:32:16.063+0000] {dag.py:3437} INFO - Setting next_dagrun for latest_only_with_trigger to 2023-03-12T03:32:16.063197+00:00, run_after=2023-03-12T07:32:16.063197+00:00
[2023-03-12T07:32:16.092+0000] {processor.py:175} INFO - Processing /home/melicharovykrecek/venv/lib/python3.9/site-packages/airflow/example_dags/example_latest_only_with_trigger.py took 0.100 seconds
[2023-03-12T07:32:57.772+0000] {processor.py:153} INFO - Started process (PID=1646) to work on /home/melicharovykrecek/venv/lib/python3.9/site-packages/airflow/example_dags/example_latest_only_with_trigger.py
[2023-03-12T07:32:57.774+0000] {processor.py:743} INFO - Processing file /home/melicharovykrecek/venv/lib/python3.9/site-packages/airflow/example_dags/example_latest_only_with_trigger.py for tasks to queue
[2023-03-12T07:32:57.775+0000] {logging_mixin.py:137} INFO - [2023-03-12T07:32:57.775+0000] {dagbag.py:538} INFO - Filling up the DagBag from /home/melicharovykrecek/venv/lib/python3.9/site-packages/airflow/example_dags/example_latest_only_with_trigger.py
[2023-03-12T07:32:57.795+0000] {processor.py:753} INFO - DAG(s) dict_keys(['latest_only_with_trigger']) retrieved from /home/melicharovykrecek/venv/lib/python3.9/site-packages/airflow/example_dags/example_latest_only_with_trigger.py
[2023-03-12T07:32:57.821+0000] {logging_mixin.py:137} INFO - [2023-03-12T07:32:57.821+0000] {dag.py:2690} INFO - Sync 1 DAGs
[2023-03-12T07:32:57.847+0000] {logging_mixin.py:137} INFO - [2023-03-12T07:32:57.847+0000] {dag.py:3437} INFO - Setting next_dagrun for latest_only_with_trigger to 2023-03-12T03:32:57.846679+00:00, run_after=2023-03-12T07:32:57.846679+00:00
[2023-03-12T07:32:57.875+0000] {processor.py:175} INFO - Processing /home/melicharovykrecek/venv/lib/python3.9/site-packages/airflow/example_dags/example_latest_only_with_trigger.py took 0.108 seconds
[2023-03-12T07:33:46.169+0000] {processor.py:153} INFO - Started process (PID=1696) to work on /home/melicharovykrecek/venv/lib/python3.9/site-packages/airflow/example_dags/example_latest_only_with_trigger.py
[2023-03-12T07:33:46.171+0000] {processor.py:743} INFO - Processing file /home/melicharovykrecek/venv/lib/python3.9/site-packages/airflow/example_dags/example_latest_only_with_trigger.py for tasks to queue
[2023-03-12T07:33:46.172+0000] {logging_mixin.py:137} INFO - [2023-03-12T07:33:46.172+0000] {dagbag.py:538} INFO - Filling up the DagBag from /home/melicharovykrecek/venv/lib/python3.9/site-packages/airflow/example_dags/example_latest_only_with_trigger.py
[2023-03-12T07:33:46.190+0000] {processor.py:753} INFO - DAG(s) dict_keys(['latest_only_with_trigger']) retrieved from /home/melicharovykrecek/venv/lib/python3.9/site-packages/airflow/example_dags/example_latest_only_with_trigger.py
[2023-03-12T07:33:46.215+0000] {logging_mixin.py:137} INFO - [2023-03-12T07:33:46.215+0000] {dag.py:2690} INFO - Sync 1 DAGs
[2023-03-12T07:33:46.238+0000] {logging_mixin.py:137} INFO - [2023-03-12T07:33:46.238+0000] {dag.py:3437} INFO - Setting next_dagrun for latest_only_with_trigger to 2023-03-12T03:33:46.237668+00:00, run_after=2023-03-12T07:33:46.237668+00:00
[2023-03-12T07:33:46.264+0000] {processor.py:175} INFO - Processing /home/melicharovykrecek/venv/lib/python3.9/site-packages/airflow/example_dags/example_latest_only_with_trigger.py took 0.099 seconds
[2023-03-12T07:34:37.320+0000] {processor.py:153} INFO - Started process (PID=1756) to work on /home/melicharovykrecek/venv/lib/python3.9/site-packages/airflow/example_dags/example_latest_only_with_trigger.py
[2023-03-12T07:34:37.322+0000] {processor.py:743} INFO - Processing file /home/melicharovykrecek/venv/lib/python3.9/site-packages/airflow/example_dags/example_latest_only_with_trigger.py for tasks to queue
[2023-03-12T07:34:37.323+0000] {logging_mixin.py:137} INFO - [2023-03-12T07:34:37.323+0000] {dagbag.py:538} INFO - Filling up the DagBag from /home/melicharovykrecek/venv/lib/python3.9/site-packages/airflow/example_dags/example_latest_only_with_trigger.py
[2023-03-12T07:34:37.341+0000] {processor.py:753} INFO - DAG(s) dict_keys(['latest_only_with_trigger']) retrieved from /home/melicharovykrecek/venv/lib/python3.9/site-packages/airflow/example_dags/example_latest_only_with_trigger.py
[2023-03-12T07:34:37.365+0000] {logging_mixin.py:137} INFO - [2023-03-12T07:34:37.364+0000] {dag.py:2690} INFO - Sync 1 DAGs
[2023-03-12T07:34:37.387+0000] {logging_mixin.py:137} INFO - [2023-03-12T07:34:37.387+0000] {dag.py:3437} INFO - Setting next_dagrun for latest_only_with_trigger to 2023-03-12T03:34:37.386674+00:00, run_after=2023-03-12T07:34:37.386674+00:00
[2023-03-12T07:34:37.411+0000] {processor.py:175} INFO - Processing /home/melicharovykrecek/venv/lib/python3.9/site-packages/airflow/example_dags/example_latest_only_with_trigger.py took 0.095 seconds
[2023-03-12T07:35:25.476+0000] {processor.py:153} INFO - Started process (PID=1828) to work on /home/melicharovykrecek/venv/lib/python3.9/site-packages/airflow/example_dags/example_latest_only_with_trigger.py
[2023-03-12T07:35:25.478+0000] {processor.py:743} INFO - Processing file /home/melicharovykrecek/venv/lib/python3.9/site-packages/airflow/example_dags/example_latest_only_with_trigger.py for tasks to queue
[2023-03-12T07:35:25.479+0000] {logging_mixin.py:137} INFO - [2023-03-12T07:35:25.479+0000] {dagbag.py:538} INFO - Filling up the DagBag from /home/melicharovykrecek/venv/lib/python3.9/site-packages/airflow/example_dags/example_latest_only_with_trigger.py
[2023-03-12T07:35:25.497+0000] {processor.py:753} INFO - DAG(s) dict_keys(['latest_only_with_trigger']) retrieved from /home/melicharovykrecek/venv/lib/python3.9/site-packages/airflow/example_dags/example_latest_only_with_trigger.py
[2023-03-12T07:35:25.521+0000] {logging_mixin.py:137} INFO - [2023-03-12T07:35:25.521+0000] {dag.py:2690} INFO - Sync 1 DAGs
[2023-03-12T07:35:25.546+0000] {logging_mixin.py:137} INFO - [2023-03-12T07:35:25.546+0000] {dag.py:3437} INFO - Setting next_dagrun for latest_only_with_trigger to 2023-03-12T03:35:25.546240+00:00, run_after=2023-03-12T07:35:25.546240+00:00
[2023-03-12T07:35:25.572+0000] {processor.py:175} INFO - Processing /home/melicharovykrecek/venv/lib/python3.9/site-packages/airflow/example_dags/example_latest_only_with_trigger.py took 0.101 seconds
[2023-03-12T07:36:15.739+0000] {processor.py:153} INFO - Started process (PID=1901) to work on /home/melicharovykrecek/venv/lib/python3.9/site-packages/airflow/example_dags/example_latest_only_with_trigger.py
[2023-03-12T07:36:15.741+0000] {processor.py:743} INFO - Processing file /home/melicharovykrecek/venv/lib/python3.9/site-packages/airflow/example_dags/example_latest_only_with_trigger.py for tasks to queue
[2023-03-12T07:36:15.742+0000] {logging_mixin.py:137} INFO - [2023-03-12T07:36:15.742+0000] {dagbag.py:538} INFO - Filling up the DagBag from /home/melicharovykrecek/venv/lib/python3.9/site-packages/airflow/example_dags/example_latest_only_with_trigger.py
[2023-03-12T07:36:15.760+0000] {processor.py:753} INFO - DAG(s) dict_keys(['latest_only_with_trigger']) retrieved from /home/melicharovykrecek/venv/lib/python3.9/site-packages/airflow/example_dags/example_latest_only_with_trigger.py
[2023-03-12T07:36:15.784+0000] {logging_mixin.py:137} INFO - [2023-03-12T07:36:15.784+0000] {dag.py:2690} INFO - Sync 1 DAGs
[2023-03-12T07:36:15.809+0000] {logging_mixin.py:137} INFO - [2023-03-12T07:36:15.809+0000] {dag.py:3437} INFO - Setting next_dagrun for latest_only_with_trigger to 2023-03-12T03:36:15.808815+00:00, run_after=2023-03-12T07:36:15.808815+00:00
[2023-03-12T07:36:15.835+0000] {processor.py:175} INFO - Processing /home/melicharovykrecek/venv/lib/python3.9/site-packages/airflow/example_dags/example_latest_only_with_trigger.py took 0.100 seconds
[2023-03-12T07:37:04.388+0000] {processor.py:153} INFO - Started process (PID=1948) to work on /home/melicharovykrecek/venv/lib/python3.9/site-packages/airflow/example_dags/example_latest_only_with_trigger.py
[2023-03-12T07:37:04.390+0000] {processor.py:743} INFO - Processing file /home/melicharovykrecek/venv/lib/python3.9/site-packages/airflow/example_dags/example_latest_only_with_trigger.py for tasks to queue
[2023-03-12T07:37:04.390+0000] {logging_mixin.py:137} INFO - [2023-03-12T07:37:04.390+0000] {dagbag.py:538} INFO - Filling up the DagBag from /home/melicharovykrecek/venv/lib/python3.9/site-packages/airflow/example_dags/example_latest_only_with_trigger.py
[2023-03-12T07:37:04.408+0000] {processor.py:753} INFO - DAG(s) dict_keys(['latest_only_with_trigger']) retrieved from /home/melicharovykrecek/venv/lib/python3.9/site-packages/airflow/example_dags/example_latest_only_with_trigger.py
[2023-03-12T07:37:04.434+0000] {logging_mixin.py:137} INFO - [2023-03-12T07:37:04.433+0000] {dag.py:2690} INFO - Sync 1 DAGs
[2023-03-12T07:37:04.457+0000] {logging_mixin.py:137} INFO - [2023-03-12T07:37:04.457+0000] {dag.py:3437} INFO - Setting next_dagrun for latest_only_with_trigger to 2023-03-12T03:37:04.457230+00:00, run_after=2023-03-12T07:37:04.457230+00:00
[2023-03-12T07:37:04.483+0000] {processor.py:175} INFO - Processing /home/melicharovykrecek/venv/lib/python3.9/site-packages/airflow/example_dags/example_latest_only_with_trigger.py took 0.101 seconds
[2023-03-12T07:37:50.775+0000] {processor.py:153} INFO - Started process (PID=1997) to work on /home/melicharovykrecek/venv/lib/python3.9/site-packages/airflow/example_dags/example_latest_only_with_trigger.py
[2023-03-12T07:37:50.777+0000] {processor.py:743} INFO - Processing file /home/melicharovykrecek/venv/lib/python3.9/site-packages/airflow/example_dags/example_latest_only_with_trigger.py for tasks to queue
[2023-03-12T07:37:50.778+0000] {logging_mixin.py:137} INFO - [2023-03-12T07:37:50.777+0000] {dagbag.py:538} INFO - Filling up the DagBag from /home/melicharovykrecek/venv/lib/python3.9/site-packages/airflow/example_dags/example_latest_only_with_trigger.py
[2023-03-12T07:37:50.796+0000] {processor.py:753} INFO - DAG(s) dict_keys(['latest_only_with_trigger']) retrieved from /home/melicharovykrecek/venv/lib/python3.9/site-packages/airflow/example_dags/example_latest_only_with_trigger.py
[2023-03-12T07:37:50.820+0000] {logging_mixin.py:137} INFO - [2023-03-12T07:37:50.820+0000] {dag.py:2690} INFO - Sync 1 DAGs
[2023-03-12T07:37:50.843+0000] {logging_mixin.py:137} INFO - [2023-03-12T07:37:50.843+0000] {dag.py:3437} INFO - Setting next_dagrun for latest_only_with_trigger to 2023-03-12T03:37:50.843098+00:00, run_after=2023-03-12T07:37:50.843098+00:00
[2023-03-12T07:37:50.869+0000] {processor.py:175} INFO - Processing /home/melicharovykrecek/venv/lib/python3.9/site-packages/airflow/example_dags/example_latest_only_with_trigger.py took 0.099 seconds
[2023-03-12T07:38:39.660+0000] {processor.py:153} INFO - Started process (PID=2045) to work on /home/melicharovykrecek/venv/lib/python3.9/site-packages/airflow/example_dags/example_latest_only_with_trigger.py
[2023-03-12T07:38:39.662+0000] {processor.py:743} INFO - Processing file /home/melicharovykrecek/venv/lib/python3.9/site-packages/airflow/example_dags/example_latest_only_with_trigger.py for tasks to queue
[2023-03-12T07:38:39.663+0000] {logging_mixin.py:137} INFO - [2023-03-12T07:38:39.663+0000] {dagbag.py:538} INFO - Filling up the DagBag from /home/melicharovykrecek/venv/lib/python3.9/site-packages/airflow/example_dags/example_latest_only_with_trigger.py
[2023-03-12T07:38:39.681+0000] {processor.py:753} INFO - DAG(s) dict_keys(['latest_only_with_trigger']) retrieved from /home/melicharovykrecek/venv/lib/python3.9/site-packages/airflow/example_dags/example_latest_only_with_trigger.py
[2023-03-12T07:38:39.705+0000] {logging_mixin.py:137} INFO - [2023-03-12T07:38:39.705+0000] {dag.py:2690} INFO - Sync 1 DAGs
[2023-03-12T07:38:39.728+0000] {logging_mixin.py:137} INFO - [2023-03-12T07:38:39.728+0000] {dag.py:3437} INFO - Setting next_dagrun for latest_only_with_trigger to 2023-03-12T03:38:39.727854+00:00, run_after=2023-03-12T07:38:39.727854+00:00
[2023-03-12T07:38:39.757+0000] {processor.py:175} INFO - Processing /home/melicharovykrecek/venv/lib/python3.9/site-packages/airflow/example_dags/example_latest_only_with_trigger.py took 0.102 seconds
[2023-03-12T07:39:29.940+0000] {processor.py:153} INFO - Started process (PID=2104) to work on /home/melicharovykrecek/venv/lib/python3.9/site-packages/airflow/example_dags/example_latest_only_with_trigger.py
[2023-03-12T07:39:29.942+0000] {processor.py:743} INFO - Processing file /home/melicharovykrecek/venv/lib/python3.9/site-packages/airflow/example_dags/example_latest_only_with_trigger.py for tasks to queue
[2023-03-12T07:39:29.943+0000] {logging_mixin.py:137} INFO - [2023-03-12T07:39:29.943+0000] {dagbag.py:538} INFO - Filling up the DagBag from /home/melicharovykrecek/venv/lib/python3.9/site-packages/airflow/example_dags/example_latest_only_with_trigger.py
[2023-03-12T07:39:29.961+0000] {processor.py:753} INFO - DAG(s) dict_keys(['latest_only_with_trigger']) retrieved from /home/melicharovykrecek/venv/lib/python3.9/site-packages/airflow/example_dags/example_latest_only_with_trigger.py
[2023-03-12T07:39:29.986+0000] {logging_mixin.py:137} INFO - [2023-03-12T07:39:29.986+0000] {dag.py:2690} INFO - Sync 1 DAGs
[2023-03-12T07:39:30.013+0000] {logging_mixin.py:137} INFO - [2023-03-12T07:39:30.013+0000] {dag.py:3437} INFO - Setting next_dagrun for latest_only_with_trigger to 2023-03-12T03:39:30.012841+00:00, run_after=2023-03-12T07:39:30.012841+00:00
[2023-03-12T07:39:30.040+0000] {processor.py:175} INFO - Processing /home/melicharovykrecek/venv/lib/python3.9/site-packages/airflow/example_dags/example_latest_only_with_trigger.py took 0.104 seconds
[2023-03-12T07:40:14.088+0000] {processor.py:153} INFO - Started process (PID=2174) to work on /home/melicharovykrecek/venv/lib/python3.9/site-packages/airflow/example_dags/example_latest_only_with_trigger.py
[2023-03-12T07:40:14.090+0000] {processor.py:743} INFO - Processing file /home/melicharovykrecek/venv/lib/python3.9/site-packages/airflow/example_dags/example_latest_only_with_trigger.py for tasks to queue
[2023-03-12T07:40:14.091+0000] {logging_mixin.py:137} INFO - [2023-03-12T07:40:14.091+0000] {dagbag.py:538} INFO - Filling up the DagBag from /home/melicharovykrecek/venv/lib/python3.9/site-packages/airflow/example_dags/example_latest_only_with_trigger.py
[2023-03-12T07:40:14.110+0000] {processor.py:753} INFO - DAG(s) dict_keys(['latest_only_with_trigger']) retrieved from /home/melicharovykrecek/venv/lib/python3.9/site-packages/airflow/example_dags/example_latest_only_with_trigger.py
[2023-03-12T07:40:14.138+0000] {logging_mixin.py:137} INFO - [2023-03-12T07:40:14.138+0000] {dag.py:2690} INFO - Sync 1 DAGs
[2023-03-12T07:40:14.163+0000] {logging_mixin.py:137} INFO - [2023-03-12T07:40:14.162+0000] {dag.py:3437} INFO - Setting next_dagrun for latest_only_with_trigger to 2023-03-12T03:40:14.162528+00:00, run_after=2023-03-12T07:40:14.162528+00:00
[2023-03-12T07:40:14.191+0000] {processor.py:175} INFO - Processing /home/melicharovykrecek/venv/lib/python3.9/site-packages/airflow/example_dags/example_latest_only_with_trigger.py took 0.107 seconds
[2023-03-12T07:41:03.841+0000] {processor.py:153} INFO - Started process (PID=2249) to work on /home/melicharovykrecek/venv/lib/python3.9/site-packages/airflow/example_dags/example_latest_only_with_trigger.py
[2023-03-12T07:41:03.843+0000] {processor.py:743} INFO - Processing file /home/melicharovykrecek/venv/lib/python3.9/site-packages/airflow/example_dags/example_latest_only_with_trigger.py for tasks to queue
[2023-03-12T07:41:03.844+0000] {logging_mixin.py:137} INFO - [2023-03-12T07:41:03.844+0000] {dagbag.py:538} INFO - Filling up the DagBag from /home/melicharovykrecek/venv/lib/python3.9/site-packages/airflow/example_dags/example_latest_only_with_trigger.py
[2023-03-12T07:41:03.864+0000] {processor.py:753} INFO - DAG(s) dict_keys(['latest_only_with_trigger']) retrieved from /home/melicharovykrecek/venv/lib/python3.9/site-packages/airflow/example_dags/example_latest_only_with_trigger.py
[2023-03-12T07:41:03.890+0000] {logging_mixin.py:137} INFO - [2023-03-12T07:41:03.889+0000] {dag.py:2690} INFO - Sync 1 DAGs
[2023-03-12T07:41:03.914+0000] {logging_mixin.py:137} INFO - [2023-03-12T07:41:03.914+0000] {dag.py:3437} INFO - Setting next_dagrun for latest_only_with_trigger to 2023-03-12T03:41:03.914042+00:00, run_after=2023-03-12T07:41:03.914042+00:00
[2023-03-12T07:41:03.944+0000] {processor.py:175} INFO - Processing /home/melicharovykrecek/venv/lib/python3.9/site-packages/airflow/example_dags/example_latest_only_with_trigger.py took 0.108 seconds
[2023-03-12T07:41:49.743+0000] {processor.py:153} INFO - Started process (PID=2294) to work on /home/melicharovykrecek/venv/lib/python3.9/site-packages/airflow/example_dags/example_latest_only_with_trigger.py
[2023-03-12T07:41:49.745+0000] {processor.py:743} INFO - Processing file /home/melicharovykrecek/venv/lib/python3.9/site-packages/airflow/example_dags/example_latest_only_with_trigger.py for tasks to queue
[2023-03-12T07:41:49.746+0000] {logging_mixin.py:137} INFO - [2023-03-12T07:41:49.745+0000] {dagbag.py:538} INFO - Filling up the DagBag from /home/melicharovykrecek/venv/lib/python3.9/site-packages/airflow/example_dags/example_latest_only_with_trigger.py
[2023-03-12T07:41:49.763+0000] {processor.py:753} INFO - DAG(s) dict_keys(['latest_only_with_trigger']) retrieved from /home/melicharovykrecek/venv/lib/python3.9/site-packages/airflow/example_dags/example_latest_only_with_trigger.py
[2023-03-12T07:41:49.788+0000] {logging_mixin.py:137} INFO - [2023-03-12T07:41:49.788+0000] {dag.py:2690} INFO - Sync 1 DAGs
[2023-03-12T07:41:49.814+0000] {logging_mixin.py:137} INFO - [2023-03-12T07:41:49.814+0000] {dag.py:3437} INFO - Setting next_dagrun for latest_only_with_trigger to 2023-03-12T03:41:49.814029+00:00, run_after=2023-03-12T07:41:49.814029+00:00
[2023-03-12T07:41:49.844+0000] {processor.py:175} INFO - Processing /home/melicharovykrecek/venv/lib/python3.9/site-packages/airflow/example_dags/example_latest_only_with_trigger.py took 0.107 seconds
[2023-03-12T07:42:34.466+0000] {processor.py:153} INFO - Started process (PID=2339) to work on /home/melicharovykrecek/venv/lib/python3.9/site-packages/airflow/example_dags/example_latest_only_with_trigger.py
[2023-03-12T07:42:34.468+0000] {processor.py:743} INFO - Processing file /home/melicharovykrecek/venv/lib/python3.9/site-packages/airflow/example_dags/example_latest_only_with_trigger.py for tasks to queue
[2023-03-12T07:42:34.469+0000] {logging_mixin.py:137} INFO - [2023-03-12T07:42:34.469+0000] {dagbag.py:538} INFO - Filling up the DagBag from /home/melicharovykrecek/venv/lib/python3.9/site-packages/airflow/example_dags/example_latest_only_with_trigger.py
[2023-03-12T07:42:34.489+0000] {processor.py:753} INFO - DAG(s) dict_keys(['latest_only_with_trigger']) retrieved from /home/melicharovykrecek/venv/lib/python3.9/site-packages/airflow/example_dags/example_latest_only_with_trigger.py
[2023-03-12T07:42:34.515+0000] {logging_mixin.py:137} INFO - [2023-03-12T07:42:34.515+0000] {dag.py:2690} INFO - Sync 1 DAGs
[2023-03-12T07:42:34.541+0000] {logging_mixin.py:137} INFO - [2023-03-12T07:42:34.541+0000] {dag.py:3437} INFO - Setting next_dagrun for latest_only_with_trigger to 2023-03-12T03:42:34.540933+00:00, run_after=2023-03-12T07:42:34.540933+00:00
[2023-03-12T07:42:34.567+0000] {processor.py:175} INFO - Processing /home/melicharovykrecek/venv/lib/python3.9/site-packages/airflow/example_dags/example_latest_only_with_trigger.py took 0.106 seconds
[2023-03-12T07:43:22.513+0000] {processor.py:153} INFO - Started process (PID=2389) to work on /home/melicharovykrecek/venv/lib/python3.9/site-packages/airflow/example_dags/example_latest_only_with_trigger.py
[2023-03-12T07:43:22.515+0000] {processor.py:743} INFO - Processing file /home/melicharovykrecek/venv/lib/python3.9/site-packages/airflow/example_dags/example_latest_only_with_trigger.py for tasks to queue
[2023-03-12T07:43:22.516+0000] {logging_mixin.py:137} INFO - [2023-03-12T07:43:22.516+0000] {dagbag.py:538} INFO - Filling up the DagBag from /home/melicharovykrecek/venv/lib/python3.9/site-packages/airflow/example_dags/example_latest_only_with_trigger.py
[2023-03-12T07:43:22.535+0000] {processor.py:753} INFO - DAG(s) dict_keys(['latest_only_with_trigger']) retrieved from /home/melicharovykrecek/venv/lib/python3.9/site-packages/airflow/example_dags/example_latest_only_with_trigger.py
[2023-03-12T07:43:22.560+0000] {logging_mixin.py:137} INFO - [2023-03-12T07:43:22.560+0000] {dag.py:2690} INFO - Sync 1 DAGs
[2023-03-12T07:43:22.586+0000] {logging_mixin.py:137} INFO - [2023-03-12T07:43:22.585+0000] {dag.py:3437} INFO - Setting next_dagrun for latest_only_with_trigger to 2023-03-12T03:43:22.585581+00:00, run_after=2023-03-12T07:43:22.585581+00:00
[2023-03-12T07:43:22.614+0000] {processor.py:175} INFO - Processing /home/melicharovykrecek/venv/lib/python3.9/site-packages/airflow/example_dags/example_latest_only_with_trigger.py took 0.106 seconds
[2023-03-12T07:44:05.012+0000] {processor.py:153} INFO - Started process (PID=2448) to work on /home/melicharovykrecek/venv/lib/python3.9/site-packages/airflow/example_dags/example_latest_only_with_trigger.py
[2023-03-12T07:44:05.014+0000] {processor.py:743} INFO - Processing file /home/melicharovykrecek/venv/lib/python3.9/site-packages/airflow/example_dags/example_latest_only_with_trigger.py for tasks to queue
[2023-03-12T07:44:05.015+0000] {logging_mixin.py:137} INFO - [2023-03-12T07:44:05.015+0000] {dagbag.py:538} INFO - Filling up the DagBag from /home/melicharovykrecek/venv/lib/python3.9/site-packages/airflow/example_dags/example_latest_only_with_trigger.py
[2023-03-12T07:44:05.034+0000] {processor.py:753} INFO - DAG(s) dict_keys(['latest_only_with_trigger']) retrieved from /home/melicharovykrecek/venv/lib/python3.9/site-packages/airflow/example_dags/example_latest_only_with_trigger.py
[2023-03-12T07:44:05.060+0000] {logging_mixin.py:137} INFO - [2023-03-12T07:44:05.060+0000] {dag.py:2690} INFO - Sync 1 DAGs
[2023-03-12T07:44:05.084+0000] {logging_mixin.py:137} INFO - [2023-03-12T07:44:05.084+0000] {dag.py:3437} INFO - Setting next_dagrun for latest_only_with_trigger to 2023-03-12T03:44:05.083889+00:00, run_after=2023-03-12T07:44:05.083889+00:00
[2023-03-12T07:44:05.112+0000] {processor.py:175} INFO - Processing /home/melicharovykrecek/venv/lib/python3.9/site-packages/airflow/example_dags/example_latest_only_with_trigger.py took 0.105 seconds
[2023-03-12T07:44:54.616+0000] {processor.py:153} INFO - Started process (PID=2499) to work on /home/melicharovykrecek/venv/lib/python3.9/site-packages/airflow/example_dags/example_latest_only_with_trigger.py
[2023-03-12T07:44:54.619+0000] {processor.py:743} INFO - Processing file /home/melicharovykrecek/venv/lib/python3.9/site-packages/airflow/example_dags/example_latest_only_with_trigger.py for tasks to queue
[2023-03-12T07:44:54.620+0000] {logging_mixin.py:137} INFO - [2023-03-12T07:44:54.620+0000] {dagbag.py:538} INFO - Filling up the DagBag from /home/melicharovykrecek/venv/lib/python3.9/site-packages/airflow/example_dags/example_latest_only_with_trigger.py
[2023-03-12T07:44:54.638+0000] {processor.py:753} INFO - DAG(s) dict_keys(['latest_only_with_trigger']) retrieved from /home/melicharovykrecek/venv/lib/python3.9/site-packages/airflow/example_dags/example_latest_only_with_trigger.py
[2023-03-12T07:44:54.664+0000] {logging_mixin.py:137} INFO - [2023-03-12T07:44:54.663+0000] {dag.py:2690} INFO - Sync 1 DAGs
[2023-03-12T07:44:54.687+0000] {logging_mixin.py:137} INFO - [2023-03-12T07:44:54.687+0000] {dag.py:3437} INFO - Setting next_dagrun for latest_only_with_trigger to 2023-03-12T03:44:54.687296+00:00, run_after=2023-03-12T07:44:54.687296+00:00
[2023-03-12T07:44:54.714+0000] {processor.py:175} INFO - Processing /home/melicharovykrecek/venv/lib/python3.9/site-packages/airflow/example_dags/example_latest_only_with_trigger.py took 0.104 seconds
[2023-03-12T07:45:39.307+0000] {processor.py:153} INFO - Started process (PID=2606) to work on /home/melicharovykrecek/venv/lib/python3.9/site-packages/airflow/example_dags/example_latest_only_with_trigger.py
[2023-03-12T07:45:39.309+0000] {processor.py:743} INFO - Processing file /home/melicharovykrecek/venv/lib/python3.9/site-packages/airflow/example_dags/example_latest_only_with_trigger.py for tasks to queue
[2023-03-12T07:45:39.310+0000] {logging_mixin.py:137} INFO - [2023-03-12T07:45:39.310+0000] {dagbag.py:538} INFO - Filling up the DagBag from /home/melicharovykrecek/venv/lib/python3.9/site-packages/airflow/example_dags/example_latest_only_with_trigger.py
[2023-03-12T07:45:39.328+0000] {processor.py:753} INFO - DAG(s) dict_keys(['latest_only_with_trigger']) retrieved from /home/melicharovykrecek/venv/lib/python3.9/site-packages/airflow/example_dags/example_latest_only_with_trigger.py
[2023-03-12T07:45:39.354+0000] {logging_mixin.py:137} INFO - [2023-03-12T07:45:39.353+0000] {dag.py:2690} INFO - Sync 1 DAGs
[2023-03-12T07:45:39.377+0000] {logging_mixin.py:137} INFO - [2023-03-12T07:45:39.377+0000] {dag.py:3437} INFO - Setting next_dagrun for latest_only_with_trigger to 2023-03-12T03:45:39.376932+00:00, run_after=2023-03-12T07:45:39.376932+00:00
[2023-03-12T07:45:39.406+0000] {processor.py:175} INFO - Processing /home/melicharovykrecek/venv/lib/python3.9/site-packages/airflow/example_dags/example_latest_only_with_trigger.py took 0.104 seconds
[2023-03-12T07:46:28.542+0000] {processor.py:153} INFO - Started process (PID=2657) to work on /home/melicharovykrecek/venv/lib/python3.9/site-packages/airflow/example_dags/example_latest_only_with_trigger.py
[2023-03-12T07:46:28.543+0000] {processor.py:743} INFO - Processing file /home/melicharovykrecek/venv/lib/python3.9/site-packages/airflow/example_dags/example_latest_only_with_trigger.py for tasks to queue
[2023-03-12T07:46:28.545+0000] {logging_mixin.py:137} INFO - [2023-03-12T07:46:28.545+0000] {dagbag.py:538} INFO - Filling up the DagBag from /home/melicharovykrecek/venv/lib/python3.9/site-packages/airflow/example_dags/example_latest_only_with_trigger.py
[2023-03-12T07:46:28.563+0000] {processor.py:753} INFO - DAG(s) dict_keys(['latest_only_with_trigger']) retrieved from /home/melicharovykrecek/venv/lib/python3.9/site-packages/airflow/example_dags/example_latest_only_with_trigger.py
[2023-03-12T07:46:28.588+0000] {logging_mixin.py:137} INFO - [2023-03-12T07:46:28.588+0000] {dag.py:2690} INFO - Sync 1 DAGs
[2023-03-12T07:46:28.614+0000] {logging_mixin.py:137} INFO - [2023-03-12T07:46:28.613+0000] {dag.py:3437} INFO - Setting next_dagrun for latest_only_with_trigger to 2023-03-12T03:46:28.613520+00:00, run_after=2023-03-12T07:46:28.613520+00:00
[2023-03-12T07:46:28.639+0000] {processor.py:175} INFO - Processing /home/melicharovykrecek/venv/lib/python3.9/site-packages/airflow/example_dags/example_latest_only_with_trigger.py took 0.102 seconds
[2023-03-12T07:47:15.242+0000] {processor.py:153} INFO - Started process (PID=2712) to work on /home/melicharovykrecek/venv/lib/python3.9/site-packages/airflow/example_dags/example_latest_only_with_trigger.py
[2023-03-12T07:47:15.244+0000] {processor.py:743} INFO - Processing file /home/melicharovykrecek/venv/lib/python3.9/site-packages/airflow/example_dags/example_latest_only_with_trigger.py for tasks to queue
[2023-03-12T07:47:15.245+0000] {logging_mixin.py:137} INFO - [2023-03-12T07:47:15.245+0000] {dagbag.py:538} INFO - Filling up the DagBag from /home/melicharovykrecek/venv/lib/python3.9/site-packages/airflow/example_dags/example_latest_only_with_trigger.py
[2023-03-12T07:47:15.263+0000] {processor.py:753} INFO - DAG(s) dict_keys(['latest_only_with_trigger']) retrieved from /home/melicharovykrecek/venv/lib/python3.9/site-packages/airflow/example_dags/example_latest_only_with_trigger.py
[2023-03-12T07:47:15.289+0000] {logging_mixin.py:137} INFO - [2023-03-12T07:47:15.289+0000] {dag.py:2690} INFO - Sync 1 DAGs
[2023-03-12T07:47:15.314+0000] {logging_mixin.py:137} INFO - [2023-03-12T07:47:15.314+0000] {dag.py:3437} INFO - Setting next_dagrun for latest_only_with_trigger to 2023-03-12T03:47:15.313909+00:00, run_after=2023-03-12T07:47:15.313909+00:00
[2023-03-12T07:47:15.342+0000] {processor.py:175} INFO - Processing /home/melicharovykrecek/venv/lib/python3.9/site-packages/airflow/example_dags/example_latest_only_with_trigger.py took 0.105 seconds
[2023-03-12T07:48:03.483+0000] {processor.py:153} INFO - Started process (PID=2761) to work on /home/melicharovykrecek/venv/lib/python3.9/site-packages/airflow/example_dags/example_latest_only_with_trigger.py
[2023-03-12T07:48:03.485+0000] {processor.py:743} INFO - Processing file /home/melicharovykrecek/venv/lib/python3.9/site-packages/airflow/example_dags/example_latest_only_with_trigger.py for tasks to queue
[2023-03-12T07:48:03.486+0000] {logging_mixin.py:137} INFO - [2023-03-12T07:48:03.486+0000] {dagbag.py:538} INFO - Filling up the DagBag from /home/melicharovykrecek/venv/lib/python3.9/site-packages/airflow/example_dags/example_latest_only_with_trigger.py
[2023-03-12T07:48:03.507+0000] {processor.py:753} INFO - DAG(s) dict_keys(['latest_only_with_trigger']) retrieved from /home/melicharovykrecek/venv/lib/python3.9/site-packages/airflow/example_dags/example_latest_only_with_trigger.py
[2023-03-12T07:48:03.535+0000] {logging_mixin.py:137} INFO - [2023-03-12T07:48:03.535+0000] {dag.py:2690} INFO - Sync 1 DAGs
[2023-03-12T07:48:03.561+0000] {logging_mixin.py:137} INFO - [2023-03-12T07:48:03.560+0000] {dag.py:3437} INFO - Setting next_dagrun for latest_only_with_trigger to 2023-03-12T03:48:03.560456+00:00, run_after=2023-03-12T07:48:03.560456+00:00
[2023-03-12T07:48:03.593+0000] {processor.py:175} INFO - Processing /home/melicharovykrecek/venv/lib/python3.9/site-packages/airflow/example_dags/example_latest_only_with_trigger.py took 0.114 seconds
[2023-03-12T07:48:46.842+0000] {processor.py:153} INFO - Started process (PID=2804) to work on /home/melicharovykrecek/venv/lib/python3.9/site-packages/airflow/example_dags/example_latest_only_with_trigger.py
[2023-03-12T07:48:46.845+0000] {processor.py:743} INFO - Processing file /home/melicharovykrecek/venv/lib/python3.9/site-packages/airflow/example_dags/example_latest_only_with_trigger.py for tasks to queue
[2023-03-12T07:48:46.846+0000] {logging_mixin.py:137} INFO - [2023-03-12T07:48:46.846+0000] {dagbag.py:538} INFO - Filling up the DagBag from /home/melicharovykrecek/venv/lib/python3.9/site-packages/airflow/example_dags/example_latest_only_with_trigger.py
[2023-03-12T07:48:46.864+0000] {processor.py:753} INFO - DAG(s) dict_keys(['latest_only_with_trigger']) retrieved from /home/melicharovykrecek/venv/lib/python3.9/site-packages/airflow/example_dags/example_latest_only_with_trigger.py
[2023-03-12T07:48:46.889+0000] {logging_mixin.py:137} INFO - [2023-03-12T07:48:46.889+0000] {dag.py:2690} INFO - Sync 1 DAGs
[2023-03-12T07:48:46.913+0000] {logging_mixin.py:137} INFO - [2023-03-12T07:48:46.912+0000] {dag.py:3437} INFO - Setting next_dagrun for latest_only_with_trigger to 2023-03-12T03:48:46.912423+00:00, run_after=2023-03-12T07:48:46.912423+00:00
[2023-03-12T07:48:46.938+0000] {processor.py:175} INFO - Processing /home/melicharovykrecek/venv/lib/python3.9/site-packages/airflow/example_dags/example_latest_only_with_trigger.py took 0.101 seconds
[2023-03-12T07:49:33.244+0000] {processor.py:153} INFO - Started process (PID=2848) to work on /home/melicharovykrecek/venv/lib/python3.9/site-packages/airflow/example_dags/example_latest_only_with_trigger.py
[2023-03-12T07:49:33.246+0000] {processor.py:743} INFO - Processing file /home/melicharovykrecek/venv/lib/python3.9/site-packages/airflow/example_dags/example_latest_only_with_trigger.py for tasks to queue
[2023-03-12T07:49:33.247+0000] {logging_mixin.py:137} INFO - [2023-03-12T07:49:33.247+0000] {dagbag.py:538} INFO - Filling up the DagBag from /home/melicharovykrecek/venv/lib/python3.9/site-packages/airflow/example_dags/example_latest_only_with_trigger.py
[2023-03-12T07:49:33.266+0000] {processor.py:753} INFO - DAG(s) dict_keys(['latest_only_with_trigger']) retrieved from /home/melicharovykrecek/venv/lib/python3.9/site-packages/airflow/example_dags/example_latest_only_with_trigger.py
[2023-03-12T07:49:33.291+0000] {logging_mixin.py:137} INFO - [2023-03-12T07:49:33.291+0000] {dag.py:2690} INFO - Sync 1 DAGs
[2023-03-12T07:49:33.318+0000] {logging_mixin.py:137} INFO - [2023-03-12T07:49:33.318+0000] {dag.py:3437} INFO - Setting next_dagrun for latest_only_with_trigger to 2023-03-12T03:49:33.317943+00:00, run_after=2023-03-12T07:49:33.317943+00:00
[2023-03-12T07:49:33.344+0000] {processor.py:175} INFO - Processing /home/melicharovykrecek/venv/lib/python3.9/site-packages/airflow/example_dags/example_latest_only_with_trigger.py took 0.105 seconds
[2023-03-12T07:50:17.996+0000] {processor.py:153} INFO - Started process (PID=2893) to work on /home/melicharovykrecek/venv/lib/python3.9/site-packages/airflow/example_dags/example_latest_only_with_trigger.py
[2023-03-12T07:50:17.998+0000] {processor.py:743} INFO - Processing file /home/melicharovykrecek/venv/lib/python3.9/site-packages/airflow/example_dags/example_latest_only_with_trigger.py for tasks to queue
[2023-03-12T07:50:17.999+0000] {logging_mixin.py:137} INFO - [2023-03-12T07:50:17.999+0000] {dagbag.py:538} INFO - Filling up the DagBag from /home/melicharovykrecek/venv/lib/python3.9/site-packages/airflow/example_dags/example_latest_only_with_trigger.py
[2023-03-12T07:50:18.018+0000] {processor.py:753} INFO - DAG(s) dict_keys(['latest_only_with_trigger']) retrieved from /home/melicharovykrecek/venv/lib/python3.9/site-packages/airflow/example_dags/example_latest_only_with_trigger.py
[2023-03-12T07:50:18.047+0000] {logging_mixin.py:137} INFO - [2023-03-12T07:50:18.047+0000] {dag.py:2690} INFO - Sync 1 DAGs
[2023-03-12T07:50:18.073+0000] {logging_mixin.py:137} INFO - [2023-03-12T07:50:18.073+0000] {dag.py:3437} INFO - Setting next_dagrun for latest_only_with_trigger to 2023-03-12T03:50:18.073225+00:00, run_after=2023-03-12T07:50:18.073225+00:00
[2023-03-12T07:50:18.101+0000] {processor.py:175} INFO - Processing /home/melicharovykrecek/venv/lib/python3.9/site-packages/airflow/example_dags/example_latest_only_with_trigger.py took 0.110 seconds
[2023-03-12T07:51:08.064+0000] {processor.py:153} INFO - Started process (PID=2949) to work on /home/melicharovykrecek/venv/lib/python3.9/site-packages/airflow/example_dags/example_latest_only_with_trigger.py
[2023-03-12T07:51:08.066+0000] {processor.py:743} INFO - Processing file /home/melicharovykrecek/venv/lib/python3.9/site-packages/airflow/example_dags/example_latest_only_with_trigger.py for tasks to queue
[2023-03-12T07:51:08.068+0000] {logging_mixin.py:137} INFO - [2023-03-12T07:51:08.067+0000] {dagbag.py:538} INFO - Filling up the DagBag from /home/melicharovykrecek/venv/lib/python3.9/site-packages/airflow/example_dags/example_latest_only_with_trigger.py
[2023-03-12T07:51:08.087+0000] {processor.py:753} INFO - DAG(s) dict_keys(['latest_only_with_trigger']) retrieved from /home/melicharovykrecek/venv/lib/python3.9/site-packages/airflow/example_dags/example_latest_only_with_trigger.py
[2023-03-12T07:51:08.113+0000] {logging_mixin.py:137} INFO - [2023-03-12T07:51:08.112+0000] {dag.py:2690} INFO - Sync 1 DAGs
[2023-03-12T07:51:08.137+0000] {logging_mixin.py:137} INFO - [2023-03-12T07:51:08.137+0000] {dag.py:3437} INFO - Setting next_dagrun for latest_only_with_trigger to 2023-03-12T03:51:08.136810+00:00, run_after=2023-03-12T07:51:08.136810+00:00
[2023-03-12T07:51:08.164+0000] {processor.py:175} INFO - Processing /home/melicharovykrecek/venv/lib/python3.9/site-packages/airflow/example_dags/example_latest_only_with_trigger.py took 0.104 seconds
[2023-03-12T07:51:48.893+0000] {processor.py:153} INFO - Started process (PID=2988) to work on /home/melicharovykrecek/venv/lib/python3.9/site-packages/airflow/example_dags/example_latest_only_with_trigger.py
[2023-03-12T07:51:48.895+0000] {processor.py:743} INFO - Processing file /home/melicharovykrecek/venv/lib/python3.9/site-packages/airflow/example_dags/example_latest_only_with_trigger.py for tasks to queue
[2023-03-12T07:51:48.896+0000] {logging_mixin.py:137} INFO - [2023-03-12T07:51:48.896+0000] {dagbag.py:538} INFO - Filling up the DagBag from /home/melicharovykrecek/venv/lib/python3.9/site-packages/airflow/example_dags/example_latest_only_with_trigger.py
[2023-03-12T07:51:48.917+0000] {processor.py:753} INFO - DAG(s) dict_keys(['latest_only_with_trigger']) retrieved from /home/melicharovykrecek/venv/lib/python3.9/site-packages/airflow/example_dags/example_latest_only_with_trigger.py
[2023-03-12T07:51:48.943+0000] {logging_mixin.py:137} INFO - [2023-03-12T07:51:48.943+0000] {dag.py:2690} INFO - Sync 1 DAGs
[2023-03-12T07:51:48.967+0000] {logging_mixin.py:137} INFO - [2023-03-12T07:51:48.967+0000] {dag.py:3437} INFO - Setting next_dagrun for latest_only_with_trigger to 2023-03-12T03:51:48.967060+00:00, run_after=2023-03-12T07:51:48.967060+00:00
[2023-03-12T07:51:48.994+0000] {processor.py:175} INFO - Processing /home/melicharovykrecek/venv/lib/python3.9/site-packages/airflow/example_dags/example_latest_only_with_trigger.py took 0.106 seconds
[2023-03-12T07:52:34.936+0000] {processor.py:153} INFO - Started process (PID=3034) to work on /home/melicharovykrecek/venv/lib/python3.9/site-packages/airflow/example_dags/example_latest_only_with_trigger.py
[2023-03-12T07:52:34.938+0000] {processor.py:743} INFO - Processing file /home/melicharovykrecek/venv/lib/python3.9/site-packages/airflow/example_dags/example_latest_only_with_trigger.py for tasks to queue
[2023-03-12T07:52:34.939+0000] {logging_mixin.py:137} INFO - [2023-03-12T07:52:34.939+0000] {dagbag.py:538} INFO - Filling up the DagBag from /home/melicharovykrecek/venv/lib/python3.9/site-packages/airflow/example_dags/example_latest_only_with_trigger.py
[2023-03-12T07:52:34.958+0000] {processor.py:753} INFO - DAG(s) dict_keys(['latest_only_with_trigger']) retrieved from /home/melicharovykrecek/venv/lib/python3.9/site-packages/airflow/example_dags/example_latest_only_with_trigger.py
[2023-03-12T07:52:34.985+0000] {logging_mixin.py:137} INFO - [2023-03-12T07:52:34.984+0000] {dag.py:2690} INFO - Sync 1 DAGs
[2023-03-12T07:52:35.008+0000] {logging_mixin.py:137} INFO - [2023-03-12T07:52:35.008+0000] {dag.py:3437} INFO - Setting next_dagrun for latest_only_with_trigger to 2023-03-12T03:52:35.008222+00:00, run_after=2023-03-12T07:52:35.008222+00:00
[2023-03-12T07:52:35.037+0000] {processor.py:175} INFO - Processing /home/melicharovykrecek/venv/lib/python3.9/site-packages/airflow/example_dags/example_latest_only_with_trigger.py took 0.106 seconds
[2023-03-12T07:53:18.404+0000] {processor.py:153} INFO - Started process (PID=3076) to work on /home/melicharovykrecek/venv/lib/python3.9/site-packages/airflow/example_dags/example_latest_only_with_trigger.py
[2023-03-12T07:53:18.406+0000] {processor.py:743} INFO - Processing file /home/melicharovykrecek/venv/lib/python3.9/site-packages/airflow/example_dags/example_latest_only_with_trigger.py for tasks to queue
[2023-03-12T07:53:18.408+0000] {logging_mixin.py:137} INFO - [2023-03-12T07:53:18.408+0000] {dagbag.py:538} INFO - Filling up the DagBag from /home/melicharovykrecek/venv/lib/python3.9/site-packages/airflow/example_dags/example_latest_only_with_trigger.py
[2023-03-12T07:53:18.427+0000] {processor.py:753} INFO - DAG(s) dict_keys(['latest_only_with_trigger']) retrieved from /home/melicharovykrecek/venv/lib/python3.9/site-packages/airflow/example_dags/example_latest_only_with_trigger.py
[2023-03-12T07:53:18.455+0000] {logging_mixin.py:137} INFO - [2023-03-12T07:53:18.455+0000] {dag.py:2690} INFO - Sync 1 DAGs
[2023-03-12T07:53:18.482+0000] {logging_mixin.py:137} INFO - [2023-03-12T07:53:18.482+0000] {dag.py:3437} INFO - Setting next_dagrun for latest_only_with_trigger to 2023-03-12T03:53:18.481999+00:00, run_after=2023-03-12T07:53:18.481999+00:00
[2023-03-12T07:53:18.511+0000] {processor.py:175} INFO - Processing /home/melicharovykrecek/venv/lib/python3.9/site-packages/airflow/example_dags/example_latest_only_with_trigger.py took 0.112 seconds
[2023-03-12T07:54:02.711+0000] {processor.py:153} INFO - Started process (PID=3119) to work on /home/melicharovykrecek/venv/lib/python3.9/site-packages/airflow/example_dags/example_latest_only_with_trigger.py
[2023-03-12T07:54:02.713+0000] {processor.py:743} INFO - Processing file /home/melicharovykrecek/venv/lib/python3.9/site-packages/airflow/example_dags/example_latest_only_with_trigger.py for tasks to queue
[2023-03-12T07:54:02.714+0000] {logging_mixin.py:137} INFO - [2023-03-12T07:54:02.714+0000] {dagbag.py:538} INFO - Filling up the DagBag from /home/melicharovykrecek/venv/lib/python3.9/site-packages/airflow/example_dags/example_latest_only_with_trigger.py
[2023-03-12T07:54:02.735+0000] {processor.py:753} INFO - DAG(s) dict_keys(['latest_only_with_trigger']) retrieved from /home/melicharovykrecek/venv/lib/python3.9/site-packages/airflow/example_dags/example_latest_only_with_trigger.py
[2023-03-12T07:54:02.761+0000] {logging_mixin.py:137} INFO - [2023-03-12T07:54:02.760+0000] {dag.py:2690} INFO - Sync 1 DAGs
[2023-03-12T07:54:02.786+0000] {logging_mixin.py:137} INFO - [2023-03-12T07:54:02.785+0000] {dag.py:3437} INFO - Setting next_dagrun for latest_only_with_trigger to 2023-03-12T03:54:02.785420+00:00, run_after=2023-03-12T07:54:02.785420+00:00
[2023-03-12T07:54:02.816+0000] {processor.py:175} INFO - Processing /home/melicharovykrecek/venv/lib/python3.9/site-packages/airflow/example_dags/example_latest_only_with_trigger.py took 0.110 seconds
[2023-03-12T07:54:50.006+0000] {processor.py:153} INFO - Started process (PID=3165) to work on /home/melicharovykrecek/venv/lib/python3.9/site-packages/airflow/example_dags/example_latest_only_with_trigger.py
[2023-03-12T07:54:50.008+0000] {processor.py:743} INFO - Processing file /home/melicharovykrecek/venv/lib/python3.9/site-packages/airflow/example_dags/example_latest_only_with_trigger.py for tasks to queue
[2023-03-12T07:54:50.009+0000] {logging_mixin.py:137} INFO - [2023-03-12T07:54:50.009+0000] {dagbag.py:538} INFO - Filling up the DagBag from /home/melicharovykrecek/venv/lib/python3.9/site-packages/airflow/example_dags/example_latest_only_with_trigger.py
[2023-03-12T07:54:50.028+0000] {processor.py:753} INFO - DAG(s) dict_keys(['latest_only_with_trigger']) retrieved from /home/melicharovykrecek/venv/lib/python3.9/site-packages/airflow/example_dags/example_latest_only_with_trigger.py
[2023-03-12T07:54:50.053+0000] {logging_mixin.py:137} INFO - [2023-03-12T07:54:50.053+0000] {dag.py:2690} INFO - Sync 1 DAGs
[2023-03-12T07:54:50.076+0000] {logging_mixin.py:137} INFO - [2023-03-12T07:54:50.076+0000] {dag.py:3437} INFO - Setting next_dagrun for latest_only_with_trigger to 2023-03-12T03:54:50.076386+00:00, run_after=2023-03-12T07:54:50.076386+00:00
[2023-03-12T07:54:50.102+0000] {processor.py:175} INFO - Processing /home/melicharovykrecek/venv/lib/python3.9/site-packages/airflow/example_dags/example_latest_only_with_trigger.py took 0.101 seconds
[2023-03-12T07:55:34.379+0000] {processor.py:153} INFO - Started process (PID=3208) to work on /home/melicharovykrecek/venv/lib/python3.9/site-packages/airflow/example_dags/example_latest_only_with_trigger.py
[2023-03-12T07:55:34.381+0000] {processor.py:743} INFO - Processing file /home/melicharovykrecek/venv/lib/python3.9/site-packages/airflow/example_dags/example_latest_only_with_trigger.py for tasks to queue
[2023-03-12T07:55:34.382+0000] {logging_mixin.py:137} INFO - [2023-03-12T07:55:34.382+0000] {dagbag.py:538} INFO - Filling up the DagBag from /home/melicharovykrecek/venv/lib/python3.9/site-packages/airflow/example_dags/example_latest_only_with_trigger.py
[2023-03-12T07:55:34.401+0000] {processor.py:753} INFO - DAG(s) dict_keys(['latest_only_with_trigger']) retrieved from /home/melicharovykrecek/venv/lib/python3.9/site-packages/airflow/example_dags/example_latest_only_with_trigger.py
[2023-03-12T07:55:34.426+0000] {logging_mixin.py:137} INFO - [2023-03-12T07:55:34.426+0000] {dag.py:2690} INFO - Sync 1 DAGs
[2023-03-12T07:55:34.451+0000] {logging_mixin.py:137} INFO - [2023-03-12T07:55:34.451+0000] {dag.py:3437} INFO - Setting next_dagrun for latest_only_with_trigger to 2023-03-12T03:55:34.450971+00:00, run_after=2023-03-12T07:55:34.450971+00:00
[2023-03-12T07:55:34.479+0000] {processor.py:175} INFO - Processing /home/melicharovykrecek/venv/lib/python3.9/site-packages/airflow/example_dags/example_latest_only_with_trigger.py took 0.105 seconds
[2023-03-12T07:56:20.750+0000] {processor.py:153} INFO - Started process (PID=3255) to work on /home/melicharovykrecek/venv/lib/python3.9/site-packages/airflow/example_dags/example_latest_only_with_trigger.py
[2023-03-12T07:56:20.752+0000] {processor.py:743} INFO - Processing file /home/melicharovykrecek/venv/lib/python3.9/site-packages/airflow/example_dags/example_latest_only_with_trigger.py for tasks to queue
[2023-03-12T07:56:20.753+0000] {logging_mixin.py:137} INFO - [2023-03-12T07:56:20.753+0000] {dagbag.py:538} INFO - Filling up the DagBag from /home/melicharovykrecek/venv/lib/python3.9/site-packages/airflow/example_dags/example_latest_only_with_trigger.py
[2023-03-12T07:56:20.772+0000] {processor.py:753} INFO - DAG(s) dict_keys(['latest_only_with_trigger']) retrieved from /home/melicharovykrecek/venv/lib/python3.9/site-packages/airflow/example_dags/example_latest_only_with_trigger.py
[2023-03-12T07:56:20.798+0000] {logging_mixin.py:137} INFO - [2023-03-12T07:56:20.798+0000] {dag.py:2690} INFO - Sync 1 DAGs
[2023-03-12T07:56:20.823+0000] {logging_mixin.py:137} INFO - [2023-03-12T07:56:20.823+0000] {dag.py:3437} INFO - Setting next_dagrun for latest_only_with_trigger to 2023-03-12T03:56:20.822994+00:00, run_after=2023-03-12T07:56:20.822994+00:00
[2023-03-12T07:56:20.852+0000] {processor.py:175} INFO - Processing /home/melicharovykrecek/venv/lib/python3.9/site-packages/airflow/example_dags/example_latest_only_with_trigger.py took 0.107 seconds
[2023-03-12T07:57:06.232+0000] {processor.py:153} INFO - Started process (PID=3299) to work on /home/melicharovykrecek/venv/lib/python3.9/site-packages/airflow/example_dags/example_latest_only_with_trigger.py
[2023-03-12T07:57:06.234+0000] {processor.py:743} INFO - Processing file /home/melicharovykrecek/venv/lib/python3.9/site-packages/airflow/example_dags/example_latest_only_with_trigger.py for tasks to queue
[2023-03-12T07:57:06.235+0000] {logging_mixin.py:137} INFO - [2023-03-12T07:57:06.235+0000] {dagbag.py:538} INFO - Filling up the DagBag from /home/melicharovykrecek/venv/lib/python3.9/site-packages/airflow/example_dags/example_latest_only_with_trigger.py
[2023-03-12T07:57:06.254+0000] {processor.py:753} INFO - DAG(s) dict_keys(['latest_only_with_trigger']) retrieved from /home/melicharovykrecek/venv/lib/python3.9/site-packages/airflow/example_dags/example_latest_only_with_trigger.py
[2023-03-12T07:57:06.284+0000] {logging_mixin.py:137} INFO - [2023-03-12T07:57:06.283+0000] {dag.py:2690} INFO - Sync 1 DAGs
[2023-03-12T07:57:06.313+0000] {logging_mixin.py:137} INFO - [2023-03-12T07:57:06.313+0000] {dag.py:3437} INFO - Setting next_dagrun for latest_only_with_trigger to 2023-03-12T03:57:06.313279+00:00, run_after=2023-03-12T07:57:06.313279+00:00
[2023-03-12T07:57:06.343+0000] {processor.py:175} INFO - Processing /home/melicharovykrecek/venv/lib/python3.9/site-packages/airflow/example_dags/example_latest_only_with_trigger.py took 0.116 seconds
[2023-03-12T07:57:51.818+0000] {processor.py:153} INFO - Started process (PID=3343) to work on /home/melicharovykrecek/venv/lib/python3.9/site-packages/airflow/example_dags/example_latest_only_with_trigger.py
[2023-03-12T07:57:51.820+0000] {processor.py:743} INFO - Processing file /home/melicharovykrecek/venv/lib/python3.9/site-packages/airflow/example_dags/example_latest_only_with_trigger.py for tasks to queue
[2023-03-12T07:57:51.821+0000] {logging_mixin.py:137} INFO - [2023-03-12T07:57:51.821+0000] {dagbag.py:538} INFO - Filling up the DagBag from /home/melicharovykrecek/venv/lib/python3.9/site-packages/airflow/example_dags/example_latest_only_with_trigger.py
[2023-03-12T07:57:51.839+0000] {processor.py:753} INFO - DAG(s) dict_keys(['latest_only_with_trigger']) retrieved from /home/melicharovykrecek/venv/lib/python3.9/site-packages/airflow/example_dags/example_latest_only_with_trigger.py
[2023-03-12T07:57:51.864+0000] {logging_mixin.py:137} INFO - [2023-03-12T07:57:51.864+0000] {dag.py:2690} INFO - Sync 1 DAGs
[2023-03-12T07:57:51.889+0000] {logging_mixin.py:137} INFO - [2023-03-12T07:57:51.889+0000] {dag.py:3437} INFO - Setting next_dagrun for latest_only_with_trigger to 2023-03-12T03:57:51.888886+00:00, run_after=2023-03-12T07:57:51.888886+00:00
[2023-03-12T07:57:51.916+0000] {processor.py:175} INFO - Processing /home/melicharovykrecek/venv/lib/python3.9/site-packages/airflow/example_dags/example_latest_only_with_trigger.py took 0.103 seconds
[2023-03-12T07:58:41.738+0000] {processor.py:153} INFO - Started process (PID=3392) to work on /home/melicharovykrecek/venv/lib/python3.9/site-packages/airflow/example_dags/example_latest_only_with_trigger.py
[2023-03-12T07:58:41.740+0000] {processor.py:743} INFO - Processing file /home/melicharovykrecek/venv/lib/python3.9/site-packages/airflow/example_dags/example_latest_only_with_trigger.py for tasks to queue
[2023-03-12T07:58:41.741+0000] {logging_mixin.py:137} INFO - [2023-03-12T07:58:41.741+0000] {dagbag.py:538} INFO - Filling up the DagBag from /home/melicharovykrecek/venv/lib/python3.9/site-packages/airflow/example_dags/example_latest_only_with_trigger.py
[2023-03-12T07:58:41.760+0000] {processor.py:753} INFO - DAG(s) dict_keys(['latest_only_with_trigger']) retrieved from /home/melicharovykrecek/venv/lib/python3.9/site-packages/airflow/example_dags/example_latest_only_with_trigger.py
[2023-03-12T07:58:41.785+0000] {logging_mixin.py:137} INFO - [2023-03-12T07:58:41.784+0000] {dag.py:2690} INFO - Sync 1 DAGs
[2023-03-12T07:58:41.809+0000] {logging_mixin.py:137} INFO - [2023-03-12T07:58:41.808+0000] {dag.py:3437} INFO - Setting next_dagrun for latest_only_with_trigger to 2023-03-12T03:58:41.808530+00:00, run_after=2023-03-12T07:58:41.808530+00:00
[2023-03-12T07:58:41.835+0000] {processor.py:175} INFO - Processing /home/melicharovykrecek/venv/lib/python3.9/site-packages/airflow/example_dags/example_latest_only_with_trigger.py took 0.102 seconds
[2023-03-12T07:59:26.213+0000] {processor.py:153} INFO - Started process (PID=3436) to work on /home/melicharovykrecek/venv/lib/python3.9/site-packages/airflow/example_dags/example_latest_only_with_trigger.py
[2023-03-12T07:59:26.215+0000] {processor.py:743} INFO - Processing file /home/melicharovykrecek/venv/lib/python3.9/site-packages/airflow/example_dags/example_latest_only_with_trigger.py for tasks to queue
[2023-03-12T07:59:26.216+0000] {logging_mixin.py:137} INFO - [2023-03-12T07:59:26.216+0000] {dagbag.py:538} INFO - Filling up the DagBag from /home/melicharovykrecek/venv/lib/python3.9/site-packages/airflow/example_dags/example_latest_only_with_trigger.py
[2023-03-12T07:59:26.234+0000] {processor.py:753} INFO - DAG(s) dict_keys(['latest_only_with_trigger']) retrieved from /home/melicharovykrecek/venv/lib/python3.9/site-packages/airflow/example_dags/example_latest_only_with_trigger.py
[2023-03-12T07:59:26.260+0000] {logging_mixin.py:137} INFO - [2023-03-12T07:59:26.260+0000] {dag.py:2690} INFO - Sync 1 DAGs
[2023-03-12T07:59:26.284+0000] {logging_mixin.py:137} INFO - [2023-03-12T07:59:26.284+0000] {dag.py:3437} INFO - Setting next_dagrun for latest_only_with_trigger to 2023-03-12T03:59:26.283672+00:00, run_after=2023-03-12T07:59:26.283672+00:00
[2023-03-12T07:59:26.310+0000] {processor.py:175} INFO - Processing /home/melicharovykrecek/venv/lib/python3.9/site-packages/airflow/example_dags/example_latest_only_with_trigger.py took 0.102 seconds
[2023-03-12T08:00:13.714+0000] {processor.py:153} INFO - Started process (PID=3507) to work on /home/melicharovykrecek/venv/lib/python3.9/site-packages/airflow/example_dags/example_latest_only_with_trigger.py
[2023-03-12T08:00:13.717+0000] {processor.py:743} INFO - Processing file /home/melicharovykrecek/venv/lib/python3.9/site-packages/airflow/example_dags/example_latest_only_with_trigger.py for tasks to queue
[2023-03-12T08:00:13.718+0000] {logging_mixin.py:137} INFO - [2023-03-12T08:00:13.717+0000] {dagbag.py:538} INFO - Filling up the DagBag from /home/melicharovykrecek/venv/lib/python3.9/site-packages/airflow/example_dags/example_latest_only_with_trigger.py
[2023-03-12T08:00:13.738+0000] {processor.py:753} INFO - DAG(s) dict_keys(['latest_only_with_trigger']) retrieved from /home/melicharovykrecek/venv/lib/python3.9/site-packages/airflow/example_dags/example_latest_only_with_trigger.py
[2023-03-12T08:00:13.764+0000] {logging_mixin.py:137} INFO - [2023-03-12T08:00:13.764+0000] {dag.py:2690} INFO - Sync 1 DAGs
[2023-03-12T08:00:13.796+0000] {logging_mixin.py:137} INFO - [2023-03-12T08:00:13.795+0000] {dag.py:3437} INFO - Setting next_dagrun for latest_only_with_trigger to 2023-03-12T04:00:13.795602+00:00, run_after=2023-03-12T08:00:13.795602+00:00
[2023-03-12T08:00:13.827+0000] {processor.py:175} INFO - Processing /home/melicharovykrecek/venv/lib/python3.9/site-packages/airflow/example_dags/example_latest_only_with_trigger.py took 0.119 seconds
[2023-03-12T08:01:02.860+0000] {processor.py:153} INFO - Started process (PID=3561) to work on /home/melicharovykrecek/venv/lib/python3.9/site-packages/airflow/example_dags/example_latest_only_with_trigger.py
[2023-03-12T08:01:02.862+0000] {processor.py:743} INFO - Processing file /home/melicharovykrecek/venv/lib/python3.9/site-packages/airflow/example_dags/example_latest_only_with_trigger.py for tasks to queue
[2023-03-12T08:01:02.863+0000] {logging_mixin.py:137} INFO - [2023-03-12T08:01:02.862+0000] {dagbag.py:538} INFO - Filling up the DagBag from /home/melicharovykrecek/venv/lib/python3.9/site-packages/airflow/example_dags/example_latest_only_with_trigger.py
[2023-03-12T08:01:02.881+0000] {processor.py:753} INFO - DAG(s) dict_keys(['latest_only_with_trigger']) retrieved from /home/melicharovykrecek/venv/lib/python3.9/site-packages/airflow/example_dags/example_latest_only_with_trigger.py
[2023-03-12T08:01:02.906+0000] {logging_mixin.py:137} INFO - [2023-03-12T08:01:02.906+0000] {dag.py:2690} INFO - Sync 1 DAGs
[2023-03-12T08:01:02.932+0000] {logging_mixin.py:137} INFO - [2023-03-12T08:01:02.931+0000] {dag.py:3437} INFO - Setting next_dagrun for latest_only_with_trigger to 2023-03-12T04:01:02.931560+00:00, run_after=2023-03-12T08:01:02.931560+00:00
[2023-03-12T08:01:02.960+0000] {processor.py:175} INFO - Processing /home/melicharovykrecek/venv/lib/python3.9/site-packages/airflow/example_dags/example_latest_only_with_trigger.py took 0.105 seconds
[2023-03-12T08:01:50.183+0000] {processor.py:153} INFO - Started process (PID=3607) to work on /home/melicharovykrecek/venv/lib/python3.9/site-packages/airflow/example_dags/example_latest_only_with_trigger.py
[2023-03-12T08:01:50.185+0000] {processor.py:743} INFO - Processing file /home/melicharovykrecek/venv/lib/python3.9/site-packages/airflow/example_dags/example_latest_only_with_trigger.py for tasks to queue
[2023-03-12T08:01:50.186+0000] {logging_mixin.py:137} INFO - [2023-03-12T08:01:50.186+0000] {dagbag.py:538} INFO - Filling up the DagBag from /home/melicharovykrecek/venv/lib/python3.9/site-packages/airflow/example_dags/example_latest_only_with_trigger.py
[2023-03-12T08:01:50.204+0000] {processor.py:753} INFO - DAG(s) dict_keys(['latest_only_with_trigger']) retrieved from /home/melicharovykrecek/venv/lib/python3.9/site-packages/airflow/example_dags/example_latest_only_with_trigger.py
[2023-03-12T08:01:50.231+0000] {logging_mixin.py:137} INFO - [2023-03-12T08:01:50.231+0000] {dag.py:2690} INFO - Sync 1 DAGs
[2023-03-12T08:01:50.258+0000] {logging_mixin.py:137} INFO - [2023-03-12T08:01:50.258+0000] {dag.py:3437} INFO - Setting next_dagrun for latest_only_with_trigger to 2023-03-12T04:01:50.258221+00:00, run_after=2023-03-12T08:01:50.258221+00:00
[2023-03-12T08:01:50.289+0000] {processor.py:175} INFO - Processing /home/melicharovykrecek/venv/lib/python3.9/site-packages/airflow/example_dags/example_latest_only_with_trigger.py took 0.111 seconds
[2023-03-12T08:02:38.049+0000] {processor.py:153} INFO - Started process (PID=3654) to work on /home/melicharovykrecek/venv/lib/python3.9/site-packages/airflow/example_dags/example_latest_only_with_trigger.py
[2023-03-12T08:02:38.051+0000] {processor.py:743} INFO - Processing file /home/melicharovykrecek/venv/lib/python3.9/site-packages/airflow/example_dags/example_latest_only_with_trigger.py for tasks to queue
[2023-03-12T08:02:38.052+0000] {logging_mixin.py:137} INFO - [2023-03-12T08:02:38.051+0000] {dagbag.py:538} INFO - Filling up the DagBag from /home/melicharovykrecek/venv/lib/python3.9/site-packages/airflow/example_dags/example_latest_only_with_trigger.py
[2023-03-12T08:02:38.070+0000] {processor.py:753} INFO - DAG(s) dict_keys(['latest_only_with_trigger']) retrieved from /home/melicharovykrecek/venv/lib/python3.9/site-packages/airflow/example_dags/example_latest_only_with_trigger.py
[2023-03-12T08:02:38.096+0000] {logging_mixin.py:137} INFO - [2023-03-12T08:02:38.096+0000] {dag.py:2690} INFO - Sync 1 DAGs
[2023-03-12T08:02:38.120+0000] {logging_mixin.py:137} INFO - [2023-03-12T08:02:38.119+0000] {dag.py:3437} INFO - Setting next_dagrun for latest_only_with_trigger to 2023-03-12T04:02:38.119560+00:00, run_after=2023-03-12T08:02:38.119560+00:00
[2023-03-12T08:02:38.147+0000] {processor.py:175} INFO - Processing /home/melicharovykrecek/venv/lib/python3.9/site-packages/airflow/example_dags/example_latest_only_with_trigger.py took 0.103 seconds
[2023-03-12T08:03:24.966+0000] {processor.py:153} INFO - Started process (PID=3699) to work on /home/melicharovykrecek/venv/lib/python3.9/site-packages/airflow/example_dags/example_latest_only_with_trigger.py
[2023-03-12T08:03:24.968+0000] {processor.py:743} INFO - Processing file /home/melicharovykrecek/venv/lib/python3.9/site-packages/airflow/example_dags/example_latest_only_with_trigger.py for tasks to queue
[2023-03-12T08:03:24.970+0000] {logging_mixin.py:137} INFO - [2023-03-12T08:03:24.969+0000] {dagbag.py:538} INFO - Filling up the DagBag from /home/melicharovykrecek/venv/lib/python3.9/site-packages/airflow/example_dags/example_latest_only_with_trigger.py
[2023-03-12T08:03:24.990+0000] {processor.py:753} INFO - DAG(s) dict_keys(['latest_only_with_trigger']) retrieved from /home/melicharovykrecek/venv/lib/python3.9/site-packages/airflow/example_dags/example_latest_only_with_trigger.py
[2023-03-12T08:03:25.020+0000] {logging_mixin.py:137} INFO - [2023-03-12T08:03:25.019+0000] {dag.py:2690} INFO - Sync 1 DAGs
[2023-03-12T08:03:25.047+0000] {logging_mixin.py:137} INFO - [2023-03-12T08:03:25.046+0000] {dag.py:3437} INFO - Setting next_dagrun for latest_only_with_trigger to 2023-03-12T04:03:25.046473+00:00, run_after=2023-03-12T08:03:25.046473+00:00
[2023-03-12T08:03:25.080+0000] {processor.py:175} INFO - Processing /home/melicharovykrecek/venv/lib/python3.9/site-packages/airflow/example_dags/example_latest_only_with_trigger.py took 0.118 seconds
[2023-03-12T08:04:09.225+0000] {processor.py:153} INFO - Started process (PID=3743) to work on /home/melicharovykrecek/venv/lib/python3.9/site-packages/airflow/example_dags/example_latest_only_with_trigger.py
[2023-03-12T08:04:09.227+0000] {processor.py:743} INFO - Processing file /home/melicharovykrecek/venv/lib/python3.9/site-packages/airflow/example_dags/example_latest_only_with_trigger.py for tasks to queue
[2023-03-12T08:04:09.228+0000] {logging_mixin.py:137} INFO - [2023-03-12T08:04:09.228+0000] {dagbag.py:538} INFO - Filling up the DagBag from /home/melicharovykrecek/venv/lib/python3.9/site-packages/airflow/example_dags/example_latest_only_with_trigger.py
[2023-03-12T08:04:09.248+0000] {processor.py:753} INFO - DAG(s) dict_keys(['latest_only_with_trigger']) retrieved from /home/melicharovykrecek/venv/lib/python3.9/site-packages/airflow/example_dags/example_latest_only_with_trigger.py
[2023-03-12T08:04:09.276+0000] {logging_mixin.py:137} INFO - [2023-03-12T08:04:09.276+0000] {dag.py:2690} INFO - Sync 1 DAGs
[2023-03-12T08:04:09.304+0000] {logging_mixin.py:137} INFO - [2023-03-12T08:04:09.304+0000] {dag.py:3437} INFO - Setting next_dagrun for latest_only_with_trigger to 2023-03-12T04:04:09.303729+00:00, run_after=2023-03-12T08:04:09.303729+00:00
[2023-03-12T08:04:09.331+0000] {processor.py:175} INFO - Processing /home/melicharovykrecek/venv/lib/python3.9/site-packages/airflow/example_dags/example_latest_only_with_trigger.py took 0.111 seconds
[2023-03-12T08:04:56.552+0000] {processor.py:153} INFO - Started process (PID=3788) to work on /home/melicharovykrecek/venv/lib/python3.9/site-packages/airflow/example_dags/example_latest_only_with_trigger.py
[2023-03-12T08:04:56.554+0000] {processor.py:743} INFO - Processing file /home/melicharovykrecek/venv/lib/python3.9/site-packages/airflow/example_dags/example_latest_only_with_trigger.py for tasks to queue
[2023-03-12T08:04:56.555+0000] {logging_mixin.py:137} INFO - [2023-03-12T08:04:56.554+0000] {dagbag.py:538} INFO - Filling up the DagBag from /home/melicharovykrecek/venv/lib/python3.9/site-packages/airflow/example_dags/example_latest_only_with_trigger.py
[2023-03-12T08:04:56.573+0000] {processor.py:753} INFO - DAG(s) dict_keys(['latest_only_with_trigger']) retrieved from /home/melicharovykrecek/venv/lib/python3.9/site-packages/airflow/example_dags/example_latest_only_with_trigger.py
[2023-03-12T08:04:56.600+0000] {logging_mixin.py:137} INFO - [2023-03-12T08:04:56.599+0000] {dag.py:2690} INFO - Sync 1 DAGs
[2023-03-12T08:04:56.626+0000] {logging_mixin.py:137} INFO - [2023-03-12T08:04:56.626+0000] {dag.py:3437} INFO - Setting next_dagrun for latest_only_with_trigger to 2023-03-12T04:04:56.625653+00:00, run_after=2023-03-12T08:04:56.625653+00:00
[2023-03-12T08:04:56.654+0000] {processor.py:175} INFO - Processing /home/melicharovykrecek/venv/lib/python3.9/site-packages/airflow/example_dags/example_latest_only_with_trigger.py took 0.107 seconds
[2023-03-12T08:05:44.078+0000] {processor.py:153} INFO - Started process (PID=3835) to work on /home/melicharovykrecek/venv/lib/python3.9/site-packages/airflow/example_dags/example_latest_only_with_trigger.py
[2023-03-12T08:05:44.080+0000] {processor.py:743} INFO - Processing file /home/melicharovykrecek/venv/lib/python3.9/site-packages/airflow/example_dags/example_latest_only_with_trigger.py for tasks to queue
[2023-03-12T08:05:44.081+0000] {logging_mixin.py:137} INFO - [2023-03-12T08:05:44.081+0000] {dagbag.py:538} INFO - Filling up the DagBag from /home/melicharovykrecek/venv/lib/python3.9/site-packages/airflow/example_dags/example_latest_only_with_trigger.py
[2023-03-12T08:05:44.103+0000] {processor.py:753} INFO - DAG(s) dict_keys(['latest_only_with_trigger']) retrieved from /home/melicharovykrecek/venv/lib/python3.9/site-packages/airflow/example_dags/example_latest_only_with_trigger.py
[2023-03-12T08:05:44.130+0000] {logging_mixin.py:137} INFO - [2023-03-12T08:05:44.129+0000] {dag.py:2690} INFO - Sync 1 DAGs
[2023-03-12T08:05:44.155+0000] {logging_mixin.py:137} INFO - [2023-03-12T08:05:44.154+0000] {dag.py:3437} INFO - Setting next_dagrun for latest_only_with_trigger to 2023-03-12T04:05:44.154380+00:00, run_after=2023-03-12T08:05:44.154380+00:00
[2023-03-12T08:05:44.185+0000] {processor.py:175} INFO - Processing /home/melicharovykrecek/venv/lib/python3.9/site-packages/airflow/example_dags/example_latest_only_with_trigger.py took 0.111 seconds
[2023-03-12T08:06:35.736+0000] {processor.py:153} INFO - Started process (PID=3885) to work on /home/melicharovykrecek/venv/lib/python3.9/site-packages/airflow/example_dags/example_latest_only_with_trigger.py
[2023-03-12T08:06:35.738+0000] {processor.py:743} INFO - Processing file /home/melicharovykrecek/venv/lib/python3.9/site-packages/airflow/example_dags/example_latest_only_with_trigger.py for tasks to queue
[2023-03-12T08:06:35.739+0000] {logging_mixin.py:137} INFO - [2023-03-12T08:06:35.739+0000] {dagbag.py:538} INFO - Filling up the DagBag from /home/melicharovykrecek/venv/lib/python3.9/site-packages/airflow/example_dags/example_latest_only_with_trigger.py
[2023-03-12T08:06:35.760+0000] {processor.py:753} INFO - DAG(s) dict_keys(['latest_only_with_trigger']) retrieved from /home/melicharovykrecek/venv/lib/python3.9/site-packages/airflow/example_dags/example_latest_only_with_trigger.py
[2023-03-12T08:06:35.786+0000] {logging_mixin.py:137} INFO - [2023-03-12T08:06:35.786+0000] {dag.py:2690} INFO - Sync 1 DAGs
[2023-03-12T08:06:35.812+0000] {logging_mixin.py:137} INFO - [2023-03-12T08:06:35.812+0000] {dag.py:3437} INFO - Setting next_dagrun for latest_only_with_trigger to 2023-03-12T04:06:35.812008+00:00, run_after=2023-03-12T08:06:35.812008+00:00
[2023-03-12T08:06:35.844+0000] {processor.py:175} INFO - Processing /home/melicharovykrecek/venv/lib/python3.9/site-packages/airflow/example_dags/example_latest_only_with_trigger.py took 0.113 seconds
[2023-03-12T08:07:26.160+0000] {processor.py:153} INFO - Started process (PID=3933) to work on /home/melicharovykrecek/venv/lib/python3.9/site-packages/airflow/example_dags/example_latest_only_with_trigger.py
[2023-03-12T08:07:26.162+0000] {processor.py:743} INFO - Processing file /home/melicharovykrecek/venv/lib/python3.9/site-packages/airflow/example_dags/example_latest_only_with_trigger.py for tasks to queue
[2023-03-12T08:07:26.164+0000] {logging_mixin.py:137} INFO - [2023-03-12T08:07:26.164+0000] {dagbag.py:538} INFO - Filling up the DagBag from /home/melicharovykrecek/venv/lib/python3.9/site-packages/airflow/example_dags/example_latest_only_with_trigger.py
[2023-03-12T08:07:26.181+0000] {processor.py:753} INFO - DAG(s) dict_keys(['latest_only_with_trigger']) retrieved from /home/melicharovykrecek/venv/lib/python3.9/site-packages/airflow/example_dags/example_latest_only_with_trigger.py
[2023-03-12T08:07:26.206+0000] {logging_mixin.py:137} INFO - [2023-03-12T08:07:26.206+0000] {dag.py:2690} INFO - Sync 1 DAGs
[2023-03-12T08:07:26.231+0000] {logging_mixin.py:137} INFO - [2023-03-12T08:07:26.231+0000] {dag.py:3437} INFO - Setting next_dagrun for latest_only_with_trigger to 2023-03-12T04:07:26.231219+00:00, run_after=2023-03-12T08:07:26.231219+00:00
[2023-03-12T08:07:26.258+0000] {processor.py:175} INFO - Processing /home/melicharovykrecek/venv/lib/python3.9/site-packages/airflow/example_dags/example_latest_only_with_trigger.py took 0.103 seconds
[2023-03-12T08:08:10.377+0000] {processor.py:153} INFO - Started process (PID=4005) to work on /home/melicharovykrecek/venv/lib/python3.9/site-packages/airflow/example_dags/example_latest_only_with_trigger.py
[2023-03-12T08:08:10.379+0000] {processor.py:743} INFO - Processing file /home/melicharovykrecek/venv/lib/python3.9/site-packages/airflow/example_dags/example_latest_only_with_trigger.py for tasks to queue
[2023-03-12T08:08:10.380+0000] {logging_mixin.py:137} INFO - [2023-03-12T08:08:10.380+0000] {dagbag.py:538} INFO - Filling up the DagBag from /home/melicharovykrecek/venv/lib/python3.9/site-packages/airflow/example_dags/example_latest_only_with_trigger.py
[2023-03-12T08:08:10.399+0000] {processor.py:753} INFO - DAG(s) dict_keys(['latest_only_with_trigger']) retrieved from /home/melicharovykrecek/venv/lib/python3.9/site-packages/airflow/example_dags/example_latest_only_with_trigger.py
[2023-03-12T08:08:10.425+0000] {logging_mixin.py:137} INFO - [2023-03-12T08:08:10.425+0000] {dag.py:2690} INFO - Sync 1 DAGs
[2023-03-12T08:08:10.452+0000] {logging_mixin.py:137} INFO - [2023-03-12T08:08:10.452+0000] {dag.py:3437} INFO - Setting next_dagrun for latest_only_with_trigger to 2023-03-12T04:08:10.452264+00:00, run_after=2023-03-12T08:08:10.452264+00:00
[2023-03-12T08:08:10.482+0000] {processor.py:175} INFO - Processing /home/melicharovykrecek/venv/lib/python3.9/site-packages/airflow/example_dags/example_latest_only_with_trigger.py took 0.110 seconds
[2023-03-12T08:08:57.971+0000] {processor.py:153} INFO - Started process (PID=4071) to work on /home/melicharovykrecek/venv/lib/python3.9/site-packages/airflow/example_dags/example_latest_only_with_trigger.py
[2023-03-12T08:08:57.973+0000] {processor.py:743} INFO - Processing file /home/melicharovykrecek/venv/lib/python3.9/site-packages/airflow/example_dags/example_latest_only_with_trigger.py for tasks to queue
[2023-03-12T08:08:57.974+0000] {logging_mixin.py:137} INFO - [2023-03-12T08:08:57.974+0000] {dagbag.py:538} INFO - Filling up the DagBag from /home/melicharovykrecek/venv/lib/python3.9/site-packages/airflow/example_dags/example_latest_only_with_trigger.py
[2023-03-12T08:08:57.993+0000] {processor.py:753} INFO - DAG(s) dict_keys(['latest_only_with_trigger']) retrieved from /home/melicharovykrecek/venv/lib/python3.9/site-packages/airflow/example_dags/example_latest_only_with_trigger.py
[2023-03-12T08:08:58.021+0000] {logging_mixin.py:137} INFO - [2023-03-12T08:08:58.021+0000] {dag.py:2690} INFO - Sync 1 DAGs
[2023-03-12T08:08:58.050+0000] {logging_mixin.py:137} INFO - [2023-03-12T08:08:58.049+0000] {dag.py:3437} INFO - Setting next_dagrun for latest_only_with_trigger to 2023-03-12T04:08:58.049274+00:00, run_after=2023-03-12T08:08:58.049274+00:00
[2023-03-12T08:08:58.081+0000] {processor.py:175} INFO - Processing /home/melicharovykrecek/venv/lib/python3.9/site-packages/airflow/example_dags/example_latest_only_with_trigger.py took 0.114 seconds
[2023-03-12T08:09:49.865+0000] {processor.py:153} INFO - Started process (PID=4119) to work on /home/melicharovykrecek/venv/lib/python3.9/site-packages/airflow/example_dags/example_latest_only_with_trigger.py
[2023-03-12T08:09:49.867+0000] {processor.py:743} INFO - Processing file /home/melicharovykrecek/venv/lib/python3.9/site-packages/airflow/example_dags/example_latest_only_with_trigger.py for tasks to queue
[2023-03-12T08:09:49.868+0000] {logging_mixin.py:137} INFO - [2023-03-12T08:09:49.868+0000] {dagbag.py:538} INFO - Filling up the DagBag from /home/melicharovykrecek/venv/lib/python3.9/site-packages/airflow/example_dags/example_latest_only_with_trigger.py
[2023-03-12T08:09:49.887+0000] {processor.py:753} INFO - DAG(s) dict_keys(['latest_only_with_trigger']) retrieved from /home/melicharovykrecek/venv/lib/python3.9/site-packages/airflow/example_dags/example_latest_only_with_trigger.py
[2023-03-12T08:09:49.912+0000] {logging_mixin.py:137} INFO - [2023-03-12T08:09:49.912+0000] {dag.py:2690} INFO - Sync 1 DAGs
[2023-03-12T08:09:49.937+0000] {logging_mixin.py:137} INFO - [2023-03-12T08:09:49.937+0000] {dag.py:3437} INFO - Setting next_dagrun for latest_only_with_trigger to 2023-03-12T04:09:49.937061+00:00, run_after=2023-03-12T08:09:49.937061+00:00
[2023-03-12T08:09:49.968+0000] {processor.py:175} INFO - Processing /home/melicharovykrecek/venv/lib/python3.9/site-packages/airflow/example_dags/example_latest_only_with_trigger.py took 0.108 seconds
[2023-03-12T08:10:35.610+0000] {processor.py:153} INFO - Started process (PID=4165) to work on /home/melicharovykrecek/venv/lib/python3.9/site-packages/airflow/example_dags/example_latest_only_with_trigger.py
[2023-03-12T08:10:35.612+0000] {processor.py:743} INFO - Processing file /home/melicharovykrecek/venv/lib/python3.9/site-packages/airflow/example_dags/example_latest_only_with_trigger.py for tasks to queue
[2023-03-12T08:10:35.613+0000] {logging_mixin.py:137} INFO - [2023-03-12T08:10:35.613+0000] {dagbag.py:538} INFO - Filling up the DagBag from /home/melicharovykrecek/venv/lib/python3.9/site-packages/airflow/example_dags/example_latest_only_with_trigger.py
[2023-03-12T08:10:35.631+0000] {processor.py:753} INFO - DAG(s) dict_keys(['latest_only_with_trigger']) retrieved from /home/melicharovykrecek/venv/lib/python3.9/site-packages/airflow/example_dags/example_latest_only_with_trigger.py
[2023-03-12T08:10:35.657+0000] {logging_mixin.py:137} INFO - [2023-03-12T08:10:35.657+0000] {dag.py:2690} INFO - Sync 1 DAGs
[2023-03-12T08:10:35.682+0000] {logging_mixin.py:137} INFO - [2023-03-12T08:10:35.682+0000] {dag.py:3437} INFO - Setting next_dagrun for latest_only_with_trigger to 2023-03-12T04:10:35.682285+00:00, run_after=2023-03-12T08:10:35.682285+00:00
[2023-03-12T08:10:35.711+0000] {processor.py:175} INFO - Processing /home/melicharovykrecek/venv/lib/python3.9/site-packages/airflow/example_dags/example_latest_only_with_trigger.py took 0.106 seconds
[2023-03-12T08:11:17.060+0000] {processor.py:153} INFO - Started process (PID=4215) to work on /home/melicharovykrecek/venv/lib/python3.9/site-packages/airflow/example_dags/example_latest_only_with_trigger.py
[2023-03-12T08:11:17.062+0000] {processor.py:743} INFO - Processing file /home/melicharovykrecek/venv/lib/python3.9/site-packages/airflow/example_dags/example_latest_only_with_trigger.py for tasks to queue
[2023-03-12T08:11:17.063+0000] {logging_mixin.py:137} INFO - [2023-03-12T08:11:17.063+0000] {dagbag.py:538} INFO - Filling up the DagBag from /home/melicharovykrecek/venv/lib/python3.9/site-packages/airflow/example_dags/example_latest_only_with_trigger.py
[2023-03-12T08:11:17.082+0000] {processor.py:753} INFO - DAG(s) dict_keys(['latest_only_with_trigger']) retrieved from /home/melicharovykrecek/venv/lib/python3.9/site-packages/airflow/example_dags/example_latest_only_with_trigger.py
[2023-03-12T08:11:17.108+0000] {logging_mixin.py:137} INFO - [2023-03-12T08:11:17.108+0000] {dag.py:2690} INFO - Sync 1 DAGs
[2023-03-12T08:11:17.135+0000] {logging_mixin.py:137} INFO - [2023-03-12T08:11:17.135+0000] {dag.py:3437} INFO - Setting next_dagrun for latest_only_with_trigger to 2023-03-12T04:11:17.134875+00:00, run_after=2023-03-12T08:11:17.134875+00:00
[2023-03-12T08:11:17.164+0000] {processor.py:175} INFO - Processing /home/melicharovykrecek/venv/lib/python3.9/site-packages/airflow/example_dags/example_latest_only_with_trigger.py took 0.108 seconds
[2023-03-12T08:12:08.250+0000] {processor.py:153} INFO - Started process (PID=4274) to work on /home/melicharovykrecek/venv/lib/python3.9/site-packages/airflow/example_dags/example_latest_only_with_trigger.py
[2023-03-12T08:12:08.253+0000] {processor.py:743} INFO - Processing file /home/melicharovykrecek/venv/lib/python3.9/site-packages/airflow/example_dags/example_latest_only_with_trigger.py for tasks to queue
[2023-03-12T08:12:08.254+0000] {logging_mixin.py:137} INFO - [2023-03-12T08:12:08.254+0000] {dagbag.py:538} INFO - Filling up the DagBag from /home/melicharovykrecek/venv/lib/python3.9/site-packages/airflow/example_dags/example_latest_only_with_trigger.py
[2023-03-12T08:12:08.274+0000] {processor.py:753} INFO - DAG(s) dict_keys(['latest_only_with_trigger']) retrieved from /home/melicharovykrecek/venv/lib/python3.9/site-packages/airflow/example_dags/example_latest_only_with_trigger.py
[2023-03-12T08:12:08.302+0000] {logging_mixin.py:137} INFO - [2023-03-12T08:12:08.302+0000] {dag.py:2690} INFO - Sync 1 DAGs
[2023-03-12T08:12:08.329+0000] {logging_mixin.py:137} INFO - [2023-03-12T08:12:08.329+0000] {dag.py:3437} INFO - Setting next_dagrun for latest_only_with_trigger to 2023-03-12T04:12:08.329287+00:00, run_after=2023-03-12T08:12:08.329287+00:00
[2023-03-12T08:12:08.360+0000] {processor.py:175} INFO - Processing /home/melicharovykrecek/venv/lib/python3.9/site-packages/airflow/example_dags/example_latest_only_with_trigger.py took 0.116 seconds
[2023-03-12T08:12:52.980+0000] {processor.py:153} INFO - Started process (PID=4345) to work on /home/melicharovykrecek/venv/lib/python3.9/site-packages/airflow/example_dags/example_latest_only_with_trigger.py
[2023-03-12T08:12:52.982+0000] {processor.py:743} INFO - Processing file /home/melicharovykrecek/venv/lib/python3.9/site-packages/airflow/example_dags/example_latest_only_with_trigger.py for tasks to queue
[2023-03-12T08:12:52.983+0000] {logging_mixin.py:137} INFO - [2023-03-12T08:12:52.983+0000] {dagbag.py:538} INFO - Filling up the DagBag from /home/melicharovykrecek/venv/lib/python3.9/site-packages/airflow/example_dags/example_latest_only_with_trigger.py
[2023-03-12T08:12:53.003+0000] {processor.py:753} INFO - DAG(s) dict_keys(['latest_only_with_trigger']) retrieved from /home/melicharovykrecek/venv/lib/python3.9/site-packages/airflow/example_dags/example_latest_only_with_trigger.py
[2023-03-12T08:12:53.031+0000] {logging_mixin.py:137} INFO - [2023-03-12T08:12:53.031+0000] {dag.py:2690} INFO - Sync 1 DAGs
[2023-03-12T08:12:53.058+0000] {logging_mixin.py:137} INFO - [2023-03-12T08:12:53.058+0000] {dag.py:3437} INFO - Setting next_dagrun for latest_only_with_trigger to 2023-03-12T04:12:53.058310+00:00, run_after=2023-03-12T08:12:53.058310+00:00
[2023-03-12T08:12:53.088+0000] {processor.py:175} INFO - Processing /home/melicharovykrecek/venv/lib/python3.9/site-packages/airflow/example_dags/example_latest_only_with_trigger.py took 0.113 seconds
[2023-03-12T08:13:35.716+0000] {processor.py:153} INFO - Started process (PID=4391) to work on /home/melicharovykrecek/venv/lib/python3.9/site-packages/airflow/example_dags/example_latest_only_with_trigger.py
[2023-03-12T08:13:35.718+0000] {processor.py:743} INFO - Processing file /home/melicharovykrecek/venv/lib/python3.9/site-packages/airflow/example_dags/example_latest_only_with_trigger.py for tasks to queue
[2023-03-12T08:13:35.719+0000] {logging_mixin.py:137} INFO - [2023-03-12T08:13:35.719+0000] {dagbag.py:538} INFO - Filling up the DagBag from /home/melicharovykrecek/venv/lib/python3.9/site-packages/airflow/example_dags/example_latest_only_with_trigger.py
[2023-03-12T08:13:35.738+0000] {processor.py:753} INFO - DAG(s) dict_keys(['latest_only_with_trigger']) retrieved from /home/melicharovykrecek/venv/lib/python3.9/site-packages/airflow/example_dags/example_latest_only_with_trigger.py
[2023-03-12T08:13:35.764+0000] {logging_mixin.py:137} INFO - [2023-03-12T08:13:35.763+0000] {dag.py:2690} INFO - Sync 1 DAGs
[2023-03-12T08:13:35.789+0000] {logging_mixin.py:137} INFO - [2023-03-12T08:13:35.789+0000] {dag.py:3437} INFO - Setting next_dagrun for latest_only_with_trigger to 2023-03-12T04:13:35.788706+00:00, run_after=2023-03-12T08:13:35.788706+00:00
[2023-03-12T08:13:35.817+0000] {processor.py:175} INFO - Processing /home/melicharovykrecek/venv/lib/python3.9/site-packages/airflow/example_dags/example_latest_only_with_trigger.py took 0.106 seconds
[2023-03-12T08:14:25.987+0000] {processor.py:153} INFO - Started process (PID=4459) to work on /home/melicharovykrecek/venv/lib/python3.9/site-packages/airflow/example_dags/example_latest_only_with_trigger.py
[2023-03-12T08:14:25.989+0000] {processor.py:743} INFO - Processing file /home/melicharovykrecek/venv/lib/python3.9/site-packages/airflow/example_dags/example_latest_only_with_trigger.py for tasks to queue
[2023-03-12T08:14:25.990+0000] {logging_mixin.py:137} INFO - [2023-03-12T08:14:25.990+0000] {dagbag.py:538} INFO - Filling up the DagBag from /home/melicharovykrecek/venv/lib/python3.9/site-packages/airflow/example_dags/example_latest_only_with_trigger.py
[2023-03-12T08:14:26.010+0000] {processor.py:753} INFO - DAG(s) dict_keys(['latest_only_with_trigger']) retrieved from /home/melicharovykrecek/venv/lib/python3.9/site-packages/airflow/example_dags/example_latest_only_with_trigger.py
[2023-03-12T08:14:26.035+0000] {logging_mixin.py:137} INFO - [2023-03-12T08:14:26.035+0000] {dag.py:2690} INFO - Sync 1 DAGs
[2023-03-12T08:14:26.062+0000] {logging_mixin.py:137} INFO - [2023-03-12T08:14:26.062+0000] {dag.py:3437} INFO - Setting next_dagrun for latest_only_with_trigger to 2023-03-12T04:14:26.061887+00:00, run_after=2023-03-12T08:14:26.061887+00:00
[2023-03-12T08:14:26.092+0000] {processor.py:175} INFO - Processing /home/melicharovykrecek/venv/lib/python3.9/site-packages/airflow/example_dags/example_latest_only_with_trigger.py took 0.109 seconds
[2023-03-12T08:15:14.759+0000] {processor.py:153} INFO - Started process (PID=4508) to work on /home/melicharovykrecek/venv/lib/python3.9/site-packages/airflow/example_dags/example_latest_only_with_trigger.py
[2023-03-12T08:15:14.762+0000] {processor.py:743} INFO - Processing file /home/melicharovykrecek/venv/lib/python3.9/site-packages/airflow/example_dags/example_latest_only_with_trigger.py for tasks to queue
[2023-03-12T08:15:14.764+0000] {logging_mixin.py:137} INFO - [2023-03-12T08:15:14.763+0000] {dagbag.py:538} INFO - Filling up the DagBag from /home/melicharovykrecek/venv/lib/python3.9/site-packages/airflow/example_dags/example_latest_only_with_trigger.py
[2023-03-12T08:15:14.783+0000] {processor.py:753} INFO - DAG(s) dict_keys(['latest_only_with_trigger']) retrieved from /home/melicharovykrecek/venv/lib/python3.9/site-packages/airflow/example_dags/example_latest_only_with_trigger.py
[2023-03-12T08:15:14.809+0000] {logging_mixin.py:137} INFO - [2023-03-12T08:15:14.809+0000] {dag.py:2690} INFO - Sync 1 DAGs
[2023-03-12T08:15:14.835+0000] {logging_mixin.py:137} INFO - [2023-03-12T08:15:14.835+0000] {dag.py:3437} INFO - Setting next_dagrun for latest_only_with_trigger to 2023-03-12T04:15:14.835033+00:00, run_after=2023-03-12T08:15:14.835033+00:00
[2023-03-12T08:15:14.865+0000] {processor.py:175} INFO - Processing /home/melicharovykrecek/venv/lib/python3.9/site-packages/airflow/example_dags/example_latest_only_with_trigger.py took 0.110 seconds
[2023-03-12T08:16:04.641+0000] {processor.py:153} INFO - Started process (PID=4562) to work on /home/melicharovykrecek/venv/lib/python3.9/site-packages/airflow/example_dags/example_latest_only_with_trigger.py
[2023-03-12T08:16:04.644+0000] {processor.py:743} INFO - Processing file /home/melicharovykrecek/venv/lib/python3.9/site-packages/airflow/example_dags/example_latest_only_with_trigger.py for tasks to queue
[2023-03-12T08:16:04.644+0000] {logging_mixin.py:137} INFO - [2023-03-12T08:16:04.644+0000] {dagbag.py:538} INFO - Filling up the DagBag from /home/melicharovykrecek/venv/lib/python3.9/site-packages/airflow/example_dags/example_latest_only_with_trigger.py
[2023-03-12T08:16:04.666+0000] {processor.py:753} INFO - DAG(s) dict_keys(['latest_only_with_trigger']) retrieved from /home/melicharovykrecek/venv/lib/python3.9/site-packages/airflow/example_dags/example_latest_only_with_trigger.py
[2023-03-12T08:16:04.692+0000] {logging_mixin.py:137} INFO - [2023-03-12T08:16:04.692+0000] {dag.py:2690} INFO - Sync 1 DAGs
[2023-03-12T08:16:04.718+0000] {logging_mixin.py:137} INFO - [2023-03-12T08:16:04.717+0000] {dag.py:3437} INFO - Setting next_dagrun for latest_only_with_trigger to 2023-03-12T04:16:04.717471+00:00, run_after=2023-03-12T08:16:04.717471+00:00
[2023-03-12T08:16:04.748+0000] {processor.py:175} INFO - Processing /home/melicharovykrecek/venv/lib/python3.9/site-packages/airflow/example_dags/example_latest_only_with_trigger.py took 0.112 seconds
[2023-03-12T08:16:57.067+0000] {processor.py:153} INFO - Started process (PID=4612) to work on /home/melicharovykrecek/venv/lib/python3.9/site-packages/airflow/example_dags/example_latest_only_with_trigger.py
[2023-03-12T08:16:57.069+0000] {processor.py:743} INFO - Processing file /home/melicharovykrecek/venv/lib/python3.9/site-packages/airflow/example_dags/example_latest_only_with_trigger.py for tasks to queue
[2023-03-12T08:16:57.070+0000] {logging_mixin.py:137} INFO - [2023-03-12T08:16:57.070+0000] {dagbag.py:538} INFO - Filling up the DagBag from /home/melicharovykrecek/venv/lib/python3.9/site-packages/airflow/example_dags/example_latest_only_with_trigger.py
[2023-03-12T08:16:57.088+0000] {processor.py:753} INFO - DAG(s) dict_keys(['latest_only_with_trigger']) retrieved from /home/melicharovykrecek/venv/lib/python3.9/site-packages/airflow/example_dags/example_latest_only_with_trigger.py
[2023-03-12T08:16:57.114+0000] {logging_mixin.py:137} INFO - [2023-03-12T08:16:57.114+0000] {dag.py:2690} INFO - Sync 1 DAGs
[2023-03-12T08:16:57.140+0000] {logging_mixin.py:137} INFO - [2023-03-12T08:16:57.140+0000] {dag.py:3437} INFO - Setting next_dagrun for latest_only_with_trigger to 2023-03-12T04:16:57.139797+00:00, run_after=2023-03-12T08:16:57.139797+00:00
[2023-03-12T08:16:57.169+0000] {processor.py:175} INFO - Processing /home/melicharovykrecek/venv/lib/python3.9/site-packages/airflow/example_dags/example_latest_only_with_trigger.py took 0.107 seconds
[2023-03-12T08:17:39.586+0000] {processor.py:153} INFO - Started process (PID=4664) to work on /home/melicharovykrecek/venv/lib/python3.9/site-packages/airflow/example_dags/example_latest_only_with_trigger.py
[2023-03-12T08:17:39.588+0000] {processor.py:743} INFO - Processing file /home/melicharovykrecek/venv/lib/python3.9/site-packages/airflow/example_dags/example_latest_only_with_trigger.py for tasks to queue
[2023-03-12T08:17:39.588+0000] {logging_mixin.py:137} INFO - [2023-03-12T08:17:39.588+0000] {dagbag.py:538} INFO - Filling up the DagBag from /home/melicharovykrecek/venv/lib/python3.9/site-packages/airflow/example_dags/example_latest_only_with_trigger.py
[2023-03-12T08:17:39.607+0000] {processor.py:753} INFO - DAG(s) dict_keys(['latest_only_with_trigger']) retrieved from /home/melicharovykrecek/venv/lib/python3.9/site-packages/airflow/example_dags/example_latest_only_with_trigger.py
[2023-03-12T08:17:39.632+0000] {logging_mixin.py:137} INFO - [2023-03-12T08:17:39.632+0000] {dag.py:2690} INFO - Sync 1 DAGs
[2023-03-12T08:17:39.656+0000] {logging_mixin.py:137} INFO - [2023-03-12T08:17:39.655+0000] {dag.py:3437} INFO - Setting next_dagrun for latest_only_with_trigger to 2023-03-12T04:17:39.655409+00:00, run_after=2023-03-12T08:17:39.655409+00:00
[2023-03-12T08:17:39.684+0000] {processor.py:175} INFO - Processing /home/melicharovykrecek/venv/lib/python3.9/site-packages/airflow/example_dags/example_latest_only_with_trigger.py took 0.103 seconds
[2023-03-12T08:18:26.825+0000] {processor.py:153} INFO - Started process (PID=4710) to work on /home/melicharovykrecek/venv/lib/python3.9/site-packages/airflow/example_dags/example_latest_only_with_trigger.py
[2023-03-12T08:18:26.827+0000] {processor.py:743} INFO - Processing file /home/melicharovykrecek/venv/lib/python3.9/site-packages/airflow/example_dags/example_latest_only_with_trigger.py for tasks to queue
[2023-03-12T08:18:26.828+0000] {logging_mixin.py:137} INFO - [2023-03-12T08:18:26.828+0000] {dagbag.py:538} INFO - Filling up the DagBag from /home/melicharovykrecek/venv/lib/python3.9/site-packages/airflow/example_dags/example_latest_only_with_trigger.py
[2023-03-12T08:18:26.846+0000] {processor.py:753} INFO - DAG(s) dict_keys(['latest_only_with_trigger']) retrieved from /home/melicharovykrecek/venv/lib/python3.9/site-packages/airflow/example_dags/example_latest_only_with_trigger.py
[2023-03-12T08:18:26.871+0000] {logging_mixin.py:137} INFO - [2023-03-12T08:18:26.871+0000] {dag.py:2690} INFO - Sync 1 DAGs
[2023-03-12T08:18:26.896+0000] {logging_mixin.py:137} INFO - [2023-03-12T08:18:26.895+0000] {dag.py:3437} INFO - Setting next_dagrun for latest_only_with_trigger to 2023-03-12T04:18:26.895501+00:00, run_after=2023-03-12T08:18:26.895501+00:00
[2023-03-12T08:18:26.923+0000] {processor.py:175} INFO - Processing /home/melicharovykrecek/venv/lib/python3.9/site-packages/airflow/example_dags/example_latest_only_with_trigger.py took 0.104 seconds
[2023-03-12T08:19:14.393+0000] {processor.py:153} INFO - Started process (PID=4757) to work on /home/melicharovykrecek/venv/lib/python3.9/site-packages/airflow/example_dags/example_latest_only_with_trigger.py
[2023-03-12T08:19:14.395+0000] {processor.py:743} INFO - Processing file /home/melicharovykrecek/venv/lib/python3.9/site-packages/airflow/example_dags/example_latest_only_with_trigger.py for tasks to queue
[2023-03-12T08:19:14.396+0000] {logging_mixin.py:137} INFO - [2023-03-12T08:19:14.396+0000] {dagbag.py:538} INFO - Filling up the DagBag from /home/melicharovykrecek/venv/lib/python3.9/site-packages/airflow/example_dags/example_latest_only_with_trigger.py
[2023-03-12T08:19:14.414+0000] {processor.py:753} INFO - DAG(s) dict_keys(['latest_only_with_trigger']) retrieved from /home/melicharovykrecek/venv/lib/python3.9/site-packages/airflow/example_dags/example_latest_only_with_trigger.py
[2023-03-12T08:19:14.442+0000] {logging_mixin.py:137} INFO - [2023-03-12T08:19:14.442+0000] {dag.py:2690} INFO - Sync 1 DAGs
[2023-03-12T08:19:14.466+0000] {logging_mixin.py:137} INFO - [2023-03-12T08:19:14.466+0000] {dag.py:3437} INFO - Setting next_dagrun for latest_only_with_trigger to 2023-03-12T04:19:14.465914+00:00, run_after=2023-03-12T08:19:14.465914+00:00
[2023-03-12T08:19:14.496+0000] {processor.py:175} INFO - Processing /home/melicharovykrecek/venv/lib/python3.9/site-packages/airflow/example_dags/example_latest_only_with_trigger.py took 0.108 seconds
[2023-03-12T08:20:02.320+0000] {processor.py:153} INFO - Started process (PID=4809) to work on /home/melicharovykrecek/venv/lib/python3.9/site-packages/airflow/example_dags/example_latest_only_with_trigger.py
[2023-03-12T08:20:02.323+0000] {processor.py:743} INFO - Processing file /home/melicharovykrecek/venv/lib/python3.9/site-packages/airflow/example_dags/example_latest_only_with_trigger.py for tasks to queue
[2023-03-12T08:20:02.323+0000] {logging_mixin.py:137} INFO - [2023-03-12T08:20:02.323+0000] {dagbag.py:538} INFO - Filling up the DagBag from /home/melicharovykrecek/venv/lib/python3.9/site-packages/airflow/example_dags/example_latest_only_with_trigger.py
[2023-03-12T08:20:02.342+0000] {processor.py:753} INFO - DAG(s) dict_keys(['latest_only_with_trigger']) retrieved from /home/melicharovykrecek/venv/lib/python3.9/site-packages/airflow/example_dags/example_latest_only_with_trigger.py
[2023-03-12T08:20:02.369+0000] {logging_mixin.py:137} INFO - [2023-03-12T08:20:02.369+0000] {dag.py:2690} INFO - Sync 1 DAGs
[2023-03-12T08:20:02.393+0000] {logging_mixin.py:137} INFO - [2023-03-12T08:20:02.392+0000] {dag.py:3437} INFO - Setting next_dagrun for latest_only_with_trigger to 2023-03-12T04:20:02.392465+00:00, run_after=2023-03-12T08:20:02.392465+00:00
[2023-03-12T08:20:02.425+0000] {processor.py:175} INFO - Processing /home/melicharovykrecek/venv/lib/python3.9/site-packages/airflow/example_dags/example_latest_only_with_trigger.py took 0.110 seconds
[2023-03-12T08:20:42.107+0000] {processor.py:153} INFO - Started process (PID=4848) to work on /home/melicharovykrecek/venv/lib/python3.9/site-packages/airflow/example_dags/example_latest_only_with_trigger.py
[2023-03-12T08:20:42.108+0000] {processor.py:743} INFO - Processing file /home/melicharovykrecek/venv/lib/python3.9/site-packages/airflow/example_dags/example_latest_only_with_trigger.py for tasks to queue
[2023-03-12T08:20:42.109+0000] {logging_mixin.py:137} INFO - [2023-03-12T08:20:42.109+0000] {dagbag.py:538} INFO - Filling up the DagBag from /home/melicharovykrecek/venv/lib/python3.9/site-packages/airflow/example_dags/example_latest_only_with_trigger.py
[2023-03-12T08:20:42.128+0000] {processor.py:753} INFO - DAG(s) dict_keys(['latest_only_with_trigger']) retrieved from /home/melicharovykrecek/venv/lib/python3.9/site-packages/airflow/example_dags/example_latest_only_with_trigger.py
[2023-03-12T08:20:42.154+0000] {logging_mixin.py:137} INFO - [2023-03-12T08:20:42.154+0000] {dag.py:2690} INFO - Sync 1 DAGs
[2023-03-12T08:20:42.178+0000] {logging_mixin.py:137} INFO - [2023-03-12T08:20:42.178+0000] {dag.py:3437} INFO - Setting next_dagrun for latest_only_with_trigger to 2023-03-12T04:20:42.178362+00:00, run_after=2023-03-12T08:20:42.178362+00:00
[2023-03-12T08:20:42.207+0000] {processor.py:175} INFO - Processing /home/melicharovykrecek/venv/lib/python3.9/site-packages/airflow/example_dags/example_latest_only_with_trigger.py took 0.105 seconds
