[2023-03-12T07:30:58.810+0000] {processor.py:153} INFO - Started process (PID=1503) to work on /home/melicharovykrecek/venv/lib/python3.9/site-packages/airflow/example_dags/example_bash_operator.py
[2023-03-12T07:30:58.812+0000] {processor.py:743} INFO - Processing file /home/melicharovykrecek/venv/lib/python3.9/site-packages/airflow/example_dags/example_bash_operator.py for tasks to queue
[2023-03-12T07:30:58.813+0000] {logging_mixin.py:137} INFO - [2023-03-12T07:30:58.812+0000] {dagbag.py:538} INFO - Filling up the DagBag from /home/melicharovykrecek/venv/lib/python3.9/site-packages/airflow/example_dags/example_bash_operator.py
[2023-03-12T07:30:58.841+0000] {processor.py:753} INFO - DAG(s) dict_keys(['example_bash_operator']) retrieved from /home/melicharovykrecek/venv/lib/python3.9/site-packages/airflow/example_dags/example_bash_operator.py
[2023-03-12T07:30:58.877+0000] {logging_mixin.py:137} INFO - [2023-03-12T07:30:58.877+0000] {dag.py:2690} INFO - Sync 1 DAGs
[2023-03-12T07:30:58.903+0000] {logging_mixin.py:137} INFO - [2023-03-12T07:30:58.903+0000] {dag.py:3437} INFO - Setting next_dagrun for example_bash_operator to 2023-03-11T00:00:00+00:00, run_after=2023-03-12T00:00:00+00:00
[2023-03-12T07:30:58.928+0000] {processor.py:175} INFO - Processing /home/melicharovykrecek/venv/lib/python3.9/site-packages/airflow/example_dags/example_bash_operator.py took 0.122 seconds
[2023-03-12T07:31:44.803+0000] {processor.py:153} INFO - Started process (PID=1569) to work on /home/melicharovykrecek/venv/lib/python3.9/site-packages/airflow/example_dags/example_bash_operator.py
[2023-03-12T07:31:44.805+0000] {processor.py:743} INFO - Processing file /home/melicharovykrecek/venv/lib/python3.9/site-packages/airflow/example_dags/example_bash_operator.py for tasks to queue
[2023-03-12T07:31:44.806+0000] {logging_mixin.py:137} INFO - [2023-03-12T07:31:44.806+0000] {dagbag.py:538} INFO - Filling up the DagBag from /home/melicharovykrecek/venv/lib/python3.9/site-packages/airflow/example_dags/example_bash_operator.py
[2023-03-12T07:31:44.833+0000] {processor.py:753} INFO - DAG(s) dict_keys(['example_bash_operator']) retrieved from /home/melicharovykrecek/venv/lib/python3.9/site-packages/airflow/example_dags/example_bash_operator.py
[2023-03-12T07:31:44.867+0000] {logging_mixin.py:137} INFO - [2023-03-12T07:31:44.867+0000] {dag.py:2690} INFO - Sync 1 DAGs
[2023-03-12T07:31:44.894+0000] {logging_mixin.py:137} INFO - [2023-03-12T07:31:44.893+0000] {dag.py:3437} INFO - Setting next_dagrun for example_bash_operator to 2023-03-11T00:00:00+00:00, run_after=2023-03-12T00:00:00+00:00
[2023-03-12T07:31:44.920+0000] {processor.py:175} INFO - Processing /home/melicharovykrecek/venv/lib/python3.9/site-packages/airflow/example_dags/example_bash_operator.py took 0.121 seconds
[2023-03-12T07:32:32.519+0000] {processor.py:153} INFO - Started process (PID=1622) to work on /home/melicharovykrecek/venv/lib/python3.9/site-packages/airflow/example_dags/example_bash_operator.py
[2023-03-12T07:32:32.521+0000] {processor.py:743} INFO - Processing file /home/melicharovykrecek/venv/lib/python3.9/site-packages/airflow/example_dags/example_bash_operator.py for tasks to queue
[2023-03-12T07:32:32.522+0000] {logging_mixin.py:137} INFO - [2023-03-12T07:32:32.522+0000] {dagbag.py:538} INFO - Filling up the DagBag from /home/melicharovykrecek/venv/lib/python3.9/site-packages/airflow/example_dags/example_bash_operator.py
[2023-03-12T07:32:32.548+0000] {processor.py:753} INFO - DAG(s) dict_keys(['example_bash_operator']) retrieved from /home/melicharovykrecek/venv/lib/python3.9/site-packages/airflow/example_dags/example_bash_operator.py
[2023-03-12T07:32:32.584+0000] {logging_mixin.py:137} INFO - [2023-03-12T07:32:32.583+0000] {dag.py:2690} INFO - Sync 1 DAGs
[2023-03-12T07:32:32.608+0000] {logging_mixin.py:137} INFO - [2023-03-12T07:32:32.608+0000] {dag.py:3437} INFO - Setting next_dagrun for example_bash_operator to 2023-03-11T00:00:00+00:00, run_after=2023-03-12T00:00:00+00:00
[2023-03-12T07:32:32.634+0000] {processor.py:175} INFO - Processing /home/melicharovykrecek/venv/lib/python3.9/site-packages/airflow/example_dags/example_bash_operator.py took 0.119 seconds
[2023-03-12T07:33:23.962+0000] {processor.py:153} INFO - Started process (PID=1671) to work on /home/melicharovykrecek/venv/lib/python3.9/site-packages/airflow/example_dags/example_bash_operator.py
[2023-03-12T07:33:23.964+0000] {processor.py:743} INFO - Processing file /home/melicharovykrecek/venv/lib/python3.9/site-packages/airflow/example_dags/example_bash_operator.py for tasks to queue
[2023-03-12T07:33:23.965+0000] {logging_mixin.py:137} INFO - [2023-03-12T07:33:23.965+0000] {dagbag.py:538} INFO - Filling up the DagBag from /home/melicharovykrecek/venv/lib/python3.9/site-packages/airflow/example_dags/example_bash_operator.py
[2023-03-12T07:33:23.992+0000] {processor.py:753} INFO - DAG(s) dict_keys(['example_bash_operator']) retrieved from /home/melicharovykrecek/venv/lib/python3.9/site-packages/airflow/example_dags/example_bash_operator.py
[2023-03-12T07:33:24.026+0000] {logging_mixin.py:137} INFO - [2023-03-12T07:33:24.026+0000] {dag.py:2690} INFO - Sync 1 DAGs
[2023-03-12T07:33:24.050+0000] {logging_mixin.py:137} INFO - [2023-03-12T07:33:24.050+0000] {dag.py:3437} INFO - Setting next_dagrun for example_bash_operator to 2023-03-11T00:00:00+00:00, run_after=2023-03-12T00:00:00+00:00
[2023-03-12T07:33:24.076+0000] {processor.py:175} INFO - Processing /home/melicharovykrecek/venv/lib/python3.9/site-packages/airflow/example_dags/example_bash_operator.py took 0.119 seconds
[2023-03-12T07:34:14.764+0000] {processor.py:153} INFO - Started process (PID=1723) to work on /home/melicharovykrecek/venv/lib/python3.9/site-packages/airflow/example_dags/example_bash_operator.py
[2023-03-12T07:34:14.766+0000] {processor.py:743} INFO - Processing file /home/melicharovykrecek/venv/lib/python3.9/site-packages/airflow/example_dags/example_bash_operator.py for tasks to queue
[2023-03-12T07:34:14.767+0000] {logging_mixin.py:137} INFO - [2023-03-12T07:34:14.767+0000] {dagbag.py:538} INFO - Filling up the DagBag from /home/melicharovykrecek/venv/lib/python3.9/site-packages/airflow/example_dags/example_bash_operator.py
[2023-03-12T07:34:14.794+0000] {processor.py:753} INFO - DAG(s) dict_keys(['example_bash_operator']) retrieved from /home/melicharovykrecek/venv/lib/python3.9/site-packages/airflow/example_dags/example_bash_operator.py
[2023-03-12T07:34:14.829+0000] {logging_mixin.py:137} INFO - [2023-03-12T07:34:14.829+0000] {dag.py:2690} INFO - Sync 1 DAGs
[2023-03-12T07:34:14.854+0000] {logging_mixin.py:137} INFO - [2023-03-12T07:34:14.853+0000] {dag.py:3437} INFO - Setting next_dagrun for example_bash_operator to 2023-03-11T00:00:00+00:00, run_after=2023-03-12T00:00:00+00:00
[2023-03-12T07:34:14.883+0000] {processor.py:175} INFO - Processing /home/melicharovykrecek/venv/lib/python3.9/site-packages/airflow/example_dags/example_bash_operator.py took 0.123 seconds
[2023-03-12T07:35:03.344+0000] {processor.py:153} INFO - Started process (PID=1806) to work on /home/melicharovykrecek/venv/lib/python3.9/site-packages/airflow/example_dags/example_bash_operator.py
[2023-03-12T07:35:03.346+0000] {processor.py:743} INFO - Processing file /home/melicharovykrecek/venv/lib/python3.9/site-packages/airflow/example_dags/example_bash_operator.py for tasks to queue
[2023-03-12T07:35:03.347+0000] {logging_mixin.py:137} INFO - [2023-03-12T07:35:03.346+0000] {dagbag.py:538} INFO - Filling up the DagBag from /home/melicharovykrecek/venv/lib/python3.9/site-packages/airflow/example_dags/example_bash_operator.py
[2023-03-12T07:35:03.374+0000] {processor.py:753} INFO - DAG(s) dict_keys(['example_bash_operator']) retrieved from /home/melicharovykrecek/venv/lib/python3.9/site-packages/airflow/example_dags/example_bash_operator.py
[2023-03-12T07:35:03.408+0000] {logging_mixin.py:137} INFO - [2023-03-12T07:35:03.407+0000] {dag.py:2690} INFO - Sync 1 DAGs
[2023-03-12T07:35:03.433+0000] {logging_mixin.py:137} INFO - [2023-03-12T07:35:03.433+0000] {dag.py:3437} INFO - Setting next_dagrun for example_bash_operator to 2023-03-11T00:00:00+00:00, run_after=2023-03-12T00:00:00+00:00
[2023-03-12T07:35:03.460+0000] {processor.py:175} INFO - Processing /home/melicharovykrecek/venv/lib/python3.9/site-packages/airflow/example_dags/example_bash_operator.py took 0.121 seconds
[2023-03-12T07:35:51.770+0000] {processor.py:153} INFO - Started process (PID=1869) to work on /home/melicharovykrecek/venv/lib/python3.9/site-packages/airflow/example_dags/example_bash_operator.py
[2023-03-12T07:35:51.772+0000] {processor.py:743} INFO - Processing file /home/melicharovykrecek/venv/lib/python3.9/site-packages/airflow/example_dags/example_bash_operator.py for tasks to queue
[2023-03-12T07:35:51.773+0000] {logging_mixin.py:137} INFO - [2023-03-12T07:35:51.773+0000] {dagbag.py:538} INFO - Filling up the DagBag from /home/melicharovykrecek/venv/lib/python3.9/site-packages/airflow/example_dags/example_bash_operator.py
[2023-03-12T07:35:51.799+0000] {processor.py:753} INFO - DAG(s) dict_keys(['example_bash_operator']) retrieved from /home/melicharovykrecek/venv/lib/python3.9/site-packages/airflow/example_dags/example_bash_operator.py
[2023-03-12T07:35:51.835+0000] {logging_mixin.py:137} INFO - [2023-03-12T07:35:51.835+0000] {dag.py:2690} INFO - Sync 1 DAGs
[2023-03-12T07:35:51.860+0000] {logging_mixin.py:137} INFO - [2023-03-12T07:35:51.860+0000] {dag.py:3437} INFO - Setting next_dagrun for example_bash_operator to 2023-03-11T00:00:00+00:00, run_after=2023-03-12T00:00:00+00:00
[2023-03-12T07:35:51.887+0000] {processor.py:175} INFO - Processing /home/melicharovykrecek/venv/lib/python3.9/site-packages/airflow/example_dags/example_bash_operator.py took 0.121 seconds
[2023-03-12T07:36:42.776+0000] {processor.py:153} INFO - Started process (PID=1927) to work on /home/melicharovykrecek/venv/lib/python3.9/site-packages/airflow/example_dags/example_bash_operator.py
[2023-03-12T07:36:42.778+0000] {processor.py:743} INFO - Processing file /home/melicharovykrecek/venv/lib/python3.9/site-packages/airflow/example_dags/example_bash_operator.py for tasks to queue
[2023-03-12T07:36:42.779+0000] {logging_mixin.py:137} INFO - [2023-03-12T07:36:42.779+0000] {dagbag.py:538} INFO - Filling up the DagBag from /home/melicharovykrecek/venv/lib/python3.9/site-packages/airflow/example_dags/example_bash_operator.py
[2023-03-12T07:36:42.807+0000] {processor.py:753} INFO - DAG(s) dict_keys(['example_bash_operator']) retrieved from /home/melicharovykrecek/venv/lib/python3.9/site-packages/airflow/example_dags/example_bash_operator.py
[2023-03-12T07:36:42.845+0000] {logging_mixin.py:137} INFO - [2023-03-12T07:36:42.844+0000] {dag.py:2690} INFO - Sync 1 DAGs
[2023-03-12T07:36:42.870+0000] {logging_mixin.py:137} INFO - [2023-03-12T07:36:42.870+0000] {dag.py:3437} INFO - Setting next_dagrun for example_bash_operator to 2023-03-11T00:00:00+00:00, run_after=2023-03-12T00:00:00+00:00
[2023-03-12T07:36:42.902+0000] {processor.py:175} INFO - Processing /home/melicharovykrecek/venv/lib/python3.9/site-packages/airflow/example_dags/example_bash_operator.py took 0.130 seconds
[2023-03-12T07:37:28.389+0000] {processor.py:153} INFO - Started process (PID=1971) to work on /home/melicharovykrecek/venv/lib/python3.9/site-packages/airflow/example_dags/example_bash_operator.py
[2023-03-12T07:37:28.391+0000] {processor.py:743} INFO - Processing file /home/melicharovykrecek/venv/lib/python3.9/site-packages/airflow/example_dags/example_bash_operator.py for tasks to queue
[2023-03-12T07:37:28.392+0000] {logging_mixin.py:137} INFO - [2023-03-12T07:37:28.391+0000] {dagbag.py:538} INFO - Filling up the DagBag from /home/melicharovykrecek/venv/lib/python3.9/site-packages/airflow/example_dags/example_bash_operator.py
[2023-03-12T07:37:28.418+0000] {processor.py:753} INFO - DAG(s) dict_keys(['example_bash_operator']) retrieved from /home/melicharovykrecek/venv/lib/python3.9/site-packages/airflow/example_dags/example_bash_operator.py
[2023-03-12T07:37:28.452+0000] {logging_mixin.py:137} INFO - [2023-03-12T07:37:28.452+0000] {dag.py:2690} INFO - Sync 1 DAGs
[2023-03-12T07:37:28.476+0000] {logging_mixin.py:137} INFO - [2023-03-12T07:37:28.476+0000] {dag.py:3437} INFO - Setting next_dagrun for example_bash_operator to 2023-03-11T00:00:00+00:00, run_after=2023-03-12T00:00:00+00:00
[2023-03-12T07:37:28.502+0000] {processor.py:175} INFO - Processing /home/melicharovykrecek/venv/lib/python3.9/site-packages/airflow/example_dags/example_bash_operator.py took 0.118 seconds
[2023-03-12T07:38:17.346+0000] {processor.py:153} INFO - Started process (PID=2024) to work on /home/melicharovykrecek/venv/lib/python3.9/site-packages/airflow/example_dags/example_bash_operator.py
[2023-03-12T07:38:17.349+0000] {processor.py:743} INFO - Processing file /home/melicharovykrecek/venv/lib/python3.9/site-packages/airflow/example_dags/example_bash_operator.py for tasks to queue
[2023-03-12T07:38:17.350+0000] {logging_mixin.py:137} INFO - [2023-03-12T07:38:17.349+0000] {dagbag.py:538} INFO - Filling up the DagBag from /home/melicharovykrecek/venv/lib/python3.9/site-packages/airflow/example_dags/example_bash_operator.py
[2023-03-12T07:38:17.379+0000] {processor.py:753} INFO - DAG(s) dict_keys(['example_bash_operator']) retrieved from /home/melicharovykrecek/venv/lib/python3.9/site-packages/airflow/example_dags/example_bash_operator.py
[2023-03-12T07:38:17.414+0000] {logging_mixin.py:137} INFO - [2023-03-12T07:38:17.414+0000] {dag.py:2690} INFO - Sync 1 DAGs
[2023-03-12T07:38:17.439+0000] {logging_mixin.py:137} INFO - [2023-03-12T07:38:17.439+0000] {dag.py:3437} INFO - Setting next_dagrun for example_bash_operator to 2023-03-11T00:00:00+00:00, run_after=2023-03-12T00:00:00+00:00
[2023-03-12T07:38:17.468+0000] {processor.py:175} INFO - Processing /home/melicharovykrecek/venv/lib/python3.9/site-packages/airflow/example_dags/example_bash_operator.py took 0.126 seconds
[2023-03-12T07:39:07.738+0000] {processor.py:153} INFO - Started process (PID=2082) to work on /home/melicharovykrecek/venv/lib/python3.9/site-packages/airflow/example_dags/example_bash_operator.py
[2023-03-12T07:39:07.740+0000] {processor.py:743} INFO - Processing file /home/melicharovykrecek/venv/lib/python3.9/site-packages/airflow/example_dags/example_bash_operator.py for tasks to queue
[2023-03-12T07:39:07.741+0000] {logging_mixin.py:137} INFO - [2023-03-12T07:39:07.741+0000] {dagbag.py:538} INFO - Filling up the DagBag from /home/melicharovykrecek/venv/lib/python3.9/site-packages/airflow/example_dags/example_bash_operator.py
[2023-03-12T07:39:07.769+0000] {processor.py:753} INFO - DAG(s) dict_keys(['example_bash_operator']) retrieved from /home/melicharovykrecek/venv/lib/python3.9/site-packages/airflow/example_dags/example_bash_operator.py
[2023-03-12T07:39:07.804+0000] {logging_mixin.py:137} INFO - [2023-03-12T07:39:07.804+0000] {dag.py:2690} INFO - Sync 1 DAGs
[2023-03-12T07:39:07.832+0000] {logging_mixin.py:137} INFO - [2023-03-12T07:39:07.831+0000] {dag.py:3437} INFO - Setting next_dagrun for example_bash_operator to 2023-03-11T00:00:00+00:00, run_after=2023-03-12T00:00:00+00:00
[2023-03-12T07:39:07.859+0000] {processor.py:175} INFO - Processing /home/melicharovykrecek/venv/lib/python3.9/site-packages/airflow/example_dags/example_bash_operator.py took 0.126 seconds
[2023-03-12T07:39:55.790+0000] {processor.py:153} INFO - Started process (PID=2130) to work on /home/melicharovykrecek/venv/lib/python3.9/site-packages/airflow/example_dags/example_bash_operator.py
[2023-03-12T07:39:55.793+0000] {processor.py:743} INFO - Processing file /home/melicharovykrecek/venv/lib/python3.9/site-packages/airflow/example_dags/example_bash_operator.py for tasks to queue
[2023-03-12T07:39:55.794+0000] {logging_mixin.py:137} INFO - [2023-03-12T07:39:55.793+0000] {dagbag.py:538} INFO - Filling up the DagBag from /home/melicharovykrecek/venv/lib/python3.9/site-packages/airflow/example_dags/example_bash_operator.py
[2023-03-12T07:39:55.823+0000] {processor.py:753} INFO - DAG(s) dict_keys(['example_bash_operator']) retrieved from /home/melicharovykrecek/venv/lib/python3.9/site-packages/airflow/example_dags/example_bash_operator.py
[2023-03-12T07:39:55.862+0000] {logging_mixin.py:137} INFO - [2023-03-12T07:39:55.861+0000] {dag.py:2690} INFO - Sync 1 DAGs
[2023-03-12T07:39:55.887+0000] {logging_mixin.py:137} INFO - [2023-03-12T07:39:55.887+0000] {dag.py:3437} INFO - Setting next_dagrun for example_bash_operator to 2023-03-11T00:00:00+00:00, run_after=2023-03-12T00:00:00+00:00
[2023-03-12T07:39:55.915+0000] {processor.py:175} INFO - Processing /home/melicharovykrecek/venv/lib/python3.9/site-packages/airflow/example_dags/example_bash_operator.py took 0.129 seconds
[2023-03-12T07:40:40.404+0000] {processor.py:153} INFO - Started process (PID=2202) to work on /home/melicharovykrecek/venv/lib/python3.9/site-packages/airflow/example_dags/example_bash_operator.py
[2023-03-12T07:40:40.408+0000] {processor.py:743} INFO - Processing file /home/melicharovykrecek/venv/lib/python3.9/site-packages/airflow/example_dags/example_bash_operator.py for tasks to queue
[2023-03-12T07:40:40.409+0000] {logging_mixin.py:137} INFO - [2023-03-12T07:40:40.409+0000] {dagbag.py:538} INFO - Filling up the DagBag from /home/melicharovykrecek/venv/lib/python3.9/site-packages/airflow/example_dags/example_bash_operator.py
[2023-03-12T07:40:40.439+0000] {processor.py:753} INFO - DAG(s) dict_keys(['example_bash_operator']) retrieved from /home/melicharovykrecek/venv/lib/python3.9/site-packages/airflow/example_dags/example_bash_operator.py
[2023-03-12T07:40:40.479+0000] {logging_mixin.py:137} INFO - [2023-03-12T07:40:40.479+0000] {dag.py:2690} INFO - Sync 1 DAGs
[2023-03-12T07:40:40.507+0000] {logging_mixin.py:137} INFO - [2023-03-12T07:40:40.507+0000] {dag.py:3437} INFO - Setting next_dagrun for example_bash_operator to 2023-03-11T00:00:00+00:00, run_after=2023-03-12T00:00:00+00:00
[2023-03-12T07:40:40.535+0000] {processor.py:175} INFO - Processing /home/melicharovykrecek/venv/lib/python3.9/site-packages/airflow/example_dags/example_bash_operator.py took 0.135 seconds
[2023-03-12T07:41:31.460+0000] {processor.py:153} INFO - Started process (PID=2276) to work on /home/melicharovykrecek/venv/lib/python3.9/site-packages/airflow/example_dags/example_bash_operator.py
[2023-03-12T07:41:31.462+0000] {processor.py:743} INFO - Processing file /home/melicharovykrecek/venv/lib/python3.9/site-packages/airflow/example_dags/example_bash_operator.py for tasks to queue
[2023-03-12T07:41:31.463+0000] {logging_mixin.py:137} INFO - [2023-03-12T07:41:31.463+0000] {dagbag.py:538} INFO - Filling up the DagBag from /home/melicharovykrecek/venv/lib/python3.9/site-packages/airflow/example_dags/example_bash_operator.py
[2023-03-12T07:41:31.492+0000] {processor.py:753} INFO - DAG(s) dict_keys(['example_bash_operator']) retrieved from /home/melicharovykrecek/venv/lib/python3.9/site-packages/airflow/example_dags/example_bash_operator.py
[2023-03-12T07:41:31.528+0000] {logging_mixin.py:137} INFO - [2023-03-12T07:41:31.528+0000] {dag.py:2690} INFO - Sync 1 DAGs
[2023-03-12T07:41:31.554+0000] {logging_mixin.py:137} INFO - [2023-03-12T07:41:31.553+0000] {dag.py:3437} INFO - Setting next_dagrun for example_bash_operator to 2023-03-11T00:00:00+00:00, run_after=2023-03-12T00:00:00+00:00
[2023-03-12T07:41:31.583+0000] {processor.py:175} INFO - Processing /home/melicharovykrecek/venv/lib/python3.9/site-packages/airflow/example_dags/example_bash_operator.py took 0.129 seconds
[2023-03-12T07:42:14.793+0000] {processor.py:153} INFO - Started process (PID=2320) to work on /home/melicharovykrecek/venv/lib/python3.9/site-packages/airflow/example_dags/example_bash_operator.py
[2023-03-12T07:42:14.795+0000] {processor.py:743} INFO - Processing file /home/melicharovykrecek/venv/lib/python3.9/site-packages/airflow/example_dags/example_bash_operator.py for tasks to queue
[2023-03-12T07:42:14.796+0000] {logging_mixin.py:137} INFO - [2023-03-12T07:42:14.796+0000] {dagbag.py:538} INFO - Filling up the DagBag from /home/melicharovykrecek/venv/lib/python3.9/site-packages/airflow/example_dags/example_bash_operator.py
[2023-03-12T07:42:14.825+0000] {processor.py:753} INFO - DAG(s) dict_keys(['example_bash_operator']) retrieved from /home/melicharovykrecek/venv/lib/python3.9/site-packages/airflow/example_dags/example_bash_operator.py
[2023-03-12T07:42:14.863+0000] {logging_mixin.py:137} INFO - [2023-03-12T07:42:14.863+0000] {dag.py:2690} INFO - Sync 1 DAGs
[2023-03-12T07:42:14.892+0000] {logging_mixin.py:137} INFO - [2023-03-12T07:42:14.891+0000] {dag.py:3437} INFO - Setting next_dagrun for example_bash_operator to 2023-03-11T00:00:00+00:00, run_after=2023-03-12T00:00:00+00:00
[2023-03-12T07:42:14.918+0000] {processor.py:175} INFO - Processing /home/melicharovykrecek/venv/lib/python3.9/site-packages/airflow/example_dags/example_bash_operator.py took 0.130 seconds
[2023-03-12T07:43:00.762+0000] {processor.py:153} INFO - Started process (PID=2364) to work on /home/melicharovykrecek/venv/lib/python3.9/site-packages/airflow/example_dags/example_bash_operator.py
[2023-03-12T07:43:00.764+0000] {processor.py:743} INFO - Processing file /home/melicharovykrecek/venv/lib/python3.9/site-packages/airflow/example_dags/example_bash_operator.py for tasks to queue
[2023-03-12T07:43:00.764+0000] {logging_mixin.py:137} INFO - [2023-03-12T07:43:00.764+0000] {dagbag.py:538} INFO - Filling up the DagBag from /home/melicharovykrecek/venv/lib/python3.9/site-packages/airflow/example_dags/example_bash_operator.py
[2023-03-12T07:43:00.790+0000] {processor.py:753} INFO - DAG(s) dict_keys(['example_bash_operator']) retrieved from /home/melicharovykrecek/venv/lib/python3.9/site-packages/airflow/example_dags/example_bash_operator.py
[2023-03-12T07:43:00.827+0000] {logging_mixin.py:137} INFO - [2023-03-12T07:43:00.827+0000] {dag.py:2690} INFO - Sync 1 DAGs
[2023-03-12T07:43:00.853+0000] {logging_mixin.py:137} INFO - [2023-03-12T07:43:00.853+0000] {dag.py:3437} INFO - Setting next_dagrun for example_bash_operator to 2023-03-11T00:00:00+00:00, run_after=2023-03-12T00:00:00+00:00
[2023-03-12T07:43:00.882+0000] {processor.py:175} INFO - Processing /home/melicharovykrecek/venv/lib/python3.9/site-packages/airflow/example_dags/example_bash_operator.py took 0.125 seconds
[2023-03-12T07:43:51.623+0000] {processor.py:153} INFO - Started process (PID=2435) to work on /home/melicharovykrecek/venv/lib/python3.9/site-packages/airflow/example_dags/example_bash_operator.py
[2023-03-12T07:43:51.625+0000] {processor.py:743} INFO - Processing file /home/melicharovykrecek/venv/lib/python3.9/site-packages/airflow/example_dags/example_bash_operator.py for tasks to queue
[2023-03-12T07:43:51.626+0000] {logging_mixin.py:137} INFO - [2023-03-12T07:43:51.626+0000] {dagbag.py:538} INFO - Filling up the DagBag from /home/melicharovykrecek/venv/lib/python3.9/site-packages/airflow/example_dags/example_bash_operator.py
[2023-03-12T07:43:51.654+0000] {processor.py:753} INFO - DAG(s) dict_keys(['example_bash_operator']) retrieved from /home/melicharovykrecek/venv/lib/python3.9/site-packages/airflow/example_dags/example_bash_operator.py
[2023-03-12T07:43:51.691+0000] {logging_mixin.py:137} INFO - [2023-03-12T07:43:51.690+0000] {dag.py:2690} INFO - Sync 1 DAGs
[2023-03-12T07:43:51.716+0000] {logging_mixin.py:137} INFO - [2023-03-12T07:43:51.715+0000] {dag.py:3437} INFO - Setting next_dagrun for example_bash_operator to 2023-03-11T00:00:00+00:00, run_after=2023-03-12T00:00:00+00:00
[2023-03-12T07:43:51.741+0000] {processor.py:175} INFO - Processing /home/melicharovykrecek/venv/lib/python3.9/site-packages/airflow/example_dags/example_bash_operator.py took 0.122 seconds
[2023-03-12T07:44:42.006+0000] {processor.py:153} INFO - Started process (PID=2488) to work on /home/melicharovykrecek/venv/lib/python3.9/site-packages/airflow/example_dags/example_bash_operator.py
[2023-03-12T07:44:42.008+0000] {processor.py:743} INFO - Processing file /home/melicharovykrecek/venv/lib/python3.9/site-packages/airflow/example_dags/example_bash_operator.py for tasks to queue
[2023-03-12T07:44:42.009+0000] {logging_mixin.py:137} INFO - [2023-03-12T07:44:42.009+0000] {dagbag.py:538} INFO - Filling up the DagBag from /home/melicharovykrecek/venv/lib/python3.9/site-packages/airflow/example_dags/example_bash_operator.py
[2023-03-12T07:44:42.036+0000] {processor.py:753} INFO - DAG(s) dict_keys(['example_bash_operator']) retrieved from /home/melicharovykrecek/venv/lib/python3.9/site-packages/airflow/example_dags/example_bash_operator.py
[2023-03-12T07:44:42.071+0000] {logging_mixin.py:137} INFO - [2023-03-12T07:44:42.071+0000] {dag.py:2690} INFO - Sync 1 DAGs
[2023-03-12T07:44:42.095+0000] {logging_mixin.py:137} INFO - [2023-03-12T07:44:42.095+0000] {dag.py:3437} INFO - Setting next_dagrun for example_bash_operator to 2023-03-11T00:00:00+00:00, run_after=2023-03-12T00:00:00+00:00
[2023-03-12T07:44:42.119+0000] {processor.py:175} INFO - Processing /home/melicharovykrecek/venv/lib/python3.9/site-packages/airflow/example_dags/example_bash_operator.py took 0.118 seconds
[2023-03-12T07:45:27.528+0000] {processor.py:153} INFO - Started process (PID=2595) to work on /home/melicharovykrecek/venv/lib/python3.9/site-packages/airflow/example_dags/example_bash_operator.py
[2023-03-12T07:45:27.531+0000] {processor.py:743} INFO - Processing file /home/melicharovykrecek/venv/lib/python3.9/site-packages/airflow/example_dags/example_bash_operator.py for tasks to queue
[2023-03-12T07:45:27.532+0000] {logging_mixin.py:137} INFO - [2023-03-12T07:45:27.531+0000] {dagbag.py:538} INFO - Filling up the DagBag from /home/melicharovykrecek/venv/lib/python3.9/site-packages/airflow/example_dags/example_bash_operator.py
[2023-03-12T07:45:27.561+0000] {processor.py:753} INFO - DAG(s) dict_keys(['example_bash_operator']) retrieved from /home/melicharovykrecek/venv/lib/python3.9/site-packages/airflow/example_dags/example_bash_operator.py
[2023-03-12T07:45:27.602+0000] {logging_mixin.py:137} INFO - [2023-03-12T07:45:27.601+0000] {dag.py:2690} INFO - Sync 1 DAGs
[2023-03-12T07:45:27.630+0000] {logging_mixin.py:137} INFO - [2023-03-12T07:45:27.630+0000] {dag.py:3437} INFO - Setting next_dagrun for example_bash_operator to 2023-03-11T00:00:00+00:00, run_after=2023-03-12T00:00:00+00:00
[2023-03-12T07:45:27.658+0000] {processor.py:175} INFO - Processing /home/melicharovykrecek/venv/lib/python3.9/site-packages/airflow/example_dags/example_bash_operator.py took 0.135 seconds
[2023-03-12T07:46:16.067+0000] {processor.py:153} INFO - Started process (PID=2645) to work on /home/melicharovykrecek/venv/lib/python3.9/site-packages/airflow/example_dags/example_bash_operator.py
[2023-03-12T07:46:16.069+0000] {processor.py:743} INFO - Processing file /home/melicharovykrecek/venv/lib/python3.9/site-packages/airflow/example_dags/example_bash_operator.py for tasks to queue
[2023-03-12T07:46:16.070+0000] {logging_mixin.py:137} INFO - [2023-03-12T07:46:16.070+0000] {dagbag.py:538} INFO - Filling up the DagBag from /home/melicharovykrecek/venv/lib/python3.9/site-packages/airflow/example_dags/example_bash_operator.py
[2023-03-12T07:46:16.098+0000] {processor.py:753} INFO - DAG(s) dict_keys(['example_bash_operator']) retrieved from /home/melicharovykrecek/venv/lib/python3.9/site-packages/airflow/example_dags/example_bash_operator.py
[2023-03-12T07:46:16.141+0000] {logging_mixin.py:137} INFO - [2023-03-12T07:46:16.140+0000] {dag.py:2690} INFO - Sync 1 DAGs
[2023-03-12T07:46:16.169+0000] {logging_mixin.py:137} INFO - [2023-03-12T07:46:16.168+0000] {dag.py:3437} INFO - Setting next_dagrun for example_bash_operator to 2023-03-11T00:00:00+00:00, run_after=2023-03-12T00:00:00+00:00
[2023-03-12T07:46:16.198+0000] {processor.py:175} INFO - Processing /home/melicharovykrecek/venv/lib/python3.9/site-packages/airflow/example_dags/example_bash_operator.py took 0.136 seconds
[2023-03-12T07:47:04.526+0000] {processor.py:153} INFO - Started process (PID=2702) to work on /home/melicharovykrecek/venv/lib/python3.9/site-packages/airflow/example_dags/example_bash_operator.py
[2023-03-12T07:47:04.528+0000] {processor.py:743} INFO - Processing file /home/melicharovykrecek/venv/lib/python3.9/site-packages/airflow/example_dags/example_bash_operator.py for tasks to queue
[2023-03-12T07:47:04.529+0000] {logging_mixin.py:137} INFO - [2023-03-12T07:47:04.529+0000] {dagbag.py:538} INFO - Filling up the DagBag from /home/melicharovykrecek/venv/lib/python3.9/site-packages/airflow/example_dags/example_bash_operator.py
[2023-03-12T07:47:04.557+0000] {processor.py:753} INFO - DAG(s) dict_keys(['example_bash_operator']) retrieved from /home/melicharovykrecek/venv/lib/python3.9/site-packages/airflow/example_dags/example_bash_operator.py
[2023-03-12T07:47:04.595+0000] {logging_mixin.py:137} INFO - [2023-03-12T07:47:04.594+0000] {dag.py:2690} INFO - Sync 1 DAGs
[2023-03-12T07:47:04.620+0000] {logging_mixin.py:137} INFO - [2023-03-12T07:47:04.620+0000] {dag.py:3437} INFO - Setting next_dagrun for example_bash_operator to 2023-03-11T00:00:00+00:00, run_after=2023-03-12T00:00:00+00:00
[2023-03-12T07:47:04.648+0000] {processor.py:175} INFO - Processing /home/melicharovykrecek/venv/lib/python3.9/site-packages/airflow/example_dags/example_bash_operator.py took 0.126 seconds
[2023-03-12T07:47:51.818+0000] {processor.py:153} INFO - Started process (PID=2750) to work on /home/melicharovykrecek/venv/lib/python3.9/site-packages/airflow/example_dags/example_bash_operator.py
[2023-03-12T07:47:51.820+0000] {processor.py:743} INFO - Processing file /home/melicharovykrecek/venv/lib/python3.9/site-packages/airflow/example_dags/example_bash_operator.py for tasks to queue
[2023-03-12T07:47:51.821+0000] {logging_mixin.py:137} INFO - [2023-03-12T07:47:51.821+0000] {dagbag.py:538} INFO - Filling up the DagBag from /home/melicharovykrecek/venv/lib/python3.9/site-packages/airflow/example_dags/example_bash_operator.py
[2023-03-12T07:47:51.848+0000] {processor.py:753} INFO - DAG(s) dict_keys(['example_bash_operator']) retrieved from /home/melicharovykrecek/venv/lib/python3.9/site-packages/airflow/example_dags/example_bash_operator.py
[2023-03-12T07:47:51.884+0000] {logging_mixin.py:137} INFO - [2023-03-12T07:47:51.884+0000] {dag.py:2690} INFO - Sync 1 DAGs
[2023-03-12T07:47:51.909+0000] {logging_mixin.py:137} INFO - [2023-03-12T07:47:51.909+0000] {dag.py:3437} INFO - Setting next_dagrun for example_bash_operator to 2023-03-11T00:00:00+00:00, run_after=2023-03-12T00:00:00+00:00
[2023-03-12T07:47:51.940+0000] {processor.py:175} INFO - Processing /home/melicharovykrecek/venv/lib/python3.9/site-packages/airflow/example_dags/example_bash_operator.py took 0.127 seconds
[2023-03-12T07:48:36.334+0000] {processor.py:153} INFO - Started process (PID=2794) to work on /home/melicharovykrecek/venv/lib/python3.9/site-packages/airflow/example_dags/example_bash_operator.py
[2023-03-12T07:48:36.336+0000] {processor.py:743} INFO - Processing file /home/melicharovykrecek/venv/lib/python3.9/site-packages/airflow/example_dags/example_bash_operator.py for tasks to queue
[2023-03-12T07:48:36.337+0000] {logging_mixin.py:137} INFO - [2023-03-12T07:48:36.337+0000] {dagbag.py:538} INFO - Filling up the DagBag from /home/melicharovykrecek/venv/lib/python3.9/site-packages/airflow/example_dags/example_bash_operator.py
[2023-03-12T07:48:36.365+0000] {processor.py:753} INFO - DAG(s) dict_keys(['example_bash_operator']) retrieved from /home/melicharovykrecek/venv/lib/python3.9/site-packages/airflow/example_dags/example_bash_operator.py
[2023-03-12T07:48:36.401+0000] {logging_mixin.py:137} INFO - [2023-03-12T07:48:36.400+0000] {dag.py:2690} INFO - Sync 1 DAGs
[2023-03-12T07:48:36.429+0000] {logging_mixin.py:137} INFO - [2023-03-12T07:48:36.428+0000] {dag.py:3437} INFO - Setting next_dagrun for example_bash_operator to 2023-03-11T00:00:00+00:00, run_after=2023-03-12T00:00:00+00:00
[2023-03-12T07:48:36.458+0000] {processor.py:175} INFO - Processing /home/melicharovykrecek/venv/lib/python3.9/site-packages/airflow/example_dags/example_bash_operator.py took 0.129 seconds
[2023-03-12T07:49:20.670+0000] {processor.py:153} INFO - Started process (PID=2836) to work on /home/melicharovykrecek/venv/lib/python3.9/site-packages/airflow/example_dags/example_bash_operator.py
[2023-03-12T07:49:20.671+0000] {processor.py:743} INFO - Processing file /home/melicharovykrecek/venv/lib/python3.9/site-packages/airflow/example_dags/example_bash_operator.py for tasks to queue
[2023-03-12T07:49:20.672+0000] {logging_mixin.py:137} INFO - [2023-03-12T07:49:20.672+0000] {dagbag.py:538} INFO - Filling up the DagBag from /home/melicharovykrecek/venv/lib/python3.9/site-packages/airflow/example_dags/example_bash_operator.py
[2023-03-12T07:49:20.701+0000] {processor.py:753} INFO - DAG(s) dict_keys(['example_bash_operator']) retrieved from /home/melicharovykrecek/venv/lib/python3.9/site-packages/airflow/example_dags/example_bash_operator.py
[2023-03-12T07:49:20.741+0000] {logging_mixin.py:137} INFO - [2023-03-12T07:49:20.741+0000] {dag.py:2690} INFO - Sync 1 DAGs
[2023-03-12T07:49:20.770+0000] {logging_mixin.py:137} INFO - [2023-03-12T07:49:20.770+0000] {dag.py:3437} INFO - Setting next_dagrun for example_bash_operator to 2023-03-11T00:00:00+00:00, run_after=2023-03-12T00:00:00+00:00
[2023-03-12T07:49:20.800+0000] {processor.py:175} INFO - Processing /home/melicharovykrecek/venv/lib/python3.9/site-packages/airflow/example_dags/example_bash_operator.py took 0.135 seconds
[2023-03-12T07:50:07.807+0000] {processor.py:153} INFO - Started process (PID=2882) to work on /home/melicharovykrecek/venv/lib/python3.9/site-packages/airflow/example_dags/example_bash_operator.py
[2023-03-12T07:50:07.809+0000] {processor.py:743} INFO - Processing file /home/melicharovykrecek/venv/lib/python3.9/site-packages/airflow/example_dags/example_bash_operator.py for tasks to queue
[2023-03-12T07:50:07.809+0000] {logging_mixin.py:137} INFO - [2023-03-12T07:50:07.809+0000] {dagbag.py:538} INFO - Filling up the DagBag from /home/melicharovykrecek/venv/lib/python3.9/site-packages/airflow/example_dags/example_bash_operator.py
[2023-03-12T07:50:07.837+0000] {processor.py:753} INFO - DAG(s) dict_keys(['example_bash_operator']) retrieved from /home/melicharovykrecek/venv/lib/python3.9/site-packages/airflow/example_dags/example_bash_operator.py
[2023-03-12T07:50:07.872+0000] {logging_mixin.py:137} INFO - [2023-03-12T07:50:07.872+0000] {dag.py:2690} INFO - Sync 1 DAGs
[2023-03-12T07:50:07.900+0000] {logging_mixin.py:137} INFO - [2023-03-12T07:50:07.899+0000] {dag.py:3437} INFO - Setting next_dagrun for example_bash_operator to 2023-03-11T00:00:00+00:00, run_after=2023-03-12T00:00:00+00:00
[2023-03-12T07:50:07.928+0000] {processor.py:175} INFO - Processing /home/melicharovykrecek/venv/lib/python3.9/site-packages/airflow/example_dags/example_bash_operator.py took 0.126 seconds
[2023-03-12T07:50:59.071+0000] {processor.py:153} INFO - Started process (PID=2939) to work on /home/melicharovykrecek/venv/lib/python3.9/site-packages/airflow/example_dags/example_bash_operator.py
[2023-03-12T07:50:59.073+0000] {processor.py:743} INFO - Processing file /home/melicharovykrecek/venv/lib/python3.9/site-packages/airflow/example_dags/example_bash_operator.py for tasks to queue
[2023-03-12T07:50:59.074+0000] {logging_mixin.py:137} INFO - [2023-03-12T07:50:59.073+0000] {dagbag.py:538} INFO - Filling up the DagBag from /home/melicharovykrecek/venv/lib/python3.9/site-packages/airflow/example_dags/example_bash_operator.py
[2023-03-12T07:50:59.102+0000] {processor.py:753} INFO - DAG(s) dict_keys(['example_bash_operator']) retrieved from /home/melicharovykrecek/venv/lib/python3.9/site-packages/airflow/example_dags/example_bash_operator.py
[2023-03-12T07:50:59.143+0000] {logging_mixin.py:137} INFO - [2023-03-12T07:50:59.143+0000] {dag.py:2690} INFO - Sync 1 DAGs
[2023-03-12T07:50:59.172+0000] {logging_mixin.py:137} INFO - [2023-03-12T07:50:59.172+0000] {dag.py:3437} INFO - Setting next_dagrun for example_bash_operator to 2023-03-11T00:00:00+00:00, run_after=2023-03-12T00:00:00+00:00
[2023-03-12T07:50:59.202+0000] {processor.py:175} INFO - Processing /home/melicharovykrecek/venv/lib/python3.9/site-packages/airflow/example_dags/example_bash_operator.py took 0.136 seconds
[2023-03-12T07:51:50.136+0000] {processor.py:153} INFO - Started process (PID=2989) to work on /home/melicharovykrecek/venv/lib/python3.9/site-packages/airflow/example_dags/example_bash_operator.py
[2023-03-12T07:51:50.138+0000] {processor.py:743} INFO - Processing file /home/melicharovykrecek/venv/lib/python3.9/site-packages/airflow/example_dags/example_bash_operator.py for tasks to queue
[2023-03-12T07:51:50.139+0000] {logging_mixin.py:137} INFO - [2023-03-12T07:51:50.139+0000] {dagbag.py:538} INFO - Filling up the DagBag from /home/melicharovykrecek/venv/lib/python3.9/site-packages/airflow/example_dags/example_bash_operator.py
[2023-03-12T07:51:50.167+0000] {processor.py:753} INFO - DAG(s) dict_keys(['example_bash_operator']) retrieved from /home/melicharovykrecek/venv/lib/python3.9/site-packages/airflow/example_dags/example_bash_operator.py
[2023-03-12T07:51:50.204+0000] {logging_mixin.py:137} INFO - [2023-03-12T07:51:50.203+0000] {dag.py:2690} INFO - Sync 1 DAGs
[2023-03-12T07:51:50.229+0000] {logging_mixin.py:137} INFO - [2023-03-12T07:51:50.228+0000] {dag.py:3437} INFO - Setting next_dagrun for example_bash_operator to 2023-03-11T00:00:00+00:00, run_after=2023-03-12T00:00:00+00:00
[2023-03-12T07:51:50.259+0000] {processor.py:175} INFO - Processing /home/melicharovykrecek/venv/lib/python3.9/site-packages/airflow/example_dags/example_bash_operator.py took 0.128 seconds
[2023-03-12T07:52:36.178+0000] {processor.py:153} INFO - Started process (PID=3035) to work on /home/melicharovykrecek/venv/lib/python3.9/site-packages/airflow/example_dags/example_bash_operator.py
[2023-03-12T07:52:36.180+0000] {processor.py:743} INFO - Processing file /home/melicharovykrecek/venv/lib/python3.9/site-packages/airflow/example_dags/example_bash_operator.py for tasks to queue
[2023-03-12T07:52:36.181+0000] {logging_mixin.py:137} INFO - [2023-03-12T07:52:36.181+0000] {dagbag.py:538} INFO - Filling up the DagBag from /home/melicharovykrecek/venv/lib/python3.9/site-packages/airflow/example_dags/example_bash_operator.py
[2023-03-12T07:52:36.210+0000] {processor.py:753} INFO - DAG(s) dict_keys(['example_bash_operator']) retrieved from /home/melicharovykrecek/venv/lib/python3.9/site-packages/airflow/example_dags/example_bash_operator.py
[2023-03-12T07:52:36.245+0000] {logging_mixin.py:137} INFO - [2023-03-12T07:52:36.245+0000] {dag.py:2690} INFO - Sync 1 DAGs
[2023-03-12T07:52:36.273+0000] {logging_mixin.py:137} INFO - [2023-03-12T07:52:36.273+0000] {dag.py:3437} INFO - Setting next_dagrun for example_bash_operator to 2023-03-11T00:00:00+00:00, run_after=2023-03-12T00:00:00+00:00
[2023-03-12T07:52:36.306+0000] {processor.py:175} INFO - Processing /home/melicharovykrecek/venv/lib/python3.9/site-packages/airflow/example_dags/example_bash_operator.py took 0.133 seconds
[2023-03-12T07:53:18.752+0000] {processor.py:153} INFO - Started process (PID=3077) to work on /home/melicharovykrecek/venv/lib/python3.9/site-packages/airflow/example_dags/example_bash_operator.py
[2023-03-12T07:53:18.754+0000] {processor.py:743} INFO - Processing file /home/melicharovykrecek/venv/lib/python3.9/site-packages/airflow/example_dags/example_bash_operator.py for tasks to queue
[2023-03-12T07:53:18.754+0000] {logging_mixin.py:137} INFO - [2023-03-12T07:53:18.754+0000] {dagbag.py:538} INFO - Filling up the DagBag from /home/melicharovykrecek/venv/lib/python3.9/site-packages/airflow/example_dags/example_bash_operator.py
[2023-03-12T07:53:18.783+0000] {processor.py:753} INFO - DAG(s) dict_keys(['example_bash_operator']) retrieved from /home/melicharovykrecek/venv/lib/python3.9/site-packages/airflow/example_dags/example_bash_operator.py
[2023-03-12T07:53:18.819+0000] {logging_mixin.py:137} INFO - [2023-03-12T07:53:18.819+0000] {dag.py:2690} INFO - Sync 1 DAGs
[2023-03-12T07:53:18.847+0000] {logging_mixin.py:137} INFO - [2023-03-12T07:53:18.847+0000] {dag.py:3437} INFO - Setting next_dagrun for example_bash_operator to 2023-03-11T00:00:00+00:00, run_after=2023-03-12T00:00:00+00:00
[2023-03-12T07:53:18.877+0000] {processor.py:175} INFO - Processing /home/melicharovykrecek/venv/lib/python3.9/site-packages/airflow/example_dags/example_bash_operator.py took 0.131 seconds
[2023-03-12T07:54:03.953+0000] {processor.py:153} INFO - Started process (PID=3120) to work on /home/melicharovykrecek/venv/lib/python3.9/site-packages/airflow/example_dags/example_bash_operator.py
[2023-03-12T07:54:03.955+0000] {processor.py:743} INFO - Processing file /home/melicharovykrecek/venv/lib/python3.9/site-packages/airflow/example_dags/example_bash_operator.py for tasks to queue
[2023-03-12T07:54:03.956+0000] {logging_mixin.py:137} INFO - [2023-03-12T07:54:03.956+0000] {dagbag.py:538} INFO - Filling up the DagBag from /home/melicharovykrecek/venv/lib/python3.9/site-packages/airflow/example_dags/example_bash_operator.py
[2023-03-12T07:54:03.985+0000] {processor.py:753} INFO - DAG(s) dict_keys(['example_bash_operator']) retrieved from /home/melicharovykrecek/venv/lib/python3.9/site-packages/airflow/example_dags/example_bash_operator.py
[2023-03-12T07:54:04.024+0000] {logging_mixin.py:137} INFO - [2023-03-12T07:54:04.024+0000] {dag.py:2690} INFO - Sync 1 DAGs
[2023-03-12T07:54:04.050+0000] {logging_mixin.py:137} INFO - [2023-03-12T07:54:04.049+0000] {dag.py:3437} INFO - Setting next_dagrun for example_bash_operator to 2023-03-11T00:00:00+00:00, run_after=2023-03-12T00:00:00+00:00
[2023-03-12T07:54:04.077+0000] {processor.py:175} INFO - Processing /home/melicharovykrecek/venv/lib/python3.9/site-packages/airflow/example_dags/example_bash_operator.py took 0.129 seconds
[2023-03-12T07:54:51.253+0000] {processor.py:153} INFO - Started process (PID=3166) to work on /home/melicharovykrecek/venv/lib/python3.9/site-packages/airflow/example_dags/example_bash_operator.py
[2023-03-12T07:54:51.255+0000] {processor.py:743} INFO - Processing file /home/melicharovykrecek/venv/lib/python3.9/site-packages/airflow/example_dags/example_bash_operator.py for tasks to queue
[2023-03-12T07:54:51.257+0000] {logging_mixin.py:137} INFO - [2023-03-12T07:54:51.257+0000] {dagbag.py:538} INFO - Filling up the DagBag from /home/melicharovykrecek/venv/lib/python3.9/site-packages/airflow/example_dags/example_bash_operator.py
[2023-03-12T07:54:51.284+0000] {processor.py:753} INFO - DAG(s) dict_keys(['example_bash_operator']) retrieved from /home/melicharovykrecek/venv/lib/python3.9/site-packages/airflow/example_dags/example_bash_operator.py
[2023-03-12T07:54:51.322+0000] {logging_mixin.py:137} INFO - [2023-03-12T07:54:51.322+0000] {dag.py:2690} INFO - Sync 1 DAGs
[2023-03-12T07:54:51.348+0000] {logging_mixin.py:137} INFO - [2023-03-12T07:54:51.348+0000] {dag.py:3437} INFO - Setting next_dagrun for example_bash_operator to 2023-03-11T00:00:00+00:00, run_after=2023-03-12T00:00:00+00:00
[2023-03-12T07:54:51.373+0000] {processor.py:175} INFO - Processing /home/melicharovykrecek/venv/lib/python3.9/site-packages/airflow/example_dags/example_bash_operator.py took 0.125 seconds
[2023-03-12T07:55:35.622+0000] {processor.py:153} INFO - Started process (PID=3209) to work on /home/melicharovykrecek/venv/lib/python3.9/site-packages/airflow/example_dags/example_bash_operator.py
[2023-03-12T07:55:35.624+0000] {processor.py:743} INFO - Processing file /home/melicharovykrecek/venv/lib/python3.9/site-packages/airflow/example_dags/example_bash_operator.py for tasks to queue
[2023-03-12T07:55:35.625+0000] {logging_mixin.py:137} INFO - [2023-03-12T07:55:35.624+0000] {dagbag.py:538} INFO - Filling up the DagBag from /home/melicharovykrecek/venv/lib/python3.9/site-packages/airflow/example_dags/example_bash_operator.py
[2023-03-12T07:55:35.652+0000] {processor.py:753} INFO - DAG(s) dict_keys(['example_bash_operator']) retrieved from /home/melicharovykrecek/venv/lib/python3.9/site-packages/airflow/example_dags/example_bash_operator.py
[2023-03-12T07:55:35.688+0000] {logging_mixin.py:137} INFO - [2023-03-12T07:55:35.687+0000] {dag.py:2690} INFO - Sync 1 DAGs
[2023-03-12T07:55:35.714+0000] {logging_mixin.py:137} INFO - [2023-03-12T07:55:35.714+0000] {dag.py:3437} INFO - Setting next_dagrun for example_bash_operator to 2023-03-11T00:00:00+00:00, run_after=2023-03-12T00:00:00+00:00
[2023-03-12T07:55:35.744+0000] {processor.py:175} INFO - Processing /home/melicharovykrecek/venv/lib/python3.9/site-packages/airflow/example_dags/example_bash_operator.py took 0.127 seconds
[2023-03-12T07:56:21.051+0000] {processor.py:153} INFO - Started process (PID=3256) to work on /home/melicharovykrecek/venv/lib/python3.9/site-packages/airflow/example_dags/example_bash_operator.py
[2023-03-12T07:56:21.053+0000] {processor.py:743} INFO - Processing file /home/melicharovykrecek/venv/lib/python3.9/site-packages/airflow/example_dags/example_bash_operator.py for tasks to queue
[2023-03-12T07:56:21.054+0000] {logging_mixin.py:137} INFO - [2023-03-12T07:56:21.053+0000] {dagbag.py:538} INFO - Filling up the DagBag from /home/melicharovykrecek/venv/lib/python3.9/site-packages/airflow/example_dags/example_bash_operator.py
[2023-03-12T07:56:21.081+0000] {processor.py:753} INFO - DAG(s) dict_keys(['example_bash_operator']) retrieved from /home/melicharovykrecek/venv/lib/python3.9/site-packages/airflow/example_dags/example_bash_operator.py
[2023-03-12T07:56:21.117+0000] {logging_mixin.py:137} INFO - [2023-03-12T07:56:21.116+0000] {dag.py:2690} INFO - Sync 1 DAGs
[2023-03-12T07:56:21.143+0000] {logging_mixin.py:137} INFO - [2023-03-12T07:56:21.143+0000] {dag.py:3437} INFO - Setting next_dagrun for example_bash_operator to 2023-03-11T00:00:00+00:00, run_after=2023-03-12T00:00:00+00:00
[2023-03-12T07:56:21.174+0000] {processor.py:175} INFO - Processing /home/melicharovykrecek/venv/lib/python3.9/site-packages/airflow/example_dags/example_bash_operator.py took 0.128 seconds
[2023-03-12T07:57:06.785+0000] {processor.py:153} INFO - Started process (PID=3300) to work on /home/melicharovykrecek/venv/lib/python3.9/site-packages/airflow/example_dags/example_bash_operator.py
[2023-03-12T07:57:06.787+0000] {processor.py:743} INFO - Processing file /home/melicharovykrecek/venv/lib/python3.9/site-packages/airflow/example_dags/example_bash_operator.py for tasks to queue
[2023-03-12T07:57:06.788+0000] {logging_mixin.py:137} INFO - [2023-03-12T07:57:06.788+0000] {dagbag.py:538} INFO - Filling up the DagBag from /home/melicharovykrecek/venv/lib/python3.9/site-packages/airflow/example_dags/example_bash_operator.py
[2023-03-12T07:57:06.816+0000] {processor.py:753} INFO - DAG(s) dict_keys(['example_bash_operator']) retrieved from /home/melicharovykrecek/venv/lib/python3.9/site-packages/airflow/example_dags/example_bash_operator.py
[2023-03-12T07:57:06.854+0000] {logging_mixin.py:137} INFO - [2023-03-12T07:57:06.853+0000] {dag.py:2690} INFO - Sync 1 DAGs
[2023-03-12T07:57:06.883+0000] {logging_mixin.py:137} INFO - [2023-03-12T07:57:06.882+0000] {dag.py:3437} INFO - Setting next_dagrun for example_bash_operator to 2023-03-11T00:00:00+00:00, run_after=2023-03-12T00:00:00+00:00
[2023-03-12T07:57:06.912+0000] {processor.py:175} INFO - Processing /home/melicharovykrecek/venv/lib/python3.9/site-packages/airflow/example_dags/example_bash_operator.py took 0.131 seconds
[2023-03-12T07:57:52.521+0000] {processor.py:153} INFO - Started process (PID=3344) to work on /home/melicharovykrecek/venv/lib/python3.9/site-packages/airflow/example_dags/example_bash_operator.py
[2023-03-12T07:57:52.523+0000] {processor.py:743} INFO - Processing file /home/melicharovykrecek/venv/lib/python3.9/site-packages/airflow/example_dags/example_bash_operator.py for tasks to queue
[2023-03-12T07:57:52.524+0000] {logging_mixin.py:137} INFO - [2023-03-12T07:57:52.524+0000] {dagbag.py:538} INFO - Filling up the DagBag from /home/melicharovykrecek/venv/lib/python3.9/site-packages/airflow/example_dags/example_bash_operator.py
[2023-03-12T07:57:52.553+0000] {processor.py:753} INFO - DAG(s) dict_keys(['example_bash_operator']) retrieved from /home/melicharovykrecek/venv/lib/python3.9/site-packages/airflow/example_dags/example_bash_operator.py
[2023-03-12T07:57:52.591+0000] {logging_mixin.py:137} INFO - [2023-03-12T07:57:52.591+0000] {dag.py:2690} INFO - Sync 1 DAGs
[2023-03-12T07:57:52.617+0000] {logging_mixin.py:137} INFO - [2023-03-12T07:57:52.616+0000] {dag.py:3437} INFO - Setting next_dagrun for example_bash_operator to 2023-03-11T00:00:00+00:00, run_after=2023-03-12T00:00:00+00:00
[2023-03-12T07:57:52.643+0000] {processor.py:175} INFO - Processing /home/melicharovykrecek/venv/lib/python3.9/site-packages/airflow/example_dags/example_bash_operator.py took 0.127 seconds
[2023-03-12T07:58:42.984+0000] {processor.py:153} INFO - Started process (PID=3393) to work on /home/melicharovykrecek/venv/lib/python3.9/site-packages/airflow/example_dags/example_bash_operator.py
[2023-03-12T07:58:42.986+0000] {processor.py:743} INFO - Processing file /home/melicharovykrecek/venv/lib/python3.9/site-packages/airflow/example_dags/example_bash_operator.py for tasks to queue
[2023-03-12T07:58:42.987+0000] {logging_mixin.py:137} INFO - [2023-03-12T07:58:42.987+0000] {dagbag.py:538} INFO - Filling up the DagBag from /home/melicharovykrecek/venv/lib/python3.9/site-packages/airflow/example_dags/example_bash_operator.py
[2023-03-12T07:58:43.015+0000] {processor.py:753} INFO - DAG(s) dict_keys(['example_bash_operator']) retrieved from /home/melicharovykrecek/venv/lib/python3.9/site-packages/airflow/example_dags/example_bash_operator.py
[2023-03-12T07:58:43.051+0000] {logging_mixin.py:137} INFO - [2023-03-12T07:58:43.051+0000] {dag.py:2690} INFO - Sync 1 DAGs
[2023-03-12T07:58:43.079+0000] {logging_mixin.py:137} INFO - [2023-03-12T07:58:43.079+0000] {dag.py:3437} INFO - Setting next_dagrun for example_bash_operator to 2023-03-11T00:00:00+00:00, run_after=2023-03-12T00:00:00+00:00
[2023-03-12T07:58:43.107+0000] {processor.py:175} INFO - Processing /home/melicharovykrecek/venv/lib/python3.9/site-packages/airflow/example_dags/example_bash_operator.py took 0.128 seconds
[2023-03-12T07:59:27.472+0000] {processor.py:153} INFO - Started process (PID=3437) to work on /home/melicharovykrecek/venv/lib/python3.9/site-packages/airflow/example_dags/example_bash_operator.py
[2023-03-12T07:59:27.474+0000] {processor.py:743} INFO - Processing file /home/melicharovykrecek/venv/lib/python3.9/site-packages/airflow/example_dags/example_bash_operator.py for tasks to queue
[2023-03-12T07:59:27.475+0000] {logging_mixin.py:137} INFO - [2023-03-12T07:59:27.475+0000] {dagbag.py:538} INFO - Filling up the DagBag from /home/melicharovykrecek/venv/lib/python3.9/site-packages/airflow/example_dags/example_bash_operator.py
[2023-03-12T07:59:27.503+0000] {processor.py:753} INFO - DAG(s) dict_keys(['example_bash_operator']) retrieved from /home/melicharovykrecek/venv/lib/python3.9/site-packages/airflow/example_dags/example_bash_operator.py
[2023-03-12T07:59:27.538+0000] {logging_mixin.py:137} INFO - [2023-03-12T07:59:27.538+0000] {dag.py:2690} INFO - Sync 1 DAGs
[2023-03-12T07:59:27.564+0000] {logging_mixin.py:137} INFO - [2023-03-12T07:59:27.564+0000] {dag.py:3437} INFO - Setting next_dagrun for example_bash_operator to 2023-03-11T00:00:00+00:00, run_after=2023-03-12T00:00:00+00:00
[2023-03-12T07:59:27.593+0000] {processor.py:175} INFO - Processing /home/melicharovykrecek/venv/lib/python3.9/site-packages/airflow/example_dags/example_bash_operator.py took 0.126 seconds
[2023-03-12T08:00:14.961+0000] {processor.py:153} INFO - Started process (PID=3508) to work on /home/melicharovykrecek/venv/lib/python3.9/site-packages/airflow/example_dags/example_bash_operator.py
[2023-03-12T08:00:14.963+0000] {processor.py:743} INFO - Processing file /home/melicharovykrecek/venv/lib/python3.9/site-packages/airflow/example_dags/example_bash_operator.py for tasks to queue
[2023-03-12T08:00:14.964+0000] {logging_mixin.py:137} INFO - [2023-03-12T08:00:14.964+0000] {dagbag.py:538} INFO - Filling up the DagBag from /home/melicharovykrecek/venv/lib/python3.9/site-packages/airflow/example_dags/example_bash_operator.py
[2023-03-12T08:00:14.996+0000] {processor.py:753} INFO - DAG(s) dict_keys(['example_bash_operator']) retrieved from /home/melicharovykrecek/venv/lib/python3.9/site-packages/airflow/example_dags/example_bash_operator.py
[2023-03-12T08:00:15.034+0000] {logging_mixin.py:137} INFO - [2023-03-12T08:00:15.033+0000] {dag.py:2690} INFO - Sync 1 DAGs
[2023-03-12T08:00:15.064+0000] {logging_mixin.py:137} INFO - [2023-03-12T08:00:15.064+0000] {dag.py:3437} INFO - Setting next_dagrun for example_bash_operator to 2023-03-11T00:00:00+00:00, run_after=2023-03-12T00:00:00+00:00
[2023-03-12T08:00:15.094+0000] {processor.py:175} INFO - Processing /home/melicharovykrecek/venv/lib/python3.9/site-packages/airflow/example_dags/example_bash_operator.py took 0.137 seconds
[2023-03-12T08:01:04.103+0000] {processor.py:153} INFO - Started process (PID=3562) to work on /home/melicharovykrecek/venv/lib/python3.9/site-packages/airflow/example_dags/example_bash_operator.py
[2023-03-12T08:01:04.105+0000] {processor.py:743} INFO - Processing file /home/melicharovykrecek/venv/lib/python3.9/site-packages/airflow/example_dags/example_bash_operator.py for tasks to queue
[2023-03-12T08:01:04.106+0000] {logging_mixin.py:137} INFO - [2023-03-12T08:01:04.106+0000] {dagbag.py:538} INFO - Filling up the DagBag from /home/melicharovykrecek/venv/lib/python3.9/site-packages/airflow/example_dags/example_bash_operator.py
[2023-03-12T08:01:04.134+0000] {processor.py:753} INFO - DAG(s) dict_keys(['example_bash_operator']) retrieved from /home/melicharovykrecek/venv/lib/python3.9/site-packages/airflow/example_dags/example_bash_operator.py
[2023-03-12T08:01:04.171+0000] {logging_mixin.py:137} INFO - [2023-03-12T08:01:04.171+0000] {dag.py:2690} INFO - Sync 1 DAGs
[2023-03-12T08:01:04.197+0000] {logging_mixin.py:137} INFO - [2023-03-12T08:01:04.197+0000] {dag.py:3437} INFO - Setting next_dagrun for example_bash_operator to 2023-03-11T00:00:00+00:00, run_after=2023-03-12T00:00:00+00:00
[2023-03-12T08:01:04.226+0000] {processor.py:175} INFO - Processing /home/melicharovykrecek/venv/lib/python3.9/site-packages/airflow/example_dags/example_bash_operator.py took 0.128 seconds
[2023-03-12T08:01:51.428+0000] {processor.py:153} INFO - Started process (PID=3608) to work on /home/melicharovykrecek/venv/lib/python3.9/site-packages/airflow/example_dags/example_bash_operator.py
[2023-03-12T08:01:51.430+0000] {processor.py:743} INFO - Processing file /home/melicharovykrecek/venv/lib/python3.9/site-packages/airflow/example_dags/example_bash_operator.py for tasks to queue
[2023-03-12T08:01:51.431+0000] {logging_mixin.py:137} INFO - [2023-03-12T08:01:51.430+0000] {dagbag.py:538} INFO - Filling up the DagBag from /home/melicharovykrecek/venv/lib/python3.9/site-packages/airflow/example_dags/example_bash_operator.py
[2023-03-12T08:01:51.460+0000] {processor.py:753} INFO - DAG(s) dict_keys(['example_bash_operator']) retrieved from /home/melicharovykrecek/venv/lib/python3.9/site-packages/airflow/example_dags/example_bash_operator.py
[2023-03-12T08:01:51.498+0000] {logging_mixin.py:137} INFO - [2023-03-12T08:01:51.498+0000] {dag.py:2690} INFO - Sync 1 DAGs
[2023-03-12T08:01:51.524+0000] {logging_mixin.py:137} INFO - [2023-03-12T08:01:51.524+0000] {dag.py:3437} INFO - Setting next_dagrun for example_bash_operator to 2023-03-11T00:00:00+00:00, run_after=2023-03-12T00:00:00+00:00
[2023-03-12T08:01:51.554+0000] {processor.py:175} INFO - Processing /home/melicharovykrecek/venv/lib/python3.9/site-packages/airflow/example_dags/example_bash_operator.py took 0.130 seconds
[2023-03-12T08:02:39.295+0000] {processor.py:153} INFO - Started process (PID=3655) to work on /home/melicharovykrecek/venv/lib/python3.9/site-packages/airflow/example_dags/example_bash_operator.py
[2023-03-12T08:02:39.297+0000] {processor.py:743} INFO - Processing file /home/melicharovykrecek/venv/lib/python3.9/site-packages/airflow/example_dags/example_bash_operator.py for tasks to queue
[2023-03-12T08:02:39.298+0000] {logging_mixin.py:137} INFO - [2023-03-12T08:02:39.298+0000] {dagbag.py:538} INFO - Filling up the DagBag from /home/melicharovykrecek/venv/lib/python3.9/site-packages/airflow/example_dags/example_bash_operator.py
[2023-03-12T08:02:39.327+0000] {processor.py:753} INFO - DAG(s) dict_keys(['example_bash_operator']) retrieved from /home/melicharovykrecek/venv/lib/python3.9/site-packages/airflow/example_dags/example_bash_operator.py
[2023-03-12T08:02:39.364+0000] {logging_mixin.py:137} INFO - [2023-03-12T08:02:39.364+0000] {dag.py:2690} INFO - Sync 1 DAGs
[2023-03-12T08:02:39.390+0000] {logging_mixin.py:137} INFO - [2023-03-12T08:02:39.390+0000] {dag.py:3437} INFO - Setting next_dagrun for example_bash_operator to 2023-03-11T00:00:00+00:00, run_after=2023-03-12T00:00:00+00:00
[2023-03-12T08:02:39.421+0000] {processor.py:175} INFO - Processing /home/melicharovykrecek/venv/lib/python3.9/site-packages/airflow/example_dags/example_bash_operator.py took 0.131 seconds
[2023-03-12T08:03:26.212+0000] {processor.py:153} INFO - Started process (PID=3700) to work on /home/melicharovykrecek/venv/lib/python3.9/site-packages/airflow/example_dags/example_bash_operator.py
[2023-03-12T08:03:26.214+0000] {processor.py:743} INFO - Processing file /home/melicharovykrecek/venv/lib/python3.9/site-packages/airflow/example_dags/example_bash_operator.py for tasks to queue
[2023-03-12T08:03:26.215+0000] {logging_mixin.py:137} INFO - [2023-03-12T08:03:26.215+0000] {dagbag.py:538} INFO - Filling up the DagBag from /home/melicharovykrecek/venv/lib/python3.9/site-packages/airflow/example_dags/example_bash_operator.py
[2023-03-12T08:03:26.242+0000] {processor.py:753} INFO - DAG(s) dict_keys(['example_bash_operator']) retrieved from /home/melicharovykrecek/venv/lib/python3.9/site-packages/airflow/example_dags/example_bash_operator.py
[2023-03-12T08:03:26.279+0000] {logging_mixin.py:137} INFO - [2023-03-12T08:03:26.278+0000] {dag.py:2690} INFO - Sync 1 DAGs
[2023-03-12T08:03:26.307+0000] {logging_mixin.py:137} INFO - [2023-03-12T08:03:26.307+0000] {dag.py:3437} INFO - Setting next_dagrun for example_bash_operator to 2023-03-11T00:00:00+00:00, run_after=2023-03-12T00:00:00+00:00
[2023-03-12T08:03:26.335+0000] {processor.py:175} INFO - Processing /home/melicharovykrecek/venv/lib/python3.9/site-packages/airflow/example_dags/example_bash_operator.py took 0.128 seconds
[2023-03-12T08:04:10.487+0000] {processor.py:153} INFO - Started process (PID=3744) to work on /home/melicharovykrecek/venv/lib/python3.9/site-packages/airflow/example_dags/example_bash_operator.py
[2023-03-12T08:04:10.489+0000] {processor.py:743} INFO - Processing file /home/melicharovykrecek/venv/lib/python3.9/site-packages/airflow/example_dags/example_bash_operator.py for tasks to queue
[2023-03-12T08:04:10.490+0000] {logging_mixin.py:137} INFO - [2023-03-12T08:04:10.490+0000] {dagbag.py:538} INFO - Filling up the DagBag from /home/melicharovykrecek/venv/lib/python3.9/site-packages/airflow/example_dags/example_bash_operator.py
[2023-03-12T08:04:10.518+0000] {processor.py:753} INFO - DAG(s) dict_keys(['example_bash_operator']) retrieved from /home/melicharovykrecek/venv/lib/python3.9/site-packages/airflow/example_dags/example_bash_operator.py
[2023-03-12T08:04:10.554+0000] {logging_mixin.py:137} INFO - [2023-03-12T08:04:10.554+0000] {dag.py:2690} INFO - Sync 1 DAGs
[2023-03-12T08:04:10.581+0000] {logging_mixin.py:137} INFO - [2023-03-12T08:04:10.581+0000] {dag.py:3437} INFO - Setting next_dagrun for example_bash_operator to 2023-03-11T00:00:00+00:00, run_after=2023-03-12T00:00:00+00:00
[2023-03-12T08:04:10.607+0000] {processor.py:175} INFO - Processing /home/melicharovykrecek/venv/lib/python3.9/site-packages/airflow/example_dags/example_bash_operator.py took 0.125 seconds
[2023-03-12T08:04:57.811+0000] {processor.py:153} INFO - Started process (PID=3789) to work on /home/melicharovykrecek/venv/lib/python3.9/site-packages/airflow/example_dags/example_bash_operator.py
[2023-03-12T08:04:57.813+0000] {processor.py:743} INFO - Processing file /home/melicharovykrecek/venv/lib/python3.9/site-packages/airflow/example_dags/example_bash_operator.py for tasks to queue
[2023-03-12T08:04:57.814+0000] {logging_mixin.py:137} INFO - [2023-03-12T08:04:57.814+0000] {dagbag.py:538} INFO - Filling up the DagBag from /home/melicharovykrecek/venv/lib/python3.9/site-packages/airflow/example_dags/example_bash_operator.py
[2023-03-12T08:04:57.843+0000] {processor.py:753} INFO - DAG(s) dict_keys(['example_bash_operator']) retrieved from /home/melicharovykrecek/venv/lib/python3.9/site-packages/airflow/example_dags/example_bash_operator.py
[2023-03-12T08:04:57.881+0000] {logging_mixin.py:137} INFO - [2023-03-12T08:04:57.881+0000] {dag.py:2690} INFO - Sync 1 DAGs
[2023-03-12T08:04:57.908+0000] {logging_mixin.py:137} INFO - [2023-03-12T08:04:57.908+0000] {dag.py:3437} INFO - Setting next_dagrun for example_bash_operator to 2023-03-11T00:00:00+00:00, run_after=2023-03-12T00:00:00+00:00
[2023-03-12T08:04:57.937+0000] {processor.py:175} INFO - Processing /home/melicharovykrecek/venv/lib/python3.9/site-packages/airflow/example_dags/example_bash_operator.py took 0.132 seconds
[2023-03-12T08:05:45.327+0000] {processor.py:153} INFO - Started process (PID=3836) to work on /home/melicharovykrecek/venv/lib/python3.9/site-packages/airflow/example_dags/example_bash_operator.py
[2023-03-12T08:05:45.329+0000] {processor.py:743} INFO - Processing file /home/melicharovykrecek/venv/lib/python3.9/site-packages/airflow/example_dags/example_bash_operator.py for tasks to queue
[2023-03-12T08:05:45.330+0000] {logging_mixin.py:137} INFO - [2023-03-12T08:05:45.330+0000] {dagbag.py:538} INFO - Filling up the DagBag from /home/melicharovykrecek/venv/lib/python3.9/site-packages/airflow/example_dags/example_bash_operator.py
[2023-03-12T08:05:45.359+0000] {processor.py:753} INFO - DAG(s) dict_keys(['example_bash_operator']) retrieved from /home/melicharovykrecek/venv/lib/python3.9/site-packages/airflow/example_dags/example_bash_operator.py
[2023-03-12T08:05:45.395+0000] {logging_mixin.py:137} INFO - [2023-03-12T08:05:45.394+0000] {dag.py:2690} INFO - Sync 1 DAGs
[2023-03-12T08:05:45.420+0000] {logging_mixin.py:137} INFO - [2023-03-12T08:05:45.420+0000] {dag.py:3437} INFO - Setting next_dagrun for example_bash_operator to 2023-03-11T00:00:00+00:00, run_after=2023-03-12T00:00:00+00:00
[2023-03-12T08:05:45.449+0000] {processor.py:175} INFO - Processing /home/melicharovykrecek/venv/lib/python3.9/site-packages/airflow/example_dags/example_bash_operator.py took 0.126 seconds
[2023-03-12T08:06:36.444+0000] {processor.py:153} INFO - Started process (PID=3886) to work on /home/melicharovykrecek/venv/lib/python3.9/site-packages/airflow/example_dags/example_bash_operator.py
[2023-03-12T08:06:36.446+0000] {processor.py:743} INFO - Processing file /home/melicharovykrecek/venv/lib/python3.9/site-packages/airflow/example_dags/example_bash_operator.py for tasks to queue
[2023-03-12T08:06:36.447+0000] {logging_mixin.py:137} INFO - [2023-03-12T08:06:36.447+0000] {dagbag.py:538} INFO - Filling up the DagBag from /home/melicharovykrecek/venv/lib/python3.9/site-packages/airflow/example_dags/example_bash_operator.py
[2023-03-12T08:06:36.475+0000] {processor.py:753} INFO - DAG(s) dict_keys(['example_bash_operator']) retrieved from /home/melicharovykrecek/venv/lib/python3.9/site-packages/airflow/example_dags/example_bash_operator.py
[2023-03-12T08:06:36.512+0000] {logging_mixin.py:137} INFO - [2023-03-12T08:06:36.511+0000] {dag.py:2690} INFO - Sync 1 DAGs
[2023-03-12T08:06:36.539+0000] {logging_mixin.py:137} INFO - [2023-03-12T08:06:36.539+0000] {dag.py:3437} INFO - Setting next_dagrun for example_bash_operator to 2023-03-11T00:00:00+00:00, run_after=2023-03-12T00:00:00+00:00
[2023-03-12T08:06:36.567+0000] {processor.py:175} INFO - Processing /home/melicharovykrecek/venv/lib/python3.9/site-packages/airflow/example_dags/example_bash_operator.py took 0.127 seconds
[2023-03-12T08:07:27.403+0000] {processor.py:153} INFO - Started process (PID=3934) to work on /home/melicharovykrecek/venv/lib/python3.9/site-packages/airflow/example_dags/example_bash_operator.py
[2023-03-12T08:07:27.405+0000] {processor.py:743} INFO - Processing file /home/melicharovykrecek/venv/lib/python3.9/site-packages/airflow/example_dags/example_bash_operator.py for tasks to queue
[2023-03-12T08:07:27.406+0000] {logging_mixin.py:137} INFO - [2023-03-12T08:07:27.406+0000] {dagbag.py:538} INFO - Filling up the DagBag from /home/melicharovykrecek/venv/lib/python3.9/site-packages/airflow/example_dags/example_bash_operator.py
[2023-03-12T08:07:27.434+0000] {processor.py:753} INFO - DAG(s) dict_keys(['example_bash_operator']) retrieved from /home/melicharovykrecek/venv/lib/python3.9/site-packages/airflow/example_dags/example_bash_operator.py
[2023-03-12T08:07:27.470+0000] {logging_mixin.py:137} INFO - [2023-03-12T08:07:27.470+0000] {dag.py:2690} INFO - Sync 1 DAGs
[2023-03-12T08:07:27.497+0000] {logging_mixin.py:137} INFO - [2023-03-12T08:07:27.497+0000] {dag.py:3437} INFO - Setting next_dagrun for example_bash_operator to 2023-03-11T00:00:00+00:00, run_after=2023-03-12T00:00:00+00:00
[2023-03-12T08:07:27.523+0000] {processor.py:175} INFO - Processing /home/melicharovykrecek/venv/lib/python3.9/site-packages/airflow/example_dags/example_bash_operator.py took 0.126 seconds
[2023-03-12T08:08:10.642+0000] {processor.py:153} INFO - Started process (PID=4006) to work on /home/melicharovykrecek/venv/lib/python3.9/site-packages/airflow/example_dags/example_bash_operator.py
[2023-03-12T08:08:10.644+0000] {processor.py:743} INFO - Processing file /home/melicharovykrecek/venv/lib/python3.9/site-packages/airflow/example_dags/example_bash_operator.py for tasks to queue
[2023-03-12T08:08:10.644+0000] {logging_mixin.py:137} INFO - [2023-03-12T08:08:10.644+0000] {dagbag.py:538} INFO - Filling up the DagBag from /home/melicharovykrecek/venv/lib/python3.9/site-packages/airflow/example_dags/example_bash_operator.py
[2023-03-12T08:08:10.671+0000] {processor.py:753} INFO - DAG(s) dict_keys(['example_bash_operator']) retrieved from /home/melicharovykrecek/venv/lib/python3.9/site-packages/airflow/example_dags/example_bash_operator.py
[2023-03-12T08:08:10.710+0000] {logging_mixin.py:137} INFO - [2023-03-12T08:08:10.710+0000] {dag.py:2690} INFO - Sync 1 DAGs
[2023-03-12T08:08:10.737+0000] {logging_mixin.py:137} INFO - [2023-03-12T08:08:10.737+0000] {dag.py:3437} INFO - Setting next_dagrun for example_bash_operator to 2023-03-11T00:00:00+00:00, run_after=2023-03-12T00:00:00+00:00
[2023-03-12T08:08:10.765+0000] {processor.py:175} INFO - Processing /home/melicharovykrecek/venv/lib/python3.9/site-packages/airflow/example_dags/example_bash_operator.py took 0.128 seconds
[2023-03-12T08:08:59.229+0000] {processor.py:153} INFO - Started process (PID=4072) to work on /home/melicharovykrecek/venv/lib/python3.9/site-packages/airflow/example_dags/example_bash_operator.py
[2023-03-12T08:08:59.232+0000] {processor.py:743} INFO - Processing file /home/melicharovykrecek/venv/lib/python3.9/site-packages/airflow/example_dags/example_bash_operator.py for tasks to queue
[2023-03-12T08:08:59.234+0000] {logging_mixin.py:137} INFO - [2023-03-12T08:08:59.234+0000] {dagbag.py:538} INFO - Filling up the DagBag from /home/melicharovykrecek/venv/lib/python3.9/site-packages/airflow/example_dags/example_bash_operator.py
[2023-03-12T08:08:59.262+0000] {processor.py:753} INFO - DAG(s) dict_keys(['example_bash_operator']) retrieved from /home/melicharovykrecek/venv/lib/python3.9/site-packages/airflow/example_dags/example_bash_operator.py
[2023-03-12T08:08:59.301+0000] {logging_mixin.py:137} INFO - [2023-03-12T08:08:59.301+0000] {dag.py:2690} INFO - Sync 1 DAGs
[2023-03-12T08:08:59.328+0000] {logging_mixin.py:137} INFO - [2023-03-12T08:08:59.327+0000] {dag.py:3437} INFO - Setting next_dagrun for example_bash_operator to 2023-03-11T00:00:00+00:00, run_after=2023-03-12T00:00:00+00:00
[2023-03-12T08:08:59.356+0000] {processor.py:175} INFO - Processing /home/melicharovykrecek/venv/lib/python3.9/site-packages/airflow/example_dags/example_bash_operator.py took 0.131 seconds
[2023-03-12T08:09:50.192+0000] {processor.py:153} INFO - Started process (PID=4120) to work on /home/melicharovykrecek/venv/lib/python3.9/site-packages/airflow/example_dags/example_bash_operator.py
[2023-03-12T08:09:50.194+0000] {processor.py:743} INFO - Processing file /home/melicharovykrecek/venv/lib/python3.9/site-packages/airflow/example_dags/example_bash_operator.py for tasks to queue
[2023-03-12T08:09:50.195+0000] {logging_mixin.py:137} INFO - [2023-03-12T08:09:50.195+0000] {dagbag.py:538} INFO - Filling up the DagBag from /home/melicharovykrecek/venv/lib/python3.9/site-packages/airflow/example_dags/example_bash_operator.py
[2023-03-12T08:09:50.225+0000] {processor.py:753} INFO - DAG(s) dict_keys(['example_bash_operator']) retrieved from /home/melicharovykrecek/venv/lib/python3.9/site-packages/airflow/example_dags/example_bash_operator.py
[2023-03-12T08:09:50.262+0000] {logging_mixin.py:137} INFO - [2023-03-12T08:09:50.261+0000] {dag.py:2690} INFO - Sync 1 DAGs
[2023-03-12T08:09:50.288+0000] {logging_mixin.py:137} INFO - [2023-03-12T08:09:50.288+0000] {dag.py:3437} INFO - Setting next_dagrun for example_bash_operator to 2023-03-11T00:00:00+00:00, run_after=2023-03-12T00:00:00+00:00
[2023-03-12T08:09:50.319+0000] {processor.py:175} INFO - Processing /home/melicharovykrecek/venv/lib/python3.9/site-packages/airflow/example_dags/example_bash_operator.py took 0.132 seconds
[2023-03-12T08:10:36.854+0000] {processor.py:153} INFO - Started process (PID=4166) to work on /home/melicharovykrecek/venv/lib/python3.9/site-packages/airflow/example_dags/example_bash_operator.py
[2023-03-12T08:10:36.856+0000] {processor.py:743} INFO - Processing file /home/melicharovykrecek/venv/lib/python3.9/site-packages/airflow/example_dags/example_bash_operator.py for tasks to queue
[2023-03-12T08:10:36.857+0000] {logging_mixin.py:137} INFO - [2023-03-12T08:10:36.857+0000] {dagbag.py:538} INFO - Filling up the DagBag from /home/melicharovykrecek/venv/lib/python3.9/site-packages/airflow/example_dags/example_bash_operator.py
[2023-03-12T08:10:36.885+0000] {processor.py:753} INFO - DAG(s) dict_keys(['example_bash_operator']) retrieved from /home/melicharovykrecek/venv/lib/python3.9/site-packages/airflow/example_dags/example_bash_operator.py
[2023-03-12T08:10:36.921+0000] {logging_mixin.py:137} INFO - [2023-03-12T08:10:36.921+0000] {dag.py:2690} INFO - Sync 1 DAGs
[2023-03-12T08:10:36.950+0000] {logging_mixin.py:137} INFO - [2023-03-12T08:10:36.950+0000] {dag.py:3437} INFO - Setting next_dagrun for example_bash_operator to 2023-03-11T00:00:00+00:00, run_after=2023-03-12T00:00:00+00:00
[2023-03-12T08:10:36.978+0000] {processor.py:175} INFO - Processing /home/melicharovykrecek/venv/lib/python3.9/site-packages/airflow/example_dags/example_bash_operator.py took 0.129 seconds
[2023-03-12T08:11:18.856+0000] {processor.py:153} INFO - Started process (PID=4217) to work on /home/melicharovykrecek/venv/lib/python3.9/site-packages/airflow/example_dags/example_bash_operator.py
[2023-03-12T08:11:18.858+0000] {processor.py:743} INFO - Processing file /home/melicharovykrecek/venv/lib/python3.9/site-packages/airflow/example_dags/example_bash_operator.py for tasks to queue
[2023-03-12T08:11:18.859+0000] {logging_mixin.py:137} INFO - [2023-03-12T08:11:18.859+0000] {dagbag.py:538} INFO - Filling up the DagBag from /home/melicharovykrecek/venv/lib/python3.9/site-packages/airflow/example_dags/example_bash_operator.py
[2023-03-12T08:11:18.888+0000] {processor.py:753} INFO - DAG(s) dict_keys(['example_bash_operator']) retrieved from /home/melicharovykrecek/venv/lib/python3.9/site-packages/airflow/example_dags/example_bash_operator.py
[2023-03-12T08:11:18.929+0000] {logging_mixin.py:137} INFO - [2023-03-12T08:11:18.929+0000] {dag.py:2690} INFO - Sync 1 DAGs
[2023-03-12T08:11:18.957+0000] {logging_mixin.py:137} INFO - [2023-03-12T08:11:18.957+0000] {dag.py:3437} INFO - Setting next_dagrun for example_bash_operator to 2023-03-11T00:00:00+00:00, run_after=2023-03-12T00:00:00+00:00
[2023-03-12T08:11:18.987+0000] {processor.py:175} INFO - Processing /home/melicharovykrecek/venv/lib/python3.9/site-packages/airflow/example_dags/example_bash_operator.py took 0.137 seconds
[2023-03-12T08:12:11.989+0000] {processor.py:153} INFO - Started process (PID=4277) to work on /home/melicharovykrecek/venv/lib/python3.9/site-packages/airflow/example_dags/example_bash_operator.py
[2023-03-12T08:12:11.991+0000] {processor.py:743} INFO - Processing file /home/melicharovykrecek/venv/lib/python3.9/site-packages/airflow/example_dags/example_bash_operator.py for tasks to queue
[2023-03-12T08:12:11.992+0000] {logging_mixin.py:137} INFO - [2023-03-12T08:12:11.992+0000] {dagbag.py:538} INFO - Filling up the DagBag from /home/melicharovykrecek/venv/lib/python3.9/site-packages/airflow/example_dags/example_bash_operator.py
[2023-03-12T08:12:12.019+0000] {processor.py:753} INFO - DAG(s) dict_keys(['example_bash_operator']) retrieved from /home/melicharovykrecek/venv/lib/python3.9/site-packages/airflow/example_dags/example_bash_operator.py
[2023-03-12T08:12:12.057+0000] {logging_mixin.py:137} INFO - [2023-03-12T08:12:12.057+0000] {dag.py:2690} INFO - Sync 1 DAGs
[2023-03-12T08:12:12.083+0000] {logging_mixin.py:137} INFO - [2023-03-12T08:12:12.082+0000] {dag.py:3437} INFO - Setting next_dagrun for example_bash_operator to 2023-03-11T00:00:00+00:00, run_after=2023-03-12T00:00:00+00:00
[2023-03-12T08:12:12.111+0000] {processor.py:175} INFO - Processing /home/melicharovykrecek/venv/lib/python3.9/site-packages/airflow/example_dags/example_bash_operator.py took 0.126 seconds
[2023-03-12T08:12:56.731+0000] {processor.py:153} INFO - Started process (PID=4348) to work on /home/melicharovykrecek/venv/lib/python3.9/site-packages/airflow/example_dags/example_bash_operator.py
[2023-03-12T08:12:56.733+0000] {processor.py:743} INFO - Processing file /home/melicharovykrecek/venv/lib/python3.9/site-packages/airflow/example_dags/example_bash_operator.py for tasks to queue
[2023-03-12T08:12:56.734+0000] {logging_mixin.py:137} INFO - [2023-03-12T08:12:56.734+0000] {dagbag.py:538} INFO - Filling up the DagBag from /home/melicharovykrecek/venv/lib/python3.9/site-packages/airflow/example_dags/example_bash_operator.py
[2023-03-12T08:12:56.765+0000] {processor.py:753} INFO - DAG(s) dict_keys(['example_bash_operator']) retrieved from /home/melicharovykrecek/venv/lib/python3.9/site-packages/airflow/example_dags/example_bash_operator.py
[2023-03-12T08:12:56.801+0000] {logging_mixin.py:137} INFO - [2023-03-12T08:12:56.801+0000] {dag.py:2690} INFO - Sync 1 DAGs
[2023-03-12T08:12:56.826+0000] {logging_mixin.py:137} INFO - [2023-03-12T08:12:56.826+0000] {dag.py:3437} INFO - Setting next_dagrun for example_bash_operator to 2023-03-11T00:00:00+00:00, run_after=2023-03-12T00:00:00+00:00
[2023-03-12T08:12:56.852+0000] {processor.py:175} INFO - Processing /home/melicharovykrecek/venv/lib/python3.9/site-packages/airflow/example_dags/example_bash_operator.py took 0.126 seconds
[2023-03-12T08:13:50.409+0000] {processor.py:153} INFO - Started process (PID=4409) to work on /home/melicharovykrecek/venv/lib/python3.9/site-packages/airflow/example_dags/example_bash_operator.py
[2023-03-12T08:13:50.411+0000] {processor.py:743} INFO - Processing file /home/melicharovykrecek/venv/lib/python3.9/site-packages/airflow/example_dags/example_bash_operator.py for tasks to queue
[2023-03-12T08:13:50.412+0000] {logging_mixin.py:137} INFO - [2023-03-12T08:13:50.412+0000] {dagbag.py:538} INFO - Filling up the DagBag from /home/melicharovykrecek/venv/lib/python3.9/site-packages/airflow/example_dags/example_bash_operator.py
[2023-03-12T08:13:50.442+0000] {processor.py:753} INFO - DAG(s) dict_keys(['example_bash_operator']) retrieved from /home/melicharovykrecek/venv/lib/python3.9/site-packages/airflow/example_dags/example_bash_operator.py
[2023-03-12T08:13:50.478+0000] {logging_mixin.py:137} INFO - [2023-03-12T08:13:50.478+0000] {dag.py:2690} INFO - Sync 1 DAGs
[2023-03-12T08:13:50.506+0000] {logging_mixin.py:137} INFO - [2023-03-12T08:13:50.505+0000] {dag.py:3437} INFO - Setting next_dagrun for example_bash_operator to 2023-03-11T00:00:00+00:00, run_after=2023-03-12T00:00:00+00:00
[2023-03-12T08:13:50.534+0000] {processor.py:175} INFO - Processing /home/melicharovykrecek/venv/lib/python3.9/site-packages/airflow/example_dags/example_bash_operator.py took 0.130 seconds
[2023-03-12T08:14:39.255+0000] {processor.py:153} INFO - Started process (PID=4474) to work on /home/melicharovykrecek/venv/lib/python3.9/site-packages/airflow/example_dags/example_bash_operator.py
[2023-03-12T08:14:39.257+0000] {processor.py:743} INFO - Processing file /home/melicharovykrecek/venv/lib/python3.9/site-packages/airflow/example_dags/example_bash_operator.py for tasks to queue
[2023-03-12T08:14:39.258+0000] {logging_mixin.py:137} INFO - [2023-03-12T08:14:39.258+0000] {dagbag.py:538} INFO - Filling up the DagBag from /home/melicharovykrecek/venv/lib/python3.9/site-packages/airflow/example_dags/example_bash_operator.py
[2023-03-12T08:14:39.288+0000] {processor.py:753} INFO - DAG(s) dict_keys(['example_bash_operator']) retrieved from /home/melicharovykrecek/venv/lib/python3.9/site-packages/airflow/example_dags/example_bash_operator.py
[2023-03-12T08:14:39.327+0000] {logging_mixin.py:137} INFO - [2023-03-12T08:14:39.327+0000] {dag.py:2690} INFO - Sync 1 DAGs
[2023-03-12T08:14:39.356+0000] {logging_mixin.py:137} INFO - [2023-03-12T08:14:39.356+0000] {dag.py:3437} INFO - Setting next_dagrun for example_bash_operator to 2023-03-11T00:00:00+00:00, run_after=2023-03-12T00:00:00+00:00
[2023-03-12T08:14:39.384+0000] {processor.py:175} INFO - Processing /home/melicharovykrecek/venv/lib/python3.9/site-packages/airflow/example_dags/example_bash_operator.py took 0.135 seconds
[2023-03-12T08:15:27.497+0000] {processor.py:153} INFO - Started process (PID=4521) to work on /home/melicharovykrecek/venv/lib/python3.9/site-packages/airflow/example_dags/example_bash_operator.py
[2023-03-12T08:15:27.499+0000] {processor.py:743} INFO - Processing file /home/melicharovykrecek/venv/lib/python3.9/site-packages/airflow/example_dags/example_bash_operator.py for tasks to queue
[2023-03-12T08:15:27.500+0000] {logging_mixin.py:137} INFO - [2023-03-12T08:15:27.499+0000] {dagbag.py:538} INFO - Filling up the DagBag from /home/melicharovykrecek/venv/lib/python3.9/site-packages/airflow/example_dags/example_bash_operator.py
[2023-03-12T08:15:27.527+0000] {processor.py:753} INFO - DAG(s) dict_keys(['example_bash_operator']) retrieved from /home/melicharovykrecek/venv/lib/python3.9/site-packages/airflow/example_dags/example_bash_operator.py
[2023-03-12T08:15:27.563+0000] {logging_mixin.py:137} INFO - [2023-03-12T08:15:27.563+0000] {dag.py:2690} INFO - Sync 1 DAGs
[2023-03-12T08:15:27.587+0000] {logging_mixin.py:137} INFO - [2023-03-12T08:15:27.587+0000] {dag.py:3437} INFO - Setting next_dagrun for example_bash_operator to 2023-03-11T00:00:00+00:00, run_after=2023-03-12T00:00:00+00:00
[2023-03-12T08:15:27.615+0000] {processor.py:175} INFO - Processing /home/melicharovykrecek/venv/lib/python3.9/site-packages/airflow/example_dags/example_bash_operator.py took 0.123 seconds
[2023-03-12T08:16:21.065+0000] {processor.py:153} INFO - Started process (PID=4577) to work on /home/melicharovykrecek/venv/lib/python3.9/site-packages/airflow/example_dags/example_bash_operator.py
[2023-03-12T08:16:21.068+0000] {processor.py:743} INFO - Processing file /home/melicharovykrecek/venv/lib/python3.9/site-packages/airflow/example_dags/example_bash_operator.py for tasks to queue
[2023-03-12T08:16:21.069+0000] {logging_mixin.py:137} INFO - [2023-03-12T08:16:21.068+0000] {dagbag.py:538} INFO - Filling up the DagBag from /home/melicharovykrecek/venv/lib/python3.9/site-packages/airflow/example_dags/example_bash_operator.py
[2023-03-12T08:16:21.098+0000] {processor.py:753} INFO - DAG(s) dict_keys(['example_bash_operator']) retrieved from /home/melicharovykrecek/venv/lib/python3.9/site-packages/airflow/example_dags/example_bash_operator.py
[2023-03-12T08:16:21.136+0000] {logging_mixin.py:137} INFO - [2023-03-12T08:16:21.136+0000] {dag.py:2690} INFO - Sync 1 DAGs
[2023-03-12T08:16:21.165+0000] {logging_mixin.py:137} INFO - [2023-03-12T08:16:21.165+0000] {dag.py:3437} INFO - Setting next_dagrun for example_bash_operator to 2023-03-11T00:00:00+00:00, run_after=2023-03-12T00:00:00+00:00
[2023-03-12T08:16:21.198+0000] {processor.py:175} INFO - Processing /home/melicharovykrecek/venv/lib/python3.9/site-packages/airflow/example_dags/example_bash_operator.py took 0.138 seconds
[2023-03-12T08:17:13.721+0000] {processor.py:153} INFO - Started process (PID=4639) to work on /home/melicharovykrecek/venv/lib/python3.9/site-packages/airflow/example_dags/example_bash_operator.py
[2023-03-12T08:17:13.723+0000] {processor.py:743} INFO - Processing file /home/melicharovykrecek/venv/lib/python3.9/site-packages/airflow/example_dags/example_bash_operator.py for tasks to queue
[2023-03-12T08:17:13.724+0000] {logging_mixin.py:137} INFO - [2023-03-12T08:17:13.724+0000] {dagbag.py:538} INFO - Filling up the DagBag from /home/melicharovykrecek/venv/lib/python3.9/site-packages/airflow/example_dags/example_bash_operator.py
[2023-03-12T08:17:13.754+0000] {processor.py:753} INFO - DAG(s) dict_keys(['example_bash_operator']) retrieved from /home/melicharovykrecek/venv/lib/python3.9/site-packages/airflow/example_dags/example_bash_operator.py
[2023-03-12T08:17:13.791+0000] {logging_mixin.py:137} INFO - [2023-03-12T08:17:13.791+0000] {dag.py:2690} INFO - Sync 1 DAGs
[2023-03-12T08:17:13.819+0000] {logging_mixin.py:137} INFO - [2023-03-12T08:17:13.819+0000] {dag.py:3437} INFO - Setting next_dagrun for example_bash_operator to 2023-03-11T00:00:00+00:00, run_after=2023-03-12T00:00:00+00:00
[2023-03-12T08:17:13.848+0000] {processor.py:175} INFO - Processing /home/melicharovykrecek/venv/lib/python3.9/site-packages/airflow/example_dags/example_bash_operator.py took 0.133 seconds
[2023-03-12T08:18:06.114+0000] {processor.py:153} INFO - Started process (PID=4689) to work on /home/melicharovykrecek/venv/lib/python3.9/site-packages/airflow/example_dags/example_bash_operator.py
[2023-03-12T08:18:06.117+0000] {processor.py:743} INFO - Processing file /home/melicharovykrecek/venv/lib/python3.9/site-packages/airflow/example_dags/example_bash_operator.py for tasks to queue
[2023-03-12T08:18:06.118+0000] {logging_mixin.py:137} INFO - [2023-03-12T08:18:06.117+0000] {dagbag.py:538} INFO - Filling up the DagBag from /home/melicharovykrecek/venv/lib/python3.9/site-packages/airflow/example_dags/example_bash_operator.py
[2023-03-12T08:18:06.145+0000] {processor.py:753} INFO - DAG(s) dict_keys(['example_bash_operator']) retrieved from /home/melicharovykrecek/venv/lib/python3.9/site-packages/airflow/example_dags/example_bash_operator.py
[2023-03-12T08:18:06.181+0000] {logging_mixin.py:137} INFO - [2023-03-12T08:18:06.180+0000] {dag.py:2690} INFO - Sync 1 DAGs
[2023-03-12T08:18:06.210+0000] {logging_mixin.py:137} INFO - [2023-03-12T08:18:06.210+0000] {dag.py:3437} INFO - Setting next_dagrun for example_bash_operator to 2023-03-11T00:00:00+00:00, run_after=2023-03-12T00:00:00+00:00
[2023-03-12T08:18:06.240+0000] {processor.py:175} INFO - Processing /home/melicharovykrecek/venv/lib/python3.9/site-packages/airflow/example_dags/example_bash_operator.py took 0.130 seconds
[2023-03-12T08:18:52.110+0000] {processor.py:153} INFO - Started process (PID=4736) to work on /home/melicharovykrecek/venv/lib/python3.9/site-packages/airflow/example_dags/example_bash_operator.py
[2023-03-12T08:18:52.113+0000] {processor.py:743} INFO - Processing file /home/melicharovykrecek/venv/lib/python3.9/site-packages/airflow/example_dags/example_bash_operator.py for tasks to queue
[2023-03-12T08:18:52.114+0000] {logging_mixin.py:137} INFO - [2023-03-12T08:18:52.113+0000] {dagbag.py:538} INFO - Filling up the DagBag from /home/melicharovykrecek/venv/lib/python3.9/site-packages/airflow/example_dags/example_bash_operator.py
[2023-03-12T08:18:52.142+0000] {processor.py:753} INFO - DAG(s) dict_keys(['example_bash_operator']) retrieved from /home/melicharovykrecek/venv/lib/python3.9/site-packages/airflow/example_dags/example_bash_operator.py
[2023-03-12T08:18:52.179+0000] {logging_mixin.py:137} INFO - [2023-03-12T08:18:52.179+0000] {dag.py:2690} INFO - Sync 1 DAGs
[2023-03-12T08:18:52.205+0000] {logging_mixin.py:137} INFO - [2023-03-12T08:18:52.204+0000] {dag.py:3437} INFO - Setting next_dagrun for example_bash_operator to 2023-03-11T00:00:00+00:00, run_after=2023-03-12T00:00:00+00:00
[2023-03-12T08:18:52.233+0000] {processor.py:175} INFO - Processing /home/melicharovykrecek/venv/lib/python3.9/site-packages/airflow/example_dags/example_bash_operator.py took 0.127 seconds
[2023-03-12T08:19:39.337+0000] {processor.py:153} INFO - Started process (PID=4782) to work on /home/melicharovykrecek/venv/lib/python3.9/site-packages/airflow/example_dags/example_bash_operator.py
[2023-03-12T08:19:39.339+0000] {processor.py:743} INFO - Processing file /home/melicharovykrecek/venv/lib/python3.9/site-packages/airflow/example_dags/example_bash_operator.py for tasks to queue
[2023-03-12T08:19:39.340+0000] {logging_mixin.py:137} INFO - [2023-03-12T08:19:39.340+0000] {dagbag.py:538} INFO - Filling up the DagBag from /home/melicharovykrecek/venv/lib/python3.9/site-packages/airflow/example_dags/example_bash_operator.py
[2023-03-12T08:19:39.371+0000] {processor.py:753} INFO - DAG(s) dict_keys(['example_bash_operator']) retrieved from /home/melicharovykrecek/venv/lib/python3.9/site-packages/airflow/example_dags/example_bash_operator.py
[2023-03-12T08:19:39.410+0000] {logging_mixin.py:137} INFO - [2023-03-12T08:19:39.409+0000] {dag.py:2690} INFO - Sync 1 DAGs
[2023-03-12T08:19:39.435+0000] {logging_mixin.py:137} INFO - [2023-03-12T08:19:39.435+0000] {dag.py:3437} INFO - Setting next_dagrun for example_bash_operator to 2023-03-11T00:00:00+00:00, run_after=2023-03-12T00:00:00+00:00
[2023-03-12T08:19:39.462+0000] {processor.py:175} INFO - Processing /home/melicharovykrecek/venv/lib/python3.9/site-packages/airflow/example_dags/example_bash_operator.py took 0.130 seconds
[2023-03-12T08:20:31.593+0000] {processor.py:153} INFO - Started process (PID=4838) to work on /home/melicharovykrecek/venv/lib/python3.9/site-packages/airflow/example_dags/example_bash_operator.py
[2023-03-12T08:20:31.595+0000] {processor.py:743} INFO - Processing file /home/melicharovykrecek/venv/lib/python3.9/site-packages/airflow/example_dags/example_bash_operator.py for tasks to queue
[2023-03-12T08:20:31.597+0000] {logging_mixin.py:137} INFO - [2023-03-12T08:20:31.597+0000] {dagbag.py:538} INFO - Filling up the DagBag from /home/melicharovykrecek/venv/lib/python3.9/site-packages/airflow/example_dags/example_bash_operator.py
[2023-03-12T08:20:31.623+0000] {processor.py:753} INFO - DAG(s) dict_keys(['example_bash_operator']) retrieved from /home/melicharovykrecek/venv/lib/python3.9/site-packages/airflow/example_dags/example_bash_operator.py
[2023-03-12T08:20:31.658+0000] {logging_mixin.py:137} INFO - [2023-03-12T08:20:31.658+0000] {dag.py:2690} INFO - Sync 1 DAGs
[2023-03-12T08:20:31.683+0000] {logging_mixin.py:137} INFO - [2023-03-12T08:20:31.683+0000] {dag.py:3437} INFO - Setting next_dagrun for example_bash_operator to 2023-03-11T00:00:00+00:00, run_after=2023-03-12T00:00:00+00:00
[2023-03-12T08:20:31.711+0000] {processor.py:175} INFO - Processing /home/melicharovykrecek/venv/lib/python3.9/site-packages/airflow/example_dags/example_bash_operator.py took 0.123 seconds
