[2023-03-12T07:30:52.114+0000] {processor.py:153} INFO - Started process (PID=1496) to work on /home/melicharovykrecek/venv/lib/python3.9/site-packages/airflow/example_dags/example_branch_python_dop_operator_3.py
[2023-03-12T07:30:52.115+0000] {processor.py:743} INFO - Processing file /home/melicharovykrecek/venv/lib/python3.9/site-packages/airflow/example_dags/example_branch_python_dop_operator_3.py for tasks to queue
[2023-03-12T07:30:52.116+0000] {logging_mixin.py:137} INFO - [2023-03-12T07:30:52.116+0000] {dagbag.py:538} INFO - Filling up the DagBag from /home/melicharovykrecek/venv/lib/python3.9/site-packages/airflow/example_dags/example_branch_python_dop_operator_3.py
[2023-03-12T07:30:52.147+0000] {processor.py:753} INFO - DAG(s) dict_keys(['example_branch_dop_operator_v3']) retrieved from /home/melicharovykrecek/venv/lib/python3.9/site-packages/airflow/example_dags/example_branch_python_dop_operator_3.py
[2023-03-12T07:30:52.173+0000] {logging_mixin.py:137} INFO - [2023-03-12T07:30:52.172+0000] {dag.py:2690} INFO - Sync 1 DAGs
[2023-03-12T07:30:52.201+0000] {logging_mixin.py:137} INFO - [2023-03-12T07:30:52.201+0000] {dag.py:3437} INFO - Setting next_dagrun for example_branch_dop_operator_v3 to 2023-03-12T07:29:00+00:00, run_after=2023-03-12T07:30:00+00:00
[2023-03-12T07:30:52.227+0000] {processor.py:175} INFO - Processing /home/melicharovykrecek/venv/lib/python3.9/site-packages/airflow/example_dags/example_branch_python_dop_operator_3.py took 0.119 seconds
[2023-03-12T07:31:32.773+0000] {processor.py:153} INFO - Started process (PID=1555) to work on /home/melicharovykrecek/venv/lib/python3.9/site-packages/airflow/example_dags/example_branch_python_dop_operator_3.py
[2023-03-12T07:31:32.775+0000] {processor.py:743} INFO - Processing file /home/melicharovykrecek/venv/lib/python3.9/site-packages/airflow/example_dags/example_branch_python_dop_operator_3.py for tasks to queue
[2023-03-12T07:31:32.776+0000] {logging_mixin.py:137} INFO - [2023-03-12T07:31:32.776+0000] {dagbag.py:538} INFO - Filling up the DagBag from /home/melicharovykrecek/venv/lib/python3.9/site-packages/airflow/example_dags/example_branch_python_dop_operator_3.py
[2023-03-12T07:31:32.806+0000] {processor.py:753} INFO - DAG(s) dict_keys(['example_branch_dop_operator_v3']) retrieved from /home/melicharovykrecek/venv/lib/python3.9/site-packages/airflow/example_dags/example_branch_python_dop_operator_3.py
[2023-03-12T07:31:32.830+0000] {logging_mixin.py:137} INFO - [2023-03-12T07:31:32.830+0000] {dag.py:2690} INFO - Sync 1 DAGs
[2023-03-12T07:31:32.859+0000] {logging_mixin.py:137} INFO - [2023-03-12T07:31:32.859+0000] {dag.py:3437} INFO - Setting next_dagrun for example_branch_dop_operator_v3 to 2023-03-12T07:30:00+00:00, run_after=2023-03-12T07:31:00+00:00
[2023-03-12T07:31:32.888+0000] {processor.py:175} INFO - Processing /home/melicharovykrecek/venv/lib/python3.9/site-packages/airflow/example_dags/example_branch_python_dop_operator_3.py took 0.120 seconds
[2023-03-12T07:32:19.366+0000] {processor.py:153} INFO - Started process (PID=1605) to work on /home/melicharovykrecek/venv/lib/python3.9/site-packages/airflow/example_dags/example_branch_python_dop_operator_3.py
[2023-03-12T07:32:19.368+0000] {processor.py:743} INFO - Processing file /home/melicharovykrecek/venv/lib/python3.9/site-packages/airflow/example_dags/example_branch_python_dop_operator_3.py for tasks to queue
[2023-03-12T07:32:19.369+0000] {logging_mixin.py:137} INFO - [2023-03-12T07:32:19.369+0000] {dagbag.py:538} INFO - Filling up the DagBag from /home/melicharovykrecek/venv/lib/python3.9/site-packages/airflow/example_dags/example_branch_python_dop_operator_3.py
[2023-03-12T07:32:19.400+0000] {processor.py:753} INFO - DAG(s) dict_keys(['example_branch_dop_operator_v3']) retrieved from /home/melicharovykrecek/venv/lib/python3.9/site-packages/airflow/example_dags/example_branch_python_dop_operator_3.py
[2023-03-12T07:32:19.427+0000] {logging_mixin.py:137} INFO - [2023-03-12T07:32:19.426+0000] {dag.py:2690} INFO - Sync 1 DAGs
[2023-03-12T07:32:19.455+0000] {logging_mixin.py:137} INFO - [2023-03-12T07:32:19.455+0000] {dag.py:3437} INFO - Setting next_dagrun for example_branch_dop_operator_v3 to 2023-03-12T07:31:00+00:00, run_after=2023-03-12T07:32:00+00:00
[2023-03-12T07:32:19.485+0000] {processor.py:175} INFO - Processing /home/melicharovykrecek/venv/lib/python3.9/site-packages/airflow/example_dags/example_branch_python_dop_operator_3.py took 0.123 seconds
[2023-03-12T07:33:08.179+0000] {processor.py:153} INFO - Started process (PID=1655) to work on /home/melicharovykrecek/venv/lib/python3.9/site-packages/airflow/example_dags/example_branch_python_dop_operator_3.py
[2023-03-12T07:33:08.181+0000] {processor.py:743} INFO - Processing file /home/melicharovykrecek/venv/lib/python3.9/site-packages/airflow/example_dags/example_branch_python_dop_operator_3.py for tasks to queue
[2023-03-12T07:33:08.182+0000] {logging_mixin.py:137} INFO - [2023-03-12T07:33:08.182+0000] {dagbag.py:538} INFO - Filling up the DagBag from /home/melicharovykrecek/venv/lib/python3.9/site-packages/airflow/example_dags/example_branch_python_dop_operator_3.py
[2023-03-12T07:33:08.211+0000] {processor.py:753} INFO - DAG(s) dict_keys(['example_branch_dop_operator_v3']) retrieved from /home/melicharovykrecek/venv/lib/python3.9/site-packages/airflow/example_dags/example_branch_python_dop_operator_3.py
[2023-03-12T07:33:08.235+0000] {logging_mixin.py:137} INFO - [2023-03-12T07:33:08.234+0000] {dag.py:2690} INFO - Sync 1 DAGs
[2023-03-12T07:33:08.261+0000] {logging_mixin.py:137} INFO - [2023-03-12T07:33:08.261+0000] {dag.py:3437} INFO - Setting next_dagrun for example_branch_dop_operator_v3 to 2023-03-12T07:32:00+00:00, run_after=2023-03-12T07:33:00+00:00
[2023-03-12T07:33:08.286+0000] {processor.py:175} INFO - Processing /home/melicharovykrecek/venv/lib/python3.9/site-packages/airflow/example_dags/example_branch_python_dop_operator_3.py took 0.112 seconds
[2023-03-12T07:33:59.179+0000] {processor.py:153} INFO - Started process (PID=1708) to work on /home/melicharovykrecek/venv/lib/python3.9/site-packages/airflow/example_dags/example_branch_python_dop_operator_3.py
[2023-03-12T07:33:59.181+0000] {processor.py:743} INFO - Processing file /home/melicharovykrecek/venv/lib/python3.9/site-packages/airflow/example_dags/example_branch_python_dop_operator_3.py for tasks to queue
[2023-03-12T07:33:59.182+0000] {logging_mixin.py:137} INFO - [2023-03-12T07:33:59.182+0000] {dagbag.py:538} INFO - Filling up the DagBag from /home/melicharovykrecek/venv/lib/python3.9/site-packages/airflow/example_dags/example_branch_python_dop_operator_3.py
[2023-03-12T07:33:59.212+0000] {processor.py:753} INFO - DAG(s) dict_keys(['example_branch_dop_operator_v3']) retrieved from /home/melicharovykrecek/venv/lib/python3.9/site-packages/airflow/example_dags/example_branch_python_dop_operator_3.py
[2023-03-12T07:33:59.235+0000] {logging_mixin.py:137} INFO - [2023-03-12T07:33:59.234+0000] {dag.py:2690} INFO - Sync 1 DAGs
[2023-03-12T07:33:59.261+0000] {logging_mixin.py:137} INFO - [2023-03-12T07:33:59.261+0000] {dag.py:3437} INFO - Setting next_dagrun for example_branch_dop_operator_v3 to 2023-03-12T07:32:00+00:00, run_after=2023-03-12T07:33:00+00:00
[2023-03-12T07:33:59.290+0000] {processor.py:175} INFO - Processing /home/melicharovykrecek/venv/lib/python3.9/site-packages/airflow/example_dags/example_branch_python_dop_operator_3.py took 0.115 seconds
[2023-03-12T07:34:48.996+0000] {processor.py:153} INFO - Started process (PID=1767) to work on /home/melicharovykrecek/venv/lib/python3.9/site-packages/airflow/example_dags/example_branch_python_dop_operator_3.py
[2023-03-12T07:34:48.998+0000] {processor.py:743} INFO - Processing file /home/melicharovykrecek/venv/lib/python3.9/site-packages/airflow/example_dags/example_branch_python_dop_operator_3.py for tasks to queue
[2023-03-12T07:34:48.998+0000] {logging_mixin.py:137} INFO - [2023-03-12T07:34:48.998+0000] {dagbag.py:538} INFO - Filling up the DagBag from /home/melicharovykrecek/venv/lib/python3.9/site-packages/airflow/example_dags/example_branch_python_dop_operator_3.py
[2023-03-12T07:34:49.028+0000] {processor.py:753} INFO - DAG(s) dict_keys(['example_branch_dop_operator_v3']) retrieved from /home/melicharovykrecek/venv/lib/python3.9/site-packages/airflow/example_dags/example_branch_python_dop_operator_3.py
[2023-03-12T07:34:49.050+0000] {logging_mixin.py:137} INFO - [2023-03-12T07:34:49.050+0000] {dag.py:2690} INFO - Sync 1 DAGs
[2023-03-12T07:34:49.080+0000] {logging_mixin.py:137} INFO - [2023-03-12T07:34:49.079+0000] {dag.py:3437} INFO - Setting next_dagrun for example_branch_dop_operator_v3 to 2023-03-12T07:33:00+00:00, run_after=2023-03-12T07:34:00+00:00
[2023-03-12T07:34:49.106+0000] {processor.py:175} INFO - Processing /home/melicharovykrecek/venv/lib/python3.9/site-packages/airflow/example_dags/example_branch_python_dop_operator_3.py took 0.114 seconds
[2023-03-12T07:35:36.253+0000] {processor.py:153} INFO - Started process (PID=1839) to work on /home/melicharovykrecek/venv/lib/python3.9/site-packages/airflow/example_dags/example_branch_python_dop_operator_3.py
[2023-03-12T07:35:36.255+0000] {processor.py:743} INFO - Processing file /home/melicharovykrecek/venv/lib/python3.9/site-packages/airflow/example_dags/example_branch_python_dop_operator_3.py for tasks to queue
[2023-03-12T07:35:36.256+0000] {logging_mixin.py:137} INFO - [2023-03-12T07:35:36.255+0000] {dagbag.py:538} INFO - Filling up the DagBag from /home/melicharovykrecek/venv/lib/python3.9/site-packages/airflow/example_dags/example_branch_python_dop_operator_3.py
[2023-03-12T07:35:36.287+0000] {processor.py:753} INFO - DAG(s) dict_keys(['example_branch_dop_operator_v3']) retrieved from /home/melicharovykrecek/venv/lib/python3.9/site-packages/airflow/example_dags/example_branch_python_dop_operator_3.py
[2023-03-12T07:35:36.312+0000] {logging_mixin.py:137} INFO - [2023-03-12T07:35:36.311+0000] {dag.py:2690} INFO - Sync 1 DAGs
[2023-03-12T07:35:36.341+0000] {logging_mixin.py:137} INFO - [2023-03-12T07:35:36.341+0000] {dag.py:3437} INFO - Setting next_dagrun for example_branch_dop_operator_v3 to 2023-03-12T07:34:00+00:00, run_after=2023-03-12T07:35:00+00:00
[2023-03-12T07:35:36.367+0000] {processor.py:175} INFO - Processing /home/melicharovykrecek/venv/lib/python3.9/site-packages/airflow/example_dags/example_branch_python_dop_operator_3.py took 0.119 seconds
[2023-03-12T07:36:26.995+0000] {processor.py:153} INFO - Started process (PID=1911) to work on /home/melicharovykrecek/venv/lib/python3.9/site-packages/airflow/example_dags/example_branch_python_dop_operator_3.py
[2023-03-12T07:36:26.997+0000] {processor.py:743} INFO - Processing file /home/melicharovykrecek/venv/lib/python3.9/site-packages/airflow/example_dags/example_branch_python_dop_operator_3.py for tasks to queue
[2023-03-12T07:36:26.999+0000] {logging_mixin.py:137} INFO - [2023-03-12T07:36:26.999+0000] {dagbag.py:538} INFO - Filling up the DagBag from /home/melicharovykrecek/venv/lib/python3.9/site-packages/airflow/example_dags/example_branch_python_dop_operator_3.py
[2023-03-12T07:36:27.028+0000] {processor.py:753} INFO - DAG(s) dict_keys(['example_branch_dop_operator_v3']) retrieved from /home/melicharovykrecek/venv/lib/python3.9/site-packages/airflow/example_dags/example_branch_python_dop_operator_3.py
[2023-03-12T07:36:27.053+0000] {logging_mixin.py:137} INFO - [2023-03-12T07:36:27.053+0000] {dag.py:2690} INFO - Sync 1 DAGs
[2023-03-12T07:36:27.080+0000] {logging_mixin.py:137} INFO - [2023-03-12T07:36:27.080+0000] {dag.py:3437} INFO - Setting next_dagrun for example_branch_dop_operator_v3 to 2023-03-12T07:35:00+00:00, run_after=2023-03-12T07:36:00+00:00
[2023-03-12T07:36:27.108+0000] {processor.py:175} INFO - Processing /home/melicharovykrecek/venv/lib/python3.9/site-packages/airflow/example_dags/example_branch_python_dop_operator_3.py took 0.118 seconds
[2023-03-12T07:37:13.878+0000] {processor.py:153} INFO - Started process (PID=1957) to work on /home/melicharovykrecek/venv/lib/python3.9/site-packages/airflow/example_dags/example_branch_python_dop_operator_3.py
[2023-03-12T07:37:13.880+0000] {processor.py:743} INFO - Processing file /home/melicharovykrecek/venv/lib/python3.9/site-packages/airflow/example_dags/example_branch_python_dop_operator_3.py for tasks to queue
[2023-03-12T07:37:13.881+0000] {logging_mixin.py:137} INFO - [2023-03-12T07:37:13.880+0000] {dagbag.py:538} INFO - Filling up the DagBag from /home/melicharovykrecek/venv/lib/python3.9/site-packages/airflow/example_dags/example_branch_python_dop_operator_3.py
[2023-03-12T07:37:13.911+0000] {processor.py:753} INFO - DAG(s) dict_keys(['example_branch_dop_operator_v3']) retrieved from /home/melicharovykrecek/venv/lib/python3.9/site-packages/airflow/example_dags/example_branch_python_dop_operator_3.py
[2023-03-12T07:37:13.935+0000] {logging_mixin.py:137} INFO - [2023-03-12T07:37:13.935+0000] {dag.py:2690} INFO - Sync 1 DAGs
[2023-03-12T07:37:13.962+0000] {logging_mixin.py:137} INFO - [2023-03-12T07:37:13.962+0000] {dag.py:3437} INFO - Setting next_dagrun for example_branch_dop_operator_v3 to 2023-03-12T07:36:00+00:00, run_after=2023-03-12T07:37:00+00:00
[2023-03-12T07:37:13.988+0000] {processor.py:175} INFO - Processing /home/melicharovykrecek/venv/lib/python3.9/site-packages/airflow/example_dags/example_branch_python_dop_operator_3.py took 0.115 seconds
[2023-03-12T07:38:01.306+0000] {processor.py:153} INFO - Started process (PID=2008) to work on /home/melicharovykrecek/venv/lib/python3.9/site-packages/airflow/example_dags/example_branch_python_dop_operator_3.py
[2023-03-12T07:38:01.308+0000] {processor.py:743} INFO - Processing file /home/melicharovykrecek/venv/lib/python3.9/site-packages/airflow/example_dags/example_branch_python_dop_operator_3.py for tasks to queue
[2023-03-12T07:38:01.309+0000] {logging_mixin.py:137} INFO - [2023-03-12T07:38:01.309+0000] {dagbag.py:538} INFO - Filling up the DagBag from /home/melicharovykrecek/venv/lib/python3.9/site-packages/airflow/example_dags/example_branch_python_dop_operator_3.py
[2023-03-12T07:38:01.340+0000] {processor.py:753} INFO - DAG(s) dict_keys(['example_branch_dop_operator_v3']) retrieved from /home/melicharovykrecek/venv/lib/python3.9/site-packages/airflow/example_dags/example_branch_python_dop_operator_3.py
[2023-03-12T07:38:01.364+0000] {logging_mixin.py:137} INFO - [2023-03-12T07:38:01.364+0000] {dag.py:2690} INFO - Sync 1 DAGs
[2023-03-12T07:38:01.393+0000] {logging_mixin.py:137} INFO - [2023-03-12T07:38:01.393+0000] {dag.py:3437} INFO - Setting next_dagrun for example_branch_dop_operator_v3 to 2023-03-12T07:37:00+00:00, run_after=2023-03-12T07:38:00+00:00
[2023-03-12T07:38:01.421+0000] {processor.py:175} INFO - Processing /home/melicharovykrecek/venv/lib/python3.9/site-packages/airflow/example_dags/example_branch_python_dop_operator_3.py took 0.123 seconds
[2023-03-12T07:38:43.393+0000] {processor.py:153} INFO - Started process (PID=2048) to work on /home/melicharovykrecek/venv/lib/python3.9/site-packages/airflow/example_dags/example_branch_python_dop_operator_3.py
[2023-03-12T07:38:43.395+0000] {processor.py:743} INFO - Processing file /home/melicharovykrecek/venv/lib/python3.9/site-packages/airflow/example_dags/example_branch_python_dop_operator_3.py for tasks to queue
[2023-03-12T07:38:43.396+0000] {logging_mixin.py:137} INFO - [2023-03-12T07:38:43.396+0000] {dagbag.py:538} INFO - Filling up the DagBag from /home/melicharovykrecek/venv/lib/python3.9/site-packages/airflow/example_dags/example_branch_python_dop_operator_3.py
[2023-03-12T07:38:43.426+0000] {processor.py:753} INFO - DAG(s) dict_keys(['example_branch_dop_operator_v3']) retrieved from /home/melicharovykrecek/venv/lib/python3.9/site-packages/airflow/example_dags/example_branch_python_dop_operator_3.py
[2023-03-12T07:38:43.451+0000] {logging_mixin.py:137} INFO - [2023-03-12T07:38:43.451+0000] {dag.py:2690} INFO - Sync 1 DAGs
[2023-03-12T07:38:43.480+0000] {logging_mixin.py:137} INFO - [2023-03-12T07:38:43.480+0000] {dag.py:3437} INFO - Setting next_dagrun for example_branch_dop_operator_v3 to 2023-03-12T07:37:00+00:00, run_after=2023-03-12T07:38:00+00:00
[2023-03-12T07:38:43.508+0000] {processor.py:175} INFO - Processing /home/melicharovykrecek/venv/lib/python3.9/site-packages/airflow/example_dags/example_branch_python_dop_operator_3.py took 0.119 seconds
[2023-03-12T07:39:33.427+0000] {processor.py:153} INFO - Started process (PID=2107) to work on /home/melicharovykrecek/venv/lib/python3.9/site-packages/airflow/example_dags/example_branch_python_dop_operator_3.py
[2023-03-12T07:39:33.429+0000] {processor.py:743} INFO - Processing file /home/melicharovykrecek/venv/lib/python3.9/site-packages/airflow/example_dags/example_branch_python_dop_operator_3.py for tasks to queue
[2023-03-12T07:39:33.430+0000] {logging_mixin.py:137} INFO - [2023-03-12T07:39:33.430+0000] {dagbag.py:538} INFO - Filling up the DagBag from /home/melicharovykrecek/venv/lib/python3.9/site-packages/airflow/example_dags/example_branch_python_dop_operator_3.py
[2023-03-12T07:39:33.460+0000] {processor.py:753} INFO - DAG(s) dict_keys(['example_branch_dop_operator_v3']) retrieved from /home/melicharovykrecek/venv/lib/python3.9/site-packages/airflow/example_dags/example_branch_python_dop_operator_3.py
[2023-03-12T07:39:33.486+0000] {logging_mixin.py:137} INFO - [2023-03-12T07:39:33.485+0000] {dag.py:2690} INFO - Sync 1 DAGs
[2023-03-12T07:39:33.517+0000] {logging_mixin.py:137} INFO - [2023-03-12T07:39:33.516+0000] {dag.py:3437} INFO - Setting next_dagrun for example_branch_dop_operator_v3 to 2023-03-12T07:38:00+00:00, run_after=2023-03-12T07:39:00+00:00
[2023-03-12T07:39:33.546+0000] {processor.py:175} INFO - Processing /home/melicharovykrecek/venv/lib/python3.9/site-packages/airflow/example_dags/example_branch_python_dop_operator_3.py took 0.124 seconds
[2023-03-12T07:40:17.447+0000] {processor.py:153} INFO - Started process (PID=2177) to work on /home/melicharovykrecek/venv/lib/python3.9/site-packages/airflow/example_dags/example_branch_python_dop_operator_3.py
[2023-03-12T07:40:17.449+0000] {processor.py:743} INFO - Processing file /home/melicharovykrecek/venv/lib/python3.9/site-packages/airflow/example_dags/example_branch_python_dop_operator_3.py for tasks to queue
[2023-03-12T07:40:17.450+0000] {logging_mixin.py:137} INFO - [2023-03-12T07:40:17.450+0000] {dagbag.py:538} INFO - Filling up the DagBag from /home/melicharovykrecek/venv/lib/python3.9/site-packages/airflow/example_dags/example_branch_python_dop_operator_3.py
[2023-03-12T07:40:17.481+0000] {processor.py:753} INFO - DAG(s) dict_keys(['example_branch_dop_operator_v3']) retrieved from /home/melicharovykrecek/venv/lib/python3.9/site-packages/airflow/example_dags/example_branch_python_dop_operator_3.py
[2023-03-12T07:40:17.506+0000] {logging_mixin.py:137} INFO - [2023-03-12T07:40:17.506+0000] {dag.py:2690} INFO - Sync 1 DAGs
[2023-03-12T07:40:17.536+0000] {logging_mixin.py:137} INFO - [2023-03-12T07:40:17.536+0000] {dag.py:3437} INFO - Setting next_dagrun for example_branch_dop_operator_v3 to 2023-03-12T07:39:00+00:00, run_after=2023-03-12T07:40:00+00:00
[2023-03-12T07:40:17.564+0000] {processor.py:175} INFO - Processing /home/melicharovykrecek/venv/lib/python3.9/site-packages/airflow/example_dags/example_branch_python_dop_operator_3.py took 0.122 seconds
[2023-03-12T07:41:06.607+0000] {processor.py:153} INFO - Started process (PID=2252) to work on /home/melicharovykrecek/venv/lib/python3.9/site-packages/airflow/example_dags/example_branch_python_dop_operator_3.py
[2023-03-12T07:41:06.609+0000] {processor.py:743} INFO - Processing file /home/melicharovykrecek/venv/lib/python3.9/site-packages/airflow/example_dags/example_branch_python_dop_operator_3.py for tasks to queue
[2023-03-12T07:41:06.610+0000] {logging_mixin.py:137} INFO - [2023-03-12T07:41:06.610+0000] {dagbag.py:538} INFO - Filling up the DagBag from /home/melicharovykrecek/venv/lib/python3.9/site-packages/airflow/example_dags/example_branch_python_dop_operator_3.py
[2023-03-12T07:41:06.643+0000] {processor.py:753} INFO - DAG(s) dict_keys(['example_branch_dop_operator_v3']) retrieved from /home/melicharovykrecek/venv/lib/python3.9/site-packages/airflow/example_dags/example_branch_python_dop_operator_3.py
[2023-03-12T07:41:06.670+0000] {logging_mixin.py:137} INFO - [2023-03-12T07:41:06.670+0000] {dag.py:2690} INFO - Sync 1 DAGs
[2023-03-12T07:41:06.700+0000] {logging_mixin.py:137} INFO - [2023-03-12T07:41:06.699+0000] {dag.py:3437} INFO - Setting next_dagrun for example_branch_dop_operator_v3 to 2023-03-12T07:40:00+00:00, run_after=2023-03-12T07:41:00+00:00
[2023-03-12T07:41:06.728+0000] {processor.py:175} INFO - Processing /home/melicharovykrecek/venv/lib/python3.9/site-packages/airflow/example_dags/example_branch_python_dop_operator_3.py took 0.126 seconds
[2023-03-12T07:41:52.498+0000] {processor.py:153} INFO - Started process (PID=2297) to work on /home/melicharovykrecek/venv/lib/python3.9/site-packages/airflow/example_dags/example_branch_python_dop_operator_3.py
[2023-03-12T07:41:52.501+0000] {processor.py:743} INFO - Processing file /home/melicharovykrecek/venv/lib/python3.9/site-packages/airflow/example_dags/example_branch_python_dop_operator_3.py for tasks to queue
[2023-03-12T07:41:52.502+0000] {logging_mixin.py:137} INFO - [2023-03-12T07:41:52.501+0000] {dagbag.py:538} INFO - Filling up the DagBag from /home/melicharovykrecek/venv/lib/python3.9/site-packages/airflow/example_dags/example_branch_python_dop_operator_3.py
[2023-03-12T07:41:52.534+0000] {processor.py:753} INFO - DAG(s) dict_keys(['example_branch_dop_operator_v3']) retrieved from /home/melicharovykrecek/venv/lib/python3.9/site-packages/airflow/example_dags/example_branch_python_dop_operator_3.py
[2023-03-12T07:41:52.562+0000] {logging_mixin.py:137} INFO - [2023-03-12T07:41:52.562+0000] {dag.py:2690} INFO - Sync 1 DAGs
[2023-03-12T07:41:52.595+0000] {logging_mixin.py:137} INFO - [2023-03-12T07:41:52.595+0000] {dag.py:3437} INFO - Setting next_dagrun for example_branch_dop_operator_v3 to 2023-03-12T07:40:00+00:00, run_after=2023-03-12T07:41:00+00:00
[2023-03-12T07:41:52.625+0000] {processor.py:175} INFO - Processing /home/melicharovykrecek/venv/lib/python3.9/site-packages/airflow/example_dags/example_branch_python_dop_operator_3.py took 0.131 seconds
[2023-03-12T07:42:38.212+0000] {processor.py:153} INFO - Started process (PID=2342) to work on /home/melicharovykrecek/venv/lib/python3.9/site-packages/airflow/example_dags/example_branch_python_dop_operator_3.py
[2023-03-12T07:42:38.214+0000] {processor.py:743} INFO - Processing file /home/melicharovykrecek/venv/lib/python3.9/site-packages/airflow/example_dags/example_branch_python_dop_operator_3.py for tasks to queue
[2023-03-12T07:42:38.215+0000] {logging_mixin.py:137} INFO - [2023-03-12T07:42:38.215+0000] {dagbag.py:538} INFO - Filling up the DagBag from /home/melicharovykrecek/venv/lib/python3.9/site-packages/airflow/example_dags/example_branch_python_dop_operator_3.py
[2023-03-12T07:42:38.249+0000] {processor.py:753} INFO - DAG(s) dict_keys(['example_branch_dop_operator_v3']) retrieved from /home/melicharovykrecek/venv/lib/python3.9/site-packages/airflow/example_dags/example_branch_python_dop_operator_3.py
[2023-03-12T07:42:38.276+0000] {logging_mixin.py:137} INFO - [2023-03-12T07:42:38.276+0000] {dag.py:2690} INFO - Sync 1 DAGs
[2023-03-12T07:42:38.307+0000] {logging_mixin.py:137} INFO - [2023-03-12T07:42:38.307+0000] {dag.py:3437} INFO - Setting next_dagrun for example_branch_dop_operator_v3 to 2023-03-12T07:41:00+00:00, run_after=2023-03-12T07:42:00+00:00
[2023-03-12T07:42:38.335+0000] {processor.py:175} INFO - Processing /home/melicharovykrecek/venv/lib/python3.9/site-packages/airflow/example_dags/example_branch_python_dop_operator_3.py took 0.128 seconds
[2023-03-12T07:43:26.009+0000] {processor.py:153} INFO - Started process (PID=2396) to work on /home/melicharovykrecek/venv/lib/python3.9/site-packages/airflow/example_dags/example_branch_python_dop_operator_3.py
[2023-03-12T07:43:26.012+0000] {processor.py:743} INFO - Processing file /home/melicharovykrecek/venv/lib/python3.9/site-packages/airflow/example_dags/example_branch_python_dop_operator_3.py for tasks to queue
[2023-03-12T07:43:26.012+0000] {logging_mixin.py:137} INFO - [2023-03-12T07:43:26.012+0000] {dagbag.py:538} INFO - Filling up the DagBag from /home/melicharovykrecek/venv/lib/python3.9/site-packages/airflow/example_dags/example_branch_python_dop_operator_3.py
[2023-03-12T07:43:26.044+0000] {processor.py:753} INFO - DAG(s) dict_keys(['example_branch_dop_operator_v3']) retrieved from /home/melicharovykrecek/venv/lib/python3.9/site-packages/airflow/example_dags/example_branch_python_dop_operator_3.py
[2023-03-12T07:43:26.072+0000] {logging_mixin.py:137} INFO - [2023-03-12T07:43:26.071+0000] {dag.py:2690} INFO - Sync 1 DAGs
[2023-03-12T07:43:26.103+0000] {logging_mixin.py:137} INFO - [2023-03-12T07:43:26.103+0000] {dag.py:3437} INFO - Setting next_dagrun for example_branch_dop_operator_v3 to 2023-03-12T07:42:00+00:00, run_after=2023-03-12T07:43:00+00:00
[2023-03-12T07:43:26.133+0000] {processor.py:175} INFO - Processing /home/melicharovykrecek/venv/lib/python3.9/site-packages/airflow/example_dags/example_branch_python_dop_operator_3.py took 0.129 seconds
[2023-03-12T07:44:16.769+0000] {processor.py:153} INFO - Started process (PID=2459) to work on /home/melicharovykrecek/venv/lib/python3.9/site-packages/airflow/example_dags/example_branch_python_dop_operator_3.py
[2023-03-12T07:44:16.771+0000] {processor.py:743} INFO - Processing file /home/melicharovykrecek/venv/lib/python3.9/site-packages/airflow/example_dags/example_branch_python_dop_operator_3.py for tasks to queue
[2023-03-12T07:44:16.772+0000] {logging_mixin.py:137} INFO - [2023-03-12T07:44:16.772+0000] {dagbag.py:538} INFO - Filling up the DagBag from /home/melicharovykrecek/venv/lib/python3.9/site-packages/airflow/example_dags/example_branch_python_dop_operator_3.py
[2023-03-12T07:44:16.804+0000] {processor.py:753} INFO - DAG(s) dict_keys(['example_branch_dop_operator_v3']) retrieved from /home/melicharovykrecek/venv/lib/python3.9/site-packages/airflow/example_dags/example_branch_python_dop_operator_3.py
[2023-03-12T07:44:16.830+0000] {logging_mixin.py:137} INFO - [2023-03-12T07:44:16.830+0000] {dag.py:2690} INFO - Sync 1 DAGs
[2023-03-12T07:44:16.858+0000] {logging_mixin.py:137} INFO - [2023-03-12T07:44:16.858+0000] {dag.py:3437} INFO - Setting next_dagrun for example_branch_dop_operator_v3 to 2023-03-12T07:43:00+00:00, run_after=2023-03-12T07:44:00+00:00
[2023-03-12T07:44:16.886+0000] {processor.py:175} INFO - Processing /home/melicharovykrecek/venv/lib/python3.9/site-packages/airflow/example_dags/example_branch_python_dop_operator_3.py took 0.123 seconds
[2023-03-12T07:45:06.109+0000] {processor.py:153} INFO - Started process (PID=2510) to work on /home/melicharovykrecek/venv/lib/python3.9/site-packages/airflow/example_dags/example_branch_python_dop_operator_3.py
[2023-03-12T07:45:06.111+0000] {processor.py:743} INFO - Processing file /home/melicharovykrecek/venv/lib/python3.9/site-packages/airflow/example_dags/example_branch_python_dop_operator_3.py for tasks to queue
[2023-03-12T07:45:06.112+0000] {logging_mixin.py:137} INFO - [2023-03-12T07:45:06.112+0000] {dagbag.py:538} INFO - Filling up the DagBag from /home/melicharovykrecek/venv/lib/python3.9/site-packages/airflow/example_dags/example_branch_python_dop_operator_3.py
[2023-03-12T07:45:06.144+0000] {processor.py:753} INFO - DAG(s) dict_keys(['example_branch_dop_operator_v3']) retrieved from /home/melicharovykrecek/venv/lib/python3.9/site-packages/airflow/example_dags/example_branch_python_dop_operator_3.py
[2023-03-12T07:45:06.169+0000] {logging_mixin.py:137} INFO - [2023-03-12T07:45:06.169+0000] {dag.py:2690} INFO - Sync 1 DAGs
[2023-03-12T07:45:06.196+0000] {logging_mixin.py:137} INFO - [2023-03-12T07:45:06.196+0000] {dag.py:3437} INFO - Setting next_dagrun for example_branch_dop_operator_v3 to 2023-03-12T07:44:00+00:00, run_after=2023-03-12T07:45:00+00:00
[2023-03-12T07:45:06.225+0000] {processor.py:175} INFO - Processing /home/melicharovykrecek/venv/lib/python3.9/site-packages/airflow/example_dags/example_branch_python_dop_operator_3.py took 0.121 seconds
[2023-03-12T07:45:49.819+0000] {processor.py:153} INFO - Started process (PID=2618) to work on /home/melicharovykrecek/venv/lib/python3.9/site-packages/airflow/example_dags/example_branch_python_dop_operator_3.py
[2023-03-12T07:45:49.821+0000] {processor.py:743} INFO - Processing file /home/melicharovykrecek/venv/lib/python3.9/site-packages/airflow/example_dags/example_branch_python_dop_operator_3.py for tasks to queue
[2023-03-12T07:45:49.822+0000] {logging_mixin.py:137} INFO - [2023-03-12T07:45:49.821+0000] {dagbag.py:538} INFO - Filling up the DagBag from /home/melicharovykrecek/venv/lib/python3.9/site-packages/airflow/example_dags/example_branch_python_dop_operator_3.py
[2023-03-12T07:45:49.852+0000] {processor.py:753} INFO - DAG(s) dict_keys(['example_branch_dop_operator_v3']) retrieved from /home/melicharovykrecek/venv/lib/python3.9/site-packages/airflow/example_dags/example_branch_python_dop_operator_3.py
[2023-03-12T07:45:49.879+0000] {logging_mixin.py:137} INFO - [2023-03-12T07:45:49.879+0000] {dag.py:2690} INFO - Sync 1 DAGs
[2023-03-12T07:45:49.910+0000] {logging_mixin.py:137} INFO - [2023-03-12T07:45:49.910+0000] {dag.py:3437} INFO - Setting next_dagrun for example_branch_dop_operator_v3 to 2023-03-12T07:44:00+00:00, run_after=2023-03-12T07:45:00+00:00
[2023-03-12T07:45:49.936+0000] {processor.py:175} INFO - Processing /home/melicharovykrecek/venv/lib/python3.9/site-packages/airflow/example_dags/example_branch_python_dop_operator_3.py took 0.122 seconds
[2023-03-12T07:46:40.294+0000] {processor.py:153} INFO - Started process (PID=2678) to work on /home/melicharovykrecek/venv/lib/python3.9/site-packages/airflow/example_dags/example_branch_python_dop_operator_3.py
[2023-03-12T07:46:40.296+0000] {processor.py:743} INFO - Processing file /home/melicharovykrecek/venv/lib/python3.9/site-packages/airflow/example_dags/example_branch_python_dop_operator_3.py for tasks to queue
[2023-03-12T07:46:40.297+0000] {logging_mixin.py:137} INFO - [2023-03-12T07:46:40.297+0000] {dagbag.py:538} INFO - Filling up the DagBag from /home/melicharovykrecek/venv/lib/python3.9/site-packages/airflow/example_dags/example_branch_python_dop_operator_3.py
[2023-03-12T07:46:40.333+0000] {processor.py:753} INFO - DAG(s) dict_keys(['example_branch_dop_operator_v3']) retrieved from /home/melicharovykrecek/venv/lib/python3.9/site-packages/airflow/example_dags/example_branch_python_dop_operator_3.py
[2023-03-12T07:46:40.362+0000] {logging_mixin.py:137} INFO - [2023-03-12T07:46:40.361+0000] {dag.py:2690} INFO - Sync 1 DAGs
[2023-03-12T07:46:40.391+0000] {logging_mixin.py:137} INFO - [2023-03-12T07:46:40.391+0000] {dag.py:3437} INFO - Setting next_dagrun for example_branch_dop_operator_v3 to 2023-03-12T07:45:00+00:00, run_after=2023-03-12T07:46:00+00:00
[2023-03-12T07:46:40.418+0000] {processor.py:175} INFO - Processing /home/melicharovykrecek/venv/lib/python3.9/site-packages/airflow/example_dags/example_branch_python_dop_operator_3.py took 0.129 seconds
[2023-03-12T07:47:26.893+0000] {processor.py:153} INFO - Started process (PID=2723) to work on /home/melicharovykrecek/venv/lib/python3.9/site-packages/airflow/example_dags/example_branch_python_dop_operator_3.py
[2023-03-12T07:47:26.896+0000] {processor.py:743} INFO - Processing file /home/melicharovykrecek/venv/lib/python3.9/site-packages/airflow/example_dags/example_branch_python_dop_operator_3.py for tasks to queue
[2023-03-12T07:47:26.897+0000] {logging_mixin.py:137} INFO - [2023-03-12T07:47:26.897+0000] {dagbag.py:538} INFO - Filling up the DagBag from /home/melicharovykrecek/venv/lib/python3.9/site-packages/airflow/example_dags/example_branch_python_dop_operator_3.py
[2023-03-12T07:47:26.928+0000] {processor.py:753} INFO - DAG(s) dict_keys(['example_branch_dop_operator_v3']) retrieved from /home/melicharovykrecek/venv/lib/python3.9/site-packages/airflow/example_dags/example_branch_python_dop_operator_3.py
[2023-03-12T07:47:26.955+0000] {logging_mixin.py:137} INFO - [2023-03-12T07:47:26.955+0000] {dag.py:2690} INFO - Sync 1 DAGs
[2023-03-12T07:47:26.984+0000] {logging_mixin.py:137} INFO - [2023-03-12T07:47:26.983+0000] {dag.py:3437} INFO - Setting next_dagrun for example_branch_dop_operator_v3 to 2023-03-12T07:46:00+00:00, run_after=2023-03-12T07:47:00+00:00
[2023-03-12T07:47:27.011+0000] {processor.py:175} INFO - Processing /home/melicharovykrecek/venv/lib/python3.9/site-packages/airflow/example_dags/example_branch_python_dop_operator_3.py took 0.122 seconds
[2023-03-12T07:48:13.998+0000] {processor.py:153} INFO - Started process (PID=2771) to work on /home/melicharovykrecek/venv/lib/python3.9/site-packages/airflow/example_dags/example_branch_python_dop_operator_3.py
[2023-03-12T07:48:14.000+0000] {processor.py:743} INFO - Processing file /home/melicharovykrecek/venv/lib/python3.9/site-packages/airflow/example_dags/example_branch_python_dop_operator_3.py for tasks to queue
[2023-03-12T07:48:14.001+0000] {logging_mixin.py:137} INFO - [2023-03-12T07:48:14.001+0000] {dagbag.py:538} INFO - Filling up the DagBag from /home/melicharovykrecek/venv/lib/python3.9/site-packages/airflow/example_dags/example_branch_python_dop_operator_3.py
[2023-03-12T07:48:14.033+0000] {processor.py:753} INFO - DAG(s) dict_keys(['example_branch_dop_operator_v3']) retrieved from /home/melicharovykrecek/venv/lib/python3.9/site-packages/airflow/example_dags/example_branch_python_dop_operator_3.py
[2023-03-12T07:48:14.058+0000] {logging_mixin.py:137} INFO - [2023-03-12T07:48:14.058+0000] {dag.py:2690} INFO - Sync 1 DAGs
[2023-03-12T07:48:14.087+0000] {logging_mixin.py:137} INFO - [2023-03-12T07:48:14.087+0000] {dag.py:3437} INFO - Setting next_dagrun for example_branch_dop_operator_v3 to 2023-03-12T07:47:00+00:00, run_after=2023-03-12T07:48:00+00:00
[2023-03-12T07:48:14.122+0000] {processor.py:175} INFO - Processing /home/melicharovykrecek/venv/lib/python3.9/site-packages/airflow/example_dags/example_branch_python_dop_operator_3.py took 0.129 seconds
[2023-03-12T07:48:57.079+0000] {processor.py:153} INFO - Started process (PID=2813) to work on /home/melicharovykrecek/venv/lib/python3.9/site-packages/airflow/example_dags/example_branch_python_dop_operator_3.py
[2023-03-12T07:48:57.081+0000] {processor.py:743} INFO - Processing file /home/melicharovykrecek/venv/lib/python3.9/site-packages/airflow/example_dags/example_branch_python_dop_operator_3.py for tasks to queue
[2023-03-12T07:48:57.082+0000] {logging_mixin.py:137} INFO - [2023-03-12T07:48:57.082+0000] {dagbag.py:538} INFO - Filling up the DagBag from /home/melicharovykrecek/venv/lib/python3.9/site-packages/airflow/example_dags/example_branch_python_dop_operator_3.py
[2023-03-12T07:48:57.114+0000] {processor.py:753} INFO - DAG(s) dict_keys(['example_branch_dop_operator_v3']) retrieved from /home/melicharovykrecek/venv/lib/python3.9/site-packages/airflow/example_dags/example_branch_python_dop_operator_3.py
[2023-03-12T07:48:57.139+0000] {logging_mixin.py:137} INFO - [2023-03-12T07:48:57.139+0000] {dag.py:2690} INFO - Sync 1 DAGs
[2023-03-12T07:48:57.168+0000] {logging_mixin.py:137} INFO - [2023-03-12T07:48:57.167+0000] {dag.py:3437} INFO - Setting next_dagrun for example_branch_dop_operator_v3 to 2023-03-12T07:47:00+00:00, run_after=2023-03-12T07:48:00+00:00
[2023-03-12T07:48:57.196+0000] {processor.py:175} INFO - Processing /home/melicharovykrecek/venv/lib/python3.9/site-packages/airflow/example_dags/example_branch_python_dop_operator_3.py took 0.122 seconds
[2023-03-12T07:49:43.643+0000] {processor.py:153} INFO - Started process (PID=2858) to work on /home/melicharovykrecek/venv/lib/python3.9/site-packages/airflow/example_dags/example_branch_python_dop_operator_3.py
[2023-03-12T07:49:43.647+0000] {processor.py:743} INFO - Processing file /home/melicharovykrecek/venv/lib/python3.9/site-packages/airflow/example_dags/example_branch_python_dop_operator_3.py for tasks to queue
[2023-03-12T07:49:43.648+0000] {logging_mixin.py:137} INFO - [2023-03-12T07:49:43.648+0000] {dagbag.py:538} INFO - Filling up the DagBag from /home/melicharovykrecek/venv/lib/python3.9/site-packages/airflow/example_dags/example_branch_python_dop_operator_3.py
[2023-03-12T07:49:43.680+0000] {processor.py:753} INFO - DAG(s) dict_keys(['example_branch_dop_operator_v3']) retrieved from /home/melicharovykrecek/venv/lib/python3.9/site-packages/airflow/example_dags/example_branch_python_dop_operator_3.py
[2023-03-12T07:49:43.708+0000] {logging_mixin.py:137} INFO - [2023-03-12T07:49:43.708+0000] {dag.py:2690} INFO - Sync 1 DAGs
[2023-03-12T07:49:43.738+0000] {logging_mixin.py:137} INFO - [2023-03-12T07:49:43.738+0000] {dag.py:3437} INFO - Setting next_dagrun for example_branch_dop_operator_v3 to 2023-03-12T07:48:00+00:00, run_after=2023-03-12T07:49:00+00:00
[2023-03-12T07:49:43.767+0000] {processor.py:175} INFO - Processing /home/melicharovykrecek/venv/lib/python3.9/site-packages/airflow/example_dags/example_branch_python_dop_operator_3.py took 0.129 seconds
[2023-03-12T07:50:26.332+0000] {processor.py:153} INFO - Started process (PID=2904) to work on /home/melicharovykrecek/venv/lib/python3.9/site-packages/airflow/example_dags/example_branch_python_dop_operator_3.py
[2023-03-12T07:50:26.334+0000] {processor.py:743} INFO - Processing file /home/melicharovykrecek/venv/lib/python3.9/site-packages/airflow/example_dags/example_branch_python_dop_operator_3.py for tasks to queue
[2023-03-12T07:50:26.335+0000] {logging_mixin.py:137} INFO - [2023-03-12T07:50:26.335+0000] {dagbag.py:538} INFO - Filling up the DagBag from /home/melicharovykrecek/venv/lib/python3.9/site-packages/airflow/example_dags/example_branch_python_dop_operator_3.py
[2023-03-12T07:50:26.367+0000] {processor.py:753} INFO - DAG(s) dict_keys(['example_branch_dop_operator_v3']) retrieved from /home/melicharovykrecek/venv/lib/python3.9/site-packages/airflow/example_dags/example_branch_python_dop_operator_3.py
[2023-03-12T07:50:26.393+0000] {logging_mixin.py:137} INFO - [2023-03-12T07:50:26.393+0000] {dag.py:2690} INFO - Sync 1 DAGs
[2023-03-12T07:50:26.421+0000] {logging_mixin.py:137} INFO - [2023-03-12T07:50:26.421+0000] {dag.py:3437} INFO - Setting next_dagrun for example_branch_dop_operator_v3 to 2023-03-12T07:49:00+00:00, run_after=2023-03-12T07:50:00+00:00
[2023-03-12T07:50:26.450+0000] {processor.py:175} INFO - Processing /home/melicharovykrecek/venv/lib/python3.9/site-packages/airflow/example_dags/example_branch_python_dop_operator_3.py took 0.123 seconds
[2023-03-12T07:51:10.838+0000] {processor.py:153} INFO - Started process (PID=2952) to work on /home/melicharovykrecek/venv/lib/python3.9/site-packages/airflow/example_dags/example_branch_python_dop_operator_3.py
[2023-03-12T07:51:10.840+0000] {processor.py:743} INFO - Processing file /home/melicharovykrecek/venv/lib/python3.9/site-packages/airflow/example_dags/example_branch_python_dop_operator_3.py for tasks to queue
[2023-03-12T07:51:10.841+0000] {logging_mixin.py:137} INFO - [2023-03-12T07:51:10.841+0000] {dagbag.py:538} INFO - Filling up the DagBag from /home/melicharovykrecek/venv/lib/python3.9/site-packages/airflow/example_dags/example_branch_python_dop_operator_3.py
[2023-03-12T07:51:10.874+0000] {processor.py:753} INFO - DAG(s) dict_keys(['example_branch_dop_operator_v3']) retrieved from /home/melicharovykrecek/venv/lib/python3.9/site-packages/airflow/example_dags/example_branch_python_dop_operator_3.py
[2023-03-12T07:51:10.900+0000] {logging_mixin.py:137} INFO - [2023-03-12T07:51:10.900+0000] {dag.py:2690} INFO - Sync 1 DAGs
[2023-03-12T07:51:10.928+0000] {logging_mixin.py:137} INFO - [2023-03-12T07:51:10.928+0000] {dag.py:3437} INFO - Setting next_dagrun for example_branch_dop_operator_v3 to 2023-03-12T07:50:00+00:00, run_after=2023-03-12T07:51:00+00:00
[2023-03-12T07:51:10.958+0000] {processor.py:175} INFO - Processing /home/melicharovykrecek/venv/lib/python3.9/site-packages/airflow/example_dags/example_branch_python_dop_operator_3.py took 0.125 seconds
[2023-03-12T07:52:00.916+0000] {processor.py:153} INFO - Started process (PID=3000) to work on /home/melicharovykrecek/venv/lib/python3.9/site-packages/airflow/example_dags/example_branch_python_dop_operator_3.py
[2023-03-12T07:52:00.918+0000] {processor.py:743} INFO - Processing file /home/melicharovykrecek/venv/lib/python3.9/site-packages/airflow/example_dags/example_branch_python_dop_operator_3.py for tasks to queue
[2023-03-12T07:52:00.919+0000] {logging_mixin.py:137} INFO - [2023-03-12T07:52:00.919+0000] {dagbag.py:538} INFO - Filling up the DagBag from /home/melicharovykrecek/venv/lib/python3.9/site-packages/airflow/example_dags/example_branch_python_dop_operator_3.py
[2023-03-12T07:52:00.950+0000] {processor.py:753} INFO - DAG(s) dict_keys(['example_branch_dop_operator_v3']) retrieved from /home/melicharovykrecek/venv/lib/python3.9/site-packages/airflow/example_dags/example_branch_python_dop_operator_3.py
[2023-03-12T07:52:00.975+0000] {logging_mixin.py:137} INFO - [2023-03-12T07:52:00.975+0000] {dag.py:2690} INFO - Sync 1 DAGs
[2023-03-12T07:52:01.003+0000] {logging_mixin.py:137} INFO - [2023-03-12T07:52:01.003+0000] {dag.py:3437} INFO - Setting next_dagrun for example_branch_dop_operator_v3 to 2023-03-12T07:51:00+00:00, run_after=2023-03-12T07:52:00+00:00
[2023-03-12T07:52:01.037+0000] {processor.py:175} INFO - Processing /home/melicharovykrecek/venv/lib/python3.9/site-packages/airflow/example_dags/example_branch_python_dop_operator_3.py took 0.126 seconds
[2023-03-12T07:52:46.425+0000] {processor.py:153} INFO - Started process (PID=3045) to work on /home/melicharovykrecek/venv/lib/python3.9/site-packages/airflow/example_dags/example_branch_python_dop_operator_3.py
[2023-03-12T07:52:46.427+0000] {processor.py:743} INFO - Processing file /home/melicharovykrecek/venv/lib/python3.9/site-packages/airflow/example_dags/example_branch_python_dop_operator_3.py for tasks to queue
[2023-03-12T07:52:46.428+0000] {logging_mixin.py:137} INFO - [2023-03-12T07:52:46.428+0000] {dagbag.py:538} INFO - Filling up the DagBag from /home/melicharovykrecek/venv/lib/python3.9/site-packages/airflow/example_dags/example_branch_python_dop_operator_3.py
[2023-03-12T07:52:46.460+0000] {processor.py:753} INFO - DAG(s) dict_keys(['example_branch_dop_operator_v3']) retrieved from /home/melicharovykrecek/venv/lib/python3.9/site-packages/airflow/example_dags/example_branch_python_dop_operator_3.py
[2023-03-12T07:52:46.485+0000] {logging_mixin.py:137} INFO - [2023-03-12T07:52:46.485+0000] {dag.py:2690} INFO - Sync 1 DAGs
[2023-03-12T07:52:46.514+0000] {logging_mixin.py:137} INFO - [2023-03-12T07:52:46.514+0000] {dag.py:3437} INFO - Setting next_dagrun for example_branch_dop_operator_v3 to 2023-03-12T07:51:00+00:00, run_after=2023-03-12T07:52:00+00:00
[2023-03-12T07:52:46.542+0000] {processor.py:175} INFO - Processing /home/melicharovykrecek/venv/lib/python3.9/site-packages/airflow/example_dags/example_branch_python_dop_operator_3.py took 0.121 seconds
[2023-03-12T07:53:29.702+0000] {processor.py:153} INFO - Started process (PID=3087) to work on /home/melicharovykrecek/venv/lib/python3.9/site-packages/airflow/example_dags/example_branch_python_dop_operator_3.py
[2023-03-12T07:53:29.704+0000] {processor.py:743} INFO - Processing file /home/melicharovykrecek/venv/lib/python3.9/site-packages/airflow/example_dags/example_branch_python_dop_operator_3.py for tasks to queue
[2023-03-12T07:53:29.705+0000] {logging_mixin.py:137} INFO - [2023-03-12T07:53:29.705+0000] {dagbag.py:538} INFO - Filling up the DagBag from /home/melicharovykrecek/venv/lib/python3.9/site-packages/airflow/example_dags/example_branch_python_dop_operator_3.py
[2023-03-12T07:53:29.737+0000] {processor.py:753} INFO - DAG(s) dict_keys(['example_branch_dop_operator_v3']) retrieved from /home/melicharovykrecek/venv/lib/python3.9/site-packages/airflow/example_dags/example_branch_python_dop_operator_3.py
[2023-03-12T07:53:29.763+0000] {logging_mixin.py:137} INFO - [2023-03-12T07:53:29.762+0000] {dag.py:2690} INFO - Sync 1 DAGs
[2023-03-12T07:53:29.792+0000] {logging_mixin.py:137} INFO - [2023-03-12T07:53:29.792+0000] {dag.py:3437} INFO - Setting next_dagrun for example_branch_dop_operator_v3 to 2023-03-12T07:52:00+00:00, run_after=2023-03-12T07:53:00+00:00
[2023-03-12T07:53:29.819+0000] {processor.py:175} INFO - Processing /home/melicharovykrecek/venv/lib/python3.9/site-packages/airflow/example_dags/example_branch_python_dop_operator_3.py took 0.122 seconds
[2023-03-12T07:54:15.707+0000] {processor.py:153} INFO - Started process (PID=3131) to work on /home/melicharovykrecek/venv/lib/python3.9/site-packages/airflow/example_dags/example_branch_python_dop_operator_3.py
[2023-03-12T07:54:15.710+0000] {processor.py:743} INFO - Processing file /home/melicharovykrecek/venv/lib/python3.9/site-packages/airflow/example_dags/example_branch_python_dop_operator_3.py for tasks to queue
[2023-03-12T07:54:15.711+0000] {logging_mixin.py:137} INFO - [2023-03-12T07:54:15.710+0000] {dagbag.py:538} INFO - Filling up the DagBag from /home/melicharovykrecek/venv/lib/python3.9/site-packages/airflow/example_dags/example_branch_python_dop_operator_3.py
[2023-03-12T07:54:15.743+0000] {processor.py:753} INFO - DAG(s) dict_keys(['example_branch_dop_operator_v3']) retrieved from /home/melicharovykrecek/venv/lib/python3.9/site-packages/airflow/example_dags/example_branch_python_dop_operator_3.py
[2023-03-12T07:54:15.771+0000] {logging_mixin.py:137} INFO - [2023-03-12T07:54:15.771+0000] {dag.py:2690} INFO - Sync 1 DAGs
[2023-03-12T07:54:15.800+0000] {logging_mixin.py:137} INFO - [2023-03-12T07:54:15.800+0000] {dag.py:3437} INFO - Setting next_dagrun for example_branch_dop_operator_v3 to 2023-03-12T07:53:00+00:00, run_after=2023-03-12T07:54:00+00:00
[2023-03-12T07:54:15.827+0000] {processor.py:175} INFO - Processing /home/melicharovykrecek/venv/lib/python3.9/site-packages/airflow/example_dags/example_branch_python_dop_operator_3.py took 0.126 seconds
[2023-03-12T07:55:01.760+0000] {processor.py:153} INFO - Started process (PID=3176) to work on /home/melicharovykrecek/venv/lib/python3.9/site-packages/airflow/example_dags/example_branch_python_dop_operator_3.py
[2023-03-12T07:55:01.762+0000] {processor.py:743} INFO - Processing file /home/melicharovykrecek/venv/lib/python3.9/site-packages/airflow/example_dags/example_branch_python_dop_operator_3.py for tasks to queue
[2023-03-12T07:55:01.763+0000] {logging_mixin.py:137} INFO - [2023-03-12T07:55:01.763+0000] {dagbag.py:538} INFO - Filling up the DagBag from /home/melicharovykrecek/venv/lib/python3.9/site-packages/airflow/example_dags/example_branch_python_dop_operator_3.py
[2023-03-12T07:55:01.796+0000] {processor.py:753} INFO - DAG(s) dict_keys(['example_branch_dop_operator_v3']) retrieved from /home/melicharovykrecek/venv/lib/python3.9/site-packages/airflow/example_dags/example_branch_python_dop_operator_3.py
[2023-03-12T07:55:01.822+0000] {logging_mixin.py:137} INFO - [2023-03-12T07:55:01.821+0000] {dag.py:2690} INFO - Sync 1 DAGs
[2023-03-12T07:55:01.851+0000] {logging_mixin.py:137} INFO - [2023-03-12T07:55:01.851+0000] {dag.py:3437} INFO - Setting next_dagrun for example_branch_dop_operator_v3 to 2023-03-12T07:54:00+00:00, run_after=2023-03-12T07:55:00+00:00
[2023-03-12T07:55:01.879+0000] {processor.py:175} INFO - Processing /home/melicharovykrecek/venv/lib/python3.9/site-packages/airflow/example_dags/example_branch_python_dop_operator_3.py took 0.123 seconds
[2023-03-12T07:55:46.037+0000] {processor.py:153} INFO - Started process (PID=3219) to work on /home/melicharovykrecek/venv/lib/python3.9/site-packages/airflow/example_dags/example_branch_python_dop_operator_3.py
[2023-03-12T07:55:46.040+0000] {processor.py:743} INFO - Processing file /home/melicharovykrecek/venv/lib/python3.9/site-packages/airflow/example_dags/example_branch_python_dop_operator_3.py for tasks to queue
[2023-03-12T07:55:46.041+0000] {logging_mixin.py:137} INFO - [2023-03-12T07:55:46.040+0000] {dagbag.py:538} INFO - Filling up the DagBag from /home/melicharovykrecek/venv/lib/python3.9/site-packages/airflow/example_dags/example_branch_python_dop_operator_3.py
[2023-03-12T07:55:46.072+0000] {processor.py:753} INFO - DAG(s) dict_keys(['example_branch_dop_operator_v3']) retrieved from /home/melicharovykrecek/venv/lib/python3.9/site-packages/airflow/example_dags/example_branch_python_dop_operator_3.py
[2023-03-12T07:55:46.097+0000] {logging_mixin.py:137} INFO - [2023-03-12T07:55:46.097+0000] {dag.py:2690} INFO - Sync 1 DAGs
[2023-03-12T07:55:46.124+0000] {logging_mixin.py:137} INFO - [2023-03-12T07:55:46.124+0000] {dag.py:3437} INFO - Setting next_dagrun for example_branch_dop_operator_v3 to 2023-03-12T07:54:00+00:00, run_after=2023-03-12T07:55:00+00:00
[2023-03-12T07:55:46.152+0000] {processor.py:175} INFO - Processing /home/melicharovykrecek/venv/lib/python3.9/site-packages/airflow/example_dags/example_branch_python_dop_operator_3.py took 0.119 seconds
[2023-03-12T07:56:31.455+0000] {processor.py:153} INFO - Started process (PID=3266) to work on /home/melicharovykrecek/venv/lib/python3.9/site-packages/airflow/example_dags/example_branch_python_dop_operator_3.py
[2023-03-12T07:56:31.458+0000] {processor.py:743} INFO - Processing file /home/melicharovykrecek/venv/lib/python3.9/site-packages/airflow/example_dags/example_branch_python_dop_operator_3.py for tasks to queue
[2023-03-12T07:56:31.459+0000] {logging_mixin.py:137} INFO - [2023-03-12T07:56:31.459+0000] {dagbag.py:538} INFO - Filling up the DagBag from /home/melicharovykrecek/venv/lib/python3.9/site-packages/airflow/example_dags/example_branch_python_dop_operator_3.py
[2023-03-12T07:56:31.492+0000] {processor.py:753} INFO - DAG(s) dict_keys(['example_branch_dop_operator_v3']) retrieved from /home/melicharovykrecek/venv/lib/python3.9/site-packages/airflow/example_dags/example_branch_python_dop_operator_3.py
[2023-03-12T07:56:31.518+0000] {logging_mixin.py:137} INFO - [2023-03-12T07:56:31.518+0000] {dag.py:2690} INFO - Sync 1 DAGs
[2023-03-12T07:56:31.548+0000] {logging_mixin.py:137} INFO - [2023-03-12T07:56:31.548+0000] {dag.py:3437} INFO - Setting next_dagrun for example_branch_dop_operator_v3 to 2023-03-12T07:55:00+00:00, run_after=2023-03-12T07:56:00+00:00
[2023-03-12T07:56:31.577+0000] {processor.py:175} INFO - Processing /home/melicharovykrecek/venv/lib/python3.9/site-packages/airflow/example_dags/example_branch_python_dop_operator_3.py took 0.127 seconds
[2023-03-12T07:57:17.990+0000] {processor.py:153} INFO - Started process (PID=3311) to work on /home/melicharovykrecek/venv/lib/python3.9/site-packages/airflow/example_dags/example_branch_python_dop_operator_3.py
[2023-03-12T07:57:17.992+0000] {processor.py:743} INFO - Processing file /home/melicharovykrecek/venv/lib/python3.9/site-packages/airflow/example_dags/example_branch_python_dop_operator_3.py for tasks to queue
[2023-03-12T07:57:17.993+0000] {logging_mixin.py:137} INFO - [2023-03-12T07:57:17.993+0000] {dagbag.py:538} INFO - Filling up the DagBag from /home/melicharovykrecek/venv/lib/python3.9/site-packages/airflow/example_dags/example_branch_python_dop_operator_3.py
[2023-03-12T07:57:18.023+0000] {processor.py:753} INFO - DAG(s) dict_keys(['example_branch_dop_operator_v3']) retrieved from /home/melicharovykrecek/venv/lib/python3.9/site-packages/airflow/example_dags/example_branch_python_dop_operator_3.py
[2023-03-12T07:57:18.049+0000] {logging_mixin.py:137} INFO - [2023-03-12T07:57:18.049+0000] {dag.py:2690} INFO - Sync 1 DAGs
[2023-03-12T07:57:18.076+0000] {logging_mixin.py:137} INFO - [2023-03-12T07:57:18.076+0000] {dag.py:3437} INFO - Setting next_dagrun for example_branch_dop_operator_v3 to 2023-03-12T07:56:00+00:00, run_after=2023-03-12T07:57:00+00:00
[2023-03-12T07:57:18.103+0000] {processor.py:175} INFO - Processing /home/melicharovykrecek/venv/lib/python3.9/site-packages/airflow/example_dags/example_branch_python_dop_operator_3.py took 0.118 seconds
[2023-03-12T07:58:06.077+0000] {processor.py:153} INFO - Started process (PID=3356) to work on /home/melicharovykrecek/venv/lib/python3.9/site-packages/airflow/example_dags/example_branch_python_dop_operator_3.py
[2023-03-12T07:58:06.079+0000] {processor.py:743} INFO - Processing file /home/melicharovykrecek/venv/lib/python3.9/site-packages/airflow/example_dags/example_branch_python_dop_operator_3.py for tasks to queue
[2023-03-12T07:58:06.080+0000] {logging_mixin.py:137} INFO - [2023-03-12T07:58:06.080+0000] {dagbag.py:538} INFO - Filling up the DagBag from /home/melicharovykrecek/venv/lib/python3.9/site-packages/airflow/example_dags/example_branch_python_dop_operator_3.py
[2023-03-12T07:58:06.112+0000] {processor.py:753} INFO - DAG(s) dict_keys(['example_branch_dop_operator_v3']) retrieved from /home/melicharovykrecek/venv/lib/python3.9/site-packages/airflow/example_dags/example_branch_python_dop_operator_3.py
[2023-03-12T07:58:06.137+0000] {logging_mixin.py:137} INFO - [2023-03-12T07:58:06.137+0000] {dag.py:2690} INFO - Sync 1 DAGs
[2023-03-12T07:58:06.166+0000] {logging_mixin.py:137} INFO - [2023-03-12T07:58:06.166+0000] {dag.py:3437} INFO - Setting next_dagrun for example_branch_dop_operator_v3 to 2023-03-12T07:57:00+00:00, run_after=2023-03-12T07:58:00+00:00
[2023-03-12T07:58:06.194+0000] {processor.py:175} INFO - Processing /home/melicharovykrecek/venv/lib/python3.9/site-packages/airflow/example_dags/example_branch_python_dop_operator_3.py took 0.121 seconds
[2023-03-12T07:58:51.984+0000] {processor.py:153} INFO - Started process (PID=3402) to work on /home/melicharovykrecek/venv/lib/python3.9/site-packages/airflow/example_dags/example_branch_python_dop_operator_3.py
[2023-03-12T07:58:51.986+0000] {processor.py:743} INFO - Processing file /home/melicharovykrecek/venv/lib/python3.9/site-packages/airflow/example_dags/example_branch_python_dop_operator_3.py for tasks to queue
[2023-03-12T07:58:51.987+0000] {logging_mixin.py:137} INFO - [2023-03-12T07:58:51.986+0000] {dagbag.py:538} INFO - Filling up the DagBag from /home/melicharovykrecek/venv/lib/python3.9/site-packages/airflow/example_dags/example_branch_python_dop_operator_3.py
[2023-03-12T07:58:52.020+0000] {processor.py:753} INFO - DAG(s) dict_keys(['example_branch_dop_operator_v3']) retrieved from /home/melicharovykrecek/venv/lib/python3.9/site-packages/airflow/example_dags/example_branch_python_dop_operator_3.py
[2023-03-12T07:58:52.046+0000] {logging_mixin.py:137} INFO - [2023-03-12T07:58:52.046+0000] {dag.py:2690} INFO - Sync 1 DAGs
[2023-03-12T07:58:52.074+0000] {logging_mixin.py:137} INFO - [2023-03-12T07:58:52.074+0000] {dag.py:3437} INFO - Setting next_dagrun for example_branch_dop_operator_v3 to 2023-03-12T07:57:00+00:00, run_after=2023-03-12T07:58:00+00:00
[2023-03-12T07:58:52.102+0000] {processor.py:175} INFO - Processing /home/melicharovykrecek/venv/lib/python3.9/site-packages/airflow/example_dags/example_branch_python_dop_operator_3.py took 0.123 seconds
[2023-03-12T07:59:37.986+0000] {processor.py:153} INFO - Started process (PID=3447) to work on /home/melicharovykrecek/venv/lib/python3.9/site-packages/airflow/example_dags/example_branch_python_dop_operator_3.py
[2023-03-12T07:59:37.988+0000] {processor.py:743} INFO - Processing file /home/melicharovykrecek/venv/lib/python3.9/site-packages/airflow/example_dags/example_branch_python_dop_operator_3.py for tasks to queue
[2023-03-12T07:59:37.989+0000] {logging_mixin.py:137} INFO - [2023-03-12T07:59:37.989+0000] {dagbag.py:538} INFO - Filling up the DagBag from /home/melicharovykrecek/venv/lib/python3.9/site-packages/airflow/example_dags/example_branch_python_dop_operator_3.py
[2023-03-12T07:59:38.024+0000] {processor.py:753} INFO - DAG(s) dict_keys(['example_branch_dop_operator_v3']) retrieved from /home/melicharovykrecek/venv/lib/python3.9/site-packages/airflow/example_dags/example_branch_python_dop_operator_3.py
[2023-03-12T07:59:38.050+0000] {logging_mixin.py:137} INFO - [2023-03-12T07:59:38.049+0000] {dag.py:2690} INFO - Sync 1 DAGs
[2023-03-12T07:59:38.080+0000] {logging_mixin.py:137} INFO - [2023-03-12T07:59:38.080+0000] {dag.py:3437} INFO - Setting next_dagrun for example_branch_dop_operator_v3 to 2023-03-12T07:58:00+00:00, run_after=2023-03-12T07:59:00+00:00
[2023-03-12T07:59:38.107+0000] {processor.py:175} INFO - Processing /home/melicharovykrecek/venv/lib/python3.9/site-packages/airflow/example_dags/example_branch_python_dop_operator_3.py took 0.126 seconds
[2023-03-12T08:00:25.926+0000] {processor.py:153} INFO - Started process (PID=3518) to work on /home/melicharovykrecek/venv/lib/python3.9/site-packages/airflow/example_dags/example_branch_python_dop_operator_3.py
[2023-03-12T08:00:25.928+0000] {processor.py:743} INFO - Processing file /home/melicharovykrecek/venv/lib/python3.9/site-packages/airflow/example_dags/example_branch_python_dop_operator_3.py for tasks to queue
[2023-03-12T08:00:25.929+0000] {logging_mixin.py:137} INFO - [2023-03-12T08:00:25.929+0000] {dagbag.py:538} INFO - Filling up the DagBag from /home/melicharovykrecek/venv/lib/python3.9/site-packages/airflow/example_dags/example_branch_python_dop_operator_3.py
[2023-03-12T08:00:25.960+0000] {processor.py:753} INFO - DAG(s) dict_keys(['example_branch_dop_operator_v3']) retrieved from /home/melicharovykrecek/venv/lib/python3.9/site-packages/airflow/example_dags/example_branch_python_dop_operator_3.py
[2023-03-12T08:00:25.985+0000] {logging_mixin.py:137} INFO - [2023-03-12T08:00:25.985+0000] {dag.py:2690} INFO - Sync 1 DAGs
[2023-03-12T08:00:26.014+0000] {logging_mixin.py:137} INFO - [2023-03-12T08:00:26.014+0000] {dag.py:3437} INFO - Setting next_dagrun for example_branch_dop_operator_v3 to 2023-03-12T07:59:00+00:00, run_after=2023-03-12T08:00:00+00:00
[2023-03-12T08:00:26.040+0000] {processor.py:175} INFO - Processing /home/melicharovykrecek/venv/lib/python3.9/site-packages/airflow/example_dags/example_branch_python_dop_operator_3.py took 0.118 seconds
[2023-03-12T08:01:14.943+0000] {processor.py:153} INFO - Started process (PID=3573) to work on /home/melicharovykrecek/venv/lib/python3.9/site-packages/airflow/example_dags/example_branch_python_dop_operator_3.py
[2023-03-12T08:01:14.945+0000] {processor.py:743} INFO - Processing file /home/melicharovykrecek/venv/lib/python3.9/site-packages/airflow/example_dags/example_branch_python_dop_operator_3.py for tasks to queue
[2023-03-12T08:01:14.946+0000] {logging_mixin.py:137} INFO - [2023-03-12T08:01:14.945+0000] {dagbag.py:538} INFO - Filling up the DagBag from /home/melicharovykrecek/venv/lib/python3.9/site-packages/airflow/example_dags/example_branch_python_dop_operator_3.py
[2023-03-12T08:01:14.978+0000] {processor.py:753} INFO - DAG(s) dict_keys(['example_branch_dop_operator_v3']) retrieved from /home/melicharovykrecek/venv/lib/python3.9/site-packages/airflow/example_dags/example_branch_python_dop_operator_3.py
[2023-03-12T08:01:15.007+0000] {logging_mixin.py:137} INFO - [2023-03-12T08:01:15.006+0000] {dag.py:2690} INFO - Sync 1 DAGs
[2023-03-12T08:01:15.036+0000] {logging_mixin.py:137} INFO - [2023-03-12T08:01:15.036+0000] {dag.py:3437} INFO - Setting next_dagrun for example_branch_dop_operator_v3 to 2023-03-12T08:00:00+00:00, run_after=2023-03-12T08:01:00+00:00
[2023-03-12T08:01:15.065+0000] {processor.py:175} INFO - Processing /home/melicharovykrecek/venv/lib/python3.9/site-packages/airflow/example_dags/example_branch_python_dop_operator_3.py took 0.127 seconds
[2023-03-12T08:02:03.098+0000] {processor.py:153} INFO - Started process (PID=3619) to work on /home/melicharovykrecek/venv/lib/python3.9/site-packages/airflow/example_dags/example_branch_python_dop_operator_3.py
[2023-03-12T08:02:03.101+0000] {processor.py:743} INFO - Processing file /home/melicharovykrecek/venv/lib/python3.9/site-packages/airflow/example_dags/example_branch_python_dop_operator_3.py for tasks to queue
[2023-03-12T08:02:03.102+0000] {logging_mixin.py:137} INFO - [2023-03-12T08:02:03.102+0000] {dagbag.py:538} INFO - Filling up the DagBag from /home/melicharovykrecek/venv/lib/python3.9/site-packages/airflow/example_dags/example_branch_python_dop_operator_3.py
[2023-03-12T08:02:03.140+0000] {processor.py:753} INFO - DAG(s) dict_keys(['example_branch_dop_operator_v3']) retrieved from /home/melicharovykrecek/venv/lib/python3.9/site-packages/airflow/example_dags/example_branch_python_dop_operator_3.py
[2023-03-12T08:02:03.168+0000] {logging_mixin.py:137} INFO - [2023-03-12T08:02:03.168+0000] {dag.py:2690} INFO - Sync 1 DAGs
[2023-03-12T08:02:03.209+0000] {logging_mixin.py:137} INFO - [2023-03-12T08:02:03.208+0000] {dag.py:3437} INFO - Setting next_dagrun for example_branch_dop_operator_v3 to 2023-03-12T08:01:00+00:00, run_after=2023-03-12T08:02:00+00:00
[2023-03-12T08:02:03.244+0000] {processor.py:175} INFO - Processing /home/melicharovykrecek/venv/lib/python3.9/site-packages/airflow/example_dags/example_branch_python_dop_operator_3.py took 0.151 seconds
[2023-03-12T08:02:49.542+0000] {processor.py:153} INFO - Started process (PID=3665) to work on /home/melicharovykrecek/venv/lib/python3.9/site-packages/airflow/example_dags/example_branch_python_dop_operator_3.py
[2023-03-12T08:02:49.544+0000] {processor.py:743} INFO - Processing file /home/melicharovykrecek/venv/lib/python3.9/site-packages/airflow/example_dags/example_branch_python_dop_operator_3.py for tasks to queue
[2023-03-12T08:02:49.545+0000] {logging_mixin.py:137} INFO - [2023-03-12T08:02:49.545+0000] {dagbag.py:538} INFO - Filling up the DagBag from /home/melicharovykrecek/venv/lib/python3.9/site-packages/airflow/example_dags/example_branch_python_dop_operator_3.py
[2023-03-12T08:02:49.577+0000] {processor.py:753} INFO - DAG(s) dict_keys(['example_branch_dop_operator_v3']) retrieved from /home/melicharovykrecek/venv/lib/python3.9/site-packages/airflow/example_dags/example_branch_python_dop_operator_3.py
[2023-03-12T08:02:49.602+0000] {logging_mixin.py:137} INFO - [2023-03-12T08:02:49.601+0000] {dag.py:2690} INFO - Sync 1 DAGs
[2023-03-12T08:02:49.630+0000] {logging_mixin.py:137} INFO - [2023-03-12T08:02:49.629+0000] {dag.py:3437} INFO - Setting next_dagrun for example_branch_dop_operator_v3 to 2023-03-12T08:01:00+00:00, run_after=2023-03-12T08:02:00+00:00
[2023-03-12T08:02:49.659+0000] {processor.py:175} INFO - Processing /home/melicharovykrecek/venv/lib/python3.9/site-packages/airflow/example_dags/example_branch_python_dop_operator_3.py took 0.122 seconds
[2023-03-12T08:03:37.786+0000] {processor.py:153} INFO - Started process (PID=3711) to work on /home/melicharovykrecek/venv/lib/python3.9/site-packages/airflow/example_dags/example_branch_python_dop_operator_3.py
[2023-03-12T08:03:37.788+0000] {processor.py:743} INFO - Processing file /home/melicharovykrecek/venv/lib/python3.9/site-packages/airflow/example_dags/example_branch_python_dop_operator_3.py for tasks to queue
[2023-03-12T08:03:37.789+0000] {logging_mixin.py:137} INFO - [2023-03-12T08:03:37.789+0000] {dagbag.py:538} INFO - Filling up the DagBag from /home/melicharovykrecek/venv/lib/python3.9/site-packages/airflow/example_dags/example_branch_python_dop_operator_3.py
[2023-03-12T08:03:37.819+0000] {processor.py:753} INFO - DAG(s) dict_keys(['example_branch_dop_operator_v3']) retrieved from /home/melicharovykrecek/venv/lib/python3.9/site-packages/airflow/example_dags/example_branch_python_dop_operator_3.py
[2023-03-12T08:03:37.844+0000] {logging_mixin.py:137} INFO - [2023-03-12T08:03:37.843+0000] {dag.py:2690} INFO - Sync 1 DAGs
[2023-03-12T08:03:37.872+0000] {logging_mixin.py:137} INFO - [2023-03-12T08:03:37.872+0000] {dag.py:3437} INFO - Setting next_dagrun for example_branch_dop_operator_v3 to 2023-03-12T08:02:00+00:00, run_after=2023-03-12T08:03:00+00:00
[2023-03-12T08:03:37.898+0000] {processor.py:175} INFO - Processing /home/melicharovykrecek/venv/lib/python3.9/site-packages/airflow/example_dags/example_branch_python_dop_operator_3.py took 0.117 seconds
[2023-03-12T08:04:19.753+0000] {processor.py:153} INFO - Started process (PID=3753) to work on /home/melicharovykrecek/venv/lib/python3.9/site-packages/airflow/example_dags/example_branch_python_dop_operator_3.py
[2023-03-12T08:04:19.755+0000] {processor.py:743} INFO - Processing file /home/melicharovykrecek/venv/lib/python3.9/site-packages/airflow/example_dags/example_branch_python_dop_operator_3.py for tasks to queue
[2023-03-12T08:04:19.756+0000] {logging_mixin.py:137} INFO - [2023-03-12T08:04:19.756+0000] {dagbag.py:538} INFO - Filling up the DagBag from /home/melicharovykrecek/venv/lib/python3.9/site-packages/airflow/example_dags/example_branch_python_dop_operator_3.py
[2023-03-12T08:04:19.788+0000] {processor.py:753} INFO - DAG(s) dict_keys(['example_branch_dop_operator_v3']) retrieved from /home/melicharovykrecek/venv/lib/python3.9/site-packages/airflow/example_dags/example_branch_python_dop_operator_3.py
[2023-03-12T08:04:19.814+0000] {logging_mixin.py:137} INFO - [2023-03-12T08:04:19.814+0000] {dag.py:2690} INFO - Sync 1 DAGs
[2023-03-12T08:04:19.842+0000] {logging_mixin.py:137} INFO - [2023-03-12T08:04:19.842+0000] {dag.py:3437} INFO - Setting next_dagrun for example_branch_dop_operator_v3 to 2023-03-12T08:03:00+00:00, run_after=2023-03-12T08:04:00+00:00
[2023-03-12T08:04:19.868+0000] {processor.py:175} INFO - Processing /home/melicharovykrecek/venv/lib/python3.9/site-packages/airflow/example_dags/example_branch_python_dop_operator_3.py took 0.121 seconds
[2023-03-12T08:05:08.326+0000] {processor.py:153} INFO - Started process (PID=3801) to work on /home/melicharovykrecek/venv/lib/python3.9/site-packages/airflow/example_dags/example_branch_python_dop_operator_3.py
[2023-03-12T08:05:08.328+0000] {processor.py:743} INFO - Processing file /home/melicharovykrecek/venv/lib/python3.9/site-packages/airflow/example_dags/example_branch_python_dop_operator_3.py for tasks to queue
[2023-03-12T08:05:08.329+0000] {logging_mixin.py:137} INFO - [2023-03-12T08:05:08.329+0000] {dagbag.py:538} INFO - Filling up the DagBag from /home/melicharovykrecek/venv/lib/python3.9/site-packages/airflow/example_dags/example_branch_python_dop_operator_3.py
[2023-03-12T08:05:08.360+0000] {processor.py:753} INFO - DAG(s) dict_keys(['example_branch_dop_operator_v3']) retrieved from /home/melicharovykrecek/venv/lib/python3.9/site-packages/airflow/example_dags/example_branch_python_dop_operator_3.py
[2023-03-12T08:05:08.387+0000] {logging_mixin.py:137} INFO - [2023-03-12T08:05:08.386+0000] {dag.py:2690} INFO - Sync 1 DAGs
[2023-03-12T08:05:08.420+0000] {logging_mixin.py:137} INFO - [2023-03-12T08:05:08.419+0000] {dag.py:3437} INFO - Setting next_dagrun for example_branch_dop_operator_v3 to 2023-03-12T08:04:00+00:00, run_after=2023-03-12T08:05:00+00:00
[2023-03-12T08:05:08.452+0000] {processor.py:175} INFO - Processing /home/melicharovykrecek/venv/lib/python3.9/site-packages/airflow/example_dags/example_branch_python_dop_operator_3.py took 0.131 seconds
[2023-03-12T08:05:57.793+0000] {processor.py:153} INFO - Started process (PID=3847) to work on /home/melicharovykrecek/venv/lib/python3.9/site-packages/airflow/example_dags/example_branch_python_dop_operator_3.py
[2023-03-12T08:05:57.795+0000] {processor.py:743} INFO - Processing file /home/melicharovykrecek/venv/lib/python3.9/site-packages/airflow/example_dags/example_branch_python_dop_operator_3.py for tasks to queue
[2023-03-12T08:05:57.796+0000] {logging_mixin.py:137} INFO - [2023-03-12T08:05:57.796+0000] {dagbag.py:538} INFO - Filling up the DagBag from /home/melicharovykrecek/venv/lib/python3.9/site-packages/airflow/example_dags/example_branch_python_dop_operator_3.py
[2023-03-12T08:05:57.830+0000] {processor.py:753} INFO - DAG(s) dict_keys(['example_branch_dop_operator_v3']) retrieved from /home/melicharovykrecek/venv/lib/python3.9/site-packages/airflow/example_dags/example_branch_python_dop_operator_3.py
[2023-03-12T08:05:57.857+0000] {logging_mixin.py:137} INFO - [2023-03-12T08:05:57.856+0000] {dag.py:2690} INFO - Sync 1 DAGs
[2023-03-12T08:05:57.886+0000] {logging_mixin.py:137} INFO - [2023-03-12T08:05:57.885+0000] {dag.py:3437} INFO - Setting next_dagrun for example_branch_dop_operator_v3 to 2023-03-12T08:04:00+00:00, run_after=2023-03-12T08:05:00+00:00
[2023-03-12T08:05:57.917+0000] {processor.py:175} INFO - Processing /home/melicharovykrecek/venv/lib/python3.9/site-packages/airflow/example_dags/example_branch_python_dop_operator_3.py took 0.129 seconds
[2023-03-12T08:06:48.215+0000] {processor.py:153} INFO - Started process (PID=3897) to work on /home/melicharovykrecek/venv/lib/python3.9/site-packages/airflow/example_dags/example_branch_python_dop_operator_3.py
[2023-03-12T08:06:48.217+0000] {processor.py:743} INFO - Processing file /home/melicharovykrecek/venv/lib/python3.9/site-packages/airflow/example_dags/example_branch_python_dop_operator_3.py for tasks to queue
[2023-03-12T08:06:48.218+0000] {logging_mixin.py:137} INFO - [2023-03-12T08:06:48.218+0000] {dagbag.py:538} INFO - Filling up the DagBag from /home/melicharovykrecek/venv/lib/python3.9/site-packages/airflow/example_dags/example_branch_python_dop_operator_3.py
[2023-03-12T08:06:48.250+0000] {processor.py:753} INFO - DAG(s) dict_keys(['example_branch_dop_operator_v3']) retrieved from /home/melicharovykrecek/venv/lib/python3.9/site-packages/airflow/example_dags/example_branch_python_dop_operator_3.py
[2023-03-12T08:06:48.277+0000] {logging_mixin.py:137} INFO - [2023-03-12T08:06:48.277+0000] {dag.py:2690} INFO - Sync 1 DAGs
[2023-03-12T08:06:48.309+0000] {logging_mixin.py:137} INFO - [2023-03-12T08:06:48.308+0000] {dag.py:3437} INFO - Setting next_dagrun for example_branch_dop_operator_v3 to 2023-03-12T08:05:00+00:00, run_after=2023-03-12T08:06:00+00:00
[2023-03-12T08:06:48.337+0000] {processor.py:175} INFO - Processing /home/melicharovykrecek/venv/lib/python3.9/site-packages/airflow/example_dags/example_branch_python_dop_operator_3.py took 0.127 seconds
[2023-03-12T08:07:37.812+0000] {processor.py:153} INFO - Started process (PID=3945) to work on /home/melicharovykrecek/venv/lib/python3.9/site-packages/airflow/example_dags/example_branch_python_dop_operator_3.py
[2023-03-12T08:07:37.814+0000] {processor.py:743} INFO - Processing file /home/melicharovykrecek/venv/lib/python3.9/site-packages/airflow/example_dags/example_branch_python_dop_operator_3.py for tasks to queue
[2023-03-12T08:07:37.815+0000] {logging_mixin.py:137} INFO - [2023-03-12T08:07:37.815+0000] {dagbag.py:538} INFO - Filling up the DagBag from /home/melicharovykrecek/venv/lib/python3.9/site-packages/airflow/example_dags/example_branch_python_dop_operator_3.py
[2023-03-12T08:07:37.847+0000] {processor.py:753} INFO - DAG(s) dict_keys(['example_branch_dop_operator_v3']) retrieved from /home/melicharovykrecek/venv/lib/python3.9/site-packages/airflow/example_dags/example_branch_python_dop_operator_3.py
[2023-03-12T08:07:37.872+0000] {logging_mixin.py:137} INFO - [2023-03-12T08:07:37.871+0000] {dag.py:2690} INFO - Sync 1 DAGs
[2023-03-12T08:07:37.903+0000] {logging_mixin.py:137} INFO - [2023-03-12T08:07:37.903+0000] {dag.py:3437} INFO - Setting next_dagrun for example_branch_dop_operator_v3 to 2023-03-12T08:06:00+00:00, run_after=2023-03-12T08:07:00+00:00
[2023-03-12T08:07:37.932+0000] {processor.py:175} INFO - Processing /home/melicharovykrecek/venv/lib/python3.9/site-packages/airflow/example_dags/example_branch_python_dop_operator_3.py took 0.125 seconds
[2023-03-12T08:08:21.160+0000] {processor.py:153} INFO - Started process (PID=4020) to work on /home/melicharovykrecek/venv/lib/python3.9/site-packages/airflow/example_dags/example_branch_python_dop_operator_3.py
[2023-03-12T08:08:21.163+0000] {processor.py:743} INFO - Processing file /home/melicharovykrecek/venv/lib/python3.9/site-packages/airflow/example_dags/example_branch_python_dop_operator_3.py for tasks to queue
[2023-03-12T08:08:21.165+0000] {logging_mixin.py:137} INFO - [2023-03-12T08:08:21.164+0000] {dagbag.py:538} INFO - Filling up the DagBag from /home/melicharovykrecek/venv/lib/python3.9/site-packages/airflow/example_dags/example_branch_python_dop_operator_3.py
[2023-03-12T08:08:21.196+0000] {processor.py:753} INFO - DAG(s) dict_keys(['example_branch_dop_operator_v3']) retrieved from /home/melicharovykrecek/venv/lib/python3.9/site-packages/airflow/example_dags/example_branch_python_dop_operator_3.py
[2023-03-12T08:08:21.224+0000] {logging_mixin.py:137} INFO - [2023-03-12T08:08:21.224+0000] {dag.py:2690} INFO - Sync 1 DAGs
[2023-03-12T08:08:21.255+0000] {logging_mixin.py:137} INFO - [2023-03-12T08:08:21.254+0000] {dag.py:3437} INFO - Setting next_dagrun for example_branch_dop_operator_v3 to 2023-03-12T08:07:00+00:00, run_after=2023-03-12T08:08:00+00:00
[2023-03-12T08:08:21.285+0000] {processor.py:175} INFO - Processing /home/melicharovykrecek/venv/lib/python3.9/site-packages/airflow/example_dags/example_branch_python_dop_operator_3.py took 0.129 seconds
[2023-03-12T08:09:10.991+0000] {processor.py:153} INFO - Started process (PID=4083) to work on /home/melicharovykrecek/venv/lib/python3.9/site-packages/airflow/example_dags/example_branch_python_dop_operator_3.py
[2023-03-12T08:09:10.993+0000] {processor.py:743} INFO - Processing file /home/melicharovykrecek/venv/lib/python3.9/site-packages/airflow/example_dags/example_branch_python_dop_operator_3.py for tasks to queue
[2023-03-12T08:09:10.994+0000] {logging_mixin.py:137} INFO - [2023-03-12T08:09:10.994+0000] {dagbag.py:538} INFO - Filling up the DagBag from /home/melicharovykrecek/venv/lib/python3.9/site-packages/airflow/example_dags/example_branch_python_dop_operator_3.py
[2023-03-12T08:09:11.028+0000] {processor.py:753} INFO - DAG(s) dict_keys(['example_branch_dop_operator_v3']) retrieved from /home/melicharovykrecek/venv/lib/python3.9/site-packages/airflow/example_dags/example_branch_python_dop_operator_3.py
[2023-03-12T08:09:11.054+0000] {logging_mixin.py:137} INFO - [2023-03-12T08:09:11.054+0000] {dag.py:2690} INFO - Sync 1 DAGs
[2023-03-12T08:09:11.083+0000] {logging_mixin.py:137} INFO - [2023-03-12T08:09:11.083+0000] {dag.py:3437} INFO - Setting next_dagrun for example_branch_dop_operator_v3 to 2023-03-12T08:08:00+00:00, run_after=2023-03-12T08:09:00+00:00
[2023-03-12T08:09:11.113+0000] {processor.py:175} INFO - Processing /home/melicharovykrecek/venv/lib/python3.9/site-packages/airflow/example_dags/example_branch_python_dop_operator_3.py took 0.127 seconds
[2023-03-12T08:10:02.172+0000] {processor.py:153} INFO - Started process (PID=4131) to work on /home/melicharovykrecek/venv/lib/python3.9/site-packages/airflow/example_dags/example_branch_python_dop_operator_3.py
[2023-03-12T08:10:02.174+0000] {processor.py:743} INFO - Processing file /home/melicharovykrecek/venv/lib/python3.9/site-packages/airflow/example_dags/example_branch_python_dop_operator_3.py for tasks to queue
[2023-03-12T08:10:02.175+0000] {logging_mixin.py:137} INFO - [2023-03-12T08:10:02.175+0000] {dagbag.py:538} INFO - Filling up the DagBag from /home/melicharovykrecek/venv/lib/python3.9/site-packages/airflow/example_dags/example_branch_python_dop_operator_3.py
[2023-03-12T08:10:02.207+0000] {processor.py:753} INFO - DAG(s) dict_keys(['example_branch_dop_operator_v3']) retrieved from /home/melicharovykrecek/venv/lib/python3.9/site-packages/airflow/example_dags/example_branch_python_dop_operator_3.py
[2023-03-12T08:10:02.233+0000] {logging_mixin.py:137} INFO - [2023-03-12T08:10:02.233+0000] {dag.py:2690} INFO - Sync 1 DAGs
[2023-03-12T08:10:02.263+0000] {logging_mixin.py:137} INFO - [2023-03-12T08:10:02.262+0000] {dag.py:3437} INFO - Setting next_dagrun for example_branch_dop_operator_v3 to 2023-03-12T08:09:00+00:00, run_after=2023-03-12T08:10:00+00:00
[2023-03-12T08:10:02.473+0000] {processor.py:175} INFO - Processing /home/melicharovykrecek/venv/lib/python3.9/site-packages/airflow/example_dags/example_branch_python_dop_operator_3.py took 0.306 seconds
[2023-03-12T08:10:45.586+0000] {processor.py:153} INFO - Started process (PID=4175) to work on /home/melicharovykrecek/venv/lib/python3.9/site-packages/airflow/example_dags/example_branch_python_dop_operator_3.py
[2023-03-12T08:10:45.589+0000] {processor.py:743} INFO - Processing file /home/melicharovykrecek/venv/lib/python3.9/site-packages/airflow/example_dags/example_branch_python_dop_operator_3.py for tasks to queue
[2023-03-12T08:10:45.590+0000] {logging_mixin.py:137} INFO - [2023-03-12T08:10:45.589+0000] {dagbag.py:538} INFO - Filling up the DagBag from /home/melicharovykrecek/venv/lib/python3.9/site-packages/airflow/example_dags/example_branch_python_dop_operator_3.py
[2023-03-12T08:10:45.623+0000] {processor.py:753} INFO - DAG(s) dict_keys(['example_branch_dop_operator_v3']) retrieved from /home/melicharovykrecek/venv/lib/python3.9/site-packages/airflow/example_dags/example_branch_python_dop_operator_3.py
[2023-03-12T08:10:45.648+0000] {logging_mixin.py:137} INFO - [2023-03-12T08:10:45.648+0000] {dag.py:2690} INFO - Sync 1 DAGs
[2023-03-12T08:10:45.678+0000] {logging_mixin.py:137} INFO - [2023-03-12T08:10:45.678+0000] {dag.py:3437} INFO - Setting next_dagrun for example_branch_dop_operator_v3 to 2023-03-12T08:09:00+00:00, run_after=2023-03-12T08:10:00+00:00
[2023-03-12T08:10:45.705+0000] {processor.py:175} INFO - Processing /home/melicharovykrecek/venv/lib/python3.9/site-packages/airflow/example_dags/example_branch_python_dop_operator_3.py took 0.124 seconds
[2023-03-12T08:11:30.336+0000] {processor.py:153} INFO - Started process (PID=4238) to work on /home/melicharovykrecek/venv/lib/python3.9/site-packages/airflow/example_dags/example_branch_python_dop_operator_3.py
[2023-03-12T08:11:30.338+0000] {processor.py:743} INFO - Processing file /home/melicharovykrecek/venv/lib/python3.9/site-packages/airflow/example_dags/example_branch_python_dop_operator_3.py for tasks to queue
[2023-03-12T08:11:30.339+0000] {logging_mixin.py:137} INFO - [2023-03-12T08:11:30.339+0000] {dagbag.py:538} INFO - Filling up the DagBag from /home/melicharovykrecek/venv/lib/python3.9/site-packages/airflow/example_dags/example_branch_python_dop_operator_3.py
[2023-03-12T08:11:30.371+0000] {processor.py:753} INFO - DAG(s) dict_keys(['example_branch_dop_operator_v3']) retrieved from /home/melicharovykrecek/venv/lib/python3.9/site-packages/airflow/example_dags/example_branch_python_dop_operator_3.py
[2023-03-12T08:11:30.398+0000] {logging_mixin.py:137} INFO - [2023-03-12T08:11:30.397+0000] {dag.py:2690} INFO - Sync 1 DAGs
[2023-03-12T08:11:30.426+0000] {logging_mixin.py:137} INFO - [2023-03-12T08:11:30.426+0000] {dag.py:3437} INFO - Setting next_dagrun for example_branch_dop_operator_v3 to 2023-03-12T08:10:00+00:00, run_after=2023-03-12T08:11:00+00:00
[2023-03-12T08:11:30.454+0000] {processor.py:175} INFO - Processing /home/melicharovykrecek/venv/lib/python3.9/site-packages/airflow/example_dags/example_branch_python_dop_operator_3.py took 0.123 seconds
[2023-03-12T08:12:22.237+0000] {processor.py:153} INFO - Started process (PID=4298) to work on /home/melicharovykrecek/venv/lib/python3.9/site-packages/airflow/example_dags/example_branch_python_dop_operator_3.py
[2023-03-12T08:12:22.239+0000] {processor.py:743} INFO - Processing file /home/melicharovykrecek/venv/lib/python3.9/site-packages/airflow/example_dags/example_branch_python_dop_operator_3.py for tasks to queue
[2023-03-12T08:12:22.240+0000] {logging_mixin.py:137} INFO - [2023-03-12T08:12:22.240+0000] {dagbag.py:538} INFO - Filling up the DagBag from /home/melicharovykrecek/venv/lib/python3.9/site-packages/airflow/example_dags/example_branch_python_dop_operator_3.py
[2023-03-12T08:12:22.276+0000] {processor.py:753} INFO - DAG(s) dict_keys(['example_branch_dop_operator_v3']) retrieved from /home/melicharovykrecek/venv/lib/python3.9/site-packages/airflow/example_dags/example_branch_python_dop_operator_3.py
[2023-03-12T08:12:22.304+0000] {logging_mixin.py:137} INFO - [2023-03-12T08:12:22.304+0000] {dag.py:2690} INFO - Sync 1 DAGs
[2023-03-12T08:12:22.333+0000] {logging_mixin.py:137} INFO - [2023-03-12T08:12:22.333+0000] {dag.py:3437} INFO - Setting next_dagrun for example_branch_dop_operator_v3 to 2023-03-12T08:11:00+00:00, run_after=2023-03-12T08:12:00+00:00
[2023-03-12T08:12:22.364+0000] {processor.py:175} INFO - Processing /home/melicharovykrecek/venv/lib/python3.9/site-packages/airflow/example_dags/example_branch_python_dop_operator_3.py took 0.132 seconds
[2023-03-12T08:13:07.707+0000] {processor.py:153} INFO - Started process (PID=4362) to work on /home/melicharovykrecek/venv/lib/python3.9/site-packages/airflow/example_dags/example_branch_python_dop_operator_3.py
[2023-03-12T08:13:07.709+0000] {processor.py:743} INFO - Processing file /home/melicharovykrecek/venv/lib/python3.9/site-packages/airflow/example_dags/example_branch_python_dop_operator_3.py for tasks to queue
[2023-03-12T08:13:07.710+0000] {logging_mixin.py:137} INFO - [2023-03-12T08:13:07.709+0000] {dagbag.py:538} INFO - Filling up the DagBag from /home/melicharovykrecek/venv/lib/python3.9/site-packages/airflow/example_dags/example_branch_python_dop_operator_3.py
[2023-03-12T08:13:07.742+0000] {processor.py:753} INFO - DAG(s) dict_keys(['example_branch_dop_operator_v3']) retrieved from /home/melicharovykrecek/venv/lib/python3.9/site-packages/airflow/example_dags/example_branch_python_dop_operator_3.py
[2023-03-12T08:13:07.768+0000] {logging_mixin.py:137} INFO - [2023-03-12T08:13:07.768+0000] {dag.py:2690} INFO - Sync 1 DAGs
[2023-03-12T08:13:07.799+0000] {logging_mixin.py:137} INFO - [2023-03-12T08:13:07.799+0000] {dag.py:3437} INFO - Setting next_dagrun for example_branch_dop_operator_v3 to 2023-03-12T08:12:00+00:00, run_after=2023-03-12T08:13:00+00:00
[2023-03-12T08:13:07.832+0000] {processor.py:175} INFO - Processing /home/melicharovykrecek/venv/lib/python3.9/site-packages/airflow/example_dags/example_branch_python_dop_operator_3.py took 0.130 seconds
[2023-03-12T08:14:00.925+0000] {processor.py:153} INFO - Started process (PID=4419) to work on /home/melicharovykrecek/venv/lib/python3.9/site-packages/airflow/example_dags/example_branch_python_dop_operator_3.py
[2023-03-12T08:14:00.927+0000] {processor.py:743} INFO - Processing file /home/melicharovykrecek/venv/lib/python3.9/site-packages/airflow/example_dags/example_branch_python_dop_operator_3.py for tasks to queue
[2023-03-12T08:14:00.928+0000] {logging_mixin.py:137} INFO - [2023-03-12T08:14:00.928+0000] {dagbag.py:538} INFO - Filling up the DagBag from /home/melicharovykrecek/venv/lib/python3.9/site-packages/airflow/example_dags/example_branch_python_dop_operator_3.py
[2023-03-12T08:14:00.961+0000] {processor.py:753} INFO - DAG(s) dict_keys(['example_branch_dop_operator_v3']) retrieved from /home/melicharovykrecek/venv/lib/python3.9/site-packages/airflow/example_dags/example_branch_python_dop_operator_3.py
[2023-03-12T08:14:00.991+0000] {logging_mixin.py:137} INFO - [2023-03-12T08:14:00.990+0000] {dag.py:2690} INFO - Sync 1 DAGs
[2023-03-12T08:14:01.021+0000] {logging_mixin.py:137} INFO - [2023-03-12T08:14:01.021+0000] {dag.py:3437} INFO - Setting next_dagrun for example_branch_dop_operator_v3 to 2023-03-12T08:13:00+00:00, run_after=2023-03-12T08:14:00+00:00
[2023-03-12T08:14:01.046+0000] {processor.py:175} INFO - Processing /home/melicharovykrecek/venv/lib/python3.9/site-packages/airflow/example_dags/example_branch_python_dop_operator_3.py took 0.127 seconds
[2023-03-12T08:14:49.768+0000] {processor.py:153} INFO - Started process (PID=4484) to work on /home/melicharovykrecek/venv/lib/python3.9/site-packages/airflow/example_dags/example_branch_python_dop_operator_3.py
[2023-03-12T08:14:49.770+0000] {processor.py:743} INFO - Processing file /home/melicharovykrecek/venv/lib/python3.9/site-packages/airflow/example_dags/example_branch_python_dop_operator_3.py for tasks to queue
[2023-03-12T08:14:49.771+0000] {logging_mixin.py:137} INFO - [2023-03-12T08:14:49.771+0000] {dagbag.py:538} INFO - Filling up the DagBag from /home/melicharovykrecek/venv/lib/python3.9/site-packages/airflow/example_dags/example_branch_python_dop_operator_3.py
[2023-03-12T08:14:49.804+0000] {processor.py:753} INFO - DAG(s) dict_keys(['example_branch_dop_operator_v3']) retrieved from /home/melicharovykrecek/venv/lib/python3.9/site-packages/airflow/example_dags/example_branch_python_dop_operator_3.py
[2023-03-12T08:14:49.831+0000] {logging_mixin.py:137} INFO - [2023-03-12T08:14:49.830+0000] {dag.py:2690} INFO - Sync 1 DAGs
[2023-03-12T08:14:49.860+0000] {logging_mixin.py:137} INFO - [2023-03-12T08:14:49.860+0000] {dag.py:3437} INFO - Setting next_dagrun for example_branch_dop_operator_v3 to 2023-03-12T08:13:00+00:00, run_after=2023-03-12T08:14:00+00:00
[2023-03-12T08:14:49.890+0000] {processor.py:175} INFO - Processing /home/melicharovykrecek/venv/lib/python3.9/site-packages/airflow/example_dags/example_branch_python_dop_operator_3.py took 0.126 seconds
[2023-03-12T08:15:37.298+0000] {processor.py:153} INFO - Started process (PID=4532) to work on /home/melicharovykrecek/venv/lib/python3.9/site-packages/airflow/example_dags/example_branch_python_dop_operator_3.py
[2023-03-12T08:15:37.300+0000] {processor.py:743} INFO - Processing file /home/melicharovykrecek/venv/lib/python3.9/site-packages/airflow/example_dags/example_branch_python_dop_operator_3.py for tasks to queue
[2023-03-12T08:15:37.301+0000] {logging_mixin.py:137} INFO - [2023-03-12T08:15:37.301+0000] {dagbag.py:538} INFO - Filling up the DagBag from /home/melicharovykrecek/venv/lib/python3.9/site-packages/airflow/example_dags/example_branch_python_dop_operator_3.py
[2023-03-12T08:15:37.335+0000] {processor.py:753} INFO - DAG(s) dict_keys(['example_branch_dop_operator_v3']) retrieved from /home/melicharovykrecek/venv/lib/python3.9/site-packages/airflow/example_dags/example_branch_python_dop_operator_3.py
[2023-03-12T08:15:37.361+0000] {logging_mixin.py:137} INFO - [2023-03-12T08:15:37.360+0000] {dag.py:2690} INFO - Sync 1 DAGs
[2023-03-12T08:15:37.389+0000] {logging_mixin.py:137} INFO - [2023-03-12T08:15:37.389+0000] {dag.py:3437} INFO - Setting next_dagrun for example_branch_dop_operator_v3 to 2023-03-12T08:14:00+00:00, run_after=2023-03-12T08:15:00+00:00
[2023-03-12T08:15:37.416+0000] {processor.py:175} INFO - Processing /home/melicharovykrecek/venv/lib/python3.9/site-packages/airflow/example_dags/example_branch_python_dop_operator_3.py took 0.123 seconds
[2023-03-12T08:16:18.559+0000] {processor.py:153} INFO - Started process (PID=4575) to work on /home/melicharovykrecek/venv/lib/python3.9/site-packages/airflow/example_dags/example_branch_python_dop_operator_3.py
[2023-03-12T08:16:18.563+0000] {processor.py:743} INFO - Processing file /home/melicharovykrecek/venv/lib/python3.9/site-packages/airflow/example_dags/example_branch_python_dop_operator_3.py for tasks to queue
[2023-03-12T08:16:18.564+0000] {logging_mixin.py:137} INFO - [2023-03-12T08:16:18.564+0000] {dagbag.py:538} INFO - Filling up the DagBag from /home/melicharovykrecek/venv/lib/python3.9/site-packages/airflow/example_dags/example_branch_python_dop_operator_3.py
[2023-03-12T08:16:18.597+0000] {processor.py:753} INFO - DAG(s) dict_keys(['example_branch_dop_operator_v3']) retrieved from /home/melicharovykrecek/venv/lib/python3.9/site-packages/airflow/example_dags/example_branch_python_dop_operator_3.py
[2023-03-12T08:16:18.623+0000] {logging_mixin.py:137} INFO - [2023-03-12T08:16:18.623+0000] {dag.py:2690} INFO - Sync 1 DAGs
[2023-03-12T08:16:18.651+0000] {logging_mixin.py:137} INFO - [2023-03-12T08:16:18.651+0000] {dag.py:3437} INFO - Setting next_dagrun for example_branch_dop_operator_v3 to 2023-03-12T08:15:00+00:00, run_after=2023-03-12T08:16:00+00:00
[2023-03-12T08:16:18.680+0000] {processor.py:175} INFO - Processing /home/melicharovykrecek/venv/lib/python3.9/site-packages/airflow/example_dags/example_branch_python_dop_operator_3.py took 0.127 seconds
[2023-03-12T08:17:11.121+0000] {processor.py:153} INFO - Started process (PID=4637) to work on /home/melicharovykrecek/venv/lib/python3.9/site-packages/airflow/example_dags/example_branch_python_dop_operator_3.py
[2023-03-12T08:17:11.123+0000] {processor.py:743} INFO - Processing file /home/melicharovykrecek/venv/lib/python3.9/site-packages/airflow/example_dags/example_branch_python_dop_operator_3.py for tasks to queue
[2023-03-12T08:17:11.124+0000] {logging_mixin.py:137} INFO - [2023-03-12T08:17:11.123+0000] {dagbag.py:538} INFO - Filling up the DagBag from /home/melicharovykrecek/venv/lib/python3.9/site-packages/airflow/example_dags/example_branch_python_dop_operator_3.py
[2023-03-12T08:17:11.154+0000] {processor.py:753} INFO - DAG(s) dict_keys(['example_branch_dop_operator_v3']) retrieved from /home/melicharovykrecek/venv/lib/python3.9/site-packages/airflow/example_dags/example_branch_python_dop_operator_3.py
[2023-03-12T08:17:11.179+0000] {logging_mixin.py:137} INFO - [2023-03-12T08:17:11.179+0000] {dag.py:2690} INFO - Sync 1 DAGs
[2023-03-12T08:17:11.209+0000] {logging_mixin.py:137} INFO - [2023-03-12T08:17:11.209+0000] {dag.py:3437} INFO - Setting next_dagrun for example_branch_dop_operator_v3 to 2023-03-12T08:16:00+00:00, run_after=2023-03-12T08:17:00+00:00
[2023-03-12T08:17:11.400+0000] {processor.py:175} INFO - Processing /home/melicharovykrecek/venv/lib/python3.9/site-packages/airflow/example_dags/example_branch_python_dop_operator_3.py took 0.284 seconds
[2023-03-12T08:17:53.022+0000] {processor.py:153} INFO - Started process (PID=4676) to work on /home/melicharovykrecek/venv/lib/python3.9/site-packages/airflow/example_dags/example_branch_python_dop_operator_3.py
[2023-03-12T08:17:53.024+0000] {processor.py:743} INFO - Processing file /home/melicharovykrecek/venv/lib/python3.9/site-packages/airflow/example_dags/example_branch_python_dop_operator_3.py for tasks to queue
[2023-03-12T08:17:53.025+0000] {logging_mixin.py:137} INFO - [2023-03-12T08:17:53.025+0000] {dagbag.py:538} INFO - Filling up the DagBag from /home/melicharovykrecek/venv/lib/python3.9/site-packages/airflow/example_dags/example_branch_python_dop_operator_3.py
[2023-03-12T08:17:53.057+0000] {processor.py:753} INFO - DAG(s) dict_keys(['example_branch_dop_operator_v3']) retrieved from /home/melicharovykrecek/venv/lib/python3.9/site-packages/airflow/example_dags/example_branch_python_dop_operator_3.py
[2023-03-12T08:17:53.083+0000] {logging_mixin.py:137} INFO - [2023-03-12T08:17:53.083+0000] {dag.py:2690} INFO - Sync 1 DAGs
[2023-03-12T08:17:53.113+0000] {logging_mixin.py:137} INFO - [2023-03-12T08:17:53.112+0000] {dag.py:3437} INFO - Setting next_dagrun for example_branch_dop_operator_v3 to 2023-03-12T08:16:00+00:00, run_after=2023-03-12T08:17:00+00:00
[2023-03-12T08:17:53.143+0000] {processor.py:175} INFO - Processing /home/melicharovykrecek/venv/lib/python3.9/site-packages/airflow/example_dags/example_branch_python_dop_operator_3.py took 0.125 seconds
[2023-03-12T08:18:37.989+0000] {processor.py:153} INFO - Started process (PID=4721) to work on /home/melicharovykrecek/venv/lib/python3.9/site-packages/airflow/example_dags/example_branch_python_dop_operator_3.py
[2023-03-12T08:18:37.991+0000] {processor.py:743} INFO - Processing file /home/melicharovykrecek/venv/lib/python3.9/site-packages/airflow/example_dags/example_branch_python_dop_operator_3.py for tasks to queue
[2023-03-12T08:18:37.992+0000] {logging_mixin.py:137} INFO - [2023-03-12T08:18:37.992+0000] {dagbag.py:538} INFO - Filling up the DagBag from /home/melicharovykrecek/venv/lib/python3.9/site-packages/airflow/example_dags/example_branch_python_dop_operator_3.py
[2023-03-12T08:18:38.023+0000] {processor.py:753} INFO - DAG(s) dict_keys(['example_branch_dop_operator_v3']) retrieved from /home/melicharovykrecek/venv/lib/python3.9/site-packages/airflow/example_dags/example_branch_python_dop_operator_3.py
[2023-03-12T08:18:38.049+0000] {logging_mixin.py:137} INFO - [2023-03-12T08:18:38.048+0000] {dag.py:2690} INFO - Sync 1 DAGs
[2023-03-12T08:18:38.077+0000] {logging_mixin.py:137} INFO - [2023-03-12T08:18:38.077+0000] {dag.py:3437} INFO - Setting next_dagrun for example_branch_dop_operator_v3 to 2023-03-12T08:17:00+00:00, run_after=2023-03-12T08:18:00+00:00
[2023-03-12T08:18:38.104+0000] {processor.py:175} INFO - Processing /home/melicharovykrecek/venv/lib/python3.9/site-packages/airflow/example_dags/example_branch_python_dop_operator_3.py took 0.120 seconds
[2023-03-12T08:19:26.085+0000] {processor.py:153} INFO - Started process (PID=4769) to work on /home/melicharovykrecek/venv/lib/python3.9/site-packages/airflow/example_dags/example_branch_python_dop_operator_3.py
[2023-03-12T08:19:26.087+0000] {processor.py:743} INFO - Processing file /home/melicharovykrecek/venv/lib/python3.9/site-packages/airflow/example_dags/example_branch_python_dop_operator_3.py for tasks to queue
[2023-03-12T08:19:26.088+0000] {logging_mixin.py:137} INFO - [2023-03-12T08:19:26.088+0000] {dagbag.py:538} INFO - Filling up the DagBag from /home/melicharovykrecek/venv/lib/python3.9/site-packages/airflow/example_dags/example_branch_python_dop_operator_3.py
[2023-03-12T08:19:26.120+0000] {processor.py:753} INFO - DAG(s) dict_keys(['example_branch_dop_operator_v3']) retrieved from /home/melicharovykrecek/venv/lib/python3.9/site-packages/airflow/example_dags/example_branch_python_dop_operator_3.py
[2023-03-12T08:19:26.145+0000] {logging_mixin.py:137} INFO - [2023-03-12T08:19:26.145+0000] {dag.py:2690} INFO - Sync 1 DAGs
[2023-03-12T08:19:26.174+0000] {logging_mixin.py:137} INFO - [2023-03-12T08:19:26.174+0000] {dag.py:3437} INFO - Setting next_dagrun for example_branch_dop_operator_v3 to 2023-03-12T08:18:00+00:00, run_after=2023-03-12T08:19:00+00:00
[2023-03-12T08:19:26.203+0000] {processor.py:175} INFO - Processing /home/melicharovykrecek/venv/lib/python3.9/site-packages/airflow/example_dags/example_branch_python_dop_operator_3.py took 0.124 seconds
[2023-03-12T08:20:15.609+0000] {processor.py:153} INFO - Started process (PID=4821) to work on /home/melicharovykrecek/venv/lib/python3.9/site-packages/airflow/example_dags/example_branch_python_dop_operator_3.py
[2023-03-12T08:20:15.611+0000] {processor.py:743} INFO - Processing file /home/melicharovykrecek/venv/lib/python3.9/site-packages/airflow/example_dags/example_branch_python_dop_operator_3.py for tasks to queue
[2023-03-12T08:20:15.612+0000] {logging_mixin.py:137} INFO - [2023-03-12T08:20:15.612+0000] {dagbag.py:538} INFO - Filling up the DagBag from /home/melicharovykrecek/venv/lib/python3.9/site-packages/airflow/example_dags/example_branch_python_dop_operator_3.py
[2023-03-12T08:20:15.647+0000] {processor.py:753} INFO - DAG(s) dict_keys(['example_branch_dop_operator_v3']) retrieved from /home/melicharovykrecek/venv/lib/python3.9/site-packages/airflow/example_dags/example_branch_python_dop_operator_3.py
[2023-03-12T08:20:15.673+0000] {logging_mixin.py:137} INFO - [2023-03-12T08:20:15.673+0000] {dag.py:2690} INFO - Sync 1 DAGs
[2023-03-12T08:20:15.701+0000] {logging_mixin.py:137} INFO - [2023-03-12T08:20:15.701+0000] {dag.py:3437} INFO - Setting next_dagrun for example_branch_dop_operator_v3 to 2023-03-12T08:19:00+00:00, run_after=2023-03-12T08:20:00+00:00
[2023-03-12T08:20:15.728+0000] {processor.py:175} INFO - Processing /home/melicharovykrecek/venv/lib/python3.9/site-packages/airflow/example_dags/example_branch_python_dop_operator_3.py took 0.124 seconds
[2023-03-12T08:20:57.772+0000] {processor.py:153} INFO - Started process (PID=4862) to work on /home/melicharovykrecek/venv/lib/python3.9/site-packages/airflow/example_dags/example_branch_python_dop_operator_3.py
[2023-03-12T08:20:57.774+0000] {processor.py:743} INFO - Processing file /home/melicharovykrecek/venv/lib/python3.9/site-packages/airflow/example_dags/example_branch_python_dop_operator_3.py for tasks to queue
[2023-03-12T08:20:57.775+0000] {logging_mixin.py:137} INFO - [2023-03-12T08:20:57.775+0000] {dagbag.py:538} INFO - Filling up the DagBag from /home/melicharovykrecek/venv/lib/python3.9/site-packages/airflow/example_dags/example_branch_python_dop_operator_3.py
[2023-03-12T08:20:57.807+0000] {processor.py:753} INFO - DAG(s) dict_keys(['example_branch_dop_operator_v3']) retrieved from /home/melicharovykrecek/venv/lib/python3.9/site-packages/airflow/example_dags/example_branch_python_dop_operator_3.py
[2023-03-12T08:20:57.833+0000] {logging_mixin.py:137} INFO - [2023-03-12T08:20:57.833+0000] {dag.py:2690} INFO - Sync 1 DAGs
[2023-03-12T08:20:57.867+0000] {logging_mixin.py:137} INFO - [2023-03-12T08:20:57.867+0000] {dag.py:3437} INFO - Setting next_dagrun for example_branch_dop_operator_v3 to 2023-03-12T08:19:00+00:00, run_after=2023-03-12T08:20:00+00:00
[2023-03-12T08:20:58.078+0000] {processor.py:175} INFO - Processing /home/melicharovykrecek/venv/lib/python3.9/site-packages/airflow/example_dags/example_branch_python_dop_operator_3.py took 0.312 seconds
