[2023-03-12T07:30:52.367+0000] {processor.py:153} INFO - Started process (PID=1497) to work on /home/melicharovykrecek/venv/lib/python3.9/site-packages/airflow/example_dags/example_latest_only.py
[2023-03-12T07:30:52.368+0000] {processor.py:743} INFO - Processing file /home/melicharovykrecek/venv/lib/python3.9/site-packages/airflow/example_dags/example_latest_only.py for tasks to queue
[2023-03-12T07:30:52.369+0000] {logging_mixin.py:137} INFO - [2023-03-12T07:30:52.369+0000] {dagbag.py:538} INFO - Filling up the DagBag from /home/melicharovykrecek/venv/lib/python3.9/site-packages/airflow/example_dags/example_latest_only.py
[2023-03-12T07:30:52.387+0000] {processor.py:753} INFO - DAG(s) dict_keys(['latest_only']) retrieved from /home/melicharovykrecek/venv/lib/python3.9/site-packages/airflow/example_dags/example_latest_only.py
[2023-03-12T07:30:52.411+0000] {logging_mixin.py:137} INFO - [2023-03-12T07:30:52.411+0000] {dag.py:2690} INFO - Sync 1 DAGs
[2023-03-12T07:30:52.434+0000] {logging_mixin.py:137} INFO - [2023-03-12T07:30:52.434+0000] {dag.py:3437} INFO - Setting next_dagrun for latest_only to 2023-03-12T03:30:52.434313+00:00, run_after=2023-03-12T07:30:52.434313+00:00
[2023-03-12T07:30:52.463+0000] {processor.py:175} INFO - Processing /home/melicharovykrecek/venv/lib/python3.9/site-packages/airflow/example_dags/example_latest_only.py took 0.100 seconds
[2023-03-12T07:31:34.019+0000] {processor.py:153} INFO - Started process (PID=1556) to work on /home/melicharovykrecek/venv/lib/python3.9/site-packages/airflow/example_dags/example_latest_only.py
[2023-03-12T07:31:34.021+0000] {processor.py:743} INFO - Processing file /home/melicharovykrecek/venv/lib/python3.9/site-packages/airflow/example_dags/example_latest_only.py for tasks to queue
[2023-03-12T07:31:34.021+0000] {logging_mixin.py:137} INFO - [2023-03-12T07:31:34.021+0000] {dagbag.py:538} INFO - Filling up the DagBag from /home/melicharovykrecek/venv/lib/python3.9/site-packages/airflow/example_dags/example_latest_only.py
[2023-03-12T07:31:34.039+0000] {processor.py:753} INFO - DAG(s) dict_keys(['latest_only']) retrieved from /home/melicharovykrecek/venv/lib/python3.9/site-packages/airflow/example_dags/example_latest_only.py
[2023-03-12T07:31:34.063+0000] {logging_mixin.py:137} INFO - [2023-03-12T07:31:34.063+0000] {dag.py:2690} INFO - Sync 1 DAGs
[2023-03-12T07:31:34.087+0000] {logging_mixin.py:137} INFO - [2023-03-12T07:31:34.087+0000] {dag.py:3437} INFO - Setting next_dagrun for latest_only to 2023-03-12T03:31:34.087166+00:00, run_after=2023-03-12T07:31:34.087166+00:00
[2023-03-12T07:31:34.113+0000] {processor.py:175} INFO - Processing /home/melicharovykrecek/venv/lib/python3.9/site-packages/airflow/example_dags/example_latest_only.py took 0.099 seconds
[2023-03-12T07:32:20.613+0000] {processor.py:153} INFO - Started process (PID=1606) to work on /home/melicharovykrecek/venv/lib/python3.9/site-packages/airflow/example_dags/example_latest_only.py
[2023-03-12T07:32:20.615+0000] {processor.py:743} INFO - Processing file /home/melicharovykrecek/venv/lib/python3.9/site-packages/airflow/example_dags/example_latest_only.py for tasks to queue
[2023-03-12T07:32:20.616+0000] {logging_mixin.py:137} INFO - [2023-03-12T07:32:20.616+0000] {dagbag.py:538} INFO - Filling up the DagBag from /home/melicharovykrecek/venv/lib/python3.9/site-packages/airflow/example_dags/example_latest_only.py
[2023-03-12T07:32:20.633+0000] {processor.py:753} INFO - DAG(s) dict_keys(['latest_only']) retrieved from /home/melicharovykrecek/venv/lib/python3.9/site-packages/airflow/example_dags/example_latest_only.py
[2023-03-12T07:32:20.656+0000] {logging_mixin.py:137} INFO - [2023-03-12T07:32:20.656+0000] {dag.py:2690} INFO - Sync 1 DAGs
[2023-03-12T07:32:20.680+0000] {logging_mixin.py:137} INFO - [2023-03-12T07:32:20.680+0000] {dag.py:3437} INFO - Setting next_dagrun for latest_only to 2023-03-12T03:32:20.680090+00:00, run_after=2023-03-12T07:32:20.680090+00:00
[2023-03-12T07:32:20.707+0000] {processor.py:175} INFO - Processing /home/melicharovykrecek/venv/lib/python3.9/site-packages/airflow/example_dags/example_latest_only.py took 0.098 seconds
[2023-03-12T07:33:09.426+0000] {processor.py:153} INFO - Started process (PID=1656) to work on /home/melicharovykrecek/venv/lib/python3.9/site-packages/airflow/example_dags/example_latest_only.py
[2023-03-12T07:33:09.428+0000] {processor.py:743} INFO - Processing file /home/melicharovykrecek/venv/lib/python3.9/site-packages/airflow/example_dags/example_latest_only.py for tasks to queue
[2023-03-12T07:33:09.429+0000] {logging_mixin.py:137} INFO - [2023-03-12T07:33:09.429+0000] {dagbag.py:538} INFO - Filling up the DagBag from /home/melicharovykrecek/venv/lib/python3.9/site-packages/airflow/example_dags/example_latest_only.py
[2023-03-12T07:33:09.447+0000] {processor.py:753} INFO - DAG(s) dict_keys(['latest_only']) retrieved from /home/melicharovykrecek/venv/lib/python3.9/site-packages/airflow/example_dags/example_latest_only.py
[2023-03-12T07:33:09.473+0000] {logging_mixin.py:137} INFO - [2023-03-12T07:33:09.473+0000] {dag.py:2690} INFO - Sync 1 DAGs
[2023-03-12T07:33:09.497+0000] {logging_mixin.py:137} INFO - [2023-03-12T07:33:09.496+0000] {dag.py:3437} INFO - Setting next_dagrun for latest_only to 2023-03-12T03:33:09.496609+00:00, run_after=2023-03-12T07:33:09.496609+00:00
[2023-03-12T07:33:09.523+0000] {processor.py:175} INFO - Processing /home/melicharovykrecek/venv/lib/python3.9/site-packages/airflow/example_dags/example_latest_only.py took 0.102 seconds
[2023-03-12T07:34:00.427+0000] {processor.py:153} INFO - Started process (PID=1709) to work on /home/melicharovykrecek/venv/lib/python3.9/site-packages/airflow/example_dags/example_latest_only.py
[2023-03-12T07:34:00.429+0000] {processor.py:743} INFO - Processing file /home/melicharovykrecek/venv/lib/python3.9/site-packages/airflow/example_dags/example_latest_only.py for tasks to queue
[2023-03-12T07:34:00.430+0000] {logging_mixin.py:137} INFO - [2023-03-12T07:34:00.430+0000] {dagbag.py:538} INFO - Filling up the DagBag from /home/melicharovykrecek/venv/lib/python3.9/site-packages/airflow/example_dags/example_latest_only.py
[2023-03-12T07:34:00.448+0000] {processor.py:753} INFO - DAG(s) dict_keys(['latest_only']) retrieved from /home/melicharovykrecek/venv/lib/python3.9/site-packages/airflow/example_dags/example_latest_only.py
[2023-03-12T07:34:00.471+0000] {logging_mixin.py:137} INFO - [2023-03-12T07:34:00.471+0000] {dag.py:2690} INFO - Sync 1 DAGs
[2023-03-12T07:34:00.494+0000] {logging_mixin.py:137} INFO - [2023-03-12T07:34:00.494+0000] {dag.py:3437} INFO - Setting next_dagrun for latest_only to 2023-03-12T03:34:00.494389+00:00, run_after=2023-03-12T07:34:00.494389+00:00
[2023-03-12T07:34:00.522+0000] {processor.py:175} INFO - Processing /home/melicharovykrecek/venv/lib/python3.9/site-packages/airflow/example_dags/example_latest_only.py took 0.100 seconds
[2023-03-12T07:34:49.392+0000] {processor.py:153} INFO - Started process (PID=1768) to work on /home/melicharovykrecek/venv/lib/python3.9/site-packages/airflow/example_dags/example_latest_only.py
[2023-03-12T07:34:49.394+0000] {processor.py:743} INFO - Processing file /home/melicharovykrecek/venv/lib/python3.9/site-packages/airflow/example_dags/example_latest_only.py for tasks to queue
[2023-03-12T07:34:49.394+0000] {logging_mixin.py:137} INFO - [2023-03-12T07:34:49.394+0000] {dagbag.py:538} INFO - Filling up the DagBag from /home/melicharovykrecek/venv/lib/python3.9/site-packages/airflow/example_dags/example_latest_only.py
[2023-03-12T07:34:49.411+0000] {processor.py:753} INFO - DAG(s) dict_keys(['latest_only']) retrieved from /home/melicharovykrecek/venv/lib/python3.9/site-packages/airflow/example_dags/example_latest_only.py
[2023-03-12T07:34:49.434+0000] {logging_mixin.py:137} INFO - [2023-03-12T07:34:49.434+0000] {dag.py:2690} INFO - Sync 1 DAGs
[2023-03-12T07:34:49.458+0000] {logging_mixin.py:137} INFO - [2023-03-12T07:34:49.458+0000] {dag.py:3437} INFO - Setting next_dagrun for latest_only to 2023-03-12T03:34:49.458066+00:00, run_after=2023-03-12T07:34:49.458066+00:00
[2023-03-12T07:34:49.485+0000] {processor.py:175} INFO - Processing /home/melicharovykrecek/venv/lib/python3.9/site-packages/airflow/example_dags/example_latest_only.py took 0.098 seconds
[2023-03-12T07:35:37.501+0000] {processor.py:153} INFO - Started process (PID=1850) to work on /home/melicharovykrecek/venv/lib/python3.9/site-packages/airflow/example_dags/example_latest_only.py
[2023-03-12T07:35:37.504+0000] {processor.py:743} INFO - Processing file /home/melicharovykrecek/venv/lib/python3.9/site-packages/airflow/example_dags/example_latest_only.py for tasks to queue
[2023-03-12T07:35:37.504+0000] {logging_mixin.py:137} INFO - [2023-03-12T07:35:37.504+0000] {dagbag.py:538} INFO - Filling up the DagBag from /home/melicharovykrecek/venv/lib/python3.9/site-packages/airflow/example_dags/example_latest_only.py
[2023-03-12T07:35:37.521+0000] {processor.py:753} INFO - DAG(s) dict_keys(['latest_only']) retrieved from /home/melicharovykrecek/venv/lib/python3.9/site-packages/airflow/example_dags/example_latest_only.py
[2023-03-12T07:35:37.544+0000] {logging_mixin.py:137} INFO - [2023-03-12T07:35:37.544+0000] {dag.py:2690} INFO - Sync 1 DAGs
[2023-03-12T07:35:37.568+0000] {logging_mixin.py:137} INFO - [2023-03-12T07:35:37.568+0000] {dag.py:3437} INFO - Setting next_dagrun for latest_only to 2023-03-12T03:35:37.567913+00:00, run_after=2023-03-12T07:35:37.567913+00:00
[2023-03-12T07:35:37.595+0000] {processor.py:175} INFO - Processing /home/melicharovykrecek/venv/lib/python3.9/site-packages/airflow/example_dags/example_latest_only.py took 0.099 seconds
[2023-03-12T07:36:28.256+0000] {processor.py:153} INFO - Started process (PID=1912) to work on /home/melicharovykrecek/venv/lib/python3.9/site-packages/airflow/example_dags/example_latest_only.py
[2023-03-12T07:36:28.258+0000] {processor.py:743} INFO - Processing file /home/melicharovykrecek/venv/lib/python3.9/site-packages/airflow/example_dags/example_latest_only.py for tasks to queue
[2023-03-12T07:36:28.259+0000] {logging_mixin.py:137} INFO - [2023-03-12T07:36:28.259+0000] {dagbag.py:538} INFO - Filling up the DagBag from /home/melicharovykrecek/venv/lib/python3.9/site-packages/airflow/example_dags/example_latest_only.py
[2023-03-12T07:36:28.275+0000] {processor.py:753} INFO - DAG(s) dict_keys(['latest_only']) retrieved from /home/melicharovykrecek/venv/lib/python3.9/site-packages/airflow/example_dags/example_latest_only.py
[2023-03-12T07:36:28.299+0000] {logging_mixin.py:137} INFO - [2023-03-12T07:36:28.298+0000] {dag.py:2690} INFO - Sync 1 DAGs
[2023-03-12T07:36:28.321+0000] {logging_mixin.py:137} INFO - [2023-03-12T07:36:28.321+0000] {dag.py:3437} INFO - Setting next_dagrun for latest_only to 2023-03-12T03:36:28.321187+00:00, run_after=2023-03-12T07:36:28.321187+00:00
[2023-03-12T07:36:28.347+0000] {processor.py:175} INFO - Processing /home/melicharovykrecek/venv/lib/python3.9/site-packages/airflow/example_dags/example_latest_only.py took 0.097 seconds
[2023-03-12T07:37:14.240+0000] {processor.py:153} INFO - Started process (PID=1958) to work on /home/melicharovykrecek/venv/lib/python3.9/site-packages/airflow/example_dags/example_latest_only.py
[2023-03-12T07:37:14.242+0000] {processor.py:743} INFO - Processing file /home/melicharovykrecek/venv/lib/python3.9/site-packages/airflow/example_dags/example_latest_only.py for tasks to queue
[2023-03-12T07:37:14.242+0000] {logging_mixin.py:137} INFO - [2023-03-12T07:37:14.242+0000] {dagbag.py:538} INFO - Filling up the DagBag from /home/melicharovykrecek/venv/lib/python3.9/site-packages/airflow/example_dags/example_latest_only.py
[2023-03-12T07:37:14.261+0000] {processor.py:753} INFO - DAG(s) dict_keys(['latest_only']) retrieved from /home/melicharovykrecek/venv/lib/python3.9/site-packages/airflow/example_dags/example_latest_only.py
[2023-03-12T07:37:14.284+0000] {logging_mixin.py:137} INFO - [2023-03-12T07:37:14.284+0000] {dag.py:2690} INFO - Sync 1 DAGs
[2023-03-12T07:37:14.308+0000] {logging_mixin.py:137} INFO - [2023-03-12T07:37:14.308+0000] {dag.py:3437} INFO - Setting next_dagrun for latest_only to 2023-03-12T03:37:14.307716+00:00, run_after=2023-03-12T07:37:14.307716+00:00
[2023-03-12T07:37:14.335+0000] {processor.py:175} INFO - Processing /home/melicharovykrecek/venv/lib/python3.9/site-packages/airflow/example_dags/example_latest_only.py took 0.099 seconds
[2023-03-12T07:38:01.563+0000] {processor.py:153} INFO - Started process (PID=2009) to work on /home/melicharovykrecek/venv/lib/python3.9/site-packages/airflow/example_dags/example_latest_only.py
[2023-03-12T07:38:01.565+0000] {processor.py:743} INFO - Processing file /home/melicharovykrecek/venv/lib/python3.9/site-packages/airflow/example_dags/example_latest_only.py for tasks to queue
[2023-03-12T07:38:01.566+0000] {logging_mixin.py:137} INFO - [2023-03-12T07:38:01.566+0000] {dagbag.py:538} INFO - Filling up the DagBag from /home/melicharovykrecek/venv/lib/python3.9/site-packages/airflow/example_dags/example_latest_only.py
[2023-03-12T07:38:01.583+0000] {processor.py:753} INFO - DAG(s) dict_keys(['latest_only']) retrieved from /home/melicharovykrecek/venv/lib/python3.9/site-packages/airflow/example_dags/example_latest_only.py
[2023-03-12T07:38:01.607+0000] {logging_mixin.py:137} INFO - [2023-03-12T07:38:01.607+0000] {dag.py:2690} INFO - Sync 1 DAGs
[2023-03-12T07:38:01.632+0000] {logging_mixin.py:137} INFO - [2023-03-12T07:38:01.631+0000] {dag.py:3437} INFO - Setting next_dagrun for latest_only to 2023-03-12T03:38:01.631529+00:00, run_after=2023-03-12T07:38:01.631529+00:00
[2023-03-12T07:38:01.659+0000] {processor.py:175} INFO - Processing /home/melicharovykrecek/venv/lib/python3.9/site-packages/airflow/example_dags/example_latest_only.py took 0.101 seconds
[2023-03-12T07:38:52.487+0000] {processor.py:153} INFO - Started process (PID=2067) to work on /home/melicharovykrecek/venv/lib/python3.9/site-packages/airflow/example_dags/example_latest_only.py
[2023-03-12T07:38:52.490+0000] {processor.py:743} INFO - Processing file /home/melicharovykrecek/venv/lib/python3.9/site-packages/airflow/example_dags/example_latest_only.py for tasks to queue
[2023-03-12T07:38:52.491+0000] {logging_mixin.py:137} INFO - [2023-03-12T07:38:52.491+0000] {dagbag.py:538} INFO - Filling up the DagBag from /home/melicharovykrecek/venv/lib/python3.9/site-packages/airflow/example_dags/example_latest_only.py
[2023-03-12T07:38:52.510+0000] {processor.py:753} INFO - DAG(s) dict_keys(['latest_only']) retrieved from /home/melicharovykrecek/venv/lib/python3.9/site-packages/airflow/example_dags/example_latest_only.py
[2023-03-12T07:38:52.536+0000] {logging_mixin.py:137} INFO - [2023-03-12T07:38:52.536+0000] {dag.py:2690} INFO - Sync 1 DAGs
[2023-03-12T07:38:52.561+0000] {logging_mixin.py:137} INFO - [2023-03-12T07:38:52.561+0000] {dag.py:3437} INFO - Setting next_dagrun for latest_only to 2023-03-12T03:38:52.560688+00:00, run_after=2023-03-12T07:38:52.560688+00:00
[2023-03-12T07:38:52.590+0000] {processor.py:175} INFO - Processing /home/melicharovykrecek/venv/lib/python3.9/site-packages/airflow/example_dags/example_latest_only.py took 0.107 seconds
[2023-03-12T07:39:41.345+0000] {processor.py:153} INFO - Started process (PID=2116) to work on /home/melicharovykrecek/venv/lib/python3.9/site-packages/airflow/example_dags/example_latest_only.py
[2023-03-12T07:39:41.348+0000] {processor.py:743} INFO - Processing file /home/melicharovykrecek/venv/lib/python3.9/site-packages/airflow/example_dags/example_latest_only.py for tasks to queue
[2023-03-12T07:39:41.348+0000] {logging_mixin.py:137} INFO - [2023-03-12T07:39:41.348+0000] {dagbag.py:538} INFO - Filling up the DagBag from /home/melicharovykrecek/venv/lib/python3.9/site-packages/airflow/example_dags/example_latest_only.py
[2023-03-12T07:39:41.368+0000] {processor.py:753} INFO - DAG(s) dict_keys(['latest_only']) retrieved from /home/melicharovykrecek/venv/lib/python3.9/site-packages/airflow/example_dags/example_latest_only.py
[2023-03-12T07:39:41.394+0000] {logging_mixin.py:137} INFO - [2023-03-12T07:39:41.394+0000] {dag.py:2690} INFO - Sync 1 DAGs
[2023-03-12T07:39:41.421+0000] {logging_mixin.py:137} INFO - [2023-03-12T07:39:41.421+0000] {dag.py:3437} INFO - Setting next_dagrun for latest_only to 2023-03-12T03:39:41.421161+00:00, run_after=2023-03-12T07:39:41.421161+00:00
[2023-03-12T07:39:41.451+0000] {processor.py:175} INFO - Processing /home/melicharovykrecek/venv/lib/python3.9/site-packages/airflow/example_dags/example_latest_only.py took 0.110 seconds
[2023-03-12T07:40:24.944+0000] {processor.py:153} INFO - Started process (PID=2185) to work on /home/melicharovykrecek/venv/lib/python3.9/site-packages/airflow/example_dags/example_latest_only.py
[2023-03-12T07:40:24.946+0000] {processor.py:743} INFO - Processing file /home/melicharovykrecek/venv/lib/python3.9/site-packages/airflow/example_dags/example_latest_only.py for tasks to queue
[2023-03-12T07:40:24.947+0000] {logging_mixin.py:137} INFO - [2023-03-12T07:40:24.947+0000] {dagbag.py:538} INFO - Filling up the DagBag from /home/melicharovykrecek/venv/lib/python3.9/site-packages/airflow/example_dags/example_latest_only.py
[2023-03-12T07:40:24.965+0000] {processor.py:753} INFO - DAG(s) dict_keys(['latest_only']) retrieved from /home/melicharovykrecek/venv/lib/python3.9/site-packages/airflow/example_dags/example_latest_only.py
[2023-03-12T07:40:24.990+0000] {logging_mixin.py:137} INFO - [2023-03-12T07:40:24.990+0000] {dag.py:2690} INFO - Sync 1 DAGs
[2023-03-12T07:40:25.016+0000] {logging_mixin.py:137} INFO - [2023-03-12T07:40:25.016+0000] {dag.py:3437} INFO - Setting next_dagrun for latest_only to 2023-03-12T03:40:25.015796+00:00, run_after=2023-03-12T07:40:25.015796+00:00
[2023-03-12T07:40:25.046+0000] {processor.py:175} INFO - Processing /home/melicharovykrecek/venv/lib/python3.9/site-packages/airflow/example_dags/example_latest_only.py took 0.107 seconds
[2023-03-12T07:41:15.867+0000] {processor.py:153} INFO - Started process (PID=2261) to work on /home/melicharovykrecek/venv/lib/python3.9/site-packages/airflow/example_dags/example_latest_only.py
[2023-03-12T07:41:15.869+0000] {processor.py:743} INFO - Processing file /home/melicharovykrecek/venv/lib/python3.9/site-packages/airflow/example_dags/example_latest_only.py for tasks to queue
[2023-03-12T07:41:15.870+0000] {logging_mixin.py:137} INFO - [2023-03-12T07:41:15.870+0000] {dagbag.py:538} INFO - Filling up the DagBag from /home/melicharovykrecek/venv/lib/python3.9/site-packages/airflow/example_dags/example_latest_only.py
[2023-03-12T07:41:15.889+0000] {processor.py:753} INFO - DAG(s) dict_keys(['latest_only']) retrieved from /home/melicharovykrecek/venv/lib/python3.9/site-packages/airflow/example_dags/example_latest_only.py
[2023-03-12T07:41:15.913+0000] {logging_mixin.py:137} INFO - [2023-03-12T07:41:15.913+0000] {dag.py:2690} INFO - Sync 1 DAGs
[2023-03-12T07:41:15.937+0000] {logging_mixin.py:137} INFO - [2023-03-12T07:41:15.937+0000] {dag.py:3437} INFO - Setting next_dagrun for latest_only to 2023-03-12T03:41:15.937287+00:00, run_after=2023-03-12T07:41:15.937287+00:00
[2023-03-12T07:41:15.964+0000] {processor.py:175} INFO - Processing /home/melicharovykrecek/venv/lib/python3.9/site-packages/airflow/example_dags/example_latest_only.py took 0.101 seconds
[2023-03-12T07:42:00.593+0000] {processor.py:153} INFO - Started process (PID=2305) to work on /home/melicharovykrecek/venv/lib/python3.9/site-packages/airflow/example_dags/example_latest_only.py
[2023-03-12T07:42:00.596+0000] {processor.py:743} INFO - Processing file /home/melicharovykrecek/venv/lib/python3.9/site-packages/airflow/example_dags/example_latest_only.py for tasks to queue
[2023-03-12T07:42:00.597+0000] {logging_mixin.py:137} INFO - [2023-03-12T07:42:00.596+0000] {dagbag.py:538} INFO - Filling up the DagBag from /home/melicharovykrecek/venv/lib/python3.9/site-packages/airflow/example_dags/example_latest_only.py
[2023-03-12T07:42:00.615+0000] {processor.py:753} INFO - DAG(s) dict_keys(['latest_only']) retrieved from /home/melicharovykrecek/venv/lib/python3.9/site-packages/airflow/example_dags/example_latest_only.py
[2023-03-12T07:42:00.640+0000] {logging_mixin.py:137} INFO - [2023-03-12T07:42:00.640+0000] {dag.py:2690} INFO - Sync 1 DAGs
[2023-03-12T07:42:00.664+0000] {logging_mixin.py:137} INFO - [2023-03-12T07:42:00.663+0000] {dag.py:3437} INFO - Setting next_dagrun for latest_only to 2023-03-12T03:42:00.663529+00:00, run_after=2023-03-12T07:42:00.663529+00:00
[2023-03-12T07:42:00.690+0000] {processor.py:175} INFO - Processing /home/melicharovykrecek/venv/lib/python3.9/site-packages/airflow/example_dags/example_latest_only.py took 0.102 seconds
[2023-03-12T07:42:46.243+0000] {processor.py:153} INFO - Started process (PID=2350) to work on /home/melicharovykrecek/venv/lib/python3.9/site-packages/airflow/example_dags/example_latest_only.py
[2023-03-12T07:42:46.245+0000] {processor.py:743} INFO - Processing file /home/melicharovykrecek/venv/lib/python3.9/site-packages/airflow/example_dags/example_latest_only.py for tasks to queue
[2023-03-12T07:42:46.246+0000] {logging_mixin.py:137} INFO - [2023-03-12T07:42:46.246+0000] {dagbag.py:538} INFO - Filling up the DagBag from /home/melicharovykrecek/venv/lib/python3.9/site-packages/airflow/example_dags/example_latest_only.py
[2023-03-12T07:42:46.264+0000] {processor.py:753} INFO - DAG(s) dict_keys(['latest_only']) retrieved from /home/melicharovykrecek/venv/lib/python3.9/site-packages/airflow/example_dags/example_latest_only.py
[2023-03-12T07:42:46.289+0000] {logging_mixin.py:137} INFO - [2023-03-12T07:42:46.289+0000] {dag.py:2690} INFO - Sync 1 DAGs
[2023-03-12T07:42:46.320+0000] {logging_mixin.py:137} INFO - [2023-03-12T07:42:46.320+0000] {dag.py:3437} INFO - Setting next_dagrun for latest_only to 2023-03-12T03:42:46.319907+00:00, run_after=2023-03-12T07:42:46.319907+00:00
[2023-03-12T07:42:46.350+0000] {processor.py:175} INFO - Processing /home/melicharovykrecek/venv/lib/python3.9/site-packages/airflow/example_dags/example_latest_only.py took 0.111 seconds
[2023-03-12T07:43:35.247+0000] {processor.py:153} INFO - Started process (PID=2405) to work on /home/melicharovykrecek/venv/lib/python3.9/site-packages/airflow/example_dags/example_latest_only.py
[2023-03-12T07:43:35.249+0000] {processor.py:743} INFO - Processing file /home/melicharovykrecek/venv/lib/python3.9/site-packages/airflow/example_dags/example_latest_only.py for tasks to queue
[2023-03-12T07:43:35.250+0000] {logging_mixin.py:137} INFO - [2023-03-12T07:43:35.250+0000] {dagbag.py:538} INFO - Filling up the DagBag from /home/melicharovykrecek/venv/lib/python3.9/site-packages/airflow/example_dags/example_latest_only.py
[2023-03-12T07:43:35.269+0000] {processor.py:753} INFO - DAG(s) dict_keys(['latest_only']) retrieved from /home/melicharovykrecek/venv/lib/python3.9/site-packages/airflow/example_dags/example_latest_only.py
[2023-03-12T07:43:35.294+0000] {logging_mixin.py:137} INFO - [2023-03-12T07:43:35.293+0000] {dag.py:2690} INFO - Sync 1 DAGs
[2023-03-12T07:43:35.319+0000] {logging_mixin.py:137} INFO - [2023-03-12T07:43:35.319+0000] {dag.py:3437} INFO - Setting next_dagrun for latest_only to 2023-03-12T03:43:35.319242+00:00, run_after=2023-03-12T07:43:35.319242+00:00
[2023-03-12T07:43:35.345+0000] {processor.py:175} INFO - Processing /home/melicharovykrecek/venv/lib/python3.9/site-packages/airflow/example_dags/example_latest_only.py took 0.103 seconds
[2023-03-12T07:44:18.014+0000] {processor.py:153} INFO - Started process (PID=2460) to work on /home/melicharovykrecek/venv/lib/python3.9/site-packages/airflow/example_dags/example_latest_only.py
[2023-03-12T07:44:18.016+0000] {processor.py:743} INFO - Processing file /home/melicharovykrecek/venv/lib/python3.9/site-packages/airflow/example_dags/example_latest_only.py for tasks to queue
[2023-03-12T07:44:18.018+0000] {logging_mixin.py:137} INFO - [2023-03-12T07:44:18.017+0000] {dagbag.py:538} INFO - Filling up the DagBag from /home/melicharovykrecek/venv/lib/python3.9/site-packages/airflow/example_dags/example_latest_only.py
[2023-03-12T07:44:18.038+0000] {processor.py:753} INFO - DAG(s) dict_keys(['latest_only']) retrieved from /home/melicharovykrecek/venv/lib/python3.9/site-packages/airflow/example_dags/example_latest_only.py
[2023-03-12T07:44:18.071+0000] {logging_mixin.py:137} INFO - [2023-03-12T07:44:18.071+0000] {dag.py:2690} INFO - Sync 1 DAGs
[2023-03-12T07:44:18.100+0000] {logging_mixin.py:137} INFO - [2023-03-12T07:44:18.099+0000] {dag.py:3437} INFO - Setting next_dagrun for latest_only to 2023-03-12T03:44:18.099394+00:00, run_after=2023-03-12T07:44:18.099394+00:00
[2023-03-12T07:44:18.128+0000] {processor.py:175} INFO - Processing /home/melicharovykrecek/venv/lib/python3.9/site-packages/airflow/example_dags/example_latest_only.py took 0.119 seconds
[2023-03-12T07:45:06.541+0000] {processor.py:153} INFO - Started process (PID=2511) to work on /home/melicharovykrecek/venv/lib/python3.9/site-packages/airflow/example_dags/example_latest_only.py
[2023-03-12T07:45:06.543+0000] {processor.py:743} INFO - Processing file /home/melicharovykrecek/venv/lib/python3.9/site-packages/airflow/example_dags/example_latest_only.py for tasks to queue
[2023-03-12T07:45:06.544+0000] {logging_mixin.py:137} INFO - [2023-03-12T07:45:06.543+0000] {dagbag.py:538} INFO - Filling up the DagBag from /home/melicharovykrecek/venv/lib/python3.9/site-packages/airflow/example_dags/example_latest_only.py
[2023-03-12T07:45:06.564+0000] {processor.py:753} INFO - DAG(s) dict_keys(['latest_only']) retrieved from /home/melicharovykrecek/venv/lib/python3.9/site-packages/airflow/example_dags/example_latest_only.py
[2023-03-12T07:45:06.592+0000] {logging_mixin.py:137} INFO - [2023-03-12T07:45:06.592+0000] {dag.py:2690} INFO - Sync 1 DAGs
[2023-03-12T07:45:06.617+0000] {logging_mixin.py:137} INFO - [2023-03-12T07:45:06.617+0000] {dag.py:3437} INFO - Setting next_dagrun for latest_only to 2023-03-12T03:45:06.616633+00:00, run_after=2023-03-12T07:45:06.616633+00:00
[2023-03-12T07:45:06.645+0000] {processor.py:175} INFO - Processing /home/melicharovykrecek/venv/lib/python3.9/site-packages/airflow/example_dags/example_latest_only.py took 0.109 seconds
[2023-03-12T07:45:51.061+0000] {processor.py:153} INFO - Started process (PID=2619) to work on /home/melicharovykrecek/venv/lib/python3.9/site-packages/airflow/example_dags/example_latest_only.py
[2023-03-12T07:45:51.063+0000] {processor.py:743} INFO - Processing file /home/melicharovykrecek/venv/lib/python3.9/site-packages/airflow/example_dags/example_latest_only.py for tasks to queue
[2023-03-12T07:45:51.064+0000] {logging_mixin.py:137} INFO - [2023-03-12T07:45:51.064+0000] {dagbag.py:538} INFO - Filling up the DagBag from /home/melicharovykrecek/venv/lib/python3.9/site-packages/airflow/example_dags/example_latest_only.py
[2023-03-12T07:45:51.082+0000] {processor.py:753} INFO - DAG(s) dict_keys(['latest_only']) retrieved from /home/melicharovykrecek/venv/lib/python3.9/site-packages/airflow/example_dags/example_latest_only.py
[2023-03-12T07:45:51.108+0000] {logging_mixin.py:137} INFO - [2023-03-12T07:45:51.107+0000] {dag.py:2690} INFO - Sync 1 DAGs
[2023-03-12T07:45:51.134+0000] {logging_mixin.py:137} INFO - [2023-03-12T07:45:51.134+0000] {dag.py:3437} INFO - Setting next_dagrun for latest_only to 2023-03-12T03:45:51.133831+00:00, run_after=2023-03-12T07:45:51.133831+00:00
[2023-03-12T07:45:51.161+0000] {processor.py:175} INFO - Processing /home/melicharovykrecek/venv/lib/python3.9/site-packages/airflow/example_dags/example_latest_only.py took 0.105 seconds
[2023-03-12T07:46:41.099+0000] {processor.py:153} INFO - Started process (PID=2679) to work on /home/melicharovykrecek/venv/lib/python3.9/site-packages/airflow/example_dags/example_latest_only.py
[2023-03-12T07:46:41.101+0000] {processor.py:743} INFO - Processing file /home/melicharovykrecek/venv/lib/python3.9/site-packages/airflow/example_dags/example_latest_only.py for tasks to queue
[2023-03-12T07:46:41.102+0000] {logging_mixin.py:137} INFO - [2023-03-12T07:46:41.102+0000] {dagbag.py:538} INFO - Filling up the DagBag from /home/melicharovykrecek/venv/lib/python3.9/site-packages/airflow/example_dags/example_latest_only.py
[2023-03-12T07:46:41.121+0000] {processor.py:753} INFO - DAG(s) dict_keys(['latest_only']) retrieved from /home/melicharovykrecek/venv/lib/python3.9/site-packages/airflow/example_dags/example_latest_only.py
[2023-03-12T07:46:41.147+0000] {logging_mixin.py:137} INFO - [2023-03-12T07:46:41.147+0000] {dag.py:2690} INFO - Sync 1 DAGs
[2023-03-12T07:46:41.174+0000] {logging_mixin.py:137} INFO - [2023-03-12T07:46:41.173+0000] {dag.py:3437} INFO - Setting next_dagrun for latest_only to 2023-03-12T03:46:41.173469+00:00, run_after=2023-03-12T07:46:41.173469+00:00
[2023-03-12T07:46:41.206+0000] {processor.py:175} INFO - Processing /home/melicharovykrecek/venv/lib/python3.9/site-packages/airflow/example_dags/example_latest_only.py took 0.112 seconds
[2023-03-12T07:47:27.407+0000] {processor.py:153} INFO - Started process (PID=2724) to work on /home/melicharovykrecek/venv/lib/python3.9/site-packages/airflow/example_dags/example_latest_only.py
[2023-03-12T07:47:27.409+0000] {processor.py:743} INFO - Processing file /home/melicharovykrecek/venv/lib/python3.9/site-packages/airflow/example_dags/example_latest_only.py for tasks to queue
[2023-03-12T07:47:27.410+0000] {logging_mixin.py:137} INFO - [2023-03-12T07:47:27.410+0000] {dagbag.py:538} INFO - Filling up the DagBag from /home/melicharovykrecek/venv/lib/python3.9/site-packages/airflow/example_dags/example_latest_only.py
[2023-03-12T07:47:27.428+0000] {processor.py:753} INFO - DAG(s) dict_keys(['latest_only']) retrieved from /home/melicharovykrecek/venv/lib/python3.9/site-packages/airflow/example_dags/example_latest_only.py
[2023-03-12T07:47:27.453+0000] {logging_mixin.py:137} INFO - [2023-03-12T07:47:27.453+0000] {dag.py:2690} INFO - Sync 1 DAGs
[2023-03-12T07:47:27.480+0000] {logging_mixin.py:137} INFO - [2023-03-12T07:47:27.479+0000] {dag.py:3437} INFO - Setting next_dagrun for latest_only to 2023-03-12T03:47:27.479481+00:00, run_after=2023-03-12T07:47:27.479481+00:00
[2023-03-12T07:47:27.507+0000] {processor.py:175} INFO - Processing /home/melicharovykrecek/venv/lib/python3.9/site-packages/airflow/example_dags/example_latest_only.py took 0.105 seconds
[2023-03-12T07:48:14.994+0000] {processor.py:153} INFO - Started process (PID=2772) to work on /home/melicharovykrecek/venv/lib/python3.9/site-packages/airflow/example_dags/example_latest_only.py
[2023-03-12T07:48:14.997+0000] {processor.py:743} INFO - Processing file /home/melicharovykrecek/venv/lib/python3.9/site-packages/airflow/example_dags/example_latest_only.py for tasks to queue
[2023-03-12T07:48:14.997+0000] {logging_mixin.py:137} INFO - [2023-03-12T07:48:14.997+0000] {dagbag.py:538} INFO - Filling up the DagBag from /home/melicharovykrecek/venv/lib/python3.9/site-packages/airflow/example_dags/example_latest_only.py
[2023-03-12T07:48:15.016+0000] {processor.py:753} INFO - DAG(s) dict_keys(['latest_only']) retrieved from /home/melicharovykrecek/venv/lib/python3.9/site-packages/airflow/example_dags/example_latest_only.py
[2023-03-12T07:48:15.041+0000] {logging_mixin.py:137} INFO - [2023-03-12T07:48:15.041+0000] {dag.py:2690} INFO - Sync 1 DAGs
[2023-03-12T07:48:15.067+0000] {logging_mixin.py:137} INFO - [2023-03-12T07:48:15.067+0000] {dag.py:3437} INFO - Setting next_dagrun for latest_only to 2023-03-12T03:48:15.066794+00:00, run_after=2023-03-12T07:48:15.066794+00:00
[2023-03-12T07:48:15.096+0000] {processor.py:175} INFO - Processing /home/melicharovykrecek/venv/lib/python3.9/site-packages/airflow/example_dags/example_latest_only.py took 0.106 seconds
[2023-03-12T07:48:57.353+0000] {processor.py:153} INFO - Started process (PID=2814) to work on /home/melicharovykrecek/venv/lib/python3.9/site-packages/airflow/example_dags/example_latest_only.py
[2023-03-12T07:48:57.355+0000] {processor.py:743} INFO - Processing file /home/melicharovykrecek/venv/lib/python3.9/site-packages/airflow/example_dags/example_latest_only.py for tasks to queue
[2023-03-12T07:48:57.356+0000] {logging_mixin.py:137} INFO - [2023-03-12T07:48:57.355+0000] {dagbag.py:538} INFO - Filling up the DagBag from /home/melicharovykrecek/venv/lib/python3.9/site-packages/airflow/example_dags/example_latest_only.py
[2023-03-12T07:48:57.373+0000] {processor.py:753} INFO - DAG(s) dict_keys(['latest_only']) retrieved from /home/melicharovykrecek/venv/lib/python3.9/site-packages/airflow/example_dags/example_latest_only.py
[2023-03-12T07:48:57.398+0000] {logging_mixin.py:137} INFO - [2023-03-12T07:48:57.398+0000] {dag.py:2690} INFO - Sync 1 DAGs
[2023-03-12T07:48:57.423+0000] {logging_mixin.py:137} INFO - [2023-03-12T07:48:57.423+0000] {dag.py:3437} INFO - Setting next_dagrun for latest_only to 2023-03-12T03:48:57.423027+00:00, run_after=2023-03-12T07:48:57.423027+00:00
[2023-03-12T07:48:57.452+0000] {processor.py:175} INFO - Processing /home/melicharovykrecek/venv/lib/python3.9/site-packages/airflow/example_dags/example_latest_only.py took 0.105 seconds
[2023-03-12T07:49:44.444+0000] {processor.py:153} INFO - Started process (PID=2859) to work on /home/melicharovykrecek/venv/lib/python3.9/site-packages/airflow/example_dags/example_latest_only.py
[2023-03-12T07:49:44.446+0000] {processor.py:743} INFO - Processing file /home/melicharovykrecek/venv/lib/python3.9/site-packages/airflow/example_dags/example_latest_only.py for tasks to queue
[2023-03-12T07:49:44.447+0000] {logging_mixin.py:137} INFO - [2023-03-12T07:49:44.447+0000] {dagbag.py:538} INFO - Filling up the DagBag from /home/melicharovykrecek/venv/lib/python3.9/site-packages/airflow/example_dags/example_latest_only.py
[2023-03-12T07:49:44.465+0000] {processor.py:753} INFO - DAG(s) dict_keys(['latest_only']) retrieved from /home/melicharovykrecek/venv/lib/python3.9/site-packages/airflow/example_dags/example_latest_only.py
[2023-03-12T07:49:44.489+0000] {logging_mixin.py:137} INFO - [2023-03-12T07:49:44.489+0000] {dag.py:2690} INFO - Sync 1 DAGs
[2023-03-12T07:49:44.515+0000] {logging_mixin.py:137} INFO - [2023-03-12T07:49:44.515+0000] {dag.py:3437} INFO - Setting next_dagrun for latest_only to 2023-03-12T03:49:44.515211+00:00, run_after=2023-03-12T07:49:44.515211+00:00
[2023-03-12T07:49:44.543+0000] {processor.py:175} INFO - Processing /home/melicharovykrecek/venv/lib/python3.9/site-packages/airflow/example_dags/example_latest_only.py took 0.103 seconds
[2023-03-12T07:50:27.592+0000] {processor.py:153} INFO - Started process (PID=2905) to work on /home/melicharovykrecek/venv/lib/python3.9/site-packages/airflow/example_dags/example_latest_only.py
[2023-03-12T07:50:27.594+0000] {processor.py:743} INFO - Processing file /home/melicharovykrecek/venv/lib/python3.9/site-packages/airflow/example_dags/example_latest_only.py for tasks to queue
[2023-03-12T07:50:27.595+0000] {logging_mixin.py:137} INFO - [2023-03-12T07:50:27.595+0000] {dagbag.py:538} INFO - Filling up the DagBag from /home/melicharovykrecek/venv/lib/python3.9/site-packages/airflow/example_dags/example_latest_only.py
[2023-03-12T07:50:27.613+0000] {processor.py:753} INFO - DAG(s) dict_keys(['latest_only']) retrieved from /home/melicharovykrecek/venv/lib/python3.9/site-packages/airflow/example_dags/example_latest_only.py
[2023-03-12T07:50:27.637+0000] {logging_mixin.py:137} INFO - [2023-03-12T07:50:27.637+0000] {dag.py:2690} INFO - Sync 1 DAGs
[2023-03-12T07:50:27.661+0000] {logging_mixin.py:137} INFO - [2023-03-12T07:50:27.661+0000] {dag.py:3437} INFO - Setting next_dagrun for latest_only to 2023-03-12T03:50:27.661261+00:00, run_after=2023-03-12T07:50:27.661261+00:00
[2023-03-12T07:50:27.687+0000] {processor.py:175} INFO - Processing /home/melicharovykrecek/venv/lib/python3.9/site-packages/airflow/example_dags/example_latest_only.py took 0.099 seconds
[2023-03-12T07:51:12.049+0000] {processor.py:153} INFO - Started process (PID=2953) to work on /home/melicharovykrecek/venv/lib/python3.9/site-packages/airflow/example_dags/example_latest_only.py
[2023-03-12T07:51:12.051+0000] {processor.py:743} INFO - Processing file /home/melicharovykrecek/venv/lib/python3.9/site-packages/airflow/example_dags/example_latest_only.py for tasks to queue
[2023-03-12T07:51:12.052+0000] {logging_mixin.py:137} INFO - [2023-03-12T07:51:12.052+0000] {dagbag.py:538} INFO - Filling up the DagBag from /home/melicharovykrecek/venv/lib/python3.9/site-packages/airflow/example_dags/example_latest_only.py
[2023-03-12T07:51:12.069+0000] {processor.py:753} INFO - DAG(s) dict_keys(['latest_only']) retrieved from /home/melicharovykrecek/venv/lib/python3.9/site-packages/airflow/example_dags/example_latest_only.py
[2023-03-12T07:51:12.094+0000] {logging_mixin.py:137} INFO - [2023-03-12T07:51:12.094+0000] {dag.py:2690} INFO - Sync 1 DAGs
[2023-03-12T07:51:12.119+0000] {logging_mixin.py:137} INFO - [2023-03-12T07:51:12.119+0000] {dag.py:3437} INFO - Setting next_dagrun for latest_only to 2023-03-12T03:51:12.119172+00:00, run_after=2023-03-12T07:51:12.119172+00:00
[2023-03-12T07:51:12.147+0000] {processor.py:175} INFO - Processing /home/melicharovykrecek/venv/lib/python3.9/site-packages/airflow/example_dags/example_latest_only.py took 0.103 seconds
[2023-03-12T07:52:02.174+0000] {processor.py:153} INFO - Started process (PID=3001) to work on /home/melicharovykrecek/venv/lib/python3.9/site-packages/airflow/example_dags/example_latest_only.py
[2023-03-12T07:52:02.177+0000] {processor.py:743} INFO - Processing file /home/melicharovykrecek/venv/lib/python3.9/site-packages/airflow/example_dags/example_latest_only.py for tasks to queue
[2023-03-12T07:52:02.178+0000] {logging_mixin.py:137} INFO - [2023-03-12T07:52:02.178+0000] {dagbag.py:538} INFO - Filling up the DagBag from /home/melicharovykrecek/venv/lib/python3.9/site-packages/airflow/example_dags/example_latest_only.py
[2023-03-12T07:52:02.197+0000] {processor.py:753} INFO - DAG(s) dict_keys(['latest_only']) retrieved from /home/melicharovykrecek/venv/lib/python3.9/site-packages/airflow/example_dags/example_latest_only.py
[2023-03-12T07:52:02.223+0000] {logging_mixin.py:137} INFO - [2023-03-12T07:52:02.222+0000] {dag.py:2690} INFO - Sync 1 DAGs
[2023-03-12T07:52:02.247+0000] {logging_mixin.py:137} INFO - [2023-03-12T07:52:02.247+0000] {dag.py:3437} INFO - Setting next_dagrun for latest_only to 2023-03-12T03:52:02.246739+00:00, run_after=2023-03-12T07:52:02.246739+00:00
[2023-03-12T07:52:02.273+0000] {processor.py:175} INFO - Processing /home/melicharovykrecek/venv/lib/python3.9/site-packages/airflow/example_dags/example_latest_only.py took 0.103 seconds
[2023-03-12T07:52:47.667+0000] {processor.py:153} INFO - Started process (PID=3046) to work on /home/melicharovykrecek/venv/lib/python3.9/site-packages/airflow/example_dags/example_latest_only.py
[2023-03-12T07:52:47.669+0000] {processor.py:743} INFO - Processing file /home/melicharovykrecek/venv/lib/python3.9/site-packages/airflow/example_dags/example_latest_only.py for tasks to queue
[2023-03-12T07:52:47.670+0000] {logging_mixin.py:137} INFO - [2023-03-12T07:52:47.670+0000] {dagbag.py:538} INFO - Filling up the DagBag from /home/melicharovykrecek/venv/lib/python3.9/site-packages/airflow/example_dags/example_latest_only.py
[2023-03-12T07:52:47.688+0000] {processor.py:753} INFO - DAG(s) dict_keys(['latest_only']) retrieved from /home/melicharovykrecek/venv/lib/python3.9/site-packages/airflow/example_dags/example_latest_only.py
[2023-03-12T07:52:47.714+0000] {logging_mixin.py:137} INFO - [2023-03-12T07:52:47.714+0000] {dag.py:2690} INFO - Sync 1 DAGs
[2023-03-12T07:52:47.739+0000] {logging_mixin.py:137} INFO - [2023-03-12T07:52:47.739+0000] {dag.py:3437} INFO - Setting next_dagrun for latest_only to 2023-03-12T03:52:47.738897+00:00, run_after=2023-03-12T07:52:47.738897+00:00
[2023-03-12T07:52:47.770+0000] {processor.py:175} INFO - Processing /home/melicharovykrecek/venv/lib/python3.9/site-packages/airflow/example_dags/example_latest_only.py took 0.108 seconds
[2023-03-12T07:53:29.971+0000] {processor.py:153} INFO - Started process (PID=3088) to work on /home/melicharovykrecek/venv/lib/python3.9/site-packages/airflow/example_dags/example_latest_only.py
[2023-03-12T07:53:29.973+0000] {processor.py:743} INFO - Processing file /home/melicharovykrecek/venv/lib/python3.9/site-packages/airflow/example_dags/example_latest_only.py for tasks to queue
[2023-03-12T07:53:29.974+0000] {logging_mixin.py:137} INFO - [2023-03-12T07:53:29.974+0000] {dagbag.py:538} INFO - Filling up the DagBag from /home/melicharovykrecek/venv/lib/python3.9/site-packages/airflow/example_dags/example_latest_only.py
[2023-03-12T07:53:29.993+0000] {processor.py:753} INFO - DAG(s) dict_keys(['latest_only']) retrieved from /home/melicharovykrecek/venv/lib/python3.9/site-packages/airflow/example_dags/example_latest_only.py
[2023-03-12T07:53:30.021+0000] {logging_mixin.py:137} INFO - [2023-03-12T07:53:30.021+0000] {dag.py:2690} INFO - Sync 1 DAGs
[2023-03-12T07:53:30.049+0000] {logging_mixin.py:137} INFO - [2023-03-12T07:53:30.049+0000] {dag.py:3437} INFO - Setting next_dagrun for latest_only to 2023-03-12T03:53:30.049109+00:00, run_after=2023-03-12T07:53:30.049109+00:00
[2023-03-12T07:53:30.078+0000] {processor.py:175} INFO - Processing /home/melicharovykrecek/venv/lib/python3.9/site-packages/airflow/example_dags/example_latest_only.py took 0.111 seconds
[2023-03-12T07:54:15.959+0000] {processor.py:153} INFO - Started process (PID=3132) to work on /home/melicharovykrecek/venv/lib/python3.9/site-packages/airflow/example_dags/example_latest_only.py
[2023-03-12T07:54:15.962+0000] {processor.py:743} INFO - Processing file /home/melicharovykrecek/venv/lib/python3.9/site-packages/airflow/example_dags/example_latest_only.py for tasks to queue
[2023-03-12T07:54:15.962+0000] {logging_mixin.py:137} INFO - [2023-03-12T07:54:15.962+0000] {dagbag.py:538} INFO - Filling up the DagBag from /home/melicharovykrecek/venv/lib/python3.9/site-packages/airflow/example_dags/example_latest_only.py
[2023-03-12T07:54:15.981+0000] {processor.py:753} INFO - DAG(s) dict_keys(['latest_only']) retrieved from /home/melicharovykrecek/venv/lib/python3.9/site-packages/airflow/example_dags/example_latest_only.py
[2023-03-12T07:54:16.008+0000] {logging_mixin.py:137} INFO - [2023-03-12T07:54:16.008+0000] {dag.py:2690} INFO - Sync 1 DAGs
[2023-03-12T07:54:16.034+0000] {logging_mixin.py:137} INFO - [2023-03-12T07:54:16.033+0000] {dag.py:3437} INFO - Setting next_dagrun for latest_only to 2023-03-12T03:54:16.033598+00:00, run_after=2023-03-12T07:54:16.033598+00:00
[2023-03-12T07:54:16.061+0000] {processor.py:175} INFO - Processing /home/melicharovykrecek/venv/lib/python3.9/site-packages/airflow/example_dags/example_latest_only.py took 0.106 seconds
[2023-03-12T07:55:03.002+0000] {processor.py:153} INFO - Started process (PID=3177) to work on /home/melicharovykrecek/venv/lib/python3.9/site-packages/airflow/example_dags/example_latest_only.py
[2023-03-12T07:55:03.005+0000] {processor.py:743} INFO - Processing file /home/melicharovykrecek/venv/lib/python3.9/site-packages/airflow/example_dags/example_latest_only.py for tasks to queue
[2023-03-12T07:55:03.006+0000] {logging_mixin.py:137} INFO - [2023-03-12T07:55:03.005+0000] {dagbag.py:538} INFO - Filling up the DagBag from /home/melicharovykrecek/venv/lib/python3.9/site-packages/airflow/example_dags/example_latest_only.py
[2023-03-12T07:55:03.024+0000] {processor.py:753} INFO - DAG(s) dict_keys(['latest_only']) retrieved from /home/melicharovykrecek/venv/lib/python3.9/site-packages/airflow/example_dags/example_latest_only.py
[2023-03-12T07:55:03.048+0000] {logging_mixin.py:137} INFO - [2023-03-12T07:55:03.047+0000] {dag.py:2690} INFO - Sync 1 DAGs
[2023-03-12T07:55:03.072+0000] {logging_mixin.py:137} INFO - [2023-03-12T07:55:03.071+0000] {dag.py:3437} INFO - Setting next_dagrun for latest_only to 2023-03-12T03:55:03.071484+00:00, run_after=2023-03-12T07:55:03.071484+00:00
[2023-03-12T07:55:03.098+0000] {processor.py:175} INFO - Processing /home/melicharovykrecek/venv/lib/python3.9/site-packages/airflow/example_dags/example_latest_only.py took 0.100 seconds
[2023-03-12T07:55:46.306+0000] {processor.py:153} INFO - Started process (PID=3220) to work on /home/melicharovykrecek/venv/lib/python3.9/site-packages/airflow/example_dags/example_latest_only.py
[2023-03-12T07:55:46.308+0000] {processor.py:743} INFO - Processing file /home/melicharovykrecek/venv/lib/python3.9/site-packages/airflow/example_dags/example_latest_only.py for tasks to queue
[2023-03-12T07:55:46.309+0000] {logging_mixin.py:137} INFO - [2023-03-12T07:55:46.309+0000] {dagbag.py:538} INFO - Filling up the DagBag from /home/melicharovykrecek/venv/lib/python3.9/site-packages/airflow/example_dags/example_latest_only.py
[2023-03-12T07:55:46.327+0000] {processor.py:753} INFO - DAG(s) dict_keys(['latest_only']) retrieved from /home/melicharovykrecek/venv/lib/python3.9/site-packages/airflow/example_dags/example_latest_only.py
[2023-03-12T07:55:46.352+0000] {logging_mixin.py:137} INFO - [2023-03-12T07:55:46.352+0000] {dag.py:2690} INFO - Sync 1 DAGs
[2023-03-12T07:55:46.375+0000] {logging_mixin.py:137} INFO - [2023-03-12T07:55:46.375+0000] {dag.py:3437} INFO - Setting next_dagrun for latest_only to 2023-03-12T03:55:46.375398+00:00, run_after=2023-03-12T07:55:46.375398+00:00
[2023-03-12T07:55:46.404+0000] {processor.py:175} INFO - Processing /home/melicharovykrecek/venv/lib/python3.9/site-packages/airflow/example_dags/example_latest_only.py took 0.103 seconds
[2023-03-12T07:56:32.698+0000] {processor.py:153} INFO - Started process (PID=3267) to work on /home/melicharovykrecek/venv/lib/python3.9/site-packages/airflow/example_dags/example_latest_only.py
[2023-03-12T07:56:32.700+0000] {processor.py:743} INFO - Processing file /home/melicharovykrecek/venv/lib/python3.9/site-packages/airflow/example_dags/example_latest_only.py for tasks to queue
[2023-03-12T07:56:32.701+0000] {logging_mixin.py:137} INFO - [2023-03-12T07:56:32.701+0000] {dagbag.py:538} INFO - Filling up the DagBag from /home/melicharovykrecek/venv/lib/python3.9/site-packages/airflow/example_dags/example_latest_only.py
[2023-03-12T07:56:32.719+0000] {processor.py:753} INFO - DAG(s) dict_keys(['latest_only']) retrieved from /home/melicharovykrecek/venv/lib/python3.9/site-packages/airflow/example_dags/example_latest_only.py
[2023-03-12T07:56:32.745+0000] {logging_mixin.py:137} INFO - [2023-03-12T07:56:32.745+0000] {dag.py:2690} INFO - Sync 1 DAGs
[2023-03-12T07:56:32.771+0000] {logging_mixin.py:137} INFO - [2023-03-12T07:56:32.771+0000] {dag.py:3437} INFO - Setting next_dagrun for latest_only to 2023-03-12T03:56:32.771002+00:00, run_after=2023-03-12T07:56:32.771002+00:00
[2023-03-12T07:56:32.799+0000] {processor.py:175} INFO - Processing /home/melicharovykrecek/venv/lib/python3.9/site-packages/airflow/example_dags/example_latest_only.py took 0.106 seconds
[2023-03-12T07:57:19.235+0000] {processor.py:153} INFO - Started process (PID=3312) to work on /home/melicharovykrecek/venv/lib/python3.9/site-packages/airflow/example_dags/example_latest_only.py
[2023-03-12T07:57:19.237+0000] {processor.py:743} INFO - Processing file /home/melicharovykrecek/venv/lib/python3.9/site-packages/airflow/example_dags/example_latest_only.py for tasks to queue
[2023-03-12T07:57:19.238+0000] {logging_mixin.py:137} INFO - [2023-03-12T07:57:19.238+0000] {dagbag.py:538} INFO - Filling up the DagBag from /home/melicharovykrecek/venv/lib/python3.9/site-packages/airflow/example_dags/example_latest_only.py
[2023-03-12T07:57:19.259+0000] {processor.py:753} INFO - DAG(s) dict_keys(['latest_only']) retrieved from /home/melicharovykrecek/venv/lib/python3.9/site-packages/airflow/example_dags/example_latest_only.py
[2023-03-12T07:57:19.287+0000] {logging_mixin.py:137} INFO - [2023-03-12T07:57:19.287+0000] {dag.py:2690} INFO - Sync 1 DAGs
[2023-03-12T07:57:19.314+0000] {logging_mixin.py:137} INFO - [2023-03-12T07:57:19.313+0000] {dag.py:3437} INFO - Setting next_dagrun for latest_only to 2023-03-12T03:57:19.313574+00:00, run_after=2023-03-12T07:57:19.313574+00:00
[2023-03-12T07:57:19.342+0000] {processor.py:175} INFO - Processing /home/melicharovykrecek/venv/lib/python3.9/site-packages/airflow/example_dags/example_latest_only.py took 0.112 seconds
[2023-03-12T07:58:07.320+0000] {processor.py:153} INFO - Started process (PID=3357) to work on /home/melicharovykrecek/venv/lib/python3.9/site-packages/airflow/example_dags/example_latest_only.py
[2023-03-12T07:58:07.322+0000] {processor.py:743} INFO - Processing file /home/melicharovykrecek/venv/lib/python3.9/site-packages/airflow/example_dags/example_latest_only.py for tasks to queue
[2023-03-12T07:58:07.324+0000] {logging_mixin.py:137} INFO - [2023-03-12T07:58:07.323+0000] {dagbag.py:538} INFO - Filling up the DagBag from /home/melicharovykrecek/venv/lib/python3.9/site-packages/airflow/example_dags/example_latest_only.py
[2023-03-12T07:58:07.341+0000] {processor.py:753} INFO - DAG(s) dict_keys(['latest_only']) retrieved from /home/melicharovykrecek/venv/lib/python3.9/site-packages/airflow/example_dags/example_latest_only.py
[2023-03-12T07:58:07.367+0000] {logging_mixin.py:137} INFO - [2023-03-12T07:58:07.367+0000] {dag.py:2690} INFO - Sync 1 DAGs
[2023-03-12T07:58:07.391+0000] {logging_mixin.py:137} INFO - [2023-03-12T07:58:07.391+0000] {dag.py:3437} INFO - Setting next_dagrun for latest_only to 2023-03-12T03:58:07.391206+00:00, run_after=2023-03-12T07:58:07.391206+00:00
[2023-03-12T07:58:07.418+0000] {processor.py:175} INFO - Processing /home/melicharovykrecek/venv/lib/python3.9/site-packages/airflow/example_dags/example_latest_only.py took 0.102 seconds
[2023-03-12T07:58:53.231+0000] {processor.py:153} INFO - Started process (PID=3403) to work on /home/melicharovykrecek/venv/lib/python3.9/site-packages/airflow/example_dags/example_latest_only.py
[2023-03-12T07:58:53.233+0000] {processor.py:743} INFO - Processing file /home/melicharovykrecek/venv/lib/python3.9/site-packages/airflow/example_dags/example_latest_only.py for tasks to queue
[2023-03-12T07:58:53.234+0000] {logging_mixin.py:137} INFO - [2023-03-12T07:58:53.234+0000] {dagbag.py:538} INFO - Filling up the DagBag from /home/melicharovykrecek/venv/lib/python3.9/site-packages/airflow/example_dags/example_latest_only.py
[2023-03-12T07:58:53.252+0000] {processor.py:753} INFO - DAG(s) dict_keys(['latest_only']) retrieved from /home/melicharovykrecek/venv/lib/python3.9/site-packages/airflow/example_dags/example_latest_only.py
[2023-03-12T07:58:53.277+0000] {logging_mixin.py:137} INFO - [2023-03-12T07:58:53.277+0000] {dag.py:2690} INFO - Sync 1 DAGs
[2023-03-12T07:58:53.303+0000] {logging_mixin.py:137} INFO - [2023-03-12T07:58:53.303+0000] {dag.py:3437} INFO - Setting next_dagrun for latest_only to 2023-03-12T03:58:53.303085+00:00, run_after=2023-03-12T07:58:53.303085+00:00
[2023-03-12T07:58:53.332+0000] {processor.py:175} INFO - Processing /home/melicharovykrecek/venv/lib/python3.9/site-packages/airflow/example_dags/example_latest_only.py took 0.105 seconds
[2023-03-12T07:59:38.966+0000] {processor.py:153} INFO - Started process (PID=3448) to work on /home/melicharovykrecek/venv/lib/python3.9/site-packages/airflow/example_dags/example_latest_only.py
[2023-03-12T07:59:38.969+0000] {processor.py:743} INFO - Processing file /home/melicharovykrecek/venv/lib/python3.9/site-packages/airflow/example_dags/example_latest_only.py for tasks to queue
[2023-03-12T07:59:38.970+0000] {logging_mixin.py:137} INFO - [2023-03-12T07:59:38.969+0000] {dagbag.py:538} INFO - Filling up the DagBag from /home/melicharovykrecek/venv/lib/python3.9/site-packages/airflow/example_dags/example_latest_only.py
[2023-03-12T07:59:38.990+0000] {processor.py:753} INFO - DAG(s) dict_keys(['latest_only']) retrieved from /home/melicharovykrecek/venv/lib/python3.9/site-packages/airflow/example_dags/example_latest_only.py
[2023-03-12T07:59:39.015+0000] {logging_mixin.py:137} INFO - [2023-03-12T07:59:39.015+0000] {dag.py:2690} INFO - Sync 1 DAGs
[2023-03-12T07:59:39.039+0000] {logging_mixin.py:137} INFO - [2023-03-12T07:59:39.039+0000] {dag.py:3437} INFO - Setting next_dagrun for latest_only to 2023-03-12T03:59:39.039130+00:00, run_after=2023-03-12T07:59:39.039130+00:00
[2023-03-12T07:59:39.069+0000] {processor.py:175} INFO - Processing /home/melicharovykrecek/venv/lib/python3.9/site-packages/airflow/example_dags/example_latest_only.py took 0.107 seconds
[2023-03-12T08:00:27.171+0000] {processor.py:153} INFO - Started process (PID=3519) to work on /home/melicharovykrecek/venv/lib/python3.9/site-packages/airflow/example_dags/example_latest_only.py
[2023-03-12T08:00:27.173+0000] {processor.py:743} INFO - Processing file /home/melicharovykrecek/venv/lib/python3.9/site-packages/airflow/example_dags/example_latest_only.py for tasks to queue
[2023-03-12T08:00:27.174+0000] {logging_mixin.py:137} INFO - [2023-03-12T08:00:27.174+0000] {dagbag.py:538} INFO - Filling up the DagBag from /home/melicharovykrecek/venv/lib/python3.9/site-packages/airflow/example_dags/example_latest_only.py
[2023-03-12T08:00:27.193+0000] {processor.py:753} INFO - DAG(s) dict_keys(['latest_only']) retrieved from /home/melicharovykrecek/venv/lib/python3.9/site-packages/airflow/example_dags/example_latest_only.py
[2023-03-12T08:00:27.218+0000] {logging_mixin.py:137} INFO - [2023-03-12T08:00:27.218+0000] {dag.py:2690} INFO - Sync 1 DAGs
[2023-03-12T08:00:27.242+0000] {logging_mixin.py:137} INFO - [2023-03-12T08:00:27.242+0000] {dag.py:3437} INFO - Setting next_dagrun for latest_only to 2023-03-12T04:00:27.242373+00:00, run_after=2023-03-12T08:00:27.242373+00:00
[2023-03-12T08:00:27.270+0000] {processor.py:175} INFO - Processing /home/melicharovykrecek/venv/lib/python3.9/site-packages/airflow/example_dags/example_latest_only.py took 0.103 seconds
[2023-03-12T08:01:16.134+0000] {processor.py:153} INFO - Started process (PID=3574) to work on /home/melicharovykrecek/venv/lib/python3.9/site-packages/airflow/example_dags/example_latest_only.py
[2023-03-12T08:01:16.136+0000] {processor.py:743} INFO - Processing file /home/melicharovykrecek/venv/lib/python3.9/site-packages/airflow/example_dags/example_latest_only.py for tasks to queue
[2023-03-12T08:01:16.137+0000] {logging_mixin.py:137} INFO - [2023-03-12T08:01:16.137+0000] {dagbag.py:538} INFO - Filling up the DagBag from /home/melicharovykrecek/venv/lib/python3.9/site-packages/airflow/example_dags/example_latest_only.py
[2023-03-12T08:01:16.155+0000] {processor.py:753} INFO - DAG(s) dict_keys(['latest_only']) retrieved from /home/melicharovykrecek/venv/lib/python3.9/site-packages/airflow/example_dags/example_latest_only.py
[2023-03-12T08:01:16.181+0000] {logging_mixin.py:137} INFO - [2023-03-12T08:01:16.181+0000] {dag.py:2690} INFO - Sync 1 DAGs
[2023-03-12T08:01:16.206+0000] {logging_mixin.py:137} INFO - [2023-03-12T08:01:16.205+0000] {dag.py:3437} INFO - Setting next_dagrun for latest_only to 2023-03-12T04:01:16.205451+00:00, run_after=2023-03-12T08:01:16.205451+00:00
[2023-03-12T08:01:16.233+0000] {processor.py:175} INFO - Processing /home/melicharovykrecek/venv/lib/python3.9/site-packages/airflow/example_dags/example_latest_only.py took 0.104 seconds
[2023-03-12T08:02:03.362+0000] {processor.py:153} INFO - Started process (PID=3620) to work on /home/melicharovykrecek/venv/lib/python3.9/site-packages/airflow/example_dags/example_latest_only.py
[2023-03-12T08:02:03.365+0000] {processor.py:743} INFO - Processing file /home/melicharovykrecek/venv/lib/python3.9/site-packages/airflow/example_dags/example_latest_only.py for tasks to queue
[2023-03-12T08:02:03.366+0000] {logging_mixin.py:137} INFO - [2023-03-12T08:02:03.366+0000] {dagbag.py:538} INFO - Filling up the DagBag from /home/melicharovykrecek/venv/lib/python3.9/site-packages/airflow/example_dags/example_latest_only.py
[2023-03-12T08:02:03.388+0000] {processor.py:753} INFO - DAG(s) dict_keys(['latest_only']) retrieved from /home/melicharovykrecek/venv/lib/python3.9/site-packages/airflow/example_dags/example_latest_only.py
[2023-03-12T08:02:03.418+0000] {logging_mixin.py:137} INFO - [2023-03-12T08:02:03.418+0000] {dag.py:2690} INFO - Sync 1 DAGs
[2023-03-12T08:02:03.445+0000] {logging_mixin.py:137} INFO - [2023-03-12T08:02:03.445+0000] {dag.py:3437} INFO - Setting next_dagrun for latest_only to 2023-03-12T04:02:03.445216+00:00, run_after=2023-03-12T08:02:03.445216+00:00
[2023-03-12T08:02:03.478+0000] {processor.py:175} INFO - Processing /home/melicharovykrecek/venv/lib/python3.9/site-packages/airflow/example_dags/example_latest_only.py took 0.121 seconds
[2023-03-12T08:02:50.510+0000] {processor.py:153} INFO - Started process (PID=3666) to work on /home/melicharovykrecek/venv/lib/python3.9/site-packages/airflow/example_dags/example_latest_only.py
[2023-03-12T08:02:50.513+0000] {processor.py:743} INFO - Processing file /home/melicharovykrecek/venv/lib/python3.9/site-packages/airflow/example_dags/example_latest_only.py for tasks to queue
[2023-03-12T08:02:50.514+0000] {logging_mixin.py:137} INFO - [2023-03-12T08:02:50.513+0000] {dagbag.py:538} INFO - Filling up the DagBag from /home/melicharovykrecek/venv/lib/python3.9/site-packages/airflow/example_dags/example_latest_only.py
[2023-03-12T08:02:50.533+0000] {processor.py:753} INFO - DAG(s) dict_keys(['latest_only']) retrieved from /home/melicharovykrecek/venv/lib/python3.9/site-packages/airflow/example_dags/example_latest_only.py
[2023-03-12T08:02:50.559+0000] {logging_mixin.py:137} INFO - [2023-03-12T08:02:50.558+0000] {dag.py:2690} INFO - Sync 1 DAGs
[2023-03-12T08:02:50.585+0000] {logging_mixin.py:137} INFO - [2023-03-12T08:02:50.585+0000] {dag.py:3437} INFO - Setting next_dagrun for latest_only to 2023-03-12T04:02:50.584833+00:00, run_after=2023-03-12T08:02:50.584833+00:00
[2023-03-12T08:02:50.614+0000] {processor.py:175} INFO - Processing /home/melicharovykrecek/venv/lib/python3.9/site-packages/airflow/example_dags/example_latest_only.py took 0.109 seconds
[2023-03-12T08:03:38.288+0000] {processor.py:153} INFO - Started process (PID=3712) to work on /home/melicharovykrecek/venv/lib/python3.9/site-packages/airflow/example_dags/example_latest_only.py
[2023-03-12T08:03:38.290+0000] {processor.py:743} INFO - Processing file /home/melicharovykrecek/venv/lib/python3.9/site-packages/airflow/example_dags/example_latest_only.py for tasks to queue
[2023-03-12T08:03:38.292+0000] {logging_mixin.py:137} INFO - [2023-03-12T08:03:38.292+0000] {dagbag.py:538} INFO - Filling up the DagBag from /home/melicharovykrecek/venv/lib/python3.9/site-packages/airflow/example_dags/example_latest_only.py
[2023-03-12T08:03:38.309+0000] {processor.py:753} INFO - DAG(s) dict_keys(['latest_only']) retrieved from /home/melicharovykrecek/venv/lib/python3.9/site-packages/airflow/example_dags/example_latest_only.py
[2023-03-12T08:03:38.334+0000] {logging_mixin.py:137} INFO - [2023-03-12T08:03:38.333+0000] {dag.py:2690} INFO - Sync 1 DAGs
[2023-03-12T08:03:38.359+0000] {logging_mixin.py:137} INFO - [2023-03-12T08:03:38.358+0000] {dag.py:3437} INFO - Setting next_dagrun for latest_only to 2023-03-12T04:03:38.358628+00:00, run_after=2023-03-12T08:03:38.358628+00:00
[2023-03-12T08:03:38.386+0000] {processor.py:175} INFO - Processing /home/melicharovykrecek/venv/lib/python3.9/site-packages/airflow/example_dags/example_latest_only.py took 0.102 seconds
[2023-03-12T08:04:21.010+0000] {processor.py:153} INFO - Started process (PID=3754) to work on /home/melicharovykrecek/venv/lib/python3.9/site-packages/airflow/example_dags/example_latest_only.py
[2023-03-12T08:04:21.012+0000] {processor.py:743} INFO - Processing file /home/melicharovykrecek/venv/lib/python3.9/site-packages/airflow/example_dags/example_latest_only.py for tasks to queue
[2023-03-12T08:04:21.013+0000] {logging_mixin.py:137} INFO - [2023-03-12T08:04:21.013+0000] {dagbag.py:538} INFO - Filling up the DagBag from /home/melicharovykrecek/venv/lib/python3.9/site-packages/airflow/example_dags/example_latest_only.py
[2023-03-12T08:04:21.031+0000] {processor.py:753} INFO - DAG(s) dict_keys(['latest_only']) retrieved from /home/melicharovykrecek/venv/lib/python3.9/site-packages/airflow/example_dags/example_latest_only.py
[2023-03-12T08:04:21.058+0000] {logging_mixin.py:137} INFO - [2023-03-12T08:04:21.058+0000] {dag.py:2690} INFO - Sync 1 DAGs
[2023-03-12T08:04:21.084+0000] {logging_mixin.py:137} INFO - [2023-03-12T08:04:21.083+0000] {dag.py:3437} INFO - Setting next_dagrun for latest_only to 2023-03-12T04:04:21.083472+00:00, run_after=2023-03-12T08:04:21.083472+00:00
[2023-03-12T08:04:21.112+0000] {processor.py:175} INFO - Processing /home/melicharovykrecek/venv/lib/python3.9/site-packages/airflow/example_dags/example_latest_only.py took 0.106 seconds
[2023-03-12T08:05:09.570+0000] {processor.py:153} INFO - Started process (PID=3802) to work on /home/melicharovykrecek/venv/lib/python3.9/site-packages/airflow/example_dags/example_latest_only.py
[2023-03-12T08:05:09.572+0000] {processor.py:743} INFO - Processing file /home/melicharovykrecek/venv/lib/python3.9/site-packages/airflow/example_dags/example_latest_only.py for tasks to queue
[2023-03-12T08:05:09.573+0000] {logging_mixin.py:137} INFO - [2023-03-12T08:05:09.573+0000] {dagbag.py:538} INFO - Filling up the DagBag from /home/melicharovykrecek/venv/lib/python3.9/site-packages/airflow/example_dags/example_latest_only.py
[2023-03-12T08:05:09.591+0000] {processor.py:753} INFO - DAG(s) dict_keys(['latest_only']) retrieved from /home/melicharovykrecek/venv/lib/python3.9/site-packages/airflow/example_dags/example_latest_only.py
[2023-03-12T08:05:09.620+0000] {logging_mixin.py:137} INFO - [2023-03-12T08:05:09.619+0000] {dag.py:2690} INFO - Sync 1 DAGs
[2023-03-12T08:05:09.645+0000] {logging_mixin.py:137} INFO - [2023-03-12T08:05:09.644+0000] {dag.py:3437} INFO - Setting next_dagrun for latest_only to 2023-03-12T04:05:09.644538+00:00, run_after=2023-03-12T08:05:09.644538+00:00
[2023-03-12T08:05:09.672+0000] {processor.py:175} INFO - Processing /home/melicharovykrecek/venv/lib/python3.9/site-packages/airflow/example_dags/example_latest_only.py took 0.107 seconds
[2023-03-12T08:05:59.036+0000] {processor.py:153} INFO - Started process (PID=3848) to work on /home/melicharovykrecek/venv/lib/python3.9/site-packages/airflow/example_dags/example_latest_only.py
[2023-03-12T08:05:59.038+0000] {processor.py:743} INFO - Processing file /home/melicharovykrecek/venv/lib/python3.9/site-packages/airflow/example_dags/example_latest_only.py for tasks to queue
[2023-03-12T08:05:59.039+0000] {logging_mixin.py:137} INFO - [2023-03-12T08:05:59.039+0000] {dagbag.py:538} INFO - Filling up the DagBag from /home/melicharovykrecek/venv/lib/python3.9/site-packages/airflow/example_dags/example_latest_only.py
[2023-03-12T08:05:59.059+0000] {processor.py:753} INFO - DAG(s) dict_keys(['latest_only']) retrieved from /home/melicharovykrecek/venv/lib/python3.9/site-packages/airflow/example_dags/example_latest_only.py
[2023-03-12T08:05:59.085+0000] {logging_mixin.py:137} INFO - [2023-03-12T08:05:59.085+0000] {dag.py:2690} INFO - Sync 1 DAGs
[2023-03-12T08:05:59.111+0000] {logging_mixin.py:137} INFO - [2023-03-12T08:05:59.111+0000] {dag.py:3437} INFO - Setting next_dagrun for latest_only to 2023-03-12T04:05:59.110942+00:00, run_after=2023-03-12T08:05:59.110942+00:00
[2023-03-12T08:05:59.140+0000] {processor.py:175} INFO - Processing /home/melicharovykrecek/venv/lib/python3.9/site-packages/airflow/example_dags/example_latest_only.py took 0.109 seconds
[2023-03-12T08:06:49.458+0000] {processor.py:153} INFO - Started process (PID=3898) to work on /home/melicharovykrecek/venv/lib/python3.9/site-packages/airflow/example_dags/example_latest_only.py
[2023-03-12T08:06:49.460+0000] {processor.py:743} INFO - Processing file /home/melicharovykrecek/venv/lib/python3.9/site-packages/airflow/example_dags/example_latest_only.py for tasks to queue
[2023-03-12T08:06:49.461+0000] {logging_mixin.py:137} INFO - [2023-03-12T08:06:49.461+0000] {dagbag.py:538} INFO - Filling up the DagBag from /home/melicharovykrecek/venv/lib/python3.9/site-packages/airflow/example_dags/example_latest_only.py
[2023-03-12T08:06:49.479+0000] {processor.py:753} INFO - DAG(s) dict_keys(['latest_only']) retrieved from /home/melicharovykrecek/venv/lib/python3.9/site-packages/airflow/example_dags/example_latest_only.py
[2023-03-12T08:06:49.504+0000] {logging_mixin.py:137} INFO - [2023-03-12T08:06:49.504+0000] {dag.py:2690} INFO - Sync 1 DAGs
[2023-03-12T08:06:49.528+0000] {logging_mixin.py:137} INFO - [2023-03-12T08:06:49.528+0000] {dag.py:3437} INFO - Setting next_dagrun for latest_only to 2023-03-12T04:06:49.527817+00:00, run_after=2023-03-12T08:06:49.527817+00:00
[2023-03-12T08:06:49.557+0000] {processor.py:175} INFO - Processing /home/melicharovykrecek/venv/lib/python3.9/site-packages/airflow/example_dags/example_latest_only.py took 0.105 seconds
[2023-03-12T08:07:39.055+0000] {processor.py:153} INFO - Started process (PID=3946) to work on /home/melicharovykrecek/venv/lib/python3.9/site-packages/airflow/example_dags/example_latest_only.py
[2023-03-12T08:07:39.057+0000] {processor.py:743} INFO - Processing file /home/melicharovykrecek/venv/lib/python3.9/site-packages/airflow/example_dags/example_latest_only.py for tasks to queue
[2023-03-12T08:07:39.058+0000] {logging_mixin.py:137} INFO - [2023-03-12T08:07:39.057+0000] {dagbag.py:538} INFO - Filling up the DagBag from /home/melicharovykrecek/venv/lib/python3.9/site-packages/airflow/example_dags/example_latest_only.py
[2023-03-12T08:07:39.076+0000] {processor.py:753} INFO - DAG(s) dict_keys(['latest_only']) retrieved from /home/melicharovykrecek/venv/lib/python3.9/site-packages/airflow/example_dags/example_latest_only.py
[2023-03-12T08:07:39.101+0000] {logging_mixin.py:137} INFO - [2023-03-12T08:07:39.100+0000] {dag.py:2690} INFO - Sync 1 DAGs
[2023-03-12T08:07:39.126+0000] {logging_mixin.py:137} INFO - [2023-03-12T08:07:39.125+0000] {dag.py:3437} INFO - Setting next_dagrun for latest_only to 2023-03-12T04:07:39.125618+00:00, run_after=2023-03-12T08:07:39.125618+00:00
[2023-03-12T08:07:39.152+0000] {processor.py:175} INFO - Processing /home/melicharovykrecek/venv/lib/python3.9/site-packages/airflow/example_dags/example_latest_only.py took 0.102 seconds
[2023-03-12T08:08:22.419+0000] {processor.py:153} INFO - Started process (PID=4021) to work on /home/melicharovykrecek/venv/lib/python3.9/site-packages/airflow/example_dags/example_latest_only.py
[2023-03-12T08:08:22.421+0000] {processor.py:743} INFO - Processing file /home/melicharovykrecek/venv/lib/python3.9/site-packages/airflow/example_dags/example_latest_only.py for tasks to queue
[2023-03-12T08:08:22.422+0000] {logging_mixin.py:137} INFO - [2023-03-12T08:08:22.422+0000] {dagbag.py:538} INFO - Filling up the DagBag from /home/melicharovykrecek/venv/lib/python3.9/site-packages/airflow/example_dags/example_latest_only.py
[2023-03-12T08:08:22.440+0000] {processor.py:753} INFO - DAG(s) dict_keys(['latest_only']) retrieved from /home/melicharovykrecek/venv/lib/python3.9/site-packages/airflow/example_dags/example_latest_only.py
[2023-03-12T08:08:22.467+0000] {logging_mixin.py:137} INFO - [2023-03-12T08:08:22.467+0000] {dag.py:2690} INFO - Sync 1 DAGs
[2023-03-12T08:08:22.494+0000] {logging_mixin.py:137} INFO - [2023-03-12T08:08:22.494+0000] {dag.py:3437} INFO - Setting next_dagrun for latest_only to 2023-03-12T04:08:22.493681+00:00, run_after=2023-03-12T08:08:22.493681+00:00
[2023-03-12T08:08:22.522+0000] {processor.py:175} INFO - Processing /home/melicharovykrecek/venv/lib/python3.9/site-packages/airflow/example_dags/example_latest_only.py took 0.109 seconds
[2023-03-12T08:09:12.233+0000] {processor.py:153} INFO - Started process (PID=4084) to work on /home/melicharovykrecek/venv/lib/python3.9/site-packages/airflow/example_dags/example_latest_only.py
[2023-03-12T08:09:12.235+0000] {processor.py:743} INFO - Processing file /home/melicharovykrecek/venv/lib/python3.9/site-packages/airflow/example_dags/example_latest_only.py for tasks to queue
[2023-03-12T08:09:12.236+0000] {logging_mixin.py:137} INFO - [2023-03-12T08:09:12.236+0000] {dagbag.py:538} INFO - Filling up the DagBag from /home/melicharovykrecek/venv/lib/python3.9/site-packages/airflow/example_dags/example_latest_only.py
[2023-03-12T08:09:12.254+0000] {processor.py:753} INFO - DAG(s) dict_keys(['latest_only']) retrieved from /home/melicharovykrecek/venv/lib/python3.9/site-packages/airflow/example_dags/example_latest_only.py
[2023-03-12T08:09:12.280+0000] {logging_mixin.py:137} INFO - [2023-03-12T08:09:12.280+0000] {dag.py:2690} INFO - Sync 1 DAGs
[2023-03-12T08:09:12.304+0000] {logging_mixin.py:137} INFO - [2023-03-12T08:09:12.303+0000] {dag.py:3437} INFO - Setting next_dagrun for latest_only to 2023-03-12T04:09:12.303511+00:00, run_after=2023-03-12T08:09:12.303511+00:00
[2023-03-12T08:09:12.329+0000] {processor.py:175} INFO - Processing /home/melicharovykrecek/venv/lib/python3.9/site-packages/airflow/example_dags/example_latest_only.py took 0.101 seconds
[2023-03-12T08:10:02.622+0000] {processor.py:153} INFO - Started process (PID=4132) to work on /home/melicharovykrecek/venv/lib/python3.9/site-packages/airflow/example_dags/example_latest_only.py
[2023-03-12T08:10:02.624+0000] {processor.py:743} INFO - Processing file /home/melicharovykrecek/venv/lib/python3.9/site-packages/airflow/example_dags/example_latest_only.py for tasks to queue
[2023-03-12T08:10:02.625+0000] {logging_mixin.py:137} INFO - [2023-03-12T08:10:02.625+0000] {dagbag.py:538} INFO - Filling up the DagBag from /home/melicharovykrecek/venv/lib/python3.9/site-packages/airflow/example_dags/example_latest_only.py
[2023-03-12T08:10:02.644+0000] {processor.py:753} INFO - DAG(s) dict_keys(['latest_only']) retrieved from /home/melicharovykrecek/venv/lib/python3.9/site-packages/airflow/example_dags/example_latest_only.py
[2023-03-12T08:10:02.669+0000] {logging_mixin.py:137} INFO - [2023-03-12T08:10:02.669+0000] {dag.py:2690} INFO - Sync 1 DAGs
[2023-03-12T08:10:02.696+0000] {logging_mixin.py:137} INFO - [2023-03-12T08:10:02.696+0000] {dag.py:3437} INFO - Setting next_dagrun for latest_only to 2023-03-12T04:10:02.696260+00:00, run_after=2023-03-12T08:10:02.696260+00:00
[2023-03-12T08:10:02.727+0000] {processor.py:175} INFO - Processing /home/melicharovykrecek/venv/lib/python3.9/site-packages/airflow/example_dags/example_latest_only.py took 0.110 seconds
[2023-03-12T08:10:46.829+0000] {processor.py:153} INFO - Started process (PID=4176) to work on /home/melicharovykrecek/venv/lib/python3.9/site-packages/airflow/example_dags/example_latest_only.py
[2023-03-12T08:10:46.831+0000] {processor.py:743} INFO - Processing file /home/melicharovykrecek/venv/lib/python3.9/site-packages/airflow/example_dags/example_latest_only.py for tasks to queue
[2023-03-12T08:10:46.832+0000] {logging_mixin.py:137} INFO - [2023-03-12T08:10:46.831+0000] {dagbag.py:538} INFO - Filling up the DagBag from /home/melicharovykrecek/venv/lib/python3.9/site-packages/airflow/example_dags/example_latest_only.py
[2023-03-12T08:10:46.850+0000] {processor.py:753} INFO - DAG(s) dict_keys(['latest_only']) retrieved from /home/melicharovykrecek/venv/lib/python3.9/site-packages/airflow/example_dags/example_latest_only.py
[2023-03-12T08:10:46.876+0000] {logging_mixin.py:137} INFO - [2023-03-12T08:10:46.876+0000] {dag.py:2690} INFO - Sync 1 DAGs
[2023-03-12T08:10:46.902+0000] {logging_mixin.py:137} INFO - [2023-03-12T08:10:46.902+0000] {dag.py:3437} INFO - Setting next_dagrun for latest_only to 2023-03-12T04:10:46.902151+00:00, run_after=2023-03-12T08:10:46.902151+00:00
[2023-03-12T08:10:46.929+0000] {processor.py:175} INFO - Processing /home/melicharovykrecek/venv/lib/python3.9/site-packages/airflow/example_dags/example_latest_only.py took 0.105 seconds
[2023-03-12T08:11:31.595+0000] {processor.py:153} INFO - Started process (PID=4239) to work on /home/melicharovykrecek/venv/lib/python3.9/site-packages/airflow/example_dags/example_latest_only.py
[2023-03-12T08:11:31.597+0000] {processor.py:743} INFO - Processing file /home/melicharovykrecek/venv/lib/python3.9/site-packages/airflow/example_dags/example_latest_only.py for tasks to queue
[2023-03-12T08:11:31.598+0000] {logging_mixin.py:137} INFO - [2023-03-12T08:11:31.597+0000] {dagbag.py:538} INFO - Filling up the DagBag from /home/melicharovykrecek/venv/lib/python3.9/site-packages/airflow/example_dags/example_latest_only.py
[2023-03-12T08:11:31.616+0000] {processor.py:753} INFO - DAG(s) dict_keys(['latest_only']) retrieved from /home/melicharovykrecek/venv/lib/python3.9/site-packages/airflow/example_dags/example_latest_only.py
[2023-03-12T08:11:31.643+0000] {logging_mixin.py:137} INFO - [2023-03-12T08:11:31.642+0000] {dag.py:2690} INFO - Sync 1 DAGs
[2023-03-12T08:11:31.669+0000] {logging_mixin.py:137} INFO - [2023-03-12T08:11:31.669+0000] {dag.py:3437} INFO - Setting next_dagrun for latest_only to 2023-03-12T04:11:31.668940+00:00, run_after=2023-03-12T08:11:31.668940+00:00
[2023-03-12T08:11:31.697+0000] {processor.py:175} INFO - Processing /home/melicharovykrecek/venv/lib/python3.9/site-packages/airflow/example_dags/example_latest_only.py took 0.107 seconds
[2023-03-12T08:12:22.667+0000] {processor.py:153} INFO - Started process (PID=4299) to work on /home/melicharovykrecek/venv/lib/python3.9/site-packages/airflow/example_dags/example_latest_only.py
[2023-03-12T08:12:22.669+0000] {processor.py:743} INFO - Processing file /home/melicharovykrecek/venv/lib/python3.9/site-packages/airflow/example_dags/example_latest_only.py for tasks to queue
[2023-03-12T08:12:22.670+0000] {logging_mixin.py:137} INFO - [2023-03-12T08:12:22.670+0000] {dagbag.py:538} INFO - Filling up the DagBag from /home/melicharovykrecek/venv/lib/python3.9/site-packages/airflow/example_dags/example_latest_only.py
[2023-03-12T08:12:22.688+0000] {processor.py:753} INFO - DAG(s) dict_keys(['latest_only']) retrieved from /home/melicharovykrecek/venv/lib/python3.9/site-packages/airflow/example_dags/example_latest_only.py
[2023-03-12T08:12:22.713+0000] {logging_mixin.py:137} INFO - [2023-03-12T08:12:22.712+0000] {dag.py:2690} INFO - Sync 1 DAGs
[2023-03-12T08:12:22.737+0000] {logging_mixin.py:137} INFO - [2023-03-12T08:12:22.737+0000] {dag.py:3437} INFO - Setting next_dagrun for latest_only to 2023-03-12T04:12:22.736715+00:00, run_after=2023-03-12T08:12:22.736715+00:00
[2023-03-12T08:12:22.764+0000] {processor.py:175} INFO - Processing /home/melicharovykrecek/venv/lib/python3.9/site-packages/airflow/example_dags/example_latest_only.py took 0.102 seconds
[2023-03-12T08:13:08.952+0000] {processor.py:153} INFO - Started process (PID=4363) to work on /home/melicharovykrecek/venv/lib/python3.9/site-packages/airflow/example_dags/example_latest_only.py
[2023-03-12T08:13:08.954+0000] {processor.py:743} INFO - Processing file /home/melicharovykrecek/venv/lib/python3.9/site-packages/airflow/example_dags/example_latest_only.py for tasks to queue
[2023-03-12T08:13:08.955+0000] {logging_mixin.py:137} INFO - [2023-03-12T08:13:08.955+0000] {dagbag.py:538} INFO - Filling up the DagBag from /home/melicharovykrecek/venv/lib/python3.9/site-packages/airflow/example_dags/example_latest_only.py
[2023-03-12T08:13:08.974+0000] {processor.py:753} INFO - DAG(s) dict_keys(['latest_only']) retrieved from /home/melicharovykrecek/venv/lib/python3.9/site-packages/airflow/example_dags/example_latest_only.py
[2023-03-12T08:13:09.001+0000] {logging_mixin.py:137} INFO - [2023-03-12T08:13:09.001+0000] {dag.py:2690} INFO - Sync 1 DAGs
[2023-03-12T08:13:09.026+0000] {logging_mixin.py:137} INFO - [2023-03-12T08:13:09.026+0000] {dag.py:3437} INFO - Setting next_dagrun for latest_only to 2023-03-12T04:13:09.026174+00:00, run_after=2023-03-12T08:13:09.026174+00:00
[2023-03-12T08:13:09.054+0000] {processor.py:175} INFO - Processing /home/melicharovykrecek/venv/lib/python3.9/site-packages/airflow/example_dags/example_latest_only.py took 0.109 seconds
[2023-03-12T08:14:02.171+0000] {processor.py:153} INFO - Started process (PID=4420) to work on /home/melicharovykrecek/venv/lib/python3.9/site-packages/airflow/example_dags/example_latest_only.py
[2023-03-12T08:14:02.173+0000] {processor.py:743} INFO - Processing file /home/melicharovykrecek/venv/lib/python3.9/site-packages/airflow/example_dags/example_latest_only.py for tasks to queue
[2023-03-12T08:14:02.174+0000] {logging_mixin.py:137} INFO - [2023-03-12T08:14:02.174+0000] {dagbag.py:538} INFO - Filling up the DagBag from /home/melicharovykrecek/venv/lib/python3.9/site-packages/airflow/example_dags/example_latest_only.py
[2023-03-12T08:14:02.192+0000] {processor.py:753} INFO - DAG(s) dict_keys(['latest_only']) retrieved from /home/melicharovykrecek/venv/lib/python3.9/site-packages/airflow/example_dags/example_latest_only.py
[2023-03-12T08:14:02.217+0000] {logging_mixin.py:137} INFO - [2023-03-12T08:14:02.217+0000] {dag.py:2690} INFO - Sync 1 DAGs
[2023-03-12T08:14:02.242+0000] {logging_mixin.py:137} INFO - [2023-03-12T08:14:02.242+0000] {dag.py:3437} INFO - Setting next_dagrun for latest_only to 2023-03-12T04:14:02.241967+00:00, run_after=2023-03-12T08:14:02.241967+00:00
[2023-03-12T08:14:02.274+0000] {processor.py:175} INFO - Processing /home/melicharovykrecek/venv/lib/python3.9/site-packages/airflow/example_dags/example_latest_only.py took 0.108 seconds
[2023-03-12T08:14:51.031+0000] {processor.py:153} INFO - Started process (PID=4485) to work on /home/melicharovykrecek/venv/lib/python3.9/site-packages/airflow/example_dags/example_latest_only.py
[2023-03-12T08:14:51.033+0000] {processor.py:743} INFO - Processing file /home/melicharovykrecek/venv/lib/python3.9/site-packages/airflow/example_dags/example_latest_only.py for tasks to queue
[2023-03-12T08:14:51.034+0000] {logging_mixin.py:137} INFO - [2023-03-12T08:14:51.034+0000] {dagbag.py:538} INFO - Filling up the DagBag from /home/melicharovykrecek/venv/lib/python3.9/site-packages/airflow/example_dags/example_latest_only.py
[2023-03-12T08:14:51.055+0000] {processor.py:753} INFO - DAG(s) dict_keys(['latest_only']) retrieved from /home/melicharovykrecek/venv/lib/python3.9/site-packages/airflow/example_dags/example_latest_only.py
[2023-03-12T08:14:51.081+0000] {logging_mixin.py:137} INFO - [2023-03-12T08:14:51.081+0000] {dag.py:2690} INFO - Sync 1 DAGs
[2023-03-12T08:14:51.109+0000] {logging_mixin.py:137} INFO - [2023-03-12T08:14:51.109+0000] {dag.py:3437} INFO - Setting next_dagrun for latest_only to 2023-03-12T04:14:51.108745+00:00, run_after=2023-03-12T08:14:51.108745+00:00
[2023-03-12T08:14:51.138+0000] {processor.py:175} INFO - Processing /home/melicharovykrecek/venv/lib/python3.9/site-packages/airflow/example_dags/example_latest_only.py took 0.112 seconds
[2023-03-12T08:15:38.544+0000] {processor.py:153} INFO - Started process (PID=4533) to work on /home/melicharovykrecek/venv/lib/python3.9/site-packages/airflow/example_dags/example_latest_only.py
[2023-03-12T08:15:38.546+0000] {processor.py:743} INFO - Processing file /home/melicharovykrecek/venv/lib/python3.9/site-packages/airflow/example_dags/example_latest_only.py for tasks to queue
[2023-03-12T08:15:38.547+0000] {logging_mixin.py:137} INFO - [2023-03-12T08:15:38.547+0000] {dagbag.py:538} INFO - Filling up the DagBag from /home/melicharovykrecek/venv/lib/python3.9/site-packages/airflow/example_dags/example_latest_only.py
[2023-03-12T08:15:38.565+0000] {processor.py:753} INFO - DAG(s) dict_keys(['latest_only']) retrieved from /home/melicharovykrecek/venv/lib/python3.9/site-packages/airflow/example_dags/example_latest_only.py
[2023-03-12T08:15:38.590+0000] {logging_mixin.py:137} INFO - [2023-03-12T08:15:38.590+0000] {dag.py:2690} INFO - Sync 1 DAGs
[2023-03-12T08:15:38.616+0000] {logging_mixin.py:137} INFO - [2023-03-12T08:15:38.615+0000] {dag.py:3437} INFO - Setting next_dagrun for latest_only to 2023-03-12T04:15:38.615264+00:00, run_after=2023-03-12T08:15:38.615264+00:00
[2023-03-12T08:15:38.644+0000] {processor.py:175} INFO - Processing /home/melicharovykrecek/venv/lib/python3.9/site-packages/airflow/example_dags/example_latest_only.py took 0.105 seconds
[2023-03-12T08:16:32.827+0000] {processor.py:153} INFO - Started process (PID=4588) to work on /home/melicharovykrecek/venv/lib/python3.9/site-packages/airflow/example_dags/example_latest_only.py
[2023-03-12T08:16:32.830+0000] {processor.py:743} INFO - Processing file /home/melicharovykrecek/venv/lib/python3.9/site-packages/airflow/example_dags/example_latest_only.py for tasks to queue
[2023-03-12T08:16:32.831+0000] {logging_mixin.py:137} INFO - [2023-03-12T08:16:32.831+0000] {dagbag.py:538} INFO - Filling up the DagBag from /home/melicharovykrecek/venv/lib/python3.9/site-packages/airflow/example_dags/example_latest_only.py
[2023-03-12T08:16:32.849+0000] {processor.py:753} INFO - DAG(s) dict_keys(['latest_only']) retrieved from /home/melicharovykrecek/venv/lib/python3.9/site-packages/airflow/example_dags/example_latest_only.py
[2023-03-12T08:16:32.873+0000] {logging_mixin.py:137} INFO - [2023-03-12T08:16:32.873+0000] {dag.py:2690} INFO - Sync 1 DAGs
[2023-03-12T08:16:32.900+0000] {logging_mixin.py:137} INFO - [2023-03-12T08:16:32.899+0000] {dag.py:3437} INFO - Setting next_dagrun for latest_only to 2023-03-12T04:16:32.899541+00:00, run_after=2023-03-12T08:16:32.899541+00:00
[2023-03-12T08:16:32.942+0000] {processor.py:175} INFO - Processing /home/melicharovykrecek/venv/lib/python3.9/site-packages/airflow/example_dags/example_latest_only.py took 0.121 seconds
[2023-03-12T08:17:26.355+0000] {processor.py:153} INFO - Started process (PID=4651) to work on /home/melicharovykrecek/venv/lib/python3.9/site-packages/airflow/example_dags/example_latest_only.py
[2023-03-12T08:17:26.357+0000] {processor.py:743} INFO - Processing file /home/melicharovykrecek/venv/lib/python3.9/site-packages/airflow/example_dags/example_latest_only.py for tasks to queue
[2023-03-12T08:17:26.358+0000] {logging_mixin.py:137} INFO - [2023-03-12T08:17:26.357+0000] {dagbag.py:538} INFO - Filling up the DagBag from /home/melicharovykrecek/venv/lib/python3.9/site-packages/airflow/example_dags/example_latest_only.py
[2023-03-12T08:17:26.376+0000] {processor.py:753} INFO - DAG(s) dict_keys(['latest_only']) retrieved from /home/melicharovykrecek/venv/lib/python3.9/site-packages/airflow/example_dags/example_latest_only.py
[2023-03-12T08:17:26.402+0000] {logging_mixin.py:137} INFO - [2023-03-12T08:17:26.402+0000] {dag.py:2690} INFO - Sync 1 DAGs
[2023-03-12T08:17:26.428+0000] {logging_mixin.py:137} INFO - [2023-03-12T08:17:26.428+0000] {dag.py:3437} INFO - Setting next_dagrun for latest_only to 2023-03-12T04:17:26.428191+00:00, run_after=2023-03-12T08:17:26.428191+00:00
[2023-03-12T08:17:26.460+0000] {processor.py:175} INFO - Processing /home/melicharovykrecek/venv/lib/python3.9/site-packages/airflow/example_dags/example_latest_only.py took 0.110 seconds
[2023-03-12T08:18:16.636+0000] {processor.py:153} INFO - Started process (PID=4699) to work on /home/melicharovykrecek/venv/lib/python3.9/site-packages/airflow/example_dags/example_latest_only.py
[2023-03-12T08:18:16.638+0000] {processor.py:743} INFO - Processing file /home/melicharovykrecek/venv/lib/python3.9/site-packages/airflow/example_dags/example_latest_only.py for tasks to queue
[2023-03-12T08:18:16.639+0000] {logging_mixin.py:137} INFO - [2023-03-12T08:18:16.639+0000] {dagbag.py:538} INFO - Filling up the DagBag from /home/melicharovykrecek/venv/lib/python3.9/site-packages/airflow/example_dags/example_latest_only.py
[2023-03-12T08:18:16.657+0000] {processor.py:753} INFO - DAG(s) dict_keys(['latest_only']) retrieved from /home/melicharovykrecek/venv/lib/python3.9/site-packages/airflow/example_dags/example_latest_only.py
[2023-03-12T08:18:16.683+0000] {logging_mixin.py:137} INFO - [2023-03-12T08:18:16.683+0000] {dag.py:2690} INFO - Sync 1 DAGs
[2023-03-12T08:18:16.709+0000] {logging_mixin.py:137} INFO - [2023-03-12T08:18:16.709+0000] {dag.py:3437} INFO - Setting next_dagrun for latest_only to 2023-03-12T04:18:16.708955+00:00, run_after=2023-03-12T08:18:16.708955+00:00
[2023-03-12T08:18:16.738+0000] {processor.py:175} INFO - Processing /home/melicharovykrecek/venv/lib/python3.9/site-packages/airflow/example_dags/example_latest_only.py took 0.107 seconds
[2023-03-12T08:19:01.370+0000] {processor.py:153} INFO - Started process (PID=4745) to work on /home/melicharovykrecek/venv/lib/python3.9/site-packages/airflow/example_dags/example_latest_only.py
[2023-03-12T08:19:01.372+0000] {processor.py:743} INFO - Processing file /home/melicharovykrecek/venv/lib/python3.9/site-packages/airflow/example_dags/example_latest_only.py for tasks to queue
[2023-03-12T08:19:01.373+0000] {logging_mixin.py:137} INFO - [2023-03-12T08:19:01.373+0000] {dagbag.py:538} INFO - Filling up the DagBag from /home/melicharovykrecek/venv/lib/python3.9/site-packages/airflow/example_dags/example_latest_only.py
[2023-03-12T08:19:01.392+0000] {processor.py:753} INFO - DAG(s) dict_keys(['latest_only']) retrieved from /home/melicharovykrecek/venv/lib/python3.9/site-packages/airflow/example_dags/example_latest_only.py
[2023-03-12T08:19:01.418+0000] {logging_mixin.py:137} INFO - [2023-03-12T08:19:01.417+0000] {dag.py:2690} INFO - Sync 1 DAGs
[2023-03-12T08:19:01.446+0000] {logging_mixin.py:137} INFO - [2023-03-12T08:19:01.446+0000] {dag.py:3437} INFO - Setting next_dagrun for latest_only to 2023-03-12T04:19:01.446031+00:00, run_after=2023-03-12T08:19:01.446031+00:00
[2023-03-12T08:19:01.479+0000] {processor.py:175} INFO - Processing /home/melicharovykrecek/venv/lib/python3.9/site-packages/airflow/example_dags/example_latest_only.py took 0.113 seconds
[2023-03-12T08:19:49.582+0000] {processor.py:153} INFO - Started process (PID=4791) to work on /home/melicharovykrecek/venv/lib/python3.9/site-packages/airflow/example_dags/example_latest_only.py
[2023-03-12T08:19:49.584+0000] {processor.py:743} INFO - Processing file /home/melicharovykrecek/venv/lib/python3.9/site-packages/airflow/example_dags/example_latest_only.py for tasks to queue
[2023-03-12T08:19:49.585+0000] {logging_mixin.py:137} INFO - [2023-03-12T08:19:49.585+0000] {dagbag.py:538} INFO - Filling up the DagBag from /home/melicharovykrecek/venv/lib/python3.9/site-packages/airflow/example_dags/example_latest_only.py
[2023-03-12T08:19:49.605+0000] {processor.py:753} INFO - DAG(s) dict_keys(['latest_only']) retrieved from /home/melicharovykrecek/venv/lib/python3.9/site-packages/airflow/example_dags/example_latest_only.py
[2023-03-12T08:19:49.634+0000] {logging_mixin.py:137} INFO - [2023-03-12T08:19:49.633+0000] {dag.py:2690} INFO - Sync 1 DAGs
[2023-03-12T08:19:49.658+0000] {logging_mixin.py:137} INFO - [2023-03-12T08:19:49.658+0000] {dag.py:3437} INFO - Setting next_dagrun for latest_only to 2023-03-12T04:19:49.658341+00:00, run_after=2023-03-12T08:19:49.658341+00:00
[2023-03-12T08:19:49.687+0000] {processor.py:175} INFO - Processing /home/melicharovykrecek/venv/lib/python3.9/site-packages/airflow/example_dags/example_latest_only.py took 0.110 seconds
[2023-03-12T08:20:42.525+0000] {processor.py:153} INFO - Started process (PID=4849) to work on /home/melicharovykrecek/venv/lib/python3.9/site-packages/airflow/example_dags/example_latest_only.py
[2023-03-12T08:20:42.527+0000] {processor.py:743} INFO - Processing file /home/melicharovykrecek/venv/lib/python3.9/site-packages/airflow/example_dags/example_latest_only.py for tasks to queue
[2023-03-12T08:20:42.528+0000] {logging_mixin.py:137} INFO - [2023-03-12T08:20:42.527+0000] {dagbag.py:538} INFO - Filling up the DagBag from /home/melicharovykrecek/venv/lib/python3.9/site-packages/airflow/example_dags/example_latest_only.py
[2023-03-12T08:20:42.546+0000] {processor.py:753} INFO - DAG(s) dict_keys(['latest_only']) retrieved from /home/melicharovykrecek/venv/lib/python3.9/site-packages/airflow/example_dags/example_latest_only.py
[2023-03-12T08:20:42.571+0000] {logging_mixin.py:137} INFO - [2023-03-12T08:20:42.570+0000] {dag.py:2690} INFO - Sync 1 DAGs
[2023-03-12T08:20:42.596+0000] {logging_mixin.py:137} INFO - [2023-03-12T08:20:42.596+0000] {dag.py:3437} INFO - Setting next_dagrun for latest_only to 2023-03-12T04:20:42.596083+00:00, run_after=2023-03-12T08:20:42.596083+00:00
[2023-03-12T08:20:42.626+0000] {processor.py:175} INFO - Processing /home/melicharovykrecek/venv/lib/python3.9/site-packages/airflow/example_dags/example_latest_only.py took 0.106 seconds
