[2023-03-12T07:30:56.399+0000] {processor.py:153} INFO - Started process (PID=1501) to work on /home/melicharovykrecek/venv/lib/python3.9/site-packages/airflow/example_dags/example_kubernetes_executor.py
[2023-03-12T07:30:56.400+0000] {processor.py:743} INFO - Processing file /home/melicharovykrecek/venv/lib/python3.9/site-packages/airflow/example_dags/example_kubernetes_executor.py for tasks to queue
[2023-03-12T07:30:56.401+0000] {logging_mixin.py:137} INFO - [2023-03-12T07:30:56.401+0000] {dagbag.py:538} INFO - Filling up the DagBag from /home/melicharovykrecek/venv/lib/python3.9/site-packages/airflow/example_dags/example_kubernetes_executor.py
[2023-03-12T07:30:56.421+0000] {logging_mixin.py:137} INFO - [2023-03-12T07:30:56.421+0000] {example_kubernetes_executor.py:41} WARNING - The example_kubernetes_executor example DAG requires the kubernetes provider. Please install it with: pip install apache-airflow[cncf.kubernetes]
[2023-03-12T07:30:56.422+0000] {processor.py:755} WARNING - No viable dags retrieved from /home/melicharovykrecek/venv/lib/python3.9/site-packages/airflow/example_dags/example_kubernetes_executor.py
[2023-03-12T07:30:56.434+0000] {processor.py:175} INFO - Processing /home/melicharovykrecek/venv/lib/python3.9/site-packages/airflow/example_dags/example_kubernetes_executor.py took 0.039 seconds
[2023-03-12T07:31:43.296+0000] {processor.py:153} INFO - Started process (PID=1567) to work on /home/melicharovykrecek/venv/lib/python3.9/site-packages/airflow/example_dags/example_kubernetes_executor.py
[2023-03-12T07:31:43.298+0000] {processor.py:743} INFO - Processing file /home/melicharovykrecek/venv/lib/python3.9/site-packages/airflow/example_dags/example_kubernetes_executor.py for tasks to queue
[2023-03-12T07:31:43.299+0000] {logging_mixin.py:137} INFO - [2023-03-12T07:31:43.299+0000] {dagbag.py:538} INFO - Filling up the DagBag from /home/melicharovykrecek/venv/lib/python3.9/site-packages/airflow/example_dags/example_kubernetes_executor.py
[2023-03-12T07:31:43.321+0000] {logging_mixin.py:137} INFO - [2023-03-12T07:31:43.321+0000] {example_kubernetes_executor.py:41} WARNING - The example_kubernetes_executor example DAG requires the kubernetes provider. Please install it with: pip install apache-airflow[cncf.kubernetes]
[2023-03-12T07:31:43.322+0000] {processor.py:755} WARNING - No viable dags retrieved from /home/melicharovykrecek/venv/lib/python3.9/site-packages/airflow/example_dags/example_kubernetes_executor.py
[2023-03-12T07:31:43.336+0000] {processor.py:175} INFO - Processing /home/melicharovykrecek/venv/lib/python3.9/site-packages/airflow/example_dags/example_kubernetes_executor.py took 0.044 seconds
[2023-03-12T07:32:30.864+0000] {processor.py:153} INFO - Started process (PID=1620) to work on /home/melicharovykrecek/venv/lib/python3.9/site-packages/airflow/example_dags/example_kubernetes_executor.py
[2023-03-12T07:32:30.866+0000] {processor.py:743} INFO - Processing file /home/melicharovykrecek/venv/lib/python3.9/site-packages/airflow/example_dags/example_kubernetes_executor.py for tasks to queue
[2023-03-12T07:32:30.867+0000] {logging_mixin.py:137} INFO - [2023-03-12T07:32:30.866+0000] {dagbag.py:538} INFO - Filling up the DagBag from /home/melicharovykrecek/venv/lib/python3.9/site-packages/airflow/example_dags/example_kubernetes_executor.py
[2023-03-12T07:32:30.887+0000] {logging_mixin.py:137} INFO - [2023-03-12T07:32:30.886+0000] {example_kubernetes_executor.py:41} WARNING - The example_kubernetes_executor example DAG requires the kubernetes provider. Please install it with: pip install apache-airflow[cncf.kubernetes]
[2023-03-12T07:32:30.887+0000] {processor.py:755} WARNING - No viable dags retrieved from /home/melicharovykrecek/venv/lib/python3.9/site-packages/airflow/example_dags/example_kubernetes_executor.py
[2023-03-12T07:32:30.899+0000] {processor.py:175} INFO - Processing /home/melicharovykrecek/venv/lib/python3.9/site-packages/airflow/example_dags/example_kubernetes_executor.py took 0.039 seconds
[2023-03-12T07:33:22.169+0000] {processor.py:153} INFO - Started process (PID=1669) to work on /home/melicharovykrecek/venv/lib/python3.9/site-packages/airflow/example_dags/example_kubernetes_executor.py
[2023-03-12T07:33:22.172+0000] {processor.py:743} INFO - Processing file /home/melicharovykrecek/venv/lib/python3.9/site-packages/airflow/example_dags/example_kubernetes_executor.py for tasks to queue
[2023-03-12T07:33:22.172+0000] {logging_mixin.py:137} INFO - [2023-03-12T07:33:22.172+0000] {dagbag.py:538} INFO - Filling up the DagBag from /home/melicharovykrecek/venv/lib/python3.9/site-packages/airflow/example_dags/example_kubernetes_executor.py
[2023-03-12T07:33:22.192+0000] {logging_mixin.py:137} INFO - [2023-03-12T07:33:22.192+0000] {example_kubernetes_executor.py:41} WARNING - The example_kubernetes_executor example DAG requires the kubernetes provider. Please install it with: pip install apache-airflow[cncf.kubernetes]
[2023-03-12T07:33:22.192+0000] {processor.py:755} WARNING - No viable dags retrieved from /home/melicharovykrecek/venv/lib/python3.9/site-packages/airflow/example_dags/example_kubernetes_executor.py
[2023-03-12T07:33:22.204+0000] {processor.py:175} INFO - Processing /home/melicharovykrecek/venv/lib/python3.9/site-packages/airflow/example_dags/example_kubernetes_executor.py took 0.039 seconds
[2023-03-12T07:34:12.375+0000] {processor.py:153} INFO - Started process (PID=1721) to work on /home/melicharovykrecek/venv/lib/python3.9/site-packages/airflow/example_dags/example_kubernetes_executor.py
[2023-03-12T07:34:12.378+0000] {processor.py:743} INFO - Processing file /home/melicharovykrecek/venv/lib/python3.9/site-packages/airflow/example_dags/example_kubernetes_executor.py for tasks to queue
[2023-03-12T07:34:12.379+0000] {logging_mixin.py:137} INFO - [2023-03-12T07:34:12.378+0000] {dagbag.py:538} INFO - Filling up the DagBag from /home/melicharovykrecek/venv/lib/python3.9/site-packages/airflow/example_dags/example_kubernetes_executor.py
[2023-03-12T07:34:12.400+0000] {logging_mixin.py:137} INFO - [2023-03-12T07:34:12.400+0000] {example_kubernetes_executor.py:41} WARNING - The example_kubernetes_executor example DAG requires the kubernetes provider. Please install it with: pip install apache-airflow[cncf.kubernetes]
[2023-03-12T07:34:12.401+0000] {processor.py:755} WARNING - No viable dags retrieved from /home/melicharovykrecek/venv/lib/python3.9/site-packages/airflow/example_dags/example_kubernetes_executor.py
[2023-03-12T07:34:12.414+0000] {processor.py:175} INFO - Processing /home/melicharovykrecek/venv/lib/python3.9/site-packages/airflow/example_dags/example_kubernetes_executor.py took 0.043 seconds
[2023-03-12T07:35:01.825+0000] {processor.py:153} INFO - Started process (PID=1804) to work on /home/melicharovykrecek/venv/lib/python3.9/site-packages/airflow/example_dags/example_kubernetes_executor.py
[2023-03-12T07:35:01.827+0000] {processor.py:743} INFO - Processing file /home/melicharovykrecek/venv/lib/python3.9/site-packages/airflow/example_dags/example_kubernetes_executor.py for tasks to queue
[2023-03-12T07:35:01.827+0000] {logging_mixin.py:137} INFO - [2023-03-12T07:35:01.827+0000] {dagbag.py:538} INFO - Filling up the DagBag from /home/melicharovykrecek/venv/lib/python3.9/site-packages/airflow/example_dags/example_kubernetes_executor.py
[2023-03-12T07:35:01.847+0000] {logging_mixin.py:137} INFO - [2023-03-12T07:35:01.846+0000] {example_kubernetes_executor.py:41} WARNING - The example_kubernetes_executor example DAG requires the kubernetes provider. Please install it with: pip install apache-airflow[cncf.kubernetes]
[2023-03-12T07:35:01.847+0000] {processor.py:755} WARNING - No viable dags retrieved from /home/melicharovykrecek/venv/lib/python3.9/site-packages/airflow/example_dags/example_kubernetes_executor.py
[2023-03-12T07:35:01.859+0000] {processor.py:175} INFO - Processing /home/melicharovykrecek/venv/lib/python3.9/site-packages/airflow/example_dags/example_kubernetes_executor.py took 0.038 seconds
[2023-03-12T07:35:50.239+0000] {processor.py:153} INFO - Started process (PID=1861) to work on /home/melicharovykrecek/venv/lib/python3.9/site-packages/airflow/example_dags/example_kubernetes_executor.py
[2023-03-12T07:35:50.241+0000] {processor.py:743} INFO - Processing file /home/melicharovykrecek/venv/lib/python3.9/site-packages/airflow/example_dags/example_kubernetes_executor.py for tasks to queue
[2023-03-12T07:35:50.242+0000] {logging_mixin.py:137} INFO - [2023-03-12T07:35:50.242+0000] {dagbag.py:538} INFO - Filling up the DagBag from /home/melicharovykrecek/venv/lib/python3.9/site-packages/airflow/example_dags/example_kubernetes_executor.py
[2023-03-12T07:35:50.263+0000] {logging_mixin.py:137} INFO - [2023-03-12T07:35:50.263+0000] {example_kubernetes_executor.py:41} WARNING - The example_kubernetes_executor example DAG requires the kubernetes provider. Please install it with: pip install apache-airflow[cncf.kubernetes]
[2023-03-12T07:35:50.264+0000] {processor.py:755} WARNING - No viable dags retrieved from /home/melicharovykrecek/venv/lib/python3.9/site-packages/airflow/example_dags/example_kubernetes_executor.py
[2023-03-12T07:35:50.276+0000] {processor.py:175} INFO - Processing /home/melicharovykrecek/venv/lib/python3.9/site-packages/airflow/example_dags/example_kubernetes_executor.py took 0.043 seconds
[2023-03-12T07:36:41.266+0000] {processor.py:153} INFO - Started process (PID=1925) to work on /home/melicharovykrecek/venv/lib/python3.9/site-packages/airflow/example_dags/example_kubernetes_executor.py
[2023-03-12T07:36:41.268+0000] {processor.py:743} INFO - Processing file /home/melicharovykrecek/venv/lib/python3.9/site-packages/airflow/example_dags/example_kubernetes_executor.py for tasks to queue
[2023-03-12T07:36:41.269+0000] {logging_mixin.py:137} INFO - [2023-03-12T07:36:41.269+0000] {dagbag.py:538} INFO - Filling up the DagBag from /home/melicharovykrecek/venv/lib/python3.9/site-packages/airflow/example_dags/example_kubernetes_executor.py
[2023-03-12T07:36:41.289+0000] {logging_mixin.py:137} INFO - [2023-03-12T07:36:41.289+0000] {example_kubernetes_executor.py:41} WARNING - The example_kubernetes_executor example DAG requires the kubernetes provider. Please install it with: pip install apache-airflow[cncf.kubernetes]
[2023-03-12T07:36:41.289+0000] {processor.py:755} WARNING - No viable dags retrieved from /home/melicharovykrecek/venv/lib/python3.9/site-packages/airflow/example_dags/example_kubernetes_executor.py
[2023-03-12T07:36:41.302+0000] {processor.py:175} INFO - Processing /home/melicharovykrecek/venv/lib/python3.9/site-packages/airflow/example_dags/example_kubernetes_executor.py took 0.040 seconds
[2023-03-12T07:37:26.001+0000] {processor.py:153} INFO - Started process (PID=1969) to work on /home/melicharovykrecek/venv/lib/python3.9/site-packages/airflow/example_dags/example_kubernetes_executor.py
[2023-03-12T07:37:26.003+0000] {processor.py:743} INFO - Processing file /home/melicharovykrecek/venv/lib/python3.9/site-packages/airflow/example_dags/example_kubernetes_executor.py for tasks to queue
[2023-03-12T07:37:26.004+0000] {logging_mixin.py:137} INFO - [2023-03-12T07:37:26.004+0000] {dagbag.py:538} INFO - Filling up the DagBag from /home/melicharovykrecek/venv/lib/python3.9/site-packages/airflow/example_dags/example_kubernetes_executor.py
[2023-03-12T07:37:26.024+0000] {logging_mixin.py:137} INFO - [2023-03-12T07:37:26.024+0000] {example_kubernetes_executor.py:41} WARNING - The example_kubernetes_executor example DAG requires the kubernetes provider. Please install it with: pip install apache-airflow[cncf.kubernetes]
[2023-03-12T07:37:26.025+0000] {processor.py:755} WARNING - No viable dags retrieved from /home/melicharovykrecek/venv/lib/python3.9/site-packages/airflow/example_dags/example_kubernetes_executor.py
[2023-03-12T07:37:26.037+0000] {processor.py:175} INFO - Processing /home/melicharovykrecek/venv/lib/python3.9/site-packages/airflow/example_dags/example_kubernetes_executor.py took 0.041 seconds
[2023-03-12T07:38:15.838+0000] {processor.py:153} INFO - Started process (PID=2022) to work on /home/melicharovykrecek/venv/lib/python3.9/site-packages/airflow/example_dags/example_kubernetes_executor.py
[2023-03-12T07:38:15.841+0000] {processor.py:743} INFO - Processing file /home/melicharovykrecek/venv/lib/python3.9/site-packages/airflow/example_dags/example_kubernetes_executor.py for tasks to queue
[2023-03-12T07:38:15.842+0000] {logging_mixin.py:137} INFO - [2023-03-12T07:38:15.841+0000] {dagbag.py:538} INFO - Filling up the DagBag from /home/melicharovykrecek/venv/lib/python3.9/site-packages/airflow/example_dags/example_kubernetes_executor.py
[2023-03-12T07:38:15.862+0000] {logging_mixin.py:137} INFO - [2023-03-12T07:38:15.862+0000] {example_kubernetes_executor.py:41} WARNING - The example_kubernetes_executor example DAG requires the kubernetes provider. Please install it with: pip install apache-airflow[cncf.kubernetes]
[2023-03-12T07:38:15.863+0000] {processor.py:755} WARNING - No viable dags retrieved from /home/melicharovykrecek/venv/lib/python3.9/site-packages/airflow/example_dags/example_kubernetes_executor.py
[2023-03-12T07:38:15.875+0000] {processor.py:175} INFO - Processing /home/melicharovykrecek/venv/lib/python3.9/site-packages/airflow/example_dags/example_kubernetes_executor.py took 0.041 seconds
[2023-03-12T07:39:05.865+0000] {processor.py:153} INFO - Started process (PID=2080) to work on /home/melicharovykrecek/venv/lib/python3.9/site-packages/airflow/example_dags/example_kubernetes_executor.py
[2023-03-12T07:39:05.868+0000] {processor.py:743} INFO - Processing file /home/melicharovykrecek/venv/lib/python3.9/site-packages/airflow/example_dags/example_kubernetes_executor.py for tasks to queue
[2023-03-12T07:39:05.869+0000] {logging_mixin.py:137} INFO - [2023-03-12T07:39:05.868+0000] {dagbag.py:538} INFO - Filling up the DagBag from /home/melicharovykrecek/venv/lib/python3.9/site-packages/airflow/example_dags/example_kubernetes_executor.py
[2023-03-12T07:39:05.891+0000] {logging_mixin.py:137} INFO - [2023-03-12T07:39:05.890+0000] {example_kubernetes_executor.py:41} WARNING - The example_kubernetes_executor example DAG requires the kubernetes provider. Please install it with: pip install apache-airflow[cncf.kubernetes]
[2023-03-12T07:39:05.891+0000] {processor.py:755} WARNING - No viable dags retrieved from /home/melicharovykrecek/venv/lib/python3.9/site-packages/airflow/example_dags/example_kubernetes_executor.py
[2023-03-12T07:39:05.905+0000] {processor.py:175} INFO - Processing /home/melicharovykrecek/venv/lib/python3.9/site-packages/airflow/example_dags/example_kubernetes_executor.py took 0.044 seconds
[2023-03-12T07:39:53.397+0000] {processor.py:153} INFO - Started process (PID=2128) to work on /home/melicharovykrecek/venv/lib/python3.9/site-packages/airflow/example_dags/example_kubernetes_executor.py
[2023-03-12T07:39:53.399+0000] {processor.py:743} INFO - Processing file /home/melicharovykrecek/venv/lib/python3.9/site-packages/airflow/example_dags/example_kubernetes_executor.py for tasks to queue
[2023-03-12T07:39:53.400+0000] {logging_mixin.py:137} INFO - [2023-03-12T07:39:53.400+0000] {dagbag.py:538} INFO - Filling up the DagBag from /home/melicharovykrecek/venv/lib/python3.9/site-packages/airflow/example_dags/example_kubernetes_executor.py
[2023-03-12T07:39:53.420+0000] {logging_mixin.py:137} INFO - [2023-03-12T07:39:53.420+0000] {example_kubernetes_executor.py:41} WARNING - The example_kubernetes_executor example DAG requires the kubernetes provider. Please install it with: pip install apache-airflow[cncf.kubernetes]
[2023-03-12T07:39:53.421+0000] {processor.py:755} WARNING - No viable dags retrieved from /home/melicharovykrecek/venv/lib/python3.9/site-packages/airflow/example_dags/example_kubernetes_executor.py
[2023-03-12T07:39:53.433+0000] {processor.py:175} INFO - Processing /home/melicharovykrecek/venv/lib/python3.9/site-packages/airflow/example_dags/example_kubernetes_executor.py took 0.041 seconds
[2023-03-12T07:40:38.881+0000] {processor.py:153} INFO - Started process (PID=2199) to work on /home/melicharovykrecek/venv/lib/python3.9/site-packages/airflow/example_dags/example_kubernetes_executor.py
[2023-03-12T07:40:38.883+0000] {processor.py:743} INFO - Processing file /home/melicharovykrecek/venv/lib/python3.9/site-packages/airflow/example_dags/example_kubernetes_executor.py for tasks to queue
[2023-03-12T07:40:38.884+0000] {logging_mixin.py:137} INFO - [2023-03-12T07:40:38.884+0000] {dagbag.py:538} INFO - Filling up the DagBag from /home/melicharovykrecek/venv/lib/python3.9/site-packages/airflow/example_dags/example_kubernetes_executor.py
[2023-03-12T07:40:38.905+0000] {logging_mixin.py:137} INFO - [2023-03-12T07:40:38.905+0000] {example_kubernetes_executor.py:41} WARNING - The example_kubernetes_executor example DAG requires the kubernetes provider. Please install it with: pip install apache-airflow[cncf.kubernetes]
[2023-03-12T07:40:38.906+0000] {processor.py:755} WARNING - No viable dags retrieved from /home/melicharovykrecek/venv/lib/python3.9/site-packages/airflow/example_dags/example_kubernetes_executor.py
[2023-03-12T07:40:38.919+0000] {processor.py:175} INFO - Processing /home/melicharovykrecek/venv/lib/python3.9/site-packages/airflow/example_dags/example_kubernetes_executor.py took 0.043 seconds
[2023-03-12T07:41:29.949+0000] {processor.py:153} INFO - Started process (PID=2274) to work on /home/melicharovykrecek/venv/lib/python3.9/site-packages/airflow/example_dags/example_kubernetes_executor.py
[2023-03-12T07:41:29.952+0000] {processor.py:743} INFO - Processing file /home/melicharovykrecek/venv/lib/python3.9/site-packages/airflow/example_dags/example_kubernetes_executor.py for tasks to queue
[2023-03-12T07:41:29.952+0000] {logging_mixin.py:137} INFO - [2023-03-12T07:41:29.952+0000] {dagbag.py:538} INFO - Filling up the DagBag from /home/melicharovykrecek/venv/lib/python3.9/site-packages/airflow/example_dags/example_kubernetes_executor.py
[2023-03-12T07:41:29.973+0000] {logging_mixin.py:137} INFO - [2023-03-12T07:41:29.973+0000] {example_kubernetes_executor.py:41} WARNING - The example_kubernetes_executor example DAG requires the kubernetes provider. Please install it with: pip install apache-airflow[cncf.kubernetes]
[2023-03-12T07:41:29.973+0000] {processor.py:755} WARNING - No viable dags retrieved from /home/melicharovykrecek/venv/lib/python3.9/site-packages/airflow/example_dags/example_kubernetes_executor.py
[2023-03-12T07:41:29.986+0000] {processor.py:175} INFO - Processing /home/melicharovykrecek/venv/lib/python3.9/site-packages/airflow/example_dags/example_kubernetes_executor.py took 0.041 seconds
[2023-03-12T07:42:13.331+0000] {processor.py:153} INFO - Started process (PID=2318) to work on /home/melicharovykrecek/venv/lib/python3.9/site-packages/airflow/example_dags/example_kubernetes_executor.py
[2023-03-12T07:42:13.333+0000] {processor.py:743} INFO - Processing file /home/melicharovykrecek/venv/lib/python3.9/site-packages/airflow/example_dags/example_kubernetes_executor.py for tasks to queue
[2023-03-12T07:42:13.334+0000] {logging_mixin.py:137} INFO - [2023-03-12T07:42:13.334+0000] {dagbag.py:538} INFO - Filling up the DagBag from /home/melicharovykrecek/venv/lib/python3.9/site-packages/airflow/example_dags/example_kubernetes_executor.py
[2023-03-12T07:42:13.354+0000] {logging_mixin.py:137} INFO - [2023-03-12T07:42:13.354+0000] {example_kubernetes_executor.py:41} WARNING - The example_kubernetes_executor example DAG requires the kubernetes provider. Please install it with: pip install apache-airflow[cncf.kubernetes]
[2023-03-12T07:42:13.355+0000] {processor.py:755} WARNING - No viable dags retrieved from /home/melicharovykrecek/venv/lib/python3.9/site-packages/airflow/example_dags/example_kubernetes_executor.py
[2023-03-12T07:42:13.367+0000] {processor.py:175} INFO - Processing /home/melicharovykrecek/venv/lib/python3.9/site-packages/airflow/example_dags/example_kubernetes_executor.py took 0.041 seconds
[2023-03-12T07:42:59.252+0000] {processor.py:153} INFO - Started process (PID=2362) to work on /home/melicharovykrecek/venv/lib/python3.9/site-packages/airflow/example_dags/example_kubernetes_executor.py
[2023-03-12T07:42:59.254+0000] {processor.py:743} INFO - Processing file /home/melicharovykrecek/venv/lib/python3.9/site-packages/airflow/example_dags/example_kubernetes_executor.py for tasks to queue
[2023-03-12T07:42:59.255+0000] {logging_mixin.py:137} INFO - [2023-03-12T07:42:59.254+0000] {dagbag.py:538} INFO - Filling up the DagBag from /home/melicharovykrecek/venv/lib/python3.9/site-packages/airflow/example_dags/example_kubernetes_executor.py
[2023-03-12T07:42:59.277+0000] {logging_mixin.py:137} INFO - [2023-03-12T07:42:59.277+0000] {example_kubernetes_executor.py:41} WARNING - The example_kubernetes_executor example DAG requires the kubernetes provider. Please install it with: pip install apache-airflow[cncf.kubernetes]
[2023-03-12T07:42:59.278+0000] {processor.py:755} WARNING - No viable dags retrieved from /home/melicharovykrecek/venv/lib/python3.9/site-packages/airflow/example_dags/example_kubernetes_executor.py
[2023-03-12T07:42:59.291+0000] {processor.py:175} INFO - Processing /home/melicharovykrecek/venv/lib/python3.9/site-packages/airflow/example_dags/example_kubernetes_executor.py took 0.045 seconds
[2023-03-12T07:43:49.238+0000] {processor.py:153} INFO - Started process (PID=2433) to work on /home/melicharovykrecek/venv/lib/python3.9/site-packages/airflow/example_dags/example_kubernetes_executor.py
[2023-03-12T07:43:49.240+0000] {processor.py:743} INFO - Processing file /home/melicharovykrecek/venv/lib/python3.9/site-packages/airflow/example_dags/example_kubernetes_executor.py for tasks to queue
[2023-03-12T07:43:49.241+0000] {logging_mixin.py:137} INFO - [2023-03-12T07:43:49.241+0000] {dagbag.py:538} INFO - Filling up the DagBag from /home/melicharovykrecek/venv/lib/python3.9/site-packages/airflow/example_dags/example_kubernetes_executor.py
[2023-03-12T07:43:49.262+0000] {logging_mixin.py:137} INFO - [2023-03-12T07:43:49.262+0000] {example_kubernetes_executor.py:41} WARNING - The example_kubernetes_executor example DAG requires the kubernetes provider. Please install it with: pip install apache-airflow[cncf.kubernetes]
[2023-03-12T07:43:49.262+0000] {processor.py:755} WARNING - No viable dags retrieved from /home/melicharovykrecek/venv/lib/python3.9/site-packages/airflow/example_dags/example_kubernetes_executor.py
[2023-03-12T07:43:49.276+0000] {processor.py:175} INFO - Processing /home/melicharovykrecek/venv/lib/python3.9/site-packages/airflow/example_dags/example_kubernetes_executor.py took 0.043 seconds
[2023-03-12T07:44:40.458+0000] {processor.py:153} INFO - Started process (PID=2486) to work on /home/melicharovykrecek/venv/lib/python3.9/site-packages/airflow/example_dags/example_kubernetes_executor.py
[2023-03-12T07:44:40.460+0000] {processor.py:743} INFO - Processing file /home/melicharovykrecek/venv/lib/python3.9/site-packages/airflow/example_dags/example_kubernetes_executor.py for tasks to queue
[2023-03-12T07:44:40.461+0000] {logging_mixin.py:137} INFO - [2023-03-12T07:44:40.461+0000] {dagbag.py:538} INFO - Filling up the DagBag from /home/melicharovykrecek/venv/lib/python3.9/site-packages/airflow/example_dags/example_kubernetes_executor.py
[2023-03-12T07:44:40.482+0000] {logging_mixin.py:137} INFO - [2023-03-12T07:44:40.482+0000] {example_kubernetes_executor.py:41} WARNING - The example_kubernetes_executor example DAG requires the kubernetes provider. Please install it with: pip install apache-airflow[cncf.kubernetes]
[2023-03-12T07:44:40.483+0000] {processor.py:755} WARNING - No viable dags retrieved from /home/melicharovykrecek/venv/lib/python3.9/site-packages/airflow/example_dags/example_kubernetes_executor.py
[2023-03-12T07:44:40.496+0000] {processor.py:175} INFO - Processing /home/melicharovykrecek/venv/lib/python3.9/site-packages/airflow/example_dags/example_kubernetes_executor.py took 0.042 seconds
[2023-03-12T07:45:25.136+0000] {processor.py:153} INFO - Started process (PID=2592) to work on /home/melicharovykrecek/venv/lib/python3.9/site-packages/airflow/example_dags/example_kubernetes_executor.py
[2023-03-12T07:45:25.139+0000] {processor.py:743} INFO - Processing file /home/melicharovykrecek/venv/lib/python3.9/site-packages/airflow/example_dags/example_kubernetes_executor.py for tasks to queue
[2023-03-12T07:45:25.140+0000] {logging_mixin.py:137} INFO - [2023-03-12T07:45:25.140+0000] {dagbag.py:538} INFO - Filling up the DagBag from /home/melicharovykrecek/venv/lib/python3.9/site-packages/airflow/example_dags/example_kubernetes_executor.py
[2023-03-12T07:45:25.163+0000] {logging_mixin.py:137} INFO - [2023-03-12T07:45:25.163+0000] {example_kubernetes_executor.py:41} WARNING - The example_kubernetes_executor example DAG requires the kubernetes provider. Please install it with: pip install apache-airflow[cncf.kubernetes]
[2023-03-12T07:45:25.163+0000] {processor.py:755} WARNING - No viable dags retrieved from /home/melicharovykrecek/venv/lib/python3.9/site-packages/airflow/example_dags/example_kubernetes_executor.py
[2023-03-12T07:45:25.178+0000] {processor.py:175} INFO - Processing /home/melicharovykrecek/venv/lib/python3.9/site-packages/airflow/example_dags/example_kubernetes_executor.py took 0.046 seconds
[2023-03-12T07:46:14.542+0000] {processor.py:153} INFO - Started process (PID=2643) to work on /home/melicharovykrecek/venv/lib/python3.9/site-packages/airflow/example_dags/example_kubernetes_executor.py
[2023-03-12T07:46:14.544+0000] {processor.py:743} INFO - Processing file /home/melicharovykrecek/venv/lib/python3.9/site-packages/airflow/example_dags/example_kubernetes_executor.py for tasks to queue
[2023-03-12T07:46:14.545+0000] {logging_mixin.py:137} INFO - [2023-03-12T07:46:14.545+0000] {dagbag.py:538} INFO - Filling up the DagBag from /home/melicharovykrecek/venv/lib/python3.9/site-packages/airflow/example_dags/example_kubernetes_executor.py
[2023-03-12T07:46:14.567+0000] {logging_mixin.py:137} INFO - [2023-03-12T07:46:14.566+0000] {example_kubernetes_executor.py:41} WARNING - The example_kubernetes_executor example DAG requires the kubernetes provider. Please install it with: pip install apache-airflow[cncf.kubernetes]
[2023-03-12T07:46:14.567+0000] {processor.py:755} WARNING - No viable dags retrieved from /home/melicharovykrecek/venv/lib/python3.9/site-packages/airflow/example_dags/example_kubernetes_executor.py
[2023-03-12T07:46:14.581+0000] {processor.py:175} INFO - Processing /home/melicharovykrecek/venv/lib/python3.9/site-packages/airflow/example_dags/example_kubernetes_executor.py took 0.043 seconds
[2023-03-12T07:47:02.124+0000] {processor.py:153} INFO - Started process (PID=2700) to work on /home/melicharovykrecek/venv/lib/python3.9/site-packages/airflow/example_dags/example_kubernetes_executor.py
[2023-03-12T07:47:02.126+0000] {processor.py:743} INFO - Processing file /home/melicharovykrecek/venv/lib/python3.9/site-packages/airflow/example_dags/example_kubernetes_executor.py for tasks to queue
[2023-03-12T07:47:02.127+0000] {logging_mixin.py:137} INFO - [2023-03-12T07:47:02.127+0000] {dagbag.py:538} INFO - Filling up the DagBag from /home/melicharovykrecek/venv/lib/python3.9/site-packages/airflow/example_dags/example_kubernetes_executor.py
[2023-03-12T07:47:02.147+0000] {logging_mixin.py:137} INFO - [2023-03-12T07:47:02.146+0000] {example_kubernetes_executor.py:41} WARNING - The example_kubernetes_executor example DAG requires the kubernetes provider. Please install it with: pip install apache-airflow[cncf.kubernetes]
[2023-03-12T07:47:02.147+0000] {processor.py:755} WARNING - No viable dags retrieved from /home/melicharovykrecek/venv/lib/python3.9/site-packages/airflow/example_dags/example_kubernetes_executor.py
[2023-03-12T07:47:02.159+0000] {processor.py:175} INFO - Processing /home/melicharovykrecek/venv/lib/python3.9/site-packages/airflow/example_dags/example_kubernetes_executor.py took 0.040 seconds
[2023-03-12T07:47:49.413+0000] {processor.py:153} INFO - Started process (PID=2748) to work on /home/melicharovykrecek/venv/lib/python3.9/site-packages/airflow/example_dags/example_kubernetes_executor.py
[2023-03-12T07:47:49.415+0000] {processor.py:743} INFO - Processing file /home/melicharovykrecek/venv/lib/python3.9/site-packages/airflow/example_dags/example_kubernetes_executor.py for tasks to queue
[2023-03-12T07:47:49.416+0000] {logging_mixin.py:137} INFO - [2023-03-12T07:47:49.416+0000] {dagbag.py:538} INFO - Filling up the DagBag from /home/melicharovykrecek/venv/lib/python3.9/site-packages/airflow/example_dags/example_kubernetes_executor.py
[2023-03-12T07:47:49.439+0000] {logging_mixin.py:137} INFO - [2023-03-12T07:47:49.438+0000] {example_kubernetes_executor.py:41} WARNING - The example_kubernetes_executor example DAG requires the kubernetes provider. Please install it with: pip install apache-airflow[cncf.kubernetes]
[2023-03-12T07:47:49.439+0000] {processor.py:755} WARNING - No viable dags retrieved from /home/melicharovykrecek/venv/lib/python3.9/site-packages/airflow/example_dags/example_kubernetes_executor.py
[2023-03-12T07:47:49.453+0000] {processor.py:175} INFO - Processing /home/melicharovykrecek/venv/lib/python3.9/site-packages/airflow/example_dags/example_kubernetes_executor.py took 0.045 seconds
[2023-03-12T07:48:34.820+0000] {processor.py:153} INFO - Started process (PID=2792) to work on /home/melicharovykrecek/venv/lib/python3.9/site-packages/airflow/example_dags/example_kubernetes_executor.py
[2023-03-12T07:48:34.822+0000] {processor.py:743} INFO - Processing file /home/melicharovykrecek/venv/lib/python3.9/site-packages/airflow/example_dags/example_kubernetes_executor.py for tasks to queue
[2023-03-12T07:48:34.823+0000] {logging_mixin.py:137} INFO - [2023-03-12T07:48:34.823+0000] {dagbag.py:538} INFO - Filling up the DagBag from /home/melicharovykrecek/venv/lib/python3.9/site-packages/airflow/example_dags/example_kubernetes_executor.py
[2023-03-12T07:48:34.844+0000] {logging_mixin.py:137} INFO - [2023-03-12T07:48:34.844+0000] {example_kubernetes_executor.py:41} WARNING - The example_kubernetes_executor example DAG requires the kubernetes provider. Please install it with: pip install apache-airflow[cncf.kubernetes]
[2023-03-12T07:48:34.844+0000] {processor.py:755} WARNING - No viable dags retrieved from /home/melicharovykrecek/venv/lib/python3.9/site-packages/airflow/example_dags/example_kubernetes_executor.py
[2023-03-12T07:48:34.857+0000] {processor.py:175} INFO - Processing /home/melicharovykrecek/venv/lib/python3.9/site-packages/airflow/example_dags/example_kubernetes_executor.py took 0.042 seconds
[2023-03-12T07:49:18.263+0000] {processor.py:153} INFO - Started process (PID=2834) to work on /home/melicharovykrecek/venv/lib/python3.9/site-packages/airflow/example_dags/example_kubernetes_executor.py
[2023-03-12T07:49:18.265+0000] {processor.py:743} INFO - Processing file /home/melicharovykrecek/venv/lib/python3.9/site-packages/airflow/example_dags/example_kubernetes_executor.py for tasks to queue
[2023-03-12T07:49:18.267+0000] {logging_mixin.py:137} INFO - [2023-03-12T07:49:18.266+0000] {dagbag.py:538} INFO - Filling up the DagBag from /home/melicharovykrecek/venv/lib/python3.9/site-packages/airflow/example_dags/example_kubernetes_executor.py
[2023-03-12T07:49:18.289+0000] {logging_mixin.py:137} INFO - [2023-03-12T07:49:18.289+0000] {example_kubernetes_executor.py:41} WARNING - The example_kubernetes_executor example DAG requires the kubernetes provider. Please install it with: pip install apache-airflow[cncf.kubernetes]
[2023-03-12T07:49:18.289+0000] {processor.py:755} WARNING - No viable dags retrieved from /home/melicharovykrecek/venv/lib/python3.9/site-packages/airflow/example_dags/example_kubernetes_executor.py
[2023-03-12T07:49:18.304+0000] {processor.py:175} INFO - Processing /home/melicharovykrecek/venv/lib/python3.9/site-packages/airflow/example_dags/example_kubernetes_executor.py took 0.046 seconds
[2023-03-12T07:50:05.405+0000] {processor.py:153} INFO - Started process (PID=2880) to work on /home/melicharovykrecek/venv/lib/python3.9/site-packages/airflow/example_dags/example_kubernetes_executor.py
[2023-03-12T07:50:05.407+0000] {processor.py:743} INFO - Processing file /home/melicharovykrecek/venv/lib/python3.9/site-packages/airflow/example_dags/example_kubernetes_executor.py for tasks to queue
[2023-03-12T07:50:05.408+0000] {logging_mixin.py:137} INFO - [2023-03-12T07:50:05.407+0000] {dagbag.py:538} INFO - Filling up the DagBag from /home/melicharovykrecek/venv/lib/python3.9/site-packages/airflow/example_dags/example_kubernetes_executor.py
[2023-03-12T07:50:05.428+0000] {logging_mixin.py:137} INFO - [2023-03-12T07:50:05.428+0000] {example_kubernetes_executor.py:41} WARNING - The example_kubernetes_executor example DAG requires the kubernetes provider. Please install it with: pip install apache-airflow[cncf.kubernetes]
[2023-03-12T07:50:05.428+0000] {processor.py:755} WARNING - No viable dags retrieved from /home/melicharovykrecek/venv/lib/python3.9/site-packages/airflow/example_dags/example_kubernetes_executor.py
[2023-03-12T07:50:05.441+0000] {processor.py:175} INFO - Processing /home/melicharovykrecek/venv/lib/python3.9/site-packages/airflow/example_dags/example_kubernetes_executor.py took 0.041 seconds
[2023-03-12T07:50:45.854+0000] {processor.py:153} INFO - Started process (PID=2922) to work on /home/melicharovykrecek/venv/lib/python3.9/site-packages/airflow/example_dags/example_kubernetes_executor.py
[2023-03-12T07:50:45.857+0000] {processor.py:743} INFO - Processing file /home/melicharovykrecek/venv/lib/python3.9/site-packages/airflow/example_dags/example_kubernetes_executor.py for tasks to queue
[2023-03-12T07:50:45.858+0000] {logging_mixin.py:137} INFO - [2023-03-12T07:50:45.857+0000] {dagbag.py:538} INFO - Filling up the DagBag from /home/melicharovykrecek/venv/lib/python3.9/site-packages/airflow/example_dags/example_kubernetes_executor.py
[2023-03-12T07:50:45.880+0000] {logging_mixin.py:137} INFO - [2023-03-12T07:50:45.880+0000] {example_kubernetes_executor.py:41} WARNING - The example_kubernetes_executor example DAG requires the kubernetes provider. Please install it with: pip install apache-airflow[cncf.kubernetes]
[2023-03-12T07:50:45.880+0000] {processor.py:755} WARNING - No viable dags retrieved from /home/melicharovykrecek/venv/lib/python3.9/site-packages/airflow/example_dags/example_kubernetes_executor.py
[2023-03-12T07:50:45.895+0000] {processor.py:175} INFO - Processing /home/melicharovykrecek/venv/lib/python3.9/site-packages/airflow/example_dags/example_kubernetes_executor.py took 0.045 seconds
[2023-03-12T07:51:35.888+0000] {processor.py:153} INFO - Started process (PID=2976) to work on /home/melicharovykrecek/venv/lib/python3.9/site-packages/airflow/example_dags/example_kubernetes_executor.py
[2023-03-12T07:51:35.891+0000] {processor.py:743} INFO - Processing file /home/melicharovykrecek/venv/lib/python3.9/site-packages/airflow/example_dags/example_kubernetes_executor.py for tasks to queue
[2023-03-12T07:51:35.892+0000] {logging_mixin.py:137} INFO - [2023-03-12T07:51:35.891+0000] {dagbag.py:538} INFO - Filling up the DagBag from /home/melicharovykrecek/venv/lib/python3.9/site-packages/airflow/example_dags/example_kubernetes_executor.py
[2023-03-12T07:51:35.913+0000] {logging_mixin.py:137} INFO - [2023-03-12T07:51:35.913+0000] {example_kubernetes_executor.py:41} WARNING - The example_kubernetes_executor example DAG requires the kubernetes provider. Please install it with: pip install apache-airflow[cncf.kubernetes]
[2023-03-12T07:51:35.914+0000] {processor.py:755} WARNING - No viable dags retrieved from /home/melicharovykrecek/venv/lib/python3.9/site-packages/airflow/example_dags/example_kubernetes_executor.py
[2023-03-12T07:51:35.927+0000] {processor.py:175} INFO - Processing /home/melicharovykrecek/venv/lib/python3.9/site-packages/airflow/example_dags/example_kubernetes_executor.py took 0.044 seconds
[2023-03-12T07:52:23.546+0000] {processor.py:153} INFO - Started process (PID=3023) to work on /home/melicharovykrecek/venv/lib/python3.9/site-packages/airflow/example_dags/example_kubernetes_executor.py
[2023-03-12T07:52:23.548+0000] {processor.py:743} INFO - Processing file /home/melicharovykrecek/venv/lib/python3.9/site-packages/airflow/example_dags/example_kubernetes_executor.py for tasks to queue
[2023-03-12T07:52:23.549+0000] {logging_mixin.py:137} INFO - [2023-03-12T07:52:23.549+0000] {dagbag.py:538} INFO - Filling up the DagBag from /home/melicharovykrecek/venv/lib/python3.9/site-packages/airflow/example_dags/example_kubernetes_executor.py
[2023-03-12T07:52:23.569+0000] {logging_mixin.py:137} INFO - [2023-03-12T07:52:23.568+0000] {example_kubernetes_executor.py:41} WARNING - The example_kubernetes_executor example DAG requires the kubernetes provider. Please install it with: pip install apache-airflow[cncf.kubernetes]
[2023-03-12T07:52:23.569+0000] {processor.py:755} WARNING - No viable dags retrieved from /home/melicharovykrecek/venv/lib/python3.9/site-packages/airflow/example_dags/example_kubernetes_executor.py
[2023-03-12T07:52:23.582+0000] {processor.py:175} INFO - Processing /home/melicharovykrecek/venv/lib/python3.9/site-packages/airflow/example_dags/example_kubernetes_executor.py took 0.042 seconds
[2023-03-12T07:53:06.913+0000] {processor.py:153} INFO - Started process (PID=3065) to work on /home/melicharovykrecek/venv/lib/python3.9/site-packages/airflow/example_dags/example_kubernetes_executor.py
[2023-03-12T07:53:06.915+0000] {processor.py:743} INFO - Processing file /home/melicharovykrecek/venv/lib/python3.9/site-packages/airflow/example_dags/example_kubernetes_executor.py for tasks to queue
[2023-03-12T07:53:06.916+0000] {logging_mixin.py:137} INFO - [2023-03-12T07:53:06.916+0000] {dagbag.py:538} INFO - Filling up the DagBag from /home/melicharovykrecek/venv/lib/python3.9/site-packages/airflow/example_dags/example_kubernetes_executor.py
[2023-03-12T07:53:06.937+0000] {logging_mixin.py:137} INFO - [2023-03-12T07:53:06.937+0000] {example_kubernetes_executor.py:41} WARNING - The example_kubernetes_executor example DAG requires the kubernetes provider. Please install it with: pip install apache-airflow[cncf.kubernetes]
[2023-03-12T07:53:06.937+0000] {processor.py:755} WARNING - No viable dags retrieved from /home/melicharovykrecek/venv/lib/python3.9/site-packages/airflow/example_dags/example_kubernetes_executor.py
[2023-03-12T07:53:06.951+0000] {processor.py:175} INFO - Processing /home/melicharovykrecek/venv/lib/python3.9/site-packages/airflow/example_dags/example_kubernetes_executor.py took 0.042 seconds
[2023-03-12T07:53:50.490+0000] {processor.py:153} INFO - Started process (PID=3108) to work on /home/melicharovykrecek/venv/lib/python3.9/site-packages/airflow/example_dags/example_kubernetes_executor.py
[2023-03-12T07:53:50.492+0000] {processor.py:743} INFO - Processing file /home/melicharovykrecek/venv/lib/python3.9/site-packages/airflow/example_dags/example_kubernetes_executor.py for tasks to queue
[2023-03-12T07:53:50.493+0000] {logging_mixin.py:137} INFO - [2023-03-12T07:53:50.493+0000] {dagbag.py:538} INFO - Filling up the DagBag from /home/melicharovykrecek/venv/lib/python3.9/site-packages/airflow/example_dags/example_kubernetes_executor.py
[2023-03-12T07:53:50.514+0000] {logging_mixin.py:137} INFO - [2023-03-12T07:53:50.514+0000] {example_kubernetes_executor.py:41} WARNING - The example_kubernetes_executor example DAG requires the kubernetes provider. Please install it with: pip install apache-airflow[cncf.kubernetes]
[2023-03-12T07:53:50.514+0000] {processor.py:755} WARNING - No viable dags retrieved from /home/melicharovykrecek/venv/lib/python3.9/site-packages/airflow/example_dags/example_kubernetes_executor.py
[2023-03-12T07:53:50.527+0000] {processor.py:175} INFO - Processing /home/melicharovykrecek/venv/lib/python3.9/site-packages/airflow/example_dags/example_kubernetes_executor.py took 0.042 seconds
[2023-03-12T07:54:39.491+0000] {processor.py:153} INFO - Started process (PID=3155) to work on /home/melicharovykrecek/venv/lib/python3.9/site-packages/airflow/example_dags/example_kubernetes_executor.py
[2023-03-12T07:54:39.493+0000] {processor.py:743} INFO - Processing file /home/melicharovykrecek/venv/lib/python3.9/site-packages/airflow/example_dags/example_kubernetes_executor.py for tasks to queue
[2023-03-12T07:54:39.494+0000] {logging_mixin.py:137} INFO - [2023-03-12T07:54:39.494+0000] {dagbag.py:538} INFO - Filling up the DagBag from /home/melicharovykrecek/venv/lib/python3.9/site-packages/airflow/example_dags/example_kubernetes_executor.py
[2023-03-12T07:54:39.515+0000] {logging_mixin.py:137} INFO - [2023-03-12T07:54:39.515+0000] {example_kubernetes_executor.py:41} WARNING - The example_kubernetes_executor example DAG requires the kubernetes provider. Please install it with: pip install apache-airflow[cncf.kubernetes]
[2023-03-12T07:54:39.515+0000] {processor.py:755} WARNING - No viable dags retrieved from /home/melicharovykrecek/venv/lib/python3.9/site-packages/airflow/example_dags/example_kubernetes_executor.py
[2023-03-12T07:54:39.529+0000] {processor.py:175} INFO - Processing /home/melicharovykrecek/venv/lib/python3.9/site-packages/airflow/example_dags/example_kubernetes_executor.py took 0.042 seconds
[2023-03-12T07:55:22.996+0000] {processor.py:153} INFO - Started process (PID=3198) to work on /home/melicharovykrecek/venv/lib/python3.9/site-packages/airflow/example_dags/example_kubernetes_executor.py
[2023-03-12T07:55:22.998+0000] {processor.py:743} INFO - Processing file /home/melicharovykrecek/venv/lib/python3.9/site-packages/airflow/example_dags/example_kubernetes_executor.py for tasks to queue
[2023-03-12T07:55:22.999+0000] {logging_mixin.py:137} INFO - [2023-03-12T07:55:22.998+0000] {dagbag.py:538} INFO - Filling up the DagBag from /home/melicharovykrecek/venv/lib/python3.9/site-packages/airflow/example_dags/example_kubernetes_executor.py
[2023-03-12T07:55:23.021+0000] {logging_mixin.py:137} INFO - [2023-03-12T07:55:23.021+0000] {example_kubernetes_executor.py:41} WARNING - The example_kubernetes_executor example DAG requires the kubernetes provider. Please install it with: pip install apache-airflow[cncf.kubernetes]
[2023-03-12T07:55:23.021+0000] {processor.py:755} WARNING - No viable dags retrieved from /home/melicharovykrecek/venv/lib/python3.9/site-packages/airflow/example_dags/example_kubernetes_executor.py
[2023-03-12T07:55:23.034+0000] {processor.py:175} INFO - Processing /home/melicharovykrecek/venv/lib/python3.9/site-packages/airflow/example_dags/example_kubernetes_executor.py took 0.043 seconds
[2023-03-12T07:56:08.568+0000] {processor.py:153} INFO - Started process (PID=3243) to work on /home/melicharovykrecek/venv/lib/python3.9/site-packages/airflow/example_dags/example_kubernetes_executor.py
[2023-03-12T07:56:08.570+0000] {processor.py:743} INFO - Processing file /home/melicharovykrecek/venv/lib/python3.9/site-packages/airflow/example_dags/example_kubernetes_executor.py for tasks to queue
[2023-03-12T07:56:08.571+0000] {logging_mixin.py:137} INFO - [2023-03-12T07:56:08.571+0000] {dagbag.py:538} INFO - Filling up the DagBag from /home/melicharovykrecek/venv/lib/python3.9/site-packages/airflow/example_dags/example_kubernetes_executor.py
[2023-03-12T07:56:08.594+0000] {logging_mixin.py:137} INFO - [2023-03-12T07:56:08.593+0000] {example_kubernetes_executor.py:41} WARNING - The example_kubernetes_executor example DAG requires the kubernetes provider. Please install it with: pip install apache-airflow[cncf.kubernetes]
[2023-03-12T07:56:08.594+0000] {processor.py:755} WARNING - No viable dags retrieved from /home/melicharovykrecek/venv/lib/python3.9/site-packages/airflow/example_dags/example_kubernetes_executor.py
[2023-03-12T07:56:08.607+0000] {processor.py:175} INFO - Processing /home/melicharovykrecek/venv/lib/python3.9/site-packages/airflow/example_dags/example_kubernetes_executor.py took 0.044 seconds
[2023-03-12T07:56:54.560+0000] {processor.py:153} INFO - Started process (PID=3288) to work on /home/melicharovykrecek/venv/lib/python3.9/site-packages/airflow/example_dags/example_kubernetes_executor.py
[2023-03-12T07:56:54.562+0000] {processor.py:743} INFO - Processing file /home/melicharovykrecek/venv/lib/python3.9/site-packages/airflow/example_dags/example_kubernetes_executor.py for tasks to queue
[2023-03-12T07:56:54.563+0000] {logging_mixin.py:137} INFO - [2023-03-12T07:56:54.563+0000] {dagbag.py:538} INFO - Filling up the DagBag from /home/melicharovykrecek/venv/lib/python3.9/site-packages/airflow/example_dags/example_kubernetes_executor.py
[2023-03-12T07:56:54.583+0000] {logging_mixin.py:137} INFO - [2023-03-12T07:56:54.583+0000] {example_kubernetes_executor.py:41} WARNING - The example_kubernetes_executor example DAG requires the kubernetes provider. Please install it with: pip install apache-airflow[cncf.kubernetes]
[2023-03-12T07:56:54.584+0000] {processor.py:755} WARNING - No viable dags retrieved from /home/melicharovykrecek/venv/lib/python3.9/site-packages/airflow/example_dags/example_kubernetes_executor.py
[2023-03-12T07:56:54.597+0000] {processor.py:175} INFO - Processing /home/melicharovykrecek/venv/lib/python3.9/site-packages/airflow/example_dags/example_kubernetes_executor.py took 0.041 seconds
[2023-03-12T07:57:39.765+0000] {processor.py:153} INFO - Started process (PID=3332) to work on /home/melicharovykrecek/venv/lib/python3.9/site-packages/airflow/example_dags/example_kubernetes_executor.py
[2023-03-12T07:57:39.767+0000] {processor.py:743} INFO - Processing file /home/melicharovykrecek/venv/lib/python3.9/site-packages/airflow/example_dags/example_kubernetes_executor.py for tasks to queue
[2023-03-12T07:57:39.768+0000] {logging_mixin.py:137} INFO - [2023-03-12T07:57:39.768+0000] {dagbag.py:538} INFO - Filling up the DagBag from /home/melicharovykrecek/venv/lib/python3.9/site-packages/airflow/example_dags/example_kubernetes_executor.py
[2023-03-12T07:57:39.788+0000] {logging_mixin.py:137} INFO - [2023-03-12T07:57:39.788+0000] {example_kubernetes_executor.py:41} WARNING - The example_kubernetes_executor example DAG requires the kubernetes provider. Please install it with: pip install apache-airflow[cncf.kubernetes]
[2023-03-12T07:57:39.789+0000] {processor.py:755} WARNING - No viable dags retrieved from /home/melicharovykrecek/venv/lib/python3.9/site-packages/airflow/example_dags/example_kubernetes_executor.py
[2023-03-12T07:57:39.801+0000] {processor.py:175} INFO - Processing /home/melicharovykrecek/venv/lib/python3.9/site-packages/airflow/example_dags/example_kubernetes_executor.py took 0.042 seconds
[2023-03-12T07:58:31.321+0000] {processor.py:153} INFO - Started process (PID=3381) to work on /home/melicharovykrecek/venv/lib/python3.9/site-packages/airflow/example_dags/example_kubernetes_executor.py
[2023-03-12T07:58:31.324+0000] {processor.py:743} INFO - Processing file /home/melicharovykrecek/venv/lib/python3.9/site-packages/airflow/example_dags/example_kubernetes_executor.py for tasks to queue
[2023-03-12T07:58:31.325+0000] {logging_mixin.py:137} INFO - [2023-03-12T07:58:31.324+0000] {dagbag.py:538} INFO - Filling up the DagBag from /home/melicharovykrecek/venv/lib/python3.9/site-packages/airflow/example_dags/example_kubernetes_executor.py
[2023-03-12T07:58:31.346+0000] {logging_mixin.py:137} INFO - [2023-03-12T07:58:31.346+0000] {example_kubernetes_executor.py:41} WARNING - The example_kubernetes_executor example DAG requires the kubernetes provider. Please install it with: pip install apache-airflow[cncf.kubernetes]
[2023-03-12T07:58:31.346+0000] {processor.py:755} WARNING - No viable dags retrieved from /home/melicharovykrecek/venv/lib/python3.9/site-packages/airflow/example_dags/example_kubernetes_executor.py
[2023-03-12T07:58:31.360+0000] {processor.py:175} INFO - Processing /home/melicharovykrecek/venv/lib/python3.9/site-packages/airflow/example_dags/example_kubernetes_executor.py took 0.043 seconds
[2023-03-12T07:59:14.968+0000] {processor.py:153} INFO - Started process (PID=3425) to work on /home/melicharovykrecek/venv/lib/python3.9/site-packages/airflow/example_dags/example_kubernetes_executor.py
[2023-03-12T07:59:14.970+0000] {processor.py:743} INFO - Processing file /home/melicharovykrecek/venv/lib/python3.9/site-packages/airflow/example_dags/example_kubernetes_executor.py for tasks to queue
[2023-03-12T07:59:14.971+0000] {logging_mixin.py:137} INFO - [2023-03-12T07:59:14.970+0000] {dagbag.py:538} INFO - Filling up the DagBag from /home/melicharovykrecek/venv/lib/python3.9/site-packages/airflow/example_dags/example_kubernetes_executor.py
[2023-03-12T07:59:14.991+0000] {logging_mixin.py:137} INFO - [2023-03-12T07:59:14.991+0000] {example_kubernetes_executor.py:41} WARNING - The example_kubernetes_executor example DAG requires the kubernetes provider. Please install it with: pip install apache-airflow[cncf.kubernetes]
[2023-03-12T07:59:14.991+0000] {processor.py:755} WARNING - No viable dags retrieved from /home/melicharovykrecek/venv/lib/python3.9/site-packages/airflow/example_dags/example_kubernetes_executor.py
[2023-03-12T07:59:15.004+0000] {processor.py:175} INFO - Processing /home/melicharovykrecek/venv/lib/python3.9/site-packages/airflow/example_dags/example_kubernetes_executor.py took 0.043 seconds
[2023-03-12T08:00:03.013+0000] {processor.py:153} INFO - Started process (PID=3496) to work on /home/melicharovykrecek/venv/lib/python3.9/site-packages/airflow/example_dags/example_kubernetes_executor.py
[2023-03-12T08:00:03.015+0000] {processor.py:743} INFO - Processing file /home/melicharovykrecek/venv/lib/python3.9/site-packages/airflow/example_dags/example_kubernetes_executor.py for tasks to queue
[2023-03-12T08:00:03.016+0000] {logging_mixin.py:137} INFO - [2023-03-12T08:00:03.016+0000] {dagbag.py:538} INFO - Filling up the DagBag from /home/melicharovykrecek/venv/lib/python3.9/site-packages/airflow/example_dags/example_kubernetes_executor.py
[2023-03-12T08:00:03.038+0000] {logging_mixin.py:137} INFO - [2023-03-12T08:00:03.038+0000] {example_kubernetes_executor.py:41} WARNING - The example_kubernetes_executor example DAG requires the kubernetes provider. Please install it with: pip install apache-airflow[cncf.kubernetes]
[2023-03-12T08:00:03.039+0000] {processor.py:755} WARNING - No viable dags retrieved from /home/melicharovykrecek/venv/lib/python3.9/site-packages/airflow/example_dags/example_kubernetes_executor.py
[2023-03-12T08:00:03.052+0000] {processor.py:175} INFO - Processing /home/melicharovykrecek/venv/lib/python3.9/site-packages/airflow/example_dags/example_kubernetes_executor.py took 0.043 seconds
[2023-03-12T08:00:49.944+0000] {processor.py:153} INFO - Started process (PID=3543) to work on /home/melicharovykrecek/venv/lib/python3.9/site-packages/airflow/example_dags/example_kubernetes_executor.py
[2023-03-12T08:00:49.947+0000] {processor.py:743} INFO - Processing file /home/melicharovykrecek/venv/lib/python3.9/site-packages/airflow/example_dags/example_kubernetes_executor.py for tasks to queue
[2023-03-12T08:00:49.947+0000] {logging_mixin.py:137} INFO - [2023-03-12T08:00:49.947+0000] {dagbag.py:538} INFO - Filling up the DagBag from /home/melicharovykrecek/venv/lib/python3.9/site-packages/airflow/example_dags/example_kubernetes_executor.py
[2023-03-12T08:00:49.968+0000] {logging_mixin.py:137} INFO - [2023-03-12T08:00:49.968+0000] {example_kubernetes_executor.py:41} WARNING - The example_kubernetes_executor example DAG requires the kubernetes provider. Please install it with: pip install apache-airflow[cncf.kubernetes]
[2023-03-12T08:00:49.969+0000] {processor.py:755} WARNING - No viable dags retrieved from /home/melicharovykrecek/venv/lib/python3.9/site-packages/airflow/example_dags/example_kubernetes_executor.py
[2023-03-12T08:00:49.981+0000] {processor.py:175} INFO - Processing /home/melicharovykrecek/venv/lib/python3.9/site-packages/airflow/example_dags/example_kubernetes_executor.py took 0.042 seconds
[2023-03-12T08:01:38.421+0000] {processor.py:153} INFO - Started process (PID=3596) to work on /home/melicharovykrecek/venv/lib/python3.9/site-packages/airflow/example_dags/example_kubernetes_executor.py
[2023-03-12T08:01:38.423+0000] {processor.py:743} INFO - Processing file /home/melicharovykrecek/venv/lib/python3.9/site-packages/airflow/example_dags/example_kubernetes_executor.py for tasks to queue
[2023-03-12T08:01:38.424+0000] {logging_mixin.py:137} INFO - [2023-03-12T08:01:38.424+0000] {dagbag.py:538} INFO - Filling up the DagBag from /home/melicharovykrecek/venv/lib/python3.9/site-packages/airflow/example_dags/example_kubernetes_executor.py
[2023-03-12T08:01:38.445+0000] {logging_mixin.py:137} INFO - [2023-03-12T08:01:38.445+0000] {example_kubernetes_executor.py:41} WARNING - The example_kubernetes_executor example DAG requires the kubernetes provider. Please install it with: pip install apache-airflow[cncf.kubernetes]
[2023-03-12T08:01:38.445+0000] {processor.py:755} WARNING - No viable dags retrieved from /home/melicharovykrecek/venv/lib/python3.9/site-packages/airflow/example_dags/example_kubernetes_executor.py
[2023-03-12T08:01:38.458+0000] {processor.py:175} INFO - Processing /home/melicharovykrecek/venv/lib/python3.9/site-packages/airflow/example_dags/example_kubernetes_executor.py took 0.042 seconds
[2023-03-12T08:02:26.654+0000] {processor.py:153} INFO - Started process (PID=3643) to work on /home/melicharovykrecek/venv/lib/python3.9/site-packages/airflow/example_dags/example_kubernetes_executor.py
[2023-03-12T08:02:26.656+0000] {processor.py:743} INFO - Processing file /home/melicharovykrecek/venv/lib/python3.9/site-packages/airflow/example_dags/example_kubernetes_executor.py for tasks to queue
[2023-03-12T08:02:26.657+0000] {logging_mixin.py:137} INFO - [2023-03-12T08:02:26.657+0000] {dagbag.py:538} INFO - Filling up the DagBag from /home/melicharovykrecek/venv/lib/python3.9/site-packages/airflow/example_dags/example_kubernetes_executor.py
[2023-03-12T08:02:26.679+0000] {logging_mixin.py:137} INFO - [2023-03-12T08:02:26.679+0000] {example_kubernetes_executor.py:41} WARNING - The example_kubernetes_executor example DAG requires the kubernetes provider. Please install it with: pip install apache-airflow[cncf.kubernetes]
[2023-03-12T08:02:26.679+0000] {processor.py:755} WARNING - No viable dags retrieved from /home/melicharovykrecek/venv/lib/python3.9/site-packages/airflow/example_dags/example_kubernetes_executor.py
[2023-03-12T08:02:26.693+0000] {processor.py:175} INFO - Processing /home/melicharovykrecek/venv/lib/python3.9/site-packages/airflow/example_dags/example_kubernetes_executor.py took 0.044 seconds
[2023-03-12T08:03:12.117+0000] {processor.py:153} INFO - Started process (PID=3687) to work on /home/melicharovykrecek/venv/lib/python3.9/site-packages/airflow/example_dags/example_kubernetes_executor.py
[2023-03-12T08:03:12.119+0000] {processor.py:743} INFO - Processing file /home/melicharovykrecek/venv/lib/python3.9/site-packages/airflow/example_dags/example_kubernetes_executor.py for tasks to queue
[2023-03-12T08:03:12.120+0000] {logging_mixin.py:137} INFO - [2023-03-12T08:03:12.120+0000] {dagbag.py:538} INFO - Filling up the DagBag from /home/melicharovykrecek/venv/lib/python3.9/site-packages/airflow/example_dags/example_kubernetes_executor.py
[2023-03-12T08:03:12.140+0000] {logging_mixin.py:137} INFO - [2023-03-12T08:03:12.140+0000] {example_kubernetes_executor.py:41} WARNING - The example_kubernetes_executor example DAG requires the kubernetes provider. Please install it with: pip install apache-airflow[cncf.kubernetes]
[2023-03-12T08:03:12.140+0000] {processor.py:755} WARNING - No viable dags retrieved from /home/melicharovykrecek/venv/lib/python3.9/site-packages/airflow/example_dags/example_kubernetes_executor.py
[2023-03-12T08:03:12.152+0000] {processor.py:175} INFO - Processing /home/melicharovykrecek/venv/lib/python3.9/site-packages/airflow/example_dags/example_kubernetes_executor.py took 0.040 seconds
[2023-03-12T08:03:58.811+0000] {processor.py:153} INFO - Started process (PID=3733) to work on /home/melicharovykrecek/venv/lib/python3.9/site-packages/airflow/example_dags/example_kubernetes_executor.py
[2023-03-12T08:03:58.813+0000] {processor.py:743} INFO - Processing file /home/melicharovykrecek/venv/lib/python3.9/site-packages/airflow/example_dags/example_kubernetes_executor.py for tasks to queue
[2023-03-12T08:03:58.814+0000] {logging_mixin.py:137} INFO - [2023-03-12T08:03:58.814+0000] {dagbag.py:538} INFO - Filling up the DagBag from /home/melicharovykrecek/venv/lib/python3.9/site-packages/airflow/example_dags/example_kubernetes_executor.py
[2023-03-12T08:03:58.835+0000] {logging_mixin.py:137} INFO - [2023-03-12T08:03:58.834+0000] {example_kubernetes_executor.py:41} WARNING - The example_kubernetes_executor example DAG requires the kubernetes provider. Please install it with: pip install apache-airflow[cncf.kubernetes]
[2023-03-12T08:03:58.835+0000] {processor.py:755} WARNING - No viable dags retrieved from /home/melicharovykrecek/venv/lib/python3.9/site-packages/airflow/example_dags/example_kubernetes_executor.py
[2023-03-12T08:03:58.849+0000] {processor.py:175} INFO - Processing /home/melicharovykrecek/venv/lib/python3.9/site-packages/airflow/example_dags/example_kubernetes_executor.py took 0.042 seconds
[2023-03-12T08:04:44.616+0000] {processor.py:153} INFO - Started process (PID=3776) to work on /home/melicharovykrecek/venv/lib/python3.9/site-packages/airflow/example_dags/example_kubernetes_executor.py
[2023-03-12T08:04:44.618+0000] {processor.py:743} INFO - Processing file /home/melicharovykrecek/venv/lib/python3.9/site-packages/airflow/example_dags/example_kubernetes_executor.py for tasks to queue
[2023-03-12T08:04:44.619+0000] {logging_mixin.py:137} INFO - [2023-03-12T08:04:44.619+0000] {dagbag.py:538} INFO - Filling up the DagBag from /home/melicharovykrecek/venv/lib/python3.9/site-packages/airflow/example_dags/example_kubernetes_executor.py
[2023-03-12T08:04:44.640+0000] {logging_mixin.py:137} INFO - [2023-03-12T08:04:44.639+0000] {example_kubernetes_executor.py:41} WARNING - The example_kubernetes_executor example DAG requires the kubernetes provider. Please install it with: pip install apache-airflow[cncf.kubernetes]
[2023-03-12T08:04:44.640+0000] {processor.py:755} WARNING - No viable dags retrieved from /home/melicharovykrecek/venv/lib/python3.9/site-packages/airflow/example_dags/example_kubernetes_executor.py
[2023-03-12T08:04:44.653+0000] {processor.py:175} INFO - Processing /home/melicharovykrecek/venv/lib/python3.9/site-packages/airflow/example_dags/example_kubernetes_executor.py took 0.041 seconds
[2023-03-12T08:05:31.911+0000] {processor.py:153} INFO - Started process (PID=3823) to work on /home/melicharovykrecek/venv/lib/python3.9/site-packages/airflow/example_dags/example_kubernetes_executor.py
[2023-03-12T08:05:31.914+0000] {processor.py:743} INFO - Processing file /home/melicharovykrecek/venv/lib/python3.9/site-packages/airflow/example_dags/example_kubernetes_executor.py for tasks to queue
[2023-03-12T08:05:31.915+0000] {logging_mixin.py:137} INFO - [2023-03-12T08:05:31.915+0000] {dagbag.py:538} INFO - Filling up the DagBag from /home/melicharovykrecek/venv/lib/python3.9/site-packages/airflow/example_dags/example_kubernetes_executor.py
[2023-03-12T08:05:31.936+0000] {logging_mixin.py:137} INFO - [2023-03-12T08:05:31.936+0000] {example_kubernetes_executor.py:41} WARNING - The example_kubernetes_executor example DAG requires the kubernetes provider. Please install it with: pip install apache-airflow[cncf.kubernetes]
[2023-03-12T08:05:31.936+0000] {processor.py:755} WARNING - No viable dags retrieved from /home/melicharovykrecek/venv/lib/python3.9/site-packages/airflow/example_dags/example_kubernetes_executor.py
[2023-03-12T08:05:31.949+0000] {processor.py:175} INFO - Processing /home/melicharovykrecek/venv/lib/python3.9/site-packages/airflow/example_dags/example_kubernetes_executor.py took 0.042 seconds
[2023-03-12T08:06:23.004+0000] {processor.py:153} INFO - Started process (PID=3871) to work on /home/melicharovykrecek/venv/lib/python3.9/site-packages/airflow/example_dags/example_kubernetes_executor.py
[2023-03-12T08:06:23.007+0000] {processor.py:743} INFO - Processing file /home/melicharovykrecek/venv/lib/python3.9/site-packages/airflow/example_dags/example_kubernetes_executor.py for tasks to queue
[2023-03-12T08:06:23.007+0000] {logging_mixin.py:137} INFO - [2023-03-12T08:06:23.007+0000] {dagbag.py:538} INFO - Filling up the DagBag from /home/melicharovykrecek/venv/lib/python3.9/site-packages/airflow/example_dags/example_kubernetes_executor.py
[2023-03-12T08:06:23.028+0000] {logging_mixin.py:137} INFO - [2023-03-12T08:06:23.028+0000] {example_kubernetes_executor.py:41} WARNING - The example_kubernetes_executor example DAG requires the kubernetes provider. Please install it with: pip install apache-airflow[cncf.kubernetes]
[2023-03-12T08:06:23.029+0000] {processor.py:755} WARNING - No viable dags retrieved from /home/melicharovykrecek/venv/lib/python3.9/site-packages/airflow/example_dags/example_kubernetes_executor.py
[2023-03-12T08:06:23.042+0000] {processor.py:175} INFO - Processing /home/melicharovykrecek/venv/lib/python3.9/site-packages/airflow/example_dags/example_kubernetes_executor.py took 0.042 seconds
[2023-03-12T08:07:13.241+0000] {processor.py:153} INFO - Started process (PID=3921) to work on /home/melicharovykrecek/venv/lib/python3.9/site-packages/airflow/example_dags/example_kubernetes_executor.py
[2023-03-12T08:07:13.243+0000] {processor.py:743} INFO - Processing file /home/melicharovykrecek/venv/lib/python3.9/site-packages/airflow/example_dags/example_kubernetes_executor.py for tasks to queue
[2023-03-12T08:07:13.245+0000] {logging_mixin.py:137} INFO - [2023-03-12T08:07:13.244+0000] {dagbag.py:538} INFO - Filling up the DagBag from /home/melicharovykrecek/venv/lib/python3.9/site-packages/airflow/example_dags/example_kubernetes_executor.py
[2023-03-12T08:07:13.268+0000] {logging_mixin.py:137} INFO - [2023-03-12T08:07:13.268+0000] {example_kubernetes_executor.py:41} WARNING - The example_kubernetes_executor example DAG requires the kubernetes provider. Please install it with: pip install apache-airflow[cncf.kubernetes]
[2023-03-12T08:07:13.268+0000] {processor.py:755} WARNING - No viable dags retrieved from /home/melicharovykrecek/venv/lib/python3.9/site-packages/airflow/example_dags/example_kubernetes_executor.py
[2023-03-12T08:07:13.282+0000] {processor.py:175} INFO - Processing /home/melicharovykrecek/venv/lib/python3.9/site-packages/airflow/example_dags/example_kubernetes_executor.py took 0.047 seconds
[2023-03-12T08:07:58.848+0000] {processor.py:153} INFO - Started process (PID=3992) to work on /home/melicharovykrecek/venv/lib/python3.9/site-packages/airflow/example_dags/example_kubernetes_executor.py
[2023-03-12T08:07:58.850+0000] {processor.py:743} INFO - Processing file /home/melicharovykrecek/venv/lib/python3.9/site-packages/airflow/example_dags/example_kubernetes_executor.py for tasks to queue
[2023-03-12T08:07:58.850+0000] {logging_mixin.py:137} INFO - [2023-03-12T08:07:58.850+0000] {dagbag.py:538} INFO - Filling up the DagBag from /home/melicharovykrecek/venv/lib/python3.9/site-packages/airflow/example_dags/example_kubernetes_executor.py
[2023-03-12T08:07:58.871+0000] {logging_mixin.py:137} INFO - [2023-03-12T08:07:58.871+0000] {example_kubernetes_executor.py:41} WARNING - The example_kubernetes_executor example DAG requires the kubernetes provider. Please install it with: pip install apache-airflow[cncf.kubernetes]
[2023-03-12T08:07:58.871+0000] {processor.py:755} WARNING - No viable dags retrieved from /home/melicharovykrecek/venv/lib/python3.9/site-packages/airflow/example_dags/example_kubernetes_executor.py
[2023-03-12T08:07:58.884+0000] {processor.py:175} INFO - Processing /home/melicharovykrecek/venv/lib/python3.9/site-packages/airflow/example_dags/example_kubernetes_executor.py took 0.041 seconds
[2023-03-12T08:08:46.151+0000] {processor.py:153} INFO - Started process (PID=4059) to work on /home/melicharovykrecek/venv/lib/python3.9/site-packages/airflow/example_dags/example_kubernetes_executor.py
[2023-03-12T08:08:46.153+0000] {processor.py:743} INFO - Processing file /home/melicharovykrecek/venv/lib/python3.9/site-packages/airflow/example_dags/example_kubernetes_executor.py for tasks to queue
[2023-03-12T08:08:46.154+0000] {logging_mixin.py:137} INFO - [2023-03-12T08:08:46.154+0000] {dagbag.py:538} INFO - Filling up the DagBag from /home/melicharovykrecek/venv/lib/python3.9/site-packages/airflow/example_dags/example_kubernetes_executor.py
[2023-03-12T08:08:46.177+0000] {logging_mixin.py:137} INFO - [2023-03-12T08:08:46.177+0000] {example_kubernetes_executor.py:41} WARNING - The example_kubernetes_executor example DAG requires the kubernetes provider. Please install it with: pip install apache-airflow[cncf.kubernetes]
[2023-03-12T08:08:46.178+0000] {processor.py:755} WARNING - No viable dags retrieved from /home/melicharovykrecek/venv/lib/python3.9/site-packages/airflow/example_dags/example_kubernetes_executor.py
[2023-03-12T08:08:46.193+0000] {processor.py:175} INFO - Processing /home/melicharovykrecek/venv/lib/python3.9/site-packages/airflow/example_dags/example_kubernetes_executor.py took 0.046 seconds
[2023-03-12T08:09:36.138+0000] {processor.py:153} INFO - Started process (PID=4107) to work on /home/melicharovykrecek/venv/lib/python3.9/site-packages/airflow/example_dags/example_kubernetes_executor.py
[2023-03-12T08:09:36.141+0000] {processor.py:743} INFO - Processing file /home/melicharovykrecek/venv/lib/python3.9/site-packages/airflow/example_dags/example_kubernetes_executor.py for tasks to queue
[2023-03-12T08:09:36.142+0000] {logging_mixin.py:137} INFO - [2023-03-12T08:09:36.141+0000] {dagbag.py:538} INFO - Filling up the DagBag from /home/melicharovykrecek/venv/lib/python3.9/site-packages/airflow/example_dags/example_kubernetes_executor.py
[2023-03-12T08:09:36.164+0000] {logging_mixin.py:137} INFO - [2023-03-12T08:09:36.164+0000] {example_kubernetes_executor.py:41} WARNING - The example_kubernetes_executor example DAG requires the kubernetes provider. Please install it with: pip install apache-airflow[cncf.kubernetes]
[2023-03-12T08:09:36.164+0000] {processor.py:755} WARNING - No viable dags retrieved from /home/melicharovykrecek/venv/lib/python3.9/site-packages/airflow/example_dags/example_kubernetes_executor.py
[2023-03-12T08:09:36.178+0000] {processor.py:175} INFO - Processing /home/melicharovykrecek/venv/lib/python3.9/site-packages/airflow/example_dags/example_kubernetes_executor.py took 0.044 seconds
[2023-03-12T08:10:26.387+0000] {processor.py:153} INFO - Started process (PID=4155) to work on /home/melicharovykrecek/venv/lib/python3.9/site-packages/airflow/example_dags/example_kubernetes_executor.py
[2023-03-12T08:10:26.389+0000] {processor.py:743} INFO - Processing file /home/melicharovykrecek/venv/lib/python3.9/site-packages/airflow/example_dags/example_kubernetes_executor.py for tasks to queue
[2023-03-12T08:10:26.390+0000] {logging_mixin.py:137} INFO - [2023-03-12T08:10:26.390+0000] {dagbag.py:538} INFO - Filling up the DagBag from /home/melicharovykrecek/venv/lib/python3.9/site-packages/airflow/example_dags/example_kubernetes_executor.py
[2023-03-12T08:10:26.412+0000] {logging_mixin.py:137} INFO - [2023-03-12T08:10:26.412+0000] {example_kubernetes_executor.py:41} WARNING - The example_kubernetes_executor example DAG requires the kubernetes provider. Please install it with: pip install apache-airflow[cncf.kubernetes]
[2023-03-12T08:10:26.413+0000] {processor.py:755} WARNING - No viable dags retrieved from /home/melicharovykrecek/venv/lib/python3.9/site-packages/airflow/example_dags/example_kubernetes_executor.py
[2023-03-12T08:10:26.428+0000] {processor.py:175} INFO - Processing /home/melicharovykrecek/venv/lib/python3.9/site-packages/airflow/example_dags/example_kubernetes_executor.py took 0.046 seconds
[2023-03-12T08:11:06.625+0000] {processor.py:153} INFO - Started process (PID=4201) to work on /home/melicharovykrecek/venv/lib/python3.9/site-packages/airflow/example_dags/example_kubernetes_executor.py
[2023-03-12T08:11:06.627+0000] {processor.py:743} INFO - Processing file /home/melicharovykrecek/venv/lib/python3.9/site-packages/airflow/example_dags/example_kubernetes_executor.py for tasks to queue
[2023-03-12T08:11:06.628+0000] {logging_mixin.py:137} INFO - [2023-03-12T08:11:06.628+0000] {dagbag.py:538} INFO - Filling up the DagBag from /home/melicharovykrecek/venv/lib/python3.9/site-packages/airflow/example_dags/example_kubernetes_executor.py
[2023-03-12T08:11:06.650+0000] {logging_mixin.py:137} INFO - [2023-03-12T08:11:06.650+0000] {example_kubernetes_executor.py:41} WARNING - The example_kubernetes_executor example DAG requires the kubernetes provider. Please install it with: pip install apache-airflow[cncf.kubernetes]
[2023-03-12T08:11:06.650+0000] {processor.py:755} WARNING - No viable dags retrieved from /home/melicharovykrecek/venv/lib/python3.9/site-packages/airflow/example_dags/example_kubernetes_executor.py
[2023-03-12T08:11:06.664+0000] {processor.py:175} INFO - Processing /home/melicharovykrecek/venv/lib/python3.9/site-packages/airflow/example_dags/example_kubernetes_executor.py took 0.045 seconds
[2023-03-12T08:11:57.724+0000] {processor.py:153} INFO - Started process (PID=4264) to work on /home/melicharovykrecek/venv/lib/python3.9/site-packages/airflow/example_dags/example_kubernetes_executor.py
[2023-03-12T08:11:57.726+0000] {processor.py:743} INFO - Processing file /home/melicharovykrecek/venv/lib/python3.9/site-packages/airflow/example_dags/example_kubernetes_executor.py for tasks to queue
[2023-03-12T08:11:57.727+0000] {logging_mixin.py:137} INFO - [2023-03-12T08:11:57.727+0000] {dagbag.py:538} INFO - Filling up the DagBag from /home/melicharovykrecek/venv/lib/python3.9/site-packages/airflow/example_dags/example_kubernetes_executor.py
[2023-03-12T08:11:57.749+0000] {logging_mixin.py:137} INFO - [2023-03-12T08:11:57.749+0000] {example_kubernetes_executor.py:41} WARNING - The example_kubernetes_executor example DAG requires the kubernetes provider. Please install it with: pip install apache-airflow[cncf.kubernetes]
[2023-03-12T08:11:57.749+0000] {processor.py:755} WARNING - No viable dags retrieved from /home/melicharovykrecek/venv/lib/python3.9/site-packages/airflow/example_dags/example_kubernetes_executor.py
[2023-03-12T08:11:57.764+0000] {processor.py:175} INFO - Processing /home/melicharovykrecek/venv/lib/python3.9/site-packages/airflow/example_dags/example_kubernetes_executor.py took 0.045 seconds
[2023-03-12T08:12:44.965+0000] {processor.py:153} INFO - Started process (PID=4337) to work on /home/melicharovykrecek/venv/lib/python3.9/site-packages/airflow/example_dags/example_kubernetes_executor.py
[2023-03-12T08:12:44.967+0000] {processor.py:743} INFO - Processing file /home/melicharovykrecek/venv/lib/python3.9/site-packages/airflow/example_dags/example_kubernetes_executor.py for tasks to queue
[2023-03-12T08:12:44.968+0000] {logging_mixin.py:137} INFO - [2023-03-12T08:12:44.968+0000] {dagbag.py:538} INFO - Filling up the DagBag from /home/melicharovykrecek/venv/lib/python3.9/site-packages/airflow/example_dags/example_kubernetes_executor.py
[2023-03-12T08:12:44.991+0000] {logging_mixin.py:137} INFO - [2023-03-12T08:12:44.991+0000] {example_kubernetes_executor.py:41} WARNING - The example_kubernetes_executor example DAG requires the kubernetes provider. Please install it with: pip install apache-airflow[cncf.kubernetes]
[2023-03-12T08:12:44.992+0000] {processor.py:755} WARNING - No viable dags retrieved from /home/melicharovykrecek/venv/lib/python3.9/site-packages/airflow/example_dags/example_kubernetes_executor.py
[2023-03-12T08:12:45.005+0000] {processor.py:175} INFO - Processing /home/melicharovykrecek/venv/lib/python3.9/site-packages/airflow/example_dags/example_kubernetes_executor.py took 0.044 seconds
[2023-03-12T08:13:36.243+0000] {processor.py:153} INFO - Started process (PID=4392) to work on /home/melicharovykrecek/venv/lib/python3.9/site-packages/airflow/example_dags/example_kubernetes_executor.py
[2023-03-12T08:13:36.245+0000] {processor.py:743} INFO - Processing file /home/melicharovykrecek/venv/lib/python3.9/site-packages/airflow/example_dags/example_kubernetes_executor.py for tasks to queue
[2023-03-12T08:13:36.246+0000] {logging_mixin.py:137} INFO - [2023-03-12T08:13:36.246+0000] {dagbag.py:538} INFO - Filling up the DagBag from /home/melicharovykrecek/venv/lib/python3.9/site-packages/airflow/example_dags/example_kubernetes_executor.py
[2023-03-12T08:13:36.268+0000] {logging_mixin.py:137} INFO - [2023-03-12T08:13:36.268+0000] {example_kubernetes_executor.py:41} WARNING - The example_kubernetes_executor example DAG requires the kubernetes provider. Please install it with: pip install apache-airflow[cncf.kubernetes]
[2023-03-12T08:13:36.268+0000] {processor.py:755} WARNING - No viable dags retrieved from /home/melicharovykrecek/venv/lib/python3.9/site-packages/airflow/example_dags/example_kubernetes_executor.py
[2023-03-12T08:13:36.282+0000] {processor.py:175} INFO - Processing /home/melicharovykrecek/venv/lib/python3.9/site-packages/airflow/example_dags/example_kubernetes_executor.py took 0.045 seconds
[2023-03-12T08:14:27.231+0000] {processor.py:153} INFO - Started process (PID=4460) to work on /home/melicharovykrecek/venv/lib/python3.9/site-packages/airflow/example_dags/example_kubernetes_executor.py
[2023-03-12T08:14:27.233+0000] {processor.py:743} INFO - Processing file /home/melicharovykrecek/venv/lib/python3.9/site-packages/airflow/example_dags/example_kubernetes_executor.py for tasks to queue
[2023-03-12T08:14:27.234+0000] {logging_mixin.py:137} INFO - [2023-03-12T08:14:27.234+0000] {dagbag.py:538} INFO - Filling up the DagBag from /home/melicharovykrecek/venv/lib/python3.9/site-packages/airflow/example_dags/example_kubernetes_executor.py
[2023-03-12T08:14:27.255+0000] {logging_mixin.py:137} INFO - [2023-03-12T08:14:27.255+0000] {example_kubernetes_executor.py:41} WARNING - The example_kubernetes_executor example DAG requires the kubernetes provider. Please install it with: pip install apache-airflow[cncf.kubernetes]
[2023-03-12T08:14:27.256+0000] {processor.py:755} WARNING - No viable dags retrieved from /home/melicharovykrecek/venv/lib/python3.9/site-packages/airflow/example_dags/example_kubernetes_executor.py
[2023-03-12T08:14:27.269+0000] {processor.py:175} INFO - Processing /home/melicharovykrecek/venv/lib/python3.9/site-packages/airflow/example_dags/example_kubernetes_executor.py took 0.043 seconds
[2023-03-12T08:15:16.004+0000] {processor.py:153} INFO - Started process (PID=4509) to work on /home/melicharovykrecek/venv/lib/python3.9/site-packages/airflow/example_dags/example_kubernetes_executor.py
[2023-03-12T08:15:16.006+0000] {processor.py:743} INFO - Processing file /home/melicharovykrecek/venv/lib/python3.9/site-packages/airflow/example_dags/example_kubernetes_executor.py for tasks to queue
[2023-03-12T08:15:16.007+0000] {logging_mixin.py:137} INFO - [2023-03-12T08:15:16.007+0000] {dagbag.py:538} INFO - Filling up the DagBag from /home/melicharovykrecek/venv/lib/python3.9/site-packages/airflow/example_dags/example_kubernetes_executor.py
[2023-03-12T08:15:16.034+0000] {logging_mixin.py:137} INFO - [2023-03-12T08:15:16.034+0000] {example_kubernetes_executor.py:41} WARNING - The example_kubernetes_executor example DAG requires the kubernetes provider. Please install it with: pip install apache-airflow[cncf.kubernetes]
[2023-03-12T08:15:16.035+0000] {processor.py:755} WARNING - No viable dags retrieved from /home/melicharovykrecek/venv/lib/python3.9/site-packages/airflow/example_dags/example_kubernetes_executor.py
[2023-03-12T08:15:16.048+0000] {processor.py:175} INFO - Processing /home/melicharovykrecek/venv/lib/python3.9/site-packages/airflow/example_dags/example_kubernetes_executor.py took 0.050 seconds
[2023-03-12T08:16:07.135+0000] {processor.py:153} INFO - Started process (PID=4564) to work on /home/melicharovykrecek/venv/lib/python3.9/site-packages/airflow/example_dags/example_kubernetes_executor.py
[2023-03-12T08:16:07.137+0000] {processor.py:743} INFO - Processing file /home/melicharovykrecek/venv/lib/python3.9/site-packages/airflow/example_dags/example_kubernetes_executor.py for tasks to queue
[2023-03-12T08:16:07.138+0000] {logging_mixin.py:137} INFO - [2023-03-12T08:16:07.138+0000] {dagbag.py:538} INFO - Filling up the DagBag from /home/melicharovykrecek/venv/lib/python3.9/site-packages/airflow/example_dags/example_kubernetes_executor.py
[2023-03-12T08:16:07.164+0000] {logging_mixin.py:137} INFO - [2023-03-12T08:16:07.163+0000] {example_kubernetes_executor.py:41} WARNING - The example_kubernetes_executor example DAG requires the kubernetes provider. Please install it with: pip install apache-airflow[cncf.kubernetes]
[2023-03-12T08:16:07.164+0000] {processor.py:755} WARNING - No viable dags retrieved from /home/melicharovykrecek/venv/lib/python3.9/site-packages/airflow/example_dags/example_kubernetes_executor.py
[2023-03-12T08:16:07.180+0000] {processor.py:175} INFO - Processing /home/melicharovykrecek/venv/lib/python3.9/site-packages/airflow/example_dags/example_kubernetes_executor.py took 0.050 seconds
[2023-03-12T08:16:59.553+0000] {processor.py:153} INFO - Started process (PID=4614) to work on /home/melicharovykrecek/venv/lib/python3.9/site-packages/airflow/example_dags/example_kubernetes_executor.py
[2023-03-12T08:16:59.555+0000] {processor.py:743} INFO - Processing file /home/melicharovykrecek/venv/lib/python3.9/site-packages/airflow/example_dags/example_kubernetes_executor.py for tasks to queue
[2023-03-12T08:16:59.556+0000] {logging_mixin.py:137} INFO - [2023-03-12T08:16:59.556+0000] {dagbag.py:538} INFO - Filling up the DagBag from /home/melicharovykrecek/venv/lib/python3.9/site-packages/airflow/example_dags/example_kubernetes_executor.py
[2023-03-12T08:16:59.577+0000] {logging_mixin.py:137} INFO - [2023-03-12T08:16:59.577+0000] {example_kubernetes_executor.py:41} WARNING - The example_kubernetes_executor example DAG requires the kubernetes provider. Please install it with: pip install apache-airflow[cncf.kubernetes]
[2023-03-12T08:16:59.578+0000] {processor.py:755} WARNING - No viable dags retrieved from /home/melicharovykrecek/venv/lib/python3.9/site-packages/airflow/example_dags/example_kubernetes_executor.py
[2023-03-12T08:16:59.592+0000] {processor.py:175} INFO - Processing /home/melicharovykrecek/venv/lib/python3.9/site-packages/airflow/example_dags/example_kubernetes_executor.py took 0.043 seconds
[2023-03-12T08:17:53.287+0000] {processor.py:153} INFO - Started process (PID=4677) to work on /home/melicharovykrecek/venv/lib/python3.9/site-packages/airflow/example_dags/example_kubernetes_executor.py
[2023-03-12T08:17:53.289+0000] {processor.py:743} INFO - Processing file /home/melicharovykrecek/venv/lib/python3.9/site-packages/airflow/example_dags/example_kubernetes_executor.py for tasks to queue
[2023-03-12T08:17:53.290+0000] {logging_mixin.py:137} INFO - [2023-03-12T08:17:53.290+0000] {dagbag.py:538} INFO - Filling up the DagBag from /home/melicharovykrecek/venv/lib/python3.9/site-packages/airflow/example_dags/example_kubernetes_executor.py
[2023-03-12T08:17:53.313+0000] {logging_mixin.py:137} INFO - [2023-03-12T08:17:53.312+0000] {example_kubernetes_executor.py:41} WARNING - The example_kubernetes_executor example DAG requires the kubernetes provider. Please install it with: pip install apache-airflow[cncf.kubernetes]
[2023-03-12T08:17:53.313+0000] {processor.py:755} WARNING - No viable dags retrieved from /home/melicharovykrecek/venv/lib/python3.9/site-packages/airflow/example_dags/example_kubernetes_executor.py
[2023-03-12T08:17:53.327+0000] {processor.py:175} INFO - Processing /home/melicharovykrecek/venv/lib/python3.9/site-packages/airflow/example_dags/example_kubernetes_executor.py took 0.044 seconds
[2023-03-12T08:18:39.239+0000] {processor.py:153} INFO - Started process (PID=4722) to work on /home/melicharovykrecek/venv/lib/python3.9/site-packages/airflow/example_dags/example_kubernetes_executor.py
[2023-03-12T08:18:39.241+0000] {processor.py:743} INFO - Processing file /home/melicharovykrecek/venv/lib/python3.9/site-packages/airflow/example_dags/example_kubernetes_executor.py for tasks to queue
[2023-03-12T08:18:39.242+0000] {logging_mixin.py:137} INFO - [2023-03-12T08:18:39.242+0000] {dagbag.py:538} INFO - Filling up the DagBag from /home/melicharovykrecek/venv/lib/python3.9/site-packages/airflow/example_dags/example_kubernetes_executor.py
[2023-03-12T08:18:39.264+0000] {logging_mixin.py:137} INFO - [2023-03-12T08:18:39.264+0000] {example_kubernetes_executor.py:41} WARNING - The example_kubernetes_executor example DAG requires the kubernetes provider. Please install it with: pip install apache-airflow[cncf.kubernetes]
[2023-03-12T08:18:39.264+0000] {processor.py:755} WARNING - No viable dags retrieved from /home/melicharovykrecek/venv/lib/python3.9/site-packages/airflow/example_dags/example_kubernetes_executor.py
[2023-03-12T08:18:39.278+0000] {processor.py:175} INFO - Processing /home/melicharovykrecek/venv/lib/python3.9/site-packages/airflow/example_dags/example_kubernetes_executor.py took 0.043 seconds
[2023-03-12T08:19:27.331+0000] {processor.py:153} INFO - Started process (PID=4770) to work on /home/melicharovykrecek/venv/lib/python3.9/site-packages/airflow/example_dags/example_kubernetes_executor.py
[2023-03-12T08:19:27.334+0000] {processor.py:743} INFO - Processing file /home/melicharovykrecek/venv/lib/python3.9/site-packages/airflow/example_dags/example_kubernetes_executor.py for tasks to queue
[2023-03-12T08:19:27.335+0000] {logging_mixin.py:137} INFO - [2023-03-12T08:19:27.335+0000] {dagbag.py:538} INFO - Filling up the DagBag from /home/melicharovykrecek/venv/lib/python3.9/site-packages/airflow/example_dags/example_kubernetes_executor.py
[2023-03-12T08:19:27.355+0000] {logging_mixin.py:137} INFO - [2023-03-12T08:19:27.355+0000] {example_kubernetes_executor.py:41} WARNING - The example_kubernetes_executor example DAG requires the kubernetes provider. Please install it with: pip install apache-airflow[cncf.kubernetes]
[2023-03-12T08:19:27.356+0000] {processor.py:755} WARNING - No viable dags retrieved from /home/melicharovykrecek/venv/lib/python3.9/site-packages/airflow/example_dags/example_kubernetes_executor.py
[2023-03-12T08:19:27.368+0000] {processor.py:175} INFO - Processing /home/melicharovykrecek/venv/lib/python3.9/site-packages/airflow/example_dags/example_kubernetes_executor.py took 0.042 seconds
[2023-03-12T08:20:16.852+0000] {processor.py:153} INFO - Started process (PID=4823) to work on /home/melicharovykrecek/venv/lib/python3.9/site-packages/airflow/example_dags/example_kubernetes_executor.py
[2023-03-12T08:20:16.854+0000] {processor.py:743} INFO - Processing file /home/melicharovykrecek/venv/lib/python3.9/site-packages/airflow/example_dags/example_kubernetes_executor.py for tasks to queue
[2023-03-12T08:20:16.854+0000] {logging_mixin.py:137} INFO - [2023-03-12T08:20:16.854+0000] {dagbag.py:538} INFO - Filling up the DagBag from /home/melicharovykrecek/venv/lib/python3.9/site-packages/airflow/example_dags/example_kubernetes_executor.py
[2023-03-12T08:20:16.876+0000] {logging_mixin.py:137} INFO - [2023-03-12T08:20:16.876+0000] {example_kubernetes_executor.py:41} WARNING - The example_kubernetes_executor example DAG requires the kubernetes provider. Please install it with: pip install apache-airflow[cncf.kubernetes]
[2023-03-12T08:20:16.876+0000] {processor.py:755} WARNING - No viable dags retrieved from /home/melicharovykrecek/venv/lib/python3.9/site-packages/airflow/example_dags/example_kubernetes_executor.py
[2023-03-12T08:20:16.889+0000] {processor.py:175} INFO - Processing /home/melicharovykrecek/venv/lib/python3.9/site-packages/airflow/example_dags/example_kubernetes_executor.py took 0.042 seconds
[2023-03-12T08:21:14.466+0000] {processor.py:153} INFO - Started process (PID=4876) to work on /home/melicharovykrecek/venv/lib/python3.9/site-packages/airflow/example_dags/example_kubernetes_executor.py
[2023-03-12T08:21:14.468+0000] {processor.py:743} INFO - Processing file /home/melicharovykrecek/venv/lib/python3.9/site-packages/airflow/example_dags/example_kubernetes_executor.py for tasks to queue
[2023-03-12T08:21:14.469+0000] {logging_mixin.py:137} INFO - [2023-03-12T08:21:14.469+0000] {dagbag.py:538} INFO - Filling up the DagBag from /home/melicharovykrecek/venv/lib/python3.9/site-packages/airflow/example_dags/example_kubernetes_executor.py
[2023-03-12T08:21:14.489+0000] {logging_mixin.py:137} INFO - [2023-03-12T08:21:14.489+0000] {example_kubernetes_executor.py:41} WARNING - The example_kubernetes_executor example DAG requires the kubernetes provider. Please install it with: pip install apache-airflow[cncf.kubernetes]
[2023-03-12T08:21:14.490+0000] {processor.py:755} WARNING - No viable dags retrieved from /home/melicharovykrecek/venv/lib/python3.9/site-packages/airflow/example_dags/example_kubernetes_executor.py
[2023-03-12T08:21:14.502+0000] {processor.py:175} INFO - Processing /home/melicharovykrecek/venv/lib/python3.9/site-packages/airflow/example_dags/example_kubernetes_executor.py took 0.041 seconds
