[2023-03-12T07:30:41.584+0000] {processor.py:153} INFO - Started process (PID=1486) to work on /home/melicharovykrecek/venv/lib/python3.9/site-packages/airflow/example_dags/example_sensors.py
[2023-03-12T07:30:41.585+0000] {processor.py:743} INFO - Processing file /home/melicharovykrecek/venv/lib/python3.9/site-packages/airflow/example_dags/example_sensors.py for tasks to queue
[2023-03-12T07:30:41.586+0000] {logging_mixin.py:137} INFO - [2023-03-12T07:30:41.586+0000] {dagbag.py:538} INFO - Filling up the DagBag from /home/melicharovykrecek/venv/lib/python3.9/site-packages/airflow/example_dags/example_sensors.py
[2023-03-12T07:30:41.609+0000] {processor.py:753} INFO - DAG(s) dict_keys(['example_sensors']) retrieved from /home/melicharovykrecek/venv/lib/python3.9/site-packages/airflow/example_dags/example_sensors.py
[2023-03-12T07:30:41.637+0000] {logging_mixin.py:137} INFO - [2023-03-12T07:30:41.637+0000] {dag.py:2690} INFO - Sync 1 DAGs
[2023-03-12T07:30:41.661+0000] {logging_mixin.py:137} INFO - [2023-03-12T07:30:41.661+0000] {dag.py:3437} INFO - Setting next_dagrun for example_sensors to None, run_after=None
[2023-03-12T07:30:41.689+0000] {processor.py:175} INFO - Processing /home/melicharovykrecek/venv/lib/python3.9/site-packages/airflow/example_dags/example_sensors.py took 0.114 seconds
[2023-03-12T07:31:22.251+0000] {processor.py:153} INFO - Started process (PID=1530) to work on /home/melicharovykrecek/venv/lib/python3.9/site-packages/airflow/example_dags/example_sensors.py
[2023-03-12T07:31:22.252+0000] {processor.py:743} INFO - Processing file /home/melicharovykrecek/venv/lib/python3.9/site-packages/airflow/example_dags/example_sensors.py for tasks to queue
[2023-03-12T07:31:22.254+0000] {logging_mixin.py:137} INFO - [2023-03-12T07:31:22.253+0000] {dagbag.py:538} INFO - Filling up the DagBag from /home/melicharovykrecek/venv/lib/python3.9/site-packages/airflow/example_dags/example_sensors.py
[2023-03-12T07:31:22.279+0000] {processor.py:753} INFO - DAG(s) dict_keys(['example_sensors']) retrieved from /home/melicharovykrecek/venv/lib/python3.9/site-packages/airflow/example_dags/example_sensors.py
[2023-03-12T07:31:22.307+0000] {logging_mixin.py:137} INFO - [2023-03-12T07:31:22.307+0000] {dag.py:2690} INFO - Sync 1 DAGs
[2023-03-12T07:31:22.333+0000] {logging_mixin.py:137} INFO - [2023-03-12T07:31:22.332+0000] {dag.py:3437} INFO - Setting next_dagrun for example_sensors to None, run_after=None
[2023-03-12T07:31:22.361+0000] {processor.py:175} INFO - Processing /home/melicharovykrecek/venv/lib/python3.9/site-packages/airflow/example_dags/example_sensors.py took 0.115 seconds
[2023-03-12T07:32:03.278+0000] {processor.py:153} INFO - Started process (PID=1589) to work on /home/melicharovykrecek/venv/lib/python3.9/site-packages/airflow/example_dags/example_sensors.py
[2023-03-12T07:32:03.279+0000] {processor.py:743} INFO - Processing file /home/melicharovykrecek/venv/lib/python3.9/site-packages/airflow/example_dags/example_sensors.py for tasks to queue
[2023-03-12T07:32:03.280+0000] {logging_mixin.py:137} INFO - [2023-03-12T07:32:03.280+0000] {dagbag.py:538} INFO - Filling up the DagBag from /home/melicharovykrecek/venv/lib/python3.9/site-packages/airflow/example_dags/example_sensors.py
[2023-03-12T07:32:03.307+0000] {processor.py:753} INFO - DAG(s) dict_keys(['example_sensors']) retrieved from /home/melicharovykrecek/venv/lib/python3.9/site-packages/airflow/example_dags/example_sensors.py
[2023-03-12T07:32:03.335+0000] {logging_mixin.py:137} INFO - [2023-03-12T07:32:03.334+0000] {dag.py:2690} INFO - Sync 1 DAGs
[2023-03-12T07:32:03.358+0000] {logging_mixin.py:137} INFO - [2023-03-12T07:32:03.358+0000] {dag.py:3437} INFO - Setting next_dagrun for example_sensors to None, run_after=None
[2023-03-12T07:32:03.386+0000] {processor.py:175} INFO - Processing /home/melicharovykrecek/venv/lib/python3.9/site-packages/airflow/example_dags/example_sensors.py took 0.114 seconds
[2023-03-12T07:32:46.058+0000] {processor.py:153} INFO - Started process (PID=1634) to work on /home/melicharovykrecek/venv/lib/python3.9/site-packages/airflow/example_dags/example_sensors.py
[2023-03-12T07:32:46.060+0000] {processor.py:743} INFO - Processing file /home/melicharovykrecek/venv/lib/python3.9/site-packages/airflow/example_dags/example_sensors.py for tasks to queue
[2023-03-12T07:32:46.062+0000] {logging_mixin.py:137} INFO - [2023-03-12T07:32:46.061+0000] {dagbag.py:538} INFO - Filling up the DagBag from /home/melicharovykrecek/venv/lib/python3.9/site-packages/airflow/example_dags/example_sensors.py
[2023-03-12T07:32:46.088+0000] {processor.py:753} INFO - DAG(s) dict_keys(['example_sensors']) retrieved from /home/melicharovykrecek/venv/lib/python3.9/site-packages/airflow/example_dags/example_sensors.py
[2023-03-12T07:32:46.117+0000] {logging_mixin.py:137} INFO - [2023-03-12T07:32:46.117+0000] {dag.py:2690} INFO - Sync 1 DAGs
[2023-03-12T07:32:46.140+0000] {logging_mixin.py:137} INFO - [2023-03-12T07:32:46.140+0000] {dag.py:3437} INFO - Setting next_dagrun for example_sensors to None, run_after=None
[2023-03-12T07:32:46.166+0000] {processor.py:175} INFO - Processing /home/melicharovykrecek/venv/lib/python3.9/site-packages/airflow/example_dags/example_sensors.py took 0.113 seconds
[2023-03-12T07:33:32.420+0000] {processor.py:153} INFO - Started process (PID=1683) to work on /home/melicharovykrecek/venv/lib/python3.9/site-packages/airflow/example_dags/example_sensors.py
[2023-03-12T07:33:32.422+0000] {processor.py:743} INFO - Processing file /home/melicharovykrecek/venv/lib/python3.9/site-packages/airflow/example_dags/example_sensors.py for tasks to queue
[2023-03-12T07:33:32.423+0000] {logging_mixin.py:137} INFO - [2023-03-12T07:33:32.423+0000] {dagbag.py:538} INFO - Filling up the DagBag from /home/melicharovykrecek/venv/lib/python3.9/site-packages/airflow/example_dags/example_sensors.py
[2023-03-12T07:33:32.446+0000] {processor.py:753} INFO - DAG(s) dict_keys(['example_sensors']) retrieved from /home/melicharovykrecek/venv/lib/python3.9/site-packages/airflow/example_dags/example_sensors.py
[2023-03-12T07:33:32.472+0000] {logging_mixin.py:137} INFO - [2023-03-12T07:33:32.472+0000] {dag.py:2690} INFO - Sync 1 DAGs
[2023-03-12T07:33:32.494+0000] {logging_mixin.py:137} INFO - [2023-03-12T07:33:32.494+0000] {dag.py:3437} INFO - Setting next_dagrun for example_sensors to None, run_after=None
[2023-03-12T07:33:32.518+0000] {processor.py:175} INFO - Processing /home/melicharovykrecek/venv/lib/python3.9/site-packages/airflow/example_dags/example_sensors.py took 0.103 seconds
[2023-03-12T07:34:10.680+0000] {processor.py:153} INFO - Started process (PID=1719) to work on /home/melicharovykrecek/venv/lib/python3.9/site-packages/airflow/example_dags/example_sensors.py
[2023-03-12T07:34:10.682+0000] {processor.py:743} INFO - Processing file /home/melicharovykrecek/venv/lib/python3.9/site-packages/airflow/example_dags/example_sensors.py for tasks to queue
[2023-03-12T07:34:10.683+0000] {logging_mixin.py:137} INFO - [2023-03-12T07:34:10.683+0000] {dagbag.py:538} INFO - Filling up the DagBag from /home/melicharovykrecek/venv/lib/python3.9/site-packages/airflow/example_dags/example_sensors.py
[2023-03-12T07:34:10.707+0000] {processor.py:753} INFO - DAG(s) dict_keys(['example_sensors']) retrieved from /home/melicharovykrecek/venv/lib/python3.9/site-packages/airflow/example_dags/example_sensors.py
[2023-03-12T07:34:10.735+0000] {logging_mixin.py:137} INFO - [2023-03-12T07:34:10.735+0000] {dag.py:2690} INFO - Sync 1 DAGs
[2023-03-12T07:34:10.758+0000] {logging_mixin.py:137} INFO - [2023-03-12T07:34:10.758+0000] {dag.py:3437} INFO - Setting next_dagrun for example_sensors to None, run_after=None
[2023-03-12T07:34:10.785+0000] {processor.py:175} INFO - Processing /home/melicharovykrecek/venv/lib/python3.9/site-packages/airflow/example_dags/example_sensors.py took 0.110 seconds
[2023-03-12T07:34:47.736+0000] {processor.py:153} INFO - Started process (PID=1766) to work on /home/melicharovykrecek/venv/lib/python3.9/site-packages/airflow/example_dags/example_sensors.py
[2023-03-12T07:34:47.737+0000] {processor.py:743} INFO - Processing file /home/melicharovykrecek/venv/lib/python3.9/site-packages/airflow/example_dags/example_sensors.py for tasks to queue
[2023-03-12T07:34:47.738+0000] {logging_mixin.py:137} INFO - [2023-03-12T07:34:47.738+0000] {dagbag.py:538} INFO - Filling up the DagBag from /home/melicharovykrecek/venv/lib/python3.9/site-packages/airflow/example_dags/example_sensors.py
[2023-03-12T07:34:47.761+0000] {processor.py:753} INFO - DAG(s) dict_keys(['example_sensors']) retrieved from /home/melicharovykrecek/venv/lib/python3.9/site-packages/airflow/example_dags/example_sensors.py
[2023-03-12T07:34:47.787+0000] {logging_mixin.py:137} INFO - [2023-03-12T07:34:47.787+0000] {dag.py:2690} INFO - Sync 1 DAGs
[2023-03-12T07:34:47.812+0000] {logging_mixin.py:137} INFO - [2023-03-12T07:34:47.811+0000] {dag.py:3437} INFO - Setting next_dagrun for example_sensors to None, run_after=None
[2023-03-12T07:34:47.837+0000] {processor.py:175} INFO - Processing /home/melicharovykrecek/venv/lib/python3.9/site-packages/airflow/example_dags/example_sensors.py took 0.106 seconds
[2023-03-12T07:35:35.005+0000] {processor.py:153} INFO - Started process (PID=1838) to work on /home/melicharovykrecek/venv/lib/python3.9/site-packages/airflow/example_dags/example_sensors.py
[2023-03-12T07:35:35.007+0000] {processor.py:743} INFO - Processing file /home/melicharovykrecek/venv/lib/python3.9/site-packages/airflow/example_dags/example_sensors.py for tasks to queue
[2023-03-12T07:35:35.008+0000] {logging_mixin.py:137} INFO - [2023-03-12T07:35:35.008+0000] {dagbag.py:538} INFO - Filling up the DagBag from /home/melicharovykrecek/venv/lib/python3.9/site-packages/airflow/example_dags/example_sensors.py
[2023-03-12T07:35:35.034+0000] {processor.py:753} INFO - DAG(s) dict_keys(['example_sensors']) retrieved from /home/melicharovykrecek/venv/lib/python3.9/site-packages/airflow/example_dags/example_sensors.py
[2023-03-12T07:35:35.063+0000] {logging_mixin.py:137} INFO - [2023-03-12T07:35:35.062+0000] {dag.py:2690} INFO - Sync 1 DAGs
[2023-03-12T07:35:35.087+0000] {logging_mixin.py:137} INFO - [2023-03-12T07:35:35.087+0000] {dag.py:3437} INFO - Setting next_dagrun for example_sensors to None, run_after=None
[2023-03-12T07:35:35.113+0000] {processor.py:175} INFO - Processing /home/melicharovykrecek/venv/lib/python3.9/site-packages/airflow/example_dags/example_sensors.py took 0.113 seconds
[2023-03-12T07:36:14.493+0000] {processor.py:153} INFO - Started process (PID=1900) to work on /home/melicharovykrecek/venv/lib/python3.9/site-packages/airflow/example_dags/example_sensors.py
[2023-03-12T07:36:14.495+0000] {processor.py:743} INFO - Processing file /home/melicharovykrecek/venv/lib/python3.9/site-packages/airflow/example_dags/example_sensors.py for tasks to queue
[2023-03-12T07:36:14.496+0000] {logging_mixin.py:137} INFO - [2023-03-12T07:36:14.496+0000] {dagbag.py:538} INFO - Filling up the DagBag from /home/melicharovykrecek/venv/lib/python3.9/site-packages/airflow/example_dags/example_sensors.py
[2023-03-12T07:36:14.523+0000] {processor.py:753} INFO - DAG(s) dict_keys(['example_sensors']) retrieved from /home/melicharovykrecek/venv/lib/python3.9/site-packages/airflow/example_dags/example_sensors.py
[2023-03-12T07:36:14.552+0000] {logging_mixin.py:137} INFO - [2023-03-12T07:36:14.551+0000] {dag.py:2690} INFO - Sync 1 DAGs
[2023-03-12T07:36:14.576+0000] {logging_mixin.py:137} INFO - [2023-03-12T07:36:14.576+0000] {dag.py:3437} INFO - Setting next_dagrun for example_sensors to None, run_after=None
[2023-03-12T07:36:14.606+0000] {processor.py:175} INFO - Processing /home/melicharovykrecek/venv/lib/python3.9/site-packages/airflow/example_dags/example_sensors.py took 0.118 seconds
[2023-03-12T07:37:03.559+0000] {processor.py:153} INFO - Started process (PID=1946) to work on /home/melicharovykrecek/venv/lib/python3.9/site-packages/airflow/example_dags/example_sensors.py
[2023-03-12T07:37:03.561+0000] {processor.py:743} INFO - Processing file /home/melicharovykrecek/venv/lib/python3.9/site-packages/airflow/example_dags/example_sensors.py for tasks to queue
[2023-03-12T07:37:03.562+0000] {logging_mixin.py:137} INFO - [2023-03-12T07:37:03.562+0000] {dagbag.py:538} INFO - Filling up the DagBag from /home/melicharovykrecek/venv/lib/python3.9/site-packages/airflow/example_dags/example_sensors.py
[2023-03-12T07:37:03.588+0000] {processor.py:753} INFO - DAG(s) dict_keys(['example_sensors']) retrieved from /home/melicharovykrecek/venv/lib/python3.9/site-packages/airflow/example_dags/example_sensors.py
[2023-03-12T07:37:03.616+0000] {logging_mixin.py:137} INFO - [2023-03-12T07:37:03.615+0000] {dag.py:2690} INFO - Sync 1 DAGs
[2023-03-12T07:37:03.641+0000] {logging_mixin.py:137} INFO - [2023-03-12T07:37:03.640+0000] {dag.py:3437} INFO - Setting next_dagrun for example_sensors to None, run_after=None
[2023-03-12T07:37:03.671+0000] {processor.py:175} INFO - Processing /home/melicharovykrecek/venv/lib/python3.9/site-packages/airflow/example_dags/example_sensors.py took 0.117 seconds
[2023-03-12T07:37:48.284+0000] {processor.py:153} INFO - Started process (PID=1994) to work on /home/melicharovykrecek/venv/lib/python3.9/site-packages/airflow/example_dags/example_sensors.py
[2023-03-12T07:37:48.287+0000] {processor.py:743} INFO - Processing file /home/melicharovykrecek/venv/lib/python3.9/site-packages/airflow/example_dags/example_sensors.py for tasks to queue
[2023-03-12T07:37:48.288+0000] {logging_mixin.py:137} INFO - [2023-03-12T07:37:48.287+0000] {dagbag.py:538} INFO - Filling up the DagBag from /home/melicharovykrecek/venv/lib/python3.9/site-packages/airflow/example_dags/example_sensors.py
[2023-03-12T07:37:48.312+0000] {processor.py:753} INFO - DAG(s) dict_keys(['example_sensors']) retrieved from /home/melicharovykrecek/venv/lib/python3.9/site-packages/airflow/example_dags/example_sensors.py
[2023-03-12T07:37:48.339+0000] {logging_mixin.py:137} INFO - [2023-03-12T07:37:48.339+0000] {dag.py:2690} INFO - Sync 1 DAGs
[2023-03-12T07:37:48.363+0000] {logging_mixin.py:137} INFO - [2023-03-12T07:37:48.363+0000] {dag.py:3437} INFO - Setting next_dagrun for example_sensors to None, run_after=None
[2023-03-12T07:37:48.389+0000] {processor.py:175} INFO - Processing /home/melicharovykrecek/venv/lib/python3.9/site-packages/airflow/example_dags/example_sensors.py took 0.110 seconds
[2023-03-12T07:38:27.237+0000] {processor.py:153} INFO - Started process (PID=2033) to work on /home/melicharovykrecek/venv/lib/python3.9/site-packages/airflow/example_dags/example_sensors.py
[2023-03-12T07:38:27.239+0000] {processor.py:743} INFO - Processing file /home/melicharovykrecek/venv/lib/python3.9/site-packages/airflow/example_dags/example_sensors.py for tasks to queue
[2023-03-12T07:38:27.240+0000] {logging_mixin.py:137} INFO - [2023-03-12T07:38:27.240+0000] {dagbag.py:538} INFO - Filling up the DagBag from /home/melicharovykrecek/venv/lib/python3.9/site-packages/airflow/example_dags/example_sensors.py
[2023-03-12T07:38:27.266+0000] {processor.py:753} INFO - DAG(s) dict_keys(['example_sensors']) retrieved from /home/melicharovykrecek/venv/lib/python3.9/site-packages/airflow/example_dags/example_sensors.py
[2023-03-12T07:38:27.293+0000] {logging_mixin.py:137} INFO - [2023-03-12T07:38:27.293+0000] {dag.py:2690} INFO - Sync 1 DAGs
[2023-03-12T07:38:27.316+0000] {logging_mixin.py:137} INFO - [2023-03-12T07:38:27.316+0000] {dag.py:3437} INFO - Setting next_dagrun for example_sensors to None, run_after=None
[2023-03-12T07:38:27.342+0000] {processor.py:175} INFO - Processing /home/melicharovykrecek/venv/lib/python3.9/site-packages/airflow/example_dags/example_sensors.py took 0.110 seconds
[2023-03-12T07:39:16.388+0000] {processor.py:153} INFO - Started process (PID=2090) to work on /home/melicharovykrecek/venv/lib/python3.9/site-packages/airflow/example_dags/example_sensors.py
[2023-03-12T07:39:16.390+0000] {processor.py:743} INFO - Processing file /home/melicharovykrecek/venv/lib/python3.9/site-packages/airflow/example_dags/example_sensors.py for tasks to queue
[2023-03-12T07:39:16.391+0000] {logging_mixin.py:137} INFO - [2023-03-12T07:39:16.391+0000] {dagbag.py:538} INFO - Filling up the DagBag from /home/melicharovykrecek/venv/lib/python3.9/site-packages/airflow/example_dags/example_sensors.py
[2023-03-12T07:39:16.414+0000] {processor.py:753} INFO - DAG(s) dict_keys(['example_sensors']) retrieved from /home/melicharovykrecek/venv/lib/python3.9/site-packages/airflow/example_dags/example_sensors.py
[2023-03-12T07:39:16.442+0000] {logging_mixin.py:137} INFO - [2023-03-12T07:39:16.442+0000] {dag.py:2690} INFO - Sync 1 DAGs
[2023-03-12T07:39:16.467+0000] {logging_mixin.py:137} INFO - [2023-03-12T07:39:16.466+0000] {dag.py:3437} INFO - Setting next_dagrun for example_sensors to None, run_after=None
[2023-03-12T07:39:16.493+0000] {processor.py:175} INFO - Processing /home/melicharovykrecek/venv/lib/python3.9/site-packages/airflow/example_dags/example_sensors.py took 0.111 seconds
[2023-03-12T07:40:02.300+0000] {processor.py:153} INFO - Started process (PID=2147) to work on /home/melicharovykrecek/venv/lib/python3.9/site-packages/airflow/example_dags/example_sensors.py
[2023-03-12T07:40:02.303+0000] {processor.py:743} INFO - Processing file /home/melicharovykrecek/venv/lib/python3.9/site-packages/airflow/example_dags/example_sensors.py for tasks to queue
[2023-03-12T07:40:02.304+0000] {logging_mixin.py:137} INFO - [2023-03-12T07:40:02.303+0000] {dagbag.py:538} INFO - Filling up the DagBag from /home/melicharovykrecek/venv/lib/python3.9/site-packages/airflow/example_dags/example_sensors.py
[2023-03-12T07:40:02.331+0000] {processor.py:753} INFO - DAG(s) dict_keys(['example_sensors']) retrieved from /home/melicharovykrecek/venv/lib/python3.9/site-packages/airflow/example_dags/example_sensors.py
[2023-03-12T07:40:02.364+0000] {logging_mixin.py:137} INFO - [2023-03-12T07:40:02.363+0000] {dag.py:2690} INFO - Sync 1 DAGs
[2023-03-12T07:40:02.390+0000] {logging_mixin.py:137} INFO - [2023-03-12T07:40:02.390+0000] {dag.py:3437} INFO - Setting next_dagrun for example_sensors to None, run_after=None
[2023-03-12T07:40:02.421+0000] {processor.py:175} INFO - Processing /home/melicharovykrecek/venv/lib/python3.9/site-packages/airflow/example_dags/example_sensors.py took 0.126 seconds
[2023-03-12T07:40:49.031+0000] {processor.py:153} INFO - Started process (PID=2219) to work on /home/melicharovykrecek/venv/lib/python3.9/site-packages/airflow/example_dags/example_sensors.py
[2023-03-12T07:40:49.033+0000] {processor.py:743} INFO - Processing file /home/melicharovykrecek/venv/lib/python3.9/site-packages/airflow/example_dags/example_sensors.py for tasks to queue
[2023-03-12T07:40:49.034+0000] {logging_mixin.py:137} INFO - [2023-03-12T07:40:49.034+0000] {dagbag.py:538} INFO - Filling up the DagBag from /home/melicharovykrecek/venv/lib/python3.9/site-packages/airflow/example_dags/example_sensors.py
[2023-03-12T07:40:49.058+0000] {processor.py:753} INFO - DAG(s) dict_keys(['example_sensors']) retrieved from /home/melicharovykrecek/venv/lib/python3.9/site-packages/airflow/example_dags/example_sensors.py
[2023-03-12T07:40:49.086+0000] {logging_mixin.py:137} INFO - [2023-03-12T07:40:49.085+0000] {dag.py:2690} INFO - Sync 1 DAGs
[2023-03-12T07:40:49.109+0000] {logging_mixin.py:137} INFO - [2023-03-12T07:40:49.109+0000] {dag.py:3437} INFO - Setting next_dagrun for example_sensors to None, run_after=None
[2023-03-12T07:40:49.138+0000] {processor.py:175} INFO - Processing /home/melicharovykrecek/venv/lib/python3.9/site-packages/airflow/example_dags/example_sensors.py took 0.111 seconds
[2023-03-12T07:41:27.461+0000] {processor.py:153} INFO - Started process (PID=2272) to work on /home/melicharovykrecek/venv/lib/python3.9/site-packages/airflow/example_dags/example_sensors.py
[2023-03-12T07:41:27.463+0000] {processor.py:743} INFO - Processing file /home/melicharovykrecek/venv/lib/python3.9/site-packages/airflow/example_dags/example_sensors.py for tasks to queue
[2023-03-12T07:41:27.465+0000] {logging_mixin.py:137} INFO - [2023-03-12T07:41:27.465+0000] {dagbag.py:538} INFO - Filling up the DagBag from /home/melicharovykrecek/venv/lib/python3.9/site-packages/airflow/example_dags/example_sensors.py
[2023-03-12T07:41:27.489+0000] {processor.py:753} INFO - DAG(s) dict_keys(['example_sensors']) retrieved from /home/melicharovykrecek/venv/lib/python3.9/site-packages/airflow/example_dags/example_sensors.py
[2023-03-12T07:41:27.517+0000] {logging_mixin.py:137} INFO - [2023-03-12T07:41:27.516+0000] {dag.py:2690} INFO - Sync 1 DAGs
[2023-03-12T07:41:27.540+0000] {logging_mixin.py:137} INFO - [2023-03-12T07:41:27.540+0000] {dag.py:3437} INFO - Setting next_dagrun for example_sensors to None, run_after=None
[2023-03-12T07:41:27.569+0000] {processor.py:175} INFO - Processing /home/melicharovykrecek/venv/lib/python3.9/site-packages/airflow/example_dags/example_sensors.py took 0.114 seconds
[2023-03-12T07:42:10.840+0000] {processor.py:153} INFO - Started process (PID=2316) to work on /home/melicharovykrecek/venv/lib/python3.9/site-packages/airflow/example_dags/example_sensors.py
[2023-03-12T07:42:10.841+0000] {processor.py:743} INFO - Processing file /home/melicharovykrecek/venv/lib/python3.9/site-packages/airflow/example_dags/example_sensors.py for tasks to queue
[2023-03-12T07:42:10.842+0000] {logging_mixin.py:137} INFO - [2023-03-12T07:42:10.842+0000] {dagbag.py:538} INFO - Filling up the DagBag from /home/melicharovykrecek/venv/lib/python3.9/site-packages/airflow/example_dags/example_sensors.py
[2023-03-12T07:42:10.867+0000] {processor.py:753} INFO - DAG(s) dict_keys(['example_sensors']) retrieved from /home/melicharovykrecek/venv/lib/python3.9/site-packages/airflow/example_dags/example_sensors.py
[2023-03-12T07:42:10.895+0000] {logging_mixin.py:137} INFO - [2023-03-12T07:42:10.894+0000] {dag.py:2690} INFO - Sync 1 DAGs
[2023-03-12T07:42:10.920+0000] {logging_mixin.py:137} INFO - [2023-03-12T07:42:10.920+0000] {dag.py:3437} INFO - Setting next_dagrun for example_sensors to None, run_after=None
[2023-03-12T07:42:10.947+0000] {processor.py:175} INFO - Processing /home/melicharovykrecek/venv/lib/python3.9/site-packages/airflow/example_dags/example_sensors.py took 0.112 seconds
[2023-03-12T07:42:56.765+0000] {processor.py:153} INFO - Started process (PID=2360) to work on /home/melicharovykrecek/venv/lib/python3.9/site-packages/airflow/example_dags/example_sensors.py
[2023-03-12T07:42:56.768+0000] {processor.py:743} INFO - Processing file /home/melicharovykrecek/venv/lib/python3.9/site-packages/airflow/example_dags/example_sensors.py for tasks to queue
[2023-03-12T07:42:56.769+0000] {logging_mixin.py:137} INFO - [2023-03-12T07:42:56.768+0000] {dagbag.py:538} INFO - Filling up the DagBag from /home/melicharovykrecek/venv/lib/python3.9/site-packages/airflow/example_dags/example_sensors.py
[2023-03-12T07:42:56.795+0000] {processor.py:753} INFO - DAG(s) dict_keys(['example_sensors']) retrieved from /home/melicharovykrecek/venv/lib/python3.9/site-packages/airflow/example_dags/example_sensors.py
[2023-03-12T07:42:56.824+0000] {logging_mixin.py:137} INFO - [2023-03-12T07:42:56.824+0000] {dag.py:2690} INFO - Sync 1 DAGs
[2023-03-12T07:42:56.850+0000] {logging_mixin.py:137} INFO - [2023-03-12T07:42:56.850+0000] {dag.py:3437} INFO - Setting next_dagrun for example_sensors to None, run_after=None
[2023-03-12T07:42:56.880+0000] {processor.py:175} INFO - Processing /home/melicharovykrecek/venv/lib/python3.9/site-packages/airflow/example_dags/example_sensors.py took 0.120 seconds
[2023-03-12T07:43:32.758+0000] {processor.py:153} INFO - Started process (PID=2403) to work on /home/melicharovykrecek/venv/lib/python3.9/site-packages/airflow/example_dags/example_sensors.py
[2023-03-12T07:43:32.761+0000] {processor.py:743} INFO - Processing file /home/melicharovykrecek/venv/lib/python3.9/site-packages/airflow/example_dags/example_sensors.py for tasks to queue
[2023-03-12T07:43:32.762+0000] {logging_mixin.py:137} INFO - [2023-03-12T07:43:32.761+0000] {dagbag.py:538} INFO - Filling up the DagBag from /home/melicharovykrecek/venv/lib/python3.9/site-packages/airflow/example_dags/example_sensors.py
[2023-03-12T07:43:32.786+0000] {processor.py:753} INFO - DAG(s) dict_keys(['example_sensors']) retrieved from /home/melicharovykrecek/venv/lib/python3.9/site-packages/airflow/example_dags/example_sensors.py
[2023-03-12T07:43:32.815+0000] {logging_mixin.py:137} INFO - [2023-03-12T07:43:32.814+0000] {dag.py:2690} INFO - Sync 1 DAGs
[2023-03-12T07:43:32.838+0000] {logging_mixin.py:137} INFO - [2023-03-12T07:43:32.837+0000] {dag.py:3437} INFO - Setting next_dagrun for example_sensors to None, run_after=None
[2023-03-12T07:43:32.864+0000] {processor.py:175} INFO - Processing /home/melicharovykrecek/venv/lib/python3.9/site-packages/airflow/example_dags/example_sensors.py took 0.110 seconds
[2023-03-12T07:44:12.760+0000] {processor.py:153} INFO - Started process (PID=2455) to work on /home/melicharovykrecek/venv/lib/python3.9/site-packages/airflow/example_dags/example_sensors.py
[2023-03-12T07:44:12.762+0000] {processor.py:743} INFO - Processing file /home/melicharovykrecek/venv/lib/python3.9/site-packages/airflow/example_dags/example_sensors.py for tasks to queue
[2023-03-12T07:44:12.763+0000] {logging_mixin.py:137} INFO - [2023-03-12T07:44:12.763+0000] {dagbag.py:538} INFO - Filling up the DagBag from /home/melicharovykrecek/venv/lib/python3.9/site-packages/airflow/example_dags/example_sensors.py
[2023-03-12T07:44:12.789+0000] {processor.py:753} INFO - DAG(s) dict_keys(['example_sensors']) retrieved from /home/melicharovykrecek/venv/lib/python3.9/site-packages/airflow/example_dags/example_sensors.py
[2023-03-12T07:44:12.816+0000] {logging_mixin.py:137} INFO - [2023-03-12T07:44:12.816+0000] {dag.py:2690} INFO - Sync 1 DAGs
[2023-03-12T07:44:12.840+0000] {logging_mixin.py:137} INFO - [2023-03-12T07:44:12.839+0000] {dag.py:3437} INFO - Setting next_dagrun for example_sensors to None, run_after=None
[2023-03-12T07:44:12.865+0000] {processor.py:175} INFO - Processing /home/melicharovykrecek/venv/lib/python3.9/site-packages/airflow/example_dags/example_sensors.py took 0.110 seconds
[2023-03-12T07:44:50.602+0000] {processor.py:153} INFO - Started process (PID=2495) to work on /home/melicharovykrecek/venv/lib/python3.9/site-packages/airflow/example_dags/example_sensors.py
[2023-03-12T07:44:50.603+0000] {processor.py:743} INFO - Processing file /home/melicharovykrecek/venv/lib/python3.9/site-packages/airflow/example_dags/example_sensors.py for tasks to queue
[2023-03-12T07:44:50.604+0000] {logging_mixin.py:137} INFO - [2023-03-12T07:44:50.604+0000] {dagbag.py:538} INFO - Filling up the DagBag from /home/melicharovykrecek/venv/lib/python3.9/site-packages/airflow/example_dags/example_sensors.py
[2023-03-12T07:44:50.630+0000] {processor.py:753} INFO - DAG(s) dict_keys(['example_sensors']) retrieved from /home/melicharovykrecek/venv/lib/python3.9/site-packages/airflow/example_dags/example_sensors.py
[2023-03-12T07:44:50.659+0000] {logging_mixin.py:137} INFO - [2023-03-12T07:44:50.659+0000] {dag.py:2690} INFO - Sync 1 DAGs
[2023-03-12T07:44:50.683+0000] {logging_mixin.py:137} INFO - [2023-03-12T07:44:50.683+0000] {dag.py:3437} INFO - Setting next_dagrun for example_sensors to None, run_after=None
[2023-03-12T07:44:50.710+0000] {processor.py:175} INFO - Processing /home/melicharovykrecek/venv/lib/python3.9/site-packages/airflow/example_dags/example_sensors.py took 0.113 seconds
[2023-03-12T07:45:35.284+0000] {processor.py:153} INFO - Started process (PID=2602) to work on /home/melicharovykrecek/venv/lib/python3.9/site-packages/airflow/example_dags/example_sensors.py
[2023-03-12T07:45:35.286+0000] {processor.py:743} INFO - Processing file /home/melicharovykrecek/venv/lib/python3.9/site-packages/airflow/example_dags/example_sensors.py for tasks to queue
[2023-03-12T07:45:35.287+0000] {logging_mixin.py:137} INFO - [2023-03-12T07:45:35.287+0000] {dagbag.py:538} INFO - Filling up the DagBag from /home/melicharovykrecek/venv/lib/python3.9/site-packages/airflow/example_dags/example_sensors.py
[2023-03-12T07:45:35.312+0000] {processor.py:753} INFO - DAG(s) dict_keys(['example_sensors']) retrieved from /home/melicharovykrecek/venv/lib/python3.9/site-packages/airflow/example_dags/example_sensors.py
[2023-03-12T07:45:35.341+0000] {logging_mixin.py:137} INFO - [2023-03-12T07:45:35.340+0000] {dag.py:2690} INFO - Sync 1 DAGs
[2023-03-12T07:45:35.366+0000] {logging_mixin.py:137} INFO - [2023-03-12T07:45:35.366+0000] {dag.py:3437} INFO - Setting next_dagrun for example_sensors to None, run_after=None
[2023-03-12T07:45:35.394+0000] {processor.py:175} INFO - Processing /home/melicharovykrecek/venv/lib/python3.9/site-packages/airflow/example_dags/example_sensors.py took 0.115 seconds
[2023-03-12T07:46:23.822+0000] {processor.py:153} INFO - Started process (PID=2652) to work on /home/melicharovykrecek/venv/lib/python3.9/site-packages/airflow/example_dags/example_sensors.py
[2023-03-12T07:46:23.824+0000] {processor.py:743} INFO - Processing file /home/melicharovykrecek/venv/lib/python3.9/site-packages/airflow/example_dags/example_sensors.py for tasks to queue
[2023-03-12T07:46:23.825+0000] {logging_mixin.py:137} INFO - [2023-03-12T07:46:23.825+0000] {dagbag.py:538} INFO - Filling up the DagBag from /home/melicharovykrecek/venv/lib/python3.9/site-packages/airflow/example_dags/example_sensors.py
[2023-03-12T07:46:23.851+0000] {processor.py:753} INFO - DAG(s) dict_keys(['example_sensors']) retrieved from /home/melicharovykrecek/venv/lib/python3.9/site-packages/airflow/example_dags/example_sensors.py
[2023-03-12T07:46:23.880+0000] {logging_mixin.py:137} INFO - [2023-03-12T07:46:23.880+0000] {dag.py:2690} INFO - Sync 1 DAGs
[2023-03-12T07:46:23.907+0000] {logging_mixin.py:137} INFO - [2023-03-12T07:46:23.906+0000] {dag.py:3437} INFO - Setting next_dagrun for example_sensors to None, run_after=None
[2023-03-12T07:46:23.934+0000] {processor.py:175} INFO - Processing /home/melicharovykrecek/venv/lib/python3.9/site-packages/airflow/example_dags/example_sensors.py took 0.117 seconds
[2023-03-12T07:47:00.184+0000] {processor.py:153} INFO - Started process (PID=2698) to work on /home/melicharovykrecek/venv/lib/python3.9/site-packages/airflow/example_dags/example_sensors.py
[2023-03-12T07:47:00.186+0000] {processor.py:743} INFO - Processing file /home/melicharovykrecek/venv/lib/python3.9/site-packages/airflow/example_dags/example_sensors.py for tasks to queue
[2023-03-12T07:47:00.187+0000] {logging_mixin.py:137} INFO - [2023-03-12T07:47:00.187+0000] {dagbag.py:538} INFO - Filling up the DagBag from /home/melicharovykrecek/venv/lib/python3.9/site-packages/airflow/example_dags/example_sensors.py
[2023-03-12T07:47:00.211+0000] {processor.py:753} INFO - DAG(s) dict_keys(['example_sensors']) retrieved from /home/melicharovykrecek/venv/lib/python3.9/site-packages/airflow/example_dags/example_sensors.py
[2023-03-12T07:47:00.239+0000] {logging_mixin.py:137} INFO - [2023-03-12T07:47:00.239+0000] {dag.py:2690} INFO - Sync 1 DAGs
[2023-03-12T07:47:00.263+0000] {logging_mixin.py:137} INFO - [2023-03-12T07:47:00.263+0000] {dag.py:3437} INFO - Setting next_dagrun for example_sensors to None, run_after=None
[2023-03-12T07:47:00.290+0000] {processor.py:175} INFO - Processing /home/melicharovykrecek/venv/lib/python3.9/site-packages/airflow/example_dags/example_sensors.py took 0.110 seconds
[2023-03-12T07:47:46.982+0000] {processor.py:153} INFO - Started process (PID=2745) to work on /home/melicharovykrecek/venv/lib/python3.9/site-packages/airflow/example_dags/example_sensors.py
[2023-03-12T07:47:46.984+0000] {processor.py:743} INFO - Processing file /home/melicharovykrecek/venv/lib/python3.9/site-packages/airflow/example_dags/example_sensors.py for tasks to queue
[2023-03-12T07:47:46.985+0000] {logging_mixin.py:137} INFO - [2023-03-12T07:47:46.985+0000] {dagbag.py:538} INFO - Filling up the DagBag from /home/melicharovykrecek/venv/lib/python3.9/site-packages/airflow/example_dags/example_sensors.py
[2023-03-12T07:47:47.011+0000] {processor.py:753} INFO - DAG(s) dict_keys(['example_sensors']) retrieved from /home/melicharovykrecek/venv/lib/python3.9/site-packages/airflow/example_dags/example_sensors.py
[2023-03-12T07:47:47.039+0000] {logging_mixin.py:137} INFO - [2023-03-12T07:47:47.039+0000] {dag.py:2690} INFO - Sync 1 DAGs
[2023-03-12T07:47:47.065+0000] {logging_mixin.py:137} INFO - [2023-03-12T07:47:47.064+0000] {dag.py:3437} INFO - Setting next_dagrun for example_sensors to None, run_after=None
[2023-03-12T07:47:47.094+0000] {processor.py:175} INFO - Processing /home/melicharovykrecek/venv/lib/python3.9/site-packages/airflow/example_dags/example_sensors.py took 0.116 seconds
[2023-03-12T07:48:31.069+0000] {processor.py:153} INFO - Started process (PID=2789) to work on /home/melicharovykrecek/venv/lib/python3.9/site-packages/airflow/example_dags/example_sensors.py
[2023-03-12T07:48:31.071+0000] {processor.py:743} INFO - Processing file /home/melicharovykrecek/venv/lib/python3.9/site-packages/airflow/example_dags/example_sensors.py for tasks to queue
[2023-03-12T07:48:31.072+0000] {logging_mixin.py:137} INFO - [2023-03-12T07:48:31.072+0000] {dagbag.py:538} INFO - Filling up the DagBag from /home/melicharovykrecek/venv/lib/python3.9/site-packages/airflow/example_dags/example_sensors.py
[2023-03-12T07:48:31.098+0000] {processor.py:753} INFO - DAG(s) dict_keys(['example_sensors']) retrieved from /home/melicharovykrecek/venv/lib/python3.9/site-packages/airflow/example_dags/example_sensors.py
[2023-03-12T07:48:31.128+0000] {logging_mixin.py:137} INFO - [2023-03-12T07:48:31.128+0000] {dag.py:2690} INFO - Sync 1 DAGs
[2023-03-12T07:48:31.152+0000] {logging_mixin.py:137} INFO - [2023-03-12T07:48:31.152+0000] {dag.py:3437} INFO - Setting next_dagrun for example_sensors to None, run_after=None
[2023-03-12T07:48:31.181+0000] {processor.py:175} INFO - Processing /home/melicharovykrecek/venv/lib/python3.9/site-packages/airflow/example_dags/example_sensors.py took 0.116 seconds
[2023-03-12T07:49:15.506+0000] {processor.py:153} INFO - Started process (PID=2831) to work on /home/melicharovykrecek/venv/lib/python3.9/site-packages/airflow/example_dags/example_sensors.py
[2023-03-12T07:49:15.508+0000] {processor.py:743} INFO - Processing file /home/melicharovykrecek/venv/lib/python3.9/site-packages/airflow/example_dags/example_sensors.py for tasks to queue
[2023-03-12T07:49:15.509+0000] {logging_mixin.py:137} INFO - [2023-03-12T07:49:15.508+0000] {dagbag.py:538} INFO - Filling up the DagBag from /home/melicharovykrecek/venv/lib/python3.9/site-packages/airflow/example_dags/example_sensors.py
[2023-03-12T07:49:15.534+0000] {processor.py:753} INFO - DAG(s) dict_keys(['example_sensors']) retrieved from /home/melicharovykrecek/venv/lib/python3.9/site-packages/airflow/example_dags/example_sensors.py
[2023-03-12T07:49:15.562+0000] {logging_mixin.py:137} INFO - [2023-03-12T07:49:15.562+0000] {dag.py:2690} INFO - Sync 1 DAGs
[2023-03-12T07:49:15.588+0000] {logging_mixin.py:137} INFO - [2023-03-12T07:49:15.587+0000] {dag.py:3437} INFO - Setting next_dagrun for example_sensors to None, run_after=None
[2023-03-12T07:49:15.616+0000] {processor.py:175} INFO - Processing /home/melicharovykrecek/venv/lib/python3.9/site-packages/airflow/example_dags/example_sensors.py took 0.115 seconds
[2023-03-12T07:50:02.401+0000] {processor.py:153} INFO - Started process (PID=2877) to work on /home/melicharovykrecek/venv/lib/python3.9/site-packages/airflow/example_dags/example_sensors.py
[2023-03-12T07:50:02.404+0000] {processor.py:743} INFO - Processing file /home/melicharovykrecek/venv/lib/python3.9/site-packages/airflow/example_dags/example_sensors.py for tasks to queue
[2023-03-12T07:50:02.405+0000] {logging_mixin.py:137} INFO - [2023-03-12T07:50:02.405+0000] {dagbag.py:538} INFO - Filling up the DagBag from /home/melicharovykrecek/venv/lib/python3.9/site-packages/airflow/example_dags/example_sensors.py
[2023-03-12T07:50:02.433+0000] {processor.py:753} INFO - DAG(s) dict_keys(['example_sensors']) retrieved from /home/melicharovykrecek/venv/lib/python3.9/site-packages/airflow/example_dags/example_sensors.py
[2023-03-12T07:50:02.461+0000] {logging_mixin.py:137} INFO - [2023-03-12T07:50:02.461+0000] {dag.py:2690} INFO - Sync 1 DAGs
[2023-03-12T07:50:02.486+0000] {logging_mixin.py:137} INFO - [2023-03-12T07:50:02.486+0000] {dag.py:3437} INFO - Setting next_dagrun for example_sensors to None, run_after=None
[2023-03-12T07:50:02.513+0000] {processor.py:175} INFO - Processing /home/melicharovykrecek/venv/lib/python3.9/site-packages/airflow/example_dags/example_sensors.py took 0.117 seconds
[2023-03-12T07:50:42.109+0000] {processor.py:153} INFO - Started process (PID=2919) to work on /home/melicharovykrecek/venv/lib/python3.9/site-packages/airflow/example_dags/example_sensors.py
[2023-03-12T07:50:42.111+0000] {processor.py:743} INFO - Processing file /home/melicharovykrecek/venv/lib/python3.9/site-packages/airflow/example_dags/example_sensors.py for tasks to queue
[2023-03-12T07:50:42.112+0000] {logging_mixin.py:137} INFO - [2023-03-12T07:50:42.112+0000] {dagbag.py:538} INFO - Filling up the DagBag from /home/melicharovykrecek/venv/lib/python3.9/site-packages/airflow/example_dags/example_sensors.py
[2023-03-12T07:50:42.136+0000] {processor.py:753} INFO - DAG(s) dict_keys(['example_sensors']) retrieved from /home/melicharovykrecek/venv/lib/python3.9/site-packages/airflow/example_dags/example_sensors.py
[2023-03-12T07:50:42.164+0000] {logging_mixin.py:137} INFO - [2023-03-12T07:50:42.164+0000] {dag.py:2690} INFO - Sync 1 DAGs
[2023-03-12T07:50:42.187+0000] {logging_mixin.py:137} INFO - [2023-03-12T07:50:42.187+0000] {dag.py:3437} INFO - Setting next_dagrun for example_sensors to None, run_after=None
[2023-03-12T07:50:42.213+0000] {processor.py:175} INFO - Processing /home/melicharovykrecek/venv/lib/python3.9/site-packages/airflow/example_dags/example_sensors.py took 0.109 seconds
[2023-03-12T07:51:19.809+0000] {processor.py:153} INFO - Started process (PID=2961) to work on /home/melicharovykrecek/venv/lib/python3.9/site-packages/airflow/example_dags/example_sensors.py
[2023-03-12T07:51:19.811+0000] {processor.py:743} INFO - Processing file /home/melicharovykrecek/venv/lib/python3.9/site-packages/airflow/example_dags/example_sensors.py for tasks to queue
[2023-03-12T07:51:19.812+0000] {logging_mixin.py:137} INFO - [2023-03-12T07:51:19.812+0000] {dagbag.py:538} INFO - Filling up the DagBag from /home/melicharovykrecek/venv/lib/python3.9/site-packages/airflow/example_dags/example_sensors.py
[2023-03-12T07:51:19.837+0000] {processor.py:753} INFO - DAG(s) dict_keys(['example_sensors']) retrieved from /home/melicharovykrecek/venv/lib/python3.9/site-packages/airflow/example_dags/example_sensors.py
[2023-03-12T07:51:19.864+0000] {logging_mixin.py:137} INFO - [2023-03-12T07:51:19.864+0000] {dag.py:2690} INFO - Sync 1 DAGs
[2023-03-12T07:51:19.886+0000] {logging_mixin.py:137} INFO - [2023-03-12T07:51:19.886+0000] {dag.py:3437} INFO - Setting next_dagrun for example_sensors to None, run_after=None
[2023-03-12T07:51:19.913+0000] {processor.py:175} INFO - Processing /home/melicharovykrecek/venv/lib/python3.9/site-packages/airflow/example_dags/example_sensors.py took 0.108 seconds
[2023-03-12T07:51:58.159+0000] {processor.py:153} INFO - Started process (PID=2997) to work on /home/melicharovykrecek/venv/lib/python3.9/site-packages/airflow/example_dags/example_sensors.py
[2023-03-12T07:51:58.161+0000] {processor.py:743} INFO - Processing file /home/melicharovykrecek/venv/lib/python3.9/site-packages/airflow/example_dags/example_sensors.py for tasks to queue
[2023-03-12T07:51:58.162+0000] {logging_mixin.py:137} INFO - [2023-03-12T07:51:58.162+0000] {dagbag.py:538} INFO - Filling up the DagBag from /home/melicharovykrecek/venv/lib/python3.9/site-packages/airflow/example_dags/example_sensors.py
[2023-03-12T07:51:58.187+0000] {processor.py:753} INFO - DAG(s) dict_keys(['example_sensors']) retrieved from /home/melicharovykrecek/venv/lib/python3.9/site-packages/airflow/example_dags/example_sensors.py
[2023-03-12T07:51:58.214+0000] {logging_mixin.py:137} INFO - [2023-03-12T07:51:58.214+0000] {dag.py:2690} INFO - Sync 1 DAGs
[2023-03-12T07:51:58.238+0000] {logging_mixin.py:137} INFO - [2023-03-12T07:51:58.238+0000] {dag.py:3437} INFO - Setting next_dagrun for example_sensors to None, run_after=None
[2023-03-12T07:51:58.267+0000] {processor.py:175} INFO - Processing /home/melicharovykrecek/venv/lib/python3.9/site-packages/airflow/example_dags/example_sensors.py took 0.113 seconds
[2023-03-12T07:52:42.852+0000] {processor.py:153} INFO - Started process (PID=3042) to work on /home/melicharovykrecek/venv/lib/python3.9/site-packages/airflow/example_dags/example_sensors.py
[2023-03-12T07:52:42.854+0000] {processor.py:743} INFO - Processing file /home/melicharovykrecek/venv/lib/python3.9/site-packages/airflow/example_dags/example_sensors.py for tasks to queue
[2023-03-12T07:52:42.854+0000] {logging_mixin.py:137} INFO - [2023-03-12T07:52:42.854+0000] {dagbag.py:538} INFO - Filling up the DagBag from /home/melicharovykrecek/venv/lib/python3.9/site-packages/airflow/example_dags/example_sensors.py
[2023-03-12T07:52:42.877+0000] {processor.py:753} INFO - DAG(s) dict_keys(['example_sensors']) retrieved from /home/melicharovykrecek/venv/lib/python3.9/site-packages/airflow/example_dags/example_sensors.py
[2023-03-12T07:52:42.904+0000] {logging_mixin.py:137} INFO - [2023-03-12T07:52:42.904+0000] {dag.py:2690} INFO - Sync 1 DAGs
[2023-03-12T07:52:42.929+0000] {logging_mixin.py:137} INFO - [2023-03-12T07:52:42.928+0000] {dag.py:3437} INFO - Setting next_dagrun for example_sensors to None, run_after=None
[2023-03-12T07:52:42.955+0000] {processor.py:175} INFO - Processing /home/melicharovykrecek/venv/lib/python3.9/site-packages/airflow/example_dags/example_sensors.py took 0.108 seconds
[2023-03-12T07:53:25.975+0000] {processor.py:153} INFO - Started process (PID=3084) to work on /home/melicharovykrecek/venv/lib/python3.9/site-packages/airflow/example_dags/example_sensors.py
[2023-03-12T07:53:25.977+0000] {processor.py:743} INFO - Processing file /home/melicharovykrecek/venv/lib/python3.9/site-packages/airflow/example_dags/example_sensors.py for tasks to queue
[2023-03-12T07:53:25.978+0000] {logging_mixin.py:137} INFO - [2023-03-12T07:53:25.978+0000] {dagbag.py:538} INFO - Filling up the DagBag from /home/melicharovykrecek/venv/lib/python3.9/site-packages/airflow/example_dags/example_sensors.py
[2023-03-12T07:53:26.005+0000] {processor.py:753} INFO - DAG(s) dict_keys(['example_sensors']) retrieved from /home/melicharovykrecek/venv/lib/python3.9/site-packages/airflow/example_dags/example_sensors.py
[2023-03-12T07:53:26.035+0000] {logging_mixin.py:137} INFO - [2023-03-12T07:53:26.035+0000] {dag.py:2690} INFO - Sync 1 DAGs
[2023-03-12T07:53:26.060+0000] {logging_mixin.py:137} INFO - [2023-03-12T07:53:26.060+0000] {dag.py:3437} INFO - Setting next_dagrun for example_sensors to None, run_after=None
[2023-03-12T07:53:26.087+0000] {processor.py:175} INFO - Processing /home/melicharovykrecek/venv/lib/python3.9/site-packages/airflow/example_dags/example_sensors.py took 0.117 seconds
[2023-03-12T07:54:11.963+0000] {processor.py:153} INFO - Started process (PID=3128) to work on /home/melicharovykrecek/venv/lib/python3.9/site-packages/airflow/example_dags/example_sensors.py
[2023-03-12T07:54:11.965+0000] {processor.py:743} INFO - Processing file /home/melicharovykrecek/venv/lib/python3.9/site-packages/airflow/example_dags/example_sensors.py for tasks to queue
[2023-03-12T07:54:11.966+0000] {logging_mixin.py:137} INFO - [2023-03-12T07:54:11.966+0000] {dagbag.py:538} INFO - Filling up the DagBag from /home/melicharovykrecek/venv/lib/python3.9/site-packages/airflow/example_dags/example_sensors.py
[2023-03-12T07:54:11.990+0000] {processor.py:753} INFO - DAG(s) dict_keys(['example_sensors']) retrieved from /home/melicharovykrecek/venv/lib/python3.9/site-packages/airflow/example_dags/example_sensors.py
[2023-03-12T07:54:12.018+0000] {logging_mixin.py:137} INFO - [2023-03-12T07:54:12.018+0000] {dag.py:2690} INFO - Sync 1 DAGs
[2023-03-12T07:54:12.042+0000] {logging_mixin.py:137} INFO - [2023-03-12T07:54:12.042+0000] {dag.py:3437} INFO - Setting next_dagrun for example_sensors to None, run_after=None
[2023-03-12T07:54:12.071+0000] {processor.py:175} INFO - Processing /home/melicharovykrecek/venv/lib/python3.9/site-packages/airflow/example_dags/example_sensors.py took 0.112 seconds
[2023-03-12T07:54:58.190+0000] {processor.py:153} INFO - Started process (PID=3173) to work on /home/melicharovykrecek/venv/lib/python3.9/site-packages/airflow/example_dags/example_sensors.py
[2023-03-12T07:54:58.192+0000] {processor.py:743} INFO - Processing file /home/melicharovykrecek/venv/lib/python3.9/site-packages/airflow/example_dags/example_sensors.py for tasks to queue
[2023-03-12T07:54:58.193+0000] {logging_mixin.py:137} INFO - [2023-03-12T07:54:58.193+0000] {dagbag.py:538} INFO - Filling up the DagBag from /home/melicharovykrecek/venv/lib/python3.9/site-packages/airflow/example_dags/example_sensors.py
[2023-03-12T07:54:58.218+0000] {processor.py:753} INFO - DAG(s) dict_keys(['example_sensors']) retrieved from /home/melicharovykrecek/venv/lib/python3.9/site-packages/airflow/example_dags/example_sensors.py
[2023-03-12T07:54:58.246+0000] {logging_mixin.py:137} INFO - [2023-03-12T07:54:58.245+0000] {dag.py:2690} INFO - Sync 1 DAGs
[2023-03-12T07:54:58.269+0000] {logging_mixin.py:137} INFO - [2023-03-12T07:54:58.269+0000] {dag.py:3437} INFO - Setting next_dagrun for example_sensors to None, run_after=None
[2023-03-12T07:54:58.298+0000] {processor.py:175} INFO - Processing /home/melicharovykrecek/venv/lib/python3.9/site-packages/airflow/example_dags/example_sensors.py took 0.112 seconds
[2023-03-12T07:55:42.307+0000] {processor.py:153} INFO - Started process (PID=3216) to work on /home/melicharovykrecek/venv/lib/python3.9/site-packages/airflow/example_dags/example_sensors.py
[2023-03-12T07:55:42.309+0000] {processor.py:743} INFO - Processing file /home/melicharovykrecek/venv/lib/python3.9/site-packages/airflow/example_dags/example_sensors.py for tasks to queue
[2023-03-12T07:55:42.310+0000] {logging_mixin.py:137} INFO - [2023-03-12T07:55:42.310+0000] {dagbag.py:538} INFO - Filling up the DagBag from /home/melicharovykrecek/venv/lib/python3.9/site-packages/airflow/example_dags/example_sensors.py
[2023-03-12T07:55:42.335+0000] {processor.py:753} INFO - DAG(s) dict_keys(['example_sensors']) retrieved from /home/melicharovykrecek/venv/lib/python3.9/site-packages/airflow/example_dags/example_sensors.py
[2023-03-12T07:55:42.363+0000] {logging_mixin.py:137} INFO - [2023-03-12T07:55:42.362+0000] {dag.py:2690} INFO - Sync 1 DAGs
[2023-03-12T07:55:42.386+0000] {logging_mixin.py:137} INFO - [2023-03-12T07:55:42.386+0000] {dag.py:3437} INFO - Setting next_dagrun for example_sensors to None, run_after=None
[2023-03-12T07:55:42.418+0000] {processor.py:175} INFO - Processing /home/melicharovykrecek/venv/lib/python3.9/site-packages/airflow/example_dags/example_sensors.py took 0.116 seconds
[2023-03-12T07:56:28.346+0000] {processor.py:153} INFO - Started process (PID=3263) to work on /home/melicharovykrecek/venv/lib/python3.9/site-packages/airflow/example_dags/example_sensors.py
[2023-03-12T07:56:28.349+0000] {processor.py:743} INFO - Processing file /home/melicharovykrecek/venv/lib/python3.9/site-packages/airflow/example_dags/example_sensors.py for tasks to queue
[2023-03-12T07:56:28.350+0000] {logging_mixin.py:137} INFO - [2023-03-12T07:56:28.349+0000] {dagbag.py:538} INFO - Filling up the DagBag from /home/melicharovykrecek/venv/lib/python3.9/site-packages/airflow/example_dags/example_sensors.py
[2023-03-12T07:56:28.374+0000] {processor.py:753} INFO - DAG(s) dict_keys(['example_sensors']) retrieved from /home/melicharovykrecek/venv/lib/python3.9/site-packages/airflow/example_dags/example_sensors.py
[2023-03-12T07:56:28.402+0000] {logging_mixin.py:137} INFO - [2023-03-12T07:56:28.402+0000] {dag.py:2690} INFO - Sync 1 DAGs
[2023-03-12T07:56:28.428+0000] {logging_mixin.py:137} INFO - [2023-03-12T07:56:28.428+0000] {dag.py:3437} INFO - Setting next_dagrun for example_sensors to None, run_after=None
[2023-03-12T07:56:28.455+0000] {processor.py:175} INFO - Processing /home/melicharovykrecek/venv/lib/python3.9/site-packages/airflow/example_dags/example_sensors.py took 0.114 seconds
[2023-03-12T07:57:15.226+0000] {processor.py:153} INFO - Started process (PID=3308) to work on /home/melicharovykrecek/venv/lib/python3.9/site-packages/airflow/example_dags/example_sensors.py
[2023-03-12T07:57:15.229+0000] {processor.py:743} INFO - Processing file /home/melicharovykrecek/venv/lib/python3.9/site-packages/airflow/example_dags/example_sensors.py for tasks to queue
[2023-03-12T07:57:15.230+0000] {logging_mixin.py:137} INFO - [2023-03-12T07:57:15.229+0000] {dagbag.py:538} INFO - Filling up the DagBag from /home/melicharovykrecek/venv/lib/python3.9/site-packages/airflow/example_dags/example_sensors.py
[2023-03-12T07:57:15.255+0000] {processor.py:753} INFO - DAG(s) dict_keys(['example_sensors']) retrieved from /home/melicharovykrecek/venv/lib/python3.9/site-packages/airflow/example_dags/example_sensors.py
[2023-03-12T07:57:15.287+0000] {logging_mixin.py:137} INFO - [2023-03-12T07:57:15.287+0000] {dag.py:2690} INFO - Sync 1 DAGs
[2023-03-12T07:57:15.311+0000] {logging_mixin.py:137} INFO - [2023-03-12T07:57:15.311+0000] {dag.py:3437} INFO - Setting next_dagrun for example_sensors to None, run_after=None
[2023-03-12T07:57:15.338+0000] {processor.py:175} INFO - Processing /home/melicharovykrecek/venv/lib/python3.9/site-packages/airflow/example_dags/example_sensors.py took 0.117 seconds
[2023-03-12T07:58:02.330+0000] {processor.py:153} INFO - Started process (PID=3353) to work on /home/melicharovykrecek/venv/lib/python3.9/site-packages/airflow/example_dags/example_sensors.py
[2023-03-12T07:58:02.332+0000] {processor.py:743} INFO - Processing file /home/melicharovykrecek/venv/lib/python3.9/site-packages/airflow/example_dags/example_sensors.py for tasks to queue
[2023-03-12T07:58:02.333+0000] {logging_mixin.py:137} INFO - [2023-03-12T07:58:02.333+0000] {dagbag.py:538} INFO - Filling up the DagBag from /home/melicharovykrecek/venv/lib/python3.9/site-packages/airflow/example_dags/example_sensors.py
[2023-03-12T07:58:02.357+0000] {processor.py:753} INFO - DAG(s) dict_keys(['example_sensors']) retrieved from /home/melicharovykrecek/venv/lib/python3.9/site-packages/airflow/example_dags/example_sensors.py
[2023-03-12T07:58:02.386+0000] {logging_mixin.py:137} INFO - [2023-03-12T07:58:02.386+0000] {dag.py:2690} INFO - Sync 1 DAGs
[2023-03-12T07:58:02.409+0000] {logging_mixin.py:137} INFO - [2023-03-12T07:58:02.409+0000] {dag.py:3437} INFO - Setting next_dagrun for example_sensors to None, run_after=None
[2023-03-12T07:58:02.437+0000] {processor.py:175} INFO - Processing /home/melicharovykrecek/venv/lib/python3.9/site-packages/airflow/example_dags/example_sensors.py took 0.112 seconds
[2023-03-12T07:58:40.593+0000] {processor.py:153} INFO - Started process (PID=3391) to work on /home/melicharovykrecek/venv/lib/python3.9/site-packages/airflow/example_dags/example_sensors.py
[2023-03-12T07:58:40.595+0000] {processor.py:743} INFO - Processing file /home/melicharovykrecek/venv/lib/python3.9/site-packages/airflow/example_dags/example_sensors.py for tasks to queue
[2023-03-12T07:58:40.596+0000] {logging_mixin.py:137} INFO - [2023-03-12T07:58:40.596+0000] {dagbag.py:538} INFO - Filling up the DagBag from /home/melicharovykrecek/venv/lib/python3.9/site-packages/airflow/example_dags/example_sensors.py
[2023-03-12T07:58:40.621+0000] {processor.py:753} INFO - DAG(s) dict_keys(['example_sensors']) retrieved from /home/melicharovykrecek/venv/lib/python3.9/site-packages/airflow/example_dags/example_sensors.py
[2023-03-12T07:58:40.649+0000] {logging_mixin.py:137} INFO - [2023-03-12T07:58:40.649+0000] {dag.py:2690} INFO - Sync 1 DAGs
[2023-03-12T07:58:40.672+0000] {logging_mixin.py:137} INFO - [2023-03-12T07:58:40.671+0000] {dag.py:3437} INFO - Setting next_dagrun for example_sensors to None, run_after=None
[2023-03-12T07:58:40.698+0000] {processor.py:175} INFO - Processing /home/melicharovykrecek/venv/lib/python3.9/site-packages/airflow/example_dags/example_sensors.py took 0.110 seconds
[2023-03-12T07:59:24.967+0000] {processor.py:153} INFO - Started process (PID=3435) to work on /home/melicharovykrecek/venv/lib/python3.9/site-packages/airflow/example_dags/example_sensors.py
[2023-03-12T07:59:24.970+0000] {processor.py:743} INFO - Processing file /home/melicharovykrecek/venv/lib/python3.9/site-packages/airflow/example_dags/example_sensors.py for tasks to queue
[2023-03-12T07:59:24.971+0000] {logging_mixin.py:137} INFO - [2023-03-12T07:59:24.970+0000] {dagbag.py:538} INFO - Filling up the DagBag from /home/melicharovykrecek/venv/lib/python3.9/site-packages/airflow/example_dags/example_sensors.py
[2023-03-12T07:59:24.996+0000] {processor.py:753} INFO - DAG(s) dict_keys(['example_sensors']) retrieved from /home/melicharovykrecek/venv/lib/python3.9/site-packages/airflow/example_dags/example_sensors.py
[2023-03-12T07:59:25.025+0000] {logging_mixin.py:137} INFO - [2023-03-12T07:59:25.024+0000] {dag.py:2690} INFO - Sync 1 DAGs
[2023-03-12T07:59:25.048+0000] {logging_mixin.py:137} INFO - [2023-03-12T07:59:25.048+0000] {dag.py:3437} INFO - Setting next_dagrun for example_sensors to None, run_after=None
[2023-03-12T07:59:25.079+0000] {processor.py:175} INFO - Processing /home/melicharovykrecek/venv/lib/python3.9/site-packages/airflow/example_dags/example_sensors.py took 0.117 seconds
[2023-03-12T08:00:13.432+0000] {processor.py:153} INFO - Started process (PID=3506) to work on /home/melicharovykrecek/venv/lib/python3.9/site-packages/airflow/example_dags/example_sensors.py
[2023-03-12T08:00:13.435+0000] {processor.py:743} INFO - Processing file /home/melicharovykrecek/venv/lib/python3.9/site-packages/airflow/example_dags/example_sensors.py for tasks to queue
[2023-03-12T08:00:13.436+0000] {logging_mixin.py:137} INFO - [2023-03-12T08:00:13.435+0000] {dagbag.py:538} INFO - Filling up the DagBag from /home/melicharovykrecek/venv/lib/python3.9/site-packages/airflow/example_dags/example_sensors.py
[2023-03-12T08:00:13.463+0000] {processor.py:753} INFO - DAG(s) dict_keys(['example_sensors']) retrieved from /home/melicharovykrecek/venv/lib/python3.9/site-packages/airflow/example_dags/example_sensors.py
[2023-03-12T08:00:13.494+0000] {logging_mixin.py:137} INFO - [2023-03-12T08:00:13.494+0000] {dag.py:2690} INFO - Sync 1 DAGs
[2023-03-12T08:00:13.520+0000] {logging_mixin.py:137} INFO - [2023-03-12T08:00:13.520+0000] {dag.py:3437} INFO - Setting next_dagrun for example_sensors to None, run_after=None
[2023-03-12T08:00:13.551+0000] {processor.py:175} INFO - Processing /home/melicharovykrecek/venv/lib/python3.9/site-packages/airflow/example_dags/example_sensors.py took 0.124 seconds
[2023-03-12T08:01:01.617+0000] {processor.py:153} INFO - Started process (PID=3560) to work on /home/melicharovykrecek/venv/lib/python3.9/site-packages/airflow/example_dags/example_sensors.py
[2023-03-12T08:01:01.619+0000] {processor.py:743} INFO - Processing file /home/melicharovykrecek/venv/lib/python3.9/site-packages/airflow/example_dags/example_sensors.py for tasks to queue
[2023-03-12T08:01:01.620+0000] {logging_mixin.py:137} INFO - [2023-03-12T08:01:01.620+0000] {dagbag.py:538} INFO - Filling up the DagBag from /home/melicharovykrecek/venv/lib/python3.9/site-packages/airflow/example_dags/example_sensors.py
[2023-03-12T08:01:01.645+0000] {processor.py:753} INFO - DAG(s) dict_keys(['example_sensors']) retrieved from /home/melicharovykrecek/venv/lib/python3.9/site-packages/airflow/example_dags/example_sensors.py
[2023-03-12T08:01:01.676+0000] {logging_mixin.py:137} INFO - [2023-03-12T08:01:01.676+0000] {dag.py:2690} INFO - Sync 1 DAGs
[2023-03-12T08:01:01.701+0000] {logging_mixin.py:137} INFO - [2023-03-12T08:01:01.701+0000] {dag.py:3437} INFO - Setting next_dagrun for example_sensors to None, run_after=None
[2023-03-12T08:01:01.728+0000] {processor.py:175} INFO - Processing /home/melicharovykrecek/venv/lib/python3.9/site-packages/airflow/example_dags/example_sensors.py took 0.116 seconds
[2023-03-12T08:01:48.939+0000] {processor.py:153} INFO - Started process (PID=3606) to work on /home/melicharovykrecek/venv/lib/python3.9/site-packages/airflow/example_dags/example_sensors.py
[2023-03-12T08:01:48.941+0000] {processor.py:743} INFO - Processing file /home/melicharovykrecek/venv/lib/python3.9/site-packages/airflow/example_dags/example_sensors.py for tasks to queue
[2023-03-12T08:01:48.942+0000] {logging_mixin.py:137} INFO - [2023-03-12T08:01:48.942+0000] {dagbag.py:538} INFO - Filling up the DagBag from /home/melicharovykrecek/venv/lib/python3.9/site-packages/airflow/example_dags/example_sensors.py
[2023-03-12T08:01:48.968+0000] {processor.py:753} INFO - DAG(s) dict_keys(['example_sensors']) retrieved from /home/melicharovykrecek/venv/lib/python3.9/site-packages/airflow/example_dags/example_sensors.py
[2023-03-12T08:01:48.997+0000] {logging_mixin.py:137} INFO - [2023-03-12T08:01:48.997+0000] {dag.py:2690} INFO - Sync 1 DAGs
[2023-03-12T08:01:49.021+0000] {logging_mixin.py:137} INFO - [2023-03-12T08:01:49.020+0000] {dag.py:3437} INFO - Setting next_dagrun for example_sensors to None, run_after=None
[2023-03-12T08:01:49.048+0000] {processor.py:175} INFO - Processing /home/melicharovykrecek/venv/lib/python3.9/site-packages/airflow/example_dags/example_sensors.py took 0.115 seconds
[2023-03-12T08:02:36.803+0000] {processor.py:153} INFO - Started process (PID=3653) to work on /home/melicharovykrecek/venv/lib/python3.9/site-packages/airflow/example_dags/example_sensors.py
[2023-03-12T08:02:36.805+0000] {processor.py:743} INFO - Processing file /home/melicharovykrecek/venv/lib/python3.9/site-packages/airflow/example_dags/example_sensors.py for tasks to queue
[2023-03-12T08:02:36.806+0000] {logging_mixin.py:137} INFO - [2023-03-12T08:02:36.806+0000] {dagbag.py:538} INFO - Filling up the DagBag from /home/melicharovykrecek/venv/lib/python3.9/site-packages/airflow/example_dags/example_sensors.py
[2023-03-12T08:02:36.833+0000] {processor.py:753} INFO - DAG(s) dict_keys(['example_sensors']) retrieved from /home/melicharovykrecek/venv/lib/python3.9/site-packages/airflow/example_dags/example_sensors.py
[2023-03-12T08:02:36.860+0000] {logging_mixin.py:137} INFO - [2023-03-12T08:02:36.860+0000] {dag.py:2690} INFO - Sync 1 DAGs
[2023-03-12T08:02:36.884+0000] {logging_mixin.py:137} INFO - [2023-03-12T08:02:36.884+0000] {dag.py:3437} INFO - Setting next_dagrun for example_sensors to None, run_after=None
[2023-03-12T08:02:36.912+0000] {processor.py:175} INFO - Processing /home/melicharovykrecek/venv/lib/python3.9/site-packages/airflow/example_dags/example_sensors.py took 0.115 seconds
[2023-03-12T08:03:23.721+0000] {processor.py:153} INFO - Started process (PID=3698) to work on /home/melicharovykrecek/venv/lib/python3.9/site-packages/airflow/example_dags/example_sensors.py
[2023-03-12T08:03:23.723+0000] {processor.py:743} INFO - Processing file /home/melicharovykrecek/venv/lib/python3.9/site-packages/airflow/example_dags/example_sensors.py for tasks to queue
[2023-03-12T08:03:23.724+0000] {logging_mixin.py:137} INFO - [2023-03-12T08:03:23.724+0000] {dagbag.py:538} INFO - Filling up the DagBag from /home/melicharovykrecek/venv/lib/python3.9/site-packages/airflow/example_dags/example_sensors.py
[2023-03-12T08:03:23.749+0000] {processor.py:753} INFO - DAG(s) dict_keys(['example_sensors']) retrieved from /home/melicharovykrecek/venv/lib/python3.9/site-packages/airflow/example_dags/example_sensors.py
[2023-03-12T08:03:23.776+0000] {logging_mixin.py:137} INFO - [2023-03-12T08:03:23.776+0000] {dag.py:2690} INFO - Sync 1 DAGs
[2023-03-12T08:03:23.804+0000] {logging_mixin.py:137} INFO - [2023-03-12T08:03:23.804+0000] {dag.py:3437} INFO - Setting next_dagrun for example_sensors to None, run_after=None
[2023-03-12T08:03:23.831+0000] {processor.py:175} INFO - Processing /home/melicharovykrecek/venv/lib/python3.9/site-packages/airflow/example_dags/example_sensors.py took 0.114 seconds
[2023-03-12T08:04:08.805+0000] {processor.py:153} INFO - Started process (PID=3742) to work on /home/melicharovykrecek/venv/lib/python3.9/site-packages/airflow/example_dags/example_sensors.py
[2023-03-12T08:04:08.808+0000] {processor.py:743} INFO - Processing file /home/melicharovykrecek/venv/lib/python3.9/site-packages/airflow/example_dags/example_sensors.py for tasks to queue
[2023-03-12T08:04:08.809+0000] {logging_mixin.py:137} INFO - [2023-03-12T08:04:08.808+0000] {dagbag.py:538} INFO - Filling up the DagBag from /home/melicharovykrecek/venv/lib/python3.9/site-packages/airflow/example_dags/example_sensors.py
[2023-03-12T08:04:08.835+0000] {processor.py:753} INFO - DAG(s) dict_keys(['example_sensors']) retrieved from /home/melicharovykrecek/venv/lib/python3.9/site-packages/airflow/example_dags/example_sensors.py
[2023-03-12T08:04:08.864+0000] {logging_mixin.py:137} INFO - [2023-03-12T08:04:08.864+0000] {dag.py:2690} INFO - Sync 1 DAGs
[2023-03-12T08:04:08.891+0000] {logging_mixin.py:137} INFO - [2023-03-12T08:04:08.891+0000] {dag.py:3437} INFO - Setting next_dagrun for example_sensors to None, run_after=None
[2023-03-12T08:04:08.921+0000] {processor.py:175} INFO - Processing /home/melicharovykrecek/venv/lib/python3.9/site-packages/airflow/example_dags/example_sensors.py took 0.120 seconds
[2023-03-12T08:04:53.799+0000] {processor.py:153} INFO - Started process (PID=3785) to work on /home/melicharovykrecek/venv/lib/python3.9/site-packages/airflow/example_dags/example_sensors.py
[2023-03-12T08:04:53.801+0000] {processor.py:743} INFO - Processing file /home/melicharovykrecek/venv/lib/python3.9/site-packages/airflow/example_dags/example_sensors.py for tasks to queue
[2023-03-12T08:04:53.802+0000] {logging_mixin.py:137} INFO - [2023-03-12T08:04:53.802+0000] {dagbag.py:538} INFO - Filling up the DagBag from /home/melicharovykrecek/venv/lib/python3.9/site-packages/airflow/example_dags/example_sensors.py
[2023-03-12T08:04:53.827+0000] {processor.py:753} INFO - DAG(s) dict_keys(['example_sensors']) retrieved from /home/melicharovykrecek/venv/lib/python3.9/site-packages/airflow/example_dags/example_sensors.py
[2023-03-12T08:04:53.856+0000] {logging_mixin.py:137} INFO - [2023-03-12T08:04:53.856+0000] {dag.py:2690} INFO - Sync 1 DAGs
[2023-03-12T08:04:53.882+0000] {logging_mixin.py:137} INFO - [2023-03-12T08:04:53.882+0000] {dag.py:3437} INFO - Setting next_dagrun for example_sensors to None, run_after=None
[2023-03-12T08:04:53.910+0000] {processor.py:175} INFO - Processing /home/melicharovykrecek/venv/lib/python3.9/site-packages/airflow/example_dags/example_sensors.py took 0.116 seconds
[2023-03-12T08:05:42.017+0000] {processor.py:153} INFO - Started process (PID=3832) to work on /home/melicharovykrecek/venv/lib/python3.9/site-packages/airflow/example_dags/example_sensors.py
[2023-03-12T08:05:42.019+0000] {processor.py:743} INFO - Processing file /home/melicharovykrecek/venv/lib/python3.9/site-packages/airflow/example_dags/example_sensors.py for tasks to queue
[2023-03-12T08:05:42.020+0000] {logging_mixin.py:137} INFO - [2023-03-12T08:05:42.020+0000] {dagbag.py:538} INFO - Filling up the DagBag from /home/melicharovykrecek/venv/lib/python3.9/site-packages/airflow/example_dags/example_sensors.py
[2023-03-12T08:05:42.044+0000] {processor.py:753} INFO - DAG(s) dict_keys(['example_sensors']) retrieved from /home/melicharovykrecek/venv/lib/python3.9/site-packages/airflow/example_dags/example_sensors.py
[2023-03-12T08:05:42.072+0000] {logging_mixin.py:137} INFO - [2023-03-12T08:05:42.072+0000] {dag.py:2690} INFO - Sync 1 DAGs
[2023-03-12T08:05:42.096+0000] {logging_mixin.py:137} INFO - [2023-03-12T08:05:42.095+0000] {dag.py:3437} INFO - Setting next_dagrun for example_sensors to None, run_after=None
[2023-03-12T08:05:42.121+0000] {processor.py:175} INFO - Processing /home/melicharovykrecek/venv/lib/python3.9/site-packages/airflow/example_dags/example_sensors.py took 0.109 seconds
[2023-03-12T08:06:20.408+0000] {processor.py:153} INFO - Started process (PID=3868) to work on /home/melicharovykrecek/venv/lib/python3.9/site-packages/airflow/example_dags/example_sensors.py
[2023-03-12T08:06:20.411+0000] {processor.py:743} INFO - Processing file /home/melicharovykrecek/venv/lib/python3.9/site-packages/airflow/example_dags/example_sensors.py for tasks to queue
[2023-03-12T08:06:20.412+0000] {logging_mixin.py:137} INFO - [2023-03-12T08:06:20.411+0000] {dagbag.py:538} INFO - Filling up the DagBag from /home/melicharovykrecek/venv/lib/python3.9/site-packages/airflow/example_dags/example_sensors.py
[2023-03-12T08:06:20.437+0000] {processor.py:753} INFO - DAG(s) dict_keys(['example_sensors']) retrieved from /home/melicharovykrecek/venv/lib/python3.9/site-packages/airflow/example_dags/example_sensors.py
[2023-03-12T08:06:20.465+0000] {logging_mixin.py:137} INFO - [2023-03-12T08:06:20.465+0000] {dag.py:2690} INFO - Sync 1 DAGs
[2023-03-12T08:06:20.489+0000] {logging_mixin.py:137} INFO - [2023-03-12T08:06:20.489+0000] {dag.py:3437} INFO - Setting next_dagrun for example_sensors to None, run_after=None
[2023-03-12T08:06:20.519+0000] {processor.py:175} INFO - Processing /home/melicharovykrecek/venv/lib/python3.9/site-packages/airflow/example_dags/example_sensors.py took 0.116 seconds
[2023-03-12T08:06:57.468+0000] {processor.py:153} INFO - Started process (PID=3906) to work on /home/melicharovykrecek/venv/lib/python3.9/site-packages/airflow/example_dags/example_sensors.py
[2023-03-12T08:06:57.470+0000] {processor.py:743} INFO - Processing file /home/melicharovykrecek/venv/lib/python3.9/site-packages/airflow/example_dags/example_sensors.py for tasks to queue
[2023-03-12T08:06:57.471+0000] {logging_mixin.py:137} INFO - [2023-03-12T08:06:57.471+0000] {dagbag.py:538} INFO - Filling up the DagBag from /home/melicharovykrecek/venv/lib/python3.9/site-packages/airflow/example_dags/example_sensors.py
[2023-03-12T08:06:57.497+0000] {processor.py:753} INFO - DAG(s) dict_keys(['example_sensors']) retrieved from /home/melicharovykrecek/venv/lib/python3.9/site-packages/airflow/example_dags/example_sensors.py
[2023-03-12T08:06:57.525+0000] {logging_mixin.py:137} INFO - [2023-03-12T08:06:57.524+0000] {dag.py:2690} INFO - Sync 1 DAGs
[2023-03-12T08:06:57.550+0000] {logging_mixin.py:137} INFO - [2023-03-12T08:06:57.550+0000] {dag.py:3437} INFO - Setting next_dagrun for example_sensors to None, run_after=None
[2023-03-12T08:06:57.577+0000] {processor.py:175} INFO - Processing /home/melicharovykrecek/venv/lib/python3.9/site-packages/airflow/example_dags/example_sensors.py took 0.114 seconds
[2023-03-12T08:07:34.071+0000] {processor.py:153} INFO - Started process (PID=3942) to work on /home/melicharovykrecek/venv/lib/python3.9/site-packages/airflow/example_dags/example_sensors.py
[2023-03-12T08:07:34.073+0000] {processor.py:743} INFO - Processing file /home/melicharovykrecek/venv/lib/python3.9/site-packages/airflow/example_dags/example_sensors.py for tasks to queue
[2023-03-12T08:07:34.074+0000] {logging_mixin.py:137} INFO - [2023-03-12T08:07:34.074+0000] {dagbag.py:538} INFO - Filling up the DagBag from /home/melicharovykrecek/venv/lib/python3.9/site-packages/airflow/example_dags/example_sensors.py
[2023-03-12T08:07:34.098+0000] {processor.py:753} INFO - DAG(s) dict_keys(['example_sensors']) retrieved from /home/melicharovykrecek/venv/lib/python3.9/site-packages/airflow/example_dags/example_sensors.py
[2023-03-12T08:07:34.124+0000] {logging_mixin.py:137} INFO - [2023-03-12T08:07:34.124+0000] {dag.py:2690} INFO - Sync 1 DAGs
[2023-03-12T08:07:34.148+0000] {logging_mixin.py:137} INFO - [2023-03-12T08:07:34.147+0000] {dag.py:3437} INFO - Setting next_dagrun for example_sensors to None, run_after=None
[2023-03-12T08:07:34.173+0000] {processor.py:175} INFO - Processing /home/melicharovykrecek/venv/lib/python3.9/site-packages/airflow/example_dags/example_sensors.py took 0.106 seconds
[2023-03-12T08:08:18.410+0000] {processor.py:153} INFO - Started process (PID=4017) to work on /home/melicharovykrecek/venv/lib/python3.9/site-packages/airflow/example_dags/example_sensors.py
[2023-03-12T08:08:18.412+0000] {processor.py:743} INFO - Processing file /home/melicharovykrecek/venv/lib/python3.9/site-packages/airflow/example_dags/example_sensors.py for tasks to queue
[2023-03-12T08:08:18.414+0000] {logging_mixin.py:137} INFO - [2023-03-12T08:08:18.413+0000] {dagbag.py:538} INFO - Filling up the DagBag from /home/melicharovykrecek/venv/lib/python3.9/site-packages/airflow/example_dags/example_sensors.py
[2023-03-12T08:08:18.440+0000] {processor.py:753} INFO - DAG(s) dict_keys(['example_sensors']) retrieved from /home/melicharovykrecek/venv/lib/python3.9/site-packages/airflow/example_dags/example_sensors.py
[2023-03-12T08:08:18.471+0000] {logging_mixin.py:137} INFO - [2023-03-12T08:08:18.470+0000] {dag.py:2690} INFO - Sync 1 DAGs
[2023-03-12T08:08:18.496+0000] {logging_mixin.py:137} INFO - [2023-03-12T08:08:18.495+0000] {dag.py:3437} INFO - Setting next_dagrun for example_sensors to None, run_after=None
[2023-03-12T08:08:18.524+0000] {processor.py:175} INFO - Processing /home/melicharovykrecek/venv/lib/python3.9/site-packages/airflow/example_dags/example_sensors.py took 0.119 seconds
[2023-03-12T08:09:07.887+0000] {processor.py:153} INFO - Started process (PID=4080) to work on /home/melicharovykrecek/venv/lib/python3.9/site-packages/airflow/example_dags/example_sensors.py
[2023-03-12T08:09:07.889+0000] {processor.py:743} INFO - Processing file /home/melicharovykrecek/venv/lib/python3.9/site-packages/airflow/example_dags/example_sensors.py for tasks to queue
[2023-03-12T08:09:07.890+0000] {logging_mixin.py:137} INFO - [2023-03-12T08:09:07.890+0000] {dagbag.py:538} INFO - Filling up the DagBag from /home/melicharovykrecek/venv/lib/python3.9/site-packages/airflow/example_dags/example_sensors.py
[2023-03-12T08:09:07.916+0000] {processor.py:753} INFO - DAG(s) dict_keys(['example_sensors']) retrieved from /home/melicharovykrecek/venv/lib/python3.9/site-packages/airflow/example_dags/example_sensors.py
[2023-03-12T08:09:07.944+0000] {logging_mixin.py:137} INFO - [2023-03-12T08:09:07.943+0000] {dag.py:2690} INFO - Sync 1 DAGs
[2023-03-12T08:09:07.970+0000] {logging_mixin.py:137} INFO - [2023-03-12T08:09:07.969+0000] {dag.py:3437} INFO - Setting next_dagrun for example_sensors to None, run_after=None
[2023-03-12T08:09:07.998+0000] {processor.py:175} INFO - Processing /home/melicharovykrecek/venv/lib/python3.9/site-packages/airflow/example_dags/example_sensors.py took 0.116 seconds
[2023-03-12T08:09:46.195+0000] {processor.py:153} INFO - Started process (PID=4116) to work on /home/melicharovykrecek/venv/lib/python3.9/site-packages/airflow/example_dags/example_sensors.py
[2023-03-12T08:09:46.197+0000] {processor.py:743} INFO - Processing file /home/melicharovykrecek/venv/lib/python3.9/site-packages/airflow/example_dags/example_sensors.py for tasks to queue
[2023-03-12T08:09:46.198+0000] {logging_mixin.py:137} INFO - [2023-03-12T08:09:46.198+0000] {dagbag.py:538} INFO - Filling up the DagBag from /home/melicharovykrecek/venv/lib/python3.9/site-packages/airflow/example_dags/example_sensors.py
[2023-03-12T08:09:46.225+0000] {processor.py:753} INFO - DAG(s) dict_keys(['example_sensors']) retrieved from /home/melicharovykrecek/venv/lib/python3.9/site-packages/airflow/example_dags/example_sensors.py
[2023-03-12T08:09:46.255+0000] {logging_mixin.py:137} INFO - [2023-03-12T08:09:46.255+0000] {dag.py:2690} INFO - Sync 1 DAGs
[2023-03-12T08:09:46.279+0000] {logging_mixin.py:137} INFO - [2023-03-12T08:09:46.279+0000] {dag.py:3437} INFO - Setting next_dagrun for example_sensors to None, run_after=None
[2023-03-12T08:09:46.307+0000] {processor.py:175} INFO - Processing /home/melicharovykrecek/venv/lib/python3.9/site-packages/airflow/example_dags/example_sensors.py took 0.118 seconds
[2023-03-12T08:10:23.413+0000] {processor.py:153} INFO - Started process (PID=4152) to work on /home/melicharovykrecek/venv/lib/python3.9/site-packages/airflow/example_dags/example_sensors.py
[2023-03-12T08:10:23.415+0000] {processor.py:743} INFO - Processing file /home/melicharovykrecek/venv/lib/python3.9/site-packages/airflow/example_dags/example_sensors.py for tasks to queue
[2023-03-12T08:10:23.416+0000] {logging_mixin.py:137} INFO - [2023-03-12T08:10:23.416+0000] {dagbag.py:538} INFO - Filling up the DagBag from /home/melicharovykrecek/venv/lib/python3.9/site-packages/airflow/example_dags/example_sensors.py
[2023-03-12T08:10:23.441+0000] {processor.py:753} INFO - DAG(s) dict_keys(['example_sensors']) retrieved from /home/melicharovykrecek/venv/lib/python3.9/site-packages/airflow/example_dags/example_sensors.py
[2023-03-12T08:10:23.471+0000] {logging_mixin.py:137} INFO - [2023-03-12T08:10:23.470+0000] {dag.py:2690} INFO - Sync 1 DAGs
[2023-03-12T08:10:23.499+0000] {logging_mixin.py:137} INFO - [2023-03-12T08:10:23.499+0000] {dag.py:3437} INFO - Setting next_dagrun for example_sensors to None, run_after=None
[2023-03-12T08:10:23.528+0000] {processor.py:175} INFO - Processing /home/melicharovykrecek/venv/lib/python3.9/site-packages/airflow/example_dags/example_sensors.py took 0.120 seconds
[2023-03-12T08:11:03.609+0000] {processor.py:153} INFO - Started process (PID=4193) to work on /home/melicharovykrecek/venv/lib/python3.9/site-packages/airflow/example_dags/example_sensors.py
[2023-03-12T08:11:03.611+0000] {processor.py:743} INFO - Processing file /home/melicharovykrecek/venv/lib/python3.9/site-packages/airflow/example_dags/example_sensors.py for tasks to queue
[2023-03-12T08:11:03.612+0000] {logging_mixin.py:137} INFO - [2023-03-12T08:11:03.612+0000] {dagbag.py:538} INFO - Filling up the DagBag from /home/melicharovykrecek/venv/lib/python3.9/site-packages/airflow/example_dags/example_sensors.py
[2023-03-12T08:11:03.639+0000] {processor.py:753} INFO - DAG(s) dict_keys(['example_sensors']) retrieved from /home/melicharovykrecek/venv/lib/python3.9/site-packages/airflow/example_dags/example_sensors.py
[2023-03-12T08:11:03.668+0000] {logging_mixin.py:137} INFO - [2023-03-12T08:11:03.668+0000] {dag.py:2690} INFO - Sync 1 DAGs
[2023-03-12T08:11:03.695+0000] {logging_mixin.py:137} INFO - [2023-03-12T08:11:03.695+0000] {dag.py:3437} INFO - Setting next_dagrun for example_sensors to None, run_after=None
[2023-03-12T08:11:03.725+0000] {processor.py:175} INFO - Processing /home/melicharovykrecek/venv/lib/python3.9/site-packages/airflow/example_dags/example_sensors.py took 0.122 seconds
[2023-03-12T08:11:52.532+0000] {processor.py:153} INFO - Started process (PID=4260) to work on /home/melicharovykrecek/venv/lib/python3.9/site-packages/airflow/example_dags/example_sensors.py
[2023-03-12T08:11:52.534+0000] {processor.py:743} INFO - Processing file /home/melicharovykrecek/venv/lib/python3.9/site-packages/airflow/example_dags/example_sensors.py for tasks to queue
[2023-03-12T08:11:52.535+0000] {logging_mixin.py:137} INFO - [2023-03-12T08:11:52.534+0000] {dagbag.py:538} INFO - Filling up the DagBag from /home/melicharovykrecek/venv/lib/python3.9/site-packages/airflow/example_dags/example_sensors.py
[2023-03-12T08:11:52.560+0000] {processor.py:753} INFO - DAG(s) dict_keys(['example_sensors']) retrieved from /home/melicharovykrecek/venv/lib/python3.9/site-packages/airflow/example_dags/example_sensors.py
[2023-03-12T08:11:52.589+0000] {logging_mixin.py:137} INFO - [2023-03-12T08:11:52.589+0000] {dag.py:2690} INFO - Sync 1 DAGs
[2023-03-12T08:11:52.612+0000] {logging_mixin.py:137} INFO - [2023-03-12T08:11:52.612+0000] {dag.py:3437} INFO - Setting next_dagrun for example_sensors to None, run_after=None
[2023-03-12T08:11:52.639+0000] {processor.py:175} INFO - Processing /home/melicharovykrecek/venv/lib/python3.9/site-packages/airflow/example_dags/example_sensors.py took 0.112 seconds
[2023-03-12T08:12:31.245+0000] {processor.py:153} INFO - Started process (PID=4323) to work on /home/melicharovykrecek/venv/lib/python3.9/site-packages/airflow/example_dags/example_sensors.py
[2023-03-12T08:12:31.248+0000] {processor.py:743} INFO - Processing file /home/melicharovykrecek/venv/lib/python3.9/site-packages/airflow/example_dags/example_sensors.py for tasks to queue
[2023-03-12T08:12:31.249+0000] {logging_mixin.py:137} INFO - [2023-03-12T08:12:31.249+0000] {dagbag.py:538} INFO - Filling up the DagBag from /home/melicharovykrecek/venv/lib/python3.9/site-packages/airflow/example_dags/example_sensors.py
[2023-03-12T08:12:31.275+0000] {processor.py:753} INFO - DAG(s) dict_keys(['example_sensors']) retrieved from /home/melicharovykrecek/venv/lib/python3.9/site-packages/airflow/example_dags/example_sensors.py
[2023-03-12T08:12:31.303+0000] {logging_mixin.py:137} INFO - [2023-03-12T08:12:31.303+0000] {dag.py:2690} INFO - Sync 1 DAGs
[2023-03-12T08:12:31.328+0000] {logging_mixin.py:137} INFO - [2023-03-12T08:12:31.328+0000] {dag.py:3437} INFO - Setting next_dagrun for example_sensors to None, run_after=None
[2023-03-12T08:12:31.356+0000] {processor.py:175} INFO - Processing /home/melicharovykrecek/venv/lib/python3.9/site-packages/airflow/example_dags/example_sensors.py took 0.117 seconds
[2023-03-12T08:13:19.012+0000] {processor.py:153} INFO - Started process (PID=4375) to work on /home/melicharovykrecek/venv/lib/python3.9/site-packages/airflow/example_dags/example_sensors.py
[2023-03-12T08:13:19.015+0000] {processor.py:743} INFO - Processing file /home/melicharovykrecek/venv/lib/python3.9/site-packages/airflow/example_dags/example_sensors.py for tasks to queue
[2023-03-12T08:13:19.016+0000] {logging_mixin.py:137} INFO - [2023-03-12T08:13:19.016+0000] {dagbag.py:538} INFO - Filling up the DagBag from /home/melicharovykrecek/venv/lib/python3.9/site-packages/airflow/example_dags/example_sensors.py
[2023-03-12T08:13:19.044+0000] {processor.py:753} INFO - DAG(s) dict_keys(['example_sensors']) retrieved from /home/melicharovykrecek/venv/lib/python3.9/site-packages/airflow/example_dags/example_sensors.py
[2023-03-12T08:13:19.075+0000] {logging_mixin.py:137} INFO - [2023-03-12T08:13:19.075+0000] {dag.py:2690} INFO - Sync 1 DAGs
[2023-03-12T08:13:19.100+0000] {logging_mixin.py:137} INFO - [2023-03-12T08:13:19.100+0000] {dag.py:3437} INFO - Setting next_dagrun for example_sensors to None, run_after=None
[2023-03-12T08:13:19.135+0000] {processor.py:175} INFO - Processing /home/melicharovykrecek/venv/lib/python3.9/site-packages/airflow/example_dags/example_sensors.py took 0.128 seconds
[2023-03-12T08:13:59.682+0000] {processor.py:153} INFO - Started process (PID=4418) to work on /home/melicharovykrecek/venv/lib/python3.9/site-packages/airflow/example_dags/example_sensors.py
[2023-03-12T08:13:59.684+0000] {processor.py:743} INFO - Processing file /home/melicharovykrecek/venv/lib/python3.9/site-packages/airflow/example_dags/example_sensors.py for tasks to queue
[2023-03-12T08:13:59.685+0000] {logging_mixin.py:137} INFO - [2023-03-12T08:13:59.685+0000] {dagbag.py:538} INFO - Filling up the DagBag from /home/melicharovykrecek/venv/lib/python3.9/site-packages/airflow/example_dags/example_sensors.py
[2023-03-12T08:13:59.711+0000] {processor.py:753} INFO - DAG(s) dict_keys(['example_sensors']) retrieved from /home/melicharovykrecek/venv/lib/python3.9/site-packages/airflow/example_dags/example_sensors.py
[2023-03-12T08:13:59.741+0000] {logging_mixin.py:137} INFO - [2023-03-12T08:13:59.740+0000] {dag.py:2690} INFO - Sync 1 DAGs
[2023-03-12T08:13:59.767+0000] {logging_mixin.py:137} INFO - [2023-03-12T08:13:59.767+0000] {dag.py:3437} INFO - Setting next_dagrun for example_sensors to None, run_after=None
[2023-03-12T08:13:59.794+0000] {processor.py:175} INFO - Processing /home/melicharovykrecek/venv/lib/python3.9/site-packages/airflow/example_dags/example_sensors.py took 0.118 seconds
[2023-03-12T08:14:48.255+0000] {processor.py:153} INFO - Started process (PID=4482) to work on /home/melicharovykrecek/venv/lib/python3.9/site-packages/airflow/example_dags/example_sensors.py
[2023-03-12T08:14:48.258+0000] {processor.py:743} INFO - Processing file /home/melicharovykrecek/venv/lib/python3.9/site-packages/airflow/example_dags/example_sensors.py for tasks to queue
[2023-03-12T08:14:48.259+0000] {logging_mixin.py:137} INFO - [2023-03-12T08:14:48.258+0000] {dagbag.py:538} INFO - Filling up the DagBag from /home/melicharovykrecek/venv/lib/python3.9/site-packages/airflow/example_dags/example_sensors.py
[2023-03-12T08:14:48.287+0000] {processor.py:753} INFO - DAG(s) dict_keys(['example_sensors']) retrieved from /home/melicharovykrecek/venv/lib/python3.9/site-packages/airflow/example_dags/example_sensors.py
[2023-03-12T08:14:48.317+0000] {logging_mixin.py:137} INFO - [2023-03-12T08:14:48.317+0000] {dag.py:2690} INFO - Sync 1 DAGs
[2023-03-12T08:14:48.343+0000] {logging_mixin.py:137} INFO - [2023-03-12T08:14:48.342+0000] {dag.py:3437} INFO - Setting next_dagrun for example_sensors to None, run_after=None
[2023-03-12T08:14:48.371+0000] {processor.py:175} INFO - Processing /home/melicharovykrecek/venv/lib/python3.9/site-packages/airflow/example_dags/example_sensors.py took 0.121 seconds
[2023-03-12T08:15:36.491+0000] {processor.py:153} INFO - Started process (PID=4530) to work on /home/melicharovykrecek/venv/lib/python3.9/site-packages/airflow/example_dags/example_sensors.py
[2023-03-12T08:15:36.494+0000] {processor.py:743} INFO - Processing file /home/melicharovykrecek/venv/lib/python3.9/site-packages/airflow/example_dags/example_sensors.py for tasks to queue
[2023-03-12T08:15:36.494+0000] {logging_mixin.py:137} INFO - [2023-03-12T08:15:36.494+0000] {dagbag.py:538} INFO - Filling up the DagBag from /home/melicharovykrecek/venv/lib/python3.9/site-packages/airflow/example_dags/example_sensors.py
[2023-03-12T08:15:36.521+0000] {processor.py:753} INFO - DAG(s) dict_keys(['example_sensors']) retrieved from /home/melicharovykrecek/venv/lib/python3.9/site-packages/airflow/example_dags/example_sensors.py
[2023-03-12T08:15:36.551+0000] {logging_mixin.py:137} INFO - [2023-03-12T08:15:36.551+0000] {dag.py:2690} INFO - Sync 1 DAGs
[2023-03-12T08:15:36.575+0000] {logging_mixin.py:137} INFO - [2023-03-12T08:15:36.574+0000] {dag.py:3437} INFO - Setting next_dagrun for example_sensors to None, run_after=None
[2023-03-12T08:15:36.601+0000] {processor.py:175} INFO - Processing /home/melicharovykrecek/venv/lib/python3.9/site-packages/airflow/example_dags/example_sensors.py took 0.115 seconds
[2023-03-12T08:16:14.889+0000] {processor.py:153} INFO - Started process (PID=4572) to work on /home/melicharovykrecek/venv/lib/python3.9/site-packages/airflow/example_dags/example_sensors.py
[2023-03-12T08:16:14.891+0000] {processor.py:743} INFO - Processing file /home/melicharovykrecek/venv/lib/python3.9/site-packages/airflow/example_dags/example_sensors.py for tasks to queue
[2023-03-12T08:16:14.892+0000] {logging_mixin.py:137} INFO - [2023-03-12T08:16:14.892+0000] {dagbag.py:538} INFO - Filling up the DagBag from /home/melicharovykrecek/venv/lib/python3.9/site-packages/airflow/example_dags/example_sensors.py
[2023-03-12T08:16:14.918+0000] {processor.py:753} INFO - DAG(s) dict_keys(['example_sensors']) retrieved from /home/melicharovykrecek/venv/lib/python3.9/site-packages/airflow/example_dags/example_sensors.py
[2023-03-12T08:16:14.947+0000] {logging_mixin.py:137} INFO - [2023-03-12T08:16:14.946+0000] {dag.py:2690} INFO - Sync 1 DAGs
[2023-03-12T08:16:14.971+0000] {logging_mixin.py:137} INFO - [2023-03-12T08:16:14.971+0000] {dag.py:3437} INFO - Setting next_dagrun for example_sensors to None, run_after=None
[2023-03-12T08:16:15.002+0000] {processor.py:175} INFO - Processing /home/melicharovykrecek/venv/lib/python3.9/site-packages/airflow/example_dags/example_sensors.py took 0.117 seconds
[2023-03-12T08:16:54.889+0000] {processor.py:153} INFO - Started process (PID=4609) to work on /home/melicharovykrecek/venv/lib/python3.9/site-packages/airflow/example_dags/example_sensors.py
[2023-03-12T08:16:54.891+0000] {processor.py:743} INFO - Processing file /home/melicharovykrecek/venv/lib/python3.9/site-packages/airflow/example_dags/example_sensors.py for tasks to queue
[2023-03-12T08:16:54.892+0000] {logging_mixin.py:137} INFO - [2023-03-12T08:16:54.892+0000] {dagbag.py:538} INFO - Filling up the DagBag from /home/melicharovykrecek/venv/lib/python3.9/site-packages/airflow/example_dags/example_sensors.py
[2023-03-12T08:16:54.917+0000] {processor.py:753} INFO - DAG(s) dict_keys(['example_sensors']) retrieved from /home/melicharovykrecek/venv/lib/python3.9/site-packages/airflow/example_dags/example_sensors.py
[2023-03-12T08:16:54.945+0000] {logging_mixin.py:137} INFO - [2023-03-12T08:16:54.944+0000] {dag.py:2690} INFO - Sync 1 DAGs
[2023-03-12T08:16:54.967+0000] {logging_mixin.py:137} INFO - [2023-03-12T08:16:54.967+0000] {dag.py:3437} INFO - Setting next_dagrun for example_sensors to None, run_after=None
[2023-03-12T08:16:54.997+0000] {processor.py:175} INFO - Processing /home/melicharovykrecek/venv/lib/python3.9/site-packages/airflow/example_dags/example_sensors.py took 0.113 seconds
[2023-03-12T08:17:36.602+0000] {processor.py:153} INFO - Started process (PID=4661) to work on /home/melicharovykrecek/venv/lib/python3.9/site-packages/airflow/example_dags/example_sensors.py
[2023-03-12T08:17:36.604+0000] {processor.py:743} INFO - Processing file /home/melicharovykrecek/venv/lib/python3.9/site-packages/airflow/example_dags/example_sensors.py for tasks to queue
[2023-03-12T08:17:36.605+0000] {logging_mixin.py:137} INFO - [2023-03-12T08:17:36.605+0000] {dagbag.py:538} INFO - Filling up the DagBag from /home/melicharovykrecek/venv/lib/python3.9/site-packages/airflow/example_dags/example_sensors.py
[2023-03-12T08:17:36.631+0000] {processor.py:753} INFO - DAG(s) dict_keys(['example_sensors']) retrieved from /home/melicharovykrecek/venv/lib/python3.9/site-packages/airflow/example_dags/example_sensors.py
[2023-03-12T08:17:36.661+0000] {logging_mixin.py:137} INFO - [2023-03-12T08:17:36.661+0000] {dag.py:2690} INFO - Sync 1 DAGs
[2023-03-12T08:17:36.689+0000] {logging_mixin.py:137} INFO - [2023-03-12T08:17:36.689+0000] {dag.py:3437} INFO - Setting next_dagrun for example_sensors to None, run_after=None
[2023-03-12T08:17:36.720+0000] {processor.py:175} INFO - Processing /home/melicharovykrecek/venv/lib/python3.9/site-packages/airflow/example_dags/example_sensors.py took 0.123 seconds
[2023-03-12T08:18:14.128+0000] {processor.py:153} INFO - Started process (PID=4697) to work on /home/melicharovykrecek/venv/lib/python3.9/site-packages/airflow/example_dags/example_sensors.py
[2023-03-12T08:18:14.130+0000] {processor.py:743} INFO - Processing file /home/melicharovykrecek/venv/lib/python3.9/site-packages/airflow/example_dags/example_sensors.py for tasks to queue
[2023-03-12T08:18:14.131+0000] {logging_mixin.py:137} INFO - [2023-03-12T08:18:14.131+0000] {dagbag.py:538} INFO - Filling up the DagBag from /home/melicharovykrecek/venv/lib/python3.9/site-packages/airflow/example_dags/example_sensors.py
[2023-03-12T08:18:14.156+0000] {processor.py:753} INFO - DAG(s) dict_keys(['example_sensors']) retrieved from /home/melicharovykrecek/venv/lib/python3.9/site-packages/airflow/example_dags/example_sensors.py
[2023-03-12T08:18:14.183+0000] {logging_mixin.py:137} INFO - [2023-03-12T08:18:14.183+0000] {dag.py:2690} INFO - Sync 1 DAGs
[2023-03-12T08:18:14.209+0000] {logging_mixin.py:137} INFO - [2023-03-12T08:18:14.209+0000] {dag.py:3437} INFO - Setting next_dagrun for example_sensors to None, run_after=None
[2023-03-12T08:18:14.238+0000] {processor.py:175} INFO - Processing /home/melicharovykrecek/venv/lib/python3.9/site-packages/airflow/example_dags/example_sensors.py took 0.114 seconds
[2023-03-12T08:18:59.588+0000] {processor.py:153} INFO - Started process (PID=4743) to work on /home/melicharovykrecek/venv/lib/python3.9/site-packages/airflow/example_dags/example_sensors.py
[2023-03-12T08:18:59.589+0000] {processor.py:743} INFO - Processing file /home/melicharovykrecek/venv/lib/python3.9/site-packages/airflow/example_dags/example_sensors.py for tasks to queue
[2023-03-12T08:18:59.590+0000] {logging_mixin.py:137} INFO - [2023-03-12T08:18:59.590+0000] {dagbag.py:538} INFO - Filling up the DagBag from /home/melicharovykrecek/venv/lib/python3.9/site-packages/airflow/example_dags/example_sensors.py
[2023-03-12T08:18:59.616+0000] {processor.py:753} INFO - DAG(s) dict_keys(['example_sensors']) retrieved from /home/melicharovykrecek/venv/lib/python3.9/site-packages/airflow/example_dags/example_sensors.py
[2023-03-12T08:18:59.647+0000] {logging_mixin.py:137} INFO - [2023-03-12T08:18:59.647+0000] {dag.py:2690} INFO - Sync 1 DAGs
[2023-03-12T08:18:59.673+0000] {logging_mixin.py:137} INFO - [2023-03-12T08:18:59.672+0000] {dag.py:3437} INFO - Setting next_dagrun for example_sensors to None, run_after=None
[2023-03-12T08:18:59.701+0000] {processor.py:175} INFO - Processing /home/melicharovykrecek/venv/lib/python3.9/site-packages/airflow/example_dags/example_sensors.py took 0.118 seconds
[2023-03-12T08:19:47.085+0000] {processor.py:153} INFO - Started process (PID=4789) to work on /home/melicharovykrecek/venv/lib/python3.9/site-packages/airflow/example_dags/example_sensors.py
[2023-03-12T08:19:47.087+0000] {processor.py:743} INFO - Processing file /home/melicharovykrecek/venv/lib/python3.9/site-packages/airflow/example_dags/example_sensors.py for tasks to queue
[2023-03-12T08:19:47.088+0000] {logging_mixin.py:137} INFO - [2023-03-12T08:19:47.088+0000] {dagbag.py:538} INFO - Filling up the DagBag from /home/melicharovykrecek/venv/lib/python3.9/site-packages/airflow/example_dags/example_sensors.py
[2023-03-12T08:19:47.119+0000] {processor.py:753} INFO - DAG(s) dict_keys(['example_sensors']) retrieved from /home/melicharovykrecek/venv/lib/python3.9/site-packages/airflow/example_dags/example_sensors.py
[2023-03-12T08:19:47.150+0000] {logging_mixin.py:137} INFO - [2023-03-12T08:19:47.150+0000] {dag.py:2690} INFO - Sync 1 DAGs
[2023-03-12T08:19:47.186+0000] {logging_mixin.py:137} INFO - [2023-03-12T08:19:47.186+0000] {dag.py:3437} INFO - Setting next_dagrun for example_sensors to None, run_after=None
[2023-03-12T08:19:47.247+0000] {processor.py:175} INFO - Processing /home/melicharovykrecek/venv/lib/python3.9/site-packages/airflow/example_dags/example_sensors.py took 0.165 seconds
[2023-03-12T08:20:26.070+0000] {processor.py:153} INFO - Started process (PID=4833) to work on /home/melicharovykrecek/venv/lib/python3.9/site-packages/airflow/example_dags/example_sensors.py
[2023-03-12T08:20:26.072+0000] {processor.py:743} INFO - Processing file /home/melicharovykrecek/venv/lib/python3.9/site-packages/airflow/example_dags/example_sensors.py for tasks to queue
[2023-03-12T08:20:26.073+0000] {logging_mixin.py:137} INFO - [2023-03-12T08:20:26.073+0000] {dagbag.py:538} INFO - Filling up the DagBag from /home/melicharovykrecek/venv/lib/python3.9/site-packages/airflow/example_dags/example_sensors.py
[2023-03-12T08:20:26.101+0000] {processor.py:753} INFO - DAG(s) dict_keys(['example_sensors']) retrieved from /home/melicharovykrecek/venv/lib/python3.9/site-packages/airflow/example_dags/example_sensors.py
[2023-03-12T08:20:26.131+0000] {logging_mixin.py:137} INFO - [2023-03-12T08:20:26.131+0000] {dag.py:2690} INFO - Sync 1 DAGs
[2023-03-12T08:20:26.157+0000] {logging_mixin.py:137} INFO - [2023-03-12T08:20:26.156+0000] {dag.py:3437} INFO - Setting next_dagrun for example_sensors to None, run_after=None
[2023-03-12T08:20:26.186+0000] {processor.py:175} INFO - Processing /home/melicharovykrecek/venv/lib/python3.9/site-packages/airflow/example_dags/example_sensors.py took 0.121 seconds
[2023-03-12T08:21:08.797+0000] {processor.py:153} INFO - Started process (PID=4871) to work on /home/melicharovykrecek/venv/lib/python3.9/site-packages/airflow/example_dags/example_sensors.py
[2023-03-12T08:21:08.800+0000] {processor.py:743} INFO - Processing file /home/melicharovykrecek/venv/lib/python3.9/site-packages/airflow/example_dags/example_sensors.py for tasks to queue
[2023-03-12T08:21:08.801+0000] {logging_mixin.py:137} INFO - [2023-03-12T08:21:08.801+0000] {dagbag.py:538} INFO - Filling up the DagBag from /home/melicharovykrecek/venv/lib/python3.9/site-packages/airflow/example_dags/example_sensors.py
[2023-03-12T08:21:08.830+0000] {processor.py:753} INFO - DAG(s) dict_keys(['example_sensors']) retrieved from /home/melicharovykrecek/venv/lib/python3.9/site-packages/airflow/example_dags/example_sensors.py
[2023-03-12T08:21:08.859+0000] {logging_mixin.py:137} INFO - [2023-03-12T08:21:08.859+0000] {dag.py:2690} INFO - Sync 1 DAGs
[2023-03-12T08:21:08.882+0000] {logging_mixin.py:137} INFO - [2023-03-12T08:21:08.882+0000] {dag.py:3437} INFO - Setting next_dagrun for example_sensors to None, run_after=None
[2023-03-12T08:21:09.075+0000] {processor.py:175} INFO - Processing /home/melicharovykrecek/venv/lib/python3.9/site-packages/airflow/example_dags/example_sensors.py took 0.282 seconds
