[2023-03-12T07:30:53.630+0000] {processor.py:153} INFO - Started process (PID=1498) to work on /home/melicharovykrecek/venv/lib/python3.9/site-packages/airflow/example_dags/example_branch_operator_decorator.py
[2023-03-12T07:30:53.632+0000] {processor.py:743} INFO - Processing file /home/melicharovykrecek/venv/lib/python3.9/site-packages/airflow/example_dags/example_branch_operator_decorator.py for tasks to queue
[2023-03-12T07:30:53.632+0000] {logging_mixin.py:137} INFO - [2023-03-12T07:30:53.632+0000] {dagbag.py:538} INFO - Filling up the DagBag from /home/melicharovykrecek/venv/lib/python3.9/site-packages/airflow/example_dags/example_branch_operator_decorator.py
[2023-03-12T07:30:53.664+0000] {processor.py:753} INFO - DAG(s) dict_keys(['example_branch_python_operator_decorator']) retrieved from /home/melicharovykrecek/venv/lib/python3.9/site-packages/airflow/example_dags/example_branch_operator_decorator.py
[2023-03-12T07:30:53.691+0000] {logging_mixin.py:137} INFO - [2023-03-12T07:30:53.690+0000] {dag.py:2690} INFO - Sync 1 DAGs
[2023-03-12T07:30:53.719+0000] {logging_mixin.py:137} INFO - [2023-03-12T07:30:53.719+0000] {dag.py:3437} INFO - Setting next_dagrun for example_branch_python_operator_decorator to 2023-03-11T00:00:00+00:00, run_after=2023-03-12T00:00:00+00:00
[2023-03-12T07:30:53.747+0000] {processor.py:175} INFO - Processing /home/melicharovykrecek/venv/lib/python3.9/site-packages/airflow/example_dags/example_branch_operator_decorator.py took 0.121 seconds
[2023-03-12T07:31:39.543+0000] {processor.py:153} INFO - Started process (PID=1562) to work on /home/melicharovykrecek/venv/lib/python3.9/site-packages/airflow/example_dags/example_branch_operator_decorator.py
[2023-03-12T07:31:39.545+0000] {processor.py:743} INFO - Processing file /home/melicharovykrecek/venv/lib/python3.9/site-packages/airflow/example_dags/example_branch_operator_decorator.py for tasks to queue
[2023-03-12T07:31:39.546+0000] {logging_mixin.py:137} INFO - [2023-03-12T07:31:39.546+0000] {dagbag.py:538} INFO - Filling up the DagBag from /home/melicharovykrecek/venv/lib/python3.9/site-packages/airflow/example_dags/example_branch_operator_decorator.py
[2023-03-12T07:31:39.579+0000] {processor.py:753} INFO - DAG(s) dict_keys(['example_branch_python_operator_decorator']) retrieved from /home/melicharovykrecek/venv/lib/python3.9/site-packages/airflow/example_dags/example_branch_operator_decorator.py
[2023-03-12T07:31:39.604+0000] {logging_mixin.py:137} INFO - [2023-03-12T07:31:39.604+0000] {dag.py:2690} INFO - Sync 1 DAGs
[2023-03-12T07:31:39.631+0000] {logging_mixin.py:137} INFO - [2023-03-12T07:31:39.631+0000] {dag.py:3437} INFO - Setting next_dagrun for example_branch_python_operator_decorator to 2023-03-11T00:00:00+00:00, run_after=2023-03-12T00:00:00+00:00
[2023-03-12T07:31:39.657+0000] {processor.py:175} INFO - Processing /home/melicharovykrecek/venv/lib/python3.9/site-packages/airflow/example_dags/example_branch_operator_decorator.py took 0.119 seconds
[2023-03-12T07:32:21.262+0000] {processor.py:153} INFO - Started process (PID=1607) to work on /home/melicharovykrecek/venv/lib/python3.9/site-packages/airflow/example_dags/example_branch_operator_decorator.py
[2023-03-12T07:32:21.264+0000] {processor.py:743} INFO - Processing file /home/melicharovykrecek/venv/lib/python3.9/site-packages/airflow/example_dags/example_branch_operator_decorator.py for tasks to queue
[2023-03-12T07:32:21.265+0000] {logging_mixin.py:137} INFO - [2023-03-12T07:32:21.265+0000] {dagbag.py:538} INFO - Filling up the DagBag from /home/melicharovykrecek/venv/lib/python3.9/site-packages/airflow/example_dags/example_branch_operator_decorator.py
[2023-03-12T07:32:21.297+0000] {processor.py:753} INFO - DAG(s) dict_keys(['example_branch_python_operator_decorator']) retrieved from /home/melicharovykrecek/venv/lib/python3.9/site-packages/airflow/example_dags/example_branch_operator_decorator.py
[2023-03-12T07:32:21.322+0000] {logging_mixin.py:137} INFO - [2023-03-12T07:32:21.322+0000] {dag.py:2690} INFO - Sync 1 DAGs
[2023-03-12T07:32:21.347+0000] {logging_mixin.py:137} INFO - [2023-03-12T07:32:21.346+0000] {dag.py:3437} INFO - Setting next_dagrun for example_branch_python_operator_decorator to 2023-03-11T00:00:00+00:00, run_after=2023-03-12T00:00:00+00:00
[2023-03-12T07:32:21.373+0000] {processor.py:175} INFO - Processing /home/melicharovykrecek/venv/lib/python3.9/site-packages/airflow/example_dags/example_branch_operator_decorator.py took 0.115 seconds
[2023-03-12T07:33:10.681+0000] {processor.py:153} INFO - Started process (PID=1657) to work on /home/melicharovykrecek/venv/lib/python3.9/site-packages/airflow/example_dags/example_branch_operator_decorator.py
[2023-03-12T07:33:10.683+0000] {processor.py:743} INFO - Processing file /home/melicharovykrecek/venv/lib/python3.9/site-packages/airflow/example_dags/example_branch_operator_decorator.py for tasks to queue
[2023-03-12T07:33:10.684+0000] {logging_mixin.py:137} INFO - [2023-03-12T07:33:10.684+0000] {dagbag.py:538} INFO - Filling up the DagBag from /home/melicharovykrecek/venv/lib/python3.9/site-packages/airflow/example_dags/example_branch_operator_decorator.py
[2023-03-12T07:33:10.714+0000] {processor.py:753} INFO - DAG(s) dict_keys(['example_branch_python_operator_decorator']) retrieved from /home/melicharovykrecek/venv/lib/python3.9/site-packages/airflow/example_dags/example_branch_operator_decorator.py
[2023-03-12T07:33:10.739+0000] {logging_mixin.py:137} INFO - [2023-03-12T07:33:10.739+0000] {dag.py:2690} INFO - Sync 1 DAGs
[2023-03-12T07:33:10.763+0000] {logging_mixin.py:137} INFO - [2023-03-12T07:33:10.763+0000] {dag.py:3437} INFO - Setting next_dagrun for example_branch_python_operator_decorator to 2023-03-11T00:00:00+00:00, run_after=2023-03-12T00:00:00+00:00
[2023-03-12T07:33:10.788+0000] {processor.py:175} INFO - Processing /home/melicharovykrecek/venv/lib/python3.9/site-packages/airflow/example_dags/example_branch_operator_decorator.py took 0.111 seconds
[2023-03-12T07:34:00.687+0000] {processor.py:153} INFO - Started process (PID=1710) to work on /home/melicharovykrecek/venv/lib/python3.9/site-packages/airflow/example_dags/example_branch_operator_decorator.py
[2023-03-12T07:34:00.689+0000] {processor.py:743} INFO - Processing file /home/melicharovykrecek/venv/lib/python3.9/site-packages/airflow/example_dags/example_branch_operator_decorator.py for tasks to queue
[2023-03-12T07:34:00.690+0000] {logging_mixin.py:137} INFO - [2023-03-12T07:34:00.690+0000] {dagbag.py:538} INFO - Filling up the DagBag from /home/melicharovykrecek/venv/lib/python3.9/site-packages/airflow/example_dags/example_branch_operator_decorator.py
[2023-03-12T07:34:00.722+0000] {processor.py:753} INFO - DAG(s) dict_keys(['example_branch_python_operator_decorator']) retrieved from /home/melicharovykrecek/venv/lib/python3.9/site-packages/airflow/example_dags/example_branch_operator_decorator.py
[2023-03-12T07:34:00.746+0000] {logging_mixin.py:137} INFO - [2023-03-12T07:34:00.746+0000] {dag.py:2690} INFO - Sync 1 DAGs
[2023-03-12T07:34:00.769+0000] {logging_mixin.py:137} INFO - [2023-03-12T07:34:00.769+0000] {dag.py:3437} INFO - Setting next_dagrun for example_branch_python_operator_decorator to 2023-03-11T00:00:00+00:00, run_after=2023-03-12T00:00:00+00:00
[2023-03-12T07:34:00.796+0000] {processor.py:175} INFO - Processing /home/melicharovykrecek/venv/lib/python3.9/site-packages/airflow/example_dags/example_branch_operator_decorator.py took 0.112 seconds
[2023-03-12T07:34:50.642+0000] {processor.py:153} INFO - Started process (PID=1769) to work on /home/melicharovykrecek/venv/lib/python3.9/site-packages/airflow/example_dags/example_branch_operator_decorator.py
[2023-03-12T07:34:50.644+0000] {processor.py:743} INFO - Processing file /home/melicharovykrecek/venv/lib/python3.9/site-packages/airflow/example_dags/example_branch_operator_decorator.py for tasks to queue
[2023-03-12T07:34:50.644+0000] {logging_mixin.py:137} INFO - [2023-03-12T07:34:50.644+0000] {dagbag.py:538} INFO - Filling up the DagBag from /home/melicharovykrecek/venv/lib/python3.9/site-packages/airflow/example_dags/example_branch_operator_decorator.py
[2023-03-12T07:34:50.678+0000] {processor.py:753} INFO - DAG(s) dict_keys(['example_branch_python_operator_decorator']) retrieved from /home/melicharovykrecek/venv/lib/python3.9/site-packages/airflow/example_dags/example_branch_operator_decorator.py
[2023-03-12T07:34:50.704+0000] {logging_mixin.py:137} INFO - [2023-03-12T07:34:50.704+0000] {dag.py:2690} INFO - Sync 1 DAGs
[2023-03-12T07:34:50.730+0000] {logging_mixin.py:137} INFO - [2023-03-12T07:34:50.730+0000] {dag.py:3437} INFO - Setting next_dagrun for example_branch_python_operator_decorator to 2023-03-11T00:00:00+00:00, run_after=2023-03-12T00:00:00+00:00
[2023-03-12T07:34:50.756+0000] {processor.py:175} INFO - Processing /home/melicharovykrecek/venv/lib/python3.9/site-packages/airflow/example_dags/example_branch_operator_decorator.py took 0.119 seconds
[2023-03-12T07:35:38.746+0000] {processor.py:153} INFO - Started process (PID=1851) to work on /home/melicharovykrecek/venv/lib/python3.9/site-packages/airflow/example_dags/example_branch_operator_decorator.py
[2023-03-12T07:35:38.748+0000] {processor.py:743} INFO - Processing file /home/melicharovykrecek/venv/lib/python3.9/site-packages/airflow/example_dags/example_branch_operator_decorator.py for tasks to queue
[2023-03-12T07:35:38.749+0000] {logging_mixin.py:137} INFO - [2023-03-12T07:35:38.749+0000] {dagbag.py:538} INFO - Filling up the DagBag from /home/melicharovykrecek/venv/lib/python3.9/site-packages/airflow/example_dags/example_branch_operator_decorator.py
[2023-03-12T07:35:38.780+0000] {processor.py:753} INFO - DAG(s) dict_keys(['example_branch_python_operator_decorator']) retrieved from /home/melicharovykrecek/venv/lib/python3.9/site-packages/airflow/example_dags/example_branch_operator_decorator.py
[2023-03-12T07:35:38.806+0000] {logging_mixin.py:137} INFO - [2023-03-12T07:35:38.806+0000] {dag.py:2690} INFO - Sync 1 DAGs
[2023-03-12T07:35:38.831+0000] {logging_mixin.py:137} INFO - [2023-03-12T07:35:38.831+0000] {dag.py:3437} INFO - Setting next_dagrun for example_branch_python_operator_decorator to 2023-03-11T00:00:00+00:00, run_after=2023-03-12T00:00:00+00:00
[2023-03-12T07:35:38.857+0000] {processor.py:175} INFO - Processing /home/melicharovykrecek/venv/lib/python3.9/site-packages/airflow/example_dags/example_branch_operator_decorator.py took 0.116 seconds
[2023-03-12T07:36:29.506+0000] {processor.py:153} INFO - Started process (PID=1913) to work on /home/melicharovykrecek/venv/lib/python3.9/site-packages/airflow/example_dags/example_branch_operator_decorator.py
[2023-03-12T07:36:29.508+0000] {processor.py:743} INFO - Processing file /home/melicharovykrecek/venv/lib/python3.9/site-packages/airflow/example_dags/example_branch_operator_decorator.py for tasks to queue
[2023-03-12T07:36:29.509+0000] {logging_mixin.py:137} INFO - [2023-03-12T07:36:29.509+0000] {dagbag.py:538} INFO - Filling up the DagBag from /home/melicharovykrecek/venv/lib/python3.9/site-packages/airflow/example_dags/example_branch_operator_decorator.py
[2023-03-12T07:36:29.540+0000] {processor.py:753} INFO - DAG(s) dict_keys(['example_branch_python_operator_decorator']) retrieved from /home/melicharovykrecek/venv/lib/python3.9/site-packages/airflow/example_dags/example_branch_operator_decorator.py
[2023-03-12T07:36:29.568+0000] {logging_mixin.py:137} INFO - [2023-03-12T07:36:29.567+0000] {dag.py:2690} INFO - Sync 1 DAGs
[2023-03-12T07:36:29.593+0000] {logging_mixin.py:137} INFO - [2023-03-12T07:36:29.593+0000] {dag.py:3437} INFO - Setting next_dagrun for example_branch_python_operator_decorator to 2023-03-11T00:00:00+00:00, run_after=2023-03-12T00:00:00+00:00
[2023-03-12T07:36:29.620+0000] {processor.py:175} INFO - Processing /home/melicharovykrecek/venv/lib/python3.9/site-packages/airflow/example_dags/example_branch_operator_decorator.py took 0.118 seconds
[2023-03-12T07:37:14.636+0000] {processor.py:153} INFO - Started process (PID=1959) to work on /home/melicharovykrecek/venv/lib/python3.9/site-packages/airflow/example_dags/example_branch_operator_decorator.py
[2023-03-12T07:37:14.638+0000] {processor.py:743} INFO - Processing file /home/melicharovykrecek/venv/lib/python3.9/site-packages/airflow/example_dags/example_branch_operator_decorator.py for tasks to queue
[2023-03-12T07:37:14.639+0000] {logging_mixin.py:137} INFO - [2023-03-12T07:37:14.639+0000] {dagbag.py:538} INFO - Filling up the DagBag from /home/melicharovykrecek/venv/lib/python3.9/site-packages/airflow/example_dags/example_branch_operator_decorator.py
[2023-03-12T07:37:14.672+0000] {processor.py:753} INFO - DAG(s) dict_keys(['example_branch_python_operator_decorator']) retrieved from /home/melicharovykrecek/venv/lib/python3.9/site-packages/airflow/example_dags/example_branch_operator_decorator.py
[2023-03-12T07:37:14.697+0000] {logging_mixin.py:137} INFO - [2023-03-12T07:37:14.697+0000] {dag.py:2690} INFO - Sync 1 DAGs
[2023-03-12T07:37:14.722+0000] {logging_mixin.py:137} INFO - [2023-03-12T07:37:14.722+0000] {dag.py:3437} INFO - Setting next_dagrun for example_branch_python_operator_decorator to 2023-03-11T00:00:00+00:00, run_after=2023-03-12T00:00:00+00:00
[2023-03-12T07:37:14.750+0000] {processor.py:175} INFO - Processing /home/melicharovykrecek/venv/lib/python3.9/site-packages/airflow/example_dags/example_branch_operator_decorator.py took 0.119 seconds
[2023-03-12T07:38:02.825+0000] {processor.py:153} INFO - Started process (PID=2010) to work on /home/melicharovykrecek/venv/lib/python3.9/site-packages/airflow/example_dags/example_branch_operator_decorator.py
[2023-03-12T07:38:02.827+0000] {processor.py:743} INFO - Processing file /home/melicharovykrecek/venv/lib/python3.9/site-packages/airflow/example_dags/example_branch_operator_decorator.py for tasks to queue
[2023-03-12T07:38:02.828+0000] {logging_mixin.py:137} INFO - [2023-03-12T07:38:02.828+0000] {dagbag.py:538} INFO - Filling up the DagBag from /home/melicharovykrecek/venv/lib/python3.9/site-packages/airflow/example_dags/example_branch_operator_decorator.py
[2023-03-12T07:38:02.860+0000] {processor.py:753} INFO - DAG(s) dict_keys(['example_branch_python_operator_decorator']) retrieved from /home/melicharovykrecek/venv/lib/python3.9/site-packages/airflow/example_dags/example_branch_operator_decorator.py
[2023-03-12T07:38:02.885+0000] {logging_mixin.py:137} INFO - [2023-03-12T07:38:02.885+0000] {dag.py:2690} INFO - Sync 1 DAGs
[2023-03-12T07:38:02.910+0000] {logging_mixin.py:137} INFO - [2023-03-12T07:38:02.910+0000] {dag.py:3437} INFO - Setting next_dagrun for example_branch_python_operator_decorator to 2023-03-11T00:00:00+00:00, run_after=2023-03-12T00:00:00+00:00
[2023-03-12T07:38:02.939+0000] {processor.py:175} INFO - Processing /home/melicharovykrecek/venv/lib/python3.9/site-packages/airflow/example_dags/example_branch_operator_decorator.py took 0.119 seconds
[2023-03-12T07:38:53.739+0000] {processor.py:153} INFO - Started process (PID=2068) to work on /home/melicharovykrecek/venv/lib/python3.9/site-packages/airflow/example_dags/example_branch_operator_decorator.py
[2023-03-12T07:38:53.741+0000] {processor.py:743} INFO - Processing file /home/melicharovykrecek/venv/lib/python3.9/site-packages/airflow/example_dags/example_branch_operator_decorator.py for tasks to queue
[2023-03-12T07:38:53.742+0000] {logging_mixin.py:137} INFO - [2023-03-12T07:38:53.742+0000] {dagbag.py:538} INFO - Filling up the DagBag from /home/melicharovykrecek/venv/lib/python3.9/site-packages/airflow/example_dags/example_branch_operator_decorator.py
[2023-03-12T07:38:53.776+0000] {processor.py:753} INFO - DAG(s) dict_keys(['example_branch_python_operator_decorator']) retrieved from /home/melicharovykrecek/venv/lib/python3.9/site-packages/airflow/example_dags/example_branch_operator_decorator.py
[2023-03-12T07:38:53.804+0000] {logging_mixin.py:137} INFO - [2023-03-12T07:38:53.803+0000] {dag.py:2690} INFO - Sync 1 DAGs
[2023-03-12T07:38:53.830+0000] {logging_mixin.py:137} INFO - [2023-03-12T07:38:53.830+0000] {dag.py:3437} INFO - Setting next_dagrun for example_branch_python_operator_decorator to 2023-03-11T00:00:00+00:00, run_after=2023-03-12T00:00:00+00:00
[2023-03-12T07:38:53.859+0000] {processor.py:175} INFO - Processing /home/melicharovykrecek/venv/lib/python3.9/site-packages/airflow/example_dags/example_branch_operator_decorator.py took 0.125 seconds
[2023-03-12T07:39:42.614+0000] {processor.py:153} INFO - Started process (PID=2117) to work on /home/melicharovykrecek/venv/lib/python3.9/site-packages/airflow/example_dags/example_branch_operator_decorator.py
[2023-03-12T07:39:42.616+0000] {processor.py:743} INFO - Processing file /home/melicharovykrecek/venv/lib/python3.9/site-packages/airflow/example_dags/example_branch_operator_decorator.py for tasks to queue
[2023-03-12T07:39:42.617+0000] {logging_mixin.py:137} INFO - [2023-03-12T07:39:42.617+0000] {dagbag.py:538} INFO - Filling up the DagBag from /home/melicharovykrecek/venv/lib/python3.9/site-packages/airflow/example_dags/example_branch_operator_decorator.py
[2023-03-12T07:39:42.650+0000] {processor.py:753} INFO - DAG(s) dict_keys(['example_branch_python_operator_decorator']) retrieved from /home/melicharovykrecek/venv/lib/python3.9/site-packages/airflow/example_dags/example_branch_operator_decorator.py
[2023-03-12T07:39:42.678+0000] {logging_mixin.py:137} INFO - [2023-03-12T07:39:42.678+0000] {dag.py:2690} INFO - Sync 1 DAGs
[2023-03-12T07:39:42.703+0000] {logging_mixin.py:137} INFO - [2023-03-12T07:39:42.703+0000] {dag.py:3437} INFO - Setting next_dagrun for example_branch_python_operator_decorator to 2023-03-11T00:00:00+00:00, run_after=2023-03-12T00:00:00+00:00
[2023-03-12T07:39:42.733+0000] {processor.py:175} INFO - Processing /home/melicharovykrecek/venv/lib/python3.9/site-packages/airflow/example_dags/example_branch_operator_decorator.py took 0.124 seconds
[2023-03-12T07:40:26.192+0000] {processor.py:153} INFO - Started process (PID=2186) to work on /home/melicharovykrecek/venv/lib/python3.9/site-packages/airflow/example_dags/example_branch_operator_decorator.py
[2023-03-12T07:40:26.196+0000] {processor.py:743} INFO - Processing file /home/melicharovykrecek/venv/lib/python3.9/site-packages/airflow/example_dags/example_branch_operator_decorator.py for tasks to queue
[2023-03-12T07:40:26.197+0000] {logging_mixin.py:137} INFO - [2023-03-12T07:40:26.196+0000] {dagbag.py:538} INFO - Filling up the DagBag from /home/melicharovykrecek/venv/lib/python3.9/site-packages/airflow/example_dags/example_branch_operator_decorator.py
[2023-03-12T07:40:26.234+0000] {processor.py:753} INFO - DAG(s) dict_keys(['example_branch_python_operator_decorator']) retrieved from /home/melicharovykrecek/venv/lib/python3.9/site-packages/airflow/example_dags/example_branch_operator_decorator.py
[2023-03-12T07:40:26.260+0000] {logging_mixin.py:137} INFO - [2023-03-12T07:40:26.260+0000] {dag.py:2690} INFO - Sync 1 DAGs
[2023-03-12T07:40:26.287+0000] {logging_mixin.py:137} INFO - [2023-03-12T07:40:26.287+0000] {dag.py:3437} INFO - Setting next_dagrun for example_branch_python_operator_decorator to 2023-03-11T00:00:00+00:00, run_after=2023-03-12T00:00:00+00:00
[2023-03-12T07:40:26.317+0000] {processor.py:175} INFO - Processing /home/melicharovykrecek/venv/lib/python3.9/site-packages/airflow/example_dags/example_branch_operator_decorator.py took 0.131 seconds
[2023-03-12T07:41:17.127+0000] {processor.py:153} INFO - Started process (PID=2262) to work on /home/melicharovykrecek/venv/lib/python3.9/site-packages/airflow/example_dags/example_branch_operator_decorator.py
[2023-03-12T07:41:17.129+0000] {processor.py:743} INFO - Processing file /home/melicharovykrecek/venv/lib/python3.9/site-packages/airflow/example_dags/example_branch_operator_decorator.py for tasks to queue
[2023-03-12T07:41:17.130+0000] {logging_mixin.py:137} INFO - [2023-03-12T07:41:17.130+0000] {dagbag.py:538} INFO - Filling up the DagBag from /home/melicharovykrecek/venv/lib/python3.9/site-packages/airflow/example_dags/example_branch_operator_decorator.py
[2023-03-12T07:41:17.164+0000] {processor.py:753} INFO - DAG(s) dict_keys(['example_branch_python_operator_decorator']) retrieved from /home/melicharovykrecek/venv/lib/python3.9/site-packages/airflow/example_dags/example_branch_operator_decorator.py
[2023-03-12T07:41:17.192+0000] {logging_mixin.py:137} INFO - [2023-03-12T07:41:17.192+0000] {dag.py:2690} INFO - Sync 1 DAGs
[2023-03-12T07:41:17.218+0000] {logging_mixin.py:137} INFO - [2023-03-12T07:41:17.218+0000] {dag.py:3437} INFO - Setting next_dagrun for example_branch_python_operator_decorator to 2023-03-11T00:00:00+00:00, run_after=2023-03-12T00:00:00+00:00
[2023-03-12T07:41:17.250+0000] {processor.py:175} INFO - Processing /home/melicharovykrecek/venv/lib/python3.9/site-packages/airflow/example_dags/example_branch_operator_decorator.py took 0.127 seconds
[2023-03-12T07:42:01.839+0000] {processor.py:153} INFO - Started process (PID=2306) to work on /home/melicharovykrecek/venv/lib/python3.9/site-packages/airflow/example_dags/example_branch_operator_decorator.py
[2023-03-12T07:42:01.841+0000] {processor.py:743} INFO - Processing file /home/melicharovykrecek/venv/lib/python3.9/site-packages/airflow/example_dags/example_branch_operator_decorator.py for tasks to queue
[2023-03-12T07:42:01.842+0000] {logging_mixin.py:137} INFO - [2023-03-12T07:42:01.842+0000] {dagbag.py:538} INFO - Filling up the DagBag from /home/melicharovykrecek/venv/lib/python3.9/site-packages/airflow/example_dags/example_branch_operator_decorator.py
[2023-03-12T07:42:01.875+0000] {processor.py:753} INFO - DAG(s) dict_keys(['example_branch_python_operator_decorator']) retrieved from /home/melicharovykrecek/venv/lib/python3.9/site-packages/airflow/example_dags/example_branch_operator_decorator.py
[2023-03-12T07:42:01.902+0000] {logging_mixin.py:137} INFO - [2023-03-12T07:42:01.902+0000] {dag.py:2690} INFO - Sync 1 DAGs
[2023-03-12T07:42:01.929+0000] {logging_mixin.py:137} INFO - [2023-03-12T07:42:01.929+0000] {dag.py:3437} INFO - Setting next_dagrun for example_branch_python_operator_decorator to 2023-03-11T00:00:00+00:00, run_after=2023-03-12T00:00:00+00:00
[2023-03-12T07:42:01.956+0000] {processor.py:175} INFO - Processing /home/melicharovykrecek/venv/lib/python3.9/site-packages/airflow/example_dags/example_branch_operator_decorator.py took 0.122 seconds
[2023-03-12T07:42:47.487+0000] {processor.py:153} INFO - Started process (PID=2351) to work on /home/melicharovykrecek/venv/lib/python3.9/site-packages/airflow/example_dags/example_branch_operator_decorator.py
[2023-03-12T07:42:47.489+0000] {processor.py:743} INFO - Processing file /home/melicharovykrecek/venv/lib/python3.9/site-packages/airflow/example_dags/example_branch_operator_decorator.py for tasks to queue
[2023-03-12T07:42:47.490+0000] {logging_mixin.py:137} INFO - [2023-03-12T07:42:47.490+0000] {dagbag.py:538} INFO - Filling up the DagBag from /home/melicharovykrecek/venv/lib/python3.9/site-packages/airflow/example_dags/example_branch_operator_decorator.py
[2023-03-12T07:42:47.523+0000] {processor.py:753} INFO - DAG(s) dict_keys(['example_branch_python_operator_decorator']) retrieved from /home/melicharovykrecek/venv/lib/python3.9/site-packages/airflow/example_dags/example_branch_operator_decorator.py
[2023-03-12T07:42:47.550+0000] {logging_mixin.py:137} INFO - [2023-03-12T07:42:47.550+0000] {dag.py:2690} INFO - Sync 1 DAGs
[2023-03-12T07:42:47.578+0000] {logging_mixin.py:137} INFO - [2023-03-12T07:42:47.578+0000] {dag.py:3437} INFO - Setting next_dagrun for example_branch_python_operator_decorator to 2023-03-11T00:00:00+00:00, run_after=2023-03-12T00:00:00+00:00
[2023-03-12T07:42:47.605+0000] {processor.py:175} INFO - Processing /home/melicharovykrecek/venv/lib/python3.9/site-packages/airflow/example_dags/example_branch_operator_decorator.py took 0.123 seconds
[2023-03-12T07:43:36.490+0000] {processor.py:153} INFO - Started process (PID=2406) to work on /home/melicharovykrecek/venv/lib/python3.9/site-packages/airflow/example_dags/example_branch_operator_decorator.py
[2023-03-12T07:43:36.492+0000] {processor.py:743} INFO - Processing file /home/melicharovykrecek/venv/lib/python3.9/site-packages/airflow/example_dags/example_branch_operator_decorator.py for tasks to queue
[2023-03-12T07:43:36.493+0000] {logging_mixin.py:137} INFO - [2023-03-12T07:43:36.493+0000] {dagbag.py:538} INFO - Filling up the DagBag from /home/melicharovykrecek/venv/lib/python3.9/site-packages/airflow/example_dags/example_branch_operator_decorator.py
[2023-03-12T07:43:36.526+0000] {processor.py:753} INFO - DAG(s) dict_keys(['example_branch_python_operator_decorator']) retrieved from /home/melicharovykrecek/venv/lib/python3.9/site-packages/airflow/example_dags/example_branch_operator_decorator.py
[2023-03-12T07:43:36.554+0000] {logging_mixin.py:137} INFO - [2023-03-12T07:43:36.554+0000] {dag.py:2690} INFO - Sync 1 DAGs
[2023-03-12T07:43:36.582+0000] {logging_mixin.py:137} INFO - [2023-03-12T07:43:36.582+0000] {dag.py:3437} INFO - Setting next_dagrun for example_branch_python_operator_decorator to 2023-03-11T00:00:00+00:00, run_after=2023-03-12T00:00:00+00:00
[2023-03-12T07:43:36.609+0000] {processor.py:175} INFO - Processing /home/melicharovykrecek/venv/lib/python3.9/site-packages/airflow/example_dags/example_branch_operator_decorator.py took 0.123 seconds
[2023-03-12T07:44:28.007+0000] {processor.py:153} INFO - Started process (PID=2470) to work on /home/melicharovykrecek/venv/lib/python3.9/site-packages/airflow/example_dags/example_branch_operator_decorator.py
[2023-03-12T07:44:28.009+0000] {processor.py:743} INFO - Processing file /home/melicharovykrecek/venv/lib/python3.9/site-packages/airflow/example_dags/example_branch_operator_decorator.py for tasks to queue
[2023-03-12T07:44:28.010+0000] {logging_mixin.py:137} INFO - [2023-03-12T07:44:28.009+0000] {dagbag.py:538} INFO - Filling up the DagBag from /home/melicharovykrecek/venv/lib/python3.9/site-packages/airflow/example_dags/example_branch_operator_decorator.py
[2023-03-12T07:44:28.042+0000] {processor.py:753} INFO - DAG(s) dict_keys(['example_branch_python_operator_decorator']) retrieved from /home/melicharovykrecek/venv/lib/python3.9/site-packages/airflow/example_dags/example_branch_operator_decorator.py
[2023-03-12T07:44:28.070+0000] {logging_mixin.py:137} INFO - [2023-03-12T07:44:28.070+0000] {dag.py:2690} INFO - Sync 1 DAGs
[2023-03-12T07:44:28.096+0000] {logging_mixin.py:137} INFO - [2023-03-12T07:44:28.096+0000] {dag.py:3437} INFO - Setting next_dagrun for example_branch_python_operator_decorator to 2023-03-11T00:00:00+00:00, run_after=2023-03-12T00:00:00+00:00
[2023-03-12T07:44:28.124+0000] {processor.py:175} INFO - Processing /home/melicharovykrecek/venv/lib/python3.9/site-packages/airflow/example_dags/example_branch_operator_decorator.py took 0.122 seconds
[2023-03-12T07:45:16.136+0000] {processor.py:153} INFO - Started process (PID=2522) to work on /home/melicharovykrecek/venv/lib/python3.9/site-packages/airflow/example_dags/example_branch_operator_decorator.py
[2023-03-12T07:45:16.138+0000] {processor.py:743} INFO - Processing file /home/melicharovykrecek/venv/lib/python3.9/site-packages/airflow/example_dags/example_branch_operator_decorator.py for tasks to queue
[2023-03-12T07:45:16.139+0000] {logging_mixin.py:137} INFO - [2023-03-12T07:45:16.139+0000] {dagbag.py:538} INFO - Filling up the DagBag from /home/melicharovykrecek/venv/lib/python3.9/site-packages/airflow/example_dags/example_branch_operator_decorator.py
[2023-03-12T07:45:16.172+0000] {processor.py:753} INFO - DAG(s) dict_keys(['example_branch_python_operator_decorator']) retrieved from /home/melicharovykrecek/venv/lib/python3.9/site-packages/airflow/example_dags/example_branch_operator_decorator.py
[2023-03-12T07:45:16.199+0000] {logging_mixin.py:137} INFO - [2023-03-12T07:45:16.198+0000] {dag.py:2690} INFO - Sync 1 DAGs
[2023-03-12T07:45:16.224+0000] {logging_mixin.py:137} INFO - [2023-03-12T07:45:16.224+0000] {dag.py:3437} INFO - Setting next_dagrun for example_branch_python_operator_decorator to 2023-03-11T00:00:00+00:00, run_after=2023-03-12T00:00:00+00:00
[2023-03-12T07:45:16.256+0000] {processor.py:175} INFO - Processing /home/melicharovykrecek/venv/lib/python3.9/site-packages/airflow/example_dags/example_branch_operator_decorator.py took 0.125 seconds
[2023-03-12T07:46:01.578+0000] {processor.py:153} INFO - Started process (PID=2631) to work on /home/melicharovykrecek/venv/lib/python3.9/site-packages/airflow/example_dags/example_branch_operator_decorator.py
[2023-03-12T07:46:01.580+0000] {processor.py:743} INFO - Processing file /home/melicharovykrecek/venv/lib/python3.9/site-packages/airflow/example_dags/example_branch_operator_decorator.py for tasks to queue
[2023-03-12T07:46:01.581+0000] {logging_mixin.py:137} INFO - [2023-03-12T07:46:01.581+0000] {dagbag.py:538} INFO - Filling up the DagBag from /home/melicharovykrecek/venv/lib/python3.9/site-packages/airflow/example_dags/example_branch_operator_decorator.py
[2023-03-12T07:46:01.614+0000] {processor.py:753} INFO - DAG(s) dict_keys(['example_branch_python_operator_decorator']) retrieved from /home/melicharovykrecek/venv/lib/python3.9/site-packages/airflow/example_dags/example_branch_operator_decorator.py
[2023-03-12T07:46:01.643+0000] {logging_mixin.py:137} INFO - [2023-03-12T07:46:01.643+0000] {dag.py:2690} INFO - Sync 1 DAGs
[2023-03-12T07:46:01.671+0000] {logging_mixin.py:137} INFO - [2023-03-12T07:46:01.670+0000] {dag.py:3437} INFO - Setting next_dagrun for example_branch_python_operator_decorator to 2023-03-11T00:00:00+00:00, run_after=2023-03-12T00:00:00+00:00
[2023-03-12T07:46:01.701+0000] {processor.py:175} INFO - Processing /home/melicharovykrecek/venv/lib/python3.9/site-packages/airflow/example_dags/example_branch_operator_decorator.py took 0.128 seconds
[2023-03-12T07:46:50.543+0000] {processor.py:153} INFO - Started process (PID=2689) to work on /home/melicharovykrecek/venv/lib/python3.9/site-packages/airflow/example_dags/example_branch_operator_decorator.py
[2023-03-12T07:46:50.545+0000] {processor.py:743} INFO - Processing file /home/melicharovykrecek/venv/lib/python3.9/site-packages/airflow/example_dags/example_branch_operator_decorator.py for tasks to queue
[2023-03-12T07:46:50.546+0000] {logging_mixin.py:137} INFO - [2023-03-12T07:46:50.546+0000] {dagbag.py:538} INFO - Filling up the DagBag from /home/melicharovykrecek/venv/lib/python3.9/site-packages/airflow/example_dags/example_branch_operator_decorator.py
[2023-03-12T07:46:50.578+0000] {processor.py:753} INFO - DAG(s) dict_keys(['example_branch_python_operator_decorator']) retrieved from /home/melicharovykrecek/venv/lib/python3.9/site-packages/airflow/example_dags/example_branch_operator_decorator.py
[2023-03-12T07:46:50.605+0000] {logging_mixin.py:137} INFO - [2023-03-12T07:46:50.605+0000] {dag.py:2690} INFO - Sync 1 DAGs
[2023-03-12T07:46:50.630+0000] {logging_mixin.py:137} INFO - [2023-03-12T07:46:50.630+0000] {dag.py:3437} INFO - Setting next_dagrun for example_branch_python_operator_decorator to 2023-03-11T00:00:00+00:00, run_after=2023-03-12T00:00:00+00:00
[2023-03-12T07:46:50.657+0000] {processor.py:175} INFO - Processing /home/melicharovykrecek/venv/lib/python3.9/site-packages/airflow/example_dags/example_branch_operator_decorator.py took 0.118 seconds
[2023-03-12T07:47:37.651+0000] {processor.py:153} INFO - Started process (PID=2736) to work on /home/melicharovykrecek/venv/lib/python3.9/site-packages/airflow/example_dags/example_branch_operator_decorator.py
[2023-03-12T07:47:37.653+0000] {processor.py:743} INFO - Processing file /home/melicharovykrecek/venv/lib/python3.9/site-packages/airflow/example_dags/example_branch_operator_decorator.py for tasks to queue
[2023-03-12T07:47:37.654+0000] {logging_mixin.py:137} INFO - [2023-03-12T07:47:37.653+0000] {dagbag.py:538} INFO - Filling up the DagBag from /home/melicharovykrecek/venv/lib/python3.9/site-packages/airflow/example_dags/example_branch_operator_decorator.py
[2023-03-12T07:47:37.686+0000] {processor.py:753} INFO - DAG(s) dict_keys(['example_branch_python_operator_decorator']) retrieved from /home/melicharovykrecek/venv/lib/python3.9/site-packages/airflow/example_dags/example_branch_operator_decorator.py
[2023-03-12T07:47:37.712+0000] {logging_mixin.py:137} INFO - [2023-03-12T07:47:37.712+0000] {dag.py:2690} INFO - Sync 1 DAGs
[2023-03-12T07:47:37.738+0000] {logging_mixin.py:137} INFO - [2023-03-12T07:47:37.738+0000] {dag.py:3437} INFO - Setting next_dagrun for example_branch_python_operator_decorator to 2023-03-11T00:00:00+00:00, run_after=2023-03-12T00:00:00+00:00
[2023-03-12T07:47:37.763+0000] {processor.py:175} INFO - Processing /home/melicharovykrecek/venv/lib/python3.9/site-packages/airflow/example_dags/example_branch_operator_decorator.py took 0.117 seconds
[2023-03-12T07:48:24.303+0000] {processor.py:153} INFO - Started process (PID=2781) to work on /home/melicharovykrecek/venv/lib/python3.9/site-packages/airflow/example_dags/example_branch_operator_decorator.py
[2023-03-12T07:48:24.305+0000] {processor.py:743} INFO - Processing file /home/melicharovykrecek/venv/lib/python3.9/site-packages/airflow/example_dags/example_branch_operator_decorator.py for tasks to queue
[2023-03-12T07:48:24.306+0000] {logging_mixin.py:137} INFO - [2023-03-12T07:48:24.306+0000] {dagbag.py:538} INFO - Filling up the DagBag from /home/melicharovykrecek/venv/lib/python3.9/site-packages/airflow/example_dags/example_branch_operator_decorator.py
[2023-03-12T07:48:24.341+0000] {processor.py:753} INFO - DAG(s) dict_keys(['example_branch_python_operator_decorator']) retrieved from /home/melicharovykrecek/venv/lib/python3.9/site-packages/airflow/example_dags/example_branch_operator_decorator.py
[2023-03-12T07:48:24.369+0000] {logging_mixin.py:137} INFO - [2023-03-12T07:48:24.369+0000] {dag.py:2690} INFO - Sync 1 DAGs
[2023-03-12T07:48:24.397+0000] {logging_mixin.py:137} INFO - [2023-03-12T07:48:24.397+0000] {dag.py:3437} INFO - Setting next_dagrun for example_branch_python_operator_decorator to 2023-03-11T00:00:00+00:00, run_after=2023-03-12T00:00:00+00:00
[2023-03-12T07:48:24.429+0000] {processor.py:175} INFO - Processing /home/melicharovykrecek/venv/lib/python3.9/site-packages/airflow/example_dags/example_branch_operator_decorator.py took 0.130 seconds
[2023-03-12T07:49:07.601+0000] {processor.py:153} INFO - Started process (PID=2823) to work on /home/melicharovykrecek/venv/lib/python3.9/site-packages/airflow/example_dags/example_branch_operator_decorator.py
[2023-03-12T07:49:07.603+0000] {processor.py:743} INFO - Processing file /home/melicharovykrecek/venv/lib/python3.9/site-packages/airflow/example_dags/example_branch_operator_decorator.py for tasks to queue
[2023-03-12T07:49:07.604+0000] {logging_mixin.py:137} INFO - [2023-03-12T07:49:07.604+0000] {dagbag.py:538} INFO - Filling up the DagBag from /home/melicharovykrecek/venv/lib/python3.9/site-packages/airflow/example_dags/example_branch_operator_decorator.py
[2023-03-12T07:49:07.637+0000] {processor.py:753} INFO - DAG(s) dict_keys(['example_branch_python_operator_decorator']) retrieved from /home/melicharovykrecek/venv/lib/python3.9/site-packages/airflow/example_dags/example_branch_operator_decorator.py
[2023-03-12T07:49:07.662+0000] {logging_mixin.py:137} INFO - [2023-03-12T07:49:07.662+0000] {dag.py:2690} INFO - Sync 1 DAGs
[2023-03-12T07:49:07.689+0000] {logging_mixin.py:137} INFO - [2023-03-12T07:49:07.688+0000] {dag.py:3437} INFO - Setting next_dagrun for example_branch_python_operator_decorator to 2023-03-11T00:00:00+00:00, run_after=2023-03-12T00:00:00+00:00
[2023-03-12T07:49:07.716+0000] {processor.py:175} INFO - Processing /home/melicharovykrecek/venv/lib/python3.9/site-packages/airflow/example_dags/example_branch_operator_decorator.py took 0.119 seconds
[2023-03-12T07:49:53.891+0000] {processor.py:153} INFO - Started process (PID=2868) to work on /home/melicharovykrecek/venv/lib/python3.9/site-packages/airflow/example_dags/example_branch_operator_decorator.py
[2023-03-12T07:49:53.893+0000] {processor.py:743} INFO - Processing file /home/melicharovykrecek/venv/lib/python3.9/site-packages/airflow/example_dags/example_branch_operator_decorator.py for tasks to queue
[2023-03-12T07:49:53.894+0000] {logging_mixin.py:137} INFO - [2023-03-12T07:49:53.894+0000] {dagbag.py:538} INFO - Filling up the DagBag from /home/melicharovykrecek/venv/lib/python3.9/site-packages/airflow/example_dags/example_branch_operator_decorator.py
[2023-03-12T07:49:53.926+0000] {processor.py:753} INFO - DAG(s) dict_keys(['example_branch_python_operator_decorator']) retrieved from /home/melicharovykrecek/venv/lib/python3.9/site-packages/airflow/example_dags/example_branch_operator_decorator.py
[2023-03-12T07:49:53.957+0000] {logging_mixin.py:137} INFO - [2023-03-12T07:49:53.957+0000] {dag.py:2690} INFO - Sync 1 DAGs
[2023-03-12T07:49:53.985+0000] {logging_mixin.py:137} INFO - [2023-03-12T07:49:53.984+0000] {dag.py:3437} INFO - Setting next_dagrun for example_branch_python_operator_decorator to 2023-03-11T00:00:00+00:00, run_after=2023-03-12T00:00:00+00:00
[2023-03-12T07:49:54.012+0000] {processor.py:175} INFO - Processing /home/melicharovykrecek/venv/lib/python3.9/site-packages/airflow/example_dags/example_branch_operator_decorator.py took 0.126 seconds
[2023-03-12T07:50:34.101+0000] {processor.py:153} INFO - Started process (PID=2911) to work on /home/melicharovykrecek/venv/lib/python3.9/site-packages/airflow/example_dags/example_branch_operator_decorator.py
[2023-03-12T07:50:34.103+0000] {processor.py:743} INFO - Processing file /home/melicharovykrecek/venv/lib/python3.9/site-packages/airflow/example_dags/example_branch_operator_decorator.py for tasks to queue
[2023-03-12T07:50:34.104+0000] {logging_mixin.py:137} INFO - [2023-03-12T07:50:34.104+0000] {dagbag.py:538} INFO - Filling up the DagBag from /home/melicharovykrecek/venv/lib/python3.9/site-packages/airflow/example_dags/example_branch_operator_decorator.py
[2023-03-12T07:50:34.137+0000] {processor.py:753} INFO - DAG(s) dict_keys(['example_branch_python_operator_decorator']) retrieved from /home/melicharovykrecek/venv/lib/python3.9/site-packages/airflow/example_dags/example_branch_operator_decorator.py
[2023-03-12T07:50:34.165+0000] {logging_mixin.py:137} INFO - [2023-03-12T07:50:34.165+0000] {dag.py:2690} INFO - Sync 1 DAGs
[2023-03-12T07:50:34.191+0000] {logging_mixin.py:137} INFO - [2023-03-12T07:50:34.191+0000] {dag.py:3437} INFO - Setting next_dagrun for example_branch_python_operator_decorator to 2023-03-11T00:00:00+00:00, run_after=2023-03-12T00:00:00+00:00
[2023-03-12T07:50:34.220+0000] {processor.py:175} INFO - Processing /home/melicharovykrecek/venv/lib/python3.9/site-packages/airflow/example_dags/example_branch_operator_decorator.py took 0.124 seconds
[2023-03-12T07:51:22.298+0000] {processor.py:153} INFO - Started process (PID=2963) to work on /home/melicharovykrecek/venv/lib/python3.9/site-packages/airflow/example_dags/example_branch_operator_decorator.py
[2023-03-12T07:51:22.300+0000] {processor.py:743} INFO - Processing file /home/melicharovykrecek/venv/lib/python3.9/site-packages/airflow/example_dags/example_branch_operator_decorator.py for tasks to queue
[2023-03-12T07:51:22.301+0000] {logging_mixin.py:137} INFO - [2023-03-12T07:51:22.301+0000] {dagbag.py:538} INFO - Filling up the DagBag from /home/melicharovykrecek/venv/lib/python3.9/site-packages/airflow/example_dags/example_branch_operator_decorator.py
[2023-03-12T07:51:22.337+0000] {processor.py:753} INFO - DAG(s) dict_keys(['example_branch_python_operator_decorator']) retrieved from /home/melicharovykrecek/venv/lib/python3.9/site-packages/airflow/example_dags/example_branch_operator_decorator.py
[2023-03-12T07:51:22.365+0000] {logging_mixin.py:137} INFO - [2023-03-12T07:51:22.365+0000] {dag.py:2690} INFO - Sync 1 DAGs
[2023-03-12T07:51:22.391+0000] {logging_mixin.py:137} INFO - [2023-03-12T07:51:22.391+0000] {dag.py:3437} INFO - Setting next_dagrun for example_branch_python_operator_decorator to 2023-03-11T00:00:00+00:00, run_after=2023-03-12T00:00:00+00:00
[2023-03-12T07:51:22.419+0000] {processor.py:175} INFO - Processing /home/melicharovykrecek/venv/lib/python3.9/site-packages/airflow/example_dags/example_branch_operator_decorator.py took 0.126 seconds
[2023-03-12T07:52:11.430+0000] {processor.py:153} INFO - Started process (PID=3011) to work on /home/melicharovykrecek/venv/lib/python3.9/site-packages/airflow/example_dags/example_branch_operator_decorator.py
[2023-03-12T07:52:11.432+0000] {processor.py:743} INFO - Processing file /home/melicharovykrecek/venv/lib/python3.9/site-packages/airflow/example_dags/example_branch_operator_decorator.py for tasks to queue
[2023-03-12T07:52:11.433+0000] {logging_mixin.py:137} INFO - [2023-03-12T07:52:11.433+0000] {dagbag.py:538} INFO - Filling up the DagBag from /home/melicharovykrecek/venv/lib/python3.9/site-packages/airflow/example_dags/example_branch_operator_decorator.py
[2023-03-12T07:52:11.473+0000] {processor.py:753} INFO - DAG(s) dict_keys(['example_branch_python_operator_decorator']) retrieved from /home/melicharovykrecek/venv/lib/python3.9/site-packages/airflow/example_dags/example_branch_operator_decorator.py
[2023-03-12T07:52:11.501+0000] {logging_mixin.py:137} INFO - [2023-03-12T07:52:11.500+0000] {dag.py:2690} INFO - Sync 1 DAGs
[2023-03-12T07:52:11.528+0000] {logging_mixin.py:137} INFO - [2023-03-12T07:52:11.527+0000] {dag.py:3437} INFO - Setting next_dagrun for example_branch_python_operator_decorator to 2023-03-11T00:00:00+00:00, run_after=2023-03-12T00:00:00+00:00
[2023-03-12T07:52:11.562+0000] {processor.py:175} INFO - Processing /home/melicharovykrecek/venv/lib/python3.9/site-packages/airflow/example_dags/example_branch_operator_decorator.py took 0.137 seconds
[2023-03-12T07:52:55.426+0000] {processor.py:153} INFO - Started process (PID=3054) to work on /home/melicharovykrecek/venv/lib/python3.9/site-packages/airflow/example_dags/example_branch_operator_decorator.py
[2023-03-12T07:52:55.429+0000] {processor.py:743} INFO - Processing file /home/melicharovykrecek/venv/lib/python3.9/site-packages/airflow/example_dags/example_branch_operator_decorator.py for tasks to queue
[2023-03-12T07:52:55.430+0000] {logging_mixin.py:137} INFO - [2023-03-12T07:52:55.429+0000] {dagbag.py:538} INFO - Filling up the DagBag from /home/melicharovykrecek/venv/lib/python3.9/site-packages/airflow/example_dags/example_branch_operator_decorator.py
[2023-03-12T07:52:55.469+0000] {processor.py:753} INFO - DAG(s) dict_keys(['example_branch_python_operator_decorator']) retrieved from /home/melicharovykrecek/venv/lib/python3.9/site-packages/airflow/example_dags/example_branch_operator_decorator.py
[2023-03-12T07:52:55.495+0000] {logging_mixin.py:137} INFO - [2023-03-12T07:52:55.495+0000] {dag.py:2690} INFO - Sync 1 DAGs
[2023-03-12T07:52:55.520+0000] {logging_mixin.py:137} INFO - [2023-03-12T07:52:55.520+0000] {dag.py:3437} INFO - Setting next_dagrun for example_branch_python_operator_decorator to 2023-03-11T00:00:00+00:00, run_after=2023-03-12T00:00:00+00:00
[2023-03-12T07:52:55.546+0000] {processor.py:175} INFO - Processing /home/melicharovykrecek/venv/lib/python3.9/site-packages/airflow/example_dags/example_branch_operator_decorator.py took 0.126 seconds
[2023-03-12T07:53:38.977+0000] {processor.py:153} INFO - Started process (PID=3097) to work on /home/melicharovykrecek/venv/lib/python3.9/site-packages/airflow/example_dags/example_branch_operator_decorator.py
[2023-03-12T07:53:38.979+0000] {processor.py:743} INFO - Processing file /home/melicharovykrecek/venv/lib/python3.9/site-packages/airflow/example_dags/example_branch_operator_decorator.py for tasks to queue
[2023-03-12T07:53:38.980+0000] {logging_mixin.py:137} INFO - [2023-03-12T07:53:38.980+0000] {dagbag.py:538} INFO - Filling up the DagBag from /home/melicharovykrecek/venv/lib/python3.9/site-packages/airflow/example_dags/example_branch_operator_decorator.py
[2023-03-12T07:53:39.013+0000] {processor.py:753} INFO - DAG(s) dict_keys(['example_branch_python_operator_decorator']) retrieved from /home/melicharovykrecek/venv/lib/python3.9/site-packages/airflow/example_dags/example_branch_operator_decorator.py
[2023-03-12T07:53:39.040+0000] {logging_mixin.py:137} INFO - [2023-03-12T07:53:39.040+0000] {dag.py:2690} INFO - Sync 1 DAGs
[2023-03-12T07:53:39.066+0000] {logging_mixin.py:137} INFO - [2023-03-12T07:53:39.066+0000] {dag.py:3437} INFO - Setting next_dagrun for example_branch_python_operator_decorator to 2023-03-11T00:00:00+00:00, run_after=2023-03-12T00:00:00+00:00
[2023-03-12T07:53:39.093+0000] {processor.py:175} INFO - Processing /home/melicharovykrecek/venv/lib/python3.9/site-packages/airflow/example_dags/example_branch_operator_decorator.py took 0.123 seconds
[2023-03-12T07:54:27.455+0000] {processor.py:153} INFO - Started process (PID=3142) to work on /home/melicharovykrecek/venv/lib/python3.9/site-packages/airflow/example_dags/example_branch_operator_decorator.py
[2023-03-12T07:54:27.457+0000] {processor.py:743} INFO - Processing file /home/melicharovykrecek/venv/lib/python3.9/site-packages/airflow/example_dags/example_branch_operator_decorator.py for tasks to queue
[2023-03-12T07:54:27.458+0000] {logging_mixin.py:137} INFO - [2023-03-12T07:54:27.458+0000] {dagbag.py:538} INFO - Filling up the DagBag from /home/melicharovykrecek/venv/lib/python3.9/site-packages/airflow/example_dags/example_branch_operator_decorator.py
[2023-03-12T07:54:27.494+0000] {processor.py:753} INFO - DAG(s) dict_keys(['example_branch_python_operator_decorator']) retrieved from /home/melicharovykrecek/venv/lib/python3.9/site-packages/airflow/example_dags/example_branch_operator_decorator.py
[2023-03-12T07:54:27.522+0000] {logging_mixin.py:137} INFO - [2023-03-12T07:54:27.522+0000] {dag.py:2690} INFO - Sync 1 DAGs
[2023-03-12T07:54:27.549+0000] {logging_mixin.py:137} INFO - [2023-03-12T07:54:27.548+0000] {dag.py:3437} INFO - Setting next_dagrun for example_branch_python_operator_decorator to 2023-03-11T00:00:00+00:00, run_after=2023-03-12T00:00:00+00:00
[2023-03-12T07:54:27.576+0000] {processor.py:175} INFO - Processing /home/melicharovykrecek/venv/lib/python3.9/site-packages/airflow/example_dags/example_branch_operator_decorator.py took 0.126 seconds
[2023-03-12T07:55:12.179+0000] {processor.py:153} INFO - Started process (PID=3186) to work on /home/melicharovykrecek/venv/lib/python3.9/site-packages/airflow/example_dags/example_branch_operator_decorator.py
[2023-03-12T07:55:12.181+0000] {processor.py:743} INFO - Processing file /home/melicharovykrecek/venv/lib/python3.9/site-packages/airflow/example_dags/example_branch_operator_decorator.py for tasks to queue
[2023-03-12T07:55:12.182+0000] {logging_mixin.py:137} INFO - [2023-03-12T07:55:12.182+0000] {dagbag.py:538} INFO - Filling up the DagBag from /home/melicharovykrecek/venv/lib/python3.9/site-packages/airflow/example_dags/example_branch_operator_decorator.py
[2023-03-12T07:55:12.214+0000] {processor.py:753} INFO - DAG(s) dict_keys(['example_branch_python_operator_decorator']) retrieved from /home/melicharovykrecek/venv/lib/python3.9/site-packages/airflow/example_dags/example_branch_operator_decorator.py
[2023-03-12T07:55:12.241+0000] {logging_mixin.py:137} INFO - [2023-03-12T07:55:12.241+0000] {dag.py:2690} INFO - Sync 1 DAGs
[2023-03-12T07:55:12.267+0000] {logging_mixin.py:137} INFO - [2023-03-12T07:55:12.267+0000] {dag.py:3437} INFO - Setting next_dagrun for example_branch_python_operator_decorator to 2023-03-11T00:00:00+00:00, run_after=2023-03-12T00:00:00+00:00
[2023-03-12T07:55:12.294+0000] {processor.py:175} INFO - Processing /home/melicharovykrecek/venv/lib/python3.9/site-packages/airflow/example_dags/example_branch_operator_decorator.py took 0.120 seconds
[2023-03-12T07:55:56.544+0000] {processor.py:153} INFO - Started process (PID=3231) to work on /home/melicharovykrecek/venv/lib/python3.9/site-packages/airflow/example_dags/example_branch_operator_decorator.py
[2023-03-12T07:55:56.546+0000] {processor.py:743} INFO - Processing file /home/melicharovykrecek/venv/lib/python3.9/site-packages/airflow/example_dags/example_branch_operator_decorator.py for tasks to queue
[2023-03-12T07:55:56.547+0000] {logging_mixin.py:137} INFO - [2023-03-12T07:55:56.547+0000] {dagbag.py:538} INFO - Filling up the DagBag from /home/melicharovykrecek/venv/lib/python3.9/site-packages/airflow/example_dags/example_branch_operator_decorator.py
[2023-03-12T07:55:56.579+0000] {processor.py:753} INFO - DAG(s) dict_keys(['example_branch_python_operator_decorator']) retrieved from /home/melicharovykrecek/venv/lib/python3.9/site-packages/airflow/example_dags/example_branch_operator_decorator.py
[2023-03-12T07:55:56.606+0000] {logging_mixin.py:137} INFO - [2023-03-12T07:55:56.605+0000] {dag.py:2690} INFO - Sync 1 DAGs
[2023-03-12T07:55:56.631+0000] {logging_mixin.py:137} INFO - [2023-03-12T07:55:56.631+0000] {dag.py:3437} INFO - Setting next_dagrun for example_branch_python_operator_decorator to 2023-03-11T00:00:00+00:00, run_after=2023-03-12T00:00:00+00:00
[2023-03-12T07:55:56.658+0000] {processor.py:175} INFO - Processing /home/melicharovykrecek/venv/lib/python3.9/site-packages/airflow/example_dags/example_branch_operator_decorator.py took 0.119 seconds
[2023-03-12T07:56:41.700+0000] {processor.py:153} INFO - Started process (PID=3276) to work on /home/melicharovykrecek/venv/lib/python3.9/site-packages/airflow/example_dags/example_branch_operator_decorator.py
[2023-03-12T07:56:41.702+0000] {processor.py:743} INFO - Processing file /home/melicharovykrecek/venv/lib/python3.9/site-packages/airflow/example_dags/example_branch_operator_decorator.py for tasks to queue
[2023-03-12T07:56:41.703+0000] {logging_mixin.py:137} INFO - [2023-03-12T07:56:41.703+0000] {dagbag.py:538} INFO - Filling up the DagBag from /home/melicharovykrecek/venv/lib/python3.9/site-packages/airflow/example_dags/example_branch_operator_decorator.py
[2023-03-12T07:56:41.735+0000] {processor.py:753} INFO - DAG(s) dict_keys(['example_branch_python_operator_decorator']) retrieved from /home/melicharovykrecek/venv/lib/python3.9/site-packages/airflow/example_dags/example_branch_operator_decorator.py
[2023-03-12T07:56:41.761+0000] {logging_mixin.py:137} INFO - [2023-03-12T07:56:41.761+0000] {dag.py:2690} INFO - Sync 1 DAGs
[2023-03-12T07:56:41.788+0000] {logging_mixin.py:137} INFO - [2023-03-12T07:56:41.787+0000] {dag.py:3437} INFO - Setting next_dagrun for example_branch_python_operator_decorator to 2023-03-11T00:00:00+00:00, run_after=2023-03-12T00:00:00+00:00
[2023-03-12T07:56:41.813+0000] {processor.py:175} INFO - Processing /home/melicharovykrecek/venv/lib/python3.9/site-packages/airflow/example_dags/example_branch_operator_decorator.py took 0.118 seconds
[2023-03-12T07:57:28.266+0000] {processor.py:153} INFO - Started process (PID=3321) to work on /home/melicharovykrecek/venv/lib/python3.9/site-packages/airflow/example_dags/example_branch_operator_decorator.py
[2023-03-12T07:57:28.268+0000] {processor.py:743} INFO - Processing file /home/melicharovykrecek/venv/lib/python3.9/site-packages/airflow/example_dags/example_branch_operator_decorator.py for tasks to queue
[2023-03-12T07:57:28.269+0000] {logging_mixin.py:137} INFO - [2023-03-12T07:57:28.268+0000] {dagbag.py:538} INFO - Filling up the DagBag from /home/melicharovykrecek/venv/lib/python3.9/site-packages/airflow/example_dags/example_branch_operator_decorator.py
[2023-03-12T07:57:28.303+0000] {processor.py:753} INFO - DAG(s) dict_keys(['example_branch_python_operator_decorator']) retrieved from /home/melicharovykrecek/venv/lib/python3.9/site-packages/airflow/example_dags/example_branch_operator_decorator.py
[2023-03-12T07:57:28.331+0000] {logging_mixin.py:137} INFO - [2023-03-12T07:57:28.331+0000] {dag.py:2690} INFO - Sync 1 DAGs
[2023-03-12T07:57:28.357+0000] {logging_mixin.py:137} INFO - [2023-03-12T07:57:28.357+0000] {dag.py:3437} INFO - Setting next_dagrun for example_branch_python_operator_decorator to 2023-03-11T00:00:00+00:00, run_after=2023-03-12T00:00:00+00:00
[2023-03-12T07:57:28.383+0000] {processor.py:175} INFO - Processing /home/melicharovykrecek/venv/lib/python3.9/site-packages/airflow/example_dags/example_branch_operator_decorator.py took 0.122 seconds
[2023-03-12T07:58:18.104+0000] {processor.py:153} INFO - Started process (PID=3368) to work on /home/melicharovykrecek/venv/lib/python3.9/site-packages/airflow/example_dags/example_branch_operator_decorator.py
[2023-03-12T07:58:18.107+0000] {processor.py:743} INFO - Processing file /home/melicharovykrecek/venv/lib/python3.9/site-packages/airflow/example_dags/example_branch_operator_decorator.py for tasks to queue
[2023-03-12T07:58:18.108+0000] {logging_mixin.py:137} INFO - [2023-03-12T07:58:18.107+0000] {dagbag.py:538} INFO - Filling up the DagBag from /home/melicharovykrecek/venv/lib/python3.9/site-packages/airflow/example_dags/example_branch_operator_decorator.py
[2023-03-12T07:58:18.143+0000] {processor.py:753} INFO - DAG(s) dict_keys(['example_branch_python_operator_decorator']) retrieved from /home/melicharovykrecek/venv/lib/python3.9/site-packages/airflow/example_dags/example_branch_operator_decorator.py
[2023-03-12T07:58:18.171+0000] {logging_mixin.py:137} INFO - [2023-03-12T07:58:18.171+0000] {dag.py:2690} INFO - Sync 1 DAGs
[2023-03-12T07:58:18.199+0000] {logging_mixin.py:137} INFO - [2023-03-12T07:58:18.199+0000] {dag.py:3437} INFO - Setting next_dagrun for example_branch_python_operator_decorator to 2023-03-11T00:00:00+00:00, run_after=2023-03-12T00:00:00+00:00
[2023-03-12T07:58:18.228+0000] {processor.py:175} INFO - Processing /home/melicharovykrecek/venv/lib/python3.9/site-packages/airflow/example_dags/example_branch_operator_decorator.py took 0.129 seconds
[2023-03-12T07:59:02.230+0000] {processor.py:153} INFO - Started process (PID=3412) to work on /home/melicharovykrecek/venv/lib/python3.9/site-packages/airflow/example_dags/example_branch_operator_decorator.py
[2023-03-12T07:59:02.232+0000] {processor.py:743} INFO - Processing file /home/melicharovykrecek/venv/lib/python3.9/site-packages/airflow/example_dags/example_branch_operator_decorator.py for tasks to queue
[2023-03-12T07:59:02.233+0000] {logging_mixin.py:137} INFO - [2023-03-12T07:59:02.232+0000] {dagbag.py:538} INFO - Filling up the DagBag from /home/melicharovykrecek/venv/lib/python3.9/site-packages/airflow/example_dags/example_branch_operator_decorator.py
[2023-03-12T07:59:02.265+0000] {processor.py:753} INFO - DAG(s) dict_keys(['example_branch_python_operator_decorator']) retrieved from /home/melicharovykrecek/venv/lib/python3.9/site-packages/airflow/example_dags/example_branch_operator_decorator.py
[2023-03-12T07:59:02.292+0000] {logging_mixin.py:137} INFO - [2023-03-12T07:59:02.292+0000] {dag.py:2690} INFO - Sync 1 DAGs
[2023-03-12T07:59:02.317+0000] {logging_mixin.py:137} INFO - [2023-03-12T07:59:02.317+0000] {dag.py:3437} INFO - Setting next_dagrun for example_branch_python_operator_decorator to 2023-03-11T00:00:00+00:00, run_after=2023-03-12T00:00:00+00:00
[2023-03-12T07:59:02.345+0000] {processor.py:175} INFO - Processing /home/melicharovykrecek/venv/lib/python3.9/site-packages/airflow/example_dags/example_branch_operator_decorator.py took 0.120 seconds
[2023-03-12T07:59:49.743+0000] {processor.py:153} INFO - Started process (PID=3458) to work on /home/melicharovykrecek/venv/lib/python3.9/site-packages/airflow/example_dags/example_branch_operator_decorator.py
[2023-03-12T07:59:49.745+0000] {processor.py:743} INFO - Processing file /home/melicharovykrecek/venv/lib/python3.9/site-packages/airflow/example_dags/example_branch_operator_decorator.py for tasks to queue
[2023-03-12T07:59:49.746+0000] {logging_mixin.py:137} INFO - [2023-03-12T07:59:49.746+0000] {dagbag.py:538} INFO - Filling up the DagBag from /home/melicharovykrecek/venv/lib/python3.9/site-packages/airflow/example_dags/example_branch_operator_decorator.py
[2023-03-12T07:59:49.778+0000] {processor.py:753} INFO - DAG(s) dict_keys(['example_branch_python_operator_decorator']) retrieved from /home/melicharovykrecek/venv/lib/python3.9/site-packages/airflow/example_dags/example_branch_operator_decorator.py
[2023-03-12T07:59:49.804+0000] {logging_mixin.py:137} INFO - [2023-03-12T07:59:49.804+0000] {dag.py:2690} INFO - Sync 1 DAGs
[2023-03-12T07:59:49.831+0000] {logging_mixin.py:137} INFO - [2023-03-12T07:59:49.830+0000] {dag.py:3437} INFO - Setting next_dagrun for example_branch_python_operator_decorator to 2023-03-11T00:00:00+00:00, run_after=2023-03-12T00:00:00+00:00
[2023-03-12T07:59:49.858+0000] {processor.py:175} INFO - Processing /home/melicharovykrecek/venv/lib/python3.9/site-packages/airflow/example_dags/example_branch_operator_decorator.py took 0.120 seconds
[2023-03-12T08:00:37.975+0000] {processor.py:153} INFO - Started process (PID=3531) to work on /home/melicharovykrecek/venv/lib/python3.9/site-packages/airflow/example_dags/example_branch_operator_decorator.py
[2023-03-12T08:00:37.977+0000] {processor.py:743} INFO - Processing file /home/melicharovykrecek/venv/lib/python3.9/site-packages/airflow/example_dags/example_branch_operator_decorator.py for tasks to queue
[2023-03-12T08:00:37.978+0000] {logging_mixin.py:137} INFO - [2023-03-12T08:00:37.978+0000] {dagbag.py:538} INFO - Filling up the DagBag from /home/melicharovykrecek/venv/lib/python3.9/site-packages/airflow/example_dags/example_branch_operator_decorator.py
[2023-03-12T08:00:38.015+0000] {processor.py:753} INFO - DAG(s) dict_keys(['example_branch_python_operator_decorator']) retrieved from /home/melicharovykrecek/venv/lib/python3.9/site-packages/airflow/example_dags/example_branch_operator_decorator.py
[2023-03-12T08:00:38.045+0000] {logging_mixin.py:137} INFO - [2023-03-12T08:00:38.045+0000] {dag.py:2690} INFO - Sync 1 DAGs
[2023-03-12T08:00:38.072+0000] {logging_mixin.py:137} INFO - [2023-03-12T08:00:38.072+0000] {dag.py:3437} INFO - Setting next_dagrun for example_branch_python_operator_decorator to 2023-03-11T00:00:00+00:00, run_after=2023-03-12T00:00:00+00:00
[2023-03-12T08:00:38.102+0000] {processor.py:175} INFO - Processing /home/melicharovykrecek/venv/lib/python3.9/site-packages/airflow/example_dags/example_branch_operator_decorator.py took 0.132 seconds
[2023-03-12T08:01:25.610+0000] {processor.py:153} INFO - Started process (PID=3584) to work on /home/melicharovykrecek/venv/lib/python3.9/site-packages/airflow/example_dags/example_branch_operator_decorator.py
[2023-03-12T08:01:25.612+0000] {processor.py:743} INFO - Processing file /home/melicharovykrecek/venv/lib/python3.9/site-packages/airflow/example_dags/example_branch_operator_decorator.py for tasks to queue
[2023-03-12T08:01:25.613+0000] {logging_mixin.py:137} INFO - [2023-03-12T08:01:25.612+0000] {dagbag.py:538} INFO - Filling up the DagBag from /home/melicharovykrecek/venv/lib/python3.9/site-packages/airflow/example_dags/example_branch_operator_decorator.py
[2023-03-12T08:01:25.648+0000] {processor.py:753} INFO - DAG(s) dict_keys(['example_branch_python_operator_decorator']) retrieved from /home/melicharovykrecek/venv/lib/python3.9/site-packages/airflow/example_dags/example_branch_operator_decorator.py
[2023-03-12T08:01:25.676+0000] {logging_mixin.py:137} INFO - [2023-03-12T08:01:25.676+0000] {dag.py:2690} INFO - Sync 1 DAGs
[2023-03-12T08:01:25.704+0000] {logging_mixin.py:137} INFO - [2023-03-12T08:01:25.703+0000] {dag.py:3437} INFO - Setting next_dagrun for example_branch_python_operator_decorator to 2023-03-11T00:00:00+00:00, run_after=2023-03-12T00:00:00+00:00
[2023-03-12T08:01:25.732+0000] {processor.py:175} INFO - Processing /home/melicharovykrecek/venv/lib/python3.9/site-packages/airflow/example_dags/example_branch_operator_decorator.py took 0.127 seconds
[2023-03-12T08:02:13.885+0000] {processor.py:153} INFO - Started process (PID=3630) to work on /home/melicharovykrecek/venv/lib/python3.9/site-packages/airflow/example_dags/example_branch_operator_decorator.py
[2023-03-12T08:02:13.888+0000] {processor.py:743} INFO - Processing file /home/melicharovykrecek/venv/lib/python3.9/site-packages/airflow/example_dags/example_branch_operator_decorator.py for tasks to queue
[2023-03-12T08:02:13.889+0000] {logging_mixin.py:137} INFO - [2023-03-12T08:02:13.889+0000] {dagbag.py:538} INFO - Filling up the DagBag from /home/melicharovykrecek/venv/lib/python3.9/site-packages/airflow/example_dags/example_branch_operator_decorator.py
[2023-03-12T08:02:13.928+0000] {processor.py:753} INFO - DAG(s) dict_keys(['example_branch_python_operator_decorator']) retrieved from /home/melicharovykrecek/venv/lib/python3.9/site-packages/airflow/example_dags/example_branch_operator_decorator.py
[2023-03-12T08:02:13.955+0000] {logging_mixin.py:137} INFO - [2023-03-12T08:02:13.955+0000] {dag.py:2690} INFO - Sync 1 DAGs
[2023-03-12T08:02:13.985+0000] {logging_mixin.py:137} INFO - [2023-03-12T08:02:13.985+0000] {dag.py:3437} INFO - Setting next_dagrun for example_branch_python_operator_decorator to 2023-03-11T00:00:00+00:00, run_after=2023-03-12T00:00:00+00:00
[2023-03-12T08:02:14.022+0000] {processor.py:175} INFO - Processing /home/melicharovykrecek/venv/lib/python3.9/site-packages/airflow/example_dags/example_branch_operator_decorator.py took 0.141 seconds
[2023-03-12T08:02:58.543+0000] {processor.py:153} INFO - Started process (PID=3674) to work on /home/melicharovykrecek/venv/lib/python3.9/site-packages/airflow/example_dags/example_branch_operator_decorator.py
[2023-03-12T08:02:58.545+0000] {processor.py:743} INFO - Processing file /home/melicharovykrecek/venv/lib/python3.9/site-packages/airflow/example_dags/example_branch_operator_decorator.py for tasks to queue
[2023-03-12T08:02:58.546+0000] {logging_mixin.py:137} INFO - [2023-03-12T08:02:58.546+0000] {dagbag.py:538} INFO - Filling up the DagBag from /home/melicharovykrecek/venv/lib/python3.9/site-packages/airflow/example_dags/example_branch_operator_decorator.py
[2023-03-12T08:02:58.579+0000] {processor.py:753} INFO - DAG(s) dict_keys(['example_branch_python_operator_decorator']) retrieved from /home/melicharovykrecek/venv/lib/python3.9/site-packages/airflow/example_dags/example_branch_operator_decorator.py
[2023-03-12T08:02:58.605+0000] {logging_mixin.py:137} INFO - [2023-03-12T08:02:58.605+0000] {dag.py:2690} INFO - Sync 1 DAGs
[2023-03-12T08:02:58.633+0000] {logging_mixin.py:137} INFO - [2023-03-12T08:02:58.632+0000] {dag.py:3437} INFO - Setting next_dagrun for example_branch_python_operator_decorator to 2023-03-11T00:00:00+00:00, run_after=2023-03-12T00:00:00+00:00
[2023-03-12T08:02:58.658+0000] {processor.py:175} INFO - Processing /home/melicharovykrecek/venv/lib/python3.9/site-packages/airflow/example_dags/example_branch_operator_decorator.py took 0.120 seconds
[2023-03-12T08:03:48.026+0000] {processor.py:153} INFO - Started process (PID=3721) to work on /home/melicharovykrecek/venv/lib/python3.9/site-packages/airflow/example_dags/example_branch_operator_decorator.py
[2023-03-12T08:03:48.028+0000] {processor.py:743} INFO - Processing file /home/melicharovykrecek/venv/lib/python3.9/site-packages/airflow/example_dags/example_branch_operator_decorator.py for tasks to queue
[2023-03-12T08:03:48.029+0000] {logging_mixin.py:137} INFO - [2023-03-12T08:03:48.029+0000] {dagbag.py:538} INFO - Filling up the DagBag from /home/melicharovykrecek/venv/lib/python3.9/site-packages/airflow/example_dags/example_branch_operator_decorator.py
[2023-03-12T08:03:48.063+0000] {processor.py:753} INFO - DAG(s) dict_keys(['example_branch_python_operator_decorator']) retrieved from /home/melicharovykrecek/venv/lib/python3.9/site-packages/airflow/example_dags/example_branch_operator_decorator.py
[2023-03-12T08:03:48.089+0000] {logging_mixin.py:137} INFO - [2023-03-12T08:03:48.088+0000] {dag.py:2690} INFO - Sync 1 DAGs
[2023-03-12T08:03:48.115+0000] {logging_mixin.py:137} INFO - [2023-03-12T08:03:48.115+0000] {dag.py:3437} INFO - Setting next_dagrun for example_branch_python_operator_decorator to 2023-03-11T00:00:00+00:00, run_after=2023-03-12T00:00:00+00:00
[2023-03-12T08:03:48.142+0000] {processor.py:175} INFO - Processing /home/melicharovykrecek/venv/lib/python3.9/site-packages/airflow/example_dags/example_branch_operator_decorator.py took 0.121 seconds
[2023-03-12T08:04:30.267+0000] {processor.py:153} INFO - Started process (PID=3763) to work on /home/melicharovykrecek/venv/lib/python3.9/site-packages/airflow/example_dags/example_branch_operator_decorator.py
[2023-03-12T08:04:30.269+0000] {processor.py:743} INFO - Processing file /home/melicharovykrecek/venv/lib/python3.9/site-packages/airflow/example_dags/example_branch_operator_decorator.py for tasks to queue
[2023-03-12T08:04:30.270+0000] {logging_mixin.py:137} INFO - [2023-03-12T08:04:30.270+0000] {dagbag.py:538} INFO - Filling up the DagBag from /home/melicharovykrecek/venv/lib/python3.9/site-packages/airflow/example_dags/example_branch_operator_decorator.py
[2023-03-12T08:04:30.303+0000] {processor.py:753} INFO - DAG(s) dict_keys(['example_branch_python_operator_decorator']) retrieved from /home/melicharovykrecek/venv/lib/python3.9/site-packages/airflow/example_dags/example_branch_operator_decorator.py
[2023-03-12T08:04:30.330+0000] {logging_mixin.py:137} INFO - [2023-03-12T08:04:30.330+0000] {dag.py:2690} INFO - Sync 1 DAGs
[2023-03-12T08:04:30.354+0000] {logging_mixin.py:137} INFO - [2023-03-12T08:04:30.354+0000] {dag.py:3437} INFO - Setting next_dagrun for example_branch_python_operator_decorator to 2023-03-11T00:00:00+00:00, run_after=2023-03-12T00:00:00+00:00
[2023-03-12T08:04:30.380+0000] {processor.py:175} INFO - Processing /home/melicharovykrecek/venv/lib/python3.9/site-packages/airflow/example_dags/example_branch_operator_decorator.py took 0.118 seconds
[2023-03-12T08:05:19.851+0000] {processor.py:153} INFO - Started process (PID=3811) to work on /home/melicharovykrecek/venv/lib/python3.9/site-packages/airflow/example_dags/example_branch_operator_decorator.py
[2023-03-12T08:05:19.853+0000] {processor.py:743} INFO - Processing file /home/melicharovykrecek/venv/lib/python3.9/site-packages/airflow/example_dags/example_branch_operator_decorator.py for tasks to queue
[2023-03-12T08:05:19.854+0000] {logging_mixin.py:137} INFO - [2023-03-12T08:05:19.853+0000] {dagbag.py:538} INFO - Filling up the DagBag from /home/melicharovykrecek/venv/lib/python3.9/site-packages/airflow/example_dags/example_branch_operator_decorator.py
[2023-03-12T08:05:19.889+0000] {processor.py:753} INFO - DAG(s) dict_keys(['example_branch_python_operator_decorator']) retrieved from /home/melicharovykrecek/venv/lib/python3.9/site-packages/airflow/example_dags/example_branch_operator_decorator.py
[2023-03-12T08:05:19.915+0000] {logging_mixin.py:137} INFO - [2023-03-12T08:05:19.915+0000] {dag.py:2690} INFO - Sync 1 DAGs
[2023-03-12T08:05:19.941+0000] {logging_mixin.py:137} INFO - [2023-03-12T08:05:19.940+0000] {dag.py:3437} INFO - Setting next_dagrun for example_branch_python_operator_decorator to 2023-03-11T00:00:00+00:00, run_after=2023-03-12T00:00:00+00:00
[2023-03-12T08:05:19.969+0000] {processor.py:175} INFO - Processing /home/melicharovykrecek/venv/lib/python3.9/site-packages/airflow/example_dags/example_branch_operator_decorator.py took 0.123 seconds
[2023-03-12T08:06:09.758+0000] {processor.py:153} INFO - Started process (PID=3858) to work on /home/melicharovykrecek/venv/lib/python3.9/site-packages/airflow/example_dags/example_branch_operator_decorator.py
[2023-03-12T08:06:09.760+0000] {processor.py:743} INFO - Processing file /home/melicharovykrecek/venv/lib/python3.9/site-packages/airflow/example_dags/example_branch_operator_decorator.py for tasks to queue
[2023-03-12T08:06:09.761+0000] {logging_mixin.py:137} INFO - [2023-03-12T08:06:09.761+0000] {dagbag.py:538} INFO - Filling up the DagBag from /home/melicharovykrecek/venv/lib/python3.9/site-packages/airflow/example_dags/example_branch_operator_decorator.py
[2023-03-12T08:06:09.794+0000] {processor.py:753} INFO - DAG(s) dict_keys(['example_branch_python_operator_decorator']) retrieved from /home/melicharovykrecek/venv/lib/python3.9/site-packages/airflow/example_dags/example_branch_operator_decorator.py
[2023-03-12T08:06:09.822+0000] {logging_mixin.py:137} INFO - [2023-03-12T08:06:09.821+0000] {dag.py:2690} INFO - Sync 1 DAGs
[2023-03-12T08:06:09.847+0000] {logging_mixin.py:137} INFO - [2023-03-12T08:06:09.847+0000] {dag.py:3437} INFO - Setting next_dagrun for example_branch_python_operator_decorator to 2023-03-11T00:00:00+00:00, run_after=2023-03-12T00:00:00+00:00
[2023-03-12T08:06:10.057+0000] {processor.py:175} INFO - Processing /home/melicharovykrecek/venv/lib/python3.9/site-packages/airflow/example_dags/example_branch_operator_decorator.py took 0.304 seconds
[2023-03-12T08:06:59.969+0000] {processor.py:153} INFO - Started process (PID=3908) to work on /home/melicharovykrecek/venv/lib/python3.9/site-packages/airflow/example_dags/example_branch_operator_decorator.py
[2023-03-12T08:06:59.972+0000] {processor.py:743} INFO - Processing file /home/melicharovykrecek/venv/lib/python3.9/site-packages/airflow/example_dags/example_branch_operator_decorator.py for tasks to queue
[2023-03-12T08:06:59.972+0000] {logging_mixin.py:137} INFO - [2023-03-12T08:06:59.972+0000] {dagbag.py:538} INFO - Filling up the DagBag from /home/melicharovykrecek/venv/lib/python3.9/site-packages/airflow/example_dags/example_branch_operator_decorator.py
[2023-03-12T08:07:00.004+0000] {processor.py:753} INFO - DAG(s) dict_keys(['example_branch_python_operator_decorator']) retrieved from /home/melicharovykrecek/venv/lib/python3.9/site-packages/airflow/example_dags/example_branch_operator_decorator.py
[2023-03-12T08:07:00.030+0000] {logging_mixin.py:137} INFO - [2023-03-12T08:07:00.029+0000] {dag.py:2690} INFO - Sync 1 DAGs
[2023-03-12T08:07:00.056+0000] {logging_mixin.py:137} INFO - [2023-03-12T08:07:00.056+0000] {dag.py:3437} INFO - Setting next_dagrun for example_branch_python_operator_decorator to 2023-03-11T00:00:00+00:00, run_after=2023-03-12T00:00:00+00:00
[2023-03-12T08:07:00.082+0000] {processor.py:175} INFO - Processing /home/melicharovykrecek/venv/lib/python3.9/site-packages/airflow/example_dags/example_branch_operator_decorator.py took 0.118 seconds
[2023-03-12T08:07:46.959+0000] {processor.py:153} INFO - Started process (PID=3964) to work on /home/melicharovykrecek/venv/lib/python3.9/site-packages/airflow/example_dags/example_branch_operator_decorator.py
[2023-03-12T08:07:46.961+0000] {processor.py:743} INFO - Processing file /home/melicharovykrecek/venv/lib/python3.9/site-packages/airflow/example_dags/example_branch_operator_decorator.py for tasks to queue
[2023-03-12T08:07:46.962+0000] {logging_mixin.py:137} INFO - [2023-03-12T08:07:46.962+0000] {dagbag.py:538} INFO - Filling up the DagBag from /home/melicharovykrecek/venv/lib/python3.9/site-packages/airflow/example_dags/example_branch_operator_decorator.py
[2023-03-12T08:07:46.998+0000] {processor.py:753} INFO - DAG(s) dict_keys(['example_branch_python_operator_decorator']) retrieved from /home/melicharovykrecek/venv/lib/python3.9/site-packages/airflow/example_dags/example_branch_operator_decorator.py
[2023-03-12T08:07:47.027+0000] {logging_mixin.py:137} INFO - [2023-03-12T08:07:47.027+0000] {dag.py:2690} INFO - Sync 1 DAGs
[2023-03-12T08:07:47.055+0000] {logging_mixin.py:137} INFO - [2023-03-12T08:07:47.055+0000] {dag.py:3437} INFO - Setting next_dagrun for example_branch_python_operator_decorator to 2023-03-11T00:00:00+00:00, run_after=2023-03-12T00:00:00+00:00
[2023-03-12T08:07:47.084+0000] {processor.py:175} INFO - Processing /home/melicharovykrecek/venv/lib/python3.9/site-packages/airflow/example_dags/example_branch_operator_decorator.py took 0.130 seconds
[2023-03-12T08:08:31.679+0000] {processor.py:153} INFO - Started process (PID=4046) to work on /home/melicharovykrecek/venv/lib/python3.9/site-packages/airflow/example_dags/example_branch_operator_decorator.py
[2023-03-12T08:08:31.681+0000] {processor.py:743} INFO - Processing file /home/melicharovykrecek/venv/lib/python3.9/site-packages/airflow/example_dags/example_branch_operator_decorator.py for tasks to queue
[2023-03-12T08:08:31.682+0000] {logging_mixin.py:137} INFO - [2023-03-12T08:08:31.682+0000] {dagbag.py:538} INFO - Filling up the DagBag from /home/melicharovykrecek/venv/lib/python3.9/site-packages/airflow/example_dags/example_branch_operator_decorator.py
[2023-03-12T08:08:31.716+0000] {processor.py:753} INFO - DAG(s) dict_keys(['example_branch_python_operator_decorator']) retrieved from /home/melicharovykrecek/venv/lib/python3.9/site-packages/airflow/example_dags/example_branch_operator_decorator.py
[2023-03-12T08:08:31.745+0000] {logging_mixin.py:137} INFO - [2023-03-12T08:08:31.745+0000] {dag.py:2690} INFO - Sync 1 DAGs
[2023-03-12T08:08:31.772+0000] {logging_mixin.py:137} INFO - [2023-03-12T08:08:31.772+0000] {dag.py:3437} INFO - Setting next_dagrun for example_branch_python_operator_decorator to 2023-03-11T00:00:00+00:00, run_after=2023-03-12T00:00:00+00:00
[2023-03-12T08:08:31.802+0000] {processor.py:175} INFO - Processing /home/melicharovykrecek/venv/lib/python3.9/site-packages/airflow/example_dags/example_branch_operator_decorator.py took 0.127 seconds
[2023-03-12T08:09:22.653+0000] {processor.py:153} INFO - Started process (PID=4094) to work on /home/melicharovykrecek/venv/lib/python3.9/site-packages/airflow/example_dags/example_branch_operator_decorator.py
[2023-03-12T08:09:22.655+0000] {processor.py:743} INFO - Processing file /home/melicharovykrecek/venv/lib/python3.9/site-packages/airflow/example_dags/example_branch_operator_decorator.py for tasks to queue
[2023-03-12T08:09:22.656+0000] {logging_mixin.py:137} INFO - [2023-03-12T08:09:22.656+0000] {dagbag.py:538} INFO - Filling up the DagBag from /home/melicharovykrecek/venv/lib/python3.9/site-packages/airflow/example_dags/example_branch_operator_decorator.py
[2023-03-12T08:09:22.690+0000] {processor.py:753} INFO - DAG(s) dict_keys(['example_branch_python_operator_decorator']) retrieved from /home/melicharovykrecek/venv/lib/python3.9/site-packages/airflow/example_dags/example_branch_operator_decorator.py
[2023-03-12T08:09:22.717+0000] {logging_mixin.py:137} INFO - [2023-03-12T08:09:22.717+0000] {dag.py:2690} INFO - Sync 1 DAGs
[2023-03-12T08:09:22.745+0000] {logging_mixin.py:137} INFO - [2023-03-12T08:09:22.745+0000] {dag.py:3437} INFO - Setting next_dagrun for example_branch_python_operator_decorator to 2023-03-11T00:00:00+00:00, run_after=2023-03-12T00:00:00+00:00
[2023-03-12T08:09:22.778+0000] {processor.py:175} INFO - Processing /home/melicharovykrecek/venv/lib/python3.9/site-packages/airflow/example_dags/example_branch_operator_decorator.py took 0.130 seconds
[2023-03-12T08:10:14.144+0000] {processor.py:153} INFO - Started process (PID=4142) to work on /home/melicharovykrecek/venv/lib/python3.9/site-packages/airflow/example_dags/example_branch_operator_decorator.py
[2023-03-12T08:10:14.147+0000] {processor.py:743} INFO - Processing file /home/melicharovykrecek/venv/lib/python3.9/site-packages/airflow/example_dags/example_branch_operator_decorator.py for tasks to queue
[2023-03-12T08:10:14.148+0000] {logging_mixin.py:137} INFO - [2023-03-12T08:10:14.147+0000] {dagbag.py:538} INFO - Filling up the DagBag from /home/melicharovykrecek/venv/lib/python3.9/site-packages/airflow/example_dags/example_branch_operator_decorator.py
[2023-03-12T08:10:14.183+0000] {processor.py:753} INFO - DAG(s) dict_keys(['example_branch_python_operator_decorator']) retrieved from /home/melicharovykrecek/venv/lib/python3.9/site-packages/airflow/example_dags/example_branch_operator_decorator.py
[2023-03-12T08:10:14.212+0000] {logging_mixin.py:137} INFO - [2023-03-12T08:10:14.212+0000] {dag.py:2690} INFO - Sync 1 DAGs
[2023-03-12T08:10:14.241+0000] {logging_mixin.py:137} INFO - [2023-03-12T08:10:14.241+0000] {dag.py:3437} INFO - Setting next_dagrun for example_branch_python_operator_decorator to 2023-03-11T00:00:00+00:00, run_after=2023-03-12T00:00:00+00:00
[2023-03-12T08:10:14.272+0000] {processor.py:175} INFO - Processing /home/melicharovykrecek/venv/lib/python3.9/site-packages/airflow/example_dags/example_branch_operator_decorator.py took 0.133 seconds
[2023-03-12T08:10:53.604+0000] {processor.py:153} INFO - Started process (PID=4184) to work on /home/melicharovykrecek/venv/lib/python3.9/site-packages/airflow/example_dags/example_branch_operator_decorator.py
[2023-03-12T08:10:53.606+0000] {processor.py:743} INFO - Processing file /home/melicharovykrecek/venv/lib/python3.9/site-packages/airflow/example_dags/example_branch_operator_decorator.py for tasks to queue
[2023-03-12T08:10:53.607+0000] {logging_mixin.py:137} INFO - [2023-03-12T08:10:53.607+0000] {dagbag.py:538} INFO - Filling up the DagBag from /home/melicharovykrecek/venv/lib/python3.9/site-packages/airflow/example_dags/example_branch_operator_decorator.py
[2023-03-12T08:10:53.640+0000] {processor.py:753} INFO - DAG(s) dict_keys(['example_branch_python_operator_decorator']) retrieved from /home/melicharovykrecek/venv/lib/python3.9/site-packages/airflow/example_dags/example_branch_operator_decorator.py
[2023-03-12T08:10:53.665+0000] {logging_mixin.py:137} INFO - [2023-03-12T08:10:53.665+0000] {dag.py:2690} INFO - Sync 1 DAGs
[2023-03-12T08:10:53.694+0000] {logging_mixin.py:137} INFO - [2023-03-12T08:10:53.693+0000] {dag.py:3437} INFO - Setting next_dagrun for example_branch_python_operator_decorator to 2023-03-11T00:00:00+00:00, run_after=2023-03-12T00:00:00+00:00
[2023-03-12T08:10:53.721+0000] {processor.py:175} INFO - Processing /home/melicharovykrecek/venv/lib/python3.9/site-packages/airflow/example_dags/example_branch_operator_decorator.py took 0.122 seconds
[2023-03-12T08:11:42.114+0000] {processor.py:153} INFO - Started process (PID=4250) to work on /home/melicharovykrecek/venv/lib/python3.9/site-packages/airflow/example_dags/example_branch_operator_decorator.py
[2023-03-12T08:11:42.117+0000] {processor.py:743} INFO - Processing file /home/melicharovykrecek/venv/lib/python3.9/site-packages/airflow/example_dags/example_branch_operator_decorator.py for tasks to queue
[2023-03-12T08:11:42.118+0000] {logging_mixin.py:137} INFO - [2023-03-12T08:11:42.118+0000] {dagbag.py:538} INFO - Filling up the DagBag from /home/melicharovykrecek/venv/lib/python3.9/site-packages/airflow/example_dags/example_branch_operator_decorator.py
[2023-03-12T08:11:42.153+0000] {processor.py:753} INFO - DAG(s) dict_keys(['example_branch_python_operator_decorator']) retrieved from /home/melicharovykrecek/venv/lib/python3.9/site-packages/airflow/example_dags/example_branch_operator_decorator.py
[2023-03-12T08:11:42.181+0000] {logging_mixin.py:137} INFO - [2023-03-12T08:11:42.180+0000] {dag.py:2690} INFO - Sync 1 DAGs
[2023-03-12T08:11:42.207+0000] {logging_mixin.py:137} INFO - [2023-03-12T08:11:42.207+0000] {dag.py:3437} INFO - Setting next_dagrun for example_branch_python_operator_decorator to 2023-03-11T00:00:00+00:00, run_after=2023-03-12T00:00:00+00:00
[2023-03-12T08:11:42.238+0000] {processor.py:175} INFO - Processing /home/melicharovykrecek/venv/lib/python3.9/site-packages/airflow/example_dags/example_branch_operator_decorator.py took 0.128 seconds
[2023-03-12T08:12:32.486+0000] {processor.py:153} INFO - Started process (PID=4324) to work on /home/melicharovykrecek/venv/lib/python3.9/site-packages/airflow/example_dags/example_branch_operator_decorator.py
[2023-03-12T08:12:32.488+0000] {processor.py:743} INFO - Processing file /home/melicharovykrecek/venv/lib/python3.9/site-packages/airflow/example_dags/example_branch_operator_decorator.py for tasks to queue
[2023-03-12T08:12:32.489+0000] {logging_mixin.py:137} INFO - [2023-03-12T08:12:32.489+0000] {dagbag.py:538} INFO - Filling up the DagBag from /home/melicharovykrecek/venv/lib/python3.9/site-packages/airflow/example_dags/example_branch_operator_decorator.py
[2023-03-12T08:12:32.523+0000] {processor.py:753} INFO - DAG(s) dict_keys(['example_branch_python_operator_decorator']) retrieved from /home/melicharovykrecek/venv/lib/python3.9/site-packages/airflow/example_dags/example_branch_operator_decorator.py
[2023-03-12T08:12:32.550+0000] {logging_mixin.py:137} INFO - [2023-03-12T08:12:32.550+0000] {dag.py:2690} INFO - Sync 1 DAGs
[2023-03-12T08:12:32.577+0000] {logging_mixin.py:137} INFO - [2023-03-12T08:12:32.576+0000] {dag.py:3437} INFO - Setting next_dagrun for example_branch_python_operator_decorator to 2023-03-11T00:00:00+00:00, run_after=2023-03-12T00:00:00+00:00
[2023-03-12T08:12:32.606+0000] {processor.py:175} INFO - Processing /home/melicharovykrecek/venv/lib/python3.9/site-packages/airflow/example_dags/example_branch_operator_decorator.py took 0.125 seconds
[2023-03-12T08:13:20.259+0000] {processor.py:153} INFO - Started process (PID=4376) to work on /home/melicharovykrecek/venv/lib/python3.9/site-packages/airflow/example_dags/example_branch_operator_decorator.py
[2023-03-12T08:13:20.261+0000] {processor.py:743} INFO - Processing file /home/melicharovykrecek/venv/lib/python3.9/site-packages/airflow/example_dags/example_branch_operator_decorator.py for tasks to queue
[2023-03-12T08:13:20.262+0000] {logging_mixin.py:137} INFO - [2023-03-12T08:13:20.262+0000] {dagbag.py:538} INFO - Filling up the DagBag from /home/melicharovykrecek/venv/lib/python3.9/site-packages/airflow/example_dags/example_branch_operator_decorator.py
[2023-03-12T08:13:20.298+0000] {processor.py:753} INFO - DAG(s) dict_keys(['example_branch_python_operator_decorator']) retrieved from /home/melicharovykrecek/venv/lib/python3.9/site-packages/airflow/example_dags/example_branch_operator_decorator.py
[2023-03-12T08:13:20.326+0000] {logging_mixin.py:137} INFO - [2023-03-12T08:13:20.326+0000] {dag.py:2690} INFO - Sync 1 DAGs
[2023-03-12T08:13:20.354+0000] {logging_mixin.py:137} INFO - [2023-03-12T08:13:20.354+0000] {dag.py:3437} INFO - Setting next_dagrun for example_branch_python_operator_decorator to 2023-03-11T00:00:00+00:00, run_after=2023-03-12T00:00:00+00:00
[2023-03-12T08:13:20.562+0000] {processor.py:175} INFO - Processing /home/melicharovykrecek/venv/lib/python3.9/site-packages/airflow/example_dags/example_branch_operator_decorator.py took 0.308 seconds
[2023-03-12T08:14:02.436+0000] {processor.py:153} INFO - Started process (PID=4421) to work on /home/melicharovykrecek/venv/lib/python3.9/site-packages/airflow/example_dags/example_branch_operator_decorator.py
[2023-03-12T08:14:02.438+0000] {processor.py:743} INFO - Processing file /home/melicharovykrecek/venv/lib/python3.9/site-packages/airflow/example_dags/example_branch_operator_decorator.py for tasks to queue
[2023-03-12T08:14:02.438+0000] {logging_mixin.py:137} INFO - [2023-03-12T08:14:02.438+0000] {dagbag.py:538} INFO - Filling up the DagBag from /home/melicharovykrecek/venv/lib/python3.9/site-packages/airflow/example_dags/example_branch_operator_decorator.py
[2023-03-12T08:14:02.472+0000] {processor.py:753} INFO - DAG(s) dict_keys(['example_branch_python_operator_decorator']) retrieved from /home/melicharovykrecek/venv/lib/python3.9/site-packages/airflow/example_dags/example_branch_operator_decorator.py
[2023-03-12T08:14:02.499+0000] {logging_mixin.py:137} INFO - [2023-03-12T08:14:02.499+0000] {dag.py:2690} INFO - Sync 1 DAGs
[2023-03-12T08:14:02.526+0000] {logging_mixin.py:137} INFO - [2023-03-12T08:14:02.526+0000] {dag.py:3437} INFO - Setting next_dagrun for example_branch_python_operator_decorator to 2023-03-11T00:00:00+00:00, run_after=2023-03-12T00:00:00+00:00
[2023-03-12T08:14:02.553+0000] {processor.py:175} INFO - Processing /home/melicharovykrecek/venv/lib/python3.9/site-packages/airflow/example_dags/example_branch_operator_decorator.py took 0.122 seconds
[2023-03-12T08:14:51.750+0000] {processor.py:153} INFO - Started process (PID=4486) to work on /home/melicharovykrecek/venv/lib/python3.9/site-packages/airflow/example_dags/example_branch_operator_decorator.py
[2023-03-12T08:14:51.752+0000] {processor.py:743} INFO - Processing file /home/melicharovykrecek/venv/lib/python3.9/site-packages/airflow/example_dags/example_branch_operator_decorator.py for tasks to queue
[2023-03-12T08:14:51.753+0000] {logging_mixin.py:137} INFO - [2023-03-12T08:14:51.752+0000] {dagbag.py:538} INFO - Filling up the DagBag from /home/melicharovykrecek/venv/lib/python3.9/site-packages/airflow/example_dags/example_branch_operator_decorator.py
[2023-03-12T08:14:51.786+0000] {processor.py:753} INFO - DAG(s) dict_keys(['example_branch_python_operator_decorator']) retrieved from /home/melicharovykrecek/venv/lib/python3.9/site-packages/airflow/example_dags/example_branch_operator_decorator.py
[2023-03-12T08:14:51.813+0000] {logging_mixin.py:137} INFO - [2023-03-12T08:14:51.812+0000] {dag.py:2690} INFO - Sync 1 DAGs
[2023-03-12T08:14:51.847+0000] {logging_mixin.py:137} INFO - [2023-03-12T08:14:51.846+0000] {dag.py:3437} INFO - Setting next_dagrun for example_branch_python_operator_decorator to 2023-03-11T00:00:00+00:00, run_after=2023-03-12T00:00:00+00:00
[2023-03-12T08:14:51.872+0000] {processor.py:175} INFO - Processing /home/melicharovykrecek/venv/lib/python3.9/site-packages/airflow/example_dags/example_branch_operator_decorator.py took 0.128 seconds
[2023-03-12T08:15:39.787+0000] {processor.py:153} INFO - Started process (PID=4534) to work on /home/melicharovykrecek/venv/lib/python3.9/site-packages/airflow/example_dags/example_branch_operator_decorator.py
[2023-03-12T08:15:39.789+0000] {processor.py:743} INFO - Processing file /home/melicharovykrecek/venv/lib/python3.9/site-packages/airflow/example_dags/example_branch_operator_decorator.py for tasks to queue
[2023-03-12T08:15:39.790+0000] {logging_mixin.py:137} INFO - [2023-03-12T08:15:39.789+0000] {dagbag.py:538} INFO - Filling up the DagBag from /home/melicharovykrecek/venv/lib/python3.9/site-packages/airflow/example_dags/example_branch_operator_decorator.py
[2023-03-12T08:15:39.823+0000] {processor.py:753} INFO - DAG(s) dict_keys(['example_branch_python_operator_decorator']) retrieved from /home/melicharovykrecek/venv/lib/python3.9/site-packages/airflow/example_dags/example_branch_operator_decorator.py
[2023-03-12T08:15:39.850+0000] {logging_mixin.py:137} INFO - [2023-03-12T08:15:39.850+0000] {dag.py:2690} INFO - Sync 1 DAGs
[2023-03-12T08:15:39.875+0000] {logging_mixin.py:137} INFO - [2023-03-12T08:15:39.875+0000] {dag.py:3437} INFO - Setting next_dagrun for example_branch_python_operator_decorator to 2023-03-11T00:00:00+00:00, run_after=2023-03-12T00:00:00+00:00
[2023-03-12T08:15:39.903+0000] {processor.py:175} INFO - Processing /home/melicharovykrecek/venv/lib/python3.9/site-packages/airflow/example_dags/example_branch_operator_decorator.py took 0.121 seconds
[2023-03-12T08:16:34.070+0000] {processor.py:153} INFO - Started process (PID=4590) to work on /home/melicharovykrecek/venv/lib/python3.9/site-packages/airflow/example_dags/example_branch_operator_decorator.py
[2023-03-12T08:16:34.072+0000] {processor.py:743} INFO - Processing file /home/melicharovykrecek/venv/lib/python3.9/site-packages/airflow/example_dags/example_branch_operator_decorator.py for tasks to queue
[2023-03-12T08:16:34.073+0000] {logging_mixin.py:137} INFO - [2023-03-12T08:16:34.073+0000] {dagbag.py:538} INFO - Filling up the DagBag from /home/melicharovykrecek/venv/lib/python3.9/site-packages/airflow/example_dags/example_branch_operator_decorator.py
[2023-03-12T08:16:34.106+0000] {processor.py:753} INFO - DAG(s) dict_keys(['example_branch_python_operator_decorator']) retrieved from /home/melicharovykrecek/venv/lib/python3.9/site-packages/airflow/example_dags/example_branch_operator_decorator.py
[2023-03-12T08:16:34.132+0000] {logging_mixin.py:137} INFO - [2023-03-12T08:16:34.131+0000] {dag.py:2690} INFO - Sync 1 DAGs
[2023-03-12T08:16:34.157+0000] {logging_mixin.py:137} INFO - [2023-03-12T08:16:34.157+0000] {dag.py:3437} INFO - Setting next_dagrun for example_branch_python_operator_decorator to 2023-03-11T00:00:00+00:00, run_after=2023-03-12T00:00:00+00:00
[2023-03-12T08:16:34.186+0000] {processor.py:175} INFO - Processing /home/melicharovykrecek/venv/lib/python3.9/site-packages/airflow/example_dags/example_branch_operator_decorator.py took 0.122 seconds
[2023-03-12T08:17:26.991+0000] {processor.py:153} INFO - Started process (PID=4652) to work on /home/melicharovykrecek/venv/lib/python3.9/site-packages/airflow/example_dags/example_branch_operator_decorator.py
[2023-03-12T08:17:26.993+0000] {processor.py:743} INFO - Processing file /home/melicharovykrecek/venv/lib/python3.9/site-packages/airflow/example_dags/example_branch_operator_decorator.py for tasks to queue
[2023-03-12T08:17:26.994+0000] {logging_mixin.py:137} INFO - [2023-03-12T08:17:26.994+0000] {dagbag.py:538} INFO - Filling up the DagBag from /home/melicharovykrecek/venv/lib/python3.9/site-packages/airflow/example_dags/example_branch_operator_decorator.py
[2023-03-12T08:17:27.029+0000] {processor.py:753} INFO - DAG(s) dict_keys(['example_branch_python_operator_decorator']) retrieved from /home/melicharovykrecek/venv/lib/python3.9/site-packages/airflow/example_dags/example_branch_operator_decorator.py
[2023-03-12T08:17:27.057+0000] {logging_mixin.py:137} INFO - [2023-03-12T08:17:27.057+0000] {dag.py:2690} INFO - Sync 1 DAGs
[2023-03-12T08:17:27.084+0000] {logging_mixin.py:137} INFO - [2023-03-12T08:17:27.084+0000] {dag.py:3437} INFO - Setting next_dagrun for example_branch_python_operator_decorator to 2023-03-11T00:00:00+00:00, run_after=2023-03-12T00:00:00+00:00
[2023-03-12T08:17:27.112+0000] {processor.py:175} INFO - Processing /home/melicharovykrecek/venv/lib/python3.9/site-packages/airflow/example_dags/example_branch_operator_decorator.py took 0.126 seconds
[2023-03-12T08:18:17.494+0000] {processor.py:153} INFO - Started process (PID=4700) to work on /home/melicharovykrecek/venv/lib/python3.9/site-packages/airflow/example_dags/example_branch_operator_decorator.py
[2023-03-12T08:18:17.497+0000] {processor.py:743} INFO - Processing file /home/melicharovykrecek/venv/lib/python3.9/site-packages/airflow/example_dags/example_branch_operator_decorator.py for tasks to queue
[2023-03-12T08:18:17.498+0000] {logging_mixin.py:137} INFO - [2023-03-12T08:18:17.498+0000] {dagbag.py:538} INFO - Filling up the DagBag from /home/melicharovykrecek/venv/lib/python3.9/site-packages/airflow/example_dags/example_branch_operator_decorator.py
[2023-03-12T08:18:17.531+0000] {processor.py:753} INFO - DAG(s) dict_keys(['example_branch_python_operator_decorator']) retrieved from /home/melicharovykrecek/venv/lib/python3.9/site-packages/airflow/example_dags/example_branch_operator_decorator.py
[2023-03-12T08:18:17.558+0000] {logging_mixin.py:137} INFO - [2023-03-12T08:18:17.558+0000] {dag.py:2690} INFO - Sync 1 DAGs
[2023-03-12T08:18:17.586+0000] {logging_mixin.py:137} INFO - [2023-03-12T08:18:17.586+0000] {dag.py:3437} INFO - Setting next_dagrun for example_branch_python_operator_decorator to 2023-03-11T00:00:00+00:00, run_after=2023-03-12T00:00:00+00:00
[2023-03-12T08:18:17.616+0000] {processor.py:175} INFO - Processing /home/melicharovykrecek/venv/lib/python3.9/site-packages/airflow/example_dags/example_branch_operator_decorator.py took 0.127 seconds
[2023-03-12T08:19:02.629+0000] {processor.py:153} INFO - Started process (PID=4746) to work on /home/melicharovykrecek/venv/lib/python3.9/site-packages/airflow/example_dags/example_branch_operator_decorator.py
[2023-03-12T08:19:02.631+0000] {processor.py:743} INFO - Processing file /home/melicharovykrecek/venv/lib/python3.9/site-packages/airflow/example_dags/example_branch_operator_decorator.py for tasks to queue
[2023-03-12T08:19:02.632+0000] {logging_mixin.py:137} INFO - [2023-03-12T08:19:02.632+0000] {dagbag.py:538} INFO - Filling up the DagBag from /home/melicharovykrecek/venv/lib/python3.9/site-packages/airflow/example_dags/example_branch_operator_decorator.py
[2023-03-12T08:19:02.667+0000] {processor.py:753} INFO - DAG(s) dict_keys(['example_branch_python_operator_decorator']) retrieved from /home/melicharovykrecek/venv/lib/python3.9/site-packages/airflow/example_dags/example_branch_operator_decorator.py
[2023-03-12T08:19:02.694+0000] {logging_mixin.py:137} INFO - [2023-03-12T08:19:02.694+0000] {dag.py:2690} INFO - Sync 1 DAGs
[2023-03-12T08:19:02.723+0000] {logging_mixin.py:137} INFO - [2023-03-12T08:19:02.723+0000] {dag.py:3437} INFO - Setting next_dagrun for example_branch_python_operator_decorator to 2023-03-11T00:00:00+00:00, run_after=2023-03-12T00:00:00+00:00
[2023-03-12T08:19:02.755+0000] {processor.py:175} INFO - Processing /home/melicharovykrecek/venv/lib/python3.9/site-packages/airflow/example_dags/example_branch_operator_decorator.py took 0.131 seconds
[2023-03-12T08:19:50.831+0000] {processor.py:153} INFO - Started process (PID=4792) to work on /home/melicharovykrecek/venv/lib/python3.9/site-packages/airflow/example_dags/example_branch_operator_decorator.py
[2023-03-12T08:19:50.833+0000] {processor.py:743} INFO - Processing file /home/melicharovykrecek/venv/lib/python3.9/site-packages/airflow/example_dags/example_branch_operator_decorator.py for tasks to queue
[2023-03-12T08:19:50.834+0000] {logging_mixin.py:137} INFO - [2023-03-12T08:19:50.834+0000] {dagbag.py:538} INFO - Filling up the DagBag from /home/melicharovykrecek/venv/lib/python3.9/site-packages/airflow/example_dags/example_branch_operator_decorator.py
[2023-03-12T08:19:50.869+0000] {processor.py:753} INFO - DAG(s) dict_keys(['example_branch_python_operator_decorator']) retrieved from /home/melicharovykrecek/venv/lib/python3.9/site-packages/airflow/example_dags/example_branch_operator_decorator.py
[2023-03-12T08:19:50.897+0000] {logging_mixin.py:137} INFO - [2023-03-12T08:19:50.896+0000] {dag.py:2690} INFO - Sync 1 DAGs
[2023-03-12T08:19:50.933+0000] {logging_mixin.py:137} INFO - [2023-03-12T08:19:50.932+0000] {dag.py:3437} INFO - Setting next_dagrun for example_branch_python_operator_decorator to 2023-03-11T00:00:00+00:00, run_after=2023-03-12T00:00:00+00:00
[2023-03-12T08:19:50.975+0000] {processor.py:175} INFO - Processing /home/melicharovykrecek/venv/lib/python3.9/site-packages/airflow/example_dags/example_branch_operator_decorator.py took 0.149 seconds
[2023-03-12T08:20:43.773+0000] {processor.py:153} INFO - Started process (PID=4850) to work on /home/melicharovykrecek/venv/lib/python3.9/site-packages/airflow/example_dags/example_branch_operator_decorator.py
[2023-03-12T08:20:43.775+0000] {processor.py:743} INFO - Processing file /home/melicharovykrecek/venv/lib/python3.9/site-packages/airflow/example_dags/example_branch_operator_decorator.py for tasks to queue
[2023-03-12T08:20:43.776+0000] {logging_mixin.py:137} INFO - [2023-03-12T08:20:43.776+0000] {dagbag.py:538} INFO - Filling up the DagBag from /home/melicharovykrecek/venv/lib/python3.9/site-packages/airflow/example_dags/example_branch_operator_decorator.py
[2023-03-12T08:20:43.812+0000] {processor.py:753} INFO - DAG(s) dict_keys(['example_branch_python_operator_decorator']) retrieved from /home/melicharovykrecek/venv/lib/python3.9/site-packages/airflow/example_dags/example_branch_operator_decorator.py
[2023-03-12T08:20:43.839+0000] {logging_mixin.py:137} INFO - [2023-03-12T08:20:43.838+0000] {dag.py:2690} INFO - Sync 1 DAGs
[2023-03-12T08:20:43.866+0000] {logging_mixin.py:137} INFO - [2023-03-12T08:20:43.866+0000] {dag.py:3437} INFO - Setting next_dagrun for example_branch_python_operator_decorator to 2023-03-11T00:00:00+00:00, run_after=2023-03-12T00:00:00+00:00
[2023-03-12T08:20:44.070+0000] {processor.py:175} INFO - Processing /home/melicharovykrecek/venv/lib/python3.9/site-packages/airflow/example_dags/example_branch_operator_decorator.py took 0.302 seconds
