[2023-03-12T07:30:44.350+0000] {processor.py:153} INFO - Started process (PID=1489) to work on /home/melicharovykrecek/venv/lib/python3.9/site-packages/airflow/example_dags/example_branch_operator.py
[2023-03-12T07:30:44.352+0000] {processor.py:743} INFO - Processing file /home/melicharovykrecek/venv/lib/python3.9/site-packages/airflow/example_dags/example_branch_operator.py for tasks to queue
[2023-03-12T07:30:44.352+0000] {logging_mixin.py:137} INFO - [2023-03-12T07:30:44.352+0000] {dagbag.py:538} INFO - Filling up the DagBag from /home/melicharovykrecek/venv/lib/python3.9/site-packages/airflow/example_dags/example_branch_operator.py
[2023-03-12T07:30:44.374+0000] {processor.py:753} INFO - DAG(s) dict_keys(['example_branch_operator']) retrieved from /home/melicharovykrecek/venv/lib/python3.9/site-packages/airflow/example_dags/example_branch_operator.py
[2023-03-12T07:30:44.400+0000] {logging_mixin.py:137} INFO - [2023-03-12T07:30:44.400+0000] {dag.py:2690} INFO - Sync 1 DAGs
[2023-03-12T07:30:44.425+0000] {logging_mixin.py:137} INFO - [2023-03-12T07:30:44.424+0000] {dag.py:3437} INFO - Setting next_dagrun for example_branch_operator to 2023-03-11T00:00:00+00:00, run_after=2023-03-12T00:00:00+00:00
[2023-03-12T07:30:44.452+0000] {processor.py:175} INFO - Processing /home/melicharovykrecek/venv/lib/python3.9/site-packages/airflow/example_dags/example_branch_operator.py took 0.106 seconds
[2023-03-12T07:31:25.021+0000] {processor.py:153} INFO - Started process (PID=1533) to work on /home/melicharovykrecek/venv/lib/python3.9/site-packages/airflow/example_dags/example_branch_operator.py
[2023-03-12T07:31:25.025+0000] {processor.py:743} INFO - Processing file /home/melicharovykrecek/venv/lib/python3.9/site-packages/airflow/example_dags/example_branch_operator.py for tasks to queue
[2023-03-12T07:31:25.026+0000] {logging_mixin.py:137} INFO - [2023-03-12T07:31:25.025+0000] {dagbag.py:538} INFO - Filling up the DagBag from /home/melicharovykrecek/venv/lib/python3.9/site-packages/airflow/example_dags/example_branch_operator.py
[2023-03-12T07:31:25.048+0000] {processor.py:753} INFO - DAG(s) dict_keys(['example_branch_operator']) retrieved from /home/melicharovykrecek/venv/lib/python3.9/site-packages/airflow/example_dags/example_branch_operator.py
[2023-03-12T07:31:25.073+0000] {logging_mixin.py:137} INFO - [2023-03-12T07:31:25.073+0000] {dag.py:2690} INFO - Sync 1 DAGs
[2023-03-12T07:31:25.099+0000] {logging_mixin.py:137} INFO - [2023-03-12T07:31:25.098+0000] {dag.py:3437} INFO - Setting next_dagrun for example_branch_operator to 2023-03-11T00:00:00+00:00, run_after=2023-03-12T00:00:00+00:00
[2023-03-12T07:31:25.125+0000] {processor.py:175} INFO - Processing /home/melicharovykrecek/venv/lib/python3.9/site-packages/airflow/example_dags/example_branch_operator.py took 0.108 seconds
[2023-03-12T07:32:06.904+0000] {processor.py:153} INFO - Started process (PID=1593) to work on /home/melicharovykrecek/venv/lib/python3.9/site-packages/airflow/example_dags/example_branch_operator.py
[2023-03-12T07:32:06.906+0000] {processor.py:743} INFO - Processing file /home/melicharovykrecek/venv/lib/python3.9/site-packages/airflow/example_dags/example_branch_operator.py for tasks to queue
[2023-03-12T07:32:06.907+0000] {logging_mixin.py:137} INFO - [2023-03-12T07:32:06.907+0000] {dagbag.py:538} INFO - Filling up the DagBag from /home/melicharovykrecek/venv/lib/python3.9/site-packages/airflow/example_dags/example_branch_operator.py
[2023-03-12T07:32:06.929+0000] {processor.py:753} INFO - DAG(s) dict_keys(['example_branch_operator']) retrieved from /home/melicharovykrecek/venv/lib/python3.9/site-packages/airflow/example_dags/example_branch_operator.py
[2023-03-12T07:32:06.955+0000] {logging_mixin.py:137} INFO - [2023-03-12T07:32:06.954+0000] {dag.py:2690} INFO - Sync 1 DAGs
[2023-03-12T07:32:06.981+0000] {logging_mixin.py:137} INFO - [2023-03-12T07:32:06.981+0000] {dag.py:3437} INFO - Setting next_dagrun for example_branch_operator to 2023-03-11T00:00:00+00:00, run_after=2023-03-12T00:00:00+00:00
[2023-03-12T07:32:07.009+0000] {processor.py:175} INFO - Processing /home/melicharovykrecek/venv/lib/python3.9/site-packages/airflow/example_dags/example_branch_operator.py took 0.109 seconds
[2023-03-12T07:32:53.771+0000] {processor.py:153} INFO - Started process (PID=1642) to work on /home/melicharovykrecek/venv/lib/python3.9/site-packages/airflow/example_dags/example_branch_operator.py
[2023-03-12T07:32:53.774+0000] {processor.py:743} INFO - Processing file /home/melicharovykrecek/venv/lib/python3.9/site-packages/airflow/example_dags/example_branch_operator.py for tasks to queue
[2023-03-12T07:32:53.775+0000] {logging_mixin.py:137} INFO - [2023-03-12T07:32:53.775+0000] {dagbag.py:538} INFO - Filling up the DagBag from /home/melicharovykrecek/venv/lib/python3.9/site-packages/airflow/example_dags/example_branch_operator.py
[2023-03-12T07:32:53.797+0000] {processor.py:753} INFO - DAG(s) dict_keys(['example_branch_operator']) retrieved from /home/melicharovykrecek/venv/lib/python3.9/site-packages/airflow/example_dags/example_branch_operator.py
[2023-03-12T07:32:53.826+0000] {logging_mixin.py:137} INFO - [2023-03-12T07:32:53.825+0000] {dag.py:2690} INFO - Sync 1 DAGs
[2023-03-12T07:32:53.851+0000] {logging_mixin.py:137} INFO - [2023-03-12T07:32:53.851+0000] {dag.py:3437} INFO - Setting next_dagrun for example_branch_operator to 2023-03-11T00:00:00+00:00, run_after=2023-03-12T00:00:00+00:00
[2023-03-12T07:32:53.879+0000] {processor.py:175} INFO - Processing /home/melicharovykrecek/venv/lib/python3.9/site-packages/airflow/example_dags/example_branch_operator.py took 0.112 seconds
[2023-03-12T07:33:35.746+0000] {processor.py:153} INFO - Started process (PID=1686) to work on /home/melicharovykrecek/venv/lib/python3.9/site-packages/airflow/example_dags/example_branch_operator.py
[2023-03-12T07:33:35.748+0000] {processor.py:743} INFO - Processing file /home/melicharovykrecek/venv/lib/python3.9/site-packages/airflow/example_dags/example_branch_operator.py for tasks to queue
[2023-03-12T07:33:35.748+0000] {logging_mixin.py:137} INFO - [2023-03-12T07:33:35.748+0000] {dagbag.py:538} INFO - Filling up the DagBag from /home/melicharovykrecek/venv/lib/python3.9/site-packages/airflow/example_dags/example_branch_operator.py
[2023-03-12T07:33:35.770+0000] {processor.py:753} INFO - DAG(s) dict_keys(['example_branch_operator']) retrieved from /home/melicharovykrecek/venv/lib/python3.9/site-packages/airflow/example_dags/example_branch_operator.py
[2023-03-12T07:33:35.794+0000] {logging_mixin.py:137} INFO - [2023-03-12T07:33:35.794+0000] {dag.py:2690} INFO - Sync 1 DAGs
[2023-03-12T07:33:35.819+0000] {logging_mixin.py:137} INFO - [2023-03-12T07:33:35.819+0000] {dag.py:3437} INFO - Setting next_dagrun for example_branch_operator to 2023-03-11T00:00:00+00:00, run_after=2023-03-12T00:00:00+00:00
[2023-03-12T07:33:35.844+0000] {processor.py:175} INFO - Processing /home/melicharovykrecek/venv/lib/python3.9/site-packages/airflow/example_dags/example_branch_operator.py took 0.103 seconds
[2023-03-12T07:34:24.144+0000] {processor.py:153} INFO - Started process (PID=1732) to work on /home/melicharovykrecek/venv/lib/python3.9/site-packages/airflow/example_dags/example_branch_operator.py
[2023-03-12T07:34:24.146+0000] {processor.py:743} INFO - Processing file /home/melicharovykrecek/venv/lib/python3.9/site-packages/airflow/example_dags/example_branch_operator.py for tasks to queue
[2023-03-12T07:34:24.147+0000] {logging_mixin.py:137} INFO - [2023-03-12T07:34:24.147+0000] {dagbag.py:538} INFO - Filling up the DagBag from /home/melicharovykrecek/venv/lib/python3.9/site-packages/airflow/example_dags/example_branch_operator.py
[2023-03-12T07:34:24.170+0000] {processor.py:753} INFO - DAG(s) dict_keys(['example_branch_operator']) retrieved from /home/melicharovykrecek/venv/lib/python3.9/site-packages/airflow/example_dags/example_branch_operator.py
[2023-03-12T07:34:24.198+0000] {logging_mixin.py:137} INFO - [2023-03-12T07:34:24.197+0000] {dag.py:2690} INFO - Sync 1 DAGs
[2023-03-12T07:34:24.223+0000] {logging_mixin.py:137} INFO - [2023-03-12T07:34:24.223+0000] {dag.py:3437} INFO - Setting next_dagrun for example_branch_operator to 2023-03-11T00:00:00+00:00, run_after=2023-03-12T00:00:00+00:00
[2023-03-12T07:34:24.250+0000] {processor.py:175} INFO - Processing /home/melicharovykrecek/venv/lib/python3.9/site-packages/airflow/example_dags/example_branch_operator.py took 0.110 seconds
[2023-03-12T07:35:13.226+0000] {processor.py:153} INFO - Started process (PID=1816) to work on /home/melicharovykrecek/venv/lib/python3.9/site-packages/airflow/example_dags/example_branch_operator.py
[2023-03-12T07:35:13.228+0000] {processor.py:743} INFO - Processing file /home/melicharovykrecek/venv/lib/python3.9/site-packages/airflow/example_dags/example_branch_operator.py for tasks to queue
[2023-03-12T07:35:13.228+0000] {logging_mixin.py:137} INFO - [2023-03-12T07:35:13.228+0000] {dagbag.py:538} INFO - Filling up the DagBag from /home/melicharovykrecek/venv/lib/python3.9/site-packages/airflow/example_dags/example_branch_operator.py
[2023-03-12T07:35:13.249+0000] {processor.py:753} INFO - DAG(s) dict_keys(['example_branch_operator']) retrieved from /home/melicharovykrecek/venv/lib/python3.9/site-packages/airflow/example_dags/example_branch_operator.py
[2023-03-12T07:35:13.275+0000] {logging_mixin.py:137} INFO - [2023-03-12T07:35:13.275+0000] {dag.py:2690} INFO - Sync 1 DAGs
[2023-03-12T07:35:13.303+0000] {logging_mixin.py:137} INFO - [2023-03-12T07:35:13.303+0000] {dag.py:3437} INFO - Setting next_dagrun for example_branch_operator to 2023-03-11T00:00:00+00:00, run_after=2023-03-12T00:00:00+00:00
[2023-03-12T07:35:13.329+0000] {processor.py:175} INFO - Processing /home/melicharovykrecek/venv/lib/python3.9/site-packages/airflow/example_dags/example_branch_operator.py took 0.107 seconds
[2023-03-12T07:36:00.930+0000] {processor.py:153} INFO - Started process (PID=1887) to work on /home/melicharovykrecek/venv/lib/python3.9/site-packages/airflow/example_dags/example_branch_operator.py
[2023-03-12T07:36:00.932+0000] {processor.py:743} INFO - Processing file /home/melicharovykrecek/venv/lib/python3.9/site-packages/airflow/example_dags/example_branch_operator.py for tasks to queue
[2023-03-12T07:36:00.933+0000] {logging_mixin.py:137} INFO - [2023-03-12T07:36:00.933+0000] {dagbag.py:538} INFO - Filling up the DagBag from /home/melicharovykrecek/venv/lib/python3.9/site-packages/airflow/example_dags/example_branch_operator.py
[2023-03-12T07:36:00.954+0000] {processor.py:753} INFO - DAG(s) dict_keys(['example_branch_operator']) retrieved from /home/melicharovykrecek/venv/lib/python3.9/site-packages/airflow/example_dags/example_branch_operator.py
[2023-03-12T07:36:00.980+0000] {logging_mixin.py:137} INFO - [2023-03-12T07:36:00.980+0000] {dag.py:2690} INFO - Sync 1 DAGs
[2023-03-12T07:36:01.005+0000] {logging_mixin.py:137} INFO - [2023-03-12T07:36:01.005+0000] {dag.py:3437} INFO - Setting next_dagrun for example_branch_operator to 2023-03-11T00:00:00+00:00, run_after=2023-03-12T00:00:00+00:00
[2023-03-12T07:36:01.031+0000] {processor.py:175} INFO - Processing /home/melicharovykrecek/venv/lib/python3.9/site-packages/airflow/example_dags/example_branch_operator.py took 0.106 seconds
[2023-03-12T07:36:40.021+0000] {processor.py:153} INFO - Started process (PID=1924) to work on /home/melicharovykrecek/venv/lib/python3.9/site-packages/airflow/example_dags/example_branch_operator.py
[2023-03-12T07:36:40.023+0000] {processor.py:743} INFO - Processing file /home/melicharovykrecek/venv/lib/python3.9/site-packages/airflow/example_dags/example_branch_operator.py for tasks to queue
[2023-03-12T07:36:40.024+0000] {logging_mixin.py:137} INFO - [2023-03-12T07:36:40.023+0000] {dagbag.py:538} INFO - Filling up the DagBag from /home/melicharovykrecek/venv/lib/python3.9/site-packages/airflow/example_dags/example_branch_operator.py
[2023-03-12T07:36:40.044+0000] {processor.py:753} INFO - DAG(s) dict_keys(['example_branch_operator']) retrieved from /home/melicharovykrecek/venv/lib/python3.9/site-packages/airflow/example_dags/example_branch_operator.py
[2023-03-12T07:36:40.070+0000] {logging_mixin.py:137} INFO - [2023-03-12T07:36:40.069+0000] {dag.py:2690} INFO - Sync 1 DAGs
[2023-03-12T07:36:40.093+0000] {logging_mixin.py:137} INFO - [2023-03-12T07:36:40.093+0000] {dag.py:3437} INFO - Setting next_dagrun for example_branch_operator to 2023-03-11T00:00:00+00:00, run_after=2023-03-12T00:00:00+00:00
[2023-03-12T07:36:40.117+0000] {processor.py:175} INFO - Processing /home/melicharovykrecek/venv/lib/python3.9/site-packages/airflow/example_dags/example_branch_operator.py took 0.100 seconds
[2023-03-12T07:37:24.738+0000] {processor.py:153} INFO - Started process (PID=1968) to work on /home/melicharovykrecek/venv/lib/python3.9/site-packages/airflow/example_dags/example_branch_operator.py
[2023-03-12T07:37:24.740+0000] {processor.py:743} INFO - Processing file /home/melicharovykrecek/venv/lib/python3.9/site-packages/airflow/example_dags/example_branch_operator.py for tasks to queue
[2023-03-12T07:37:24.741+0000] {logging_mixin.py:137} INFO - [2023-03-12T07:37:24.741+0000] {dagbag.py:538} INFO - Filling up the DagBag from /home/melicharovykrecek/venv/lib/python3.9/site-packages/airflow/example_dags/example_branch_operator.py
[2023-03-12T07:37:24.762+0000] {processor.py:753} INFO - DAG(s) dict_keys(['example_branch_operator']) retrieved from /home/melicharovykrecek/venv/lib/python3.9/site-packages/airflow/example_dags/example_branch_operator.py
[2023-03-12T07:37:24.787+0000] {logging_mixin.py:137} INFO - [2023-03-12T07:37:24.787+0000] {dag.py:2690} INFO - Sync 1 DAGs
[2023-03-12T07:37:24.813+0000] {logging_mixin.py:137} INFO - [2023-03-12T07:37:24.813+0000] {dag.py:3437} INFO - Setting next_dagrun for example_branch_operator to 2023-03-11T00:00:00+00:00, run_after=2023-03-12T00:00:00+00:00
[2023-03-12T07:37:24.841+0000] {processor.py:175} INFO - Processing /home/melicharovykrecek/venv/lib/python3.9/site-packages/airflow/example_dags/example_branch_operator.py took 0.107 seconds
[2023-03-12T07:38:14.595+0000] {processor.py:153} INFO - Started process (PID=2021) to work on /home/melicharovykrecek/venv/lib/python3.9/site-packages/airflow/example_dags/example_branch_operator.py
[2023-03-12T07:38:14.597+0000] {processor.py:743} INFO - Processing file /home/melicharovykrecek/venv/lib/python3.9/site-packages/airflow/example_dags/example_branch_operator.py for tasks to queue
[2023-03-12T07:38:14.598+0000] {logging_mixin.py:137} INFO - [2023-03-12T07:38:14.598+0000] {dagbag.py:538} INFO - Filling up the DagBag from /home/melicharovykrecek/venv/lib/python3.9/site-packages/airflow/example_dags/example_branch_operator.py
[2023-03-12T07:38:14.621+0000] {processor.py:753} INFO - DAG(s) dict_keys(['example_branch_operator']) retrieved from /home/melicharovykrecek/venv/lib/python3.9/site-packages/airflow/example_dags/example_branch_operator.py
[2023-03-12T07:38:14.648+0000] {logging_mixin.py:137} INFO - [2023-03-12T07:38:14.648+0000] {dag.py:2690} INFO - Sync 1 DAGs
[2023-03-12T07:38:14.674+0000] {logging_mixin.py:137} INFO - [2023-03-12T07:38:14.674+0000] {dag.py:3437} INFO - Setting next_dagrun for example_branch_operator to 2023-03-11T00:00:00+00:00, run_after=2023-03-12T00:00:00+00:00
[2023-03-12T07:38:14.704+0000] {processor.py:175} INFO - Processing /home/melicharovykrecek/venv/lib/python3.9/site-packages/airflow/example_dags/example_branch_operator.py took 0.114 seconds
[2023-03-12T07:39:04.603+0000] {processor.py:153} INFO - Started process (PID=2079) to work on /home/melicharovykrecek/venv/lib/python3.9/site-packages/airflow/example_dags/example_branch_operator.py
[2023-03-12T07:39:04.605+0000] {processor.py:743} INFO - Processing file /home/melicharovykrecek/venv/lib/python3.9/site-packages/airflow/example_dags/example_branch_operator.py for tasks to queue
[2023-03-12T07:39:04.606+0000] {logging_mixin.py:137} INFO - [2023-03-12T07:39:04.606+0000] {dagbag.py:538} INFO - Filling up the DagBag from /home/melicharovykrecek/venv/lib/python3.9/site-packages/airflow/example_dags/example_branch_operator.py
[2023-03-12T07:39:04.630+0000] {processor.py:753} INFO - DAG(s) dict_keys(['example_branch_operator']) retrieved from /home/melicharovykrecek/venv/lib/python3.9/site-packages/airflow/example_dags/example_branch_operator.py
[2023-03-12T07:39:04.656+0000] {logging_mixin.py:137} INFO - [2023-03-12T07:39:04.656+0000] {dag.py:2690} INFO - Sync 1 DAGs
[2023-03-12T07:39:04.683+0000] {logging_mixin.py:137} INFO - [2023-03-12T07:39:04.683+0000] {dag.py:3437} INFO - Setting next_dagrun for example_branch_operator to 2023-03-11T00:00:00+00:00, run_after=2023-03-12T00:00:00+00:00
[2023-03-12T07:39:04.710+0000] {processor.py:175} INFO - Processing /home/melicharovykrecek/venv/lib/python3.9/site-packages/airflow/example_dags/example_branch_operator.py took 0.111 seconds
[2023-03-12T07:39:53.145+0000] {processor.py:153} INFO - Started process (PID=2127) to work on /home/melicharovykrecek/venv/lib/python3.9/site-packages/airflow/example_dags/example_branch_operator.py
[2023-03-12T07:39:53.148+0000] {processor.py:743} INFO - Processing file /home/melicharovykrecek/venv/lib/python3.9/site-packages/airflow/example_dags/example_branch_operator.py for tasks to queue
[2023-03-12T07:39:53.149+0000] {logging_mixin.py:137} INFO - [2023-03-12T07:39:53.149+0000] {dagbag.py:538} INFO - Filling up the DagBag from /home/melicharovykrecek/venv/lib/python3.9/site-packages/airflow/example_dags/example_branch_operator.py
[2023-03-12T07:39:53.172+0000] {processor.py:753} INFO - DAG(s) dict_keys(['example_branch_operator']) retrieved from /home/melicharovykrecek/venv/lib/python3.9/site-packages/airflow/example_dags/example_branch_operator.py
[2023-03-12T07:39:53.199+0000] {logging_mixin.py:137} INFO - [2023-03-12T07:39:53.198+0000] {dag.py:2690} INFO - Sync 1 DAGs
[2023-03-12T07:39:53.225+0000] {logging_mixin.py:137} INFO - [2023-03-12T07:39:53.225+0000] {dag.py:3437} INFO - Setting next_dagrun for example_branch_operator to 2023-03-11T00:00:00+00:00, run_after=2023-03-12T00:00:00+00:00
[2023-03-12T07:39:53.254+0000] {processor.py:175} INFO - Processing /home/melicharovykrecek/venv/lib/python3.9/site-packages/airflow/example_dags/example_branch_operator.py took 0.114 seconds
[2023-03-12T07:40:37.635+0000] {processor.py:153} INFO - Started process (PID=2198) to work on /home/melicharovykrecek/venv/lib/python3.9/site-packages/airflow/example_dags/example_branch_operator.py
[2023-03-12T07:40:37.637+0000] {processor.py:743} INFO - Processing file /home/melicharovykrecek/venv/lib/python3.9/site-packages/airflow/example_dags/example_branch_operator.py for tasks to queue
[2023-03-12T07:40:37.638+0000] {logging_mixin.py:137} INFO - [2023-03-12T07:40:37.638+0000] {dagbag.py:538} INFO - Filling up the DagBag from /home/melicharovykrecek/venv/lib/python3.9/site-packages/airflow/example_dags/example_branch_operator.py
[2023-03-12T07:40:37.662+0000] {processor.py:753} INFO - DAG(s) dict_keys(['example_branch_operator']) retrieved from /home/melicharovykrecek/venv/lib/python3.9/site-packages/airflow/example_dags/example_branch_operator.py
[2023-03-12T07:40:37.689+0000] {logging_mixin.py:137} INFO - [2023-03-12T07:40:37.688+0000] {dag.py:2690} INFO - Sync 1 DAGs
[2023-03-12T07:40:37.718+0000] {logging_mixin.py:137} INFO - [2023-03-12T07:40:37.718+0000] {dag.py:3437} INFO - Setting next_dagrun for example_branch_operator to 2023-03-11T00:00:00+00:00, run_after=2023-03-12T00:00:00+00:00
[2023-03-12T07:40:37.748+0000] {processor.py:175} INFO - Processing /home/melicharovykrecek/venv/lib/python3.9/site-packages/airflow/example_dags/example_branch_operator.py took 0.117 seconds
[2023-03-12T07:41:15.604+0000] {processor.py:153} INFO - Started process (PID=2260) to work on /home/melicharovykrecek/venv/lib/python3.9/site-packages/airflow/example_dags/example_branch_operator.py
[2023-03-12T07:41:15.607+0000] {processor.py:743} INFO - Processing file /home/melicharovykrecek/venv/lib/python3.9/site-packages/airflow/example_dags/example_branch_operator.py for tasks to queue
[2023-03-12T07:41:15.608+0000] {logging_mixin.py:137} INFO - [2023-03-12T07:41:15.607+0000] {dagbag.py:538} INFO - Filling up the DagBag from /home/melicharovykrecek/venv/lib/python3.9/site-packages/airflow/example_dags/example_branch_operator.py
[2023-03-12T07:41:15.630+0000] {processor.py:753} INFO - DAG(s) dict_keys(['example_branch_operator']) retrieved from /home/melicharovykrecek/venv/lib/python3.9/site-packages/airflow/example_dags/example_branch_operator.py
[2023-03-12T07:41:15.657+0000] {logging_mixin.py:137} INFO - [2023-03-12T07:41:15.656+0000] {dag.py:2690} INFO - Sync 1 DAGs
[2023-03-12T07:41:15.682+0000] {logging_mixin.py:137} INFO - [2023-03-12T07:41:15.681+0000] {dag.py:3437} INFO - Setting next_dagrun for example_branch_operator to 2023-03-11T00:00:00+00:00, run_after=2023-03-12T00:00:00+00:00
[2023-03-12T07:41:15.709+0000] {processor.py:175} INFO - Processing /home/melicharovykrecek/venv/lib/python3.9/site-packages/airflow/example_dags/example_branch_operator.py took 0.109 seconds
[2023-03-12T07:42:00.263+0000] {processor.py:153} INFO - Started process (PID=2304) to work on /home/melicharovykrecek/venv/lib/python3.9/site-packages/airflow/example_dags/example_branch_operator.py
[2023-03-12T07:42:00.265+0000] {processor.py:743} INFO - Processing file /home/melicharovykrecek/venv/lib/python3.9/site-packages/airflow/example_dags/example_branch_operator.py for tasks to queue
[2023-03-12T07:42:00.266+0000] {logging_mixin.py:137} INFO - [2023-03-12T07:42:00.266+0000] {dagbag.py:538} INFO - Filling up the DagBag from /home/melicharovykrecek/venv/lib/python3.9/site-packages/airflow/example_dags/example_branch_operator.py
[2023-03-12T07:42:00.288+0000] {processor.py:753} INFO - DAG(s) dict_keys(['example_branch_operator']) retrieved from /home/melicharovykrecek/venv/lib/python3.9/site-packages/airflow/example_dags/example_branch_operator.py
[2023-03-12T07:42:00.315+0000] {logging_mixin.py:137} INFO - [2023-03-12T07:42:00.315+0000] {dag.py:2690} INFO - Sync 1 DAGs
[2023-03-12T07:42:00.341+0000] {logging_mixin.py:137} INFO - [2023-03-12T07:42:00.340+0000] {dag.py:3437} INFO - Setting next_dagrun for example_branch_operator to 2023-03-11T00:00:00+00:00, run_after=2023-03-12T00:00:00+00:00
[2023-03-12T07:42:00.370+0000] {processor.py:175} INFO - Processing /home/melicharovykrecek/venv/lib/python3.9/site-packages/airflow/example_dags/example_branch_operator.py took 0.112 seconds
[2023-03-12T07:42:44.980+0000] {processor.py:153} INFO - Started process (PID=2349) to work on /home/melicharovykrecek/venv/lib/python3.9/site-packages/airflow/example_dags/example_branch_operator.py
[2023-03-12T07:42:44.983+0000] {processor.py:743} INFO - Processing file /home/melicharovykrecek/venv/lib/python3.9/site-packages/airflow/example_dags/example_branch_operator.py for tasks to queue
[2023-03-12T07:42:44.984+0000] {logging_mixin.py:137} INFO - [2023-03-12T07:42:44.983+0000] {dagbag.py:538} INFO - Filling up the DagBag from /home/melicharovykrecek/venv/lib/python3.9/site-packages/airflow/example_dags/example_branch_operator.py
[2023-03-12T07:42:45.009+0000] {processor.py:753} INFO - DAG(s) dict_keys(['example_branch_operator']) retrieved from /home/melicharovykrecek/venv/lib/python3.9/site-packages/airflow/example_dags/example_branch_operator.py
[2023-03-12T07:42:45.038+0000] {logging_mixin.py:137} INFO - [2023-03-12T07:42:45.038+0000] {dag.py:2690} INFO - Sync 1 DAGs
[2023-03-12T07:42:45.068+0000] {logging_mixin.py:137} INFO - [2023-03-12T07:42:45.068+0000] {dag.py:3437} INFO - Setting next_dagrun for example_branch_operator to 2023-03-11T00:00:00+00:00, run_after=2023-03-12T00:00:00+00:00
[2023-03-12T07:42:45.100+0000] {processor.py:175} INFO - Processing /home/melicharovykrecek/venv/lib/python3.9/site-packages/airflow/example_dags/example_branch_operator.py took 0.125 seconds
[2023-03-12T07:43:34.005+0000] {processor.py:153} INFO - Started process (PID=2404) to work on /home/melicharovykrecek/venv/lib/python3.9/site-packages/airflow/example_dags/example_branch_operator.py
[2023-03-12T07:43:34.007+0000] {processor.py:743} INFO - Processing file /home/melicharovykrecek/venv/lib/python3.9/site-packages/airflow/example_dags/example_branch_operator.py for tasks to queue
[2023-03-12T07:43:34.008+0000] {logging_mixin.py:137} INFO - [2023-03-12T07:43:34.008+0000] {dagbag.py:538} INFO - Filling up the DagBag from /home/melicharovykrecek/venv/lib/python3.9/site-packages/airflow/example_dags/example_branch_operator.py
[2023-03-12T07:43:34.031+0000] {processor.py:753} INFO - DAG(s) dict_keys(['example_branch_operator']) retrieved from /home/melicharovykrecek/venv/lib/python3.9/site-packages/airflow/example_dags/example_branch_operator.py
[2023-03-12T07:43:34.059+0000] {logging_mixin.py:137} INFO - [2023-03-12T07:43:34.059+0000] {dag.py:2690} INFO - Sync 1 DAGs
[2023-03-12T07:43:34.085+0000] {logging_mixin.py:137} INFO - [2023-03-12T07:43:34.085+0000] {dag.py:3437} INFO - Setting next_dagrun for example_branch_operator to 2023-03-11T00:00:00+00:00, run_after=2023-03-12T00:00:00+00:00
[2023-03-12T07:43:34.113+0000] {processor.py:175} INFO - Processing /home/melicharovykrecek/venv/lib/python3.9/site-packages/airflow/example_dags/example_branch_operator.py took 0.113 seconds
[2023-03-12T07:44:13.725+0000] {processor.py:153} INFO - Started process (PID=2456) to work on /home/melicharovykrecek/venv/lib/python3.9/site-packages/airflow/example_dags/example_branch_operator.py
[2023-03-12T07:44:13.727+0000] {processor.py:743} INFO - Processing file /home/melicharovykrecek/venv/lib/python3.9/site-packages/airflow/example_dags/example_branch_operator.py for tasks to queue
[2023-03-12T07:44:13.728+0000] {logging_mixin.py:137} INFO - [2023-03-12T07:44:13.728+0000] {dagbag.py:538} INFO - Filling up the DagBag from /home/melicharovykrecek/venv/lib/python3.9/site-packages/airflow/example_dags/example_branch_operator.py
[2023-03-12T07:44:13.751+0000] {processor.py:753} INFO - DAG(s) dict_keys(['example_branch_operator']) retrieved from /home/melicharovykrecek/venv/lib/python3.9/site-packages/airflow/example_dags/example_branch_operator.py
[2023-03-12T07:44:13.778+0000] {logging_mixin.py:137} INFO - [2023-03-12T07:44:13.778+0000] {dag.py:2690} INFO - Sync 1 DAGs
[2023-03-12T07:44:13.803+0000] {logging_mixin.py:137} INFO - [2023-03-12T07:44:13.803+0000] {dag.py:3437} INFO - Setting next_dagrun for example_branch_operator to 2023-03-11T00:00:00+00:00, run_after=2023-03-12T00:00:00+00:00
[2023-03-12T07:44:13.830+0000] {processor.py:175} INFO - Processing /home/melicharovykrecek/venv/lib/python3.9/site-packages/airflow/example_dags/example_branch_operator.py took 0.110 seconds
[2023-03-12T07:45:02.542+0000] {processor.py:153} INFO - Started process (PID=2507) to work on /home/melicharovykrecek/venv/lib/python3.9/site-packages/airflow/example_dags/example_branch_operator.py
[2023-03-12T07:45:02.544+0000] {processor.py:743} INFO - Processing file /home/melicharovykrecek/venv/lib/python3.9/site-packages/airflow/example_dags/example_branch_operator.py for tasks to queue
[2023-03-12T07:45:02.545+0000] {logging_mixin.py:137} INFO - [2023-03-12T07:45:02.545+0000] {dagbag.py:538} INFO - Filling up the DagBag from /home/melicharovykrecek/venv/lib/python3.9/site-packages/airflow/example_dags/example_branch_operator.py
[2023-03-12T07:45:02.567+0000] {processor.py:753} INFO - DAG(s) dict_keys(['example_branch_operator']) retrieved from /home/melicharovykrecek/venv/lib/python3.9/site-packages/airflow/example_dags/example_branch_operator.py
[2023-03-12T07:45:02.595+0000] {logging_mixin.py:137} INFO - [2023-03-12T07:45:02.594+0000] {dag.py:2690} INFO - Sync 1 DAGs
[2023-03-12T07:45:02.622+0000] {logging_mixin.py:137} INFO - [2023-03-12T07:45:02.621+0000] {dag.py:3437} INFO - Setting next_dagrun for example_branch_operator to 2023-03-11T00:00:00+00:00, run_after=2023-03-12T00:00:00+00:00
[2023-03-12T07:45:02.649+0000] {processor.py:175} INFO - Processing /home/melicharovykrecek/venv/lib/python3.9/site-packages/airflow/example_dags/example_branch_operator.py took 0.112 seconds
[2023-03-12T07:45:46.776+0000] {processor.py:153} INFO - Started process (PID=2615) to work on /home/melicharovykrecek/venv/lib/python3.9/site-packages/airflow/example_dags/example_branch_operator.py
[2023-03-12T07:45:46.778+0000] {processor.py:743} INFO - Processing file /home/melicharovykrecek/venv/lib/python3.9/site-packages/airflow/example_dags/example_branch_operator.py for tasks to queue
[2023-03-12T07:45:46.779+0000] {logging_mixin.py:137} INFO - [2023-03-12T07:45:46.779+0000] {dagbag.py:538} INFO - Filling up the DagBag from /home/melicharovykrecek/venv/lib/python3.9/site-packages/airflow/example_dags/example_branch_operator.py
[2023-03-12T07:45:46.802+0000] {processor.py:753} INFO - DAG(s) dict_keys(['example_branch_operator']) retrieved from /home/melicharovykrecek/venv/lib/python3.9/site-packages/airflow/example_dags/example_branch_operator.py
[2023-03-12T07:45:46.829+0000] {logging_mixin.py:137} INFO - [2023-03-12T07:45:46.829+0000] {dag.py:2690} INFO - Sync 1 DAGs
[2023-03-12T07:45:46.860+0000] {logging_mixin.py:137} INFO - [2023-03-12T07:45:46.860+0000] {dag.py:3437} INFO - Setting next_dagrun for example_branch_operator to 2023-03-11T00:00:00+00:00, run_after=2023-03-12T00:00:00+00:00
[2023-03-12T07:45:46.887+0000] {processor.py:175} INFO - Processing /home/melicharovykrecek/venv/lib/python3.9/site-packages/airflow/example_dags/example_branch_operator.py took 0.116 seconds
[2023-03-12T07:46:25.067+0000] {processor.py:153} INFO - Started process (PID=2653) to work on /home/melicharovykrecek/venv/lib/python3.9/site-packages/airflow/example_dags/example_branch_operator.py
[2023-03-12T07:46:25.069+0000] {processor.py:743} INFO - Processing file /home/melicharovykrecek/venv/lib/python3.9/site-packages/airflow/example_dags/example_branch_operator.py for tasks to queue
[2023-03-12T07:46:25.070+0000] {logging_mixin.py:137} INFO - [2023-03-12T07:46:25.070+0000] {dagbag.py:538} INFO - Filling up the DagBag from /home/melicharovykrecek/venv/lib/python3.9/site-packages/airflow/example_dags/example_branch_operator.py
[2023-03-12T07:46:25.093+0000] {processor.py:753} INFO - DAG(s) dict_keys(['example_branch_operator']) retrieved from /home/melicharovykrecek/venv/lib/python3.9/site-packages/airflow/example_dags/example_branch_operator.py
[2023-03-12T07:46:25.119+0000] {logging_mixin.py:137} INFO - [2023-03-12T07:46:25.119+0000] {dag.py:2690} INFO - Sync 1 DAGs
[2023-03-12T07:46:25.146+0000] {logging_mixin.py:137} INFO - [2023-03-12T07:46:25.146+0000] {dag.py:3437} INFO - Setting next_dagrun for example_branch_operator to 2023-03-11T00:00:00+00:00, run_after=2023-03-12T00:00:00+00:00
[2023-03-12T07:46:25.174+0000] {processor.py:175} INFO - Processing /home/melicharovykrecek/venv/lib/python3.9/site-packages/airflow/example_dags/example_branch_operator.py took 0.112 seconds
[2023-03-12T07:47:11.023+0000] {processor.py:153} INFO - Started process (PID=2708) to work on /home/melicharovykrecek/venv/lib/python3.9/site-packages/airflow/example_dags/example_branch_operator.py
[2023-03-12T07:47:11.025+0000] {processor.py:743} INFO - Processing file /home/melicharovykrecek/venv/lib/python3.9/site-packages/airflow/example_dags/example_branch_operator.py for tasks to queue
[2023-03-12T07:47:11.026+0000] {logging_mixin.py:137} INFO - [2023-03-12T07:47:11.026+0000] {dagbag.py:538} INFO - Filling up the DagBag from /home/melicharovykrecek/venv/lib/python3.9/site-packages/airflow/example_dags/example_branch_operator.py
[2023-03-12T07:47:11.048+0000] {processor.py:753} INFO - DAG(s) dict_keys(['example_branch_operator']) retrieved from /home/melicharovykrecek/venv/lib/python3.9/site-packages/airflow/example_dags/example_branch_operator.py
[2023-03-12T07:47:11.075+0000] {logging_mixin.py:137} INFO - [2023-03-12T07:47:11.075+0000] {dag.py:2690} INFO - Sync 1 DAGs
[2023-03-12T07:47:11.101+0000] {logging_mixin.py:137} INFO - [2023-03-12T07:47:11.101+0000] {dag.py:3437} INFO - Setting next_dagrun for example_branch_operator to 2023-03-11T00:00:00+00:00, run_after=2023-03-12T00:00:00+00:00
[2023-03-12T07:47:11.129+0000] {processor.py:175} INFO - Processing /home/melicharovykrecek/venv/lib/python3.9/site-packages/airflow/example_dags/example_branch_operator.py took 0.111 seconds
[2023-03-12T07:47:49.146+0000] {processor.py:153} INFO - Started process (PID=2747) to work on /home/melicharovykrecek/venv/lib/python3.9/site-packages/airflow/example_dags/example_branch_operator.py
[2023-03-12T07:47:49.148+0000] {processor.py:743} INFO - Processing file /home/melicharovykrecek/venv/lib/python3.9/site-packages/airflow/example_dags/example_branch_operator.py for tasks to queue
[2023-03-12T07:47:49.149+0000] {logging_mixin.py:137} INFO - [2023-03-12T07:47:49.149+0000] {dagbag.py:538} INFO - Filling up the DagBag from /home/melicharovykrecek/venv/lib/python3.9/site-packages/airflow/example_dags/example_branch_operator.py
[2023-03-12T07:47:49.173+0000] {processor.py:753} INFO - DAG(s) dict_keys(['example_branch_operator']) retrieved from /home/melicharovykrecek/venv/lib/python3.9/site-packages/airflow/example_dags/example_branch_operator.py
[2023-03-12T07:47:49.202+0000] {logging_mixin.py:137} INFO - [2023-03-12T07:47:49.202+0000] {dag.py:2690} INFO - Sync 1 DAGs
[2023-03-12T07:47:49.227+0000] {logging_mixin.py:137} INFO - [2023-03-12T07:47:49.227+0000] {dag.py:3437} INFO - Setting next_dagrun for example_branch_operator to 2023-03-11T00:00:00+00:00, run_after=2023-03-12T00:00:00+00:00
[2023-03-12T07:47:49.257+0000] {processor.py:175} INFO - Processing /home/melicharovykrecek/venv/lib/python3.9/site-packages/airflow/example_dags/example_branch_operator.py took 0.116 seconds
[2023-03-12T07:48:33.576+0000] {processor.py:153} INFO - Started process (PID=2791) to work on /home/melicharovykrecek/venv/lib/python3.9/site-packages/airflow/example_dags/example_branch_operator.py
[2023-03-12T07:48:33.578+0000] {processor.py:743} INFO - Processing file /home/melicharovykrecek/venv/lib/python3.9/site-packages/airflow/example_dags/example_branch_operator.py for tasks to queue
[2023-03-12T07:48:33.579+0000] {logging_mixin.py:137} INFO - [2023-03-12T07:48:33.579+0000] {dagbag.py:538} INFO - Filling up the DagBag from /home/melicharovykrecek/venv/lib/python3.9/site-packages/airflow/example_dags/example_branch_operator.py
[2023-03-12T07:48:33.604+0000] {processor.py:753} INFO - DAG(s) dict_keys(['example_branch_operator']) retrieved from /home/melicharovykrecek/venv/lib/python3.9/site-packages/airflow/example_dags/example_branch_operator.py
[2023-03-12T07:48:33.632+0000] {logging_mixin.py:137} INFO - [2023-03-12T07:48:33.632+0000] {dag.py:2690} INFO - Sync 1 DAGs
[2023-03-12T07:48:33.658+0000] {logging_mixin.py:137} INFO - [2023-03-12T07:48:33.658+0000] {dag.py:3437} INFO - Setting next_dagrun for example_branch_operator to 2023-03-11T00:00:00+00:00, run_after=2023-03-12T00:00:00+00:00
[2023-03-12T07:48:33.686+0000] {processor.py:175} INFO - Processing /home/melicharovykrecek/venv/lib/python3.9/site-packages/airflow/example_dags/example_branch_operator.py took 0.115 seconds
[2023-03-12T07:49:17.995+0000] {processor.py:153} INFO - Started process (PID=2833) to work on /home/melicharovykrecek/venv/lib/python3.9/site-packages/airflow/example_dags/example_branch_operator.py
[2023-03-12T07:49:17.997+0000] {processor.py:743} INFO - Processing file /home/melicharovykrecek/venv/lib/python3.9/site-packages/airflow/example_dags/example_branch_operator.py for tasks to queue
[2023-03-12T07:49:17.998+0000] {logging_mixin.py:137} INFO - [2023-03-12T07:49:17.998+0000] {dagbag.py:538} INFO - Filling up the DagBag from /home/melicharovykrecek/venv/lib/python3.9/site-packages/airflow/example_dags/example_branch_operator.py
[2023-03-12T07:49:18.020+0000] {processor.py:753} INFO - DAG(s) dict_keys(['example_branch_operator']) retrieved from /home/melicharovykrecek/venv/lib/python3.9/site-packages/airflow/example_dags/example_branch_operator.py
[2023-03-12T07:49:18.048+0000] {logging_mixin.py:137} INFO - [2023-03-12T07:49:18.048+0000] {dag.py:2690} INFO - Sync 1 DAGs
[2023-03-12T07:49:18.074+0000] {logging_mixin.py:137} INFO - [2023-03-12T07:49:18.073+0000] {dag.py:3437} INFO - Setting next_dagrun for example_branch_operator to 2023-03-11T00:00:00+00:00, run_after=2023-03-12T00:00:00+00:00
[2023-03-12T07:49:18.103+0000] {processor.py:175} INFO - Processing /home/melicharovykrecek/venv/lib/python3.9/site-packages/airflow/example_dags/example_branch_operator.py took 0.113 seconds
[2023-03-12T07:50:04.886+0000] {processor.py:153} INFO - Started process (PID=2879) to work on /home/melicharovykrecek/venv/lib/python3.9/site-packages/airflow/example_dags/example_branch_operator.py
[2023-03-12T07:50:04.888+0000] {processor.py:743} INFO - Processing file /home/melicharovykrecek/venv/lib/python3.9/site-packages/airflow/example_dags/example_branch_operator.py for tasks to queue
[2023-03-12T07:50:04.889+0000] {logging_mixin.py:137} INFO - [2023-03-12T07:50:04.889+0000] {dagbag.py:538} INFO - Filling up the DagBag from /home/melicharovykrecek/venv/lib/python3.9/site-packages/airflow/example_dags/example_branch_operator.py
[2023-03-12T07:50:04.913+0000] {processor.py:753} INFO - DAG(s) dict_keys(['example_branch_operator']) retrieved from /home/melicharovykrecek/venv/lib/python3.9/site-packages/airflow/example_dags/example_branch_operator.py
[2023-03-12T07:50:04.941+0000] {logging_mixin.py:137} INFO - [2023-03-12T07:50:04.941+0000] {dag.py:2690} INFO - Sync 1 DAGs
[2023-03-12T07:50:04.967+0000] {logging_mixin.py:137} INFO - [2023-03-12T07:50:04.967+0000] {dag.py:3437} INFO - Setting next_dagrun for example_branch_operator to 2023-03-11T00:00:00+00:00, run_after=2023-03-12T00:00:00+00:00
[2023-03-12T07:50:04.996+0000] {processor.py:175} INFO - Processing /home/melicharovykrecek/venv/lib/python3.9/site-packages/airflow/example_dags/example_branch_operator.py took 0.114 seconds
[2023-03-12T07:50:44.612+0000] {processor.py:153} INFO - Started process (PID=2921) to work on /home/melicharovykrecek/venv/lib/python3.9/site-packages/airflow/example_dags/example_branch_operator.py
[2023-03-12T07:50:44.614+0000] {processor.py:743} INFO - Processing file /home/melicharovykrecek/venv/lib/python3.9/site-packages/airflow/example_dags/example_branch_operator.py for tasks to queue
[2023-03-12T07:50:44.615+0000] {logging_mixin.py:137} INFO - [2023-03-12T07:50:44.614+0000] {dagbag.py:538} INFO - Filling up the DagBag from /home/melicharovykrecek/venv/lib/python3.9/site-packages/airflow/example_dags/example_branch_operator.py
[2023-03-12T07:50:44.637+0000] {processor.py:753} INFO - DAG(s) dict_keys(['example_branch_operator']) retrieved from /home/melicharovykrecek/venv/lib/python3.9/site-packages/airflow/example_dags/example_branch_operator.py
[2023-03-12T07:50:44.665+0000] {logging_mixin.py:137} INFO - [2023-03-12T07:50:44.664+0000] {dag.py:2690} INFO - Sync 1 DAGs
[2023-03-12T07:50:44.690+0000] {logging_mixin.py:137} INFO - [2023-03-12T07:50:44.690+0000] {dag.py:3437} INFO - Setting next_dagrun for example_branch_operator to 2023-03-11T00:00:00+00:00, run_after=2023-03-12T00:00:00+00:00
[2023-03-12T07:50:44.718+0000] {processor.py:175} INFO - Processing /home/melicharovykrecek/venv/lib/python3.9/site-packages/airflow/example_dags/example_branch_operator.py took 0.111 seconds
[2023-03-12T07:51:33.797+0000] {processor.py:153} INFO - Started process (PID=2974) to work on /home/melicharovykrecek/venv/lib/python3.9/site-packages/airflow/example_dags/example_branch_operator.py
[2023-03-12T07:51:33.800+0000] {processor.py:743} INFO - Processing file /home/melicharovykrecek/venv/lib/python3.9/site-packages/airflow/example_dags/example_branch_operator.py for tasks to queue
[2023-03-12T07:51:33.801+0000] {logging_mixin.py:137} INFO - [2023-03-12T07:51:33.800+0000] {dagbag.py:538} INFO - Filling up the DagBag from /home/melicharovykrecek/venv/lib/python3.9/site-packages/airflow/example_dags/example_branch_operator.py
[2023-03-12T07:51:33.824+0000] {processor.py:753} INFO - DAG(s) dict_keys(['example_branch_operator']) retrieved from /home/melicharovykrecek/venv/lib/python3.9/site-packages/airflow/example_dags/example_branch_operator.py
[2023-03-12T07:51:33.852+0000] {logging_mixin.py:137} INFO - [2023-03-12T07:51:33.851+0000] {dag.py:2690} INFO - Sync 1 DAGs
[2023-03-12T07:51:33.880+0000] {logging_mixin.py:137} INFO - [2023-03-12T07:51:33.880+0000] {dag.py:3437} INFO - Setting next_dagrun for example_branch_operator to 2023-03-11T00:00:00+00:00, run_after=2023-03-12T00:00:00+00:00
[2023-03-12T07:51:33.907+0000] {processor.py:175} INFO - Processing /home/melicharovykrecek/venv/lib/python3.9/site-packages/airflow/example_dags/example_branch_operator.py took 0.115 seconds
[2023-03-12T07:52:21.943+0000] {processor.py:153} INFO - Started process (PID=3021) to work on /home/melicharovykrecek/venv/lib/python3.9/site-packages/airflow/example_dags/example_branch_operator.py
[2023-03-12T07:52:21.945+0000] {processor.py:743} INFO - Processing file /home/melicharovykrecek/venv/lib/python3.9/site-packages/airflow/example_dags/example_branch_operator.py for tasks to queue
[2023-03-12T07:52:21.946+0000] {logging_mixin.py:137} INFO - [2023-03-12T07:52:21.946+0000] {dagbag.py:538} INFO - Filling up the DagBag from /home/melicharovykrecek/venv/lib/python3.9/site-packages/airflow/example_dags/example_branch_operator.py
[2023-03-12T07:52:21.968+0000] {processor.py:753} INFO - DAG(s) dict_keys(['example_branch_operator']) retrieved from /home/melicharovykrecek/venv/lib/python3.9/site-packages/airflow/example_dags/example_branch_operator.py
[2023-03-12T07:52:21.994+0000] {logging_mixin.py:137} INFO - [2023-03-12T07:52:21.993+0000] {dag.py:2690} INFO - Sync 1 DAGs
[2023-03-12T07:52:22.019+0000] {logging_mixin.py:137} INFO - [2023-03-12T07:52:22.019+0000] {dag.py:3437} INFO - Setting next_dagrun for example_branch_operator to 2023-03-11T00:00:00+00:00, run_after=2023-03-12T00:00:00+00:00
[2023-03-12T07:52:22.049+0000] {processor.py:175} INFO - Processing /home/melicharovykrecek/venv/lib/python3.9/site-packages/airflow/example_dags/example_branch_operator.py took 0.111 seconds
[2023-03-12T07:53:04.425+0000] {processor.py:153} INFO - Started process (PID=3063) to work on /home/melicharovykrecek/venv/lib/python3.9/site-packages/airflow/example_dags/example_branch_operator.py
[2023-03-12T07:53:04.427+0000] {processor.py:743} INFO - Processing file /home/melicharovykrecek/venv/lib/python3.9/site-packages/airflow/example_dags/example_branch_operator.py for tasks to queue
[2023-03-12T07:53:04.428+0000] {logging_mixin.py:137} INFO - [2023-03-12T07:53:04.428+0000] {dagbag.py:538} INFO - Filling up the DagBag from /home/melicharovykrecek/venv/lib/python3.9/site-packages/airflow/example_dags/example_branch_operator.py
[2023-03-12T07:53:04.450+0000] {processor.py:753} INFO - DAG(s) dict_keys(['example_branch_operator']) retrieved from /home/melicharovykrecek/venv/lib/python3.9/site-packages/airflow/example_dags/example_branch_operator.py
[2023-03-12T07:53:04.477+0000] {logging_mixin.py:137} INFO - [2023-03-12T07:53:04.476+0000] {dag.py:2690} INFO - Sync 1 DAGs
[2023-03-12T07:53:04.503+0000] {logging_mixin.py:137} INFO - [2023-03-12T07:53:04.503+0000] {dag.py:3437} INFO - Setting next_dagrun for example_branch_operator to 2023-03-11T00:00:00+00:00, run_after=2023-03-12T00:00:00+00:00
[2023-03-12T07:53:04.536+0000] {processor.py:175} INFO - Processing /home/melicharovykrecek/venv/lib/python3.9/site-packages/airflow/example_dags/example_branch_operator.py took 0.116 seconds
[2023-03-12T07:53:48.246+0000] {processor.py:153} INFO - Started process (PID=3106) to work on /home/melicharovykrecek/venv/lib/python3.9/site-packages/airflow/example_dags/example_branch_operator.py
[2023-03-12T07:53:48.248+0000] {processor.py:743} INFO - Processing file /home/melicharovykrecek/venv/lib/python3.9/site-packages/airflow/example_dags/example_branch_operator.py for tasks to queue
[2023-03-12T07:53:48.249+0000] {logging_mixin.py:137} INFO - [2023-03-12T07:53:48.249+0000] {dagbag.py:538} INFO - Filling up the DagBag from /home/melicharovykrecek/venv/lib/python3.9/site-packages/airflow/example_dags/example_branch_operator.py
[2023-03-12T07:53:48.272+0000] {processor.py:753} INFO - DAG(s) dict_keys(['example_branch_operator']) retrieved from /home/melicharovykrecek/venv/lib/python3.9/site-packages/airflow/example_dags/example_branch_operator.py
[2023-03-12T07:53:48.299+0000] {logging_mixin.py:137} INFO - [2023-03-12T07:53:48.299+0000] {dag.py:2690} INFO - Sync 1 DAGs
[2023-03-12T07:53:48.326+0000] {logging_mixin.py:137} INFO - [2023-03-12T07:53:48.326+0000] {dag.py:3437} INFO - Setting next_dagrun for example_branch_operator to 2023-03-11T00:00:00+00:00, run_after=2023-03-12T00:00:00+00:00
[2023-03-12T07:53:48.354+0000] {processor.py:175} INFO - Processing /home/melicharovykrecek/venv/lib/python3.9/site-packages/airflow/example_dags/example_branch_operator.py took 0.113 seconds
[2023-03-12T07:54:37.702+0000] {processor.py:153} INFO - Started process (PID=3153) to work on /home/melicharovykrecek/venv/lib/python3.9/site-packages/airflow/example_dags/example_branch_operator.py
[2023-03-12T07:54:37.704+0000] {processor.py:743} INFO - Processing file /home/melicharovykrecek/venv/lib/python3.9/site-packages/airflow/example_dags/example_branch_operator.py for tasks to queue
[2023-03-12T07:54:37.705+0000] {logging_mixin.py:137} INFO - [2023-03-12T07:54:37.705+0000] {dagbag.py:538} INFO - Filling up the DagBag from /home/melicharovykrecek/venv/lib/python3.9/site-packages/airflow/example_dags/example_branch_operator.py
[2023-03-12T07:54:37.727+0000] {processor.py:753} INFO - DAG(s) dict_keys(['example_branch_operator']) retrieved from /home/melicharovykrecek/venv/lib/python3.9/site-packages/airflow/example_dags/example_branch_operator.py
[2023-03-12T07:54:37.755+0000] {logging_mixin.py:137} INFO - [2023-03-12T07:54:37.755+0000] {dag.py:2690} INFO - Sync 1 DAGs
[2023-03-12T07:54:37.780+0000] {logging_mixin.py:137} INFO - [2023-03-12T07:54:37.780+0000] {dag.py:3437} INFO - Setting next_dagrun for example_branch_operator to 2023-03-11T00:00:00+00:00, run_after=2023-03-12T00:00:00+00:00
[2023-03-12T07:54:37.806+0000] {processor.py:175} INFO - Processing /home/melicharovykrecek/venv/lib/python3.9/site-packages/airflow/example_dags/example_branch_operator.py took 0.109 seconds
[2023-03-12T07:55:20.500+0000] {processor.py:153} INFO - Started process (PID=3196) to work on /home/melicharovykrecek/venv/lib/python3.9/site-packages/airflow/example_dags/example_branch_operator.py
[2023-03-12T07:55:20.502+0000] {processor.py:743} INFO - Processing file /home/melicharovykrecek/venv/lib/python3.9/site-packages/airflow/example_dags/example_branch_operator.py for tasks to queue
[2023-03-12T07:55:20.503+0000] {logging_mixin.py:137} INFO - [2023-03-12T07:55:20.503+0000] {dagbag.py:538} INFO - Filling up the DagBag from /home/melicharovykrecek/venv/lib/python3.9/site-packages/airflow/example_dags/example_branch_operator.py
[2023-03-12T07:55:20.525+0000] {processor.py:753} INFO - DAG(s) dict_keys(['example_branch_operator']) retrieved from /home/melicharovykrecek/venv/lib/python3.9/site-packages/airflow/example_dags/example_branch_operator.py
[2023-03-12T07:55:20.550+0000] {logging_mixin.py:137} INFO - [2023-03-12T07:55:20.550+0000] {dag.py:2690} INFO - Sync 1 DAGs
[2023-03-12T07:55:20.575+0000] {logging_mixin.py:137} INFO - [2023-03-12T07:55:20.575+0000] {dag.py:3437} INFO - Setting next_dagrun for example_branch_operator to 2023-03-11T00:00:00+00:00, run_after=2023-03-12T00:00:00+00:00
[2023-03-12T07:55:20.602+0000] {processor.py:175} INFO - Processing /home/melicharovykrecek/venv/lib/python3.9/site-packages/airflow/example_dags/example_branch_operator.py took 0.106 seconds
[2023-03-12T07:56:07.049+0000] {processor.py:153} INFO - Started process (PID=3241) to work on /home/melicharovykrecek/venv/lib/python3.9/site-packages/airflow/example_dags/example_branch_operator.py
[2023-03-12T07:56:07.051+0000] {processor.py:743} INFO - Processing file /home/melicharovykrecek/venv/lib/python3.9/site-packages/airflow/example_dags/example_branch_operator.py for tasks to queue
[2023-03-12T07:56:07.052+0000] {logging_mixin.py:137} INFO - [2023-03-12T07:56:07.052+0000] {dagbag.py:538} INFO - Filling up the DagBag from /home/melicharovykrecek/venv/lib/python3.9/site-packages/airflow/example_dags/example_branch_operator.py
[2023-03-12T07:56:07.074+0000] {processor.py:753} INFO - DAG(s) dict_keys(['example_branch_operator']) retrieved from /home/melicharovykrecek/venv/lib/python3.9/site-packages/airflow/example_dags/example_branch_operator.py
[2023-03-12T07:56:07.100+0000] {logging_mixin.py:137} INFO - [2023-03-12T07:56:07.100+0000] {dag.py:2690} INFO - Sync 1 DAGs
[2023-03-12T07:56:07.125+0000] {logging_mixin.py:137} INFO - [2023-03-12T07:56:07.125+0000] {dag.py:3437} INFO - Setting next_dagrun for example_branch_operator to 2023-03-11T00:00:00+00:00, run_after=2023-03-12T00:00:00+00:00
[2023-03-12T07:56:07.157+0000] {processor.py:175} INFO - Processing /home/melicharovykrecek/venv/lib/python3.9/site-packages/airflow/example_dags/example_branch_operator.py took 0.113 seconds
[2023-03-12T07:56:52.788+0000] {processor.py:153} INFO - Started process (PID=3286) to work on /home/melicharovykrecek/venv/lib/python3.9/site-packages/airflow/example_dags/example_branch_operator.py
[2023-03-12T07:56:52.791+0000] {processor.py:743} INFO - Processing file /home/melicharovykrecek/venv/lib/python3.9/site-packages/airflow/example_dags/example_branch_operator.py for tasks to queue
[2023-03-12T07:56:52.792+0000] {logging_mixin.py:137} INFO - [2023-03-12T07:56:52.792+0000] {dagbag.py:538} INFO - Filling up the DagBag from /home/melicharovykrecek/venv/lib/python3.9/site-packages/airflow/example_dags/example_branch_operator.py
[2023-03-12T07:56:52.814+0000] {processor.py:753} INFO - DAG(s) dict_keys(['example_branch_operator']) retrieved from /home/melicharovykrecek/venv/lib/python3.9/site-packages/airflow/example_dags/example_branch_operator.py
[2023-03-12T07:56:52.840+0000] {logging_mixin.py:137} INFO - [2023-03-12T07:56:52.840+0000] {dag.py:2690} INFO - Sync 1 DAGs
[2023-03-12T07:56:52.866+0000] {logging_mixin.py:137} INFO - [2023-03-12T07:56:52.866+0000] {dag.py:3437} INFO - Setting next_dagrun for example_branch_operator to 2023-03-11T00:00:00+00:00, run_after=2023-03-12T00:00:00+00:00
[2023-03-12T07:56:52.892+0000] {processor.py:175} INFO - Processing /home/melicharovykrecek/venv/lib/python3.9/site-packages/airflow/example_dags/example_branch_operator.py took 0.109 seconds
[2023-03-12T07:57:37.276+0000] {processor.py:153} INFO - Started process (PID=3330) to work on /home/melicharovykrecek/venv/lib/python3.9/site-packages/airflow/example_dags/example_branch_operator.py
[2023-03-12T07:57:37.278+0000] {processor.py:743} INFO - Processing file /home/melicharovykrecek/venv/lib/python3.9/site-packages/airflow/example_dags/example_branch_operator.py for tasks to queue
[2023-03-12T07:57:37.278+0000] {logging_mixin.py:137} INFO - [2023-03-12T07:57:37.278+0000] {dagbag.py:538} INFO - Filling up the DagBag from /home/melicharovykrecek/venv/lib/python3.9/site-packages/airflow/example_dags/example_branch_operator.py
[2023-03-12T07:57:37.300+0000] {processor.py:753} INFO - DAG(s) dict_keys(['example_branch_operator']) retrieved from /home/melicharovykrecek/venv/lib/python3.9/site-packages/airflow/example_dags/example_branch_operator.py
[2023-03-12T07:57:37.327+0000] {logging_mixin.py:137} INFO - [2023-03-12T07:57:37.327+0000] {dag.py:2690} INFO - Sync 1 DAGs
[2023-03-12T07:57:37.351+0000] {logging_mixin.py:137} INFO - [2023-03-12T07:57:37.351+0000] {dag.py:3437} INFO - Setting next_dagrun for example_branch_operator to 2023-03-11T00:00:00+00:00, run_after=2023-03-12T00:00:00+00:00
[2023-03-12T07:57:37.376+0000] {processor.py:175} INFO - Processing /home/melicharovykrecek/venv/lib/python3.9/site-packages/airflow/example_dags/example_branch_operator.py took 0.105 seconds
[2023-03-12T07:58:17.835+0000] {processor.py:153} INFO - Started process (PID=3367) to work on /home/melicharovykrecek/venv/lib/python3.9/site-packages/airflow/example_dags/example_branch_operator.py
[2023-03-12T07:58:17.837+0000] {processor.py:743} INFO - Processing file /home/melicharovykrecek/venv/lib/python3.9/site-packages/airflow/example_dags/example_branch_operator.py for tasks to queue
[2023-03-12T07:58:17.838+0000] {logging_mixin.py:137} INFO - [2023-03-12T07:58:17.838+0000] {dagbag.py:538} INFO - Filling up the DagBag from /home/melicharovykrecek/venv/lib/python3.9/site-packages/airflow/example_dags/example_branch_operator.py
[2023-03-12T07:58:17.861+0000] {processor.py:753} INFO - DAG(s) dict_keys(['example_branch_operator']) retrieved from /home/melicharovykrecek/venv/lib/python3.9/site-packages/airflow/example_dags/example_branch_operator.py
[2023-03-12T07:58:17.889+0000] {logging_mixin.py:137} INFO - [2023-03-12T07:58:17.888+0000] {dag.py:2690} INFO - Sync 1 DAGs
[2023-03-12T07:58:17.914+0000] {logging_mixin.py:137} INFO - [2023-03-12T07:58:17.914+0000] {dag.py:3437} INFO - Setting next_dagrun for example_branch_operator to 2023-03-11T00:00:00+00:00, run_after=2023-03-12T00:00:00+00:00
[2023-03-12T07:58:17.944+0000] {processor.py:175} INFO - Processing /home/melicharovykrecek/venv/lib/python3.9/site-packages/airflow/example_dags/example_branch_operator.py took 0.114 seconds
[2023-03-12T07:59:01.527+0000] {processor.py:153} INFO - Started process (PID=3411) to work on /home/melicharovykrecek/venv/lib/python3.9/site-packages/airflow/example_dags/example_branch_operator.py
[2023-03-12T07:59:01.529+0000] {processor.py:743} INFO - Processing file /home/melicharovykrecek/venv/lib/python3.9/site-packages/airflow/example_dags/example_branch_operator.py for tasks to queue
[2023-03-12T07:59:01.530+0000] {logging_mixin.py:137} INFO - [2023-03-12T07:59:01.530+0000] {dagbag.py:538} INFO - Filling up the DagBag from /home/melicharovykrecek/venv/lib/python3.9/site-packages/airflow/example_dags/example_branch_operator.py
[2023-03-12T07:59:01.552+0000] {processor.py:753} INFO - DAG(s) dict_keys(['example_branch_operator']) retrieved from /home/melicharovykrecek/venv/lib/python3.9/site-packages/airflow/example_dags/example_branch_operator.py
[2023-03-12T07:59:01.578+0000] {logging_mixin.py:137} INFO - [2023-03-12T07:59:01.578+0000] {dag.py:2690} INFO - Sync 1 DAGs
[2023-03-12T07:59:01.603+0000] {logging_mixin.py:137} INFO - [2023-03-12T07:59:01.603+0000] {dag.py:3437} INFO - Setting next_dagrun for example_branch_operator to 2023-03-11T00:00:00+00:00, run_after=2023-03-12T00:00:00+00:00
[2023-03-12T07:59:01.629+0000] {processor.py:175} INFO - Processing /home/melicharovykrecek/venv/lib/python3.9/site-packages/airflow/example_dags/example_branch_operator.py took 0.106 seconds
[2023-03-12T07:59:48.503+0000] {processor.py:153} INFO - Started process (PID=3457) to work on /home/melicharovykrecek/venv/lib/python3.9/site-packages/airflow/example_dags/example_branch_operator.py
[2023-03-12T07:59:48.505+0000] {processor.py:743} INFO - Processing file /home/melicharovykrecek/venv/lib/python3.9/site-packages/airflow/example_dags/example_branch_operator.py for tasks to queue
[2023-03-12T07:59:48.506+0000] {logging_mixin.py:137} INFO - [2023-03-12T07:59:48.506+0000] {dagbag.py:538} INFO - Filling up the DagBag from /home/melicharovykrecek/venv/lib/python3.9/site-packages/airflow/example_dags/example_branch_operator.py
[2023-03-12T07:59:48.529+0000] {processor.py:753} INFO - DAG(s) dict_keys(['example_branch_operator']) retrieved from /home/melicharovykrecek/venv/lib/python3.9/site-packages/airflow/example_dags/example_branch_operator.py
[2023-03-12T07:59:48.555+0000] {logging_mixin.py:137} INFO - [2023-03-12T07:59:48.555+0000] {dag.py:2690} INFO - Sync 1 DAGs
[2023-03-12T07:59:48.581+0000] {logging_mixin.py:137} INFO - [2023-03-12T07:59:48.580+0000] {dag.py:3437} INFO - Setting next_dagrun for example_branch_operator to 2023-03-11T00:00:00+00:00, run_after=2023-03-12T00:00:00+00:00
[2023-03-12T07:59:48.610+0000] {processor.py:175} INFO - Processing /home/melicharovykrecek/venv/lib/python3.9/site-packages/airflow/example_dags/example_branch_operator.py took 0.113 seconds
[2023-03-12T08:00:36.729+0000] {processor.py:153} INFO - Started process (PID=3530) to work on /home/melicharovykrecek/venv/lib/python3.9/site-packages/airflow/example_dags/example_branch_operator.py
[2023-03-12T08:00:36.731+0000] {processor.py:743} INFO - Processing file /home/melicharovykrecek/venv/lib/python3.9/site-packages/airflow/example_dags/example_branch_operator.py for tasks to queue
[2023-03-12T08:00:36.732+0000] {logging_mixin.py:137} INFO - [2023-03-12T08:00:36.732+0000] {dagbag.py:538} INFO - Filling up the DagBag from /home/melicharovykrecek/venv/lib/python3.9/site-packages/airflow/example_dags/example_branch_operator.py
[2023-03-12T08:00:36.756+0000] {processor.py:753} INFO - DAG(s) dict_keys(['example_branch_operator']) retrieved from /home/melicharovykrecek/venv/lib/python3.9/site-packages/airflow/example_dags/example_branch_operator.py
[2023-03-12T08:00:36.783+0000] {logging_mixin.py:137} INFO - [2023-03-12T08:00:36.783+0000] {dag.py:2690} INFO - Sync 1 DAGs
[2023-03-12T08:00:36.812+0000] {logging_mixin.py:137} INFO - [2023-03-12T08:00:36.812+0000] {dag.py:3437} INFO - Setting next_dagrun for example_branch_operator to 2023-03-11T00:00:00+00:00, run_after=2023-03-12T00:00:00+00:00
[2023-03-12T08:00:36.843+0000] {processor.py:175} INFO - Processing /home/melicharovykrecek/venv/lib/python3.9/site-packages/airflow/example_dags/example_branch_operator.py took 0.119 seconds
[2023-03-12T08:01:24.471+0000] {processor.py:153} INFO - Started process (PID=3582) to work on /home/melicharovykrecek/venv/lib/python3.9/site-packages/airflow/example_dags/example_branch_operator.py
[2023-03-12T08:01:24.474+0000] {processor.py:743} INFO - Processing file /home/melicharovykrecek/venv/lib/python3.9/site-packages/airflow/example_dags/example_branch_operator.py for tasks to queue
[2023-03-12T08:01:24.475+0000] {logging_mixin.py:137} INFO - [2023-03-12T08:01:24.474+0000] {dagbag.py:538} INFO - Filling up the DagBag from /home/melicharovykrecek/venv/lib/python3.9/site-packages/airflow/example_dags/example_branch_operator.py
[2023-03-12T08:01:24.497+0000] {processor.py:753} INFO - DAG(s) dict_keys(['example_branch_operator']) retrieved from /home/melicharovykrecek/venv/lib/python3.9/site-packages/airflow/example_dags/example_branch_operator.py
[2023-03-12T08:01:24.525+0000] {logging_mixin.py:137} INFO - [2023-03-12T08:01:24.525+0000] {dag.py:2690} INFO - Sync 1 DAGs
[2023-03-12T08:01:24.552+0000] {logging_mixin.py:137} INFO - [2023-03-12T08:01:24.551+0000] {dag.py:3437} INFO - Setting next_dagrun for example_branch_operator to 2023-03-11T00:00:00+00:00, run_after=2023-03-12T00:00:00+00:00
[2023-03-12T08:01:24.578+0000] {processor.py:175} INFO - Processing /home/melicharovykrecek/venv/lib/python3.9/site-packages/airflow/example_dags/example_branch_operator.py took 0.112 seconds
[2023-03-12T08:02:12.381+0000] {processor.py:153} INFO - Started process (PID=3628) to work on /home/melicharovykrecek/venv/lib/python3.9/site-packages/airflow/example_dags/example_branch_operator.py
[2023-03-12T08:02:12.383+0000] {processor.py:743} INFO - Processing file /home/melicharovykrecek/venv/lib/python3.9/site-packages/airflow/example_dags/example_branch_operator.py for tasks to queue
[2023-03-12T08:02:12.384+0000] {logging_mixin.py:137} INFO - [2023-03-12T08:02:12.384+0000] {dagbag.py:538} INFO - Filling up the DagBag from /home/melicharovykrecek/venv/lib/python3.9/site-packages/airflow/example_dags/example_branch_operator.py
[2023-03-12T08:02:12.410+0000] {processor.py:753} INFO - DAG(s) dict_keys(['example_branch_operator']) retrieved from /home/melicharovykrecek/venv/lib/python3.9/site-packages/airflow/example_dags/example_branch_operator.py
[2023-03-12T08:02:12.437+0000] {logging_mixin.py:137} INFO - [2023-03-12T08:02:12.437+0000] {dag.py:2690} INFO - Sync 1 DAGs
[2023-03-12T08:02:12.466+0000] {logging_mixin.py:137} INFO - [2023-03-12T08:02:12.465+0000] {dag.py:3437} INFO - Setting next_dagrun for example_branch_operator to 2023-03-11T00:00:00+00:00, run_after=2023-03-12T00:00:00+00:00
[2023-03-12T08:02:12.495+0000] {processor.py:175} INFO - Processing /home/melicharovykrecek/venv/lib/python3.9/site-packages/airflow/example_dags/example_branch_operator.py took 0.119 seconds
[2023-03-12T08:02:56.873+0000] {processor.py:153} INFO - Started process (PID=3672) to work on /home/melicharovykrecek/venv/lib/python3.9/site-packages/airflow/example_dags/example_branch_operator.py
[2023-03-12T08:02:56.875+0000] {processor.py:743} INFO - Processing file /home/melicharovykrecek/venv/lib/python3.9/site-packages/airflow/example_dags/example_branch_operator.py for tasks to queue
[2023-03-12T08:02:56.876+0000] {logging_mixin.py:137} INFO - [2023-03-12T08:02:56.876+0000] {dagbag.py:538} INFO - Filling up the DagBag from /home/melicharovykrecek/venv/lib/python3.9/site-packages/airflow/example_dags/example_branch_operator.py
[2023-03-12T08:02:56.898+0000] {processor.py:753} INFO - DAG(s) dict_keys(['example_branch_operator']) retrieved from /home/melicharovykrecek/venv/lib/python3.9/site-packages/airflow/example_dags/example_branch_operator.py
[2023-03-12T08:02:56.925+0000] {logging_mixin.py:137} INFO - [2023-03-12T08:02:56.924+0000] {dag.py:2690} INFO - Sync 1 DAGs
[2023-03-12T08:02:56.950+0000] {logging_mixin.py:137} INFO - [2023-03-12T08:02:56.950+0000] {dag.py:3437} INFO - Setting next_dagrun for example_branch_operator to 2023-03-11T00:00:00+00:00, run_after=2023-03-12T00:00:00+00:00
[2023-03-12T08:02:56.978+0000] {processor.py:175} INFO - Processing /home/melicharovykrecek/venv/lib/python3.9/site-packages/airflow/example_dags/example_branch_operator.py took 0.110 seconds
[2023-03-12T08:03:35.030+0000] {processor.py:153} INFO - Started process (PID=3708) to work on /home/melicharovykrecek/venv/lib/python3.9/site-packages/airflow/example_dags/example_branch_operator.py
[2023-03-12T08:03:35.032+0000] {processor.py:743} INFO - Processing file /home/melicharovykrecek/venv/lib/python3.9/site-packages/airflow/example_dags/example_branch_operator.py for tasks to queue
[2023-03-12T08:03:35.033+0000] {logging_mixin.py:137} INFO - [2023-03-12T08:03:35.032+0000] {dagbag.py:538} INFO - Filling up the DagBag from /home/melicharovykrecek/venv/lib/python3.9/site-packages/airflow/example_dags/example_branch_operator.py
[2023-03-12T08:03:35.055+0000] {processor.py:753} INFO - DAG(s) dict_keys(['example_branch_operator']) retrieved from /home/melicharovykrecek/venv/lib/python3.9/site-packages/airflow/example_dags/example_branch_operator.py
[2023-03-12T08:03:35.081+0000] {logging_mixin.py:137} INFO - [2023-03-12T08:03:35.081+0000] {dag.py:2690} INFO - Sync 1 DAGs
[2023-03-12T08:03:35.108+0000] {logging_mixin.py:137} INFO - [2023-03-12T08:03:35.107+0000] {dag.py:3437} INFO - Setting next_dagrun for example_branch_operator to 2023-03-11T00:00:00+00:00, run_after=2023-03-12T00:00:00+00:00
[2023-03-12T08:03:35.135+0000] {processor.py:175} INFO - Processing /home/melicharovykrecek/venv/lib/python3.9/site-packages/airflow/example_dags/example_branch_operator.py took 0.110 seconds
[2023-03-12T08:04:16.996+0000] {processor.py:153} INFO - Started process (PID=3750) to work on /home/melicharovykrecek/venv/lib/python3.9/site-packages/airflow/example_dags/example_branch_operator.py
[2023-03-12T08:04:16.998+0000] {processor.py:743} INFO - Processing file /home/melicharovykrecek/venv/lib/python3.9/site-packages/airflow/example_dags/example_branch_operator.py for tasks to queue
[2023-03-12T08:04:16.999+0000] {logging_mixin.py:137} INFO - [2023-03-12T08:04:16.999+0000] {dagbag.py:538} INFO - Filling up the DagBag from /home/melicharovykrecek/venv/lib/python3.9/site-packages/airflow/example_dags/example_branch_operator.py
[2023-03-12T08:04:17.020+0000] {processor.py:753} INFO - DAG(s) dict_keys(['example_branch_operator']) retrieved from /home/melicharovykrecek/venv/lib/python3.9/site-packages/airflow/example_dags/example_branch_operator.py
[2023-03-12T08:04:17.047+0000] {logging_mixin.py:137} INFO - [2023-03-12T08:04:17.047+0000] {dag.py:2690} INFO - Sync 1 DAGs
[2023-03-12T08:04:17.074+0000] {logging_mixin.py:137} INFO - [2023-03-12T08:04:17.073+0000] {dag.py:3437} INFO - Setting next_dagrun for example_branch_operator to 2023-03-11T00:00:00+00:00, run_after=2023-03-12T00:00:00+00:00
[2023-03-12T08:04:17.099+0000] {processor.py:175} INFO - Processing /home/melicharovykrecek/venv/lib/python3.9/site-packages/airflow/example_dags/example_branch_operator.py took 0.108 seconds
[2023-03-12T08:05:05.562+0000] {processor.py:153} INFO - Started process (PID=3798) to work on /home/melicharovykrecek/venv/lib/python3.9/site-packages/airflow/example_dags/example_branch_operator.py
[2023-03-12T08:05:05.565+0000] {processor.py:743} INFO - Processing file /home/melicharovykrecek/venv/lib/python3.9/site-packages/airflow/example_dags/example_branch_operator.py for tasks to queue
[2023-03-12T08:05:05.566+0000] {logging_mixin.py:137} INFO - [2023-03-12T08:05:05.566+0000] {dagbag.py:538} INFO - Filling up the DagBag from /home/melicharovykrecek/venv/lib/python3.9/site-packages/airflow/example_dags/example_branch_operator.py
[2023-03-12T08:05:05.590+0000] {processor.py:753} INFO - DAG(s) dict_keys(['example_branch_operator']) retrieved from /home/melicharovykrecek/venv/lib/python3.9/site-packages/airflow/example_dags/example_branch_operator.py
[2023-03-12T08:05:05.618+0000] {logging_mixin.py:137} INFO - [2023-03-12T08:05:05.617+0000] {dag.py:2690} INFO - Sync 1 DAGs
[2023-03-12T08:05:05.644+0000] {logging_mixin.py:137} INFO - [2023-03-12T08:05:05.644+0000] {dag.py:3437} INFO - Setting next_dagrun for example_branch_operator to 2023-03-11T00:00:00+00:00, run_after=2023-03-12T00:00:00+00:00
[2023-03-12T08:05:05.671+0000] {processor.py:175} INFO - Processing /home/melicharovykrecek/venv/lib/python3.9/site-packages/airflow/example_dags/example_branch_operator.py took 0.114 seconds
[2023-03-12T08:05:54.042+0000] {processor.py:153} INFO - Started process (PID=3844) to work on /home/melicharovykrecek/venv/lib/python3.9/site-packages/airflow/example_dags/example_branch_operator.py
[2023-03-12T08:05:54.045+0000] {processor.py:743} INFO - Processing file /home/melicharovykrecek/venv/lib/python3.9/site-packages/airflow/example_dags/example_branch_operator.py for tasks to queue
[2023-03-12T08:05:54.046+0000] {logging_mixin.py:137} INFO - [2023-03-12T08:05:54.046+0000] {dagbag.py:538} INFO - Filling up the DagBag from /home/melicharovykrecek/venv/lib/python3.9/site-packages/airflow/example_dags/example_branch_operator.py
[2023-03-12T08:05:54.071+0000] {processor.py:753} INFO - DAG(s) dict_keys(['example_branch_operator']) retrieved from /home/melicharovykrecek/venv/lib/python3.9/site-packages/airflow/example_dags/example_branch_operator.py
[2023-03-12T08:05:54.098+0000] {logging_mixin.py:137} INFO - [2023-03-12T08:05:54.098+0000] {dag.py:2690} INFO - Sync 1 DAGs
[2023-03-12T08:05:54.125+0000] {logging_mixin.py:137} INFO - [2023-03-12T08:05:54.125+0000] {dag.py:3437} INFO - Setting next_dagrun for example_branch_operator to 2023-03-11T00:00:00+00:00, run_after=2023-03-12T00:00:00+00:00
[2023-03-12T08:05:54.155+0000] {processor.py:175} INFO - Processing /home/melicharovykrecek/venv/lib/python3.9/site-packages/airflow/example_dags/example_branch_operator.py took 0.118 seconds
[2023-03-12T08:06:34.494+0000] {processor.py:153} INFO - Started process (PID=3884) to work on /home/melicharovykrecek/venv/lib/python3.9/site-packages/airflow/example_dags/example_branch_operator.py
[2023-03-12T08:06:34.496+0000] {processor.py:743} INFO - Processing file /home/melicharovykrecek/venv/lib/python3.9/site-packages/airflow/example_dags/example_branch_operator.py for tasks to queue
[2023-03-12T08:06:34.497+0000] {logging_mixin.py:137} INFO - [2023-03-12T08:06:34.497+0000] {dagbag.py:538} INFO - Filling up the DagBag from /home/melicharovykrecek/venv/lib/python3.9/site-packages/airflow/example_dags/example_branch_operator.py
[2023-03-12T08:06:34.520+0000] {processor.py:753} INFO - DAG(s) dict_keys(['example_branch_operator']) retrieved from /home/melicharovykrecek/venv/lib/python3.9/site-packages/airflow/example_dags/example_branch_operator.py
[2023-03-12T08:06:34.546+0000] {logging_mixin.py:137} INFO - [2023-03-12T08:06:34.546+0000] {dag.py:2690} INFO - Sync 1 DAGs
[2023-03-12T08:06:34.572+0000] {logging_mixin.py:137} INFO - [2023-03-12T08:06:34.572+0000] {dag.py:3437} INFO - Setting next_dagrun for example_branch_operator to 2023-03-11T00:00:00+00:00, run_after=2023-03-12T00:00:00+00:00
[2023-03-12T08:06:34.601+0000] {processor.py:175} INFO - Processing /home/melicharovykrecek/venv/lib/python3.9/site-packages/airflow/example_dags/example_branch_operator.py took 0.113 seconds
[2023-03-12T08:07:24.917+0000] {processor.py:153} INFO - Started process (PID=3932) to work on /home/melicharovykrecek/venv/lib/python3.9/site-packages/airflow/example_dags/example_branch_operator.py
[2023-03-12T08:07:24.920+0000] {processor.py:743} INFO - Processing file /home/melicharovykrecek/venv/lib/python3.9/site-packages/airflow/example_dags/example_branch_operator.py for tasks to queue
[2023-03-12T08:07:24.921+0000] {logging_mixin.py:137} INFO - [2023-03-12T08:07:24.920+0000] {dagbag.py:538} INFO - Filling up the DagBag from /home/melicharovykrecek/venv/lib/python3.9/site-packages/airflow/example_dags/example_branch_operator.py
[2023-03-12T08:07:24.946+0000] {processor.py:753} INFO - DAG(s) dict_keys(['example_branch_operator']) retrieved from /home/melicharovykrecek/venv/lib/python3.9/site-packages/airflow/example_dags/example_branch_operator.py
[2023-03-12T08:07:24.977+0000] {logging_mixin.py:137} INFO - [2023-03-12T08:07:24.977+0000] {dag.py:2690} INFO - Sync 1 DAGs
[2023-03-12T08:07:25.005+0000] {logging_mixin.py:137} INFO - [2023-03-12T08:07:25.005+0000] {dag.py:3437} INFO - Setting next_dagrun for example_branch_operator to 2023-03-11T00:00:00+00:00, run_after=2023-03-12T00:00:00+00:00
[2023-03-12T08:07:25.036+0000] {processor.py:175} INFO - Processing /home/melicharovykrecek/venv/lib/python3.9/site-packages/airflow/example_dags/example_branch_operator.py took 0.124 seconds
[2023-03-12T08:08:09.134+0000] {processor.py:153} INFO - Started process (PID=4004) to work on /home/melicharovykrecek/venv/lib/python3.9/site-packages/airflow/example_dags/example_branch_operator.py
[2023-03-12T08:08:09.136+0000] {processor.py:743} INFO - Processing file /home/melicharovykrecek/venv/lib/python3.9/site-packages/airflow/example_dags/example_branch_operator.py for tasks to queue
[2023-03-12T08:08:09.137+0000] {logging_mixin.py:137} INFO - [2023-03-12T08:08:09.137+0000] {dagbag.py:538} INFO - Filling up the DagBag from /home/melicharovykrecek/venv/lib/python3.9/site-packages/airflow/example_dags/example_branch_operator.py
[2023-03-12T08:08:09.162+0000] {processor.py:753} INFO - DAG(s) dict_keys(['example_branch_operator']) retrieved from /home/melicharovykrecek/venv/lib/python3.9/site-packages/airflow/example_dags/example_branch_operator.py
[2023-03-12T08:08:09.192+0000] {logging_mixin.py:137} INFO - [2023-03-12T08:08:09.192+0000] {dag.py:2690} INFO - Sync 1 DAGs
[2023-03-12T08:08:09.220+0000] {logging_mixin.py:137} INFO - [2023-03-12T08:08:09.220+0000] {dag.py:3437} INFO - Setting next_dagrun for example_branch_operator to 2023-03-11T00:00:00+00:00, run_after=2023-03-12T00:00:00+00:00
[2023-03-12T08:08:09.250+0000] {processor.py:175} INFO - Processing /home/melicharovykrecek/venv/lib/python3.9/site-packages/airflow/example_dags/example_branch_operator.py took 0.122 seconds
[2023-03-12T08:08:57.642+0000] {processor.py:153} INFO - Started process (PID=4070) to work on /home/melicharovykrecek/venv/lib/python3.9/site-packages/airflow/example_dags/example_branch_operator.py
[2023-03-12T08:08:57.644+0000] {processor.py:743} INFO - Processing file /home/melicharovykrecek/venv/lib/python3.9/site-packages/airflow/example_dags/example_branch_operator.py for tasks to queue
[2023-03-12T08:08:57.645+0000] {logging_mixin.py:137} INFO - [2023-03-12T08:08:57.645+0000] {dagbag.py:538} INFO - Filling up the DagBag from /home/melicharovykrecek/venv/lib/python3.9/site-packages/airflow/example_dags/example_branch_operator.py
[2023-03-12T08:08:57.669+0000] {processor.py:753} INFO - DAG(s) dict_keys(['example_branch_operator']) retrieved from /home/melicharovykrecek/venv/lib/python3.9/site-packages/airflow/example_dags/example_branch_operator.py
[2023-03-12T08:08:57.699+0000] {logging_mixin.py:137} INFO - [2023-03-12T08:08:57.698+0000] {dag.py:2690} INFO - Sync 1 DAGs
[2023-03-12T08:08:57.726+0000] {logging_mixin.py:137} INFO - [2023-03-12T08:08:57.726+0000] {dag.py:3437} INFO - Setting next_dagrun for example_branch_operator to 2023-03-11T00:00:00+00:00, run_after=2023-03-12T00:00:00+00:00
[2023-03-12T08:08:57.752+0000] {processor.py:175} INFO - Processing /home/melicharovykrecek/venv/lib/python3.9/site-packages/airflow/example_dags/example_branch_operator.py took 0.116 seconds
[2023-03-12T08:09:48.622+0000] {processor.py:153} INFO - Started process (PID=4118) to work on /home/melicharovykrecek/venv/lib/python3.9/site-packages/airflow/example_dags/example_branch_operator.py
[2023-03-12T08:09:48.624+0000] {processor.py:743} INFO - Processing file /home/melicharovykrecek/venv/lib/python3.9/site-packages/airflow/example_dags/example_branch_operator.py for tasks to queue
[2023-03-12T08:09:48.625+0000] {logging_mixin.py:137} INFO - [2023-03-12T08:09:48.625+0000] {dagbag.py:538} INFO - Filling up the DagBag from /home/melicharovykrecek/venv/lib/python3.9/site-packages/airflow/example_dags/example_branch_operator.py
[2023-03-12T08:09:48.647+0000] {processor.py:753} INFO - DAG(s) dict_keys(['example_branch_operator']) retrieved from /home/melicharovykrecek/venv/lib/python3.9/site-packages/airflow/example_dags/example_branch_operator.py
[2023-03-12T08:09:48.674+0000] {logging_mixin.py:137} INFO - [2023-03-12T08:09:48.674+0000] {dag.py:2690} INFO - Sync 1 DAGs
[2023-03-12T08:09:48.700+0000] {logging_mixin.py:137} INFO - [2023-03-12T08:09:48.700+0000] {dag.py:3437} INFO - Setting next_dagrun for example_branch_operator to 2023-03-11T00:00:00+00:00, run_after=2023-03-12T00:00:00+00:00
[2023-03-12T08:09:48.727+0000] {processor.py:175} INFO - Processing /home/melicharovykrecek/venv/lib/python3.9/site-packages/airflow/example_dags/example_branch_operator.py took 0.110 seconds
[2023-03-12T08:10:34.365+0000] {processor.py:153} INFO - Started process (PID=4164) to work on /home/melicharovykrecek/venv/lib/python3.9/site-packages/airflow/example_dags/example_branch_operator.py
[2023-03-12T08:10:34.367+0000] {processor.py:743} INFO - Processing file /home/melicharovykrecek/venv/lib/python3.9/site-packages/airflow/example_dags/example_branch_operator.py for tasks to queue
[2023-03-12T08:10:34.368+0000] {logging_mixin.py:137} INFO - [2023-03-12T08:10:34.368+0000] {dagbag.py:538} INFO - Filling up the DagBag from /home/melicharovykrecek/venv/lib/python3.9/site-packages/airflow/example_dags/example_branch_operator.py
[2023-03-12T08:10:34.392+0000] {processor.py:753} INFO - DAG(s) dict_keys(['example_branch_operator']) retrieved from /home/melicharovykrecek/venv/lib/python3.9/site-packages/airflow/example_dags/example_branch_operator.py
[2023-03-12T08:10:34.421+0000] {logging_mixin.py:137} INFO - [2023-03-12T08:10:34.420+0000] {dag.py:2690} INFO - Sync 1 DAGs
[2023-03-12T08:10:34.450+0000] {logging_mixin.py:137} INFO - [2023-03-12T08:10:34.450+0000] {dag.py:3437} INFO - Setting next_dagrun for example_branch_operator to 2023-03-11T00:00:00+00:00, run_after=2023-03-12T00:00:00+00:00
[2023-03-12T08:10:34.480+0000] {processor.py:175} INFO - Processing /home/melicharovykrecek/venv/lib/python3.9/site-packages/airflow/example_dags/example_branch_operator.py took 0.120 seconds
[2023-03-12T08:11:15.817+0000] {processor.py:153} INFO - Started process (PID=4212) to work on /home/melicharovykrecek/venv/lib/python3.9/site-packages/airflow/example_dags/example_branch_operator.py
[2023-03-12T08:11:15.819+0000] {processor.py:743} INFO - Processing file /home/melicharovykrecek/venv/lib/python3.9/site-packages/airflow/example_dags/example_branch_operator.py for tasks to queue
[2023-03-12T08:11:15.820+0000] {logging_mixin.py:137} INFO - [2023-03-12T08:11:15.819+0000] {dagbag.py:538} INFO - Filling up the DagBag from /home/melicharovykrecek/venv/lib/python3.9/site-packages/airflow/example_dags/example_branch_operator.py
[2023-03-12T08:11:15.843+0000] {processor.py:753} INFO - DAG(s) dict_keys(['example_branch_operator']) retrieved from /home/melicharovykrecek/venv/lib/python3.9/site-packages/airflow/example_dags/example_branch_operator.py
[2023-03-12T08:11:15.870+0000] {logging_mixin.py:137} INFO - [2023-03-12T08:11:15.870+0000] {dag.py:2690} INFO - Sync 1 DAGs
[2023-03-12T08:11:15.897+0000] {logging_mixin.py:137} INFO - [2023-03-12T08:11:15.897+0000] {dag.py:3437} INFO - Setting next_dagrun for example_branch_operator to 2023-03-11T00:00:00+00:00, run_after=2023-03-12T00:00:00+00:00
[2023-03-12T08:11:15.924+0000] {processor.py:175} INFO - Processing /home/melicharovykrecek/venv/lib/python3.9/site-packages/airflow/example_dags/example_branch_operator.py took 0.112 seconds
[2023-03-12T08:12:06.988+0000] {processor.py:153} INFO - Started process (PID=4273) to work on /home/melicharovykrecek/venv/lib/python3.9/site-packages/airflow/example_dags/example_branch_operator.py
[2023-03-12T08:12:06.991+0000] {processor.py:743} INFO - Processing file /home/melicharovykrecek/venv/lib/python3.9/site-packages/airflow/example_dags/example_branch_operator.py for tasks to queue
[2023-03-12T08:12:06.992+0000] {logging_mixin.py:137} INFO - [2023-03-12T08:12:06.991+0000] {dagbag.py:538} INFO - Filling up the DagBag from /home/melicharovykrecek/venv/lib/python3.9/site-packages/airflow/example_dags/example_branch_operator.py
[2023-03-12T08:12:07.014+0000] {processor.py:753} INFO - DAG(s) dict_keys(['example_branch_operator']) retrieved from /home/melicharovykrecek/venv/lib/python3.9/site-packages/airflow/example_dags/example_branch_operator.py
[2023-03-12T08:12:07.042+0000] {logging_mixin.py:137} INFO - [2023-03-12T08:12:07.042+0000] {dag.py:2690} INFO - Sync 1 DAGs
[2023-03-12T08:12:07.069+0000] {logging_mixin.py:137} INFO - [2023-03-12T08:12:07.068+0000] {dag.py:3437} INFO - Setting next_dagrun for example_branch_operator to 2023-03-11T00:00:00+00:00, run_after=2023-03-12T00:00:00+00:00
[2023-03-12T08:12:07.099+0000] {processor.py:175} INFO - Processing /home/melicharovykrecek/venv/lib/python3.9/site-packages/airflow/example_dags/example_branch_operator.py took 0.117 seconds
[2023-03-12T08:12:51.737+0000] {processor.py:153} INFO - Started process (PID=4344) to work on /home/melicharovykrecek/venv/lib/python3.9/site-packages/airflow/example_dags/example_branch_operator.py
[2023-03-12T08:12:51.739+0000] {processor.py:743} INFO - Processing file /home/melicharovykrecek/venv/lib/python3.9/site-packages/airflow/example_dags/example_branch_operator.py for tasks to queue
[2023-03-12T08:12:51.740+0000] {logging_mixin.py:137} INFO - [2023-03-12T08:12:51.740+0000] {dagbag.py:538} INFO - Filling up the DagBag from /home/melicharovykrecek/venv/lib/python3.9/site-packages/airflow/example_dags/example_branch_operator.py
[2023-03-12T08:12:51.765+0000] {processor.py:753} INFO - DAG(s) dict_keys(['example_branch_operator']) retrieved from /home/melicharovykrecek/venv/lib/python3.9/site-packages/airflow/example_dags/example_branch_operator.py
[2023-03-12T08:12:51.792+0000] {logging_mixin.py:137} INFO - [2023-03-12T08:12:51.791+0000] {dag.py:2690} INFO - Sync 1 DAGs
[2023-03-12T08:12:51.817+0000] {logging_mixin.py:137} INFO - [2023-03-12T08:12:51.817+0000] {dag.py:3437} INFO - Setting next_dagrun for example_branch_operator to 2023-03-11T00:00:00+00:00, run_after=2023-03-12T00:00:00+00:00
[2023-03-12T08:12:51.845+0000] {processor.py:175} INFO - Processing /home/melicharovykrecek/venv/lib/python3.9/site-packages/airflow/example_dags/example_branch_operator.py took 0.112 seconds
[2023-03-12T08:13:32.926+0000] {processor.py:153} INFO - Started process (PID=4388) to work on /home/melicharovykrecek/venv/lib/python3.9/site-packages/airflow/example_dags/example_branch_operator.py
[2023-03-12T08:13:32.928+0000] {processor.py:743} INFO - Processing file /home/melicharovykrecek/venv/lib/python3.9/site-packages/airflow/example_dags/example_branch_operator.py for tasks to queue
[2023-03-12T08:13:32.929+0000] {logging_mixin.py:137} INFO - [2023-03-12T08:13:32.929+0000] {dagbag.py:538} INFO - Filling up the DagBag from /home/melicharovykrecek/venv/lib/python3.9/site-packages/airflow/example_dags/example_branch_operator.py
[2023-03-12T08:13:32.951+0000] {processor.py:753} INFO - DAG(s) dict_keys(['example_branch_operator']) retrieved from /home/melicharovykrecek/venv/lib/python3.9/site-packages/airflow/example_dags/example_branch_operator.py
[2023-03-12T08:13:32.979+0000] {logging_mixin.py:137} INFO - [2023-03-12T08:13:32.978+0000] {dag.py:2690} INFO - Sync 1 DAGs
[2023-03-12T08:13:33.004+0000] {logging_mixin.py:137} INFO - [2023-03-12T08:13:33.004+0000] {dag.py:3437} INFO - Setting next_dagrun for example_branch_operator to 2023-03-11T00:00:00+00:00, run_after=2023-03-12T00:00:00+00:00
[2023-03-12T08:13:33.036+0000] {processor.py:175} INFO - Processing /home/melicharovykrecek/venv/lib/python3.9/site-packages/airflow/example_dags/example_branch_operator.py took 0.114 seconds
[2023-03-12T08:14:12.419+0000] {processor.py:153} INFO - Started process (PID=4446) to work on /home/melicharovykrecek/venv/lib/python3.9/site-packages/airflow/example_dags/example_branch_operator.py
[2023-03-12T08:14:12.422+0000] {processor.py:743} INFO - Processing file /home/melicharovykrecek/venv/lib/python3.9/site-packages/airflow/example_dags/example_branch_operator.py for tasks to queue
[2023-03-12T08:14:12.423+0000] {logging_mixin.py:137} INFO - [2023-03-12T08:14:12.423+0000] {dagbag.py:538} INFO - Filling up the DagBag from /home/melicharovykrecek/venv/lib/python3.9/site-packages/airflow/example_dags/example_branch_operator.py
[2023-03-12T08:14:12.448+0000] {processor.py:753} INFO - DAG(s) dict_keys(['example_branch_operator']) retrieved from /home/melicharovykrecek/venv/lib/python3.9/site-packages/airflow/example_dags/example_branch_operator.py
[2023-03-12T08:14:12.477+0000] {logging_mixin.py:137} INFO - [2023-03-12T08:14:12.477+0000] {dag.py:2690} INFO - Sync 1 DAGs
[2023-03-12T08:14:12.509+0000] {logging_mixin.py:137} INFO - [2023-03-12T08:14:12.509+0000] {dag.py:3437} INFO - Setting next_dagrun for example_branch_operator to 2023-03-11T00:00:00+00:00, run_after=2023-03-12T00:00:00+00:00
[2023-03-12T08:14:12.540+0000] {processor.py:175} INFO - Processing /home/melicharovykrecek/venv/lib/python3.9/site-packages/airflow/example_dags/example_branch_operator.py took 0.127 seconds
[2023-03-12T08:15:01.545+0000] {processor.py:153} INFO - Started process (PID=4496) to work on /home/melicharovykrecek/venv/lib/python3.9/site-packages/airflow/example_dags/example_branch_operator.py
[2023-03-12T08:15:01.547+0000] {processor.py:743} INFO - Processing file /home/melicharovykrecek/venv/lib/python3.9/site-packages/airflow/example_dags/example_branch_operator.py for tasks to queue
[2023-03-12T08:15:01.548+0000] {logging_mixin.py:137} INFO - [2023-03-12T08:15:01.548+0000] {dagbag.py:538} INFO - Filling up the DagBag from /home/melicharovykrecek/venv/lib/python3.9/site-packages/airflow/example_dags/example_branch_operator.py
[2023-03-12T08:15:01.571+0000] {processor.py:753} INFO - DAG(s) dict_keys(['example_branch_operator']) retrieved from /home/melicharovykrecek/venv/lib/python3.9/site-packages/airflow/example_dags/example_branch_operator.py
[2023-03-12T08:15:01.599+0000] {logging_mixin.py:137} INFO - [2023-03-12T08:15:01.599+0000] {dag.py:2690} INFO - Sync 1 DAGs
[2023-03-12T08:15:01.627+0000] {logging_mixin.py:137} INFO - [2023-03-12T08:15:01.627+0000] {dag.py:3437} INFO - Setting next_dagrun for example_branch_operator to 2023-03-11T00:00:00+00:00, run_after=2023-03-12T00:00:00+00:00
[2023-03-12T08:15:01.655+0000] {processor.py:175} INFO - Processing /home/melicharovykrecek/venv/lib/python3.9/site-packages/airflow/example_dags/example_branch_operator.py took 0.115 seconds
[2023-03-12T08:15:52.273+0000] {processor.py:153} INFO - Started process (PID=4545) to work on /home/melicharovykrecek/venv/lib/python3.9/site-packages/airflow/example_dags/example_branch_operator.py
[2023-03-12T08:15:52.275+0000] {processor.py:743} INFO - Processing file /home/melicharovykrecek/venv/lib/python3.9/site-packages/airflow/example_dags/example_branch_operator.py for tasks to queue
[2023-03-12T08:15:52.276+0000] {logging_mixin.py:137} INFO - [2023-03-12T08:15:52.276+0000] {dagbag.py:538} INFO - Filling up the DagBag from /home/melicharovykrecek/venv/lib/python3.9/site-packages/airflow/example_dags/example_branch_operator.py
[2023-03-12T08:15:52.298+0000] {processor.py:753} INFO - DAG(s) dict_keys(['example_branch_operator']) retrieved from /home/melicharovykrecek/venv/lib/python3.9/site-packages/airflow/example_dags/example_branch_operator.py
[2023-03-12T08:15:52.327+0000] {logging_mixin.py:137} INFO - [2023-03-12T08:15:52.327+0000] {dag.py:2690} INFO - Sync 1 DAGs
[2023-03-12T08:15:52.354+0000] {logging_mixin.py:137} INFO - [2023-03-12T08:15:52.353+0000] {dag.py:3437} INFO - Setting next_dagrun for example_branch_operator to 2023-03-11T00:00:00+00:00, run_after=2023-03-12T00:00:00+00:00
[2023-03-12T08:15:52.381+0000] {processor.py:175} INFO - Processing /home/melicharovykrecek/venv/lib/python3.9/site-packages/airflow/example_dags/example_branch_operator.py took 0.113 seconds
[2023-03-12T08:16:40.805+0000] {processor.py:153} INFO - Started process (PID=4597) to work on /home/melicharovykrecek/venv/lib/python3.9/site-packages/airflow/example_dags/example_branch_operator.py
[2023-03-12T08:16:40.807+0000] {processor.py:743} INFO - Processing file /home/melicharovykrecek/venv/lib/python3.9/site-packages/airflow/example_dags/example_branch_operator.py for tasks to queue
[2023-03-12T08:16:40.808+0000] {logging_mixin.py:137} INFO - [2023-03-12T08:16:40.808+0000] {dagbag.py:538} INFO - Filling up the DagBag from /home/melicharovykrecek/venv/lib/python3.9/site-packages/airflow/example_dags/example_branch_operator.py
[2023-03-12T08:16:40.832+0000] {processor.py:753} INFO - DAG(s) dict_keys(['example_branch_operator']) retrieved from /home/melicharovykrecek/venv/lib/python3.9/site-packages/airflow/example_dags/example_branch_operator.py
[2023-03-12T08:16:40.859+0000] {logging_mixin.py:137} INFO - [2023-03-12T08:16:40.859+0000] {dag.py:2690} INFO - Sync 1 DAGs
[2023-03-12T08:16:40.887+0000] {logging_mixin.py:137} INFO - [2023-03-12T08:16:40.886+0000] {dag.py:3437} INFO - Setting next_dagrun for example_branch_operator to 2023-03-11T00:00:00+00:00, run_after=2023-03-12T00:00:00+00:00
[2023-03-12T08:16:40.915+0000] {processor.py:175} INFO - Processing /home/melicharovykrecek/venv/lib/python3.9/site-packages/airflow/example_dags/example_branch_operator.py took 0.114 seconds
[2023-03-12T08:17:22.994+0000] {processor.py:153} INFO - Started process (PID=4648) to work on /home/melicharovykrecek/venv/lib/python3.9/site-packages/airflow/example_dags/example_branch_operator.py
[2023-03-12T08:17:22.996+0000] {processor.py:743} INFO - Processing file /home/melicharovykrecek/venv/lib/python3.9/site-packages/airflow/example_dags/example_branch_operator.py for tasks to queue
[2023-03-12T08:17:22.997+0000] {logging_mixin.py:137} INFO - [2023-03-12T08:17:22.996+0000] {dagbag.py:538} INFO - Filling up the DagBag from /home/melicharovykrecek/venv/lib/python3.9/site-packages/airflow/example_dags/example_branch_operator.py
[2023-03-12T08:17:23.021+0000] {processor.py:753} INFO - DAG(s) dict_keys(['example_branch_operator']) retrieved from /home/melicharovykrecek/venv/lib/python3.9/site-packages/airflow/example_dags/example_branch_operator.py
[2023-03-12T08:17:23.050+0000] {logging_mixin.py:137} INFO - [2023-03-12T08:17:23.050+0000] {dag.py:2690} INFO - Sync 1 DAGs
[2023-03-12T08:17:23.078+0000] {logging_mixin.py:137} INFO - [2023-03-12T08:17:23.078+0000] {dag.py:3437} INFO - Setting next_dagrun for example_branch_operator to 2023-03-11T00:00:00+00:00, run_after=2023-03-12T00:00:00+00:00
[2023-03-12T08:17:23.278+0000] {processor.py:175} INFO - Processing /home/melicharovykrecek/venv/lib/python3.9/site-packages/airflow/example_dags/example_branch_operator.py took 0.290 seconds
[2023-03-12T08:18:03.612+0000] {processor.py:153} INFO - Started process (PID=4687) to work on /home/melicharovykrecek/venv/lib/python3.9/site-packages/airflow/example_dags/example_branch_operator.py
[2023-03-12T08:18:03.614+0000] {processor.py:743} INFO - Processing file /home/melicharovykrecek/venv/lib/python3.9/site-packages/airflow/example_dags/example_branch_operator.py for tasks to queue
[2023-03-12T08:18:03.614+0000] {logging_mixin.py:137} INFO - [2023-03-12T08:18:03.614+0000] {dagbag.py:538} INFO - Filling up the DagBag from /home/melicharovykrecek/venv/lib/python3.9/site-packages/airflow/example_dags/example_branch_operator.py
[2023-03-12T08:18:03.637+0000] {processor.py:753} INFO - DAG(s) dict_keys(['example_branch_operator']) retrieved from /home/melicharovykrecek/venv/lib/python3.9/site-packages/airflow/example_dags/example_branch_operator.py
[2023-03-12T08:18:03.663+0000] {logging_mixin.py:137} INFO - [2023-03-12T08:18:03.663+0000] {dag.py:2690} INFO - Sync 1 DAGs
[2023-03-12T08:18:03.690+0000] {logging_mixin.py:137} INFO - [2023-03-12T08:18:03.690+0000] {dag.py:3437} INFO - Setting next_dagrun for example_branch_operator to 2023-03-11T00:00:00+00:00, run_after=2023-03-12T00:00:00+00:00
[2023-03-12T08:18:03.718+0000] {processor.py:175} INFO - Processing /home/melicharovykrecek/venv/lib/python3.9/site-packages/airflow/example_dags/example_branch_operator.py took 0.112 seconds
[2023-03-12T08:18:50.586+0000] {processor.py:153} INFO - Started process (PID=4734) to work on /home/melicharovykrecek/venv/lib/python3.9/site-packages/airflow/example_dags/example_branch_operator.py
[2023-03-12T08:18:50.588+0000] {processor.py:743} INFO - Processing file /home/melicharovykrecek/venv/lib/python3.9/site-packages/airflow/example_dags/example_branch_operator.py for tasks to queue
[2023-03-12T08:18:50.589+0000] {logging_mixin.py:137} INFO - [2023-03-12T08:18:50.588+0000] {dagbag.py:538} INFO - Filling up the DagBag from /home/melicharovykrecek/venv/lib/python3.9/site-packages/airflow/example_dags/example_branch_operator.py
[2023-03-12T08:18:50.611+0000] {processor.py:753} INFO - DAG(s) dict_keys(['example_branch_operator']) retrieved from /home/melicharovykrecek/venv/lib/python3.9/site-packages/airflow/example_dags/example_branch_operator.py
[2023-03-12T08:18:50.636+0000] {logging_mixin.py:137} INFO - [2023-03-12T08:18:50.636+0000] {dag.py:2690} INFO - Sync 1 DAGs
[2023-03-12T08:18:50.662+0000] {logging_mixin.py:137} INFO - [2023-03-12T08:18:50.662+0000] {dag.py:3437} INFO - Setting next_dagrun for example_branch_operator to 2023-03-11T00:00:00+00:00, run_after=2023-03-12T00:00:00+00:00
[2023-03-12T08:18:50.688+0000] {processor.py:175} INFO - Processing /home/melicharovykrecek/venv/lib/python3.9/site-packages/airflow/example_dags/example_branch_operator.py took 0.107 seconds
[2023-03-12T08:19:37.809+0000] {processor.py:153} INFO - Started process (PID=4780) to work on /home/melicharovykrecek/venv/lib/python3.9/site-packages/airflow/example_dags/example_branch_operator.py
[2023-03-12T08:19:37.811+0000] {processor.py:743} INFO - Processing file /home/melicharovykrecek/venv/lib/python3.9/site-packages/airflow/example_dags/example_branch_operator.py for tasks to queue
[2023-03-12T08:19:37.812+0000] {logging_mixin.py:137} INFO - [2023-03-12T08:19:37.812+0000] {dagbag.py:538} INFO - Filling up the DagBag from /home/melicharovykrecek/venv/lib/python3.9/site-packages/airflow/example_dags/example_branch_operator.py
[2023-03-12T08:19:37.835+0000] {processor.py:753} INFO - DAG(s) dict_keys(['example_branch_operator']) retrieved from /home/melicharovykrecek/venv/lib/python3.9/site-packages/airflow/example_dags/example_branch_operator.py
[2023-03-12T08:19:37.862+0000] {logging_mixin.py:137} INFO - [2023-03-12T08:19:37.862+0000] {dag.py:2690} INFO - Sync 1 DAGs
[2023-03-12T08:19:37.888+0000] {logging_mixin.py:137} INFO - [2023-03-12T08:19:37.888+0000] {dag.py:3437} INFO - Setting next_dagrun for example_branch_operator to 2023-03-11T00:00:00+00:00, run_after=2023-03-12T00:00:00+00:00
[2023-03-12T08:19:37.915+0000] {processor.py:175} INFO - Processing /home/melicharovykrecek/venv/lib/python3.9/site-packages/airflow/example_dags/example_branch_operator.py took 0.110 seconds
[2023-03-12T08:20:28.525+0000] {processor.py:153} INFO - Started process (PID=4835) to work on /home/melicharovykrecek/venv/lib/python3.9/site-packages/airflow/example_dags/example_branch_operator.py
[2023-03-12T08:20:28.529+0000] {processor.py:743} INFO - Processing file /home/melicharovykrecek/venv/lib/python3.9/site-packages/airflow/example_dags/example_branch_operator.py for tasks to queue
[2023-03-12T08:20:28.530+0000] {logging_mixin.py:137} INFO - [2023-03-12T08:20:28.530+0000] {dagbag.py:538} INFO - Filling up the DagBag from /home/melicharovykrecek/venv/lib/python3.9/site-packages/airflow/example_dags/example_branch_operator.py
[2023-03-12T08:20:28.554+0000] {processor.py:753} INFO - DAG(s) dict_keys(['example_branch_operator']) retrieved from /home/melicharovykrecek/venv/lib/python3.9/site-packages/airflow/example_dags/example_branch_operator.py
[2023-03-12T08:20:28.581+0000] {logging_mixin.py:137} INFO - [2023-03-12T08:20:28.581+0000] {dag.py:2690} INFO - Sync 1 DAGs
[2023-03-12T08:20:28.607+0000] {logging_mixin.py:137} INFO - [2023-03-12T08:20:28.607+0000] {dag.py:3437} INFO - Setting next_dagrun for example_branch_operator to 2023-03-11T00:00:00+00:00, run_after=2023-03-12T00:00:00+00:00
[2023-03-12T08:20:28.636+0000] {processor.py:175} INFO - Processing /home/melicharovykrecek/venv/lib/python3.9/site-packages/airflow/example_dags/example_branch_operator.py took 0.116 seconds
[2023-03-12T08:21:11.333+0000] {processor.py:153} INFO - Started process (PID=4873) to work on /home/melicharovykrecek/venv/lib/python3.9/site-packages/airflow/example_dags/example_branch_operator.py
[2023-03-12T08:21:11.336+0000] {processor.py:743} INFO - Processing file /home/melicharovykrecek/venv/lib/python3.9/site-packages/airflow/example_dags/example_branch_operator.py for tasks to queue
[2023-03-12T08:21:11.337+0000] {logging_mixin.py:137} INFO - [2023-03-12T08:21:11.336+0000] {dagbag.py:538} INFO - Filling up the DagBag from /home/melicharovykrecek/venv/lib/python3.9/site-packages/airflow/example_dags/example_branch_operator.py
[2023-03-12T08:21:11.358+0000] {processor.py:753} INFO - DAG(s) dict_keys(['example_branch_operator']) retrieved from /home/melicharovykrecek/venv/lib/python3.9/site-packages/airflow/example_dags/example_branch_operator.py
[2023-03-12T08:21:11.382+0000] {logging_mixin.py:137} INFO - [2023-03-12T08:21:11.382+0000] {dag.py:2690} INFO - Sync 1 DAGs
[2023-03-12T08:21:11.406+0000] {logging_mixin.py:137} INFO - [2023-03-12T08:21:11.406+0000] {dag.py:3437} INFO - Setting next_dagrun for example_branch_operator to 2023-03-11T00:00:00+00:00, run_after=2023-03-12T00:00:00+00:00
[2023-03-12T08:21:11.585+0000] {processor.py:175} INFO - Processing /home/melicharovykrecek/venv/lib/python3.9/site-packages/airflow/example_dags/example_branch_operator.py took 0.256 seconds
