[2023-03-12T07:30:40.333+0000] {processor.py:153} INFO - Started process (PID=1485) to work on /home/melicharovykrecek/venv/lib/python3.9/site-packages/airflow/example_dags/example_task_group.py
[2023-03-12T07:30:40.334+0000] {processor.py:743} INFO - Processing file /home/melicharovykrecek/venv/lib/python3.9/site-packages/airflow/example_dags/example_task_group.py for tasks to queue
[2023-03-12T07:30:40.335+0000] {logging_mixin.py:137} INFO - [2023-03-12T07:30:40.335+0000] {dagbag.py:538} INFO - Filling up the DagBag from /home/melicharovykrecek/venv/lib/python3.9/site-packages/airflow/example_dags/example_task_group.py
[2023-03-12T07:30:40.358+0000] {processor.py:753} INFO - DAG(s) dict_keys(['example_task_group']) retrieved from /home/melicharovykrecek/venv/lib/python3.9/site-packages/airflow/example_dags/example_task_group.py
[2023-03-12T07:30:40.382+0000] {logging_mixin.py:137} INFO - [2023-03-12T07:30:40.381+0000] {dag.py:2690} INFO - Sync 1 DAGs
[2023-03-12T07:30:40.404+0000] {logging_mixin.py:137} INFO - [2023-03-12T07:30:40.403+0000] {dag.py:3437} INFO - Setting next_dagrun for example_task_group to 2023-03-11T07:30:40.403568+00:00, run_after=2023-03-12T07:30:40.403568+00:00
[2023-03-12T07:30:40.430+0000] {processor.py:175} INFO - Processing /home/melicharovykrecek/venv/lib/python3.9/site-packages/airflow/example_dags/example_task_group.py took 0.102 seconds
[2023-03-12T07:31:21.005+0000] {processor.py:153} INFO - Started process (PID=1529) to work on /home/melicharovykrecek/venv/lib/python3.9/site-packages/airflow/example_dags/example_task_group.py
[2023-03-12T07:31:21.007+0000] {processor.py:743} INFO - Processing file /home/melicharovykrecek/venv/lib/python3.9/site-packages/airflow/example_dags/example_task_group.py for tasks to queue
[2023-03-12T07:31:21.008+0000] {logging_mixin.py:137} INFO - [2023-03-12T07:31:21.008+0000] {dagbag.py:538} INFO - Filling up the DagBag from /home/melicharovykrecek/venv/lib/python3.9/site-packages/airflow/example_dags/example_task_group.py
[2023-03-12T07:31:21.028+0000] {processor.py:753} INFO - DAG(s) dict_keys(['example_task_group']) retrieved from /home/melicharovykrecek/venv/lib/python3.9/site-packages/airflow/example_dags/example_task_group.py
[2023-03-12T07:31:21.052+0000] {logging_mixin.py:137} INFO - [2023-03-12T07:31:21.052+0000] {dag.py:2690} INFO - Sync 1 DAGs
[2023-03-12T07:31:21.077+0000] {logging_mixin.py:137} INFO - [2023-03-12T07:31:21.076+0000] {dag.py:3437} INFO - Setting next_dagrun for example_task_group to 2023-03-11T07:31:21.076583+00:00, run_after=2023-03-12T07:31:21.076583+00:00
[2023-03-12T07:31:21.103+0000] {processor.py:175} INFO - Processing /home/melicharovykrecek/venv/lib/python3.9/site-packages/airflow/example_dags/example_task_group.py took 0.102 seconds
[2023-03-12T07:32:02.025+0000] {processor.py:153} INFO - Started process (PID=1588) to work on /home/melicharovykrecek/venv/lib/python3.9/site-packages/airflow/example_dags/example_task_group.py
[2023-03-12T07:32:02.027+0000] {processor.py:743} INFO - Processing file /home/melicharovykrecek/venv/lib/python3.9/site-packages/airflow/example_dags/example_task_group.py for tasks to queue
[2023-03-12T07:32:02.028+0000] {logging_mixin.py:137} INFO - [2023-03-12T07:32:02.027+0000] {dagbag.py:538} INFO - Filling up the DagBag from /home/melicharovykrecek/venv/lib/python3.9/site-packages/airflow/example_dags/example_task_group.py
[2023-03-12T07:32:02.047+0000] {processor.py:753} INFO - DAG(s) dict_keys(['example_task_group']) retrieved from /home/melicharovykrecek/venv/lib/python3.9/site-packages/airflow/example_dags/example_task_group.py
[2023-03-12T07:32:02.071+0000] {logging_mixin.py:137} INFO - [2023-03-12T07:32:02.071+0000] {dag.py:2690} INFO - Sync 1 DAGs
[2023-03-12T07:32:02.095+0000] {logging_mixin.py:137} INFO - [2023-03-12T07:32:02.095+0000] {dag.py:3437} INFO - Setting next_dagrun for example_task_group to 2023-03-11T07:32:02.094861+00:00, run_after=2023-03-12T07:32:02.094861+00:00
[2023-03-12T07:32:02.119+0000] {processor.py:175} INFO - Processing /home/melicharovykrecek/venv/lib/python3.9/site-packages/airflow/example_dags/example_task_group.py took 0.098 seconds
[2023-03-12T07:32:44.814+0000] {processor.py:153} INFO - Started process (PID=1633) to work on /home/melicharovykrecek/venv/lib/python3.9/site-packages/airflow/example_dags/example_task_group.py
[2023-03-12T07:32:44.815+0000] {processor.py:743} INFO - Processing file /home/melicharovykrecek/venv/lib/python3.9/site-packages/airflow/example_dags/example_task_group.py for tasks to queue
[2023-03-12T07:32:44.816+0000] {logging_mixin.py:137} INFO - [2023-03-12T07:32:44.816+0000] {dagbag.py:538} INFO - Filling up the DagBag from /home/melicharovykrecek/venv/lib/python3.9/site-packages/airflow/example_dags/example_task_group.py
[2023-03-12T07:32:44.837+0000] {processor.py:753} INFO - DAG(s) dict_keys(['example_task_group']) retrieved from /home/melicharovykrecek/venv/lib/python3.9/site-packages/airflow/example_dags/example_task_group.py
[2023-03-12T07:32:44.862+0000] {logging_mixin.py:137} INFO - [2023-03-12T07:32:44.862+0000] {dag.py:2690} INFO - Sync 1 DAGs
[2023-03-12T07:32:44.884+0000] {logging_mixin.py:137} INFO - [2023-03-12T07:32:44.884+0000] {dag.py:3437} INFO - Setting next_dagrun for example_task_group to 2023-03-11T07:32:44.884154+00:00, run_after=2023-03-12T07:32:44.884154+00:00
[2023-03-12T07:32:44.909+0000] {processor.py:175} INFO - Processing /home/melicharovykrecek/venv/lib/python3.9/site-packages/airflow/example_dags/example_task_group.py took 0.100 seconds
[2023-03-12T07:33:31.171+0000] {processor.py:153} INFO - Started process (PID=1682) to work on /home/melicharovykrecek/venv/lib/python3.9/site-packages/airflow/example_dags/example_task_group.py
[2023-03-12T07:33:31.173+0000] {processor.py:743} INFO - Processing file /home/melicharovykrecek/venv/lib/python3.9/site-packages/airflow/example_dags/example_task_group.py for tasks to queue
[2023-03-12T07:33:31.174+0000] {logging_mixin.py:137} INFO - [2023-03-12T07:33:31.174+0000] {dagbag.py:538} INFO - Filling up the DagBag from /home/melicharovykrecek/venv/lib/python3.9/site-packages/airflow/example_dags/example_task_group.py
[2023-03-12T07:33:31.193+0000] {processor.py:753} INFO - DAG(s) dict_keys(['example_task_group']) retrieved from /home/melicharovykrecek/venv/lib/python3.9/site-packages/airflow/example_dags/example_task_group.py
[2023-03-12T07:33:31.216+0000] {logging_mixin.py:137} INFO - [2023-03-12T07:33:31.216+0000] {dag.py:2690} INFO - Sync 1 DAGs
[2023-03-12T07:33:31.238+0000] {logging_mixin.py:137} INFO - [2023-03-12T07:33:31.238+0000] {dag.py:3437} INFO - Setting next_dagrun for example_task_group to 2023-03-11T07:33:31.238301+00:00, run_after=2023-03-12T07:33:31.238301+00:00
[2023-03-12T07:33:31.265+0000] {processor.py:175} INFO - Processing /home/melicharovykrecek/venv/lib/python3.9/site-packages/airflow/example_dags/example_task_group.py took 0.098 seconds
[2023-03-12T07:34:09.602+0000] {processor.py:153} INFO - Started process (PID=1718) to work on /home/melicharovykrecek/venv/lib/python3.9/site-packages/airflow/example_dags/example_task_group.py
[2023-03-12T07:34:09.604+0000] {processor.py:743} INFO - Processing file /home/melicharovykrecek/venv/lib/python3.9/site-packages/airflow/example_dags/example_task_group.py for tasks to queue
[2023-03-12T07:34:09.605+0000] {logging_mixin.py:137} INFO - [2023-03-12T07:34:09.605+0000] {dagbag.py:538} INFO - Filling up the DagBag from /home/melicharovykrecek/venv/lib/python3.9/site-packages/airflow/example_dags/example_task_group.py
[2023-03-12T07:34:09.624+0000] {processor.py:753} INFO - DAG(s) dict_keys(['example_task_group']) retrieved from /home/melicharovykrecek/venv/lib/python3.9/site-packages/airflow/example_dags/example_task_group.py
[2023-03-12T07:34:09.649+0000] {logging_mixin.py:137} INFO - [2023-03-12T07:34:09.648+0000] {dag.py:2690} INFO - Sync 1 DAGs
[2023-03-12T07:34:09.672+0000] {logging_mixin.py:137} INFO - [2023-03-12T07:34:09.671+0000] {dag.py:3437} INFO - Setting next_dagrun for example_task_group to 2023-03-11T07:34:09.671462+00:00, run_after=2023-03-12T07:34:09.671462+00:00
[2023-03-12T07:34:09.699+0000] {processor.py:175} INFO - Processing /home/melicharovykrecek/venv/lib/python3.9/site-packages/airflow/example_dags/example_task_group.py took 0.101 seconds
[2023-03-12T07:34:47.371+0000] {processor.py:153} INFO - Started process (PID=1765) to work on /home/melicharovykrecek/venv/lib/python3.9/site-packages/airflow/example_dags/example_task_group.py
[2023-03-12T07:34:47.373+0000] {processor.py:743} INFO - Processing file /home/melicharovykrecek/venv/lib/python3.9/site-packages/airflow/example_dags/example_task_group.py for tasks to queue
[2023-03-12T07:34:47.374+0000] {logging_mixin.py:137} INFO - [2023-03-12T07:34:47.374+0000] {dagbag.py:538} INFO - Filling up the DagBag from /home/melicharovykrecek/venv/lib/python3.9/site-packages/airflow/example_dags/example_task_group.py
[2023-03-12T07:34:47.393+0000] {processor.py:753} INFO - DAG(s) dict_keys(['example_task_group']) retrieved from /home/melicharovykrecek/venv/lib/python3.9/site-packages/airflow/example_dags/example_task_group.py
[2023-03-12T07:34:47.417+0000] {logging_mixin.py:137} INFO - [2023-03-12T07:34:47.416+0000] {dag.py:2690} INFO - Sync 1 DAGs
[2023-03-12T07:34:47.439+0000] {logging_mixin.py:137} INFO - [2023-03-12T07:34:47.439+0000] {dag.py:3437} INFO - Setting next_dagrun for example_task_group to 2023-03-11T07:34:47.439226+00:00, run_after=2023-03-12T07:34:47.439226+00:00
[2023-03-12T07:34:47.466+0000] {processor.py:175} INFO - Processing /home/melicharovykrecek/venv/lib/python3.9/site-packages/airflow/example_dags/example_task_group.py took 0.099 seconds
[2023-03-12T07:35:34.738+0000] {processor.py:153} INFO - Started process (PID=1837) to work on /home/melicharovykrecek/venv/lib/python3.9/site-packages/airflow/example_dags/example_task_group.py
[2023-03-12T07:35:34.740+0000] {processor.py:743} INFO - Processing file /home/melicharovykrecek/venv/lib/python3.9/site-packages/airflow/example_dags/example_task_group.py for tasks to queue
[2023-03-12T07:35:34.741+0000] {logging_mixin.py:137} INFO - [2023-03-12T07:35:34.741+0000] {dagbag.py:538} INFO - Filling up the DagBag from /home/melicharovykrecek/venv/lib/python3.9/site-packages/airflow/example_dags/example_task_group.py
[2023-03-12T07:35:34.761+0000] {processor.py:753} INFO - DAG(s) dict_keys(['example_task_group']) retrieved from /home/melicharovykrecek/venv/lib/python3.9/site-packages/airflow/example_dags/example_task_group.py
[2023-03-12T07:35:34.785+0000] {logging_mixin.py:137} INFO - [2023-03-12T07:35:34.785+0000] {dag.py:2690} INFO - Sync 1 DAGs
[2023-03-12T07:35:34.809+0000] {logging_mixin.py:137} INFO - [2023-03-12T07:35:34.809+0000] {dag.py:3437} INFO - Setting next_dagrun for example_task_group to 2023-03-11T07:35:34.808905+00:00, run_after=2023-03-12T07:35:34.808905+00:00
[2023-03-12T07:35:34.834+0000] {processor.py:175} INFO - Processing /home/melicharovykrecek/venv/lib/python3.9/site-packages/airflow/example_dags/example_task_group.py took 0.100 seconds
[2023-03-12T07:36:13.242+0000] {processor.py:153} INFO - Started process (PID=1899) to work on /home/melicharovykrecek/venv/lib/python3.9/site-packages/airflow/example_dags/example_task_group.py
[2023-03-12T07:36:13.244+0000] {processor.py:743} INFO - Processing file /home/melicharovykrecek/venv/lib/python3.9/site-packages/airflow/example_dags/example_task_group.py for tasks to queue
[2023-03-12T07:36:13.245+0000] {logging_mixin.py:137} INFO - [2023-03-12T07:36:13.245+0000] {dagbag.py:538} INFO - Filling up the DagBag from /home/melicharovykrecek/venv/lib/python3.9/site-packages/airflow/example_dags/example_task_group.py
[2023-03-12T07:36:13.265+0000] {processor.py:753} INFO - DAG(s) dict_keys(['example_task_group']) retrieved from /home/melicharovykrecek/venv/lib/python3.9/site-packages/airflow/example_dags/example_task_group.py
[2023-03-12T07:36:13.292+0000] {logging_mixin.py:137} INFO - [2023-03-12T07:36:13.292+0000] {dag.py:2690} INFO - Sync 1 DAGs
[2023-03-12T07:36:13.318+0000] {logging_mixin.py:137} INFO - [2023-03-12T07:36:13.317+0000] {dag.py:3437} INFO - Setting next_dagrun for example_task_group to 2023-03-11T07:36:13.317612+00:00, run_after=2023-03-12T07:36:13.317612+00:00
[2023-03-12T07:36:13.344+0000] {processor.py:175} INFO - Processing /home/melicharovykrecek/venv/lib/python3.9/site-packages/airflow/example_dags/example_task_group.py took 0.107 seconds
[2023-03-12T07:36:52.225+0000] {processor.py:153} INFO - Started process (PID=1936) to work on /home/melicharovykrecek/venv/lib/python3.9/site-packages/airflow/example_dags/example_task_group.py
[2023-03-12T07:36:52.227+0000] {processor.py:743} INFO - Processing file /home/melicharovykrecek/venv/lib/python3.9/site-packages/airflow/example_dags/example_task_group.py for tasks to queue
[2023-03-12T07:36:52.228+0000] {logging_mixin.py:137} INFO - [2023-03-12T07:36:52.228+0000] {dagbag.py:538} INFO - Filling up the DagBag from /home/melicharovykrecek/venv/lib/python3.9/site-packages/airflow/example_dags/example_task_group.py
[2023-03-12T07:36:52.247+0000] {processor.py:753} INFO - DAG(s) dict_keys(['example_task_group']) retrieved from /home/melicharovykrecek/venv/lib/python3.9/site-packages/airflow/example_dags/example_task_group.py
[2023-03-12T07:36:52.272+0000] {logging_mixin.py:137} INFO - [2023-03-12T07:36:52.272+0000] {dag.py:2690} INFO - Sync 1 DAGs
[2023-03-12T07:36:52.295+0000] {logging_mixin.py:137} INFO - [2023-03-12T07:36:52.295+0000] {dag.py:3437} INFO - Setting next_dagrun for example_task_group to 2023-03-11T07:36:52.295274+00:00, run_after=2023-03-12T07:36:52.295274+00:00
[2023-03-12T07:36:52.321+0000] {processor.py:175} INFO - Processing /home/melicharovykrecek/venv/lib/python3.9/site-packages/airflow/example_dags/example_task_group.py took 0.101 seconds
[2023-03-12T07:37:36.519+0000] {processor.py:153} INFO - Started process (PID=1981) to work on /home/melicharovykrecek/venv/lib/python3.9/site-packages/airflow/example_dags/example_task_group.py
[2023-03-12T07:37:36.521+0000] {processor.py:743} INFO - Processing file /home/melicharovykrecek/venv/lib/python3.9/site-packages/airflow/example_dags/example_task_group.py for tasks to queue
[2023-03-12T07:37:36.522+0000] {logging_mixin.py:137} INFO - [2023-03-12T07:37:36.522+0000] {dagbag.py:538} INFO - Filling up the DagBag from /home/melicharovykrecek/venv/lib/python3.9/site-packages/airflow/example_dags/example_task_group.py
[2023-03-12T07:37:36.541+0000] {processor.py:753} INFO - DAG(s) dict_keys(['example_task_group']) retrieved from /home/melicharovykrecek/venv/lib/python3.9/site-packages/airflow/example_dags/example_task_group.py
[2023-03-12T07:37:36.564+0000] {logging_mixin.py:137} INFO - [2023-03-12T07:37:36.564+0000] {dag.py:2690} INFO - Sync 1 DAGs
[2023-03-12T07:37:36.586+0000] {logging_mixin.py:137} INFO - [2023-03-12T07:37:36.586+0000] {dag.py:3437} INFO - Setting next_dagrun for example_task_group to 2023-03-11T07:37:36.586305+00:00, run_after=2023-03-12T07:37:36.586305+00:00
[2023-03-12T07:37:36.612+0000] {processor.py:175} INFO - Processing /home/melicharovykrecek/venv/lib/python3.9/site-packages/airflow/example_dags/example_task_group.py took 0.097 seconds
[2023-03-12T07:38:25.988+0000] {processor.py:153} INFO - Started process (PID=2032) to work on /home/melicharovykrecek/venv/lib/python3.9/site-packages/airflow/example_dags/example_task_group.py
[2023-03-12T07:38:25.990+0000] {processor.py:743} INFO - Processing file /home/melicharovykrecek/venv/lib/python3.9/site-packages/airflow/example_dags/example_task_group.py for tasks to queue
[2023-03-12T07:38:25.991+0000] {logging_mixin.py:137} INFO - [2023-03-12T07:38:25.991+0000] {dagbag.py:538} INFO - Filling up the DagBag from /home/melicharovykrecek/venv/lib/python3.9/site-packages/airflow/example_dags/example_task_group.py
[2023-03-12T07:38:26.011+0000] {processor.py:753} INFO - DAG(s) dict_keys(['example_task_group']) retrieved from /home/melicharovykrecek/venv/lib/python3.9/site-packages/airflow/example_dags/example_task_group.py
[2023-03-12T07:38:26.038+0000] {logging_mixin.py:137} INFO - [2023-03-12T07:38:26.037+0000] {dag.py:2690} INFO - Sync 1 DAGs
[2023-03-12T07:38:26.061+0000] {logging_mixin.py:137} INFO - [2023-03-12T07:38:26.061+0000] {dag.py:3437} INFO - Setting next_dagrun for example_task_group to 2023-03-11T07:38:26.061059+00:00, run_after=2023-03-12T07:38:26.061059+00:00
[2023-03-12T07:38:26.090+0000] {processor.py:175} INFO - Processing /home/melicharovykrecek/venv/lib/python3.9/site-packages/airflow/example_dags/example_task_group.py took 0.107 seconds
[2023-03-12T07:39:04.342+0000] {processor.py:153} INFO - Started process (PID=2078) to work on /home/melicharovykrecek/venv/lib/python3.9/site-packages/airflow/example_dags/example_task_group.py
[2023-03-12T07:39:04.344+0000] {processor.py:743} INFO - Processing file /home/melicharovykrecek/venv/lib/python3.9/site-packages/airflow/example_dags/example_task_group.py for tasks to queue
[2023-03-12T07:39:04.345+0000] {logging_mixin.py:137} INFO - [2023-03-12T07:39:04.344+0000] {dagbag.py:538} INFO - Filling up the DagBag from /home/melicharovykrecek/venv/lib/python3.9/site-packages/airflow/example_dags/example_task_group.py
[2023-03-12T07:39:04.365+0000] {processor.py:753} INFO - DAG(s) dict_keys(['example_task_group']) retrieved from /home/melicharovykrecek/venv/lib/python3.9/site-packages/airflow/example_dags/example_task_group.py
[2023-03-12T07:39:04.393+0000] {logging_mixin.py:137} INFO - [2023-03-12T07:39:04.393+0000] {dag.py:2690} INFO - Sync 1 DAGs
[2023-03-12T07:39:04.420+0000] {logging_mixin.py:137} INFO - [2023-03-12T07:39:04.420+0000] {dag.py:3437} INFO - Setting next_dagrun for example_task_group to 2023-03-11T07:39:04.419910+00:00, run_after=2023-03-12T07:39:04.419910+00:00
[2023-03-12T07:39:04.449+0000] {processor.py:175} INFO - Processing /home/melicharovykrecek/venv/lib/python3.9/site-packages/airflow/example_dags/example_task_group.py took 0.112 seconds
[2023-03-12T07:39:40.643+0000] {processor.py:153} INFO - Started process (PID=2115) to work on /home/melicharovykrecek/venv/lib/python3.9/site-packages/airflow/example_dags/example_task_group.py
[2023-03-12T07:39:40.645+0000] {processor.py:743} INFO - Processing file /home/melicharovykrecek/venv/lib/python3.9/site-packages/airflow/example_dags/example_task_group.py for tasks to queue
[2023-03-12T07:39:40.646+0000] {logging_mixin.py:137} INFO - [2023-03-12T07:39:40.645+0000] {dagbag.py:538} INFO - Filling up the DagBag from /home/melicharovykrecek/venv/lib/python3.9/site-packages/airflow/example_dags/example_task_group.py
[2023-03-12T07:39:40.667+0000] {processor.py:753} INFO - DAG(s) dict_keys(['example_task_group']) retrieved from /home/melicharovykrecek/venv/lib/python3.9/site-packages/airflow/example_dags/example_task_group.py
[2023-03-12T07:39:40.691+0000] {logging_mixin.py:137} INFO - [2023-03-12T07:39:40.691+0000] {dag.py:2690} INFO - Sync 1 DAGs
[2023-03-12T07:39:40.715+0000] {logging_mixin.py:137} INFO - [2023-03-12T07:39:40.715+0000] {dag.py:3437} INFO - Setting next_dagrun for example_task_group to 2023-03-11T07:39:40.715211+00:00, run_after=2023-03-12T07:39:40.715211+00:00
[2023-03-12T07:39:40.742+0000] {processor.py:175} INFO - Processing /home/melicharovykrecek/venv/lib/python3.9/site-packages/airflow/example_dags/example_task_group.py took 0.104 seconds
[2023-03-12T07:40:23.693+0000] {processor.py:153} INFO - Started process (PID=2184) to work on /home/melicharovykrecek/venv/lib/python3.9/site-packages/airflow/example_dags/example_task_group.py
[2023-03-12T07:40:23.695+0000] {processor.py:743} INFO - Processing file /home/melicharovykrecek/venv/lib/python3.9/site-packages/airflow/example_dags/example_task_group.py for tasks to queue
[2023-03-12T07:40:23.696+0000] {logging_mixin.py:137} INFO - [2023-03-12T07:40:23.696+0000] {dagbag.py:538} INFO - Filling up the DagBag from /home/melicharovykrecek/venv/lib/python3.9/site-packages/airflow/example_dags/example_task_group.py
[2023-03-12T07:40:23.716+0000] {processor.py:753} INFO - DAG(s) dict_keys(['example_task_group']) retrieved from /home/melicharovykrecek/venv/lib/python3.9/site-packages/airflow/example_dags/example_task_group.py
[2023-03-12T07:40:23.745+0000] {logging_mixin.py:137} INFO - [2023-03-12T07:40:23.744+0000] {dag.py:2690} INFO - Sync 1 DAGs
[2023-03-12T07:40:23.771+0000] {logging_mixin.py:137} INFO - [2023-03-12T07:40:23.770+0000] {dag.py:3437} INFO - Setting next_dagrun for example_task_group to 2023-03-11T07:40:23.770371+00:00, run_after=2023-03-12T07:40:23.770371+00:00
[2023-03-12T07:40:23.800+0000] {processor.py:175} INFO - Processing /home/melicharovykrecek/venv/lib/python3.9/site-packages/airflow/example_dags/example_task_group.py took 0.112 seconds
[2023-03-12T07:41:01.347+0000] {processor.py:153} INFO - Started process (PID=2232) to work on /home/melicharovykrecek/venv/lib/python3.9/site-packages/airflow/example_dags/example_task_group.py
[2023-03-12T07:41:01.349+0000] {processor.py:743} INFO - Processing file /home/melicharovykrecek/venv/lib/python3.9/site-packages/airflow/example_dags/example_task_group.py for tasks to queue
[2023-03-12T07:41:01.350+0000] {logging_mixin.py:137} INFO - [2023-03-12T07:41:01.350+0000] {dagbag.py:538} INFO - Filling up the DagBag from /home/melicharovykrecek/venv/lib/python3.9/site-packages/airflow/example_dags/example_task_group.py
[2023-03-12T07:41:01.371+0000] {processor.py:753} INFO - DAG(s) dict_keys(['example_task_group']) retrieved from /home/melicharovykrecek/venv/lib/python3.9/site-packages/airflow/example_dags/example_task_group.py
[2023-03-12T07:41:01.397+0000] {logging_mixin.py:137} INFO - [2023-03-12T07:41:01.396+0000] {dag.py:2690} INFO - Sync 1 DAGs
[2023-03-12T07:41:01.422+0000] {logging_mixin.py:137} INFO - [2023-03-12T07:41:01.422+0000] {dag.py:3437} INFO - Setting next_dagrun for example_task_group to 2023-03-11T07:41:01.421989+00:00, run_after=2023-03-12T07:41:01.421989+00:00
[2023-03-12T07:41:01.449+0000] {processor.py:175} INFO - Processing /home/melicharovykrecek/venv/lib/python3.9/site-packages/airflow/example_dags/example_task_group.py took 0.107 seconds
[2023-03-12T07:41:39.600+0000] {processor.py:153} INFO - Started process (PID=2284) to work on /home/melicharovykrecek/venv/lib/python3.9/site-packages/airflow/example_dags/example_task_group.py
[2023-03-12T07:41:39.602+0000] {processor.py:743} INFO - Processing file /home/melicharovykrecek/venv/lib/python3.9/site-packages/airflow/example_dags/example_task_group.py for tasks to queue
[2023-03-12T07:41:39.603+0000] {logging_mixin.py:137} INFO - [2023-03-12T07:41:39.603+0000] {dagbag.py:538} INFO - Filling up the DagBag from /home/melicharovykrecek/venv/lib/python3.9/site-packages/airflow/example_dags/example_task_group.py
[2023-03-12T07:41:39.624+0000] {processor.py:753} INFO - DAG(s) dict_keys(['example_task_group']) retrieved from /home/melicharovykrecek/venv/lib/python3.9/site-packages/airflow/example_dags/example_task_group.py
[2023-03-12T07:41:39.650+0000] {logging_mixin.py:137} INFO - [2023-03-12T07:41:39.650+0000] {dag.py:2690} INFO - Sync 1 DAGs
[2023-03-12T07:41:39.676+0000] {logging_mixin.py:137} INFO - [2023-03-12T07:41:39.675+0000] {dag.py:3437} INFO - Setting next_dagrun for example_task_group to 2023-03-11T07:41:39.675574+00:00, run_after=2023-03-12T07:41:39.675574+00:00
[2023-03-12T07:41:39.705+0000] {processor.py:175} INFO - Processing /home/melicharovykrecek/venv/lib/python3.9/site-packages/airflow/example_dags/example_task_group.py took 0.110 seconds
[2023-03-12T07:42:23.583+0000] {processor.py:153} INFO - Started process (PID=2328) to work on /home/melicharovykrecek/venv/lib/python3.9/site-packages/airflow/example_dags/example_task_group.py
[2023-03-12T07:42:23.585+0000] {processor.py:743} INFO - Processing file /home/melicharovykrecek/venv/lib/python3.9/site-packages/airflow/example_dags/example_task_group.py for tasks to queue
[2023-03-12T07:42:23.586+0000] {logging_mixin.py:137} INFO - [2023-03-12T07:42:23.586+0000] {dagbag.py:538} INFO - Filling up the DagBag from /home/melicharovykrecek/venv/lib/python3.9/site-packages/airflow/example_dags/example_task_group.py
[2023-03-12T07:42:23.607+0000] {processor.py:753} INFO - DAG(s) dict_keys(['example_task_group']) retrieved from /home/melicharovykrecek/venv/lib/python3.9/site-packages/airflow/example_dags/example_task_group.py
[2023-03-12T07:42:23.633+0000] {logging_mixin.py:137} INFO - [2023-03-12T07:42:23.633+0000] {dag.py:2690} INFO - Sync 1 DAGs
[2023-03-12T07:42:23.660+0000] {logging_mixin.py:137} INFO - [2023-03-12T07:42:23.660+0000] {dag.py:3437} INFO - Setting next_dagrun for example_task_group to 2023-03-11T07:42:23.660251+00:00, run_after=2023-03-12T07:42:23.660251+00:00
[2023-03-12T07:42:23.689+0000] {processor.py:175} INFO - Processing /home/melicharovykrecek/venv/lib/python3.9/site-packages/airflow/example_dags/example_task_group.py took 0.113 seconds
[2023-03-12T07:43:10.764+0000] {processor.py:153} INFO - Started process (PID=2377) to work on /home/melicharovykrecek/venv/lib/python3.9/site-packages/airflow/example_dags/example_task_group.py
[2023-03-12T07:43:10.766+0000] {processor.py:743} INFO - Processing file /home/melicharovykrecek/venv/lib/python3.9/site-packages/airflow/example_dags/example_task_group.py for tasks to queue
[2023-03-12T07:43:10.767+0000] {logging_mixin.py:137} INFO - [2023-03-12T07:43:10.767+0000] {dagbag.py:538} INFO - Filling up the DagBag from /home/melicharovykrecek/venv/lib/python3.9/site-packages/airflow/example_dags/example_task_group.py
[2023-03-12T07:43:10.787+0000] {processor.py:753} INFO - DAG(s) dict_keys(['example_task_group']) retrieved from /home/melicharovykrecek/venv/lib/python3.9/site-packages/airflow/example_dags/example_task_group.py
[2023-03-12T07:43:10.813+0000] {logging_mixin.py:137} INFO - [2023-03-12T07:43:10.813+0000] {dag.py:2690} INFO - Sync 1 DAGs
[2023-03-12T07:43:10.838+0000] {logging_mixin.py:137} INFO - [2023-03-12T07:43:10.838+0000] {dag.py:3437} INFO - Setting next_dagrun for example_task_group to 2023-03-11T07:43:10.837774+00:00, run_after=2023-03-12T07:43:10.837774+00:00
[2023-03-12T07:43:10.864+0000] {processor.py:175} INFO - Processing /home/melicharovykrecek/venv/lib/python3.9/site-packages/airflow/example_dags/example_task_group.py took 0.105 seconds
[2023-03-12T07:43:59.751+0000] {processor.py:153} INFO - Started process (PID=2443) to work on /home/melicharovykrecek/venv/lib/python3.9/site-packages/airflow/example_dags/example_task_group.py
[2023-03-12T07:43:59.753+0000] {processor.py:743} INFO - Processing file /home/melicharovykrecek/venv/lib/python3.9/site-packages/airflow/example_dags/example_task_group.py for tasks to queue
[2023-03-12T07:43:59.754+0000] {logging_mixin.py:137} INFO - [2023-03-12T07:43:59.754+0000] {dagbag.py:538} INFO - Filling up the DagBag from /home/melicharovykrecek/venv/lib/python3.9/site-packages/airflow/example_dags/example_task_group.py
[2023-03-12T07:43:59.775+0000] {processor.py:753} INFO - DAG(s) dict_keys(['example_task_group']) retrieved from /home/melicharovykrecek/venv/lib/python3.9/site-packages/airflow/example_dags/example_task_group.py
[2023-03-12T07:43:59.802+0000] {logging_mixin.py:137} INFO - [2023-03-12T07:43:59.801+0000] {dag.py:2690} INFO - Sync 1 DAGs
[2023-03-12T07:43:59.825+0000] {logging_mixin.py:137} INFO - [2023-03-12T07:43:59.825+0000] {dag.py:3437} INFO - Setting next_dagrun for example_task_group to 2023-03-11T07:43:59.825268+00:00, run_after=2023-03-12T07:43:59.825268+00:00
[2023-03-12T07:43:59.852+0000] {processor.py:175} INFO - Processing /home/melicharovykrecek/venv/lib/python3.9/site-packages/airflow/example_dags/example_task_group.py took 0.105 seconds
[2023-03-12T07:44:38.943+0000] {processor.py:153} INFO - Started process (PID=2484) to work on /home/melicharovykrecek/venv/lib/python3.9/site-packages/airflow/example_dags/example_task_group.py
[2023-03-12T07:44:38.945+0000] {processor.py:743} INFO - Processing file /home/melicharovykrecek/venv/lib/python3.9/site-packages/airflow/example_dags/example_task_group.py for tasks to queue
[2023-03-12T07:44:38.946+0000] {logging_mixin.py:137} INFO - [2023-03-12T07:44:38.946+0000] {dagbag.py:538} INFO - Filling up the DagBag from /home/melicharovykrecek/venv/lib/python3.9/site-packages/airflow/example_dags/example_task_group.py
[2023-03-12T07:44:38.967+0000] {processor.py:753} INFO - DAG(s) dict_keys(['example_task_group']) retrieved from /home/melicharovykrecek/venv/lib/python3.9/site-packages/airflow/example_dags/example_task_group.py
[2023-03-12T07:44:38.992+0000] {logging_mixin.py:137} INFO - [2023-03-12T07:44:38.992+0000] {dag.py:2690} INFO - Sync 1 DAGs
[2023-03-12T07:44:39.016+0000] {logging_mixin.py:137} INFO - [2023-03-12T07:44:39.016+0000] {dag.py:3437} INFO - Setting next_dagrun for example_task_group to 2023-03-11T07:44:39.016334+00:00, run_after=2023-03-12T07:44:39.016334+00:00
[2023-03-12T07:44:39.043+0000] {processor.py:175} INFO - Processing /home/melicharovykrecek/venv/lib/python3.9/site-packages/airflow/example_dags/example_task_group.py took 0.105 seconds
[2023-03-12T07:45:23.577+0000] {processor.py:153} INFO - Started process (PID=2574) to work on /home/melicharovykrecek/venv/lib/python3.9/site-packages/airflow/example_dags/example_task_group.py
[2023-03-12T07:45:23.579+0000] {processor.py:743} INFO - Processing file /home/melicharovykrecek/venv/lib/python3.9/site-packages/airflow/example_dags/example_task_group.py for tasks to queue
[2023-03-12T07:45:23.580+0000] {logging_mixin.py:137} INFO - [2023-03-12T07:45:23.580+0000] {dagbag.py:538} INFO - Filling up the DagBag from /home/melicharovykrecek/venv/lib/python3.9/site-packages/airflow/example_dags/example_task_group.py
[2023-03-12T07:45:23.601+0000] {processor.py:753} INFO - DAG(s) dict_keys(['example_task_group']) retrieved from /home/melicharovykrecek/venv/lib/python3.9/site-packages/airflow/example_dags/example_task_group.py
[2023-03-12T07:45:23.627+0000] {logging_mixin.py:137} INFO - [2023-03-12T07:45:23.627+0000] {dag.py:2690} INFO - Sync 1 DAGs
[2023-03-12T07:45:23.657+0000] {logging_mixin.py:137} INFO - [2023-03-12T07:45:23.656+0000] {dag.py:3437} INFO - Setting next_dagrun for example_task_group to 2023-03-11T07:45:23.656564+00:00, run_after=2023-03-12T07:45:23.656564+00:00
[2023-03-12T07:45:23.686+0000] {processor.py:175} INFO - Processing /home/melicharovykrecek/venv/lib/python3.9/site-packages/airflow/example_dags/example_task_group.py took 0.113 seconds
[2023-03-12T07:46:12.056+0000] {processor.py:153} INFO - Started process (PID=2641) to work on /home/melicharovykrecek/venv/lib/python3.9/site-packages/airflow/example_dags/example_task_group.py
[2023-03-12T07:46:12.058+0000] {processor.py:743} INFO - Processing file /home/melicharovykrecek/venv/lib/python3.9/site-packages/airflow/example_dags/example_task_group.py for tasks to queue
[2023-03-12T07:46:12.058+0000] {logging_mixin.py:137} INFO - [2023-03-12T07:46:12.058+0000] {dagbag.py:538} INFO - Filling up the DagBag from /home/melicharovykrecek/venv/lib/python3.9/site-packages/airflow/example_dags/example_task_group.py
[2023-03-12T07:46:12.082+0000] {processor.py:753} INFO - DAG(s) dict_keys(['example_task_group']) retrieved from /home/melicharovykrecek/venv/lib/python3.9/site-packages/airflow/example_dags/example_task_group.py
[2023-03-12T07:46:12.108+0000] {logging_mixin.py:137} INFO - [2023-03-12T07:46:12.107+0000] {dag.py:2690} INFO - Sync 1 DAGs
[2023-03-12T07:46:12.132+0000] {logging_mixin.py:137} INFO - [2023-03-12T07:46:12.132+0000] {dag.py:3437} INFO - Setting next_dagrun for example_task_group to 2023-03-11T07:46:12.132312+00:00, run_after=2023-03-12T07:46:12.132312+00:00
[2023-03-12T07:46:12.158+0000] {processor.py:175} INFO - Processing /home/melicharovykrecek/venv/lib/python3.9/site-packages/airflow/example_dags/example_task_group.py took 0.107 seconds
[2023-03-12T07:46:48.057+0000] {processor.py:153} INFO - Started process (PID=2687) to work on /home/melicharovykrecek/venv/lib/python3.9/site-packages/airflow/example_dags/example_task_group.py
[2023-03-12T07:46:48.059+0000] {processor.py:743} INFO - Processing file /home/melicharovykrecek/venv/lib/python3.9/site-packages/airflow/example_dags/example_task_group.py for tasks to queue
[2023-03-12T07:46:48.060+0000] {logging_mixin.py:137} INFO - [2023-03-12T07:46:48.060+0000] {dagbag.py:538} INFO - Filling up the DagBag from /home/melicharovykrecek/venv/lib/python3.9/site-packages/airflow/example_dags/example_task_group.py
[2023-03-12T07:46:48.080+0000] {processor.py:753} INFO - DAG(s) dict_keys(['example_task_group']) retrieved from /home/melicharovykrecek/venv/lib/python3.9/site-packages/airflow/example_dags/example_task_group.py
[2023-03-12T07:46:48.105+0000] {logging_mixin.py:137} INFO - [2023-03-12T07:46:48.105+0000] {dag.py:2690} INFO - Sync 1 DAGs
[2023-03-12T07:46:48.129+0000] {logging_mixin.py:137} INFO - [2023-03-12T07:46:48.129+0000] {dag.py:3437} INFO - Setting next_dagrun for example_task_group to 2023-03-11T07:46:48.128992+00:00, run_after=2023-03-12T07:46:48.128992+00:00
[2023-03-12T07:46:48.158+0000] {processor.py:175} INFO - Processing /home/melicharovykrecek/venv/lib/python3.9/site-packages/airflow/example_dags/example_task_group.py took 0.105 seconds
[2023-03-12T07:47:36.164+0000] {processor.py:153} INFO - Started process (PID=2734) to work on /home/melicharovykrecek/venv/lib/python3.9/site-packages/airflow/example_dags/example_task_group.py
[2023-03-12T07:47:36.166+0000] {processor.py:743} INFO - Processing file /home/melicharovykrecek/venv/lib/python3.9/site-packages/airflow/example_dags/example_task_group.py for tasks to queue
[2023-03-12T07:47:36.167+0000] {logging_mixin.py:137} INFO - [2023-03-12T07:47:36.167+0000] {dagbag.py:538} INFO - Filling up the DagBag from /home/melicharovykrecek/venv/lib/python3.9/site-packages/airflow/example_dags/example_task_group.py
[2023-03-12T07:47:36.188+0000] {processor.py:753} INFO - DAG(s) dict_keys(['example_task_group']) retrieved from /home/melicharovykrecek/venv/lib/python3.9/site-packages/airflow/example_dags/example_task_group.py
[2023-03-12T07:47:36.216+0000] {logging_mixin.py:137} INFO - [2023-03-12T07:47:36.216+0000] {dag.py:2690} INFO - Sync 1 DAGs
[2023-03-12T07:47:36.240+0000] {logging_mixin.py:137} INFO - [2023-03-12T07:47:36.239+0000] {dag.py:3437} INFO - Setting next_dagrun for example_task_group to 2023-03-11T07:47:36.239516+00:00, run_after=2023-03-12T07:47:36.239516+00:00
[2023-03-12T07:47:36.267+0000] {processor.py:175} INFO - Processing /home/melicharovykrecek/venv/lib/python3.9/site-packages/airflow/example_dags/example_task_group.py took 0.107 seconds
[2023-03-12T07:48:21.814+0000] {processor.py:153} INFO - Started process (PID=2779) to work on /home/melicharovykrecek/venv/lib/python3.9/site-packages/airflow/example_dags/example_task_group.py
[2023-03-12T07:48:21.816+0000] {processor.py:743} INFO - Processing file /home/melicharovykrecek/venv/lib/python3.9/site-packages/airflow/example_dags/example_task_group.py for tasks to queue
[2023-03-12T07:48:21.817+0000] {logging_mixin.py:137} INFO - [2023-03-12T07:48:21.816+0000] {dagbag.py:538} INFO - Filling up the DagBag from /home/melicharovykrecek/venv/lib/python3.9/site-packages/airflow/example_dags/example_task_group.py
[2023-03-12T07:48:21.839+0000] {processor.py:753} INFO - DAG(s) dict_keys(['example_task_group']) retrieved from /home/melicharovykrecek/venv/lib/python3.9/site-packages/airflow/example_dags/example_task_group.py
[2023-03-12T07:48:21.865+0000] {logging_mixin.py:137} INFO - [2023-03-12T07:48:21.864+0000] {dag.py:2690} INFO - Sync 1 DAGs
[2023-03-12T07:48:21.889+0000] {logging_mixin.py:137} INFO - [2023-03-12T07:48:21.889+0000] {dag.py:3437} INFO - Setting next_dagrun for example_task_group to 2023-03-11T07:48:21.889318+00:00, run_after=2023-03-12T07:48:21.889318+00:00
[2023-03-12T07:48:21.916+0000] {processor.py:175} INFO - Processing /home/melicharovykrecek/venv/lib/python3.9/site-packages/airflow/example_dags/example_task_group.py took 0.107 seconds
[2023-03-12T07:49:05.112+0000] {processor.py:153} INFO - Started process (PID=2821) to work on /home/melicharovykrecek/venv/lib/python3.9/site-packages/airflow/example_dags/example_task_group.py
[2023-03-12T07:49:05.114+0000] {processor.py:743} INFO - Processing file /home/melicharovykrecek/venv/lib/python3.9/site-packages/airflow/example_dags/example_task_group.py for tasks to queue
[2023-03-12T07:49:05.115+0000] {logging_mixin.py:137} INFO - [2023-03-12T07:49:05.115+0000] {dagbag.py:538} INFO - Filling up the DagBag from /home/melicharovykrecek/venv/lib/python3.9/site-packages/airflow/example_dags/example_task_group.py
[2023-03-12T07:49:05.135+0000] {processor.py:753} INFO - DAG(s) dict_keys(['example_task_group']) retrieved from /home/melicharovykrecek/venv/lib/python3.9/site-packages/airflow/example_dags/example_task_group.py
[2023-03-12T07:49:05.161+0000] {logging_mixin.py:137} INFO - [2023-03-12T07:49:05.161+0000] {dag.py:2690} INFO - Sync 1 DAGs
[2023-03-12T07:49:05.185+0000] {logging_mixin.py:137} INFO - [2023-03-12T07:49:05.185+0000] {dag.py:3437} INFO - Setting next_dagrun for example_task_group to 2023-03-11T07:49:05.184890+00:00, run_after=2023-03-12T07:49:05.184890+00:00
[2023-03-12T07:49:05.215+0000] {processor.py:175} INFO - Processing /home/melicharovykrecek/venv/lib/python3.9/site-packages/airflow/example_dags/example_task_group.py took 0.108 seconds
[2023-03-12T07:49:51.405+0000] {processor.py:153} INFO - Started process (PID=2866) to work on /home/melicharovykrecek/venv/lib/python3.9/site-packages/airflow/example_dags/example_task_group.py
[2023-03-12T07:49:51.408+0000] {processor.py:743} INFO - Processing file /home/melicharovykrecek/venv/lib/python3.9/site-packages/airflow/example_dags/example_task_group.py for tasks to queue
[2023-03-12T07:49:51.409+0000] {logging_mixin.py:137} INFO - [2023-03-12T07:49:51.408+0000] {dagbag.py:538} INFO - Filling up the DagBag from /home/melicharovykrecek/venv/lib/python3.9/site-packages/airflow/example_dags/example_task_group.py
[2023-03-12T07:49:51.430+0000] {processor.py:753} INFO - DAG(s) dict_keys(['example_task_group']) retrieved from /home/melicharovykrecek/venv/lib/python3.9/site-packages/airflow/example_dags/example_task_group.py
[2023-03-12T07:49:51.455+0000] {logging_mixin.py:137} INFO - [2023-03-12T07:49:51.455+0000] {dag.py:2690} INFO - Sync 1 DAGs
[2023-03-12T07:49:51.480+0000] {logging_mixin.py:137} INFO - [2023-03-12T07:49:51.480+0000] {dag.py:3437} INFO - Setting next_dagrun for example_task_group to 2023-03-11T07:49:51.479976+00:00, run_after=2023-03-12T07:49:51.479976+00:00
[2023-03-12T07:49:51.506+0000] {processor.py:175} INFO - Processing /home/melicharovykrecek/venv/lib/python3.9/site-packages/airflow/example_dags/example_task_group.py took 0.105 seconds
[2023-03-12T07:50:31.593+0000] {processor.py:153} INFO - Started process (PID=2909) to work on /home/melicharovykrecek/venv/lib/python3.9/site-packages/airflow/example_dags/example_task_group.py
[2023-03-12T07:50:31.595+0000] {processor.py:743} INFO - Processing file /home/melicharovykrecek/venv/lib/python3.9/site-packages/airflow/example_dags/example_task_group.py for tasks to queue
[2023-03-12T07:50:31.597+0000] {logging_mixin.py:137} INFO - [2023-03-12T07:50:31.597+0000] {dagbag.py:538} INFO - Filling up the DagBag from /home/melicharovykrecek/venv/lib/python3.9/site-packages/airflow/example_dags/example_task_group.py
[2023-03-12T07:50:31.618+0000] {processor.py:753} INFO - DAG(s) dict_keys(['example_task_group']) retrieved from /home/melicharovykrecek/venv/lib/python3.9/site-packages/airflow/example_dags/example_task_group.py
[2023-03-12T07:50:31.644+0000] {logging_mixin.py:137} INFO - [2023-03-12T07:50:31.644+0000] {dag.py:2690} INFO - Sync 1 DAGs
[2023-03-12T07:50:31.668+0000] {logging_mixin.py:137} INFO - [2023-03-12T07:50:31.668+0000] {dag.py:3437} INFO - Setting next_dagrun for example_task_group to 2023-03-11T07:50:31.668327+00:00, run_after=2023-03-12T07:50:31.668327+00:00
[2023-03-12T07:50:31.696+0000] {processor.py:175} INFO - Processing /home/melicharovykrecek/venv/lib/python3.9/site-packages/airflow/example_dags/example_task_group.py took 0.108 seconds
[2023-03-12T07:51:18.850+0000] {processor.py:153} INFO - Started process (PID=2960) to work on /home/melicharovykrecek/venv/lib/python3.9/site-packages/airflow/example_dags/example_task_group.py
[2023-03-12T07:51:18.854+0000] {processor.py:743} INFO - Processing file /home/melicharovykrecek/venv/lib/python3.9/site-packages/airflow/example_dags/example_task_group.py for tasks to queue
[2023-03-12T07:51:18.855+0000] {logging_mixin.py:137} INFO - [2023-03-12T07:51:18.854+0000] {dagbag.py:538} INFO - Filling up the DagBag from /home/melicharovykrecek/venv/lib/python3.9/site-packages/airflow/example_dags/example_task_group.py
[2023-03-12T07:51:18.875+0000] {processor.py:753} INFO - DAG(s) dict_keys(['example_task_group']) retrieved from /home/melicharovykrecek/venv/lib/python3.9/site-packages/airflow/example_dags/example_task_group.py
[2023-03-12T07:51:18.900+0000] {logging_mixin.py:137} INFO - [2023-03-12T07:51:18.900+0000] {dag.py:2690} INFO - Sync 1 DAGs
[2023-03-12T07:51:18.924+0000] {logging_mixin.py:137} INFO - [2023-03-12T07:51:18.924+0000] {dag.py:3437} INFO - Setting next_dagrun for example_task_group to 2023-03-11T07:51:18.923779+00:00, run_after=2023-03-12T07:51:18.923779+00:00
[2023-03-12T07:51:18.951+0000] {processor.py:175} INFO - Processing /home/melicharovykrecek/venv/lib/python3.9/site-packages/airflow/example_dags/example_task_group.py took 0.105 seconds
[2023-03-12T07:51:56.916+0000] {processor.py:153} INFO - Started process (PID=2996) to work on /home/melicharovykrecek/venv/lib/python3.9/site-packages/airflow/example_dags/example_task_group.py
[2023-03-12T07:51:56.918+0000] {processor.py:743} INFO - Processing file /home/melicharovykrecek/venv/lib/python3.9/site-packages/airflow/example_dags/example_task_group.py for tasks to queue
[2023-03-12T07:51:56.919+0000] {logging_mixin.py:137} INFO - [2023-03-12T07:51:56.919+0000] {dagbag.py:538} INFO - Filling up the DagBag from /home/melicharovykrecek/venv/lib/python3.9/site-packages/airflow/example_dags/example_task_group.py
[2023-03-12T07:51:56.942+0000] {processor.py:753} INFO - DAG(s) dict_keys(['example_task_group']) retrieved from /home/melicharovykrecek/venv/lib/python3.9/site-packages/airflow/example_dags/example_task_group.py
[2023-03-12T07:51:56.973+0000] {logging_mixin.py:137} INFO - [2023-03-12T07:51:56.972+0000] {dag.py:2690} INFO - Sync 1 DAGs
[2023-03-12T07:51:56.999+0000] {logging_mixin.py:137} INFO - [2023-03-12T07:51:56.998+0000] {dag.py:3437} INFO - Setting next_dagrun for example_task_group to 2023-03-11T07:51:56.998488+00:00, run_after=2023-03-12T07:51:56.998488+00:00
[2023-03-12T07:51:57.025+0000] {processor.py:175} INFO - Processing /home/melicharovykrecek/venv/lib/python3.9/site-packages/airflow/example_dags/example_task_group.py took 0.113 seconds
[2023-03-12T07:52:42.584+0000] {processor.py:153} INFO - Started process (PID=3041) to work on /home/melicharovykrecek/venv/lib/python3.9/site-packages/airflow/example_dags/example_task_group.py
[2023-03-12T07:52:42.587+0000] {processor.py:743} INFO - Processing file /home/melicharovykrecek/venv/lib/python3.9/site-packages/airflow/example_dags/example_task_group.py for tasks to queue
[2023-03-12T07:52:42.587+0000] {logging_mixin.py:137} INFO - [2023-03-12T07:52:42.587+0000] {dagbag.py:538} INFO - Filling up the DagBag from /home/melicharovykrecek/venv/lib/python3.9/site-packages/airflow/example_dags/example_task_group.py
[2023-03-12T07:52:42.607+0000] {processor.py:753} INFO - DAG(s) dict_keys(['example_task_group']) retrieved from /home/melicharovykrecek/venv/lib/python3.9/site-packages/airflow/example_dags/example_task_group.py
[2023-03-12T07:52:42.633+0000] {logging_mixin.py:137} INFO - [2023-03-12T07:52:42.632+0000] {dag.py:2690} INFO - Sync 1 DAGs
[2023-03-12T07:52:42.656+0000] {logging_mixin.py:137} INFO - [2023-03-12T07:52:42.655+0000] {dag.py:3437} INFO - Setting next_dagrun for example_task_group to 2023-03-11T07:52:42.655565+00:00, run_after=2023-03-12T07:52:42.655565+00:00
[2023-03-12T07:52:42.683+0000] {processor.py:175} INFO - Processing /home/melicharovykrecek/venv/lib/python3.9/site-packages/airflow/example_dags/example_task_group.py took 0.104 seconds
[2023-03-12T07:53:24.712+0000] {processor.py:153} INFO - Started process (PID=3083) to work on /home/melicharovykrecek/venv/lib/python3.9/site-packages/airflow/example_dags/example_task_group.py
[2023-03-12T07:53:24.714+0000] {processor.py:743} INFO - Processing file /home/melicharovykrecek/venv/lib/python3.9/site-packages/airflow/example_dags/example_task_group.py for tasks to queue
[2023-03-12T07:53:24.715+0000] {logging_mixin.py:137} INFO - [2023-03-12T07:53:24.715+0000] {dagbag.py:538} INFO - Filling up the DagBag from /home/melicharovykrecek/venv/lib/python3.9/site-packages/airflow/example_dags/example_task_group.py
[2023-03-12T07:53:24.737+0000] {processor.py:753} INFO - DAG(s) dict_keys(['example_task_group']) retrieved from /home/melicharovykrecek/venv/lib/python3.9/site-packages/airflow/example_dags/example_task_group.py
[2023-03-12T07:53:24.762+0000] {logging_mixin.py:137} INFO - [2023-03-12T07:53:24.762+0000] {dag.py:2690} INFO - Sync 1 DAGs
[2023-03-12T07:53:24.787+0000] {logging_mixin.py:137} INFO - [2023-03-12T07:53:24.787+0000] {dag.py:3437} INFO - Setting next_dagrun for example_task_group to 2023-03-11T07:53:24.786880+00:00, run_after=2023-03-12T07:53:24.786880+00:00
[2023-03-12T07:53:24.813+0000] {processor.py:175} INFO - Processing /home/melicharovykrecek/venv/lib/python3.9/site-packages/airflow/example_dags/example_task_group.py took 0.106 seconds
[2023-03-12T07:54:11.696+0000] {processor.py:153} INFO - Started process (PID=3127) to work on /home/melicharovykrecek/venv/lib/python3.9/site-packages/airflow/example_dags/example_task_group.py
[2023-03-12T07:54:11.698+0000] {processor.py:743} INFO - Processing file /home/melicharovykrecek/venv/lib/python3.9/site-packages/airflow/example_dags/example_task_group.py for tasks to queue
[2023-03-12T07:54:11.699+0000] {logging_mixin.py:137} INFO - [2023-03-12T07:54:11.699+0000] {dagbag.py:538} INFO - Filling up the DagBag from /home/melicharovykrecek/venv/lib/python3.9/site-packages/airflow/example_dags/example_task_group.py
[2023-03-12T07:54:11.720+0000] {processor.py:753} INFO - DAG(s) dict_keys(['example_task_group']) retrieved from /home/melicharovykrecek/venv/lib/python3.9/site-packages/airflow/example_dags/example_task_group.py
[2023-03-12T07:54:11.748+0000] {logging_mixin.py:137} INFO - [2023-03-12T07:54:11.747+0000] {dag.py:2690} INFO - Sync 1 DAGs
[2023-03-12T07:54:11.772+0000] {logging_mixin.py:137} INFO - [2023-03-12T07:54:11.772+0000] {dag.py:3437} INFO - Setting next_dagrun for example_task_group to 2023-03-11T07:54:11.772015+00:00, run_after=2023-03-12T07:54:11.772015+00:00
[2023-03-12T07:54:11.800+0000] {processor.py:175} INFO - Processing /home/melicharovykrecek/venv/lib/python3.9/site-packages/airflow/example_dags/example_task_group.py took 0.109 seconds
[2023-03-12T07:54:56.945+0000] {processor.py:153} INFO - Started process (PID=3172) to work on /home/melicharovykrecek/venv/lib/python3.9/site-packages/airflow/example_dags/example_task_group.py
[2023-03-12T07:54:56.947+0000] {processor.py:743} INFO - Processing file /home/melicharovykrecek/venv/lib/python3.9/site-packages/airflow/example_dags/example_task_group.py for tasks to queue
[2023-03-12T07:54:56.948+0000] {logging_mixin.py:137} INFO - [2023-03-12T07:54:56.948+0000] {dagbag.py:538} INFO - Filling up the DagBag from /home/melicharovykrecek/venv/lib/python3.9/site-packages/airflow/example_dags/example_task_group.py
[2023-03-12T07:54:56.969+0000] {processor.py:753} INFO - DAG(s) dict_keys(['example_task_group']) retrieved from /home/melicharovykrecek/venv/lib/python3.9/site-packages/airflow/example_dags/example_task_group.py
[2023-03-12T07:54:56.995+0000] {logging_mixin.py:137} INFO - [2023-03-12T07:54:56.995+0000] {dag.py:2690} INFO - Sync 1 DAGs
[2023-03-12T07:54:57.019+0000] {logging_mixin.py:137} INFO - [2023-03-12T07:54:57.019+0000] {dag.py:3437} INFO - Setting next_dagrun for example_task_group to 2023-03-11T07:54:57.019112+00:00, run_after=2023-03-12T07:54:57.019112+00:00
[2023-03-12T07:54:57.046+0000] {processor.py:175} INFO - Processing /home/melicharovykrecek/venv/lib/python3.9/site-packages/airflow/example_dags/example_task_group.py took 0.106 seconds
[2023-03-12T07:55:41.048+0000] {processor.py:153} INFO - Started process (PID=3215) to work on /home/melicharovykrecek/venv/lib/python3.9/site-packages/airflow/example_dags/example_task_group.py
[2023-03-12T07:55:41.050+0000] {processor.py:743} INFO - Processing file /home/melicharovykrecek/venv/lib/python3.9/site-packages/airflow/example_dags/example_task_group.py for tasks to queue
[2023-03-12T07:55:41.051+0000] {logging_mixin.py:137} INFO - [2023-03-12T07:55:41.051+0000] {dagbag.py:538} INFO - Filling up the DagBag from /home/melicharovykrecek/venv/lib/python3.9/site-packages/airflow/example_dags/example_task_group.py
[2023-03-12T07:55:41.073+0000] {processor.py:753} INFO - DAG(s) dict_keys(['example_task_group']) retrieved from /home/melicharovykrecek/venv/lib/python3.9/site-packages/airflow/example_dags/example_task_group.py
[2023-03-12T07:55:41.100+0000] {logging_mixin.py:137} INFO - [2023-03-12T07:55:41.100+0000] {dag.py:2690} INFO - Sync 1 DAGs
[2023-03-12T07:55:41.125+0000] {logging_mixin.py:137} INFO - [2023-03-12T07:55:41.124+0000] {dag.py:3437} INFO - Setting next_dagrun for example_task_group to 2023-03-11T07:55:41.124507+00:00, run_after=2023-03-12T07:55:41.124507+00:00
[2023-03-12T07:55:41.152+0000] {processor.py:175} INFO - Processing /home/melicharovykrecek/venv/lib/python3.9/site-packages/airflow/example_dags/example_task_group.py took 0.108 seconds
[2023-03-12T07:56:28.079+0000] {processor.py:153} INFO - Started process (PID=3262) to work on /home/melicharovykrecek/venv/lib/python3.9/site-packages/airflow/example_dags/example_task_group.py
[2023-03-12T07:56:28.082+0000] {processor.py:743} INFO - Processing file /home/melicharovykrecek/venv/lib/python3.9/site-packages/airflow/example_dags/example_task_group.py for tasks to queue
[2023-03-12T07:56:28.083+0000] {logging_mixin.py:137} INFO - [2023-03-12T07:56:28.082+0000] {dagbag.py:538} INFO - Filling up the DagBag from /home/melicharovykrecek/venv/lib/python3.9/site-packages/airflow/example_dags/example_task_group.py
[2023-03-12T07:56:28.106+0000] {processor.py:753} INFO - DAG(s) dict_keys(['example_task_group']) retrieved from /home/melicharovykrecek/venv/lib/python3.9/site-packages/airflow/example_dags/example_task_group.py
[2023-03-12T07:56:28.132+0000] {logging_mixin.py:137} INFO - [2023-03-12T07:56:28.132+0000] {dag.py:2690} INFO - Sync 1 DAGs
[2023-03-12T07:56:28.157+0000] {logging_mixin.py:137} INFO - [2023-03-12T07:56:28.157+0000] {dag.py:3437} INFO - Setting next_dagrun for example_task_group to 2023-03-11T07:56:28.156884+00:00, run_after=2023-03-12T07:56:28.156884+00:00
[2023-03-12T07:56:28.187+0000] {processor.py:175} INFO - Processing /home/melicharovykrecek/venv/lib/python3.9/site-packages/airflow/example_dags/example_task_group.py took 0.114 seconds
[2023-03-12T07:57:13.980+0000] {processor.py:153} INFO - Started process (PID=3307) to work on /home/melicharovykrecek/venv/lib/python3.9/site-packages/airflow/example_dags/example_task_group.py
[2023-03-12T07:57:13.983+0000] {processor.py:743} INFO - Processing file /home/melicharovykrecek/venv/lib/python3.9/site-packages/airflow/example_dags/example_task_group.py for tasks to queue
[2023-03-12T07:57:13.983+0000] {logging_mixin.py:137} INFO - [2023-03-12T07:57:13.983+0000] {dagbag.py:538} INFO - Filling up the DagBag from /home/melicharovykrecek/venv/lib/python3.9/site-packages/airflow/example_dags/example_task_group.py
[2023-03-12T07:57:14.004+0000] {processor.py:753} INFO - DAG(s) dict_keys(['example_task_group']) retrieved from /home/melicharovykrecek/venv/lib/python3.9/site-packages/airflow/example_dags/example_task_group.py
[2023-03-12T07:57:14.030+0000] {logging_mixin.py:137} INFO - [2023-03-12T07:57:14.030+0000] {dag.py:2690} INFO - Sync 1 DAGs
[2023-03-12T07:57:14.056+0000] {logging_mixin.py:137} INFO - [2023-03-12T07:57:14.056+0000] {dag.py:3437} INFO - Setting next_dagrun for example_task_group to 2023-03-11T07:57:14.056065+00:00, run_after=2023-03-12T07:57:14.056065+00:00
[2023-03-12T07:57:14.085+0000] {processor.py:175} INFO - Processing /home/melicharovykrecek/venv/lib/python3.9/site-packages/airflow/example_dags/example_task_group.py took 0.109 seconds
[2023-03-12T07:58:02.061+0000] {processor.py:153} INFO - Started process (PID=3352) to work on /home/melicharovykrecek/venv/lib/python3.9/site-packages/airflow/example_dags/example_task_group.py
[2023-03-12T07:58:02.063+0000] {processor.py:743} INFO - Processing file /home/melicharovykrecek/venv/lib/python3.9/site-packages/airflow/example_dags/example_task_group.py for tasks to queue
[2023-03-12T07:58:02.064+0000] {logging_mixin.py:137} INFO - [2023-03-12T07:58:02.064+0000] {dagbag.py:538} INFO - Filling up the DagBag from /home/melicharovykrecek/venv/lib/python3.9/site-packages/airflow/example_dags/example_task_group.py
[2023-03-12T07:58:02.083+0000] {processor.py:753} INFO - DAG(s) dict_keys(['example_task_group']) retrieved from /home/melicharovykrecek/venv/lib/python3.9/site-packages/airflow/example_dags/example_task_group.py
[2023-03-12T07:58:02.108+0000] {logging_mixin.py:137} INFO - [2023-03-12T07:58:02.108+0000] {dag.py:2690} INFO - Sync 1 DAGs
[2023-03-12T07:58:02.132+0000] {logging_mixin.py:137} INFO - [2023-03-12T07:58:02.131+0000] {dag.py:3437} INFO - Setting next_dagrun for example_task_group to 2023-03-11T07:58:02.131411+00:00, run_after=2023-03-12T07:58:02.131411+00:00
[2023-03-12T07:58:02.158+0000] {processor.py:175} INFO - Processing /home/melicharovykrecek/venv/lib/python3.9/site-packages/airflow/example_dags/example_task_group.py took 0.103 seconds
[2023-03-12T07:58:39.336+0000] {processor.py:153} INFO - Started process (PID=3390) to work on /home/melicharovykrecek/venv/lib/python3.9/site-packages/airflow/example_dags/example_task_group.py
[2023-03-12T07:58:39.338+0000] {processor.py:743} INFO - Processing file /home/melicharovykrecek/venv/lib/python3.9/site-packages/airflow/example_dags/example_task_group.py for tasks to queue
[2023-03-12T07:58:39.339+0000] {logging_mixin.py:137} INFO - [2023-03-12T07:58:39.339+0000] {dagbag.py:538} INFO - Filling up the DagBag from /home/melicharovykrecek/venv/lib/python3.9/site-packages/airflow/example_dags/example_task_group.py
[2023-03-12T07:58:39.359+0000] {processor.py:753} INFO - DAG(s) dict_keys(['example_task_group']) retrieved from /home/melicharovykrecek/venv/lib/python3.9/site-packages/airflow/example_dags/example_task_group.py
[2023-03-12T07:58:39.384+0000] {logging_mixin.py:137} INFO - [2023-03-12T07:58:39.384+0000] {dag.py:2690} INFO - Sync 1 DAGs
[2023-03-12T07:58:39.408+0000] {logging_mixin.py:137} INFO - [2023-03-12T07:58:39.407+0000] {dag.py:3437} INFO - Setting next_dagrun for example_task_group to 2023-03-11T07:58:39.407632+00:00, run_after=2023-03-12T07:58:39.407632+00:00
[2023-03-12T07:58:39.434+0000] {processor.py:175} INFO - Processing /home/melicharovykrecek/venv/lib/python3.9/site-packages/airflow/example_dags/example_task_group.py took 0.103 seconds
[2023-03-12T07:59:23.721+0000] {processor.py:153} INFO - Started process (PID=3434) to work on /home/melicharovykrecek/venv/lib/python3.9/site-packages/airflow/example_dags/example_task_group.py
[2023-03-12T07:59:23.723+0000] {processor.py:743} INFO - Processing file /home/melicharovykrecek/venv/lib/python3.9/site-packages/airflow/example_dags/example_task_group.py for tasks to queue
[2023-03-12T07:59:23.724+0000] {logging_mixin.py:137} INFO - [2023-03-12T07:59:23.724+0000] {dagbag.py:538} INFO - Filling up the DagBag from /home/melicharovykrecek/venv/lib/python3.9/site-packages/airflow/example_dags/example_task_group.py
[2023-03-12T07:59:23.745+0000] {processor.py:753} INFO - DAG(s) dict_keys(['example_task_group']) retrieved from /home/melicharovykrecek/venv/lib/python3.9/site-packages/airflow/example_dags/example_task_group.py
[2023-03-12T07:59:23.771+0000] {logging_mixin.py:137} INFO - [2023-03-12T07:59:23.771+0000] {dag.py:2690} INFO - Sync 1 DAGs
[2023-03-12T07:59:23.794+0000] {logging_mixin.py:137} INFO - [2023-03-12T07:59:23.794+0000] {dag.py:3437} INFO - Setting next_dagrun for example_task_group to 2023-03-11T07:59:23.794305+00:00, run_after=2023-03-12T07:59:23.794305+00:00
[2023-03-12T07:59:23.822+0000] {processor.py:175} INFO - Processing /home/melicharovykrecek/venv/lib/python3.9/site-packages/airflow/example_dags/example_task_group.py took 0.105 seconds
[2023-03-12T08:00:13.169+0000] {processor.py:153} INFO - Started process (PID=3505) to work on /home/melicharovykrecek/venv/lib/python3.9/site-packages/airflow/example_dags/example_task_group.py
[2023-03-12T08:00:13.171+0000] {processor.py:743} INFO - Processing file /home/melicharovykrecek/venv/lib/python3.9/site-packages/airflow/example_dags/example_task_group.py for tasks to queue
[2023-03-12T08:00:13.172+0000] {logging_mixin.py:137} INFO - [2023-03-12T08:00:13.172+0000] {dagbag.py:538} INFO - Filling up the DagBag from /home/melicharovykrecek/venv/lib/python3.9/site-packages/airflow/example_dags/example_task_group.py
[2023-03-12T08:00:13.195+0000] {processor.py:753} INFO - DAG(s) dict_keys(['example_task_group']) retrieved from /home/melicharovykrecek/venv/lib/python3.9/site-packages/airflow/example_dags/example_task_group.py
[2023-03-12T08:00:13.223+0000] {logging_mixin.py:137} INFO - [2023-03-12T08:00:13.223+0000] {dag.py:2690} INFO - Sync 1 DAGs
[2023-03-12T08:00:13.252+0000] {logging_mixin.py:137} INFO - [2023-03-12T08:00:13.252+0000] {dag.py:3437} INFO - Setting next_dagrun for example_task_group to 2023-03-11T08:00:13.251671+00:00, run_after=2023-03-12T08:00:13.251671+00:00
[2023-03-12T08:00:13.285+0000] {processor.py:175} INFO - Processing /home/melicharovykrecek/venv/lib/python3.9/site-packages/airflow/example_dags/example_task_group.py took 0.121 seconds
[2023-03-12T08:01:00.361+0000] {processor.py:153} INFO - Started process (PID=3559) to work on /home/melicharovykrecek/venv/lib/python3.9/site-packages/airflow/example_dags/example_task_group.py
[2023-03-12T08:01:00.363+0000] {processor.py:743} INFO - Processing file /home/melicharovykrecek/venv/lib/python3.9/site-packages/airflow/example_dags/example_task_group.py for tasks to queue
[2023-03-12T08:01:00.364+0000] {logging_mixin.py:137} INFO - [2023-03-12T08:01:00.364+0000] {dagbag.py:538} INFO - Filling up the DagBag from /home/melicharovykrecek/venv/lib/python3.9/site-packages/airflow/example_dags/example_task_group.py
[2023-03-12T08:01:00.384+0000] {processor.py:753} INFO - DAG(s) dict_keys(['example_task_group']) retrieved from /home/melicharovykrecek/venv/lib/python3.9/site-packages/airflow/example_dags/example_task_group.py
[2023-03-12T08:01:00.409+0000] {logging_mixin.py:137} INFO - [2023-03-12T08:01:00.409+0000] {dag.py:2690} INFO - Sync 1 DAGs
[2023-03-12T08:01:00.434+0000] {logging_mixin.py:137} INFO - [2023-03-12T08:01:00.434+0000] {dag.py:3437} INFO - Setting next_dagrun for example_task_group to 2023-03-11T08:01:00.434022+00:00, run_after=2023-03-12T08:01:00.434022+00:00
[2023-03-12T08:01:00.463+0000] {processor.py:175} INFO - Processing /home/melicharovykrecek/venv/lib/python3.9/site-packages/airflow/example_dags/example_task_group.py took 0.107 seconds
[2023-03-12T08:01:47.681+0000] {processor.py:153} INFO - Started process (PID=3605) to work on /home/melicharovykrecek/venv/lib/python3.9/site-packages/airflow/example_dags/example_task_group.py
[2023-03-12T08:01:47.685+0000] {processor.py:743} INFO - Processing file /home/melicharovykrecek/venv/lib/python3.9/site-packages/airflow/example_dags/example_task_group.py for tasks to queue
[2023-03-12T08:01:47.686+0000] {logging_mixin.py:137} INFO - [2023-03-12T08:01:47.686+0000] {dagbag.py:538} INFO - Filling up the DagBag from /home/melicharovykrecek/venv/lib/python3.9/site-packages/airflow/example_dags/example_task_group.py
[2023-03-12T08:01:47.706+0000] {processor.py:753} INFO - DAG(s) dict_keys(['example_task_group']) retrieved from /home/melicharovykrecek/venv/lib/python3.9/site-packages/airflow/example_dags/example_task_group.py
[2023-03-12T08:01:47.734+0000] {logging_mixin.py:137} INFO - [2023-03-12T08:01:47.734+0000] {dag.py:2690} INFO - Sync 1 DAGs
[2023-03-12T08:01:47.761+0000] {logging_mixin.py:137} INFO - [2023-03-12T08:01:47.761+0000] {dag.py:3437} INFO - Setting next_dagrun for example_task_group to 2023-03-11T08:01:47.760733+00:00, run_after=2023-03-12T08:01:47.760733+00:00
[2023-03-12T08:01:47.790+0000] {processor.py:175} INFO - Processing /home/melicharovykrecek/venv/lib/python3.9/site-packages/airflow/example_dags/example_task_group.py took 0.115 seconds
[2023-03-12T08:02:36.090+0000] {processor.py:153} INFO - Started process (PID=3652) to work on /home/melicharovykrecek/venv/lib/python3.9/site-packages/airflow/example_dags/example_task_group.py
[2023-03-12T08:02:36.092+0000] {processor.py:743} INFO - Processing file /home/melicharovykrecek/venv/lib/python3.9/site-packages/airflow/example_dags/example_task_group.py for tasks to queue
[2023-03-12T08:02:36.093+0000] {logging_mixin.py:137} INFO - [2023-03-12T08:02:36.093+0000] {dagbag.py:538} INFO - Filling up the DagBag from /home/melicharovykrecek/venv/lib/python3.9/site-packages/airflow/example_dags/example_task_group.py
[2023-03-12T08:02:36.114+0000] {processor.py:753} INFO - DAG(s) dict_keys(['example_task_group']) retrieved from /home/melicharovykrecek/venv/lib/python3.9/site-packages/airflow/example_dags/example_task_group.py
[2023-03-12T08:02:36.140+0000] {logging_mixin.py:137} INFO - [2023-03-12T08:02:36.140+0000] {dag.py:2690} INFO - Sync 1 DAGs
[2023-03-12T08:02:36.164+0000] {logging_mixin.py:137} INFO - [2023-03-12T08:02:36.163+0000] {dag.py:3437} INFO - Setting next_dagrun for example_task_group to 2023-03-11T08:02:36.163561+00:00, run_after=2023-03-12T08:02:36.163561+00:00
[2023-03-12T08:02:36.193+0000] {processor.py:175} INFO - Processing /home/melicharovykrecek/venv/lib/python3.9/site-packages/airflow/example_dags/example_task_group.py took 0.108 seconds
[2023-03-12T08:03:22.471+0000] {processor.py:153} INFO - Started process (PID=3697) to work on /home/melicharovykrecek/venv/lib/python3.9/site-packages/airflow/example_dags/example_task_group.py
[2023-03-12T08:03:22.473+0000] {processor.py:743} INFO - Processing file /home/melicharovykrecek/venv/lib/python3.9/site-packages/airflow/example_dags/example_task_group.py for tasks to queue
[2023-03-12T08:03:22.474+0000] {logging_mixin.py:137} INFO - [2023-03-12T08:03:22.474+0000] {dagbag.py:538} INFO - Filling up the DagBag from /home/melicharovykrecek/venv/lib/python3.9/site-packages/airflow/example_dags/example_task_group.py
[2023-03-12T08:03:22.495+0000] {processor.py:753} INFO - DAG(s) dict_keys(['example_task_group']) retrieved from /home/melicharovykrecek/venv/lib/python3.9/site-packages/airflow/example_dags/example_task_group.py
[2023-03-12T08:03:22.521+0000] {logging_mixin.py:137} INFO - [2023-03-12T08:03:22.520+0000] {dag.py:2690} INFO - Sync 1 DAGs
[2023-03-12T08:03:22.544+0000] {logging_mixin.py:137} INFO - [2023-03-12T08:03:22.544+0000] {dag.py:3437} INFO - Setting next_dagrun for example_task_group to 2023-03-11T08:03:22.543874+00:00, run_after=2023-03-12T08:03:22.543874+00:00
[2023-03-12T08:03:22.573+0000] {processor.py:175} INFO - Processing /home/melicharovykrecek/venv/lib/python3.9/site-packages/airflow/example_dags/example_task_group.py took 0.107 seconds
[2023-03-12T08:04:07.712+0000] {processor.py:153} INFO - Started process (PID=3741) to work on /home/melicharovykrecek/venv/lib/python3.9/site-packages/airflow/example_dags/example_task_group.py
[2023-03-12T08:04:07.715+0000] {processor.py:743} INFO - Processing file /home/melicharovykrecek/venv/lib/python3.9/site-packages/airflow/example_dags/example_task_group.py for tasks to queue
[2023-03-12T08:04:07.716+0000] {logging_mixin.py:137} INFO - [2023-03-12T08:04:07.716+0000] {dagbag.py:538} INFO - Filling up the DagBag from /home/melicharovykrecek/venv/lib/python3.9/site-packages/airflow/example_dags/example_task_group.py
[2023-03-12T08:04:07.737+0000] {processor.py:753} INFO - DAG(s) dict_keys(['example_task_group']) retrieved from /home/melicharovykrecek/venv/lib/python3.9/site-packages/airflow/example_dags/example_task_group.py
[2023-03-12T08:04:07.764+0000] {logging_mixin.py:137} INFO - [2023-03-12T08:04:07.763+0000] {dag.py:2690} INFO - Sync 1 DAGs
[2023-03-12T08:04:07.790+0000] {logging_mixin.py:137} INFO - [2023-03-12T08:04:07.790+0000] {dag.py:3437} INFO - Setting next_dagrun for example_task_group to 2023-03-11T08:04:07.789756+00:00, run_after=2023-03-12T08:04:07.789756+00:00
[2023-03-12T08:04:07.818+0000] {processor.py:175} INFO - Processing /home/melicharovykrecek/venv/lib/python3.9/site-packages/airflow/example_dags/example_task_group.py took 0.111 seconds
[2023-03-12T08:04:52.553+0000] {processor.py:153} INFO - Started process (PID=3784) to work on /home/melicharovykrecek/venv/lib/python3.9/site-packages/airflow/example_dags/example_task_group.py
[2023-03-12T08:04:52.555+0000] {processor.py:743} INFO - Processing file /home/melicharovykrecek/venv/lib/python3.9/site-packages/airflow/example_dags/example_task_group.py for tasks to queue
[2023-03-12T08:04:52.557+0000] {logging_mixin.py:137} INFO - [2023-03-12T08:04:52.557+0000] {dagbag.py:538} INFO - Filling up the DagBag from /home/melicharovykrecek/venv/lib/python3.9/site-packages/airflow/example_dags/example_task_group.py
[2023-03-12T08:04:52.579+0000] {processor.py:753} INFO - DAG(s) dict_keys(['example_task_group']) retrieved from /home/melicharovykrecek/venv/lib/python3.9/site-packages/airflow/example_dags/example_task_group.py
[2023-03-12T08:04:52.610+0000] {logging_mixin.py:137} INFO - [2023-03-12T08:04:52.609+0000] {dag.py:2690} INFO - Sync 1 DAGs
[2023-03-12T08:04:52.638+0000] {logging_mixin.py:137} INFO - [2023-03-12T08:04:52.638+0000] {dag.py:3437} INFO - Setting next_dagrun for example_task_group to 2023-03-11T08:04:52.637742+00:00, run_after=2023-03-12T08:04:52.637742+00:00
[2023-03-12T08:04:52.668+0000] {processor.py:175} INFO - Processing /home/melicharovykrecek/venv/lib/python3.9/site-packages/airflow/example_dags/example_task_group.py took 0.120 seconds
[2023-03-12T08:05:40.770+0000] {processor.py:153} INFO - Started process (PID=3831) to work on /home/melicharovykrecek/venv/lib/python3.9/site-packages/airflow/example_dags/example_task_group.py
[2023-03-12T08:05:40.773+0000] {processor.py:743} INFO - Processing file /home/melicharovykrecek/venv/lib/python3.9/site-packages/airflow/example_dags/example_task_group.py for tasks to queue
[2023-03-12T08:05:40.774+0000] {logging_mixin.py:137} INFO - [2023-03-12T08:05:40.774+0000] {dagbag.py:538} INFO - Filling up the DagBag from /home/melicharovykrecek/venv/lib/python3.9/site-packages/airflow/example_dags/example_task_group.py
[2023-03-12T08:05:40.797+0000] {processor.py:753} INFO - DAG(s) dict_keys(['example_task_group']) retrieved from /home/melicharovykrecek/venv/lib/python3.9/site-packages/airflow/example_dags/example_task_group.py
[2023-03-12T08:05:40.823+0000] {logging_mixin.py:137} INFO - [2023-03-12T08:05:40.823+0000] {dag.py:2690} INFO - Sync 1 DAGs
[2023-03-12T08:05:40.850+0000] {logging_mixin.py:137} INFO - [2023-03-12T08:05:40.849+0000] {dag.py:3437} INFO - Setting next_dagrun for example_task_group to 2023-03-11T08:05:40.849330+00:00, run_after=2023-03-12T08:05:40.849330+00:00
[2023-03-12T08:05:40.882+0000] {processor.py:175} INFO - Processing /home/melicharovykrecek/venv/lib/python3.9/site-packages/airflow/example_dags/example_task_group.py took 0.116 seconds
[2023-03-12T08:06:19.161+0000] {processor.py:153} INFO - Started process (PID=3867) to work on /home/melicharovykrecek/venv/lib/python3.9/site-packages/airflow/example_dags/example_task_group.py
[2023-03-12T08:06:19.163+0000] {processor.py:743} INFO - Processing file /home/melicharovykrecek/venv/lib/python3.9/site-packages/airflow/example_dags/example_task_group.py for tasks to queue
[2023-03-12T08:06:19.164+0000] {logging_mixin.py:137} INFO - [2023-03-12T08:06:19.164+0000] {dagbag.py:538} INFO - Filling up the DagBag from /home/melicharovykrecek/venv/lib/python3.9/site-packages/airflow/example_dags/example_task_group.py
[2023-03-12T08:06:19.184+0000] {processor.py:753} INFO - DAG(s) dict_keys(['example_task_group']) retrieved from /home/melicharovykrecek/venv/lib/python3.9/site-packages/airflow/example_dags/example_task_group.py
[2023-03-12T08:06:19.210+0000] {logging_mixin.py:137} INFO - [2023-03-12T08:06:19.209+0000] {dag.py:2690} INFO - Sync 1 DAGs
[2023-03-12T08:06:19.236+0000] {logging_mixin.py:137} INFO - [2023-03-12T08:06:19.236+0000] {dag.py:3437} INFO - Setting next_dagrun for example_task_group to 2023-03-11T08:06:19.236128+00:00, run_after=2023-03-12T08:06:19.236128+00:00
[2023-03-12T08:06:19.266+0000] {processor.py:175} INFO - Processing /home/melicharovykrecek/venv/lib/python3.9/site-packages/airflow/example_dags/example_task_group.py took 0.109 seconds
[2023-03-12T08:06:56.226+0000] {processor.py:153} INFO - Started process (PID=3905) to work on /home/melicharovykrecek/venv/lib/python3.9/site-packages/airflow/example_dags/example_task_group.py
[2023-03-12T08:06:56.228+0000] {processor.py:743} INFO - Processing file /home/melicharovykrecek/venv/lib/python3.9/site-packages/airflow/example_dags/example_task_group.py for tasks to queue
[2023-03-12T08:06:56.228+0000] {logging_mixin.py:137} INFO - [2023-03-12T08:06:56.228+0000] {dagbag.py:538} INFO - Filling up the DagBag from /home/melicharovykrecek/venv/lib/python3.9/site-packages/airflow/example_dags/example_task_group.py
[2023-03-12T08:06:56.249+0000] {processor.py:753} INFO - DAG(s) dict_keys(['example_task_group']) retrieved from /home/melicharovykrecek/venv/lib/python3.9/site-packages/airflow/example_dags/example_task_group.py
[2023-03-12T08:06:56.275+0000] {logging_mixin.py:137} INFO - [2023-03-12T08:06:56.274+0000] {dag.py:2690} INFO - Sync 1 DAGs
[2023-03-12T08:06:56.299+0000] {logging_mixin.py:137} INFO - [2023-03-12T08:06:56.298+0000] {dag.py:3437} INFO - Setting next_dagrun for example_task_group to 2023-03-11T08:06:56.298530+00:00, run_after=2023-03-12T08:06:56.298530+00:00
[2023-03-12T08:06:56.328+0000] {processor.py:175} INFO - Processing /home/melicharovykrecek/venv/lib/python3.9/site-packages/airflow/example_dags/example_task_group.py took 0.107 seconds
[2023-03-12T08:07:33.399+0000] {processor.py:153} INFO - Started process (PID=3941) to work on /home/melicharovykrecek/venv/lib/python3.9/site-packages/airflow/example_dags/example_task_group.py
[2023-03-12T08:07:33.401+0000] {processor.py:743} INFO - Processing file /home/melicharovykrecek/venv/lib/python3.9/site-packages/airflow/example_dags/example_task_group.py for tasks to queue
[2023-03-12T08:07:33.402+0000] {logging_mixin.py:137} INFO - [2023-03-12T08:07:33.402+0000] {dagbag.py:538} INFO - Filling up the DagBag from /home/melicharovykrecek/venv/lib/python3.9/site-packages/airflow/example_dags/example_task_group.py
[2023-03-12T08:07:33.423+0000] {processor.py:753} INFO - DAG(s) dict_keys(['example_task_group']) retrieved from /home/melicharovykrecek/venv/lib/python3.9/site-packages/airflow/example_dags/example_task_group.py
[2023-03-12T08:07:33.449+0000] {logging_mixin.py:137} INFO - [2023-03-12T08:07:33.449+0000] {dag.py:2690} INFO - Sync 1 DAGs
[2023-03-12T08:07:33.474+0000] {logging_mixin.py:137} INFO - [2023-03-12T08:07:33.474+0000] {dag.py:3437} INFO - Setting next_dagrun for example_task_group to 2023-03-11T08:07:33.474075+00:00, run_after=2023-03-12T08:07:33.474075+00:00
[2023-03-12T08:07:33.501+0000] {processor.py:175} INFO - Processing /home/melicharovykrecek/venv/lib/python3.9/site-packages/airflow/example_dags/example_task_group.py took 0.107 seconds
[2023-03-12T08:08:17.165+0000] {processor.py:153} INFO - Started process (PID=4016) to work on /home/melicharovykrecek/venv/lib/python3.9/site-packages/airflow/example_dags/example_task_group.py
[2023-03-12T08:08:17.168+0000] {processor.py:743} INFO - Processing file /home/melicharovykrecek/venv/lib/python3.9/site-packages/airflow/example_dags/example_task_group.py for tasks to queue
[2023-03-12T08:08:17.168+0000] {logging_mixin.py:137} INFO - [2023-03-12T08:08:17.168+0000] {dagbag.py:538} INFO - Filling up the DagBag from /home/melicharovykrecek/venv/lib/python3.9/site-packages/airflow/example_dags/example_task_group.py
[2023-03-12T08:08:17.190+0000] {processor.py:753} INFO - DAG(s) dict_keys(['example_task_group']) retrieved from /home/melicharovykrecek/venv/lib/python3.9/site-packages/airflow/example_dags/example_task_group.py
[2023-03-12T08:08:17.219+0000] {logging_mixin.py:137} INFO - [2023-03-12T08:08:17.218+0000] {dag.py:2690} INFO - Sync 1 DAGs
[2023-03-12T08:08:17.243+0000] {logging_mixin.py:137} INFO - [2023-03-12T08:08:17.243+0000] {dag.py:3437} INFO - Setting next_dagrun for example_task_group to 2023-03-11T08:08:17.243120+00:00, run_after=2023-03-12T08:08:17.243120+00:00
[2023-03-12T08:08:17.276+0000] {processor.py:175} INFO - Processing /home/melicharovykrecek/venv/lib/python3.9/site-packages/airflow/example_dags/example_task_group.py took 0.116 seconds
[2023-03-12T08:08:55.150+0000] {processor.py:153} INFO - Started process (PID=4068) to work on /home/melicharovykrecek/venv/lib/python3.9/site-packages/airflow/example_dags/example_task_group.py
[2023-03-12T08:08:55.152+0000] {processor.py:743} INFO - Processing file /home/melicharovykrecek/venv/lib/python3.9/site-packages/airflow/example_dags/example_task_group.py for tasks to queue
[2023-03-12T08:08:55.153+0000] {logging_mixin.py:137} INFO - [2023-03-12T08:08:55.153+0000] {dagbag.py:538} INFO - Filling up the DagBag from /home/melicharovykrecek/venv/lib/python3.9/site-packages/airflow/example_dags/example_task_group.py
[2023-03-12T08:08:55.175+0000] {processor.py:753} INFO - DAG(s) dict_keys(['example_task_group']) retrieved from /home/melicharovykrecek/venv/lib/python3.9/site-packages/airflow/example_dags/example_task_group.py
[2023-03-12T08:08:55.201+0000] {logging_mixin.py:137} INFO - [2023-03-12T08:08:55.200+0000] {dag.py:2690} INFO - Sync 1 DAGs
[2023-03-12T08:08:55.226+0000] {logging_mixin.py:137} INFO - [2023-03-12T08:08:55.226+0000] {dag.py:3437} INFO - Setting next_dagrun for example_task_group to 2023-03-11T08:08:55.225853+00:00, run_after=2023-03-12T08:08:55.225853+00:00
[2023-03-12T08:08:55.253+0000] {processor.py:175} INFO - Processing /home/melicharovykrecek/venv/lib/python3.9/site-packages/airflow/example_dags/example_task_group.py took 0.108 seconds
[2023-03-12T08:09:33.176+0000] {processor.py:153} INFO - Started process (PID=4104) to work on /home/melicharovykrecek/venv/lib/python3.9/site-packages/airflow/example_dags/example_task_group.py
[2023-03-12T08:09:33.179+0000] {processor.py:743} INFO - Processing file /home/melicharovykrecek/venv/lib/python3.9/site-packages/airflow/example_dags/example_task_group.py for tasks to queue
[2023-03-12T08:09:33.180+0000] {logging_mixin.py:137} INFO - [2023-03-12T08:09:33.180+0000] {dagbag.py:538} INFO - Filling up the DagBag from /home/melicharovykrecek/venv/lib/python3.9/site-packages/airflow/example_dags/example_task_group.py
[2023-03-12T08:09:33.205+0000] {processor.py:753} INFO - DAG(s) dict_keys(['example_task_group']) retrieved from /home/melicharovykrecek/venv/lib/python3.9/site-packages/airflow/example_dags/example_task_group.py
[2023-03-12T08:09:33.235+0000] {logging_mixin.py:137} INFO - [2023-03-12T08:09:33.235+0000] {dag.py:2690} INFO - Sync 1 DAGs
[2023-03-12T08:09:33.261+0000] {logging_mixin.py:137} INFO - [2023-03-12T08:09:33.260+0000] {dag.py:3437} INFO - Setting next_dagrun for example_task_group to 2023-03-11T08:09:33.260592+00:00, run_after=2023-03-12T08:09:33.260592+00:00
[2023-03-12T08:09:33.291+0000] {processor.py:175} INFO - Processing /home/melicharovykrecek/venv/lib/python3.9/site-packages/airflow/example_dags/example_task_group.py took 0.120 seconds
[2023-03-12T08:10:11.637+0000] {processor.py:153} INFO - Started process (PID=4140) to work on /home/melicharovykrecek/venv/lib/python3.9/site-packages/airflow/example_dags/example_task_group.py
[2023-03-12T08:10:11.639+0000] {processor.py:743} INFO - Processing file /home/melicharovykrecek/venv/lib/python3.9/site-packages/airflow/example_dags/example_task_group.py for tasks to queue
[2023-03-12T08:10:11.640+0000] {logging_mixin.py:137} INFO - [2023-03-12T08:10:11.640+0000] {dagbag.py:538} INFO - Filling up the DagBag from /home/melicharovykrecek/venv/lib/python3.9/site-packages/airflow/example_dags/example_task_group.py
[2023-03-12T08:10:11.661+0000] {processor.py:753} INFO - DAG(s) dict_keys(['example_task_group']) retrieved from /home/melicharovykrecek/venv/lib/python3.9/site-packages/airflow/example_dags/example_task_group.py
[2023-03-12T08:10:11.688+0000] {logging_mixin.py:137} INFO - [2023-03-12T08:10:11.688+0000] {dag.py:2690} INFO - Sync 1 DAGs
[2023-03-12T08:10:11.713+0000] {logging_mixin.py:137} INFO - [2023-03-12T08:10:11.712+0000] {dag.py:3437} INFO - Setting next_dagrun for example_task_group to 2023-03-11T08:10:11.712495+00:00, run_after=2023-03-12T08:10:11.712495+00:00
[2023-03-12T08:10:11.746+0000] {processor.py:175} INFO - Processing /home/melicharovykrecek/venv/lib/python3.9/site-packages/airflow/example_dags/example_task_group.py took 0.114 seconds
[2023-03-12T08:10:52.092+0000] {processor.py:153} INFO - Started process (PID=4182) to work on /home/melicharovykrecek/venv/lib/python3.9/site-packages/airflow/example_dags/example_task_group.py
[2023-03-12T08:10:52.096+0000] {processor.py:743} INFO - Processing file /home/melicharovykrecek/venv/lib/python3.9/site-packages/airflow/example_dags/example_task_group.py for tasks to queue
[2023-03-12T08:10:52.097+0000] {logging_mixin.py:137} INFO - [2023-03-12T08:10:52.097+0000] {dagbag.py:538} INFO - Filling up the DagBag from /home/melicharovykrecek/venv/lib/python3.9/site-packages/airflow/example_dags/example_task_group.py
[2023-03-12T08:10:52.118+0000] {processor.py:753} INFO - DAG(s) dict_keys(['example_task_group']) retrieved from /home/melicharovykrecek/venv/lib/python3.9/site-packages/airflow/example_dags/example_task_group.py
[2023-03-12T08:10:52.143+0000] {logging_mixin.py:137} INFO - [2023-03-12T08:10:52.143+0000] {dag.py:2690} INFO - Sync 1 DAGs
[2023-03-12T08:10:52.170+0000] {logging_mixin.py:137} INFO - [2023-03-12T08:10:52.169+0000] {dag.py:3437} INFO - Setting next_dagrun for example_task_group to 2023-03-11T08:10:52.169470+00:00, run_after=2023-03-12T08:10:52.169470+00:00
[2023-03-12T08:10:52.198+0000] {processor.py:175} INFO - Processing /home/melicharovykrecek/venv/lib/python3.9/site-packages/airflow/example_dags/example_task_group.py took 0.110 seconds
[2023-03-12T08:11:40.047+0000] {processor.py:153} INFO - Started process (PID=4247) to work on /home/melicharovykrecek/venv/lib/python3.9/site-packages/airflow/example_dags/example_task_group.py
[2023-03-12T08:11:40.049+0000] {processor.py:743} INFO - Processing file /home/melicharovykrecek/venv/lib/python3.9/site-packages/airflow/example_dags/example_task_group.py for tasks to queue
[2023-03-12T08:11:40.050+0000] {logging_mixin.py:137} INFO - [2023-03-12T08:11:40.050+0000] {dagbag.py:538} INFO - Filling up the DagBag from /home/melicharovykrecek/venv/lib/python3.9/site-packages/airflow/example_dags/example_task_group.py
[2023-03-12T08:11:40.070+0000] {processor.py:753} INFO - DAG(s) dict_keys(['example_task_group']) retrieved from /home/melicharovykrecek/venv/lib/python3.9/site-packages/airflow/example_dags/example_task_group.py
[2023-03-12T08:11:40.098+0000] {logging_mixin.py:137} INFO - [2023-03-12T08:11:40.098+0000] {dag.py:2690} INFO - Sync 1 DAGs
[2023-03-12T08:11:40.124+0000] {logging_mixin.py:137} INFO - [2023-03-12T08:11:40.124+0000] {dag.py:3437} INFO - Setting next_dagrun for example_task_group to 2023-03-11T08:11:40.124018+00:00, run_after=2023-03-12T08:11:40.124018+00:00
[2023-03-12T08:11:40.152+0000] {processor.py:175} INFO - Processing /home/melicharovykrecek/venv/lib/python3.9/site-packages/airflow/example_dags/example_task_group.py took 0.110 seconds
[2023-03-12T08:12:19.477+0000] {processor.py:153} INFO - Started process (PID=4295) to work on /home/melicharovykrecek/venv/lib/python3.9/site-packages/airflow/example_dags/example_task_group.py
[2023-03-12T08:12:19.480+0000] {processor.py:743} INFO - Processing file /home/melicharovykrecek/venv/lib/python3.9/site-packages/airflow/example_dags/example_task_group.py for tasks to queue
[2023-03-12T08:12:19.481+0000] {logging_mixin.py:137} INFO - [2023-03-12T08:12:19.481+0000] {dagbag.py:538} INFO - Filling up the DagBag from /home/melicharovykrecek/venv/lib/python3.9/site-packages/airflow/example_dags/example_task_group.py
[2023-03-12T08:12:19.502+0000] {processor.py:753} INFO - DAG(s) dict_keys(['example_task_group']) retrieved from /home/melicharovykrecek/venv/lib/python3.9/site-packages/airflow/example_dags/example_task_group.py
[2023-03-12T08:12:19.528+0000] {logging_mixin.py:137} INFO - [2023-03-12T08:12:19.528+0000] {dag.py:2690} INFO - Sync 1 DAGs
[2023-03-12T08:12:19.553+0000] {logging_mixin.py:137} INFO - [2023-03-12T08:12:19.552+0000] {dag.py:3437} INFO - Setting next_dagrun for example_task_group to 2023-03-11T08:12:19.552495+00:00, run_after=2023-03-12T08:12:19.552495+00:00
[2023-03-12T08:12:19.581+0000] {processor.py:175} INFO - Processing /home/melicharovykrecek/venv/lib/python3.9/site-packages/airflow/example_dags/example_task_group.py took 0.109 seconds
[2023-03-12T08:13:04.742+0000] {processor.py:153} INFO - Started process (PID=4358) to work on /home/melicharovykrecek/venv/lib/python3.9/site-packages/airflow/example_dags/example_task_group.py
[2023-03-12T08:13:04.745+0000] {processor.py:743} INFO - Processing file /home/melicharovykrecek/venv/lib/python3.9/site-packages/airflow/example_dags/example_task_group.py for tasks to queue
[2023-03-12T08:13:04.746+0000] {logging_mixin.py:137} INFO - [2023-03-12T08:13:04.746+0000] {dagbag.py:538} INFO - Filling up the DagBag from /home/melicharovykrecek/venv/lib/python3.9/site-packages/airflow/example_dags/example_task_group.py
[2023-03-12T08:13:04.768+0000] {processor.py:753} INFO - DAG(s) dict_keys(['example_task_group']) retrieved from /home/melicharovykrecek/venv/lib/python3.9/site-packages/airflow/example_dags/example_task_group.py
[2023-03-12T08:13:04.795+0000] {logging_mixin.py:137} INFO - [2023-03-12T08:13:04.795+0000] {dag.py:2690} INFO - Sync 1 DAGs
[2023-03-12T08:13:04.820+0000] {logging_mixin.py:137} INFO - [2023-03-12T08:13:04.820+0000] {dag.py:3437} INFO - Setting next_dagrun for example_task_group to 2023-03-11T08:13:04.820255+00:00, run_after=2023-03-12T08:13:04.820255+00:00
[2023-03-12T08:13:04.850+0000] {processor.py:175} INFO - Processing /home/melicharovykrecek/venv/lib/python3.9/site-packages/airflow/example_dags/example_task_group.py took 0.112 seconds
[2023-03-12T08:13:44.421+0000] {processor.py:153} INFO - Started process (PID=4400) to work on /home/melicharovykrecek/venv/lib/python3.9/site-packages/airflow/example_dags/example_task_group.py
[2023-03-12T08:13:44.423+0000] {processor.py:743} INFO - Processing file /home/melicharovykrecek/venv/lib/python3.9/site-packages/airflow/example_dags/example_task_group.py for tasks to queue
[2023-03-12T08:13:44.424+0000] {logging_mixin.py:137} INFO - [2023-03-12T08:13:44.424+0000] {dagbag.py:538} INFO - Filling up the DagBag from /home/melicharovykrecek/venv/lib/python3.9/site-packages/airflow/example_dags/example_task_group.py
[2023-03-12T08:13:44.445+0000] {processor.py:753} INFO - DAG(s) dict_keys(['example_task_group']) retrieved from /home/melicharovykrecek/venv/lib/python3.9/site-packages/airflow/example_dags/example_task_group.py
[2023-03-12T08:13:44.472+0000] {logging_mixin.py:137} INFO - [2023-03-12T08:13:44.472+0000] {dag.py:2690} INFO - Sync 1 DAGs
[2023-03-12T08:13:44.499+0000] {logging_mixin.py:137} INFO - [2023-03-12T08:13:44.499+0000] {dag.py:3437} INFO - Setting next_dagrun for example_task_group to 2023-03-11T08:13:44.498646+00:00, run_after=2023-03-12T08:13:44.498646+00:00
[2023-03-12T08:13:44.532+0000] {processor.py:175} INFO - Processing /home/melicharovykrecek/venv/lib/python3.9/site-packages/airflow/example_dags/example_task_group.py took 0.116 seconds
[2023-03-12T08:14:22.578+0000] {processor.py:153} INFO - Started process (PID=4456) to work on /home/melicharovykrecek/venv/lib/python3.9/site-packages/airflow/example_dags/example_task_group.py
[2023-03-12T08:14:22.580+0000] {processor.py:743} INFO - Processing file /home/melicharovykrecek/venv/lib/python3.9/site-packages/airflow/example_dags/example_task_group.py for tasks to queue
[2023-03-12T08:14:22.581+0000] {logging_mixin.py:137} INFO - [2023-03-12T08:14:22.581+0000] {dagbag.py:538} INFO - Filling up the DagBag from /home/melicharovykrecek/venv/lib/python3.9/site-packages/airflow/example_dags/example_task_group.py
[2023-03-12T08:14:22.601+0000] {processor.py:753} INFO - DAG(s) dict_keys(['example_task_group']) retrieved from /home/melicharovykrecek/venv/lib/python3.9/site-packages/airflow/example_dags/example_task_group.py
[2023-03-12T08:14:22.629+0000] {logging_mixin.py:137} INFO - [2023-03-12T08:14:22.629+0000] {dag.py:2690} INFO - Sync 1 DAGs
[2023-03-12T08:14:22.657+0000] {logging_mixin.py:137} INFO - [2023-03-12T08:14:22.657+0000] {dag.py:3437} INFO - Setting next_dagrun for example_task_group to 2023-03-11T08:14:22.656894+00:00, run_after=2023-03-12T08:14:22.656894+00:00
[2023-03-12T08:14:22.687+0000] {processor.py:175} INFO - Processing /home/melicharovykrecek/venv/lib/python3.9/site-packages/airflow/example_dags/example_task_group.py took 0.113 seconds
[2023-03-12T08:15:00.022+0000] {processor.py:153} INFO - Started process (PID=4494) to work on /home/melicharovykrecek/venv/lib/python3.9/site-packages/airflow/example_dags/example_task_group.py
[2023-03-12T08:15:00.024+0000] {processor.py:743} INFO - Processing file /home/melicharovykrecek/venv/lib/python3.9/site-packages/airflow/example_dags/example_task_group.py for tasks to queue
[2023-03-12T08:15:00.025+0000] {logging_mixin.py:137} INFO - [2023-03-12T08:15:00.025+0000] {dagbag.py:538} INFO - Filling up the DagBag from /home/melicharovykrecek/venv/lib/python3.9/site-packages/airflow/example_dags/example_task_group.py
[2023-03-12T08:15:00.045+0000] {processor.py:753} INFO - DAG(s) dict_keys(['example_task_group']) retrieved from /home/melicharovykrecek/venv/lib/python3.9/site-packages/airflow/example_dags/example_task_group.py
[2023-03-12T08:15:00.072+0000] {logging_mixin.py:137} INFO - [2023-03-12T08:15:00.072+0000] {dag.py:2690} INFO - Sync 1 DAGs
[2023-03-12T08:15:00.101+0000] {logging_mixin.py:137} INFO - [2023-03-12T08:15:00.101+0000] {dag.py:3437} INFO - Setting next_dagrun for example_task_group to 2023-03-11T08:15:00.100850+00:00, run_after=2023-03-12T08:15:00.100850+00:00
[2023-03-12T08:15:00.133+0000] {processor.py:175} INFO - Processing /home/melicharovykrecek/venv/lib/python3.9/site-packages/airflow/example_dags/example_task_group.py took 0.117 seconds
[2023-03-12T08:15:49.786+0000] {processor.py:153} INFO - Started process (PID=4543) to work on /home/melicharovykrecek/venv/lib/python3.9/site-packages/airflow/example_dags/example_task_group.py
[2023-03-12T08:15:49.788+0000] {processor.py:743} INFO - Processing file /home/melicharovykrecek/venv/lib/python3.9/site-packages/airflow/example_dags/example_task_group.py for tasks to queue
[2023-03-12T08:15:49.789+0000] {logging_mixin.py:137} INFO - [2023-03-12T08:15:49.789+0000] {dagbag.py:538} INFO - Filling up the DagBag from /home/melicharovykrecek/venv/lib/python3.9/site-packages/airflow/example_dags/example_task_group.py
[2023-03-12T08:15:49.810+0000] {processor.py:753} INFO - DAG(s) dict_keys(['example_task_group']) retrieved from /home/melicharovykrecek/venv/lib/python3.9/site-packages/airflow/example_dags/example_task_group.py
[2023-03-12T08:15:49.837+0000] {logging_mixin.py:137} INFO - [2023-03-12T08:15:49.837+0000] {dag.py:2690} INFO - Sync 1 DAGs
[2023-03-12T08:15:49.861+0000] {logging_mixin.py:137} INFO - [2023-03-12T08:15:49.860+0000] {dag.py:3437} INFO - Setting next_dagrun for example_task_group to 2023-03-11T08:15:49.860327+00:00, run_after=2023-03-12T08:15:49.860327+00:00
[2023-03-12T08:15:49.886+0000] {processor.py:175} INFO - Processing /home/melicharovykrecek/venv/lib/python3.9/site-packages/airflow/example_dags/example_task_group.py took 0.105 seconds
[2023-03-12T08:16:30.337+0000] {processor.py:153} INFO - Started process (PID=4586) to work on /home/melicharovykrecek/venv/lib/python3.9/site-packages/airflow/example_dags/example_task_group.py
[2023-03-12T08:16:30.340+0000] {processor.py:743} INFO - Processing file /home/melicharovykrecek/venv/lib/python3.9/site-packages/airflow/example_dags/example_task_group.py for tasks to queue
[2023-03-12T08:16:30.341+0000] {logging_mixin.py:137} INFO - [2023-03-12T08:16:30.340+0000] {dagbag.py:538} INFO - Filling up the DagBag from /home/melicharovykrecek/venv/lib/python3.9/site-packages/airflow/example_dags/example_task_group.py
[2023-03-12T08:16:30.363+0000] {processor.py:753} INFO - DAG(s) dict_keys(['example_task_group']) retrieved from /home/melicharovykrecek/venv/lib/python3.9/site-packages/airflow/example_dags/example_task_group.py
[2023-03-12T08:16:30.391+0000] {logging_mixin.py:137} INFO - [2023-03-12T08:16:30.391+0000] {dag.py:2690} INFO - Sync 1 DAGs
[2023-03-12T08:16:30.415+0000] {logging_mixin.py:137} INFO - [2023-03-12T08:16:30.415+0000] {dag.py:3437} INFO - Setting next_dagrun for example_task_group to 2023-03-11T08:16:30.414904+00:00, run_after=2023-03-12T08:16:30.414904+00:00
[2023-03-12T08:16:30.442+0000] {processor.py:175} INFO - Processing /home/melicharovykrecek/venv/lib/python3.9/site-packages/airflow/example_dags/example_task_group.py took 0.110 seconds
[2023-03-12T08:17:21.467+0000] {processor.py:153} INFO - Started process (PID=4646) to work on /home/melicharovykrecek/venv/lib/python3.9/site-packages/airflow/example_dags/example_task_group.py
[2023-03-12T08:17:21.469+0000] {processor.py:743} INFO - Processing file /home/melicharovykrecek/venv/lib/python3.9/site-packages/airflow/example_dags/example_task_group.py for tasks to queue
[2023-03-12T08:17:21.470+0000] {logging_mixin.py:137} INFO - [2023-03-12T08:17:21.470+0000] {dagbag.py:538} INFO - Filling up the DagBag from /home/melicharovykrecek/venv/lib/python3.9/site-packages/airflow/example_dags/example_task_group.py
[2023-03-12T08:17:21.491+0000] {processor.py:753} INFO - DAG(s) dict_keys(['example_task_group']) retrieved from /home/melicharovykrecek/venv/lib/python3.9/site-packages/airflow/example_dags/example_task_group.py
[2023-03-12T08:17:21.519+0000] {logging_mixin.py:137} INFO - [2023-03-12T08:17:21.518+0000] {dag.py:2690} INFO - Sync 1 DAGs
[2023-03-12T08:17:21.543+0000] {logging_mixin.py:137} INFO - [2023-03-12T08:17:21.543+0000] {dag.py:3437} INFO - Setting next_dagrun for example_task_group to 2023-03-11T08:17:21.542598+00:00, run_after=2023-03-12T08:17:21.542598+00:00
[2023-03-12T08:17:21.575+0000] {processor.py:175} INFO - Processing /home/melicharovykrecek/venv/lib/python3.9/site-packages/airflow/example_dags/example_task_group.py took 0.112 seconds
[2023-03-12T08:18:02.098+0000] {processor.py:153} INFO - Started process (PID=4685) to work on /home/melicharovykrecek/venv/lib/python3.9/site-packages/airflow/example_dags/example_task_group.py
[2023-03-12T08:18:02.100+0000] {processor.py:743} INFO - Processing file /home/melicharovykrecek/venv/lib/python3.9/site-packages/airflow/example_dags/example_task_group.py for tasks to queue
[2023-03-12T08:18:02.100+0000] {logging_mixin.py:137} INFO - [2023-03-12T08:18:02.100+0000] {dagbag.py:538} INFO - Filling up the DagBag from /home/melicharovykrecek/venv/lib/python3.9/site-packages/airflow/example_dags/example_task_group.py
[2023-03-12T08:18:02.120+0000] {processor.py:753} INFO - DAG(s) dict_keys(['example_task_group']) retrieved from /home/melicharovykrecek/venv/lib/python3.9/site-packages/airflow/example_dags/example_task_group.py
[2023-03-12T08:18:02.148+0000] {logging_mixin.py:137} INFO - [2023-03-12T08:18:02.147+0000] {dag.py:2690} INFO - Sync 1 DAGs
[2023-03-12T08:18:02.173+0000] {logging_mixin.py:137} INFO - [2023-03-12T08:18:02.173+0000] {dag.py:3437} INFO - Setting next_dagrun for example_task_group to 2023-03-11T08:18:02.173377+00:00, run_after=2023-03-12T08:18:02.173377+00:00
[2023-03-12T08:18:02.200+0000] {processor.py:175} INFO - Processing /home/melicharovykrecek/venv/lib/python3.9/site-packages/airflow/example_dags/example_task_group.py took 0.107 seconds
[2023-03-12T08:18:48.092+0000] {processor.py:153} INFO - Started process (PID=4730) to work on /home/melicharovykrecek/venv/lib/python3.9/site-packages/airflow/example_dags/example_task_group.py
[2023-03-12T08:18:48.094+0000] {processor.py:743} INFO - Processing file /home/melicharovykrecek/venv/lib/python3.9/site-packages/airflow/example_dags/example_task_group.py for tasks to queue
[2023-03-12T08:18:48.095+0000] {logging_mixin.py:137} INFO - [2023-03-12T08:18:48.095+0000] {dagbag.py:538} INFO - Filling up the DagBag from /home/melicharovykrecek/venv/lib/python3.9/site-packages/airflow/example_dags/example_task_group.py
[2023-03-12T08:18:48.116+0000] {processor.py:753} INFO - DAG(s) dict_keys(['example_task_group']) retrieved from /home/melicharovykrecek/venv/lib/python3.9/site-packages/airflow/example_dags/example_task_group.py
[2023-03-12T08:18:48.141+0000] {logging_mixin.py:137} INFO - [2023-03-12T08:18:48.141+0000] {dag.py:2690} INFO - Sync 1 DAGs
[2023-03-12T08:18:48.166+0000] {logging_mixin.py:137} INFO - [2023-03-12T08:18:48.166+0000] {dag.py:3437} INFO - Setting next_dagrun for example_task_group to 2023-03-11T08:18:48.166214+00:00, run_after=2023-03-12T08:18:48.166214+00:00
[2023-03-12T08:18:48.193+0000] {processor.py:175} INFO - Processing /home/melicharovykrecek/venv/lib/python3.9/site-packages/airflow/example_dags/example_task_group.py took 0.105 seconds
[2023-03-12T08:19:35.323+0000] {processor.py:153} INFO - Started process (PID=4778) to work on /home/melicharovykrecek/venv/lib/python3.9/site-packages/airflow/example_dags/example_task_group.py
[2023-03-12T08:19:35.326+0000] {processor.py:743} INFO - Processing file /home/melicharovykrecek/venv/lib/python3.9/site-packages/airflow/example_dags/example_task_group.py for tasks to queue
[2023-03-12T08:19:35.327+0000] {logging_mixin.py:137} INFO - [2023-03-12T08:19:35.327+0000] {dagbag.py:538} INFO - Filling up the DagBag from /home/melicharovykrecek/venv/lib/python3.9/site-packages/airflow/example_dags/example_task_group.py
[2023-03-12T08:19:35.348+0000] {processor.py:753} INFO - DAG(s) dict_keys(['example_task_group']) retrieved from /home/melicharovykrecek/venv/lib/python3.9/site-packages/airflow/example_dags/example_task_group.py
[2023-03-12T08:19:35.375+0000] {logging_mixin.py:137} INFO - [2023-03-12T08:19:35.375+0000] {dag.py:2690} INFO - Sync 1 DAGs
[2023-03-12T08:19:35.400+0000] {logging_mixin.py:137} INFO - [2023-03-12T08:19:35.400+0000] {dag.py:3437} INFO - Setting next_dagrun for example_task_group to 2023-03-11T08:19:35.400172+00:00, run_after=2023-03-12T08:19:35.400172+00:00
[2023-03-12T08:19:35.432+0000] {processor.py:175} INFO - Processing /home/melicharovykrecek/venv/lib/python3.9/site-packages/airflow/example_dags/example_task_group.py took 0.113 seconds
[2023-03-12T08:20:24.869+0000] {processor.py:153} INFO - Started process (PID=4832) to work on /home/melicharovykrecek/venv/lib/python3.9/site-packages/airflow/example_dags/example_task_group.py
[2023-03-12T08:20:24.871+0000] {processor.py:743} INFO - Processing file /home/melicharovykrecek/venv/lib/python3.9/site-packages/airflow/example_dags/example_task_group.py for tasks to queue
[2023-03-12T08:20:24.872+0000] {logging_mixin.py:137} INFO - [2023-03-12T08:20:24.872+0000] {dagbag.py:538} INFO - Filling up the DagBag from /home/melicharovykrecek/venv/lib/python3.9/site-packages/airflow/example_dags/example_task_group.py
[2023-03-12T08:20:24.894+0000] {processor.py:753} INFO - DAG(s) dict_keys(['example_task_group']) retrieved from /home/melicharovykrecek/venv/lib/python3.9/site-packages/airflow/example_dags/example_task_group.py
[2023-03-12T08:20:24.919+0000] {logging_mixin.py:137} INFO - [2023-03-12T08:20:24.918+0000] {dag.py:2690} INFO - Sync 1 DAGs
[2023-03-12T08:20:24.942+0000] {logging_mixin.py:137} INFO - [2023-03-12T08:20:24.942+0000] {dag.py:3437} INFO - Setting next_dagrun for example_task_group to 2023-03-11T08:20:24.942137+00:00, run_after=2023-03-12T08:20:24.942137+00:00
[2023-03-12T08:20:24.969+0000] {processor.py:175} INFO - Processing /home/melicharovykrecek/venv/lib/python3.9/site-packages/airflow/example_dags/example_task_group.py took 0.105 seconds
[2023-03-12T08:21:07.433+0000] {processor.py:153} INFO - Started process (PID=4870) to work on /home/melicharovykrecek/venv/lib/python3.9/site-packages/airflow/example_dags/example_task_group.py
[2023-03-12T08:21:07.435+0000] {processor.py:743} INFO - Processing file /home/melicharovykrecek/venv/lib/python3.9/site-packages/airflow/example_dags/example_task_group.py for tasks to queue
[2023-03-12T08:21:07.436+0000] {logging_mixin.py:137} INFO - [2023-03-12T08:21:07.436+0000] {dagbag.py:538} INFO - Filling up the DagBag from /home/melicharovykrecek/venv/lib/python3.9/site-packages/airflow/example_dags/example_task_group.py
[2023-03-12T08:21:07.456+0000] {processor.py:753} INFO - DAG(s) dict_keys(['example_task_group']) retrieved from /home/melicharovykrecek/venv/lib/python3.9/site-packages/airflow/example_dags/example_task_group.py
[2023-03-12T08:21:07.480+0000] {logging_mixin.py:137} INFO - [2023-03-12T08:21:07.480+0000] {dag.py:2690} INFO - Sync 1 DAGs
[2023-03-12T08:21:07.503+0000] {logging_mixin.py:137} INFO - [2023-03-12T08:21:07.503+0000] {dag.py:3437} INFO - Setting next_dagrun for example_task_group to 2023-03-11T08:21:07.503051+00:00, run_after=2023-03-12T08:21:07.503051+00:00
[2023-03-12T08:21:07.680+0000] {processor.py:175} INFO - Processing /home/melicharovykrecek/venv/lib/python3.9/site-packages/airflow/example_dags/example_task_group.py took 0.251 seconds
