[2023-03-12T07:30:50.866+0000] {processor.py:153} INFO - Started process (PID=1495) to work on /home/melicharovykrecek/venv/lib/python3.9/site-packages/airflow/example_dags/example_dynamic_task_mapping.py
[2023-03-12T07:30:50.867+0000] {processor.py:743} INFO - Processing file /home/melicharovykrecek/venv/lib/python3.9/site-packages/airflow/example_dags/example_dynamic_task_mapping.py for tasks to queue
[2023-03-12T07:30:50.868+0000] {logging_mixin.py:137} INFO - [2023-03-12T07:30:50.868+0000] {dagbag.py:538} INFO - Filling up the DagBag from /home/melicharovykrecek/venv/lib/python3.9/site-packages/airflow/example_dags/example_dynamic_task_mapping.py
[2023-03-12T07:30:50.896+0000] {processor.py:753} INFO - DAG(s) dict_keys(['example_dynamic_task_mapping']) retrieved from /home/melicharovykrecek/venv/lib/python3.9/site-packages/airflow/example_dags/example_dynamic_task_mapping.py
[2023-03-12T07:30:50.919+0000] {logging_mixin.py:137} INFO - [2023-03-12T07:30:50.919+0000] {dag.py:2690} INFO - Sync 1 DAGs
[2023-03-12T07:30:50.943+0000] {logging_mixin.py:137} INFO - [2023-03-12T07:30:50.943+0000] {dag.py:3437} INFO - Setting next_dagrun for example_dynamic_task_mapping to 2022-03-04T00:00:00+00:00, run_after=2022-03-05T00:00:00+00:00
[2023-03-12T07:30:50.968+0000] {processor.py:175} INFO - Processing /home/melicharovykrecek/venv/lib/python3.9/site-packages/airflow/example_dags/example_dynamic_task_mapping.py took 0.106 seconds
[2023-03-12T07:31:31.524+0000] {processor.py:153} INFO - Started process (PID=1554) to work on /home/melicharovykrecek/venv/lib/python3.9/site-packages/airflow/example_dags/example_dynamic_task_mapping.py
[2023-03-12T07:31:31.526+0000] {processor.py:743} INFO - Processing file /home/melicharovykrecek/venv/lib/python3.9/site-packages/airflow/example_dags/example_dynamic_task_mapping.py for tasks to queue
[2023-03-12T07:31:31.527+0000] {logging_mixin.py:137} INFO - [2023-03-12T07:31:31.527+0000] {dagbag.py:538} INFO - Filling up the DagBag from /home/melicharovykrecek/venv/lib/python3.9/site-packages/airflow/example_dags/example_dynamic_task_mapping.py
[2023-03-12T07:31:31.555+0000] {processor.py:753} INFO - DAG(s) dict_keys(['example_dynamic_task_mapping']) retrieved from /home/melicharovykrecek/venv/lib/python3.9/site-packages/airflow/example_dags/example_dynamic_task_mapping.py
[2023-03-12T07:31:31.579+0000] {logging_mixin.py:137} INFO - [2023-03-12T07:31:31.578+0000] {dag.py:2690} INFO - Sync 1 DAGs
[2023-03-12T07:31:31.603+0000] {logging_mixin.py:137} INFO - [2023-03-12T07:31:31.603+0000] {dag.py:3437} INFO - Setting next_dagrun for example_dynamic_task_mapping to 2022-03-04T00:00:00+00:00, run_after=2022-03-05T00:00:00+00:00
[2023-03-12T07:31:31.629+0000] {processor.py:175} INFO - Processing /home/melicharovykrecek/venv/lib/python3.9/site-packages/airflow/example_dags/example_dynamic_task_mapping.py took 0.109 seconds
[2023-03-12T07:32:18.116+0000] {processor.py:153} INFO - Started process (PID=1604) to work on /home/melicharovykrecek/venv/lib/python3.9/site-packages/airflow/example_dags/example_dynamic_task_mapping.py
[2023-03-12T07:32:18.118+0000] {processor.py:743} INFO - Processing file /home/melicharovykrecek/venv/lib/python3.9/site-packages/airflow/example_dags/example_dynamic_task_mapping.py for tasks to queue
[2023-03-12T07:32:18.119+0000] {logging_mixin.py:137} INFO - [2023-03-12T07:32:18.119+0000] {dagbag.py:538} INFO - Filling up the DagBag from /home/melicharovykrecek/venv/lib/python3.9/site-packages/airflow/example_dags/example_dynamic_task_mapping.py
[2023-03-12T07:32:18.147+0000] {processor.py:753} INFO - DAG(s) dict_keys(['example_dynamic_task_mapping']) retrieved from /home/melicharovykrecek/venv/lib/python3.9/site-packages/airflow/example_dags/example_dynamic_task_mapping.py
[2023-03-12T07:32:18.171+0000] {logging_mixin.py:137} INFO - [2023-03-12T07:32:18.171+0000] {dag.py:2690} INFO - Sync 1 DAGs
[2023-03-12T07:32:18.194+0000] {logging_mixin.py:137} INFO - [2023-03-12T07:32:18.193+0000] {dag.py:3437} INFO - Setting next_dagrun for example_dynamic_task_mapping to 2022-03-04T00:00:00+00:00, run_after=2022-03-05T00:00:00+00:00
[2023-03-12T07:32:18.219+0000] {processor.py:175} INFO - Processing /home/melicharovykrecek/venv/lib/python3.9/site-packages/airflow/example_dags/example_dynamic_task_mapping.py took 0.107 seconds
[2023-03-12T07:33:07.916+0000] {processor.py:153} INFO - Started process (PID=1654) to work on /home/melicharovykrecek/venv/lib/python3.9/site-packages/airflow/example_dags/example_dynamic_task_mapping.py
[2023-03-12T07:33:07.918+0000] {processor.py:743} INFO - Processing file /home/melicharovykrecek/venv/lib/python3.9/site-packages/airflow/example_dags/example_dynamic_task_mapping.py for tasks to queue
[2023-03-12T07:33:07.919+0000] {logging_mixin.py:137} INFO - [2023-03-12T07:33:07.919+0000] {dagbag.py:538} INFO - Filling up the DagBag from /home/melicharovykrecek/venv/lib/python3.9/site-packages/airflow/example_dags/example_dynamic_task_mapping.py
[2023-03-12T07:33:07.946+0000] {processor.py:753} INFO - DAG(s) dict_keys(['example_dynamic_task_mapping']) retrieved from /home/melicharovykrecek/venv/lib/python3.9/site-packages/airflow/example_dags/example_dynamic_task_mapping.py
[2023-03-12T07:33:07.971+0000] {logging_mixin.py:137} INFO - [2023-03-12T07:33:07.971+0000] {dag.py:2690} INFO - Sync 1 DAGs
[2023-03-12T07:33:07.995+0000] {logging_mixin.py:137} INFO - [2023-03-12T07:33:07.995+0000] {dag.py:3437} INFO - Setting next_dagrun for example_dynamic_task_mapping to 2022-03-04T00:00:00+00:00, run_after=2022-03-05T00:00:00+00:00
[2023-03-12T07:33:08.022+0000] {processor.py:175} INFO - Processing /home/melicharovykrecek/venv/lib/python3.9/site-packages/airflow/example_dags/example_dynamic_task_mapping.py took 0.111 seconds
[2023-03-12T07:33:48.658+0000] {processor.py:153} INFO - Started process (PID=1698) to work on /home/melicharovykrecek/venv/lib/python3.9/site-packages/airflow/example_dags/example_dynamic_task_mapping.py
[2023-03-12T07:33:48.661+0000] {processor.py:743} INFO - Processing file /home/melicharovykrecek/venv/lib/python3.9/site-packages/airflow/example_dags/example_dynamic_task_mapping.py for tasks to queue
[2023-03-12T07:33:48.661+0000] {logging_mixin.py:137} INFO - [2023-03-12T07:33:48.661+0000] {dagbag.py:538} INFO - Filling up the DagBag from /home/melicharovykrecek/venv/lib/python3.9/site-packages/airflow/example_dags/example_dynamic_task_mapping.py
[2023-03-12T07:33:48.689+0000] {processor.py:753} INFO - DAG(s) dict_keys(['example_dynamic_task_mapping']) retrieved from /home/melicharovykrecek/venv/lib/python3.9/site-packages/airflow/example_dags/example_dynamic_task_mapping.py
[2023-03-12T07:33:48.712+0000] {logging_mixin.py:137} INFO - [2023-03-12T07:33:48.711+0000] {dag.py:2690} INFO - Sync 1 DAGs
[2023-03-12T07:33:48.734+0000] {logging_mixin.py:137} INFO - [2023-03-12T07:33:48.734+0000] {dag.py:3437} INFO - Setting next_dagrun for example_dynamic_task_mapping to 2022-03-04T00:00:00+00:00, run_after=2022-03-05T00:00:00+00:00
[2023-03-12T07:33:48.760+0000] {processor.py:175} INFO - Processing /home/melicharovykrecek/venv/lib/python3.9/site-packages/airflow/example_dags/example_dynamic_task_mapping.py took 0.106 seconds
[2023-03-12T07:34:39.829+0000] {processor.py:153} INFO - Started process (PID=1758) to work on /home/melicharovykrecek/venv/lib/python3.9/site-packages/airflow/example_dags/example_dynamic_task_mapping.py
[2023-03-12T07:34:39.830+0000] {processor.py:743} INFO - Processing file /home/melicharovykrecek/venv/lib/python3.9/site-packages/airflow/example_dags/example_dynamic_task_mapping.py for tasks to queue
[2023-03-12T07:34:39.831+0000] {logging_mixin.py:137} INFO - [2023-03-12T07:34:39.831+0000] {dagbag.py:538} INFO - Filling up the DagBag from /home/melicharovykrecek/venv/lib/python3.9/site-packages/airflow/example_dags/example_dynamic_task_mapping.py
[2023-03-12T07:34:39.859+0000] {processor.py:753} INFO - DAG(s) dict_keys(['example_dynamic_task_mapping']) retrieved from /home/melicharovykrecek/venv/lib/python3.9/site-packages/airflow/example_dags/example_dynamic_task_mapping.py
[2023-03-12T07:34:39.882+0000] {logging_mixin.py:137} INFO - [2023-03-12T07:34:39.882+0000] {dag.py:2690} INFO - Sync 1 DAGs
[2023-03-12T07:34:39.906+0000] {logging_mixin.py:137} INFO - [2023-03-12T07:34:39.906+0000] {dag.py:3437} INFO - Setting next_dagrun for example_dynamic_task_mapping to 2022-03-04T00:00:00+00:00, run_after=2022-03-05T00:00:00+00:00
[2023-03-12T07:34:39.931+0000] {processor.py:175} INFO - Processing /home/melicharovykrecek/venv/lib/python3.9/site-packages/airflow/example_dags/example_dynamic_task_mapping.py took 0.106 seconds
[2023-03-12T07:35:27.964+0000] {processor.py:153} INFO - Started process (PID=1830) to work on /home/melicharovykrecek/venv/lib/python3.9/site-packages/airflow/example_dags/example_dynamic_task_mapping.py
[2023-03-12T07:35:27.966+0000] {processor.py:743} INFO - Processing file /home/melicharovykrecek/venv/lib/python3.9/site-packages/airflow/example_dags/example_dynamic_task_mapping.py for tasks to queue
[2023-03-12T07:35:27.967+0000] {logging_mixin.py:137} INFO - [2023-03-12T07:35:27.967+0000] {dagbag.py:538} INFO - Filling up the DagBag from /home/melicharovykrecek/venv/lib/python3.9/site-packages/airflow/example_dags/example_dynamic_task_mapping.py
[2023-03-12T07:35:27.995+0000] {processor.py:753} INFO - DAG(s) dict_keys(['example_dynamic_task_mapping']) retrieved from /home/melicharovykrecek/venv/lib/python3.9/site-packages/airflow/example_dags/example_dynamic_task_mapping.py
[2023-03-12T07:35:28.017+0000] {logging_mixin.py:137} INFO - [2023-03-12T07:35:28.017+0000] {dag.py:2690} INFO - Sync 1 DAGs
[2023-03-12T07:35:28.040+0000] {logging_mixin.py:137} INFO - [2023-03-12T07:35:28.040+0000] {dag.py:3437} INFO - Setting next_dagrun for example_dynamic_task_mapping to 2022-03-04T00:00:00+00:00, run_after=2022-03-05T00:00:00+00:00
[2023-03-12T07:35:28.064+0000] {processor.py:175} INFO - Processing /home/melicharovykrecek/venv/lib/python3.9/site-packages/airflow/example_dags/example_dynamic_task_mapping.py took 0.104 seconds
[2023-03-12T07:36:17.983+0000] {processor.py:153} INFO - Started process (PID=1903) to work on /home/melicharovykrecek/venv/lib/python3.9/site-packages/airflow/example_dags/example_dynamic_task_mapping.py
[2023-03-12T07:36:17.985+0000] {processor.py:743} INFO - Processing file /home/melicharovykrecek/venv/lib/python3.9/site-packages/airflow/example_dags/example_dynamic_task_mapping.py for tasks to queue
[2023-03-12T07:36:17.986+0000] {logging_mixin.py:137} INFO - [2023-03-12T07:36:17.986+0000] {dagbag.py:538} INFO - Filling up the DagBag from /home/melicharovykrecek/venv/lib/python3.9/site-packages/airflow/example_dags/example_dynamic_task_mapping.py
[2023-03-12T07:36:18.015+0000] {processor.py:753} INFO - DAG(s) dict_keys(['example_dynamic_task_mapping']) retrieved from /home/melicharovykrecek/venv/lib/python3.9/site-packages/airflow/example_dags/example_dynamic_task_mapping.py
[2023-03-12T07:36:18.040+0000] {logging_mixin.py:137} INFO - [2023-03-12T07:36:18.040+0000] {dag.py:2690} INFO - Sync 1 DAGs
[2023-03-12T07:36:18.064+0000] {logging_mixin.py:137} INFO - [2023-03-12T07:36:18.063+0000] {dag.py:3437} INFO - Setting next_dagrun for example_dynamic_task_mapping to 2022-03-04T00:00:00+00:00, run_after=2022-03-05T00:00:00+00:00
[2023-03-12T07:36:18.090+0000] {processor.py:175} INFO - Processing /home/melicharovykrecek/venv/lib/python3.9/site-packages/airflow/example_dags/example_dynamic_task_mapping.py took 0.111 seconds
[2023-03-12T07:37:06.224+0000] {processor.py:153} INFO - Started process (PID=1950) to work on /home/melicharovykrecek/venv/lib/python3.9/site-packages/airflow/example_dags/example_dynamic_task_mapping.py
[2023-03-12T07:37:06.226+0000] {processor.py:743} INFO - Processing file /home/melicharovykrecek/venv/lib/python3.9/site-packages/airflow/example_dags/example_dynamic_task_mapping.py for tasks to queue
[2023-03-12T07:37:06.227+0000] {logging_mixin.py:137} INFO - [2023-03-12T07:37:06.227+0000] {dagbag.py:538} INFO - Filling up the DagBag from /home/melicharovykrecek/venv/lib/python3.9/site-packages/airflow/example_dags/example_dynamic_task_mapping.py
[2023-03-12T07:37:06.256+0000] {processor.py:753} INFO - DAG(s) dict_keys(['example_dynamic_task_mapping']) retrieved from /home/melicharovykrecek/venv/lib/python3.9/site-packages/airflow/example_dags/example_dynamic_task_mapping.py
[2023-03-12T07:37:06.279+0000] {logging_mixin.py:137} INFO - [2023-03-12T07:37:06.279+0000] {dag.py:2690} INFO - Sync 1 DAGs
[2023-03-12T07:37:06.302+0000] {logging_mixin.py:137} INFO - [2023-03-12T07:37:06.302+0000] {dag.py:3437} INFO - Setting next_dagrun for example_dynamic_task_mapping to 2022-03-04T00:00:00+00:00, run_after=2022-03-05T00:00:00+00:00
[2023-03-12T07:37:06.327+0000] {processor.py:175} INFO - Processing /home/melicharovykrecek/venv/lib/python3.9/site-packages/airflow/example_dags/example_dynamic_task_mapping.py took 0.107 seconds
[2023-03-12T07:37:51.766+0000] {processor.py:153} INFO - Started process (PID=1999) to work on /home/melicharovykrecek/venv/lib/python3.9/site-packages/airflow/example_dags/example_dynamic_task_mapping.py
[2023-03-12T07:37:51.770+0000] {processor.py:743} INFO - Processing file /home/melicharovykrecek/venv/lib/python3.9/site-packages/airflow/example_dags/example_dynamic_task_mapping.py for tasks to queue
[2023-03-12T07:37:51.771+0000] {logging_mixin.py:137} INFO - [2023-03-12T07:37:51.770+0000] {dagbag.py:538} INFO - Filling up the DagBag from /home/melicharovykrecek/venv/lib/python3.9/site-packages/airflow/example_dags/example_dynamic_task_mapping.py
[2023-03-12T07:37:51.799+0000] {processor.py:753} INFO - DAG(s) dict_keys(['example_dynamic_task_mapping']) retrieved from /home/melicharovykrecek/venv/lib/python3.9/site-packages/airflow/example_dags/example_dynamic_task_mapping.py
[2023-03-12T07:37:51.823+0000] {logging_mixin.py:137} INFO - [2023-03-12T07:37:51.823+0000] {dag.py:2690} INFO - Sync 1 DAGs
[2023-03-12T07:37:51.847+0000] {logging_mixin.py:137} INFO - [2023-03-12T07:37:51.847+0000] {dag.py:3437} INFO - Setting next_dagrun for example_dynamic_task_mapping to 2022-03-04T00:00:00+00:00, run_after=2022-03-05T00:00:00+00:00
[2023-03-12T07:37:51.874+0000] {processor.py:175} INFO - Processing /home/melicharovykrecek/venv/lib/python3.9/site-packages/airflow/example_dags/example_dynamic_task_mapping.py took 0.113 seconds
[2023-03-12T07:38:42.147+0000] {processor.py:153} INFO - Started process (PID=2047) to work on /home/melicharovykrecek/venv/lib/python3.9/site-packages/airflow/example_dags/example_dynamic_task_mapping.py
[2023-03-12T07:38:42.150+0000] {processor.py:743} INFO - Processing file /home/melicharovykrecek/venv/lib/python3.9/site-packages/airflow/example_dags/example_dynamic_task_mapping.py for tasks to queue
[2023-03-12T07:38:42.151+0000] {logging_mixin.py:137} INFO - [2023-03-12T07:38:42.150+0000] {dagbag.py:538} INFO - Filling up the DagBag from /home/melicharovykrecek/venv/lib/python3.9/site-packages/airflow/example_dags/example_dynamic_task_mapping.py
[2023-03-12T07:38:42.180+0000] {processor.py:753} INFO - DAG(s) dict_keys(['example_dynamic_task_mapping']) retrieved from /home/melicharovykrecek/venv/lib/python3.9/site-packages/airflow/example_dags/example_dynamic_task_mapping.py
[2023-03-12T07:38:42.206+0000] {logging_mixin.py:137} INFO - [2023-03-12T07:38:42.206+0000] {dag.py:2690} INFO - Sync 1 DAGs
[2023-03-12T07:38:42.232+0000] {logging_mixin.py:137} INFO - [2023-03-12T07:38:42.232+0000] {dag.py:3437} INFO - Setting next_dagrun for example_dynamic_task_mapping to 2022-03-04T00:00:00+00:00, run_after=2022-03-05T00:00:00+00:00
[2023-03-12T07:38:42.259+0000] {processor.py:175} INFO - Processing /home/melicharovykrecek/venv/lib/python3.9/site-packages/airflow/example_dags/example_dynamic_task_mapping.py took 0.116 seconds
[2023-03-12T07:39:32.179+0000] {processor.py:153} INFO - Started process (PID=2106) to work on /home/melicharovykrecek/venv/lib/python3.9/site-packages/airflow/example_dags/example_dynamic_task_mapping.py
[2023-03-12T07:39:32.181+0000] {processor.py:743} INFO - Processing file /home/melicharovykrecek/venv/lib/python3.9/site-packages/airflow/example_dags/example_dynamic_task_mapping.py for tasks to queue
[2023-03-12T07:39:32.182+0000] {logging_mixin.py:137} INFO - [2023-03-12T07:39:32.182+0000] {dagbag.py:538} INFO - Filling up the DagBag from /home/melicharovykrecek/venv/lib/python3.9/site-packages/airflow/example_dags/example_dynamic_task_mapping.py
[2023-03-12T07:39:32.212+0000] {processor.py:753} INFO - DAG(s) dict_keys(['example_dynamic_task_mapping']) retrieved from /home/melicharovykrecek/venv/lib/python3.9/site-packages/airflow/example_dags/example_dynamic_task_mapping.py
[2023-03-12T07:39:32.238+0000] {logging_mixin.py:137} INFO - [2023-03-12T07:39:32.238+0000] {dag.py:2690} INFO - Sync 1 DAGs
[2023-03-12T07:39:32.268+0000] {logging_mixin.py:137} INFO - [2023-03-12T07:39:32.267+0000] {dag.py:3437} INFO - Setting next_dagrun for example_dynamic_task_mapping to 2022-03-04T00:00:00+00:00, run_after=2022-03-05T00:00:00+00:00
[2023-03-12T07:39:32.296+0000] {processor.py:175} INFO - Processing /home/melicharovykrecek/venv/lib/python3.9/site-packages/airflow/example_dags/example_dynamic_task_mapping.py took 0.121 seconds
[2023-03-12T07:40:16.198+0000] {processor.py:153} INFO - Started process (PID=2176) to work on /home/melicharovykrecek/venv/lib/python3.9/site-packages/airflow/example_dags/example_dynamic_task_mapping.py
[2023-03-12T07:40:16.201+0000] {processor.py:743} INFO - Processing file /home/melicharovykrecek/venv/lib/python3.9/site-packages/airflow/example_dags/example_dynamic_task_mapping.py for tasks to queue
[2023-03-12T07:40:16.202+0000] {logging_mixin.py:137} INFO - [2023-03-12T07:40:16.202+0000] {dagbag.py:538} INFO - Filling up the DagBag from /home/melicharovykrecek/venv/lib/python3.9/site-packages/airflow/example_dags/example_dynamic_task_mapping.py
[2023-03-12T07:40:16.232+0000] {processor.py:753} INFO - DAG(s) dict_keys(['example_dynamic_task_mapping']) retrieved from /home/melicharovykrecek/venv/lib/python3.9/site-packages/airflow/example_dags/example_dynamic_task_mapping.py
[2023-03-12T07:40:16.257+0000] {logging_mixin.py:137} INFO - [2023-03-12T07:40:16.256+0000] {dag.py:2690} INFO - Sync 1 DAGs
[2023-03-12T07:40:16.282+0000] {logging_mixin.py:137} INFO - [2023-03-12T07:40:16.282+0000] {dag.py:3437} INFO - Setting next_dagrun for example_dynamic_task_mapping to 2022-03-04T00:00:00+00:00, run_after=2022-03-05T00:00:00+00:00
[2023-03-12T07:40:16.318+0000] {processor.py:175} INFO - Processing /home/melicharovykrecek/venv/lib/python3.9/site-packages/airflow/example_dags/example_dynamic_task_mapping.py took 0.126 seconds
[2023-03-12T07:41:05.347+0000] {processor.py:153} INFO - Started process (PID=2251) to work on /home/melicharovykrecek/venv/lib/python3.9/site-packages/airflow/example_dags/example_dynamic_task_mapping.py
[2023-03-12T07:41:05.349+0000] {processor.py:743} INFO - Processing file /home/melicharovykrecek/venv/lib/python3.9/site-packages/airflow/example_dags/example_dynamic_task_mapping.py for tasks to queue
[2023-03-12T07:41:05.350+0000] {logging_mixin.py:137} INFO - [2023-03-12T07:41:05.350+0000] {dagbag.py:538} INFO - Filling up the DagBag from /home/melicharovykrecek/venv/lib/python3.9/site-packages/airflow/example_dags/example_dynamic_task_mapping.py
[2023-03-12T07:41:05.382+0000] {processor.py:753} INFO - DAG(s) dict_keys(['example_dynamic_task_mapping']) retrieved from /home/melicharovykrecek/venv/lib/python3.9/site-packages/airflow/example_dags/example_dynamic_task_mapping.py
[2023-03-12T07:41:05.407+0000] {logging_mixin.py:137} INFO - [2023-03-12T07:41:05.407+0000] {dag.py:2690} INFO - Sync 1 DAGs
[2023-03-12T07:41:05.433+0000] {logging_mixin.py:137} INFO - [2023-03-12T07:41:05.432+0000] {dag.py:3437} INFO - Setting next_dagrun for example_dynamic_task_mapping to 2022-03-04T00:00:00+00:00, run_after=2022-03-05T00:00:00+00:00
[2023-03-12T07:41:05.464+0000] {processor.py:175} INFO - Processing /home/melicharovykrecek/venv/lib/python3.9/site-packages/airflow/example_dags/example_dynamic_task_mapping.py took 0.122 seconds
[2023-03-12T07:41:51.595+0000] {processor.py:153} INFO - Started process (PID=2296) to work on /home/melicharovykrecek/venv/lib/python3.9/site-packages/airflow/example_dags/example_dynamic_task_mapping.py
[2023-03-12T07:41:51.598+0000] {processor.py:743} INFO - Processing file /home/melicharovykrecek/venv/lib/python3.9/site-packages/airflow/example_dags/example_dynamic_task_mapping.py for tasks to queue
[2023-03-12T07:41:51.599+0000] {logging_mixin.py:137} INFO - [2023-03-12T07:41:51.599+0000] {dagbag.py:538} INFO - Filling up the DagBag from /home/melicharovykrecek/venv/lib/python3.9/site-packages/airflow/example_dags/example_dynamic_task_mapping.py
[2023-03-12T07:41:51.631+0000] {processor.py:753} INFO - DAG(s) dict_keys(['example_dynamic_task_mapping']) retrieved from /home/melicharovykrecek/venv/lib/python3.9/site-packages/airflow/example_dags/example_dynamic_task_mapping.py
[2023-03-12T07:41:51.659+0000] {logging_mixin.py:137} INFO - [2023-03-12T07:41:51.658+0000] {dag.py:2690} INFO - Sync 1 DAGs
[2023-03-12T07:41:51.686+0000] {logging_mixin.py:137} INFO - [2023-03-12T07:41:51.686+0000] {dag.py:3437} INFO - Setting next_dagrun for example_dynamic_task_mapping to 2022-03-04T00:00:00+00:00, run_after=2022-03-05T00:00:00+00:00
[2023-03-12T07:41:51.713+0000] {processor.py:175} INFO - Processing /home/melicharovykrecek/venv/lib/python3.9/site-packages/airflow/example_dags/example_dynamic_task_mapping.py took 0.123 seconds
[2023-03-12T07:42:36.968+0000] {processor.py:153} INFO - Started process (PID=2341) to work on /home/melicharovykrecek/venv/lib/python3.9/site-packages/airflow/example_dags/example_dynamic_task_mapping.py
[2023-03-12T07:42:36.970+0000] {processor.py:743} INFO - Processing file /home/melicharovykrecek/venv/lib/python3.9/site-packages/airflow/example_dags/example_dynamic_task_mapping.py for tasks to queue
[2023-03-12T07:42:36.971+0000] {logging_mixin.py:137} INFO - [2023-03-12T07:42:36.971+0000] {dagbag.py:538} INFO - Filling up the DagBag from /home/melicharovykrecek/venv/lib/python3.9/site-packages/airflow/example_dags/example_dynamic_task_mapping.py
[2023-03-12T07:42:37.002+0000] {processor.py:753} INFO - DAG(s) dict_keys(['example_dynamic_task_mapping']) retrieved from /home/melicharovykrecek/venv/lib/python3.9/site-packages/airflow/example_dags/example_dynamic_task_mapping.py
[2023-03-12T07:42:37.028+0000] {logging_mixin.py:137} INFO - [2023-03-12T07:42:37.028+0000] {dag.py:2690} INFO - Sync 1 DAGs
[2023-03-12T07:42:37.054+0000] {logging_mixin.py:137} INFO - [2023-03-12T07:42:37.053+0000] {dag.py:3437} INFO - Setting next_dagrun for example_dynamic_task_mapping to 2022-03-04T00:00:00+00:00, run_after=2022-03-05T00:00:00+00:00
[2023-03-12T07:42:37.083+0000] {processor.py:175} INFO - Processing /home/melicharovykrecek/venv/lib/python3.9/site-packages/airflow/example_dags/example_dynamic_task_mapping.py took 0.119 seconds
[2023-03-12T07:43:25.003+0000] {processor.py:153} INFO - Started process (PID=2395) to work on /home/melicharovykrecek/venv/lib/python3.9/site-packages/airflow/example_dags/example_dynamic_task_mapping.py
[2023-03-12T07:43:25.006+0000] {processor.py:743} INFO - Processing file /home/melicharovykrecek/venv/lib/python3.9/site-packages/airflow/example_dags/example_dynamic_task_mapping.py for tasks to queue
[2023-03-12T07:43:25.006+0000] {logging_mixin.py:137} INFO - [2023-03-12T07:43:25.006+0000] {dagbag.py:538} INFO - Filling up the DagBag from /home/melicharovykrecek/venv/lib/python3.9/site-packages/airflow/example_dags/example_dynamic_task_mapping.py
[2023-03-12T07:43:25.036+0000] {processor.py:753} INFO - DAG(s) dict_keys(['example_dynamic_task_mapping']) retrieved from /home/melicharovykrecek/venv/lib/python3.9/site-packages/airflow/example_dags/example_dynamic_task_mapping.py
[2023-03-12T07:43:25.063+0000] {logging_mixin.py:137} INFO - [2023-03-12T07:43:25.063+0000] {dag.py:2690} INFO - Sync 1 DAGs
[2023-03-12T07:43:25.089+0000] {logging_mixin.py:137} INFO - [2023-03-12T07:43:25.089+0000] {dag.py:3437} INFO - Setting next_dagrun for example_dynamic_task_mapping to 2022-03-04T00:00:00+00:00, run_after=2022-03-05T00:00:00+00:00
[2023-03-12T07:43:25.119+0000] {processor.py:175} INFO - Processing /home/melicharovykrecek/venv/lib/python3.9/site-packages/airflow/example_dags/example_dynamic_task_mapping.py took 0.121 seconds
[2023-03-12T07:44:15.525+0000] {processor.py:153} INFO - Started process (PID=2458) to work on /home/melicharovykrecek/venv/lib/python3.9/site-packages/airflow/example_dags/example_dynamic_task_mapping.py
[2023-03-12T07:44:15.527+0000] {processor.py:743} INFO - Processing file /home/melicharovykrecek/venv/lib/python3.9/site-packages/airflow/example_dags/example_dynamic_task_mapping.py for tasks to queue
[2023-03-12T07:44:15.529+0000] {logging_mixin.py:137} INFO - [2023-03-12T07:44:15.529+0000] {dagbag.py:538} INFO - Filling up the DagBag from /home/melicharovykrecek/venv/lib/python3.9/site-packages/airflow/example_dags/example_dynamic_task_mapping.py
[2023-03-12T07:44:15.560+0000] {processor.py:753} INFO - DAG(s) dict_keys(['example_dynamic_task_mapping']) retrieved from /home/melicharovykrecek/venv/lib/python3.9/site-packages/airflow/example_dags/example_dynamic_task_mapping.py
[2023-03-12T07:44:15.588+0000] {logging_mixin.py:137} INFO - [2023-03-12T07:44:15.588+0000] {dag.py:2690} INFO - Sync 1 DAGs
[2023-03-12T07:44:15.613+0000] {logging_mixin.py:137} INFO - [2023-03-12T07:44:15.613+0000] {dag.py:3437} INFO - Setting next_dagrun for example_dynamic_task_mapping to 2022-03-04T00:00:00+00:00, run_after=2022-03-05T00:00:00+00:00
[2023-03-12T07:44:15.641+0000] {processor.py:175} INFO - Processing /home/melicharovykrecek/venv/lib/python3.9/site-packages/airflow/example_dags/example_dynamic_task_mapping.py took 0.121 seconds
[2023-03-12T07:45:04.862+0000] {processor.py:153} INFO - Started process (PID=2509) to work on /home/melicharovykrecek/venv/lib/python3.9/site-packages/airflow/example_dags/example_dynamic_task_mapping.py
[2023-03-12T07:45:04.864+0000] {processor.py:743} INFO - Processing file /home/melicharovykrecek/venv/lib/python3.9/site-packages/airflow/example_dags/example_dynamic_task_mapping.py for tasks to queue
[2023-03-12T07:45:04.865+0000] {logging_mixin.py:137} INFO - [2023-03-12T07:45:04.865+0000] {dagbag.py:538} INFO - Filling up the DagBag from /home/melicharovykrecek/venv/lib/python3.9/site-packages/airflow/example_dags/example_dynamic_task_mapping.py
[2023-03-12T07:45:04.895+0000] {processor.py:753} INFO - DAG(s) dict_keys(['example_dynamic_task_mapping']) retrieved from /home/melicharovykrecek/venv/lib/python3.9/site-packages/airflow/example_dags/example_dynamic_task_mapping.py
[2023-03-12T07:45:04.921+0000] {logging_mixin.py:137} INFO - [2023-03-12T07:45:04.921+0000] {dag.py:2690} INFO - Sync 1 DAGs
[2023-03-12T07:45:04.945+0000] {logging_mixin.py:137} INFO - [2023-03-12T07:45:04.945+0000] {dag.py:3437} INFO - Setting next_dagrun for example_dynamic_task_mapping to 2022-03-04T00:00:00+00:00, run_after=2022-03-05T00:00:00+00:00
[2023-03-12T07:45:04.974+0000] {processor.py:175} INFO - Processing /home/melicharovykrecek/venv/lib/python3.9/site-packages/airflow/example_dags/example_dynamic_task_mapping.py took 0.117 seconds
[2023-03-12T07:45:48.563+0000] {processor.py:153} INFO - Started process (PID=2617) to work on /home/melicharovykrecek/venv/lib/python3.9/site-packages/airflow/example_dags/example_dynamic_task_mapping.py
[2023-03-12T07:45:48.565+0000] {processor.py:743} INFO - Processing file /home/melicharovykrecek/venv/lib/python3.9/site-packages/airflow/example_dags/example_dynamic_task_mapping.py for tasks to queue
[2023-03-12T07:45:48.566+0000] {logging_mixin.py:137} INFO - [2023-03-12T07:45:48.566+0000] {dagbag.py:538} INFO - Filling up the DagBag from /home/melicharovykrecek/venv/lib/python3.9/site-packages/airflow/example_dags/example_dynamic_task_mapping.py
[2023-03-12T07:45:48.595+0000] {processor.py:753} INFO - DAG(s) dict_keys(['example_dynamic_task_mapping']) retrieved from /home/melicharovykrecek/venv/lib/python3.9/site-packages/airflow/example_dags/example_dynamic_task_mapping.py
[2023-03-12T07:45:48.620+0000] {logging_mixin.py:137} INFO - [2023-03-12T07:45:48.620+0000] {dag.py:2690} INFO - Sync 1 DAGs
[2023-03-12T07:45:48.647+0000] {logging_mixin.py:137} INFO - [2023-03-12T07:45:48.646+0000] {dag.py:3437} INFO - Setting next_dagrun for example_dynamic_task_mapping to 2022-03-04T00:00:00+00:00, run_after=2022-03-05T00:00:00+00:00
[2023-03-12T07:45:48.673+0000] {processor.py:175} INFO - Processing /home/melicharovykrecek/venv/lib/python3.9/site-packages/airflow/example_dags/example_dynamic_task_mapping.py took 0.114 seconds
[2023-03-12T07:46:39.051+0000] {processor.py:153} INFO - Started process (PID=2677) to work on /home/melicharovykrecek/venv/lib/python3.9/site-packages/airflow/example_dags/example_dynamic_task_mapping.py
[2023-03-12T07:46:39.053+0000] {processor.py:743} INFO - Processing file /home/melicharovykrecek/venv/lib/python3.9/site-packages/airflow/example_dags/example_dynamic_task_mapping.py for tasks to queue
[2023-03-12T07:46:39.054+0000] {logging_mixin.py:137} INFO - [2023-03-12T07:46:39.054+0000] {dagbag.py:538} INFO - Filling up the DagBag from /home/melicharovykrecek/venv/lib/python3.9/site-packages/airflow/example_dags/example_dynamic_task_mapping.py
[2023-03-12T07:46:39.083+0000] {processor.py:753} INFO - DAG(s) dict_keys(['example_dynamic_task_mapping']) retrieved from /home/melicharovykrecek/venv/lib/python3.9/site-packages/airflow/example_dags/example_dynamic_task_mapping.py
[2023-03-12T07:46:39.108+0000] {logging_mixin.py:137} INFO - [2023-03-12T07:46:39.108+0000] {dag.py:2690} INFO - Sync 1 DAGs
[2023-03-12T07:46:39.131+0000] {logging_mixin.py:137} INFO - [2023-03-12T07:46:39.131+0000] {dag.py:3437} INFO - Setting next_dagrun for example_dynamic_task_mapping to 2022-03-04T00:00:00+00:00, run_after=2022-03-05T00:00:00+00:00
[2023-03-12T07:46:39.156+0000] {processor.py:175} INFO - Processing /home/melicharovykrecek/venv/lib/python3.9/site-packages/airflow/example_dags/example_dynamic_task_mapping.py took 0.109 seconds
[2023-03-12T07:47:25.652+0000] {processor.py:153} INFO - Started process (PID=2722) to work on /home/melicharovykrecek/venv/lib/python3.9/site-packages/airflow/example_dags/example_dynamic_task_mapping.py
[2023-03-12T07:47:25.654+0000] {processor.py:743} INFO - Processing file /home/melicharovykrecek/venv/lib/python3.9/site-packages/airflow/example_dags/example_dynamic_task_mapping.py for tasks to queue
[2023-03-12T07:47:25.655+0000] {logging_mixin.py:137} INFO - [2023-03-12T07:47:25.655+0000] {dagbag.py:538} INFO - Filling up the DagBag from /home/melicharovykrecek/venv/lib/python3.9/site-packages/airflow/example_dags/example_dynamic_task_mapping.py
[2023-03-12T07:47:25.687+0000] {processor.py:753} INFO - DAG(s) dict_keys(['example_dynamic_task_mapping']) retrieved from /home/melicharovykrecek/venv/lib/python3.9/site-packages/airflow/example_dags/example_dynamic_task_mapping.py
[2023-03-12T07:47:25.715+0000] {logging_mixin.py:137} INFO - [2023-03-12T07:47:25.714+0000] {dag.py:2690} INFO - Sync 1 DAGs
[2023-03-12T07:47:25.739+0000] {logging_mixin.py:137} INFO - [2023-03-12T07:47:25.739+0000] {dag.py:3437} INFO - Setting next_dagrun for example_dynamic_task_mapping to 2022-03-04T00:00:00+00:00, run_after=2022-03-05T00:00:00+00:00
[2023-03-12T07:47:25.764+0000] {processor.py:175} INFO - Processing /home/melicharovykrecek/venv/lib/python3.9/site-packages/airflow/example_dags/example_dynamic_task_mapping.py took 0.118 seconds
[2023-03-12T07:48:12.754+0000] {processor.py:153} INFO - Started process (PID=2770) to work on /home/melicharovykrecek/venv/lib/python3.9/site-packages/airflow/example_dags/example_dynamic_task_mapping.py
[2023-03-12T07:48:12.756+0000] {processor.py:743} INFO - Processing file /home/melicharovykrecek/venv/lib/python3.9/site-packages/airflow/example_dags/example_dynamic_task_mapping.py for tasks to queue
[2023-03-12T07:48:12.757+0000] {logging_mixin.py:137} INFO - [2023-03-12T07:48:12.757+0000] {dagbag.py:538} INFO - Filling up the DagBag from /home/melicharovykrecek/venv/lib/python3.9/site-packages/airflow/example_dags/example_dynamic_task_mapping.py
[2023-03-12T07:48:12.787+0000] {processor.py:753} INFO - DAG(s) dict_keys(['example_dynamic_task_mapping']) retrieved from /home/melicharovykrecek/venv/lib/python3.9/site-packages/airflow/example_dags/example_dynamic_task_mapping.py
[2023-03-12T07:48:12.812+0000] {logging_mixin.py:137} INFO - [2023-03-12T07:48:12.811+0000] {dag.py:2690} INFO - Sync 1 DAGs
[2023-03-12T07:48:12.838+0000] {logging_mixin.py:137} INFO - [2023-03-12T07:48:12.838+0000] {dag.py:3437} INFO - Setting next_dagrun for example_dynamic_task_mapping to 2022-03-04T00:00:00+00:00, run_after=2022-03-05T00:00:00+00:00
[2023-03-12T07:48:12.866+0000] {processor.py:175} INFO - Processing /home/melicharovykrecek/venv/lib/python3.9/site-packages/airflow/example_dags/example_dynamic_task_mapping.py took 0.116 seconds
[2023-03-12T07:48:55.836+0000] {processor.py:153} INFO - Started process (PID=2812) to work on /home/melicharovykrecek/venv/lib/python3.9/site-packages/airflow/example_dags/example_dynamic_task_mapping.py
[2023-03-12T07:48:55.839+0000] {processor.py:743} INFO - Processing file /home/melicharovykrecek/venv/lib/python3.9/site-packages/airflow/example_dags/example_dynamic_task_mapping.py for tasks to queue
[2023-03-12T07:48:55.839+0000] {logging_mixin.py:137} INFO - [2023-03-12T07:48:55.839+0000] {dagbag.py:538} INFO - Filling up the DagBag from /home/melicharovykrecek/venv/lib/python3.9/site-packages/airflow/example_dags/example_dynamic_task_mapping.py
[2023-03-12T07:48:55.868+0000] {processor.py:753} INFO - DAG(s) dict_keys(['example_dynamic_task_mapping']) retrieved from /home/melicharovykrecek/venv/lib/python3.9/site-packages/airflow/example_dags/example_dynamic_task_mapping.py
[2023-03-12T07:48:55.892+0000] {logging_mixin.py:137} INFO - [2023-03-12T07:48:55.892+0000] {dag.py:2690} INFO - Sync 1 DAGs
[2023-03-12T07:48:55.917+0000] {logging_mixin.py:137} INFO - [2023-03-12T07:48:55.917+0000] {dag.py:3437} INFO - Setting next_dagrun for example_dynamic_task_mapping to 2022-03-04T00:00:00+00:00, run_after=2022-03-05T00:00:00+00:00
[2023-03-12T07:48:55.943+0000] {processor.py:175} INFO - Processing /home/melicharovykrecek/venv/lib/python3.9/site-packages/airflow/example_dags/example_dynamic_task_mapping.py took 0.111 seconds
[2023-03-12T07:49:42.402+0000] {processor.py:153} INFO - Started process (PID=2857) to work on /home/melicharovykrecek/venv/lib/python3.9/site-packages/airflow/example_dags/example_dynamic_task_mapping.py
[2023-03-12T07:49:42.404+0000] {processor.py:743} INFO - Processing file /home/melicharovykrecek/venv/lib/python3.9/site-packages/airflow/example_dags/example_dynamic_task_mapping.py for tasks to queue
[2023-03-12T07:49:42.405+0000] {logging_mixin.py:137} INFO - [2023-03-12T07:49:42.405+0000] {dagbag.py:538} INFO - Filling up the DagBag from /home/melicharovykrecek/venv/lib/python3.9/site-packages/airflow/example_dags/example_dynamic_task_mapping.py
[2023-03-12T07:49:42.434+0000] {processor.py:753} INFO - DAG(s) dict_keys(['example_dynamic_task_mapping']) retrieved from /home/melicharovykrecek/venv/lib/python3.9/site-packages/airflow/example_dags/example_dynamic_task_mapping.py
[2023-03-12T07:49:42.458+0000] {logging_mixin.py:137} INFO - [2023-03-12T07:49:42.458+0000] {dag.py:2690} INFO - Sync 1 DAGs
[2023-03-12T07:49:42.483+0000] {logging_mixin.py:137} INFO - [2023-03-12T07:49:42.483+0000] {dag.py:3437} INFO - Setting next_dagrun for example_dynamic_task_mapping to 2022-03-04T00:00:00+00:00, run_after=2022-03-05T00:00:00+00:00
[2023-03-12T07:49:42.508+0000] {processor.py:175} INFO - Processing /home/melicharovykrecek/venv/lib/python3.9/site-packages/airflow/example_dags/example_dynamic_task_mapping.py took 0.111 seconds
[2023-03-12T07:50:26.064+0000] {processor.py:153} INFO - Started process (PID=2903) to work on /home/melicharovykrecek/venv/lib/python3.9/site-packages/airflow/example_dags/example_dynamic_task_mapping.py
[2023-03-12T07:50:26.066+0000] {processor.py:743} INFO - Processing file /home/melicharovykrecek/venv/lib/python3.9/site-packages/airflow/example_dags/example_dynamic_task_mapping.py for tasks to queue
[2023-03-12T07:50:26.067+0000] {logging_mixin.py:137} INFO - [2023-03-12T07:50:26.067+0000] {dagbag.py:538} INFO - Filling up the DagBag from /home/melicharovykrecek/venv/lib/python3.9/site-packages/airflow/example_dags/example_dynamic_task_mapping.py
[2023-03-12T07:50:26.096+0000] {processor.py:753} INFO - DAG(s) dict_keys(['example_dynamic_task_mapping']) retrieved from /home/melicharovykrecek/venv/lib/python3.9/site-packages/airflow/example_dags/example_dynamic_task_mapping.py
[2023-03-12T07:50:26.123+0000] {logging_mixin.py:137} INFO - [2023-03-12T07:50:26.122+0000] {dag.py:2690} INFO - Sync 1 DAGs
[2023-03-12T07:50:26.146+0000] {logging_mixin.py:137} INFO - [2023-03-12T07:50:26.146+0000] {dag.py:3437} INFO - Setting next_dagrun for example_dynamic_task_mapping to 2022-03-04T00:00:00+00:00, run_after=2022-03-05T00:00:00+00:00
[2023-03-12T07:50:26.174+0000] {processor.py:175} INFO - Processing /home/melicharovykrecek/venv/lib/python3.9/site-packages/airflow/example_dags/example_dynamic_task_mapping.py took 0.115 seconds
[2023-03-12T07:51:09.595+0000] {processor.py:153} INFO - Started process (PID=2951) to work on /home/melicharovykrecek/venv/lib/python3.9/site-packages/airflow/example_dags/example_dynamic_task_mapping.py
[2023-03-12T07:51:09.597+0000] {processor.py:743} INFO - Processing file /home/melicharovykrecek/venv/lib/python3.9/site-packages/airflow/example_dags/example_dynamic_task_mapping.py for tasks to queue
[2023-03-12T07:51:09.598+0000] {logging_mixin.py:137} INFO - [2023-03-12T07:51:09.598+0000] {dagbag.py:538} INFO - Filling up the DagBag from /home/melicharovykrecek/venv/lib/python3.9/site-packages/airflow/example_dags/example_dynamic_task_mapping.py
[2023-03-12T07:51:09.631+0000] {processor.py:753} INFO - DAG(s) dict_keys(['example_dynamic_task_mapping']) retrieved from /home/melicharovykrecek/venv/lib/python3.9/site-packages/airflow/example_dags/example_dynamic_task_mapping.py
[2023-03-12T07:51:09.657+0000] {logging_mixin.py:137} INFO - [2023-03-12T07:51:09.656+0000] {dag.py:2690} INFO - Sync 1 DAGs
[2023-03-12T07:51:09.682+0000] {logging_mixin.py:137} INFO - [2023-03-12T07:51:09.682+0000] {dag.py:3437} INFO - Setting next_dagrun for example_dynamic_task_mapping to 2022-03-04T00:00:00+00:00, run_after=2022-03-05T00:00:00+00:00
[2023-03-12T07:51:09.712+0000] {processor.py:175} INFO - Processing /home/melicharovykrecek/venv/lib/python3.9/site-packages/airflow/example_dags/example_dynamic_task_mapping.py took 0.123 seconds
[2023-03-12T07:52:00.645+0000] {processor.py:153} INFO - Started process (PID=2999) to work on /home/melicharovykrecek/venv/lib/python3.9/site-packages/airflow/example_dags/example_dynamic_task_mapping.py
[2023-03-12T07:52:00.647+0000] {processor.py:743} INFO - Processing file /home/melicharovykrecek/venv/lib/python3.9/site-packages/airflow/example_dags/example_dynamic_task_mapping.py for tasks to queue
[2023-03-12T07:52:00.648+0000] {logging_mixin.py:137} INFO - [2023-03-12T07:52:00.648+0000] {dagbag.py:538} INFO - Filling up the DagBag from /home/melicharovykrecek/venv/lib/python3.9/site-packages/airflow/example_dags/example_dynamic_task_mapping.py
[2023-03-12T07:52:00.677+0000] {processor.py:753} INFO - DAG(s) dict_keys(['example_dynamic_task_mapping']) retrieved from /home/melicharovykrecek/venv/lib/python3.9/site-packages/airflow/example_dags/example_dynamic_task_mapping.py
[2023-03-12T07:52:00.701+0000] {logging_mixin.py:137} INFO - [2023-03-12T07:52:00.701+0000] {dag.py:2690} INFO - Sync 1 DAGs
[2023-03-12T07:52:00.726+0000] {logging_mixin.py:137} INFO - [2023-03-12T07:52:00.726+0000] {dag.py:3437} INFO - Setting next_dagrun for example_dynamic_task_mapping to 2022-03-04T00:00:00+00:00, run_after=2022-03-05T00:00:00+00:00
[2023-03-12T07:52:00.754+0000] {processor.py:175} INFO - Processing /home/melicharovykrecek/venv/lib/python3.9/site-packages/airflow/example_dags/example_dynamic_task_mapping.py took 0.113 seconds
[2023-03-12T07:52:45.182+0000] {processor.py:153} INFO - Started process (PID=3044) to work on /home/melicharovykrecek/venv/lib/python3.9/site-packages/airflow/example_dags/example_dynamic_task_mapping.py
[2023-03-12T07:52:45.185+0000] {processor.py:743} INFO - Processing file /home/melicharovykrecek/venv/lib/python3.9/site-packages/airflow/example_dags/example_dynamic_task_mapping.py for tasks to queue
[2023-03-12T07:52:45.186+0000] {logging_mixin.py:137} INFO - [2023-03-12T07:52:45.186+0000] {dagbag.py:538} INFO - Filling up the DagBag from /home/melicharovykrecek/venv/lib/python3.9/site-packages/airflow/example_dags/example_dynamic_task_mapping.py
[2023-03-12T07:52:45.216+0000] {processor.py:753} INFO - DAG(s) dict_keys(['example_dynamic_task_mapping']) retrieved from /home/melicharovykrecek/venv/lib/python3.9/site-packages/airflow/example_dags/example_dynamic_task_mapping.py
[2023-03-12T07:52:45.241+0000] {logging_mixin.py:137} INFO - [2023-03-12T07:52:45.240+0000] {dag.py:2690} INFO - Sync 1 DAGs
[2023-03-12T07:52:45.266+0000] {logging_mixin.py:137} INFO - [2023-03-12T07:52:45.266+0000] {dag.py:3437} INFO - Setting next_dagrun for example_dynamic_task_mapping to 2022-03-04T00:00:00+00:00, run_after=2022-03-05T00:00:00+00:00
[2023-03-12T07:52:45.295+0000] {processor.py:175} INFO - Processing /home/melicharovykrecek/venv/lib/python3.9/site-packages/airflow/example_dags/example_dynamic_task_mapping.py took 0.117 seconds
[2023-03-12T07:53:28.460+0000] {processor.py:153} INFO - Started process (PID=3086) to work on /home/melicharovykrecek/venv/lib/python3.9/site-packages/airflow/example_dags/example_dynamic_task_mapping.py
[2023-03-12T07:53:28.462+0000] {processor.py:743} INFO - Processing file /home/melicharovykrecek/venv/lib/python3.9/site-packages/airflow/example_dags/example_dynamic_task_mapping.py for tasks to queue
[2023-03-12T07:53:28.463+0000] {logging_mixin.py:137} INFO - [2023-03-12T07:53:28.463+0000] {dagbag.py:538} INFO - Filling up the DagBag from /home/melicharovykrecek/venv/lib/python3.9/site-packages/airflow/example_dags/example_dynamic_task_mapping.py
[2023-03-12T07:53:28.492+0000] {processor.py:753} INFO - DAG(s) dict_keys(['example_dynamic_task_mapping']) retrieved from /home/melicharovykrecek/venv/lib/python3.9/site-packages/airflow/example_dags/example_dynamic_task_mapping.py
[2023-03-12T07:53:28.519+0000] {logging_mixin.py:137} INFO - [2023-03-12T07:53:28.518+0000] {dag.py:2690} INFO - Sync 1 DAGs
[2023-03-12T07:53:28.544+0000] {logging_mixin.py:137} INFO - [2023-03-12T07:53:28.543+0000] {dag.py:3437} INFO - Setting next_dagrun for example_dynamic_task_mapping to 2022-03-04T00:00:00+00:00, run_after=2022-03-05T00:00:00+00:00
[2023-03-12T07:53:28.572+0000] {processor.py:175} INFO - Processing /home/melicharovykrecek/venv/lib/python3.9/site-packages/airflow/example_dags/example_dynamic_task_mapping.py took 0.117 seconds
[2023-03-12T07:54:14.464+0000] {processor.py:153} INFO - Started process (PID=3130) to work on /home/melicharovykrecek/venv/lib/python3.9/site-packages/airflow/example_dags/example_dynamic_task_mapping.py
[2023-03-12T07:54:14.466+0000] {processor.py:743} INFO - Processing file /home/melicharovykrecek/venv/lib/python3.9/site-packages/airflow/example_dags/example_dynamic_task_mapping.py for tasks to queue
[2023-03-12T07:54:14.468+0000] {logging_mixin.py:137} INFO - [2023-03-12T07:54:14.468+0000] {dagbag.py:538} INFO - Filling up the DagBag from /home/melicharovykrecek/venv/lib/python3.9/site-packages/airflow/example_dags/example_dynamic_task_mapping.py
[2023-03-12T07:54:14.497+0000] {processor.py:753} INFO - DAG(s) dict_keys(['example_dynamic_task_mapping']) retrieved from /home/melicharovykrecek/venv/lib/python3.9/site-packages/airflow/example_dags/example_dynamic_task_mapping.py
[2023-03-12T07:54:14.525+0000] {logging_mixin.py:137} INFO - [2023-03-12T07:54:14.524+0000] {dag.py:2690} INFO - Sync 1 DAGs
[2023-03-12T07:54:14.552+0000] {logging_mixin.py:137} INFO - [2023-03-12T07:54:14.551+0000] {dag.py:3437} INFO - Setting next_dagrun for example_dynamic_task_mapping to 2022-03-04T00:00:00+00:00, run_after=2022-03-05T00:00:00+00:00
[2023-03-12T07:54:14.580+0000] {processor.py:175} INFO - Processing /home/melicharovykrecek/venv/lib/python3.9/site-packages/airflow/example_dags/example_dynamic_task_mapping.py took 0.121 seconds
[2023-03-12T07:55:00.518+0000] {processor.py:153} INFO - Started process (PID=3175) to work on /home/melicharovykrecek/venv/lib/python3.9/site-packages/airflow/example_dags/example_dynamic_task_mapping.py
[2023-03-12T07:55:00.520+0000] {processor.py:743} INFO - Processing file /home/melicharovykrecek/venv/lib/python3.9/site-packages/airflow/example_dags/example_dynamic_task_mapping.py for tasks to queue
[2023-03-12T07:55:00.521+0000] {logging_mixin.py:137} INFO - [2023-03-12T07:55:00.521+0000] {dagbag.py:538} INFO - Filling up the DagBag from /home/melicharovykrecek/venv/lib/python3.9/site-packages/airflow/example_dags/example_dynamic_task_mapping.py
[2023-03-12T07:55:00.551+0000] {processor.py:753} INFO - DAG(s) dict_keys(['example_dynamic_task_mapping']) retrieved from /home/melicharovykrecek/venv/lib/python3.9/site-packages/airflow/example_dags/example_dynamic_task_mapping.py
[2023-03-12T07:55:00.577+0000] {logging_mixin.py:137} INFO - [2023-03-12T07:55:00.576+0000] {dag.py:2690} INFO - Sync 1 DAGs
[2023-03-12T07:55:00.601+0000] {logging_mixin.py:137} INFO - [2023-03-12T07:55:00.601+0000] {dag.py:3437} INFO - Setting next_dagrun for example_dynamic_task_mapping to 2022-03-04T00:00:00+00:00, run_after=2022-03-05T00:00:00+00:00
[2023-03-12T07:55:00.628+0000] {processor.py:175} INFO - Processing /home/melicharovykrecek/venv/lib/python3.9/site-packages/airflow/example_dags/example_dynamic_task_mapping.py took 0.115 seconds
[2023-03-12T07:55:44.795+0000] {processor.py:153} INFO - Started process (PID=3218) to work on /home/melicharovykrecek/venv/lib/python3.9/site-packages/airflow/example_dags/example_dynamic_task_mapping.py
[2023-03-12T07:55:44.797+0000] {processor.py:743} INFO - Processing file /home/melicharovykrecek/venv/lib/python3.9/site-packages/airflow/example_dags/example_dynamic_task_mapping.py for tasks to queue
[2023-03-12T07:55:44.798+0000] {logging_mixin.py:137} INFO - [2023-03-12T07:55:44.798+0000] {dagbag.py:538} INFO - Filling up the DagBag from /home/melicharovykrecek/venv/lib/python3.9/site-packages/airflow/example_dags/example_dynamic_task_mapping.py
[2023-03-12T07:55:44.828+0000] {processor.py:753} INFO - DAG(s) dict_keys(['example_dynamic_task_mapping']) retrieved from /home/melicharovykrecek/venv/lib/python3.9/site-packages/airflow/example_dags/example_dynamic_task_mapping.py
[2023-03-12T07:55:44.853+0000] {logging_mixin.py:137} INFO - [2023-03-12T07:55:44.853+0000] {dag.py:2690} INFO - Sync 1 DAGs
[2023-03-12T07:55:44.877+0000] {logging_mixin.py:137} INFO - [2023-03-12T07:55:44.877+0000] {dag.py:3437} INFO - Setting next_dagrun for example_dynamic_task_mapping to 2022-03-04T00:00:00+00:00, run_after=2022-03-05T00:00:00+00:00
[2023-03-12T07:55:44.906+0000] {processor.py:175} INFO - Processing /home/melicharovykrecek/venv/lib/python3.9/site-packages/airflow/example_dags/example_dynamic_task_mapping.py took 0.116 seconds
[2023-03-12T07:56:30.212+0000] {processor.py:153} INFO - Started process (PID=3265) to work on /home/melicharovykrecek/venv/lib/python3.9/site-packages/airflow/example_dags/example_dynamic_task_mapping.py
[2023-03-12T07:56:30.214+0000] {processor.py:743} INFO - Processing file /home/melicharovykrecek/venv/lib/python3.9/site-packages/airflow/example_dags/example_dynamic_task_mapping.py for tasks to queue
[2023-03-12T07:56:30.215+0000] {logging_mixin.py:137} INFO - [2023-03-12T07:56:30.215+0000] {dagbag.py:538} INFO - Filling up the DagBag from /home/melicharovykrecek/venv/lib/python3.9/site-packages/airflow/example_dags/example_dynamic_task_mapping.py
[2023-03-12T07:56:30.244+0000] {processor.py:753} INFO - DAG(s) dict_keys(['example_dynamic_task_mapping']) retrieved from /home/melicharovykrecek/venv/lib/python3.9/site-packages/airflow/example_dags/example_dynamic_task_mapping.py
[2023-03-12T07:56:30.269+0000] {logging_mixin.py:137} INFO - [2023-03-12T07:56:30.268+0000] {dag.py:2690} INFO - Sync 1 DAGs
[2023-03-12T07:56:30.294+0000] {logging_mixin.py:137} INFO - [2023-03-12T07:56:30.294+0000] {dag.py:3437} INFO - Setting next_dagrun for example_dynamic_task_mapping to 2022-03-04T00:00:00+00:00, run_after=2022-03-05T00:00:00+00:00
[2023-03-12T07:56:30.322+0000] {processor.py:175} INFO - Processing /home/melicharovykrecek/venv/lib/python3.9/site-packages/airflow/example_dags/example_dynamic_task_mapping.py took 0.115 seconds
[2023-03-12T07:57:16.748+0000] {processor.py:153} INFO - Started process (PID=3310) to work on /home/melicharovykrecek/venv/lib/python3.9/site-packages/airflow/example_dags/example_dynamic_task_mapping.py
[2023-03-12T07:57:16.750+0000] {processor.py:743} INFO - Processing file /home/melicharovykrecek/venv/lib/python3.9/site-packages/airflow/example_dags/example_dynamic_task_mapping.py for tasks to queue
[2023-03-12T07:57:16.751+0000] {logging_mixin.py:137} INFO - [2023-03-12T07:57:16.750+0000] {dagbag.py:538} INFO - Filling up the DagBag from /home/melicharovykrecek/venv/lib/python3.9/site-packages/airflow/example_dags/example_dynamic_task_mapping.py
[2023-03-12T07:57:16.779+0000] {processor.py:753} INFO - DAG(s) dict_keys(['example_dynamic_task_mapping']) retrieved from /home/melicharovykrecek/venv/lib/python3.9/site-packages/airflow/example_dags/example_dynamic_task_mapping.py
[2023-03-12T07:57:16.805+0000] {logging_mixin.py:137} INFO - [2023-03-12T07:57:16.805+0000] {dag.py:2690} INFO - Sync 1 DAGs
[2023-03-12T07:57:16.829+0000] {logging_mixin.py:137} INFO - [2023-03-12T07:57:16.829+0000] {dag.py:3437} INFO - Setting next_dagrun for example_dynamic_task_mapping to 2022-03-04T00:00:00+00:00, run_after=2022-03-05T00:00:00+00:00
[2023-03-12T07:57:16.855+0000] {processor.py:175} INFO - Processing /home/melicharovykrecek/venv/lib/python3.9/site-packages/airflow/example_dags/example_dynamic_task_mapping.py took 0.112 seconds
[2023-03-12T07:58:04.835+0000] {processor.py:153} INFO - Started process (PID=3355) to work on /home/melicharovykrecek/venv/lib/python3.9/site-packages/airflow/example_dags/example_dynamic_task_mapping.py
[2023-03-12T07:58:04.837+0000] {processor.py:743} INFO - Processing file /home/melicharovykrecek/venv/lib/python3.9/site-packages/airflow/example_dags/example_dynamic_task_mapping.py for tasks to queue
[2023-03-12T07:58:04.838+0000] {logging_mixin.py:137} INFO - [2023-03-12T07:58:04.838+0000] {dagbag.py:538} INFO - Filling up the DagBag from /home/melicharovykrecek/venv/lib/python3.9/site-packages/airflow/example_dags/example_dynamic_task_mapping.py
[2023-03-12T07:58:04.868+0000] {processor.py:753} INFO - DAG(s) dict_keys(['example_dynamic_task_mapping']) retrieved from /home/melicharovykrecek/venv/lib/python3.9/site-packages/airflow/example_dags/example_dynamic_task_mapping.py
[2023-03-12T07:58:04.894+0000] {logging_mixin.py:137} INFO - [2023-03-12T07:58:04.893+0000] {dag.py:2690} INFO - Sync 1 DAGs
[2023-03-12T07:58:04.917+0000] {logging_mixin.py:137} INFO - [2023-03-12T07:58:04.917+0000] {dag.py:3437} INFO - Setting next_dagrun for example_dynamic_task_mapping to 2022-03-04T00:00:00+00:00, run_after=2022-03-05T00:00:00+00:00
[2023-03-12T07:58:04.943+0000] {processor.py:175} INFO - Processing /home/melicharovykrecek/venv/lib/python3.9/site-packages/airflow/example_dags/example_dynamic_task_mapping.py took 0.113 seconds
[2023-03-12T07:58:51.105+0000] {processor.py:153} INFO - Started process (PID=3401) to work on /home/melicharovykrecek/venv/lib/python3.9/site-packages/airflow/example_dags/example_dynamic_task_mapping.py
[2023-03-12T07:58:51.107+0000] {processor.py:743} INFO - Processing file /home/melicharovykrecek/venv/lib/python3.9/site-packages/airflow/example_dags/example_dynamic_task_mapping.py for tasks to queue
[2023-03-12T07:58:51.108+0000] {logging_mixin.py:137} INFO - [2023-03-12T07:58:51.108+0000] {dagbag.py:538} INFO - Filling up the DagBag from /home/melicharovykrecek/venv/lib/python3.9/site-packages/airflow/example_dags/example_dynamic_task_mapping.py
[2023-03-12T07:58:51.138+0000] {processor.py:753} INFO - DAG(s) dict_keys(['example_dynamic_task_mapping']) retrieved from /home/melicharovykrecek/venv/lib/python3.9/site-packages/airflow/example_dags/example_dynamic_task_mapping.py
[2023-03-12T07:58:51.163+0000] {logging_mixin.py:137} INFO - [2023-03-12T07:58:51.163+0000] {dag.py:2690} INFO - Sync 1 DAGs
[2023-03-12T07:58:51.188+0000] {logging_mixin.py:137} INFO - [2023-03-12T07:58:51.188+0000] {dag.py:3437} INFO - Setting next_dagrun for example_dynamic_task_mapping to 2022-03-04T00:00:00+00:00, run_after=2022-03-05T00:00:00+00:00
[2023-03-12T07:58:51.214+0000] {processor.py:175} INFO - Processing /home/melicharovykrecek/venv/lib/python3.9/site-packages/airflow/example_dags/example_dynamic_task_mapping.py took 0.114 seconds
[2023-03-12T07:59:36.727+0000] {processor.py:153} INFO - Started process (PID=3446) to work on /home/melicharovykrecek/venv/lib/python3.9/site-packages/airflow/example_dags/example_dynamic_task_mapping.py
[2023-03-12T07:59:36.729+0000] {processor.py:743} INFO - Processing file /home/melicharovykrecek/venv/lib/python3.9/site-packages/airflow/example_dags/example_dynamic_task_mapping.py for tasks to queue
[2023-03-12T07:59:36.730+0000] {logging_mixin.py:137} INFO - [2023-03-12T07:59:36.730+0000] {dagbag.py:538} INFO - Filling up the DagBag from /home/melicharovykrecek/venv/lib/python3.9/site-packages/airflow/example_dags/example_dynamic_task_mapping.py
[2023-03-12T07:59:36.760+0000] {processor.py:753} INFO - DAG(s) dict_keys(['example_dynamic_task_mapping']) retrieved from /home/melicharovykrecek/venv/lib/python3.9/site-packages/airflow/example_dags/example_dynamic_task_mapping.py
[2023-03-12T07:59:36.785+0000] {logging_mixin.py:137} INFO - [2023-03-12T07:59:36.785+0000] {dag.py:2690} INFO - Sync 1 DAGs
[2023-03-12T07:59:36.812+0000] {logging_mixin.py:137} INFO - [2023-03-12T07:59:36.812+0000] {dag.py:3437} INFO - Setting next_dagrun for example_dynamic_task_mapping to 2022-03-04T00:00:00+00:00, run_after=2022-03-05T00:00:00+00:00
[2023-03-12T07:59:36.841+0000] {processor.py:175} INFO - Processing /home/melicharovykrecek/venv/lib/python3.9/site-packages/airflow/example_dags/example_dynamic_task_mapping.py took 0.119 seconds
[2023-03-12T08:00:24.679+0000] {processor.py:153} INFO - Started process (PID=3517) to work on /home/melicharovykrecek/venv/lib/python3.9/site-packages/airflow/example_dags/example_dynamic_task_mapping.py
[2023-03-12T08:00:24.681+0000] {processor.py:743} INFO - Processing file /home/melicharovykrecek/venv/lib/python3.9/site-packages/airflow/example_dags/example_dynamic_task_mapping.py for tasks to queue
[2023-03-12T08:00:24.682+0000] {logging_mixin.py:137} INFO - [2023-03-12T08:00:24.682+0000] {dagbag.py:538} INFO - Filling up the DagBag from /home/melicharovykrecek/venv/lib/python3.9/site-packages/airflow/example_dags/example_dynamic_task_mapping.py
[2023-03-12T08:00:24.712+0000] {processor.py:753} INFO - DAG(s) dict_keys(['example_dynamic_task_mapping']) retrieved from /home/melicharovykrecek/venv/lib/python3.9/site-packages/airflow/example_dags/example_dynamic_task_mapping.py
[2023-03-12T08:00:24.737+0000] {logging_mixin.py:137} INFO - [2023-03-12T08:00:24.737+0000] {dag.py:2690} INFO - Sync 1 DAGs
[2023-03-12T08:00:24.763+0000] {logging_mixin.py:137} INFO - [2023-03-12T08:00:24.763+0000] {dag.py:3437} INFO - Setting next_dagrun for example_dynamic_task_mapping to 2022-03-04T00:00:00+00:00, run_after=2022-03-05T00:00:00+00:00
[2023-03-12T08:00:24.789+0000] {processor.py:175} INFO - Processing /home/melicharovykrecek/venv/lib/python3.9/site-packages/airflow/example_dags/example_dynamic_task_mapping.py took 0.115 seconds
[2023-03-12T08:01:14.623+0000] {processor.py:153} INFO - Started process (PID=3572) to work on /home/melicharovykrecek/venv/lib/python3.9/site-packages/airflow/example_dags/example_dynamic_task_mapping.py
[2023-03-12T08:01:14.625+0000] {processor.py:743} INFO - Processing file /home/melicharovykrecek/venv/lib/python3.9/site-packages/airflow/example_dags/example_dynamic_task_mapping.py for tasks to queue
[2023-03-12T08:01:14.626+0000] {logging_mixin.py:137} INFO - [2023-03-12T08:01:14.626+0000] {dagbag.py:538} INFO - Filling up the DagBag from /home/melicharovykrecek/venv/lib/python3.9/site-packages/airflow/example_dags/example_dynamic_task_mapping.py
[2023-03-12T08:01:14.655+0000] {processor.py:753} INFO - DAG(s) dict_keys(['example_dynamic_task_mapping']) retrieved from /home/melicharovykrecek/venv/lib/python3.9/site-packages/airflow/example_dags/example_dynamic_task_mapping.py
[2023-03-12T08:01:14.682+0000] {logging_mixin.py:137} INFO - [2023-03-12T08:01:14.682+0000] {dag.py:2690} INFO - Sync 1 DAGs
[2023-03-12T08:01:14.706+0000] {logging_mixin.py:137} INFO - [2023-03-12T08:01:14.706+0000] {dag.py:3437} INFO - Setting next_dagrun for example_dynamic_task_mapping to 2022-03-04T00:00:00+00:00, run_after=2022-03-05T00:00:00+00:00
[2023-03-12T08:01:14.734+0000] {processor.py:175} INFO - Processing /home/melicharovykrecek/venv/lib/python3.9/site-packages/airflow/example_dags/example_dynamic_task_mapping.py took 0.117 seconds
[2023-03-12T08:02:01.853+0000] {processor.py:153} INFO - Started process (PID=3618) to work on /home/melicharovykrecek/venv/lib/python3.9/site-packages/airflow/example_dags/example_dynamic_task_mapping.py
[2023-03-12T08:02:01.855+0000] {processor.py:743} INFO - Processing file /home/melicharovykrecek/venv/lib/python3.9/site-packages/airflow/example_dags/example_dynamic_task_mapping.py for tasks to queue
[2023-03-12T08:02:01.856+0000] {logging_mixin.py:137} INFO - [2023-03-12T08:02:01.856+0000] {dagbag.py:538} INFO - Filling up the DagBag from /home/melicharovykrecek/venv/lib/python3.9/site-packages/airflow/example_dags/example_dynamic_task_mapping.py
[2023-03-12T08:02:01.887+0000] {processor.py:753} INFO - DAG(s) dict_keys(['example_dynamic_task_mapping']) retrieved from /home/melicharovykrecek/venv/lib/python3.9/site-packages/airflow/example_dags/example_dynamic_task_mapping.py
[2023-03-12T08:02:01.911+0000] {logging_mixin.py:137} INFO - [2023-03-12T08:02:01.911+0000] {dag.py:2690} INFO - Sync 1 DAGs
[2023-03-12T08:02:01.935+0000] {logging_mixin.py:137} INFO - [2023-03-12T08:02:01.935+0000] {dag.py:3437} INFO - Setting next_dagrun for example_dynamic_task_mapping to 2022-03-04T00:00:00+00:00, run_after=2022-03-05T00:00:00+00:00
[2023-03-12T08:02:01.964+0000] {processor.py:175} INFO - Processing /home/melicharovykrecek/venv/lib/python3.9/site-packages/airflow/example_dags/example_dynamic_task_mapping.py took 0.116 seconds
[2023-03-12T08:02:48.297+0000] {processor.py:153} INFO - Started process (PID=3664) to work on /home/melicharovykrecek/venv/lib/python3.9/site-packages/airflow/example_dags/example_dynamic_task_mapping.py
[2023-03-12T08:02:48.299+0000] {processor.py:743} INFO - Processing file /home/melicharovykrecek/venv/lib/python3.9/site-packages/airflow/example_dags/example_dynamic_task_mapping.py for tasks to queue
[2023-03-12T08:02:48.300+0000] {logging_mixin.py:137} INFO - [2023-03-12T08:02:48.300+0000] {dagbag.py:538} INFO - Filling up the DagBag from /home/melicharovykrecek/venv/lib/python3.9/site-packages/airflow/example_dags/example_dynamic_task_mapping.py
[2023-03-12T08:02:48.332+0000] {processor.py:753} INFO - DAG(s) dict_keys(['example_dynamic_task_mapping']) retrieved from /home/melicharovykrecek/venv/lib/python3.9/site-packages/airflow/example_dags/example_dynamic_task_mapping.py
[2023-03-12T08:02:48.357+0000] {logging_mixin.py:137} INFO - [2023-03-12T08:02:48.356+0000] {dag.py:2690} INFO - Sync 1 DAGs
[2023-03-12T08:02:48.382+0000] {logging_mixin.py:137} INFO - [2023-03-12T08:02:48.382+0000] {dag.py:3437} INFO - Setting next_dagrun for example_dynamic_task_mapping to 2022-03-04T00:00:00+00:00, run_after=2022-03-05T00:00:00+00:00
[2023-03-12T08:02:48.414+0000] {processor.py:175} INFO - Processing /home/melicharovykrecek/venv/lib/python3.9/site-packages/airflow/example_dags/example_dynamic_task_mapping.py took 0.122 seconds
[2023-03-12T08:03:37.514+0000] {processor.py:153} INFO - Started process (PID=3710) to work on /home/melicharovykrecek/venv/lib/python3.9/site-packages/airflow/example_dags/example_dynamic_task_mapping.py
[2023-03-12T08:03:37.516+0000] {processor.py:743} INFO - Processing file /home/melicharovykrecek/venv/lib/python3.9/site-packages/airflow/example_dags/example_dynamic_task_mapping.py for tasks to queue
[2023-03-12T08:03:37.517+0000] {logging_mixin.py:137} INFO - [2023-03-12T08:03:37.517+0000] {dagbag.py:538} INFO - Filling up the DagBag from /home/melicharovykrecek/venv/lib/python3.9/site-packages/airflow/example_dags/example_dynamic_task_mapping.py
[2023-03-12T08:03:37.547+0000] {processor.py:753} INFO - DAG(s) dict_keys(['example_dynamic_task_mapping']) retrieved from /home/melicharovykrecek/venv/lib/python3.9/site-packages/airflow/example_dags/example_dynamic_task_mapping.py
[2023-03-12T08:03:37.571+0000] {logging_mixin.py:137} INFO - [2023-03-12T08:03:37.571+0000] {dag.py:2690} INFO - Sync 1 DAGs
[2023-03-12T08:03:37.596+0000] {logging_mixin.py:137} INFO - [2023-03-12T08:03:37.596+0000] {dag.py:3437} INFO - Setting next_dagrun for example_dynamic_task_mapping to 2022-03-04T00:00:00+00:00, run_after=2022-03-05T00:00:00+00:00
[2023-03-12T08:03:37.622+0000] {processor.py:175} INFO - Processing /home/melicharovykrecek/venv/lib/python3.9/site-packages/airflow/example_dags/example_dynamic_task_mapping.py took 0.113 seconds
[2023-03-12T08:04:19.053+0000] {processor.py:153} INFO - Started process (PID=3752) to work on /home/melicharovykrecek/venv/lib/python3.9/site-packages/airflow/example_dags/example_dynamic_task_mapping.py
[2023-03-12T08:04:19.055+0000] {processor.py:743} INFO - Processing file /home/melicharovykrecek/venv/lib/python3.9/site-packages/airflow/example_dags/example_dynamic_task_mapping.py for tasks to queue
[2023-03-12T08:04:19.056+0000] {logging_mixin.py:137} INFO - [2023-03-12T08:04:19.056+0000] {dagbag.py:538} INFO - Filling up the DagBag from /home/melicharovykrecek/venv/lib/python3.9/site-packages/airflow/example_dags/example_dynamic_task_mapping.py
[2023-03-12T08:04:19.086+0000] {processor.py:753} INFO - DAG(s) dict_keys(['example_dynamic_task_mapping']) retrieved from /home/melicharovykrecek/venv/lib/python3.9/site-packages/airflow/example_dags/example_dynamic_task_mapping.py
[2023-03-12T08:04:19.112+0000] {logging_mixin.py:137} INFO - [2023-03-12T08:04:19.112+0000] {dag.py:2690} INFO - Sync 1 DAGs
[2023-03-12T08:04:19.138+0000] {logging_mixin.py:137} INFO - [2023-03-12T08:04:19.137+0000] {dag.py:3437} INFO - Setting next_dagrun for example_dynamic_task_mapping to 2022-03-04T00:00:00+00:00, run_after=2022-03-05T00:00:00+00:00
[2023-03-12T08:04:19.165+0000] {processor.py:175} INFO - Processing /home/melicharovykrecek/venv/lib/python3.9/site-packages/airflow/example_dags/example_dynamic_task_mapping.py took 0.117 seconds
[2023-03-12T08:05:07.072+0000] {processor.py:153} INFO - Started process (PID=3800) to work on /home/melicharovykrecek/venv/lib/python3.9/site-packages/airflow/example_dags/example_dynamic_task_mapping.py
[2023-03-12T08:05:07.075+0000] {processor.py:743} INFO - Processing file /home/melicharovykrecek/venv/lib/python3.9/site-packages/airflow/example_dags/example_dynamic_task_mapping.py for tasks to queue
[2023-03-12T08:05:07.076+0000] {logging_mixin.py:137} INFO - [2023-03-12T08:05:07.076+0000] {dagbag.py:538} INFO - Filling up the DagBag from /home/melicharovykrecek/venv/lib/python3.9/site-packages/airflow/example_dags/example_dynamic_task_mapping.py
[2023-03-12T08:05:07.107+0000] {processor.py:753} INFO - DAG(s) dict_keys(['example_dynamic_task_mapping']) retrieved from /home/melicharovykrecek/venv/lib/python3.9/site-packages/airflow/example_dags/example_dynamic_task_mapping.py
[2023-03-12T08:05:07.132+0000] {logging_mixin.py:137} INFO - [2023-03-12T08:05:07.132+0000] {dag.py:2690} INFO - Sync 1 DAGs
[2023-03-12T08:05:07.157+0000] {logging_mixin.py:137} INFO - [2023-03-12T08:05:07.157+0000] {dag.py:3437} INFO - Setting next_dagrun for example_dynamic_task_mapping to 2022-03-04T00:00:00+00:00, run_after=2022-03-05T00:00:00+00:00
[2023-03-12T08:05:07.184+0000] {processor.py:175} INFO - Processing /home/melicharovykrecek/venv/lib/python3.9/site-packages/airflow/example_dags/example_dynamic_task_mapping.py took 0.117 seconds
[2023-03-12T08:05:56.546+0000] {processor.py:153} INFO - Started process (PID=3846) to work on /home/melicharovykrecek/venv/lib/python3.9/site-packages/airflow/example_dags/example_dynamic_task_mapping.py
[2023-03-12T08:05:56.548+0000] {processor.py:743} INFO - Processing file /home/melicharovykrecek/venv/lib/python3.9/site-packages/airflow/example_dags/example_dynamic_task_mapping.py for tasks to queue
[2023-03-12T08:05:56.549+0000] {logging_mixin.py:137} INFO - [2023-03-12T08:05:56.548+0000] {dagbag.py:538} INFO - Filling up the DagBag from /home/melicharovykrecek/venv/lib/python3.9/site-packages/airflow/example_dags/example_dynamic_task_mapping.py
[2023-03-12T08:05:56.581+0000] {processor.py:753} INFO - DAG(s) dict_keys(['example_dynamic_task_mapping']) retrieved from /home/melicharovykrecek/venv/lib/python3.9/site-packages/airflow/example_dags/example_dynamic_task_mapping.py
[2023-03-12T08:05:56.606+0000] {logging_mixin.py:137} INFO - [2023-03-12T08:05:56.606+0000] {dag.py:2690} INFO - Sync 1 DAGs
[2023-03-12T08:05:56.630+0000] {logging_mixin.py:137} INFO - [2023-03-12T08:05:56.629+0000] {dag.py:3437} INFO - Setting next_dagrun for example_dynamic_task_mapping to 2022-03-04T00:00:00+00:00, run_after=2022-03-05T00:00:00+00:00
[2023-03-12T08:05:56.658+0000] {processor.py:175} INFO - Processing /home/melicharovykrecek/venv/lib/python3.9/site-packages/airflow/example_dags/example_dynamic_task_mapping.py took 0.117 seconds
[2023-03-12T08:06:46.956+0000] {processor.py:153} INFO - Started process (PID=3896) to work on /home/melicharovykrecek/venv/lib/python3.9/site-packages/airflow/example_dags/example_dynamic_task_mapping.py
[2023-03-12T08:06:46.958+0000] {processor.py:743} INFO - Processing file /home/melicharovykrecek/venv/lib/python3.9/site-packages/airflow/example_dags/example_dynamic_task_mapping.py for tasks to queue
[2023-03-12T08:06:46.959+0000] {logging_mixin.py:137} INFO - [2023-03-12T08:06:46.959+0000] {dagbag.py:538} INFO - Filling up the DagBag from /home/melicharovykrecek/venv/lib/python3.9/site-packages/airflow/example_dags/example_dynamic_task_mapping.py
[2023-03-12T08:06:46.988+0000] {processor.py:753} INFO - DAG(s) dict_keys(['example_dynamic_task_mapping']) retrieved from /home/melicharovykrecek/venv/lib/python3.9/site-packages/airflow/example_dags/example_dynamic_task_mapping.py
[2023-03-12T08:06:47.013+0000] {logging_mixin.py:137} INFO - [2023-03-12T08:06:47.013+0000] {dag.py:2690} INFO - Sync 1 DAGs
[2023-03-12T08:06:47.040+0000] {logging_mixin.py:137} INFO - [2023-03-12T08:06:47.039+0000] {dag.py:3437} INFO - Setting next_dagrun for example_dynamic_task_mapping to 2022-03-04T00:00:00+00:00, run_after=2022-03-05T00:00:00+00:00
[2023-03-12T08:06:47.067+0000] {processor.py:175} INFO - Processing /home/melicharovykrecek/venv/lib/python3.9/site-packages/airflow/example_dags/example_dynamic_task_mapping.py took 0.116 seconds
[2023-03-12T08:07:36.569+0000] {processor.py:153} INFO - Started process (PID=3944) to work on /home/melicharovykrecek/venv/lib/python3.9/site-packages/airflow/example_dags/example_dynamic_task_mapping.py
[2023-03-12T08:07:36.571+0000] {processor.py:743} INFO - Processing file /home/melicharovykrecek/venv/lib/python3.9/site-packages/airflow/example_dags/example_dynamic_task_mapping.py for tasks to queue
[2023-03-12T08:07:36.572+0000] {logging_mixin.py:137} INFO - [2023-03-12T08:07:36.572+0000] {dagbag.py:538} INFO - Filling up the DagBag from /home/melicharovykrecek/venv/lib/python3.9/site-packages/airflow/example_dags/example_dynamic_task_mapping.py
[2023-03-12T08:07:36.601+0000] {processor.py:753} INFO - DAG(s) dict_keys(['example_dynamic_task_mapping']) retrieved from /home/melicharovykrecek/venv/lib/python3.9/site-packages/airflow/example_dags/example_dynamic_task_mapping.py
[2023-03-12T08:07:36.626+0000] {logging_mixin.py:137} INFO - [2023-03-12T08:07:36.626+0000] {dag.py:2690} INFO - Sync 1 DAGs
[2023-03-12T08:07:36.650+0000] {logging_mixin.py:137} INFO - [2023-03-12T08:07:36.650+0000] {dag.py:3437} INFO - Setting next_dagrun for example_dynamic_task_mapping to 2022-03-04T00:00:00+00:00, run_after=2022-03-05T00:00:00+00:00
[2023-03-12T08:07:36.675+0000] {processor.py:175} INFO - Processing /home/melicharovykrecek/venv/lib/python3.9/site-packages/airflow/example_dags/example_dynamic_task_mapping.py took 0.110 seconds
[2023-03-12T08:08:20.902+0000] {processor.py:153} INFO - Started process (PID=4019) to work on /home/melicharovykrecek/venv/lib/python3.9/site-packages/airflow/example_dags/example_dynamic_task_mapping.py
[2023-03-12T08:08:20.904+0000] {processor.py:743} INFO - Processing file /home/melicharovykrecek/venv/lib/python3.9/site-packages/airflow/example_dags/example_dynamic_task_mapping.py for tasks to queue
[2023-03-12T08:08:20.906+0000] {logging_mixin.py:137} INFO - [2023-03-12T08:08:20.905+0000] {dagbag.py:538} INFO - Filling up the DagBag from /home/melicharovykrecek/venv/lib/python3.9/site-packages/airflow/example_dags/example_dynamic_task_mapping.py
[2023-03-12T08:08:20.938+0000] {processor.py:753} INFO - DAG(s) dict_keys(['example_dynamic_task_mapping']) retrieved from /home/melicharovykrecek/venv/lib/python3.9/site-packages/airflow/example_dags/example_dynamic_task_mapping.py
[2023-03-12T08:08:20.967+0000] {logging_mixin.py:137} INFO - [2023-03-12T08:08:20.966+0000] {dag.py:2690} INFO - Sync 1 DAGs
[2023-03-12T08:08:20.993+0000] {logging_mixin.py:137} INFO - [2023-03-12T08:08:20.993+0000] {dag.py:3437} INFO - Setting next_dagrun for example_dynamic_task_mapping to 2022-03-04T00:00:00+00:00, run_after=2022-03-05T00:00:00+00:00
[2023-03-12T08:08:21.020+0000] {processor.py:175} INFO - Processing /home/melicharovykrecek/venv/lib/python3.9/site-packages/airflow/example_dags/example_dynamic_task_mapping.py took 0.122 seconds
[2023-03-12T08:09:09.749+0000] {processor.py:153} INFO - Started process (PID=4082) to work on /home/melicharovykrecek/venv/lib/python3.9/site-packages/airflow/example_dags/example_dynamic_task_mapping.py
[2023-03-12T08:09:09.751+0000] {processor.py:743} INFO - Processing file /home/melicharovykrecek/venv/lib/python3.9/site-packages/airflow/example_dags/example_dynamic_task_mapping.py for tasks to queue
[2023-03-12T08:09:09.752+0000] {logging_mixin.py:137} INFO - [2023-03-12T08:09:09.752+0000] {dagbag.py:538} INFO - Filling up the DagBag from /home/melicharovykrecek/venv/lib/python3.9/site-packages/airflow/example_dags/example_dynamic_task_mapping.py
[2023-03-12T08:09:09.782+0000] {processor.py:753} INFO - DAG(s) dict_keys(['example_dynamic_task_mapping']) retrieved from /home/melicharovykrecek/venv/lib/python3.9/site-packages/airflow/example_dags/example_dynamic_task_mapping.py
[2023-03-12T08:09:09.808+0000] {logging_mixin.py:137} INFO - [2023-03-12T08:09:09.807+0000] {dag.py:2690} INFO - Sync 1 DAGs
[2023-03-12T08:09:09.832+0000] {logging_mixin.py:137} INFO - [2023-03-12T08:09:09.832+0000] {dag.py:3437} INFO - Setting next_dagrun for example_dynamic_task_mapping to 2022-03-04T00:00:00+00:00, run_after=2022-03-05T00:00:00+00:00
[2023-03-12T08:09:09.859+0000] {processor.py:175} INFO - Processing /home/melicharovykrecek/venv/lib/python3.9/site-packages/airflow/example_dags/example_dynamic_task_mapping.py took 0.115 seconds
[2023-03-12T08:10:00.709+0000] {processor.py:153} INFO - Started process (PID=4130) to work on /home/melicharovykrecek/venv/lib/python3.9/site-packages/airflow/example_dags/example_dynamic_task_mapping.py
[2023-03-12T08:10:00.711+0000] {processor.py:743} INFO - Processing file /home/melicharovykrecek/venv/lib/python3.9/site-packages/airflow/example_dags/example_dynamic_task_mapping.py for tasks to queue
[2023-03-12T08:10:00.712+0000] {logging_mixin.py:137} INFO - [2023-03-12T08:10:00.712+0000] {dagbag.py:538} INFO - Filling up the DagBag from /home/melicharovykrecek/venv/lib/python3.9/site-packages/airflow/example_dags/example_dynamic_task_mapping.py
[2023-03-12T08:10:00.743+0000] {processor.py:753} INFO - DAG(s) dict_keys(['example_dynamic_task_mapping']) retrieved from /home/melicharovykrecek/venv/lib/python3.9/site-packages/airflow/example_dags/example_dynamic_task_mapping.py
[2023-03-12T08:10:00.769+0000] {logging_mixin.py:137} INFO - [2023-03-12T08:10:00.769+0000] {dag.py:2690} INFO - Sync 1 DAGs
[2023-03-12T08:10:00.797+0000] {logging_mixin.py:137} INFO - [2023-03-12T08:10:00.797+0000] {dag.py:3437} INFO - Setting next_dagrun for example_dynamic_task_mapping to 2022-03-04T00:00:00+00:00, run_after=2022-03-05T00:00:00+00:00
[2023-03-12T08:10:01.004+0000] {processor.py:175} INFO - Processing /home/melicharovykrecek/venv/lib/python3.9/site-packages/airflow/example_dags/example_dynamic_task_mapping.py took 0.299 seconds
[2023-03-12T08:10:44.343+0000] {processor.py:153} INFO - Started process (PID=4174) to work on /home/melicharovykrecek/venv/lib/python3.9/site-packages/airflow/example_dags/example_dynamic_task_mapping.py
[2023-03-12T08:10:44.345+0000] {processor.py:743} INFO - Processing file /home/melicharovykrecek/venv/lib/python3.9/site-packages/airflow/example_dags/example_dynamic_task_mapping.py for tasks to queue
[2023-03-12T08:10:44.346+0000] {logging_mixin.py:137} INFO - [2023-03-12T08:10:44.346+0000] {dagbag.py:538} INFO - Filling up the DagBag from /home/melicharovykrecek/venv/lib/python3.9/site-packages/airflow/example_dags/example_dynamic_task_mapping.py
[2023-03-12T08:10:44.375+0000] {processor.py:753} INFO - DAG(s) dict_keys(['example_dynamic_task_mapping']) retrieved from /home/melicharovykrecek/venv/lib/python3.9/site-packages/airflow/example_dags/example_dynamic_task_mapping.py
[2023-03-12T08:10:44.399+0000] {logging_mixin.py:137} INFO - [2023-03-12T08:10:44.399+0000] {dag.py:2690} INFO - Sync 1 DAGs
[2023-03-12T08:10:44.425+0000] {logging_mixin.py:137} INFO - [2023-03-12T08:10:44.425+0000] {dag.py:3437} INFO - Setting next_dagrun for example_dynamic_task_mapping to 2022-03-04T00:00:00+00:00, run_after=2022-03-05T00:00:00+00:00
[2023-03-12T08:10:44.453+0000] {processor.py:175} INFO - Processing /home/melicharovykrecek/venv/lib/python3.9/site-packages/airflow/example_dags/example_dynamic_task_mapping.py took 0.115 seconds
[2023-03-12T08:11:29.800+0000] {processor.py:153} INFO - Started process (PID=4227) to work on /home/melicharovykrecek/venv/lib/python3.9/site-packages/airflow/example_dags/example_dynamic_task_mapping.py
[2023-03-12T08:11:29.802+0000] {processor.py:743} INFO - Processing file /home/melicharovykrecek/venv/lib/python3.9/site-packages/airflow/example_dags/example_dynamic_task_mapping.py for tasks to queue
[2023-03-12T08:11:29.803+0000] {logging_mixin.py:137} INFO - [2023-03-12T08:11:29.803+0000] {dagbag.py:538} INFO - Filling up the DagBag from /home/melicharovykrecek/venv/lib/python3.9/site-packages/airflow/example_dags/example_dynamic_task_mapping.py
[2023-03-12T08:11:29.833+0000] {processor.py:753} INFO - DAG(s) dict_keys(['example_dynamic_task_mapping']) retrieved from /home/melicharovykrecek/venv/lib/python3.9/site-packages/airflow/example_dags/example_dynamic_task_mapping.py
[2023-03-12T08:11:29.859+0000] {logging_mixin.py:137} INFO - [2023-03-12T08:11:29.859+0000] {dag.py:2690} INFO - Sync 1 DAGs
[2023-03-12T08:11:29.884+0000] {logging_mixin.py:137} INFO - [2023-03-12T08:11:29.883+0000] {dag.py:3437} INFO - Setting next_dagrun for example_dynamic_task_mapping to 2022-03-04T00:00:00+00:00, run_after=2022-03-05T00:00:00+00:00
[2023-03-12T08:11:29.912+0000] {processor.py:175} INFO - Processing /home/melicharovykrecek/venv/lib/python3.9/site-packages/airflow/example_dags/example_dynamic_task_mapping.py took 0.117 seconds
[2023-03-12T08:12:20.993+0000] {processor.py:153} INFO - Started process (PID=4297) to work on /home/melicharovykrecek/venv/lib/python3.9/site-packages/airflow/example_dags/example_dynamic_task_mapping.py
[2023-03-12T08:12:20.995+0000] {processor.py:743} INFO - Processing file /home/melicharovykrecek/venv/lib/python3.9/site-packages/airflow/example_dags/example_dynamic_task_mapping.py for tasks to queue
[2023-03-12T08:12:20.996+0000] {logging_mixin.py:137} INFO - [2023-03-12T08:12:20.996+0000] {dagbag.py:538} INFO - Filling up the DagBag from /home/melicharovykrecek/venv/lib/python3.9/site-packages/airflow/example_dags/example_dynamic_task_mapping.py
[2023-03-12T08:12:21.028+0000] {processor.py:753} INFO - DAG(s) dict_keys(['example_dynamic_task_mapping']) retrieved from /home/melicharovykrecek/venv/lib/python3.9/site-packages/airflow/example_dags/example_dynamic_task_mapping.py
[2023-03-12T08:12:21.053+0000] {logging_mixin.py:137} INFO - [2023-03-12T08:12:21.053+0000] {dag.py:2690} INFO - Sync 1 DAGs
[2023-03-12T08:12:21.077+0000] {logging_mixin.py:137} INFO - [2023-03-12T08:12:21.076+0000] {dag.py:3437} INFO - Setting next_dagrun for example_dynamic_task_mapping to 2022-03-04T00:00:00+00:00, run_after=2022-03-05T00:00:00+00:00
[2023-03-12T08:12:21.104+0000] {processor.py:175} INFO - Processing /home/melicharovykrecek/venv/lib/python3.9/site-packages/airflow/example_dags/example_dynamic_task_mapping.py took 0.116 seconds
[2023-03-12T08:13:06.462+0000] {processor.py:153} INFO - Started process (PID=4360) to work on /home/melicharovykrecek/venv/lib/python3.9/site-packages/airflow/example_dags/example_dynamic_task_mapping.py
[2023-03-12T08:13:06.464+0000] {processor.py:743} INFO - Processing file /home/melicharovykrecek/venv/lib/python3.9/site-packages/airflow/example_dags/example_dynamic_task_mapping.py for tasks to queue
[2023-03-12T08:13:06.465+0000] {logging_mixin.py:137} INFO - [2023-03-12T08:13:06.465+0000] {dagbag.py:538} INFO - Filling up the DagBag from /home/melicharovykrecek/venv/lib/python3.9/site-packages/airflow/example_dags/example_dynamic_task_mapping.py
[2023-03-12T08:13:06.495+0000] {processor.py:753} INFO - DAG(s) dict_keys(['example_dynamic_task_mapping']) retrieved from /home/melicharovykrecek/venv/lib/python3.9/site-packages/airflow/example_dags/example_dynamic_task_mapping.py
[2023-03-12T08:13:06.519+0000] {logging_mixin.py:137} INFO - [2023-03-12T08:13:06.519+0000] {dag.py:2690} INFO - Sync 1 DAGs
[2023-03-12T08:13:06.544+0000] {logging_mixin.py:137} INFO - [2023-03-12T08:13:06.543+0000] {dag.py:3437} INFO - Setting next_dagrun for example_dynamic_task_mapping to 2022-03-04T00:00:00+00:00, run_after=2022-03-05T00:00:00+00:00
[2023-03-12T08:13:06.573+0000] {processor.py:175} INFO - Processing /home/melicharovykrecek/venv/lib/python3.9/site-packages/airflow/example_dags/example_dynamic_task_mapping.py took 0.115 seconds
[2023-03-12T08:13:47.920+0000] {processor.py:153} INFO - Started process (PID=4403) to work on /home/melicharovykrecek/venv/lib/python3.9/site-packages/airflow/example_dags/example_dynamic_task_mapping.py
[2023-03-12T08:13:47.922+0000] {processor.py:743} INFO - Processing file /home/melicharovykrecek/venv/lib/python3.9/site-packages/airflow/example_dags/example_dynamic_task_mapping.py for tasks to queue
[2023-03-12T08:13:47.923+0000] {logging_mixin.py:137} INFO - [2023-03-12T08:13:47.923+0000] {dagbag.py:538} INFO - Filling up the DagBag from /home/melicharovykrecek/venv/lib/python3.9/site-packages/airflow/example_dags/example_dynamic_task_mapping.py
[2023-03-12T08:13:47.954+0000] {processor.py:753} INFO - DAG(s) dict_keys(['example_dynamic_task_mapping']) retrieved from /home/melicharovykrecek/venv/lib/python3.9/site-packages/airflow/example_dags/example_dynamic_task_mapping.py
[2023-03-12T08:13:47.979+0000] {logging_mixin.py:137} INFO - [2023-03-12T08:13:47.979+0000] {dag.py:2690} INFO - Sync 1 DAGs
[2023-03-12T08:13:48.005+0000] {logging_mixin.py:137} INFO - [2023-03-12T08:13:48.005+0000] {dag.py:3437} INFO - Setting next_dagrun for example_dynamic_task_mapping to 2022-03-04T00:00:00+00:00, run_after=2022-03-05T00:00:00+00:00
[2023-03-12T08:13:48.035+0000] {processor.py:175} INFO - Processing /home/melicharovykrecek/venv/lib/python3.9/site-packages/airflow/example_dags/example_dynamic_task_mapping.py took 0.120 seconds
[2023-03-12T08:14:37.750+0000] {processor.py:153} INFO - Started process (PID=4472) to work on /home/melicharovykrecek/venv/lib/python3.9/site-packages/airflow/example_dags/example_dynamic_task_mapping.py
[2023-03-12T08:14:37.752+0000] {processor.py:743} INFO - Processing file /home/melicharovykrecek/venv/lib/python3.9/site-packages/airflow/example_dags/example_dynamic_task_mapping.py for tasks to queue
[2023-03-12T08:14:37.755+0000] {logging_mixin.py:137} INFO - [2023-03-12T08:14:37.754+0000] {dagbag.py:538} INFO - Filling up the DagBag from /home/melicharovykrecek/venv/lib/python3.9/site-packages/airflow/example_dags/example_dynamic_task_mapping.py
[2023-03-12T08:14:37.784+0000] {processor.py:753} INFO - DAG(s) dict_keys(['example_dynamic_task_mapping']) retrieved from /home/melicharovykrecek/venv/lib/python3.9/site-packages/airflow/example_dags/example_dynamic_task_mapping.py
[2023-03-12T08:14:37.811+0000] {logging_mixin.py:137} INFO - [2023-03-12T08:14:37.811+0000] {dag.py:2690} INFO - Sync 1 DAGs
[2023-03-12T08:14:37.837+0000] {logging_mixin.py:137} INFO - [2023-03-12T08:14:37.837+0000] {dag.py:3437} INFO - Setting next_dagrun for example_dynamic_task_mapping to 2022-03-04T00:00:00+00:00, run_after=2022-03-05T00:00:00+00:00
[2023-03-12T08:14:37.865+0000] {processor.py:175} INFO - Processing /home/melicharovykrecek/venv/lib/python3.9/site-packages/airflow/example_dags/example_dynamic_task_mapping.py took 0.119 seconds
[2023-03-12T08:15:24.986+0000] {processor.py:153} INFO - Started process (PID=4518) to work on /home/melicharovykrecek/venv/lib/python3.9/site-packages/airflow/example_dags/example_dynamic_task_mapping.py
[2023-03-12T08:15:24.988+0000] {processor.py:743} INFO - Processing file /home/melicharovykrecek/venv/lib/python3.9/site-packages/airflow/example_dags/example_dynamic_task_mapping.py for tasks to queue
[2023-03-12T08:15:24.990+0000] {logging_mixin.py:137} INFO - [2023-03-12T08:15:24.989+0000] {dagbag.py:538} INFO - Filling up the DagBag from /home/melicharovykrecek/venv/lib/python3.9/site-packages/airflow/example_dags/example_dynamic_task_mapping.py
[2023-03-12T08:15:25.020+0000] {processor.py:753} INFO - DAG(s) dict_keys(['example_dynamic_task_mapping']) retrieved from /home/melicharovykrecek/venv/lib/python3.9/site-packages/airflow/example_dags/example_dynamic_task_mapping.py
[2023-03-12T08:15:25.045+0000] {logging_mixin.py:137} INFO - [2023-03-12T08:15:25.045+0000] {dag.py:2690} INFO - Sync 1 DAGs
[2023-03-12T08:15:25.069+0000] {logging_mixin.py:137} INFO - [2023-03-12T08:15:25.068+0000] {dag.py:3437} INFO - Setting next_dagrun for example_dynamic_task_mapping to 2022-03-04T00:00:00+00:00, run_after=2022-03-05T00:00:00+00:00
[2023-03-12T08:15:25.096+0000] {processor.py:175} INFO - Processing /home/melicharovykrecek/venv/lib/python3.9/site-packages/airflow/example_dags/example_dynamic_task_mapping.py took 0.115 seconds
[2023-03-12T08:16:17.380+0000] {processor.py:153} INFO - Started process (PID=4574) to work on /home/melicharovykrecek/venv/lib/python3.9/site-packages/airflow/example_dags/example_dynamic_task_mapping.py
[2023-03-12T08:16:17.382+0000] {processor.py:743} INFO - Processing file /home/melicharovykrecek/venv/lib/python3.9/site-packages/airflow/example_dags/example_dynamic_task_mapping.py for tasks to queue
[2023-03-12T08:16:17.383+0000] {logging_mixin.py:137} INFO - [2023-03-12T08:16:17.383+0000] {dagbag.py:538} INFO - Filling up the DagBag from /home/melicharovykrecek/venv/lib/python3.9/site-packages/airflow/example_dags/example_dynamic_task_mapping.py
[2023-03-12T08:16:17.415+0000] {processor.py:753} INFO - DAG(s) dict_keys(['example_dynamic_task_mapping']) retrieved from /home/melicharovykrecek/venv/lib/python3.9/site-packages/airflow/example_dags/example_dynamic_task_mapping.py
[2023-03-12T08:16:17.440+0000] {logging_mixin.py:137} INFO - [2023-03-12T08:16:17.440+0000] {dag.py:2690} INFO - Sync 1 DAGs
[2023-03-12T08:16:17.464+0000] {logging_mixin.py:137} INFO - [2023-03-12T08:16:17.464+0000] {dag.py:3437} INFO - Setting next_dagrun for example_dynamic_task_mapping to 2022-03-04T00:00:00+00:00, run_after=2022-03-05T00:00:00+00:00
[2023-03-12T08:16:17.490+0000] {processor.py:175} INFO - Processing /home/melicharovykrecek/venv/lib/python3.9/site-packages/airflow/example_dags/example_dynamic_task_mapping.py took 0.115 seconds
[2023-03-12T08:17:10.336+0000] {processor.py:153} INFO - Started process (PID=4636) to work on /home/melicharovykrecek/venv/lib/python3.9/site-packages/airflow/example_dags/example_dynamic_task_mapping.py
[2023-03-12T08:17:10.338+0000] {processor.py:743} INFO - Processing file /home/melicharovykrecek/venv/lib/python3.9/site-packages/airflow/example_dags/example_dynamic_task_mapping.py for tasks to queue
[2023-03-12T08:17:10.339+0000] {logging_mixin.py:137} INFO - [2023-03-12T08:17:10.339+0000] {dagbag.py:538} INFO - Filling up the DagBag from /home/melicharovykrecek/venv/lib/python3.9/site-packages/airflow/example_dags/example_dynamic_task_mapping.py
[2023-03-12T08:17:10.369+0000] {processor.py:753} INFO - DAG(s) dict_keys(['example_dynamic_task_mapping']) retrieved from /home/melicharovykrecek/venv/lib/python3.9/site-packages/airflow/example_dags/example_dynamic_task_mapping.py
[2023-03-12T08:17:10.393+0000] {logging_mixin.py:137} INFO - [2023-03-12T08:17:10.393+0000] {dag.py:2690} INFO - Sync 1 DAGs
[2023-03-12T08:17:10.419+0000] {logging_mixin.py:137} INFO - [2023-03-12T08:17:10.419+0000] {dag.py:3437} INFO - Setting next_dagrun for example_dynamic_task_mapping to 2022-03-04T00:00:00+00:00, run_after=2022-03-05T00:00:00+00:00
[2023-03-12T08:17:10.616+0000] {processor.py:175} INFO - Processing /home/melicharovykrecek/venv/lib/python3.9/site-packages/airflow/example_dags/example_dynamic_task_mapping.py took 0.285 seconds
[2023-03-12T08:17:51.775+0000] {processor.py:153} INFO - Started process (PID=4675) to work on /home/melicharovykrecek/venv/lib/python3.9/site-packages/airflow/example_dags/example_dynamic_task_mapping.py
[2023-03-12T08:17:51.777+0000] {processor.py:743} INFO - Processing file /home/melicharovykrecek/venv/lib/python3.9/site-packages/airflow/example_dags/example_dynamic_task_mapping.py for tasks to queue
[2023-03-12T08:17:51.778+0000] {logging_mixin.py:137} INFO - [2023-03-12T08:17:51.778+0000] {dagbag.py:538} INFO - Filling up the DagBag from /home/melicharovykrecek/venv/lib/python3.9/site-packages/airflow/example_dags/example_dynamic_task_mapping.py
[2023-03-12T08:17:51.807+0000] {processor.py:753} INFO - DAG(s) dict_keys(['example_dynamic_task_mapping']) retrieved from /home/melicharovykrecek/venv/lib/python3.9/site-packages/airflow/example_dags/example_dynamic_task_mapping.py
[2023-03-12T08:17:51.833+0000] {logging_mixin.py:137} INFO - [2023-03-12T08:17:51.833+0000] {dag.py:2690} INFO - Sync 1 DAGs
[2023-03-12T08:17:51.860+0000] {logging_mixin.py:137} INFO - [2023-03-12T08:17:51.859+0000] {dag.py:3437} INFO - Setting next_dagrun for example_dynamic_task_mapping to 2022-03-04T00:00:00+00:00, run_after=2022-03-05T00:00:00+00:00
[2023-03-12T08:17:51.888+0000] {processor.py:175} INFO - Processing /home/melicharovykrecek/venv/lib/python3.9/site-packages/airflow/example_dags/example_dynamic_task_mapping.py took 0.117 seconds
[2023-03-12T08:18:37.576+0000] {processor.py:153} INFO - Started process (PID=4720) to work on /home/melicharovykrecek/venv/lib/python3.9/site-packages/airflow/example_dags/example_dynamic_task_mapping.py
[2023-03-12T08:18:37.579+0000] {processor.py:743} INFO - Processing file /home/melicharovykrecek/venv/lib/python3.9/site-packages/airflow/example_dags/example_dynamic_task_mapping.py for tasks to queue
[2023-03-12T08:18:37.580+0000] {logging_mixin.py:137} INFO - [2023-03-12T08:18:37.579+0000] {dagbag.py:538} INFO - Filling up the DagBag from /home/melicharovykrecek/venv/lib/python3.9/site-packages/airflow/example_dags/example_dynamic_task_mapping.py
[2023-03-12T08:18:37.611+0000] {processor.py:753} INFO - DAG(s) dict_keys(['example_dynamic_task_mapping']) retrieved from /home/melicharovykrecek/venv/lib/python3.9/site-packages/airflow/example_dags/example_dynamic_task_mapping.py
[2023-03-12T08:18:37.638+0000] {logging_mixin.py:137} INFO - [2023-03-12T08:18:37.638+0000] {dag.py:2690} INFO - Sync 1 DAGs
[2023-03-12T08:18:37.662+0000] {logging_mixin.py:137} INFO - [2023-03-12T08:18:37.661+0000] {dag.py:3437} INFO - Setting next_dagrun for example_dynamic_task_mapping to 2022-03-04T00:00:00+00:00, run_after=2022-03-05T00:00:00+00:00
[2023-03-12T08:18:37.688+0000] {processor.py:175} INFO - Processing /home/melicharovykrecek/venv/lib/python3.9/site-packages/airflow/example_dags/example_dynamic_task_mapping.py took 0.117 seconds
[2023-03-12T08:19:25.822+0000] {processor.py:153} INFO - Started process (PID=4768) to work on /home/melicharovykrecek/venv/lib/python3.9/site-packages/airflow/example_dags/example_dynamic_task_mapping.py
[2023-03-12T08:19:25.824+0000] {processor.py:743} INFO - Processing file /home/melicharovykrecek/venv/lib/python3.9/site-packages/airflow/example_dags/example_dynamic_task_mapping.py for tasks to queue
[2023-03-12T08:19:25.825+0000] {logging_mixin.py:137} INFO - [2023-03-12T08:19:25.825+0000] {dagbag.py:538} INFO - Filling up the DagBag from /home/melicharovykrecek/venv/lib/python3.9/site-packages/airflow/example_dags/example_dynamic_task_mapping.py
[2023-03-12T08:19:25.855+0000] {processor.py:753} INFO - DAG(s) dict_keys(['example_dynamic_task_mapping']) retrieved from /home/melicharovykrecek/venv/lib/python3.9/site-packages/airflow/example_dags/example_dynamic_task_mapping.py
[2023-03-12T08:19:25.881+0000] {logging_mixin.py:137} INFO - [2023-03-12T08:19:25.880+0000] {dag.py:2690} INFO - Sync 1 DAGs
[2023-03-12T08:19:25.906+0000] {logging_mixin.py:137} INFO - [2023-03-12T08:19:25.906+0000] {dag.py:3437} INFO - Setting next_dagrun for example_dynamic_task_mapping to 2022-03-04T00:00:00+00:00, run_after=2022-03-05T00:00:00+00:00
[2023-03-12T08:19:25.933+0000] {processor.py:175} INFO - Processing /home/melicharovykrecek/venv/lib/python3.9/site-packages/airflow/example_dags/example_dynamic_task_mapping.py took 0.116 seconds
[2023-03-12T08:20:14.350+0000] {processor.py:153} INFO - Started process (PID=4820) to work on /home/melicharovykrecek/venv/lib/python3.9/site-packages/airflow/example_dags/example_dynamic_task_mapping.py
[2023-03-12T08:20:14.352+0000] {processor.py:743} INFO - Processing file /home/melicharovykrecek/venv/lib/python3.9/site-packages/airflow/example_dags/example_dynamic_task_mapping.py for tasks to queue
[2023-03-12T08:20:14.353+0000] {logging_mixin.py:137} INFO - [2023-03-12T08:20:14.353+0000] {dagbag.py:538} INFO - Filling up the DagBag from /home/melicharovykrecek/venv/lib/python3.9/site-packages/airflow/example_dags/example_dynamic_task_mapping.py
[2023-03-12T08:20:14.385+0000] {processor.py:753} INFO - DAG(s) dict_keys(['example_dynamic_task_mapping']) retrieved from /home/melicharovykrecek/venv/lib/python3.9/site-packages/airflow/example_dags/example_dynamic_task_mapping.py
[2023-03-12T08:20:14.410+0000] {logging_mixin.py:137} INFO - [2023-03-12T08:20:14.409+0000] {dag.py:2690} INFO - Sync 1 DAGs
[2023-03-12T08:20:14.436+0000] {logging_mixin.py:137} INFO - [2023-03-12T08:20:14.436+0000] {dag.py:3437} INFO - Setting next_dagrun for example_dynamic_task_mapping to 2022-03-04T00:00:00+00:00, run_after=2022-03-05T00:00:00+00:00
[2023-03-12T08:20:14.462+0000] {processor.py:175} INFO - Processing /home/melicharovykrecek/venv/lib/python3.9/site-packages/airflow/example_dags/example_dynamic_task_mapping.py took 0.117 seconds
[2023-03-12T08:20:56.821+0000] {processor.py:153} INFO - Started process (PID=4861) to work on /home/melicharovykrecek/venv/lib/python3.9/site-packages/airflow/example_dags/example_dynamic_task_mapping.py
[2023-03-12T08:20:56.823+0000] {processor.py:743} INFO - Processing file /home/melicharovykrecek/venv/lib/python3.9/site-packages/airflow/example_dags/example_dynamic_task_mapping.py for tasks to queue
[2023-03-12T08:20:56.824+0000] {logging_mixin.py:137} INFO - [2023-03-12T08:20:56.823+0000] {dagbag.py:538} INFO - Filling up the DagBag from /home/melicharovykrecek/venv/lib/python3.9/site-packages/airflow/example_dags/example_dynamic_task_mapping.py
[2023-03-12T08:20:56.852+0000] {processor.py:753} INFO - DAG(s) dict_keys(['example_dynamic_task_mapping']) retrieved from /home/melicharovykrecek/venv/lib/python3.9/site-packages/airflow/example_dags/example_dynamic_task_mapping.py
[2023-03-12T08:20:56.877+0000] {logging_mixin.py:137} INFO - [2023-03-12T08:20:56.877+0000] {dag.py:2690} INFO - Sync 1 DAGs
[2023-03-12T08:20:56.903+0000] {logging_mixin.py:137} INFO - [2023-03-12T08:20:56.903+0000] {dag.py:3437} INFO - Setting next_dagrun for example_dynamic_task_mapping to 2022-03-04T00:00:00+00:00, run_after=2022-03-05T00:00:00+00:00
[2023-03-12T08:20:57.100+0000] {processor.py:175} INFO - Processing /home/melicharovykrecek/venv/lib/python3.9/site-packages/airflow/example_dags/example_dynamic_task_mapping.py took 0.284 seconds
