[2023-03-12T07:30:41.844+0000] {processor.py:153} INFO - Started process (PID=1487) to work on /home/melicharovykrecek/venv/lib/python3.9/site-packages/airflow/example_dags/tutorial.py
[2023-03-12T07:30:41.845+0000] {processor.py:743} INFO - Processing file /home/melicharovykrecek/venv/lib/python3.9/site-packages/airflow/example_dags/tutorial.py for tasks to queue
[2023-03-12T07:30:41.846+0000] {logging_mixin.py:137} INFO - [2023-03-12T07:30:41.846+0000] {dagbag.py:538} INFO - Filling up the DagBag from /home/melicharovykrecek/venv/lib/python3.9/site-packages/airflow/example_dags/tutorial.py
[2023-03-12T07:30:41.863+0000] {processor.py:753} INFO - DAG(s) dict_keys(['tutorial']) retrieved from /home/melicharovykrecek/venv/lib/python3.9/site-packages/airflow/example_dags/tutorial.py
[2023-03-12T07:30:41.888+0000] {logging_mixin.py:137} INFO - [2023-03-12T07:30:41.888+0000] {dag.py:2690} INFO - Sync 1 DAGs
[2023-03-12T07:30:41.911+0000] {logging_mixin.py:137} INFO - [2023-03-12T07:30:41.911+0000] {dag.py:3437} INFO - Setting next_dagrun for tutorial to 2023-03-11T07:30:41.911060+00:00, run_after=2023-03-12T07:30:41.911060+00:00
[2023-03-12T07:30:41.937+0000] {processor.py:175} INFO - Processing /home/melicharovykrecek/venv/lib/python3.9/site-packages/airflow/example_dags/tutorial.py took 0.098 seconds
[2023-03-12T07:31:23.497+0000] {processor.py:153} INFO - Started process (PID=1531) to work on /home/melicharovykrecek/venv/lib/python3.9/site-packages/airflow/example_dags/tutorial.py
[2023-03-12T07:31:23.503+0000] {processor.py:743} INFO - Processing file /home/melicharovykrecek/venv/lib/python3.9/site-packages/airflow/example_dags/tutorial.py for tasks to queue
[2023-03-12T07:31:23.504+0000] {logging_mixin.py:137} INFO - [2023-03-12T07:31:23.504+0000] {dagbag.py:538} INFO - Filling up the DagBag from /home/melicharovykrecek/venv/lib/python3.9/site-packages/airflow/example_dags/tutorial.py
[2023-03-12T07:31:23.523+0000] {processor.py:753} INFO - DAG(s) dict_keys(['tutorial']) retrieved from /home/melicharovykrecek/venv/lib/python3.9/site-packages/airflow/example_dags/tutorial.py
[2023-03-12T07:31:23.548+0000] {logging_mixin.py:137} INFO - [2023-03-12T07:31:23.548+0000] {dag.py:2690} INFO - Sync 1 DAGs
[2023-03-12T07:31:23.575+0000] {logging_mixin.py:137} INFO - [2023-03-12T07:31:23.575+0000] {dag.py:3437} INFO - Setting next_dagrun for tutorial to 2023-03-11T07:31:23.575036+00:00, run_after=2023-03-12T07:31:23.575036+00:00
[2023-03-12T07:31:23.604+0000] {processor.py:175} INFO - Processing /home/melicharovykrecek/venv/lib/python3.9/site-packages/airflow/example_dags/tutorial.py took 0.112 seconds
[2023-03-12T07:32:04.520+0000] {processor.py:153} INFO - Started process (PID=1590) to work on /home/melicharovykrecek/venv/lib/python3.9/site-packages/airflow/example_dags/tutorial.py
[2023-03-12T07:32:04.522+0000] {processor.py:743} INFO - Processing file /home/melicharovykrecek/venv/lib/python3.9/site-packages/airflow/example_dags/tutorial.py for tasks to queue
[2023-03-12T07:32:04.523+0000] {logging_mixin.py:137} INFO - [2023-03-12T07:32:04.523+0000] {dagbag.py:538} INFO - Filling up the DagBag from /home/melicharovykrecek/venv/lib/python3.9/site-packages/airflow/example_dags/tutorial.py
[2023-03-12T07:32:04.541+0000] {processor.py:753} INFO - DAG(s) dict_keys(['tutorial']) retrieved from /home/melicharovykrecek/venv/lib/python3.9/site-packages/airflow/example_dags/tutorial.py
[2023-03-12T07:32:04.566+0000] {logging_mixin.py:137} INFO - [2023-03-12T07:32:04.566+0000] {dag.py:2690} INFO - Sync 1 DAGs
[2023-03-12T07:32:04.591+0000] {logging_mixin.py:137} INFO - [2023-03-12T07:32:04.591+0000] {dag.py:3437} INFO - Setting next_dagrun for tutorial to 2023-03-11T07:32:04.591171+00:00, run_after=2023-03-12T07:32:04.591171+00:00
[2023-03-12T07:32:04.618+0000] {processor.py:175} INFO - Processing /home/melicharovykrecek/venv/lib/python3.9/site-packages/airflow/example_dags/tutorial.py took 0.102 seconds
[2023-03-12T07:32:51.259+0000] {processor.py:153} INFO - Started process (PID=1640) to work on /home/melicharovykrecek/venv/lib/python3.9/site-packages/airflow/example_dags/tutorial.py
[2023-03-12T07:32:51.261+0000] {processor.py:743} INFO - Processing file /home/melicharovykrecek/venv/lib/python3.9/site-packages/airflow/example_dags/tutorial.py for tasks to queue
[2023-03-12T07:32:51.262+0000] {logging_mixin.py:137} INFO - [2023-03-12T07:32:51.262+0000] {dagbag.py:538} INFO - Filling up the DagBag from /home/melicharovykrecek/venv/lib/python3.9/site-packages/airflow/example_dags/tutorial.py
[2023-03-12T07:32:51.281+0000] {processor.py:753} INFO - DAG(s) dict_keys(['tutorial']) retrieved from /home/melicharovykrecek/venv/lib/python3.9/site-packages/airflow/example_dags/tutorial.py
[2023-03-12T07:32:51.306+0000] {logging_mixin.py:137} INFO - [2023-03-12T07:32:51.306+0000] {dag.py:2690} INFO - Sync 1 DAGs
[2023-03-12T07:32:51.329+0000] {logging_mixin.py:137} INFO - [2023-03-12T07:32:51.329+0000] {dag.py:3437} INFO - Setting next_dagrun for tutorial to 2023-03-11T07:32:51.328687+00:00, run_after=2023-03-12T07:32:51.328687+00:00
[2023-03-12T07:32:51.354+0000] {processor.py:175} INFO - Processing /home/melicharovykrecek/venv/lib/python3.9/site-packages/airflow/example_dags/tutorial.py took 0.099 seconds
[2023-03-12T07:33:33.423+0000] {processor.py:153} INFO - Started process (PID=1684) to work on /home/melicharovykrecek/venv/lib/python3.9/site-packages/airflow/example_dags/tutorial.py
[2023-03-12T07:33:33.425+0000] {processor.py:743} INFO - Processing file /home/melicharovykrecek/venv/lib/python3.9/site-packages/airflow/example_dags/tutorial.py for tasks to queue
[2023-03-12T07:33:33.426+0000] {logging_mixin.py:137} INFO - [2023-03-12T07:33:33.426+0000] {dagbag.py:538} INFO - Filling up the DagBag from /home/melicharovykrecek/venv/lib/python3.9/site-packages/airflow/example_dags/tutorial.py
[2023-03-12T07:33:33.443+0000] {processor.py:753} INFO - DAG(s) dict_keys(['tutorial']) retrieved from /home/melicharovykrecek/venv/lib/python3.9/site-packages/airflow/example_dags/tutorial.py
[2023-03-12T07:33:33.468+0000] {logging_mixin.py:137} INFO - [2023-03-12T07:33:33.468+0000] {dag.py:2690} INFO - Sync 1 DAGs
[2023-03-12T07:33:33.491+0000] {logging_mixin.py:137} INFO - [2023-03-12T07:33:33.491+0000] {dag.py:3437} INFO - Setting next_dagrun for tutorial to 2023-03-11T07:33:33.491259+00:00, run_after=2023-03-12T07:33:33.491259+00:00
[2023-03-12T07:33:33.515+0000] {processor.py:175} INFO - Processing /home/melicharovykrecek/venv/lib/python3.9/site-packages/airflow/example_dags/tutorial.py took 0.097 seconds
[2023-03-12T07:34:21.638+0000] {processor.py:153} INFO - Started process (PID=1730) to work on /home/melicharovykrecek/venv/lib/python3.9/site-packages/airflow/example_dags/tutorial.py
[2023-03-12T07:34:21.640+0000] {processor.py:743} INFO - Processing file /home/melicharovykrecek/venv/lib/python3.9/site-packages/airflow/example_dags/tutorial.py for tasks to queue
[2023-03-12T07:34:21.640+0000] {logging_mixin.py:137} INFO - [2023-03-12T07:34:21.640+0000] {dagbag.py:538} INFO - Filling up the DagBag from /home/melicharovykrecek/venv/lib/python3.9/site-packages/airflow/example_dags/tutorial.py
[2023-03-12T07:34:21.658+0000] {processor.py:753} INFO - DAG(s) dict_keys(['tutorial']) retrieved from /home/melicharovykrecek/venv/lib/python3.9/site-packages/airflow/example_dags/tutorial.py
[2023-03-12T07:34:21.681+0000] {logging_mixin.py:137} INFO - [2023-03-12T07:34:21.681+0000] {dag.py:2690} INFO - Sync 1 DAGs
[2023-03-12T07:34:21.706+0000] {logging_mixin.py:137} INFO - [2023-03-12T07:34:21.706+0000] {dag.py:3437} INFO - Setting next_dagrun for tutorial to 2023-03-11T07:34:21.705948+00:00, run_after=2023-03-12T07:34:21.705948+00:00
[2023-03-12T07:34:21.733+0000] {processor.py:175} INFO - Processing /home/melicharovykrecek/venv/lib/python3.9/site-packages/airflow/example_dags/tutorial.py took 0.101 seconds
[2023-03-12T07:34:59.346+0000] {processor.py:153} INFO - Started process (PID=1802) to work on /home/melicharovykrecek/venv/lib/python3.9/site-packages/airflow/example_dags/tutorial.py
[2023-03-12T07:34:59.348+0000] {processor.py:743} INFO - Processing file /home/melicharovykrecek/venv/lib/python3.9/site-packages/airflow/example_dags/tutorial.py for tasks to queue
[2023-03-12T07:34:59.349+0000] {logging_mixin.py:137} INFO - [2023-03-12T07:34:59.348+0000] {dagbag.py:538} INFO - Filling up the DagBag from /home/melicharovykrecek/venv/lib/python3.9/site-packages/airflow/example_dags/tutorial.py
[2023-03-12T07:34:59.366+0000] {processor.py:753} INFO - DAG(s) dict_keys(['tutorial']) retrieved from /home/melicharovykrecek/venv/lib/python3.9/site-packages/airflow/example_dags/tutorial.py
[2023-03-12T07:34:59.390+0000] {logging_mixin.py:137} INFO - [2023-03-12T07:34:59.389+0000] {dag.py:2690} INFO - Sync 1 DAGs
[2023-03-12T07:34:59.412+0000] {logging_mixin.py:137} INFO - [2023-03-12T07:34:59.411+0000] {dag.py:3437} INFO - Setting next_dagrun for tutorial to 2023-03-11T07:34:59.411454+00:00, run_after=2023-03-12T07:34:59.411454+00:00
[2023-03-12T07:34:59.437+0000] {processor.py:175} INFO - Processing /home/melicharovykrecek/venv/lib/python3.9/site-packages/airflow/example_dags/tutorial.py took 0.096 seconds
[2023-03-12T07:35:47.751+0000] {processor.py:153} INFO - Started process (PID=1859) to work on /home/melicharovykrecek/venv/lib/python3.9/site-packages/airflow/example_dags/tutorial.py
[2023-03-12T07:35:47.753+0000] {processor.py:743} INFO - Processing file /home/melicharovykrecek/venv/lib/python3.9/site-packages/airflow/example_dags/tutorial.py for tasks to queue
[2023-03-12T07:35:47.754+0000] {logging_mixin.py:137} INFO - [2023-03-12T07:35:47.754+0000] {dagbag.py:538} INFO - Filling up the DagBag from /home/melicharovykrecek/venv/lib/python3.9/site-packages/airflow/example_dags/tutorial.py
[2023-03-12T07:35:47.771+0000] {processor.py:753} INFO - DAG(s) dict_keys(['tutorial']) retrieved from /home/melicharovykrecek/venv/lib/python3.9/site-packages/airflow/example_dags/tutorial.py
[2023-03-12T07:35:47.796+0000] {logging_mixin.py:137} INFO - [2023-03-12T07:35:47.795+0000] {dag.py:2690} INFO - Sync 1 DAGs
[2023-03-12T07:35:47.819+0000] {logging_mixin.py:137} INFO - [2023-03-12T07:35:47.819+0000] {dag.py:3437} INFO - Setting next_dagrun for tutorial to 2023-03-11T07:35:47.819158+00:00, run_after=2023-03-12T07:35:47.819158+00:00
[2023-03-12T07:35:47.844+0000] {processor.py:175} INFO - Processing /home/melicharovykrecek/venv/lib/python3.9/site-packages/airflow/example_dags/tutorial.py took 0.098 seconds
[2023-03-12T07:36:25.990+0000] {processor.py:153} INFO - Started process (PID=1910) to work on /home/melicharovykrecek/venv/lib/python3.9/site-packages/airflow/example_dags/tutorial.py
[2023-03-12T07:36:25.992+0000] {processor.py:743} INFO - Processing file /home/melicharovykrecek/venv/lib/python3.9/site-packages/airflow/example_dags/tutorial.py for tasks to queue
[2023-03-12T07:36:25.993+0000] {logging_mixin.py:137} INFO - [2023-03-12T07:36:25.993+0000] {dagbag.py:538} INFO - Filling up the DagBag from /home/melicharovykrecek/venv/lib/python3.9/site-packages/airflow/example_dags/tutorial.py
[2023-03-12T07:36:26.013+0000] {processor.py:753} INFO - DAG(s) dict_keys(['tutorial']) retrieved from /home/melicharovykrecek/venv/lib/python3.9/site-packages/airflow/example_dags/tutorial.py
[2023-03-12T07:36:26.039+0000] {logging_mixin.py:137} INFO - [2023-03-12T07:36:26.038+0000] {dag.py:2690} INFO - Sync 1 DAGs
[2023-03-12T07:36:26.061+0000] {logging_mixin.py:137} INFO - [2023-03-12T07:36:26.061+0000] {dag.py:3437} INFO - Setting next_dagrun for tutorial to 2023-03-11T07:36:26.060995+00:00, run_after=2023-03-12T07:36:26.060995+00:00
[2023-03-12T07:36:26.090+0000] {processor.py:175} INFO - Processing /home/melicharovykrecek/venv/lib/python3.9/site-packages/airflow/example_dags/tutorial.py took 0.105 seconds
[2023-03-12T07:37:03.819+0000] {processor.py:153} INFO - Started process (PID=1947) to work on /home/melicharovykrecek/venv/lib/python3.9/site-packages/airflow/example_dags/tutorial.py
[2023-03-12T07:37:03.821+0000] {processor.py:743} INFO - Processing file /home/melicharovykrecek/venv/lib/python3.9/site-packages/airflow/example_dags/tutorial.py for tasks to queue
[2023-03-12T07:37:03.823+0000] {logging_mixin.py:137} INFO - [2023-03-12T07:37:03.823+0000] {dagbag.py:538} INFO - Filling up the DagBag from /home/melicharovykrecek/venv/lib/python3.9/site-packages/airflow/example_dags/tutorial.py
[2023-03-12T07:37:03.842+0000] {processor.py:753} INFO - DAG(s) dict_keys(['tutorial']) retrieved from /home/melicharovykrecek/venv/lib/python3.9/site-packages/airflow/example_dags/tutorial.py
[2023-03-12T07:37:03.868+0000] {logging_mixin.py:137} INFO - [2023-03-12T07:37:03.867+0000] {dag.py:2690} INFO - Sync 1 DAGs
[2023-03-12T07:37:03.892+0000] {logging_mixin.py:137} INFO - [2023-03-12T07:37:03.892+0000] {dag.py:3437} INFO - Setting next_dagrun for tutorial to 2023-03-11T07:37:03.892175+00:00, run_after=2023-03-12T07:37:03.892175+00:00
[2023-03-12T07:37:03.919+0000] {processor.py:175} INFO - Processing /home/melicharovykrecek/venv/lib/python3.9/site-packages/airflow/example_dags/tutorial.py took 0.104 seconds
[2023-03-12T07:37:49.530+0000] {processor.py:153} INFO - Started process (PID=1996) to work on /home/melicharovykrecek/venv/lib/python3.9/site-packages/airflow/example_dags/tutorial.py
[2023-03-12T07:37:49.532+0000] {processor.py:743} INFO - Processing file /home/melicharovykrecek/venv/lib/python3.9/site-packages/airflow/example_dags/tutorial.py for tasks to queue
[2023-03-12T07:37:49.533+0000] {logging_mixin.py:137} INFO - [2023-03-12T07:37:49.533+0000] {dagbag.py:538} INFO - Filling up the DagBag from /home/melicharovykrecek/venv/lib/python3.9/site-packages/airflow/example_dags/tutorial.py
[2023-03-12T07:37:49.551+0000] {processor.py:753} INFO - DAG(s) dict_keys(['tutorial']) retrieved from /home/melicharovykrecek/venv/lib/python3.9/site-packages/airflow/example_dags/tutorial.py
[2023-03-12T07:37:49.577+0000] {logging_mixin.py:137} INFO - [2023-03-12T07:37:49.576+0000] {dag.py:2690} INFO - Sync 1 DAGs
[2023-03-12T07:37:49.600+0000] {logging_mixin.py:137} INFO - [2023-03-12T07:37:49.599+0000] {dag.py:3437} INFO - Setting next_dagrun for tutorial to 2023-03-11T07:37:49.599429+00:00, run_after=2023-03-12T07:37:49.599429+00:00
[2023-03-12T07:37:49.627+0000] {processor.py:175} INFO - Processing /home/melicharovykrecek/venv/lib/python3.9/site-packages/airflow/example_dags/tutorial.py took 0.101 seconds
[2023-03-12T07:38:38.397+0000] {processor.py:153} INFO - Started process (PID=2044) to work on /home/melicharovykrecek/venv/lib/python3.9/site-packages/airflow/example_dags/tutorial.py
[2023-03-12T07:38:38.399+0000] {processor.py:743} INFO - Processing file /home/melicharovykrecek/venv/lib/python3.9/site-packages/airflow/example_dags/tutorial.py for tasks to queue
[2023-03-12T07:38:38.400+0000] {logging_mixin.py:137} INFO - [2023-03-12T07:38:38.400+0000] {dagbag.py:538} INFO - Filling up the DagBag from /home/melicharovykrecek/venv/lib/python3.9/site-packages/airflow/example_dags/tutorial.py
[2023-03-12T07:38:38.418+0000] {processor.py:753} INFO - DAG(s) dict_keys(['tutorial']) retrieved from /home/melicharovykrecek/venv/lib/python3.9/site-packages/airflow/example_dags/tutorial.py
[2023-03-12T07:38:38.443+0000] {logging_mixin.py:137} INFO - [2023-03-12T07:38:38.442+0000] {dag.py:2690} INFO - Sync 1 DAGs
[2023-03-12T07:38:38.465+0000] {logging_mixin.py:137} INFO - [2023-03-12T07:38:38.465+0000] {dag.py:3437} INFO - Setting next_dagrun for tutorial to 2023-03-11T07:38:38.465399+00:00, run_after=2023-03-12T07:38:38.465399+00:00
[2023-03-12T07:38:38.493+0000] {processor.py:175} INFO - Processing /home/melicharovykrecek/venv/lib/python3.9/site-packages/airflow/example_dags/tutorial.py took 0.102 seconds
[2023-03-12T07:39:17.192+0000] {processor.py:153} INFO - Started process (PID=2091) to work on /home/melicharovykrecek/venv/lib/python3.9/site-packages/airflow/example_dags/tutorial.py
[2023-03-12T07:39:17.194+0000] {processor.py:743} INFO - Processing file /home/melicharovykrecek/venv/lib/python3.9/site-packages/airflow/example_dags/tutorial.py for tasks to queue
[2023-03-12T07:39:17.195+0000] {logging_mixin.py:137} INFO - [2023-03-12T07:39:17.195+0000] {dagbag.py:538} INFO - Filling up the DagBag from /home/melicharovykrecek/venv/lib/python3.9/site-packages/airflow/example_dags/tutorial.py
[2023-03-12T07:39:17.213+0000] {processor.py:753} INFO - DAG(s) dict_keys(['tutorial']) retrieved from /home/melicharovykrecek/venv/lib/python3.9/site-packages/airflow/example_dags/tutorial.py
[2023-03-12T07:39:17.239+0000] {logging_mixin.py:137} INFO - [2023-03-12T07:39:17.239+0000] {dag.py:2690} INFO - Sync 1 DAGs
[2023-03-12T07:39:17.266+0000] {logging_mixin.py:137} INFO - [2023-03-12T07:39:17.266+0000] {dag.py:3437} INFO - Setting next_dagrun for tutorial to 2023-03-11T07:39:17.265700+00:00, run_after=2023-03-12T07:39:17.265700+00:00
[2023-03-12T07:39:17.295+0000] {processor.py:175} INFO - Processing /home/melicharovykrecek/venv/lib/python3.9/site-packages/airflow/example_dags/tutorial.py took 0.107 seconds
[2023-03-12T07:40:03.564+0000] {processor.py:153} INFO - Started process (PID=2148) to work on /home/melicharovykrecek/venv/lib/python3.9/site-packages/airflow/example_dags/tutorial.py
[2023-03-12T07:40:03.566+0000] {processor.py:743} INFO - Processing file /home/melicharovykrecek/venv/lib/python3.9/site-packages/airflow/example_dags/tutorial.py for tasks to queue
[2023-03-12T07:40:03.567+0000] {logging_mixin.py:137} INFO - [2023-03-12T07:40:03.567+0000] {dagbag.py:538} INFO - Filling up the DagBag from /home/melicharovykrecek/venv/lib/python3.9/site-packages/airflow/example_dags/tutorial.py
[2023-03-12T07:40:03.587+0000] {processor.py:753} INFO - DAG(s) dict_keys(['tutorial']) retrieved from /home/melicharovykrecek/venv/lib/python3.9/site-packages/airflow/example_dags/tutorial.py
[2023-03-12T07:40:03.614+0000] {logging_mixin.py:137} INFO - [2023-03-12T07:40:03.614+0000] {dag.py:2690} INFO - Sync 1 DAGs
[2023-03-12T07:40:03.641+0000] {logging_mixin.py:137} INFO - [2023-03-12T07:40:03.640+0000] {dag.py:3437} INFO - Setting next_dagrun for tutorial to 2023-03-11T07:40:03.640472+00:00, run_after=2023-03-12T07:40:03.640472+00:00
[2023-03-12T07:40:03.669+0000] {processor.py:175} INFO - Processing /home/melicharovykrecek/venv/lib/python3.9/site-packages/airflow/example_dags/tutorial.py took 0.110 seconds
[2023-03-12T07:40:49.564+0000] {processor.py:153} INFO - Started process (PID=2221) to work on /home/melicharovykrecek/venv/lib/python3.9/site-packages/airflow/example_dags/tutorial.py
[2023-03-12T07:40:49.566+0000] {processor.py:743} INFO - Processing file /home/melicharovykrecek/venv/lib/python3.9/site-packages/airflow/example_dags/tutorial.py for tasks to queue
[2023-03-12T07:40:49.567+0000] {logging_mixin.py:137} INFO - [2023-03-12T07:40:49.566+0000] {dagbag.py:538} INFO - Filling up the DagBag from /home/melicharovykrecek/venv/lib/python3.9/site-packages/airflow/example_dags/tutorial.py
[2023-03-12T07:40:49.586+0000] {processor.py:753} INFO - DAG(s) dict_keys(['tutorial']) retrieved from /home/melicharovykrecek/venv/lib/python3.9/site-packages/airflow/example_dags/tutorial.py
[2023-03-12T07:40:49.613+0000] {logging_mixin.py:137} INFO - [2023-03-12T07:40:49.613+0000] {dag.py:2690} INFO - Sync 1 DAGs
[2023-03-12T07:40:49.638+0000] {logging_mixin.py:137} INFO - [2023-03-12T07:40:49.637+0000] {dag.py:3437} INFO - Setting next_dagrun for tutorial to 2023-03-11T07:40:49.637616+00:00, run_after=2023-03-12T07:40:49.637616+00:00
[2023-03-12T07:40:49.666+0000] {processor.py:175} INFO - Processing /home/melicharovykrecek/venv/lib/python3.9/site-packages/airflow/example_dags/tutorial.py took 0.108 seconds
[2023-03-12T07:41:28.706+0000] {processor.py:153} INFO - Started process (PID=2273) to work on /home/melicharovykrecek/venv/lib/python3.9/site-packages/airflow/example_dags/tutorial.py
[2023-03-12T07:41:28.708+0000] {processor.py:743} INFO - Processing file /home/melicharovykrecek/venv/lib/python3.9/site-packages/airflow/example_dags/tutorial.py for tasks to queue
[2023-03-12T07:41:28.708+0000] {logging_mixin.py:137} INFO - [2023-03-12T07:41:28.708+0000] {dagbag.py:538} INFO - Filling up the DagBag from /home/melicharovykrecek/venv/lib/python3.9/site-packages/airflow/example_dags/tutorial.py
[2023-03-12T07:41:28.727+0000] {processor.py:753} INFO - DAG(s) dict_keys(['tutorial']) retrieved from /home/melicharovykrecek/venv/lib/python3.9/site-packages/airflow/example_dags/tutorial.py
[2023-03-12T07:41:28.752+0000] {logging_mixin.py:137} INFO - [2023-03-12T07:41:28.752+0000] {dag.py:2690} INFO - Sync 1 DAGs
[2023-03-12T07:41:28.775+0000] {logging_mixin.py:137} INFO - [2023-03-12T07:41:28.775+0000] {dag.py:3437} INFO - Setting next_dagrun for tutorial to 2023-03-11T07:41:28.775260+00:00, run_after=2023-03-12T07:41:28.775260+00:00
[2023-03-12T07:41:28.803+0000] {processor.py:175} INFO - Processing /home/melicharovykrecek/venv/lib/python3.9/site-packages/airflow/example_dags/tutorial.py took 0.104 seconds
[2023-03-12T07:42:12.087+0000] {processor.py:153} INFO - Started process (PID=2317) to work on /home/melicharovykrecek/venv/lib/python3.9/site-packages/airflow/example_dags/tutorial.py
[2023-03-12T07:42:12.089+0000] {processor.py:743} INFO - Processing file /home/melicharovykrecek/venv/lib/python3.9/site-packages/airflow/example_dags/tutorial.py for tasks to queue
[2023-03-12T07:42:12.090+0000] {logging_mixin.py:137} INFO - [2023-03-12T07:42:12.090+0000] {dagbag.py:538} INFO - Filling up the DagBag from /home/melicharovykrecek/venv/lib/python3.9/site-packages/airflow/example_dags/tutorial.py
[2023-03-12T07:42:12.109+0000] {processor.py:753} INFO - DAG(s) dict_keys(['tutorial']) retrieved from /home/melicharovykrecek/venv/lib/python3.9/site-packages/airflow/example_dags/tutorial.py
[2023-03-12T07:42:12.134+0000] {logging_mixin.py:137} INFO - [2023-03-12T07:42:12.134+0000] {dag.py:2690} INFO - Sync 1 DAGs
[2023-03-12T07:42:12.158+0000] {logging_mixin.py:137} INFO - [2023-03-12T07:42:12.158+0000] {dag.py:3437} INFO - Setting next_dagrun for tutorial to 2023-03-11T07:42:12.157748+00:00, run_after=2023-03-12T07:42:12.157748+00:00
[2023-03-12T07:42:12.187+0000] {processor.py:175} INFO - Processing /home/melicharovykrecek/venv/lib/python3.9/site-packages/airflow/example_dags/tutorial.py took 0.104 seconds
[2023-03-12T07:42:58.010+0000] {processor.py:153} INFO - Started process (PID=2361) to work on /home/melicharovykrecek/venv/lib/python3.9/site-packages/airflow/example_dags/tutorial.py
[2023-03-12T07:42:58.012+0000] {processor.py:743} INFO - Processing file /home/melicharovykrecek/venv/lib/python3.9/site-packages/airflow/example_dags/tutorial.py for tasks to queue
[2023-03-12T07:42:58.013+0000] {logging_mixin.py:137} INFO - [2023-03-12T07:42:58.013+0000] {dagbag.py:538} INFO - Filling up the DagBag from /home/melicharovykrecek/venv/lib/python3.9/site-packages/airflow/example_dags/tutorial.py
[2023-03-12T07:42:58.032+0000] {processor.py:753} INFO - DAG(s) dict_keys(['tutorial']) retrieved from /home/melicharovykrecek/venv/lib/python3.9/site-packages/airflow/example_dags/tutorial.py
[2023-03-12T07:42:58.058+0000] {logging_mixin.py:137} INFO - [2023-03-12T07:42:58.057+0000] {dag.py:2690} INFO - Sync 1 DAGs
[2023-03-12T07:42:58.083+0000] {logging_mixin.py:137} INFO - [2023-03-12T07:42:58.083+0000] {dag.py:3437} INFO - Setting next_dagrun for tutorial to 2023-03-11T07:42:58.082594+00:00, run_after=2023-03-12T07:42:58.082594+00:00
[2023-03-12T07:42:58.110+0000] {processor.py:175} INFO - Processing /home/melicharovykrecek/venv/lib/python3.9/site-packages/airflow/example_dags/tutorial.py took 0.105 seconds
[2023-03-12T07:43:47.979+0000] {processor.py:153} INFO - Started process (PID=2432) to work on /home/melicharovykrecek/venv/lib/python3.9/site-packages/airflow/example_dags/tutorial.py
[2023-03-12T07:43:47.981+0000] {processor.py:743} INFO - Processing file /home/melicharovykrecek/venv/lib/python3.9/site-packages/airflow/example_dags/tutorial.py for tasks to queue
[2023-03-12T07:43:47.982+0000] {logging_mixin.py:137} INFO - [2023-03-12T07:43:47.982+0000] {dagbag.py:538} INFO - Filling up the DagBag from /home/melicharovykrecek/venv/lib/python3.9/site-packages/airflow/example_dags/tutorial.py
[2023-03-12T07:43:48.001+0000] {processor.py:753} INFO - DAG(s) dict_keys(['tutorial']) retrieved from /home/melicharovykrecek/venv/lib/python3.9/site-packages/airflow/example_dags/tutorial.py
[2023-03-12T07:43:48.028+0000] {logging_mixin.py:137} INFO - [2023-03-12T07:43:48.027+0000] {dag.py:2690} INFO - Sync 1 DAGs
[2023-03-12T07:43:48.052+0000] {logging_mixin.py:137} INFO - [2023-03-12T07:43:48.052+0000] {dag.py:3437} INFO - Setting next_dagrun for tutorial to 2023-03-11T07:43:48.052302+00:00, run_after=2023-03-12T07:43:48.052302+00:00
[2023-03-12T07:43:48.081+0000] {processor.py:175} INFO - Processing /home/melicharovykrecek/venv/lib/python3.9/site-packages/airflow/example_dags/tutorial.py took 0.107 seconds
[2023-03-12T07:44:26.759+0000] {processor.py:153} INFO - Started process (PID=2469) to work on /home/melicharovykrecek/venv/lib/python3.9/site-packages/airflow/example_dags/tutorial.py
[2023-03-12T07:44:26.761+0000] {processor.py:743} INFO - Processing file /home/melicharovykrecek/venv/lib/python3.9/site-packages/airflow/example_dags/tutorial.py for tasks to queue
[2023-03-12T07:44:26.762+0000] {logging_mixin.py:137} INFO - [2023-03-12T07:44:26.762+0000] {dagbag.py:538} INFO - Filling up the DagBag from /home/melicharovykrecek/venv/lib/python3.9/site-packages/airflow/example_dags/tutorial.py
[2023-03-12T07:44:26.784+0000] {processor.py:753} INFO - DAG(s) dict_keys(['tutorial']) retrieved from /home/melicharovykrecek/venv/lib/python3.9/site-packages/airflow/example_dags/tutorial.py
[2023-03-12T07:44:26.810+0000] {logging_mixin.py:137} INFO - [2023-03-12T07:44:26.810+0000] {dag.py:2690} INFO - Sync 1 DAGs
[2023-03-12T07:44:26.836+0000] {logging_mixin.py:137} INFO - [2023-03-12T07:44:26.835+0000] {dag.py:3437} INFO - Setting next_dagrun for tutorial to 2023-03-11T07:44:26.835278+00:00, run_after=2023-03-12T07:44:26.835278+00:00
[2023-03-12T07:44:26.865+0000] {processor.py:175} INFO - Processing /home/melicharovykrecek/venv/lib/python3.9/site-packages/airflow/example_dags/tutorial.py took 0.110 seconds
[2023-03-12T07:45:14.890+0000] {processor.py:153} INFO - Started process (PID=2521) to work on /home/melicharovykrecek/venv/lib/python3.9/site-packages/airflow/example_dags/tutorial.py
[2023-03-12T07:45:14.892+0000] {processor.py:743} INFO - Processing file /home/melicharovykrecek/venv/lib/python3.9/site-packages/airflow/example_dags/tutorial.py for tasks to queue
[2023-03-12T07:45:14.893+0000] {logging_mixin.py:137} INFO - [2023-03-12T07:45:14.893+0000] {dagbag.py:538} INFO - Filling up the DagBag from /home/melicharovykrecek/venv/lib/python3.9/site-packages/airflow/example_dags/tutorial.py
[2023-03-12T07:45:14.912+0000] {processor.py:753} INFO - DAG(s) dict_keys(['tutorial']) retrieved from /home/melicharovykrecek/venv/lib/python3.9/site-packages/airflow/example_dags/tutorial.py
[2023-03-12T07:45:14.938+0000] {logging_mixin.py:137} INFO - [2023-03-12T07:45:14.938+0000] {dag.py:2690} INFO - Sync 1 DAGs
[2023-03-12T07:45:14.963+0000] {logging_mixin.py:137} INFO - [2023-03-12T07:45:14.962+0000] {dag.py:3437} INFO - Setting next_dagrun for tutorial to 2023-03-11T07:45:14.962430+00:00, run_after=2023-03-12T07:45:14.962430+00:00
[2023-03-12T07:45:14.992+0000] {processor.py:175} INFO - Processing /home/melicharovykrecek/venv/lib/python3.9/site-packages/airflow/example_dags/tutorial.py took 0.106 seconds
[2023-03-12T07:46:00.335+0000] {processor.py:153} INFO - Started process (PID=2630) to work on /home/melicharovykrecek/venv/lib/python3.9/site-packages/airflow/example_dags/tutorial.py
[2023-03-12T07:46:00.337+0000] {processor.py:743} INFO - Processing file /home/melicharovykrecek/venv/lib/python3.9/site-packages/airflow/example_dags/tutorial.py for tasks to queue
[2023-03-12T07:46:00.338+0000] {logging_mixin.py:137} INFO - [2023-03-12T07:46:00.338+0000] {dagbag.py:538} INFO - Filling up the DagBag from /home/melicharovykrecek/venv/lib/python3.9/site-packages/airflow/example_dags/tutorial.py
[2023-03-12T07:46:00.359+0000] {processor.py:753} INFO - DAG(s) dict_keys(['tutorial']) retrieved from /home/melicharovykrecek/venv/lib/python3.9/site-packages/airflow/example_dags/tutorial.py
[2023-03-12T07:46:00.387+0000] {logging_mixin.py:137} INFO - [2023-03-12T07:46:00.386+0000] {dag.py:2690} INFO - Sync 1 DAGs
[2023-03-12T07:46:00.414+0000] {logging_mixin.py:137} INFO - [2023-03-12T07:46:00.413+0000] {dag.py:3437} INFO - Setting next_dagrun for tutorial to 2023-03-11T07:46:00.413561+00:00, run_after=2023-03-12T07:46:00.413561+00:00
[2023-03-12T07:46:00.443+0000] {processor.py:175} INFO - Processing /home/melicharovykrecek/venv/lib/python3.9/site-packages/airflow/example_dags/tutorial.py took 0.113 seconds
[2023-03-12T07:46:49.302+0000] {processor.py:153} INFO - Started process (PID=2688) to work on /home/melicharovykrecek/venv/lib/python3.9/site-packages/airflow/example_dags/tutorial.py
[2023-03-12T07:46:49.304+0000] {processor.py:743} INFO - Processing file /home/melicharovykrecek/venv/lib/python3.9/site-packages/airflow/example_dags/tutorial.py for tasks to queue
[2023-03-12T07:46:49.305+0000] {logging_mixin.py:137} INFO - [2023-03-12T07:46:49.305+0000] {dagbag.py:538} INFO - Filling up the DagBag from /home/melicharovykrecek/venv/lib/python3.9/site-packages/airflow/example_dags/tutorial.py
[2023-03-12T07:46:49.325+0000] {processor.py:753} INFO - DAG(s) dict_keys(['tutorial']) retrieved from /home/melicharovykrecek/venv/lib/python3.9/site-packages/airflow/example_dags/tutorial.py
[2023-03-12T07:46:49.350+0000] {logging_mixin.py:137} INFO - [2023-03-12T07:46:49.350+0000] {dag.py:2690} INFO - Sync 1 DAGs
[2023-03-12T07:46:49.375+0000] {logging_mixin.py:137} INFO - [2023-03-12T07:46:49.375+0000] {dag.py:3437} INFO - Setting next_dagrun for tutorial to 2023-03-11T07:46:49.375114+00:00, run_after=2023-03-12T07:46:49.375114+00:00
[2023-03-12T07:46:49.402+0000] {processor.py:175} INFO - Processing /home/melicharovykrecek/venv/lib/python3.9/site-packages/airflow/example_dags/tutorial.py took 0.105 seconds
[2023-03-12T07:47:37.405+0000] {processor.py:153} INFO - Started process (PID=2735) to work on /home/melicharovykrecek/venv/lib/python3.9/site-packages/airflow/example_dags/tutorial.py
[2023-03-12T07:47:37.407+0000] {processor.py:743} INFO - Processing file /home/melicharovykrecek/venv/lib/python3.9/site-packages/airflow/example_dags/tutorial.py for tasks to queue
[2023-03-12T07:47:37.408+0000] {logging_mixin.py:137} INFO - [2023-03-12T07:47:37.408+0000] {dagbag.py:538} INFO - Filling up the DagBag from /home/melicharovykrecek/venv/lib/python3.9/site-packages/airflow/example_dags/tutorial.py
[2023-03-12T07:47:37.427+0000] {processor.py:753} INFO - DAG(s) dict_keys(['tutorial']) retrieved from /home/melicharovykrecek/venv/lib/python3.9/site-packages/airflow/example_dags/tutorial.py
[2023-03-12T07:47:37.453+0000] {logging_mixin.py:137} INFO - [2023-03-12T07:47:37.452+0000] {dag.py:2690} INFO - Sync 1 DAGs
[2023-03-12T07:47:37.476+0000] {logging_mixin.py:137} INFO - [2023-03-12T07:47:37.476+0000] {dag.py:3437} INFO - Setting next_dagrun for tutorial to 2023-03-11T07:47:37.476142+00:00, run_after=2023-03-12T07:47:37.476142+00:00
[2023-03-12T07:47:37.503+0000] {processor.py:175} INFO - Processing /home/melicharovykrecek/venv/lib/python3.9/site-packages/airflow/example_dags/tutorial.py took 0.102 seconds
[2023-03-12T07:48:23.060+0000] {processor.py:153} INFO - Started process (PID=2780) to work on /home/melicharovykrecek/venv/lib/python3.9/site-packages/airflow/example_dags/tutorial.py
[2023-03-12T07:48:23.062+0000] {processor.py:743} INFO - Processing file /home/melicharovykrecek/venv/lib/python3.9/site-packages/airflow/example_dags/tutorial.py for tasks to queue
[2023-03-12T07:48:23.063+0000] {logging_mixin.py:137} INFO - [2023-03-12T07:48:23.063+0000] {dagbag.py:538} INFO - Filling up the DagBag from /home/melicharovykrecek/venv/lib/python3.9/site-packages/airflow/example_dags/tutorial.py
[2023-03-12T07:48:23.082+0000] {processor.py:753} INFO - DAG(s) dict_keys(['tutorial']) retrieved from /home/melicharovykrecek/venv/lib/python3.9/site-packages/airflow/example_dags/tutorial.py
[2023-03-12T07:48:23.108+0000] {logging_mixin.py:137} INFO - [2023-03-12T07:48:23.108+0000] {dag.py:2690} INFO - Sync 1 DAGs
[2023-03-12T07:48:23.132+0000] {logging_mixin.py:137} INFO - [2023-03-12T07:48:23.132+0000] {dag.py:3437} INFO - Setting next_dagrun for tutorial to 2023-03-11T07:48:23.131856+00:00, run_after=2023-03-12T07:48:23.131856+00:00
[2023-03-12T07:48:23.160+0000] {processor.py:175} INFO - Processing /home/melicharovykrecek/venv/lib/python3.9/site-packages/airflow/example_dags/tutorial.py took 0.105 seconds
[2023-03-12T07:49:06.356+0000] {processor.py:153} INFO - Started process (PID=2822) to work on /home/melicharovykrecek/venv/lib/python3.9/site-packages/airflow/example_dags/tutorial.py
[2023-03-12T07:49:06.358+0000] {processor.py:743} INFO - Processing file /home/melicharovykrecek/venv/lib/python3.9/site-packages/airflow/example_dags/tutorial.py for tasks to queue
[2023-03-12T07:49:06.359+0000] {logging_mixin.py:137} INFO - [2023-03-12T07:49:06.359+0000] {dagbag.py:538} INFO - Filling up the DagBag from /home/melicharovykrecek/venv/lib/python3.9/site-packages/airflow/example_dags/tutorial.py
[2023-03-12T07:49:06.378+0000] {processor.py:753} INFO - DAG(s) dict_keys(['tutorial']) retrieved from /home/melicharovykrecek/venv/lib/python3.9/site-packages/airflow/example_dags/tutorial.py
[2023-03-12T07:49:06.403+0000] {logging_mixin.py:137} INFO - [2023-03-12T07:49:06.403+0000] {dag.py:2690} INFO - Sync 1 DAGs
[2023-03-12T07:49:06.427+0000] {logging_mixin.py:137} INFO - [2023-03-12T07:49:06.427+0000] {dag.py:3437} INFO - Setting next_dagrun for tutorial to 2023-03-11T07:49:06.426988+00:00, run_after=2023-03-12T07:49:06.426988+00:00
[2023-03-12T07:49:06.456+0000] {processor.py:175} INFO - Processing /home/melicharovykrecek/venv/lib/python3.9/site-packages/airflow/example_dags/tutorial.py took 0.106 seconds
[2023-03-12T07:49:52.648+0000] {processor.py:153} INFO - Started process (PID=2867) to work on /home/melicharovykrecek/venv/lib/python3.9/site-packages/airflow/example_dags/tutorial.py
[2023-03-12T07:49:52.650+0000] {processor.py:743} INFO - Processing file /home/melicharovykrecek/venv/lib/python3.9/site-packages/airflow/example_dags/tutorial.py for tasks to queue
[2023-03-12T07:49:52.652+0000] {logging_mixin.py:137} INFO - [2023-03-12T07:49:52.652+0000] {dagbag.py:538} INFO - Filling up the DagBag from /home/melicharovykrecek/venv/lib/python3.9/site-packages/airflow/example_dags/tutorial.py
[2023-03-12T07:49:52.670+0000] {processor.py:753} INFO - DAG(s) dict_keys(['tutorial']) retrieved from /home/melicharovykrecek/venv/lib/python3.9/site-packages/airflow/example_dags/tutorial.py
[2023-03-12T07:49:52.696+0000] {logging_mixin.py:137} INFO - [2023-03-12T07:49:52.696+0000] {dag.py:2690} INFO - Sync 1 DAGs
[2023-03-12T07:49:52.721+0000] {logging_mixin.py:137} INFO - [2023-03-12T07:49:52.720+0000] {dag.py:3437} INFO - Setting next_dagrun for tutorial to 2023-03-11T07:49:52.720600+00:00, run_after=2023-03-12T07:49:52.720600+00:00
[2023-03-12T07:49:52.747+0000] {processor.py:175} INFO - Processing /home/melicharovykrecek/venv/lib/python3.9/site-packages/airflow/example_dags/tutorial.py took 0.103 seconds
[2023-03-12T07:50:32.857+0000] {processor.py:153} INFO - Started process (PID=2910) to work on /home/melicharovykrecek/venv/lib/python3.9/site-packages/airflow/example_dags/tutorial.py
[2023-03-12T07:50:32.859+0000] {processor.py:743} INFO - Processing file /home/melicharovykrecek/venv/lib/python3.9/site-packages/airflow/example_dags/tutorial.py for tasks to queue
[2023-03-12T07:50:32.860+0000] {logging_mixin.py:137} INFO - [2023-03-12T07:50:32.860+0000] {dagbag.py:538} INFO - Filling up the DagBag from /home/melicharovykrecek/venv/lib/python3.9/site-packages/airflow/example_dags/tutorial.py
[2023-03-12T07:50:32.880+0000] {processor.py:753} INFO - DAG(s) dict_keys(['tutorial']) retrieved from /home/melicharovykrecek/venv/lib/python3.9/site-packages/airflow/example_dags/tutorial.py
[2023-03-12T07:50:32.906+0000] {logging_mixin.py:137} INFO - [2023-03-12T07:50:32.906+0000] {dag.py:2690} INFO - Sync 1 DAGs
[2023-03-12T07:50:32.930+0000] {logging_mixin.py:137} INFO - [2023-03-12T07:50:32.930+0000] {dag.py:3437} INFO - Setting next_dagrun for tutorial to 2023-03-11T07:50:32.929714+00:00, run_after=2023-03-12T07:50:32.929714+00:00
[2023-03-12T07:50:32.956+0000] {processor.py:175} INFO - Processing /home/melicharovykrecek/venv/lib/python3.9/site-packages/airflow/example_dags/tutorial.py took 0.104 seconds
[2023-03-12T07:51:21.059+0000] {processor.py:153} INFO - Started process (PID=2962) to work on /home/melicharovykrecek/venv/lib/python3.9/site-packages/airflow/example_dags/tutorial.py
[2023-03-12T07:51:21.061+0000] {processor.py:743} INFO - Processing file /home/melicharovykrecek/venv/lib/python3.9/site-packages/airflow/example_dags/tutorial.py for tasks to queue
[2023-03-12T07:51:21.062+0000] {logging_mixin.py:137} INFO - [2023-03-12T07:51:21.062+0000] {dagbag.py:538} INFO - Filling up the DagBag from /home/melicharovykrecek/venv/lib/python3.9/site-packages/airflow/example_dags/tutorial.py
[2023-03-12T07:51:21.081+0000] {processor.py:753} INFO - DAG(s) dict_keys(['tutorial']) retrieved from /home/melicharovykrecek/venv/lib/python3.9/site-packages/airflow/example_dags/tutorial.py
[2023-03-12T07:51:21.106+0000] {logging_mixin.py:137} INFO - [2023-03-12T07:51:21.105+0000] {dag.py:2690} INFO - Sync 1 DAGs
[2023-03-12T07:51:21.131+0000] {logging_mixin.py:137} INFO - [2023-03-12T07:51:21.131+0000] {dag.py:3437} INFO - Setting next_dagrun for tutorial to 2023-03-11T07:51:21.131080+00:00, run_after=2023-03-12T07:51:21.131080+00:00
[2023-03-12T07:51:21.159+0000] {processor.py:175} INFO - Processing /home/melicharovykrecek/venv/lib/python3.9/site-packages/airflow/example_dags/tutorial.py took 0.105 seconds
[2023-03-12T07:52:09.918+0000] {processor.py:153} INFO - Started process (PID=3009) to work on /home/melicharovykrecek/venv/lib/python3.9/site-packages/airflow/example_dags/tutorial.py
[2023-03-12T07:52:09.920+0000] {processor.py:743} INFO - Processing file /home/melicharovykrecek/venv/lib/python3.9/site-packages/airflow/example_dags/tutorial.py for tasks to queue
[2023-03-12T07:52:09.922+0000] {logging_mixin.py:137} INFO - [2023-03-12T07:52:09.921+0000] {dagbag.py:538} INFO - Filling up the DagBag from /home/melicharovykrecek/venv/lib/python3.9/site-packages/airflow/example_dags/tutorial.py
[2023-03-12T07:52:09.941+0000] {processor.py:753} INFO - DAG(s) dict_keys(['tutorial']) retrieved from /home/melicharovykrecek/venv/lib/python3.9/site-packages/airflow/example_dags/tutorial.py
[2023-03-12T07:52:09.967+0000] {logging_mixin.py:137} INFO - [2023-03-12T07:52:09.967+0000] {dag.py:2690} INFO - Sync 1 DAGs
[2023-03-12T07:52:09.993+0000] {logging_mixin.py:137} INFO - [2023-03-12T07:52:09.992+0000] {dag.py:3437} INFO - Setting next_dagrun for tutorial to 2023-03-11T07:52:09.992447+00:00, run_after=2023-03-12T07:52:09.992447+00:00
[2023-03-12T07:52:10.022+0000] {processor.py:175} INFO - Processing /home/melicharovykrecek/venv/lib/python3.9/site-packages/airflow/example_dags/tutorial.py took 0.108 seconds
[2023-03-12T07:52:53.263+0000] {processor.py:153} INFO - Started process (PID=3052) to work on /home/melicharovykrecek/venv/lib/python3.9/site-packages/airflow/example_dags/tutorial.py
[2023-03-12T07:52:53.265+0000] {processor.py:743} INFO - Processing file /home/melicharovykrecek/venv/lib/python3.9/site-packages/airflow/example_dags/tutorial.py for tasks to queue
[2023-03-12T07:52:53.266+0000] {logging_mixin.py:137} INFO - [2023-03-12T07:52:53.266+0000] {dagbag.py:538} INFO - Filling up the DagBag from /home/melicharovykrecek/venv/lib/python3.9/site-packages/airflow/example_dags/tutorial.py
[2023-03-12T07:52:53.285+0000] {processor.py:753} INFO - DAG(s) dict_keys(['tutorial']) retrieved from /home/melicharovykrecek/venv/lib/python3.9/site-packages/airflow/example_dags/tutorial.py
[2023-03-12T07:52:53.310+0000] {logging_mixin.py:137} INFO - [2023-03-12T07:52:53.310+0000] {dag.py:2690} INFO - Sync 1 DAGs
[2023-03-12T07:52:53.333+0000] {logging_mixin.py:137} INFO - [2023-03-12T07:52:53.333+0000] {dag.py:3437} INFO - Setting next_dagrun for tutorial to 2023-03-11T07:52:53.333275+00:00, run_after=2023-03-12T07:52:53.333275+00:00
[2023-03-12T07:52:53.361+0000] {processor.py:175} INFO - Processing /home/melicharovykrecek/venv/lib/python3.9/site-packages/airflow/example_dags/tutorial.py took 0.102 seconds
[2023-03-12T07:53:36.488+0000] {processor.py:153} INFO - Started process (PID=3095) to work on /home/melicharovykrecek/venv/lib/python3.9/site-packages/airflow/example_dags/tutorial.py
[2023-03-12T07:53:36.490+0000] {processor.py:743} INFO - Processing file /home/melicharovykrecek/venv/lib/python3.9/site-packages/airflow/example_dags/tutorial.py for tasks to queue
[2023-03-12T07:53:36.491+0000] {logging_mixin.py:137} INFO - [2023-03-12T07:53:36.490+0000] {dagbag.py:538} INFO - Filling up the DagBag from /home/melicharovykrecek/venv/lib/python3.9/site-packages/airflow/example_dags/tutorial.py
[2023-03-12T07:53:36.510+0000] {processor.py:753} INFO - DAG(s) dict_keys(['tutorial']) retrieved from /home/melicharovykrecek/venv/lib/python3.9/site-packages/airflow/example_dags/tutorial.py
[2023-03-12T07:53:36.536+0000] {logging_mixin.py:137} INFO - [2023-03-12T07:53:36.535+0000] {dag.py:2690} INFO - Sync 1 DAGs
[2023-03-12T07:53:36.562+0000] {logging_mixin.py:137} INFO - [2023-03-12T07:53:36.562+0000] {dag.py:3437} INFO - Setting next_dagrun for tutorial to 2023-03-11T07:53:36.562267+00:00, run_after=2023-03-12T07:53:36.562267+00:00
[2023-03-12T07:53:36.592+0000] {processor.py:175} INFO - Processing /home/melicharovykrecek/venv/lib/python3.9/site-packages/airflow/example_dags/tutorial.py took 0.110 seconds
[2023-03-12T07:54:24.965+0000] {processor.py:153} INFO - Started process (PID=3140) to work on /home/melicharovykrecek/venv/lib/python3.9/site-packages/airflow/example_dags/tutorial.py
[2023-03-12T07:54:24.967+0000] {processor.py:743} INFO - Processing file /home/melicharovykrecek/venv/lib/python3.9/site-packages/airflow/example_dags/tutorial.py for tasks to queue
[2023-03-12T07:54:24.968+0000] {logging_mixin.py:137} INFO - [2023-03-12T07:54:24.968+0000] {dagbag.py:538} INFO - Filling up the DagBag from /home/melicharovykrecek/venv/lib/python3.9/site-packages/airflow/example_dags/tutorial.py
[2023-03-12T07:54:24.988+0000] {processor.py:753} INFO - DAG(s) dict_keys(['tutorial']) retrieved from /home/melicharovykrecek/venv/lib/python3.9/site-packages/airflow/example_dags/tutorial.py
[2023-03-12T07:54:25.014+0000] {logging_mixin.py:137} INFO - [2023-03-12T07:54:25.014+0000] {dag.py:2690} INFO - Sync 1 DAGs
[2023-03-12T07:54:25.041+0000] {logging_mixin.py:137} INFO - [2023-03-12T07:54:25.041+0000] {dag.py:3437} INFO - Setting next_dagrun for tutorial to 2023-03-11T07:54:25.040896+00:00, run_after=2023-03-12T07:54:25.040896+00:00
[2023-03-12T07:54:25.067+0000] {processor.py:175} INFO - Processing /home/melicharovykrecek/venv/lib/python3.9/site-packages/airflow/example_dags/tutorial.py took 0.108 seconds
[2023-03-12T07:55:09.678+0000] {processor.py:153} INFO - Started process (PID=3184) to work on /home/melicharovykrecek/venv/lib/python3.9/site-packages/airflow/example_dags/tutorial.py
[2023-03-12T07:55:09.681+0000] {processor.py:743} INFO - Processing file /home/melicharovykrecek/venv/lib/python3.9/site-packages/airflow/example_dags/tutorial.py for tasks to queue
[2023-03-12T07:55:09.682+0000] {logging_mixin.py:137} INFO - [2023-03-12T07:55:09.682+0000] {dagbag.py:538} INFO - Filling up the DagBag from /home/melicharovykrecek/venv/lib/python3.9/site-packages/airflow/example_dags/tutorial.py
[2023-03-12T07:55:09.701+0000] {processor.py:753} INFO - DAG(s) dict_keys(['tutorial']) retrieved from /home/melicharovykrecek/venv/lib/python3.9/site-packages/airflow/example_dags/tutorial.py
[2023-03-12T07:55:09.728+0000] {logging_mixin.py:137} INFO - [2023-03-12T07:55:09.727+0000] {dag.py:2690} INFO - Sync 1 DAGs
[2023-03-12T07:55:09.752+0000] {logging_mixin.py:137} INFO - [2023-03-12T07:55:09.751+0000] {dag.py:3437} INFO - Setting next_dagrun for tutorial to 2023-03-11T07:55:09.751567+00:00, run_after=2023-03-12T07:55:09.751567+00:00
[2023-03-12T07:55:09.778+0000] {processor.py:175} INFO - Processing /home/melicharovykrecek/venv/lib/python3.9/site-packages/airflow/example_dags/tutorial.py took 0.104 seconds
[2023-03-12T07:55:54.058+0000] {processor.py:153} INFO - Started process (PID=3229) to work on /home/melicharovykrecek/venv/lib/python3.9/site-packages/airflow/example_dags/tutorial.py
[2023-03-12T07:55:54.060+0000] {processor.py:743} INFO - Processing file /home/melicharovykrecek/venv/lib/python3.9/site-packages/airflow/example_dags/tutorial.py for tasks to queue
[2023-03-12T07:55:54.061+0000] {logging_mixin.py:137} INFO - [2023-03-12T07:55:54.061+0000] {dagbag.py:538} INFO - Filling up the DagBag from /home/melicharovykrecek/venv/lib/python3.9/site-packages/airflow/example_dags/tutorial.py
[2023-03-12T07:55:54.080+0000] {processor.py:753} INFO - DAG(s) dict_keys(['tutorial']) retrieved from /home/melicharovykrecek/venv/lib/python3.9/site-packages/airflow/example_dags/tutorial.py
[2023-03-12T07:55:54.105+0000] {logging_mixin.py:137} INFO - [2023-03-12T07:55:54.105+0000] {dag.py:2690} INFO - Sync 1 DAGs
[2023-03-12T07:55:54.129+0000] {logging_mixin.py:137} INFO - [2023-03-12T07:55:54.129+0000] {dag.py:3437} INFO - Setting next_dagrun for tutorial to 2023-03-11T07:55:54.129200+00:00, run_after=2023-03-12T07:55:54.129200+00:00
[2023-03-12T07:55:54.160+0000] {processor.py:175} INFO - Processing /home/melicharovykrecek/venv/lib/python3.9/site-packages/airflow/example_dags/tutorial.py took 0.107 seconds
[2023-03-12T07:56:39.210+0000] {processor.py:153} INFO - Started process (PID=3274) to work on /home/melicharovykrecek/venv/lib/python3.9/site-packages/airflow/example_dags/tutorial.py
[2023-03-12T07:56:39.212+0000] {processor.py:743} INFO - Processing file /home/melicharovykrecek/venv/lib/python3.9/site-packages/airflow/example_dags/tutorial.py for tasks to queue
[2023-03-12T07:56:39.213+0000] {logging_mixin.py:137} INFO - [2023-03-12T07:56:39.213+0000] {dagbag.py:538} INFO - Filling up the DagBag from /home/melicharovykrecek/venv/lib/python3.9/site-packages/airflow/example_dags/tutorial.py
[2023-03-12T07:56:39.232+0000] {processor.py:753} INFO - DAG(s) dict_keys(['tutorial']) retrieved from /home/melicharovykrecek/venv/lib/python3.9/site-packages/airflow/example_dags/tutorial.py
[2023-03-12T07:56:39.258+0000] {logging_mixin.py:137} INFO - [2023-03-12T07:56:39.258+0000] {dag.py:2690} INFO - Sync 1 DAGs
[2023-03-12T07:56:39.284+0000] {logging_mixin.py:137} INFO - [2023-03-12T07:56:39.284+0000] {dag.py:3437} INFO - Setting next_dagrun for tutorial to 2023-03-11T07:56:39.284066+00:00, run_after=2023-03-12T07:56:39.284066+00:00
[2023-03-12T07:56:39.311+0000] {processor.py:175} INFO - Processing /home/melicharovykrecek/venv/lib/python3.9/site-packages/airflow/example_dags/tutorial.py took 0.105 seconds
[2023-03-12T07:57:25.768+0000] {processor.py:153} INFO - Started process (PID=3319) to work on /home/melicharovykrecek/venv/lib/python3.9/site-packages/airflow/example_dags/tutorial.py
[2023-03-12T07:57:25.770+0000] {processor.py:743} INFO - Processing file /home/melicharovykrecek/venv/lib/python3.9/site-packages/airflow/example_dags/tutorial.py for tasks to queue
[2023-03-12T07:57:25.770+0000] {logging_mixin.py:137} INFO - [2023-03-12T07:57:25.770+0000] {dagbag.py:538} INFO - Filling up the DagBag from /home/melicharovykrecek/venv/lib/python3.9/site-packages/airflow/example_dags/tutorial.py
[2023-03-12T07:57:25.789+0000] {processor.py:753} INFO - DAG(s) dict_keys(['tutorial']) retrieved from /home/melicharovykrecek/venv/lib/python3.9/site-packages/airflow/example_dags/tutorial.py
[2023-03-12T07:57:25.814+0000] {logging_mixin.py:137} INFO - [2023-03-12T07:57:25.814+0000] {dag.py:2690} INFO - Sync 1 DAGs
[2023-03-12T07:57:25.839+0000] {logging_mixin.py:137} INFO - [2023-03-12T07:57:25.839+0000] {dag.py:3437} INFO - Setting next_dagrun for tutorial to 2023-03-11T07:57:25.838937+00:00, run_after=2023-03-12T07:57:25.838937+00:00
[2023-03-12T07:57:25.868+0000] {processor.py:175} INFO - Processing /home/melicharovykrecek/venv/lib/python3.9/site-packages/airflow/example_dags/tutorial.py took 0.105 seconds
[2023-03-12T07:58:15.350+0000] {processor.py:153} INFO - Started process (PID=3365) to work on /home/melicharovykrecek/venv/lib/python3.9/site-packages/airflow/example_dags/tutorial.py
[2023-03-12T07:58:15.352+0000] {processor.py:743} INFO - Processing file /home/melicharovykrecek/venv/lib/python3.9/site-packages/airflow/example_dags/tutorial.py for tasks to queue
[2023-03-12T07:58:15.353+0000] {logging_mixin.py:137} INFO - [2023-03-12T07:58:15.353+0000] {dagbag.py:538} INFO - Filling up the DagBag from /home/melicharovykrecek/venv/lib/python3.9/site-packages/airflow/example_dags/tutorial.py
[2023-03-12T07:58:15.375+0000] {processor.py:753} INFO - DAG(s) dict_keys(['tutorial']) retrieved from /home/melicharovykrecek/venv/lib/python3.9/site-packages/airflow/example_dags/tutorial.py
[2023-03-12T07:58:15.404+0000] {logging_mixin.py:137} INFO - [2023-03-12T07:58:15.404+0000] {dag.py:2690} INFO - Sync 1 DAGs
[2023-03-12T07:58:15.427+0000] {logging_mixin.py:137} INFO - [2023-03-12T07:58:15.427+0000] {dag.py:3437} INFO - Setting next_dagrun for tutorial to 2023-03-11T07:58:15.427332+00:00, run_after=2023-03-12T07:58:15.427332+00:00
[2023-03-12T07:58:15.455+0000] {processor.py:175} INFO - Processing /home/melicharovykrecek/venv/lib/python3.9/site-packages/airflow/example_dags/tutorial.py took 0.110 seconds
[2023-03-12T07:58:59.996+0000] {processor.py:153} INFO - Started process (PID=3409) to work on /home/melicharovykrecek/venv/lib/python3.9/site-packages/airflow/example_dags/tutorial.py
[2023-03-12T07:58:59.998+0000] {processor.py:743} INFO - Processing file /home/melicharovykrecek/venv/lib/python3.9/site-packages/airflow/example_dags/tutorial.py for tasks to queue
[2023-03-12T07:58:59.998+0000] {logging_mixin.py:137} INFO - [2023-03-12T07:58:59.998+0000] {dagbag.py:538} INFO - Filling up the DagBag from /home/melicharovykrecek/venv/lib/python3.9/site-packages/airflow/example_dags/tutorial.py
[2023-03-12T07:59:00.017+0000] {processor.py:753} INFO - DAG(s) dict_keys(['tutorial']) retrieved from /home/melicharovykrecek/venv/lib/python3.9/site-packages/airflow/example_dags/tutorial.py
[2023-03-12T07:59:00.042+0000] {logging_mixin.py:137} INFO - [2023-03-12T07:59:00.042+0000] {dag.py:2690} INFO - Sync 1 DAGs
[2023-03-12T07:59:00.066+0000] {logging_mixin.py:137} INFO - [2023-03-12T07:59:00.066+0000] {dag.py:3437} INFO - Setting next_dagrun for tutorial to 2023-03-11T07:59:00.065739+00:00, run_after=2023-03-12T07:59:00.065739+00:00
[2023-03-12T07:59:00.094+0000] {processor.py:175} INFO - Processing /home/melicharovykrecek/venv/lib/python3.9/site-packages/airflow/example_dags/tutorial.py took 0.103 seconds
[2023-03-12T07:59:46.704+0000] {processor.py:153} INFO - Started process (PID=3455) to work on /home/melicharovykrecek/venv/lib/python3.9/site-packages/airflow/example_dags/tutorial.py
[2023-03-12T07:59:46.706+0000] {processor.py:743} INFO - Processing file /home/melicharovykrecek/venv/lib/python3.9/site-packages/airflow/example_dags/tutorial.py for tasks to queue
[2023-03-12T07:59:46.707+0000] {logging_mixin.py:137} INFO - [2023-03-12T07:59:46.707+0000] {dagbag.py:538} INFO - Filling up the DagBag from /home/melicharovykrecek/venv/lib/python3.9/site-packages/airflow/example_dags/tutorial.py
[2023-03-12T07:59:46.727+0000] {processor.py:753} INFO - DAG(s) dict_keys(['tutorial']) retrieved from /home/melicharovykrecek/venv/lib/python3.9/site-packages/airflow/example_dags/tutorial.py
[2023-03-12T07:59:46.753+0000] {logging_mixin.py:137} INFO - [2023-03-12T07:59:46.752+0000] {dag.py:2690} INFO - Sync 1 DAGs
[2023-03-12T07:59:46.777+0000] {logging_mixin.py:137} INFO - [2023-03-12T07:59:46.777+0000] {dag.py:3437} INFO - Setting next_dagrun for tutorial to 2023-03-11T07:59:46.776731+00:00, run_after=2023-03-12T07:59:46.776731+00:00
[2023-03-12T07:59:46.805+0000] {processor.py:175} INFO - Processing /home/melicharovykrecek/venv/lib/python3.9/site-packages/airflow/example_dags/tutorial.py took 0.105 seconds
[2023-03-12T08:00:34.221+0000] {processor.py:153} INFO - Started process (PID=3528) to work on /home/melicharovykrecek/venv/lib/python3.9/site-packages/airflow/example_dags/tutorial.py
[2023-03-12T08:00:34.223+0000] {processor.py:743} INFO - Processing file /home/melicharovykrecek/venv/lib/python3.9/site-packages/airflow/example_dags/tutorial.py for tasks to queue
[2023-03-12T08:00:34.223+0000] {logging_mixin.py:137} INFO - [2023-03-12T08:00:34.223+0000] {dagbag.py:538} INFO - Filling up the DagBag from /home/melicharovykrecek/venv/lib/python3.9/site-packages/airflow/example_dags/tutorial.py
[2023-03-12T08:00:34.242+0000] {processor.py:753} INFO - DAG(s) dict_keys(['tutorial']) retrieved from /home/melicharovykrecek/venv/lib/python3.9/site-packages/airflow/example_dags/tutorial.py
[2023-03-12T08:00:34.270+0000] {logging_mixin.py:137} INFO - [2023-03-12T08:00:34.269+0000] {dag.py:2690} INFO - Sync 1 DAGs
[2023-03-12T08:00:34.295+0000] {logging_mixin.py:137} INFO - [2023-03-12T08:00:34.295+0000] {dag.py:3437} INFO - Setting next_dagrun for tutorial to 2023-03-11T08:00:34.294906+00:00, run_after=2023-03-12T08:00:34.294906+00:00
[2023-03-12T08:00:34.324+0000] {processor.py:175} INFO - Processing /home/melicharovykrecek/venv/lib/python3.9/site-packages/airflow/example_dags/tutorial.py took 0.108 seconds
[2023-03-12T08:01:12.134+0000] {processor.py:153} INFO - Started process (PID=3570) to work on /home/melicharovykrecek/venv/lib/python3.9/site-packages/airflow/example_dags/tutorial.py
[2023-03-12T08:01:12.136+0000] {processor.py:743} INFO - Processing file /home/melicharovykrecek/venv/lib/python3.9/site-packages/airflow/example_dags/tutorial.py for tasks to queue
[2023-03-12T08:01:12.137+0000] {logging_mixin.py:137} INFO - [2023-03-12T08:01:12.137+0000] {dagbag.py:538} INFO - Filling up the DagBag from /home/melicharovykrecek/venv/lib/python3.9/site-packages/airflow/example_dags/tutorial.py
[2023-03-12T08:01:12.156+0000] {processor.py:753} INFO - DAG(s) dict_keys(['tutorial']) retrieved from /home/melicharovykrecek/venv/lib/python3.9/site-packages/airflow/example_dags/tutorial.py
[2023-03-12T08:01:12.183+0000] {logging_mixin.py:137} INFO - [2023-03-12T08:01:12.183+0000] {dag.py:2690} INFO - Sync 1 DAGs
[2023-03-12T08:01:12.207+0000] {logging_mixin.py:137} INFO - [2023-03-12T08:01:12.207+0000] {dag.py:3437} INFO - Setting next_dagrun for tutorial to 2023-03-11T08:01:12.206980+00:00, run_after=2023-03-12T08:01:12.206980+00:00
[2023-03-12T08:01:12.235+0000] {processor.py:175} INFO - Processing /home/melicharovykrecek/venv/lib/python3.9/site-packages/airflow/example_dags/tutorial.py took 0.105 seconds
[2023-03-12T08:01:59.361+0000] {processor.py:153} INFO - Started process (PID=3616) to work on /home/melicharovykrecek/venv/lib/python3.9/site-packages/airflow/example_dags/tutorial.py
[2023-03-12T08:01:59.364+0000] {processor.py:743} INFO - Processing file /home/melicharovykrecek/venv/lib/python3.9/site-packages/airflow/example_dags/tutorial.py for tasks to queue
[2023-03-12T08:01:59.365+0000] {logging_mixin.py:137} INFO - [2023-03-12T08:01:59.364+0000] {dagbag.py:538} INFO - Filling up the DagBag from /home/melicharovykrecek/venv/lib/python3.9/site-packages/airflow/example_dags/tutorial.py
[2023-03-12T08:01:59.386+0000] {processor.py:753} INFO - DAG(s) dict_keys(['tutorial']) retrieved from /home/melicharovykrecek/venv/lib/python3.9/site-packages/airflow/example_dags/tutorial.py
[2023-03-12T08:01:59.414+0000] {logging_mixin.py:137} INFO - [2023-03-12T08:01:59.414+0000] {dag.py:2690} INFO - Sync 1 DAGs
[2023-03-12T08:01:59.441+0000] {logging_mixin.py:137} INFO - [2023-03-12T08:01:59.441+0000] {dag.py:3437} INFO - Setting next_dagrun for tutorial to 2023-03-11T08:01:59.441060+00:00, run_after=2023-03-12T08:01:59.441060+00:00
[2023-03-12T08:01:59.471+0000] {processor.py:175} INFO - Processing /home/melicharovykrecek/venv/lib/python3.9/site-packages/airflow/example_dags/tutorial.py took 0.115 seconds
[2023-03-12T08:02:46.509+0000] {processor.py:153} INFO - Started process (PID=3662) to work on /home/melicharovykrecek/venv/lib/python3.9/site-packages/airflow/example_dags/tutorial.py
[2023-03-12T08:02:46.512+0000] {processor.py:743} INFO - Processing file /home/melicharovykrecek/venv/lib/python3.9/site-packages/airflow/example_dags/tutorial.py for tasks to queue
[2023-03-12T08:02:46.513+0000] {logging_mixin.py:137} INFO - [2023-03-12T08:02:46.512+0000] {dagbag.py:538} INFO - Filling up the DagBag from /home/melicharovykrecek/venv/lib/python3.9/site-packages/airflow/example_dags/tutorial.py
[2023-03-12T08:02:46.532+0000] {processor.py:753} INFO - DAG(s) dict_keys(['tutorial']) retrieved from /home/melicharovykrecek/venv/lib/python3.9/site-packages/airflow/example_dags/tutorial.py
[2023-03-12T08:02:46.558+0000] {logging_mixin.py:137} INFO - [2023-03-12T08:02:46.557+0000] {dag.py:2690} INFO - Sync 1 DAGs
[2023-03-12T08:02:46.583+0000] {logging_mixin.py:137} INFO - [2023-03-12T08:02:46.583+0000] {dag.py:3437} INFO - Setting next_dagrun for tutorial to 2023-03-11T08:02:46.582988+00:00, run_after=2023-03-12T08:02:46.582988+00:00
[2023-03-12T08:02:46.611+0000] {processor.py:175} INFO - Processing /home/melicharovykrecek/venv/lib/python3.9/site-packages/airflow/example_dags/tutorial.py took 0.106 seconds
[2023-03-12T08:03:32.528+0000] {processor.py:153} INFO - Started process (PID=3706) to work on /home/melicharovykrecek/venv/lib/python3.9/site-packages/airflow/example_dags/tutorial.py
[2023-03-12T08:03:32.530+0000] {processor.py:743} INFO - Processing file /home/melicharovykrecek/venv/lib/python3.9/site-packages/airflow/example_dags/tutorial.py for tasks to queue
[2023-03-12T08:03:32.531+0000] {logging_mixin.py:137} INFO - [2023-03-12T08:03:32.531+0000] {dagbag.py:538} INFO - Filling up the DagBag from /home/melicharovykrecek/venv/lib/python3.9/site-packages/airflow/example_dags/tutorial.py
[2023-03-12T08:03:32.550+0000] {processor.py:753} INFO - DAG(s) dict_keys(['tutorial']) retrieved from /home/melicharovykrecek/venv/lib/python3.9/site-packages/airflow/example_dags/tutorial.py
[2023-03-12T08:03:32.574+0000] {logging_mixin.py:137} INFO - [2023-03-12T08:03:32.574+0000] {dag.py:2690} INFO - Sync 1 DAGs
[2023-03-12T08:03:32.597+0000] {logging_mixin.py:137} INFO - [2023-03-12T08:03:32.597+0000] {dag.py:3437} INFO - Setting next_dagrun for tutorial to 2023-03-11T08:03:32.596906+00:00, run_after=2023-03-12T08:03:32.596906+00:00
[2023-03-12T08:03:32.624+0000] {processor.py:175} INFO - Processing /home/melicharovykrecek/venv/lib/python3.9/site-packages/airflow/example_dags/tutorial.py took 0.101 seconds
[2023-03-12T08:04:14.488+0000] {processor.py:153} INFO - Started process (PID=3748) to work on /home/melicharovykrecek/venv/lib/python3.9/site-packages/airflow/example_dags/tutorial.py
[2023-03-12T08:04:14.491+0000] {processor.py:743} INFO - Processing file /home/melicharovykrecek/venv/lib/python3.9/site-packages/airflow/example_dags/tutorial.py for tasks to queue
[2023-03-12T08:04:14.493+0000] {logging_mixin.py:137} INFO - [2023-03-12T08:04:14.493+0000] {dagbag.py:538} INFO - Filling up the DagBag from /home/melicharovykrecek/venv/lib/python3.9/site-packages/airflow/example_dags/tutorial.py
[2023-03-12T08:04:14.512+0000] {processor.py:753} INFO - DAG(s) dict_keys(['tutorial']) retrieved from /home/melicharovykrecek/venv/lib/python3.9/site-packages/airflow/example_dags/tutorial.py
[2023-03-12T08:04:14.538+0000] {logging_mixin.py:137} INFO - [2023-03-12T08:04:14.537+0000] {dag.py:2690} INFO - Sync 1 DAGs
[2023-03-12T08:04:14.565+0000] {logging_mixin.py:137} INFO - [2023-03-12T08:04:14.565+0000] {dag.py:3437} INFO - Setting next_dagrun for tutorial to 2023-03-11T08:04:14.565061+00:00, run_after=2023-03-12T08:04:14.565061+00:00
[2023-03-12T08:04:14.592+0000] {processor.py:175} INFO - Processing /home/melicharovykrecek/venv/lib/python3.9/site-packages/airflow/example_dags/tutorial.py took 0.110 seconds
[2023-03-12T08:04:55.045+0000] {processor.py:153} INFO - Started process (PID=3786) to work on /home/melicharovykrecek/venv/lib/python3.9/site-packages/airflow/example_dags/tutorial.py
[2023-03-12T08:04:55.047+0000] {processor.py:743} INFO - Processing file /home/melicharovykrecek/venv/lib/python3.9/site-packages/airflow/example_dags/tutorial.py for tasks to queue
[2023-03-12T08:04:55.048+0000] {logging_mixin.py:137} INFO - [2023-03-12T08:04:55.048+0000] {dagbag.py:538} INFO - Filling up the DagBag from /home/melicharovykrecek/venv/lib/python3.9/site-packages/airflow/example_dags/tutorial.py
[2023-03-12T08:04:55.067+0000] {processor.py:753} INFO - DAG(s) dict_keys(['tutorial']) retrieved from /home/melicharovykrecek/venv/lib/python3.9/site-packages/airflow/example_dags/tutorial.py
[2023-03-12T08:04:55.095+0000] {logging_mixin.py:137} INFO - [2023-03-12T08:04:55.095+0000] {dag.py:2690} INFO - Sync 1 DAGs
[2023-03-12T08:04:55.120+0000] {logging_mixin.py:137} INFO - [2023-03-12T08:04:55.119+0000] {dag.py:3437} INFO - Setting next_dagrun for tutorial to 2023-03-11T08:04:55.119525+00:00, run_after=2023-03-12T08:04:55.119525+00:00
[2023-03-12T08:04:55.147+0000] {processor.py:175} INFO - Processing /home/melicharovykrecek/venv/lib/python3.9/site-packages/airflow/example_dags/tutorial.py took 0.108 seconds
[2023-03-12T08:05:43.262+0000] {processor.py:153} INFO - Started process (PID=3833) to work on /home/melicharovykrecek/venv/lib/python3.9/site-packages/airflow/example_dags/tutorial.py
[2023-03-12T08:05:43.264+0000] {processor.py:743} INFO - Processing file /home/melicharovykrecek/venv/lib/python3.9/site-packages/airflow/example_dags/tutorial.py for tasks to queue
[2023-03-12T08:05:43.265+0000] {logging_mixin.py:137} INFO - [2023-03-12T08:05:43.264+0000] {dagbag.py:538} INFO - Filling up the DagBag from /home/melicharovykrecek/venv/lib/python3.9/site-packages/airflow/example_dags/tutorial.py
[2023-03-12T08:05:43.284+0000] {processor.py:753} INFO - DAG(s) dict_keys(['tutorial']) retrieved from /home/melicharovykrecek/venv/lib/python3.9/site-packages/airflow/example_dags/tutorial.py
[2023-03-12T08:05:43.310+0000] {logging_mixin.py:137} INFO - [2023-03-12T08:05:43.310+0000] {dag.py:2690} INFO - Sync 1 DAGs
[2023-03-12T08:05:43.335+0000] {logging_mixin.py:137} INFO - [2023-03-12T08:05:43.334+0000] {dag.py:3437} INFO - Setting next_dagrun for tutorial to 2023-03-11T08:05:43.334537+00:00, run_after=2023-03-12T08:05:43.334537+00:00
[2023-03-12T08:05:43.360+0000] {processor.py:175} INFO - Processing /home/melicharovykrecek/venv/lib/python3.9/site-packages/airflow/example_dags/tutorial.py took 0.104 seconds
[2023-03-12T08:06:32.004+0000] {processor.py:153} INFO - Started process (PID=3880) to work on /home/melicharovykrecek/venv/lib/python3.9/site-packages/airflow/example_dags/tutorial.py
[2023-03-12T08:06:32.006+0000] {processor.py:743} INFO - Processing file /home/melicharovykrecek/venv/lib/python3.9/site-packages/airflow/example_dags/tutorial.py for tasks to queue
[2023-03-12T08:06:32.007+0000] {logging_mixin.py:137} INFO - [2023-03-12T08:06:32.007+0000] {dagbag.py:538} INFO - Filling up the DagBag from /home/melicharovykrecek/venv/lib/python3.9/site-packages/airflow/example_dags/tutorial.py
[2023-03-12T08:06:32.026+0000] {processor.py:753} INFO - DAG(s) dict_keys(['tutorial']) retrieved from /home/melicharovykrecek/venv/lib/python3.9/site-packages/airflow/example_dags/tutorial.py
[2023-03-12T08:06:32.052+0000] {logging_mixin.py:137} INFO - [2023-03-12T08:06:32.052+0000] {dag.py:2690} INFO - Sync 1 DAGs
[2023-03-12T08:06:32.076+0000] {logging_mixin.py:137} INFO - [2023-03-12T08:06:32.075+0000] {dag.py:3437} INFO - Setting next_dagrun for tutorial to 2023-03-11T08:06:32.075472+00:00, run_after=2023-03-12T08:06:32.075472+00:00
[2023-03-12T08:06:32.104+0000] {processor.py:175} INFO - Processing /home/melicharovykrecek/venv/lib/python3.9/site-packages/airflow/example_dags/tutorial.py took 0.105 seconds
[2023-03-12T08:07:10.485+0000] {processor.py:153} INFO - Started process (PID=3918) to work on /home/melicharovykrecek/venv/lib/python3.9/site-packages/airflow/example_dags/tutorial.py
[2023-03-12T08:07:10.487+0000] {processor.py:743} INFO - Processing file /home/melicharovykrecek/venv/lib/python3.9/site-packages/airflow/example_dags/tutorial.py for tasks to queue
[2023-03-12T08:07:10.488+0000] {logging_mixin.py:137} INFO - [2023-03-12T08:07:10.488+0000] {dagbag.py:538} INFO - Filling up the DagBag from /home/melicharovykrecek/venv/lib/python3.9/site-packages/airflow/example_dags/tutorial.py
[2023-03-12T08:07:10.507+0000] {processor.py:753} INFO - DAG(s) dict_keys(['tutorial']) retrieved from /home/melicharovykrecek/venv/lib/python3.9/site-packages/airflow/example_dags/tutorial.py
[2023-03-12T08:07:10.534+0000] {logging_mixin.py:137} INFO - [2023-03-12T08:07:10.534+0000] {dag.py:2690} INFO - Sync 1 DAGs
[2023-03-12T08:07:10.561+0000] {logging_mixin.py:137} INFO - [2023-03-12T08:07:10.561+0000] {dag.py:3437} INFO - Setting next_dagrun for tutorial to 2023-03-11T08:07:10.561401+00:00, run_after=2023-03-12T08:07:10.561401+00:00
[2023-03-12T08:07:10.589+0000] {processor.py:175} INFO - Processing /home/melicharovykrecek/venv/lib/python3.9/site-packages/airflow/example_dags/tutorial.py took 0.109 seconds
[2023-03-12T08:07:55.100+0000] {processor.py:153} INFO - Started process (PID=3973) to work on /home/melicharovykrecek/venv/lib/python3.9/site-packages/airflow/example_dags/tutorial.py
[2023-03-12T08:07:55.103+0000] {processor.py:743} INFO - Processing file /home/melicharovykrecek/venv/lib/python3.9/site-packages/airflow/example_dags/tutorial.py for tasks to queue
[2023-03-12T08:07:55.104+0000] {logging_mixin.py:137} INFO - [2023-03-12T08:07:55.103+0000] {dagbag.py:538} INFO - Filling up the DagBag from /home/melicharovykrecek/venv/lib/python3.9/site-packages/airflow/example_dags/tutorial.py
[2023-03-12T08:07:55.124+0000] {processor.py:753} INFO - DAG(s) dict_keys(['tutorial']) retrieved from /home/melicharovykrecek/venv/lib/python3.9/site-packages/airflow/example_dags/tutorial.py
[2023-03-12T08:07:55.149+0000] {logging_mixin.py:137} INFO - [2023-03-12T08:07:55.149+0000] {dag.py:2690} INFO - Sync 1 DAGs
[2023-03-12T08:07:55.178+0000] {logging_mixin.py:137} INFO - [2023-03-12T08:07:55.177+0000] {dag.py:3437} INFO - Setting next_dagrun for tutorial to 2023-03-11T08:07:55.177394+00:00, run_after=2023-03-12T08:07:55.177394+00:00
[2023-03-12T08:07:55.205+0000] {processor.py:175} INFO - Processing /home/melicharovykrecek/venv/lib/python3.9/site-packages/airflow/example_dags/tutorial.py took 0.110 seconds
[2023-03-12T08:08:42.199+0000] {processor.py:153} INFO - Started process (PID=4056) to work on /home/melicharovykrecek/venv/lib/python3.9/site-packages/airflow/example_dags/tutorial.py
[2023-03-12T08:08:42.202+0000] {processor.py:743} INFO - Processing file /home/melicharovykrecek/venv/lib/python3.9/site-packages/airflow/example_dags/tutorial.py for tasks to queue
[2023-03-12T08:08:42.202+0000] {logging_mixin.py:137} INFO - [2023-03-12T08:08:42.202+0000] {dagbag.py:538} INFO - Filling up the DagBag from /home/melicharovykrecek/venv/lib/python3.9/site-packages/airflow/example_dags/tutorial.py
[2023-03-12T08:08:42.221+0000] {processor.py:753} INFO - DAG(s) dict_keys(['tutorial']) retrieved from /home/melicharovykrecek/venv/lib/python3.9/site-packages/airflow/example_dags/tutorial.py
[2023-03-12T08:08:42.248+0000] {logging_mixin.py:137} INFO - [2023-03-12T08:08:42.248+0000] {dag.py:2690} INFO - Sync 1 DAGs
[2023-03-12T08:08:42.273+0000] {logging_mixin.py:137} INFO - [2023-03-12T08:08:42.272+0000] {dag.py:3437} INFO - Setting next_dagrun for tutorial to 2023-03-11T08:08:42.272382+00:00, run_after=2023-03-12T08:08:42.272382+00:00
[2023-03-12T08:08:42.302+0000] {processor.py:175} INFO - Processing /home/melicharovykrecek/venv/lib/python3.9/site-packages/airflow/example_dags/tutorial.py took 0.107 seconds
[2023-03-12T08:09:20.165+0000] {processor.py:153} INFO - Started process (PID=4092) to work on /home/melicharovykrecek/venv/lib/python3.9/site-packages/airflow/example_dags/tutorial.py
[2023-03-12T08:09:20.167+0000] {processor.py:743} INFO - Processing file /home/melicharovykrecek/venv/lib/python3.9/site-packages/airflow/example_dags/tutorial.py for tasks to queue
[2023-03-12T08:09:20.168+0000] {logging_mixin.py:137} INFO - [2023-03-12T08:09:20.168+0000] {dagbag.py:538} INFO - Filling up the DagBag from /home/melicharovykrecek/venv/lib/python3.9/site-packages/airflow/example_dags/tutorial.py
[2023-03-12T08:09:20.187+0000] {processor.py:753} INFO - DAG(s) dict_keys(['tutorial']) retrieved from /home/melicharovykrecek/venv/lib/python3.9/site-packages/airflow/example_dags/tutorial.py
[2023-03-12T08:09:20.212+0000] {logging_mixin.py:137} INFO - [2023-03-12T08:09:20.212+0000] {dag.py:2690} INFO - Sync 1 DAGs
[2023-03-12T08:09:20.237+0000] {logging_mixin.py:137} INFO - [2023-03-12T08:09:20.236+0000] {dag.py:3437} INFO - Setting next_dagrun for tutorial to 2023-03-11T08:09:20.236621+00:00, run_after=2023-03-12T08:09:20.236621+00:00
[2023-03-12T08:09:20.265+0000] {processor.py:175} INFO - Processing /home/melicharovykrecek/venv/lib/python3.9/site-packages/airflow/example_dags/tutorial.py took 0.105 seconds
[2023-03-12T08:09:59.132+0000] {processor.py:153} INFO - Started process (PID=4128) to work on /home/melicharovykrecek/venv/lib/python3.9/site-packages/airflow/example_dags/tutorial.py
[2023-03-12T08:09:59.134+0000] {processor.py:743} INFO - Processing file /home/melicharovykrecek/venv/lib/python3.9/site-packages/airflow/example_dags/tutorial.py for tasks to queue
[2023-03-12T08:09:59.135+0000] {logging_mixin.py:137} INFO - [2023-03-12T08:09:59.135+0000] {dagbag.py:538} INFO - Filling up the DagBag from /home/melicharovykrecek/venv/lib/python3.9/site-packages/airflow/example_dags/tutorial.py
[2023-03-12T08:09:59.154+0000] {processor.py:753} INFO - DAG(s) dict_keys(['tutorial']) retrieved from /home/melicharovykrecek/venv/lib/python3.9/site-packages/airflow/example_dags/tutorial.py
[2023-03-12T08:09:59.180+0000] {logging_mixin.py:137} INFO - [2023-03-12T08:09:59.180+0000] {dag.py:2690} INFO - Sync 1 DAGs
[2023-03-12T08:09:59.206+0000] {logging_mixin.py:137} INFO - [2023-03-12T08:09:59.206+0000] {dag.py:3437} INFO - Setting next_dagrun for tutorial to 2023-03-11T08:09:59.206061+00:00, run_after=2023-03-12T08:09:59.206061+00:00
[2023-03-12T08:09:59.236+0000] {processor.py:175} INFO - Processing /home/melicharovykrecek/venv/lib/python3.9/site-packages/airflow/example_dags/tutorial.py took 0.108 seconds
[2023-03-12T08:10:42.820+0000] {processor.py:153} INFO - Started process (PID=4172) to work on /home/melicharovykrecek/venv/lib/python3.9/site-packages/airflow/example_dags/tutorial.py
[2023-03-12T08:10:42.822+0000] {processor.py:743} INFO - Processing file /home/melicharovykrecek/venv/lib/python3.9/site-packages/airflow/example_dags/tutorial.py for tasks to queue
[2023-03-12T08:10:42.823+0000] {logging_mixin.py:137} INFO - [2023-03-12T08:10:42.823+0000] {dagbag.py:538} INFO - Filling up the DagBag from /home/melicharovykrecek/venv/lib/python3.9/site-packages/airflow/example_dags/tutorial.py
[2023-03-12T08:10:42.844+0000] {processor.py:753} INFO - DAG(s) dict_keys(['tutorial']) retrieved from /home/melicharovykrecek/venv/lib/python3.9/site-packages/airflow/example_dags/tutorial.py
[2023-03-12T08:10:42.869+0000] {logging_mixin.py:137} INFO - [2023-03-12T08:10:42.869+0000] {dag.py:2690} INFO - Sync 1 DAGs
[2023-03-12T08:10:42.895+0000] {logging_mixin.py:137} INFO - [2023-03-12T08:10:42.895+0000] {dag.py:3437} INFO - Setting next_dagrun for tutorial to 2023-03-11T08:10:42.894808+00:00, run_after=2023-03-12T08:10:42.894808+00:00
[2023-03-12T08:10:42.923+0000] {processor.py:175} INFO - Processing /home/melicharovykrecek/venv/lib/python3.9/site-packages/airflow/example_dags/tutorial.py took 0.108 seconds
[2023-03-12T08:11:27.582+0000] {processor.py:153} INFO - Started process (PID=4225) to work on /home/melicharovykrecek/venv/lib/python3.9/site-packages/airflow/example_dags/tutorial.py
[2023-03-12T08:11:27.584+0000] {processor.py:743} INFO - Processing file /home/melicharovykrecek/venv/lib/python3.9/site-packages/airflow/example_dags/tutorial.py for tasks to queue
[2023-03-12T08:11:27.586+0000] {logging_mixin.py:137} INFO - [2023-03-12T08:11:27.586+0000] {dagbag.py:538} INFO - Filling up the DagBag from /home/melicharovykrecek/venv/lib/python3.9/site-packages/airflow/example_dags/tutorial.py
[2023-03-12T08:11:27.605+0000] {processor.py:753} INFO - DAG(s) dict_keys(['tutorial']) retrieved from /home/melicharovykrecek/venv/lib/python3.9/site-packages/airflow/example_dags/tutorial.py
[2023-03-12T08:11:27.631+0000] {logging_mixin.py:137} INFO - [2023-03-12T08:11:27.631+0000] {dag.py:2690} INFO - Sync 1 DAGs
[2023-03-12T08:11:27.657+0000] {logging_mixin.py:137} INFO - [2023-03-12T08:11:27.656+0000] {dag.py:3437} INFO - Setting next_dagrun for tutorial to 2023-03-11T08:11:27.656414+00:00, run_after=2023-03-12T08:11:27.656414+00:00
[2023-03-12T08:11:27.684+0000] {processor.py:175} INFO - Processing /home/melicharovykrecek/venv/lib/python3.9/site-packages/airflow/example_dags/tutorial.py took 0.106 seconds
[2023-03-12T08:12:06.723+0000] {processor.py:153} INFO - Started process (PID=4272) to work on /home/melicharovykrecek/venv/lib/python3.9/site-packages/airflow/example_dags/tutorial.py
[2023-03-12T08:12:06.725+0000] {processor.py:743} INFO - Processing file /home/melicharovykrecek/venv/lib/python3.9/site-packages/airflow/example_dags/tutorial.py for tasks to queue
[2023-03-12T08:12:06.727+0000] {logging_mixin.py:137} INFO - [2023-03-12T08:12:06.727+0000] {dagbag.py:538} INFO - Filling up the DagBag from /home/melicharovykrecek/venv/lib/python3.9/site-packages/airflow/example_dags/tutorial.py
[2023-03-12T08:12:06.746+0000] {processor.py:753} INFO - DAG(s) dict_keys(['tutorial']) retrieved from /home/melicharovykrecek/venv/lib/python3.9/site-packages/airflow/example_dags/tutorial.py
[2023-03-12T08:12:06.774+0000] {logging_mixin.py:137} INFO - [2023-03-12T08:12:06.774+0000] {dag.py:2690} INFO - Sync 1 DAGs
[2023-03-12T08:12:06.799+0000] {logging_mixin.py:137} INFO - [2023-03-12T08:12:06.799+0000] {dag.py:3437} INFO - Setting next_dagrun for tutorial to 2023-03-11T08:12:06.798872+00:00, run_after=2023-03-12T08:12:06.798872+00:00
[2023-03-12T08:12:06.827+0000] {processor.py:175} INFO - Processing /home/melicharovykrecek/venv/lib/python3.9/site-packages/airflow/example_dags/tutorial.py took 0.108 seconds
[2023-03-12T08:12:50.492+0000] {processor.py:153} INFO - Started process (PID=4343) to work on /home/melicharovykrecek/venv/lib/python3.9/site-packages/airflow/example_dags/tutorial.py
[2023-03-12T08:12:50.494+0000] {processor.py:743} INFO - Processing file /home/melicharovykrecek/venv/lib/python3.9/site-packages/airflow/example_dags/tutorial.py for tasks to queue
[2023-03-12T08:12:50.495+0000] {logging_mixin.py:137} INFO - [2023-03-12T08:12:50.495+0000] {dagbag.py:538} INFO - Filling up the DagBag from /home/melicharovykrecek/venv/lib/python3.9/site-packages/airflow/example_dags/tutorial.py
[2023-03-12T08:12:50.517+0000] {processor.py:753} INFO - DAG(s) dict_keys(['tutorial']) retrieved from /home/melicharovykrecek/venv/lib/python3.9/site-packages/airflow/example_dags/tutorial.py
[2023-03-12T08:12:50.544+0000] {logging_mixin.py:137} INFO - [2023-03-12T08:12:50.543+0000] {dag.py:2690} INFO - Sync 1 DAGs
[2023-03-12T08:12:50.570+0000] {logging_mixin.py:137} INFO - [2023-03-12T08:12:50.570+0000] {dag.py:3437} INFO - Setting next_dagrun for tutorial to 2023-03-11T08:12:50.569910+00:00, run_after=2023-03-12T08:12:50.569910+00:00
[2023-03-12T08:12:50.598+0000] {processor.py:175} INFO - Processing /home/melicharovykrecek/venv/lib/python3.9/site-packages/airflow/example_dags/tutorial.py took 0.112 seconds
[2023-03-12T08:13:30.981+0000] {processor.py:153} INFO - Started process (PID=4386) to work on /home/melicharovykrecek/venv/lib/python3.9/site-packages/airflow/example_dags/tutorial.py
[2023-03-12T08:13:30.983+0000] {processor.py:743} INFO - Processing file /home/melicharovykrecek/venv/lib/python3.9/site-packages/airflow/example_dags/tutorial.py for tasks to queue
[2023-03-12T08:13:30.984+0000] {logging_mixin.py:137} INFO - [2023-03-12T08:13:30.984+0000] {dagbag.py:538} INFO - Filling up the DagBag from /home/melicharovykrecek/venv/lib/python3.9/site-packages/airflow/example_dags/tutorial.py
[2023-03-12T08:13:31.003+0000] {processor.py:753} INFO - DAG(s) dict_keys(['tutorial']) retrieved from /home/melicharovykrecek/venv/lib/python3.9/site-packages/airflow/example_dags/tutorial.py
[2023-03-12T08:13:31.030+0000] {logging_mixin.py:137} INFO - [2023-03-12T08:13:31.029+0000] {dag.py:2690} INFO - Sync 1 DAGs
[2023-03-12T08:13:31.055+0000] {logging_mixin.py:137} INFO - [2023-03-12T08:13:31.055+0000] {dag.py:3437} INFO - Setting next_dagrun for tutorial to 2023-03-11T08:13:31.055004+00:00, run_after=2023-03-12T08:13:31.055004+00:00
[2023-03-12T08:13:31.083+0000] {processor.py:175} INFO - Processing /home/melicharovykrecek/venv/lib/python3.9/site-packages/airflow/example_dags/tutorial.py took 0.107 seconds
[2023-03-12T08:14:10.196+0000] {processor.py:153} INFO - Started process (PID=4444) to work on /home/melicharovykrecek/venv/lib/python3.9/site-packages/airflow/example_dags/tutorial.py
[2023-03-12T08:14:10.198+0000] {processor.py:743} INFO - Processing file /home/melicharovykrecek/venv/lib/python3.9/site-packages/airflow/example_dags/tutorial.py for tasks to queue
[2023-03-12T08:14:10.199+0000] {logging_mixin.py:137} INFO - [2023-03-12T08:14:10.199+0000] {dagbag.py:538} INFO - Filling up the DagBag from /home/melicharovykrecek/venv/lib/python3.9/site-packages/airflow/example_dags/tutorial.py
[2023-03-12T08:14:10.219+0000] {processor.py:753} INFO - DAG(s) dict_keys(['tutorial']) retrieved from /home/melicharovykrecek/venv/lib/python3.9/site-packages/airflow/example_dags/tutorial.py
[2023-03-12T08:14:10.246+0000] {logging_mixin.py:137} INFO - [2023-03-12T08:14:10.246+0000] {dag.py:2690} INFO - Sync 1 DAGs
[2023-03-12T08:14:10.272+0000] {logging_mixin.py:137} INFO - [2023-03-12T08:14:10.272+0000] {dag.py:3437} INFO - Setting next_dagrun for tutorial to 2023-03-11T08:14:10.271802+00:00, run_after=2023-03-12T08:14:10.271802+00:00
[2023-03-12T08:14:10.306+0000] {processor.py:175} INFO - Processing /home/melicharovykrecek/venv/lib/python3.9/site-packages/airflow/example_dags/tutorial.py took 0.115 seconds
[2023-03-12T08:14:49.499+0000] {processor.py:153} INFO - Started process (PID=4483) to work on /home/melicharovykrecek/venv/lib/python3.9/site-packages/airflow/example_dags/tutorial.py
[2023-03-12T08:14:49.501+0000] {processor.py:743} INFO - Processing file /home/melicharovykrecek/venv/lib/python3.9/site-packages/airflow/example_dags/tutorial.py for tasks to queue
[2023-03-12T08:14:49.502+0000] {logging_mixin.py:137} INFO - [2023-03-12T08:14:49.502+0000] {dagbag.py:538} INFO - Filling up the DagBag from /home/melicharovykrecek/venv/lib/python3.9/site-packages/airflow/example_dags/tutorial.py
[2023-03-12T08:14:49.521+0000] {processor.py:753} INFO - DAG(s) dict_keys(['tutorial']) retrieved from /home/melicharovykrecek/venv/lib/python3.9/site-packages/airflow/example_dags/tutorial.py
[2023-03-12T08:14:49.548+0000] {logging_mixin.py:137} INFO - [2023-03-12T08:14:49.548+0000] {dag.py:2690} INFO - Sync 1 DAGs
[2023-03-12T08:14:49.574+0000] {logging_mixin.py:137} INFO - [2023-03-12T08:14:49.573+0000] {dag.py:3437} INFO - Setting next_dagrun for tutorial to 2023-03-11T08:14:49.573552+00:00, run_after=2023-03-12T08:14:49.573552+00:00
[2023-03-12T08:14:49.601+0000] {processor.py:175} INFO - Processing /home/melicharovykrecek/venv/lib/python3.9/site-packages/airflow/example_dags/tutorial.py took 0.107 seconds
[2023-03-12T08:15:36.757+0000] {processor.py:153} INFO - Started process (PID=4531) to work on /home/melicharovykrecek/venv/lib/python3.9/site-packages/airflow/example_dags/tutorial.py
[2023-03-12T08:15:36.760+0000] {processor.py:743} INFO - Processing file /home/melicharovykrecek/venv/lib/python3.9/site-packages/airflow/example_dags/tutorial.py for tasks to queue
[2023-03-12T08:15:36.761+0000] {logging_mixin.py:137} INFO - [2023-03-12T08:15:36.760+0000] {dagbag.py:538} INFO - Filling up the DagBag from /home/melicharovykrecek/venv/lib/python3.9/site-packages/airflow/example_dags/tutorial.py
[2023-03-12T08:15:36.781+0000] {processor.py:753} INFO - DAG(s) dict_keys(['tutorial']) retrieved from /home/melicharovykrecek/venv/lib/python3.9/site-packages/airflow/example_dags/tutorial.py
[2023-03-12T08:15:36.807+0000] {logging_mixin.py:137} INFO - [2023-03-12T08:15:36.807+0000] {dag.py:2690} INFO - Sync 1 DAGs
[2023-03-12T08:15:36.832+0000] {logging_mixin.py:137} INFO - [2023-03-12T08:15:36.832+0000] {dag.py:3437} INFO - Setting next_dagrun for tutorial to 2023-03-11T08:15:36.832177+00:00, run_after=2023-03-12T08:15:36.832177+00:00
[2023-03-12T08:15:36.859+0000] {processor.py:175} INFO - Processing /home/melicharovykrecek/venv/lib/python3.9/site-packages/airflow/example_dags/tutorial.py took 0.106 seconds
[2023-03-12T08:16:16.136+0000] {processor.py:153} INFO - Started process (PID=4573) to work on /home/melicharovykrecek/venv/lib/python3.9/site-packages/airflow/example_dags/tutorial.py
[2023-03-12T08:16:16.139+0000] {processor.py:743} INFO - Processing file /home/melicharovykrecek/venv/lib/python3.9/site-packages/airflow/example_dags/tutorial.py for tasks to queue
[2023-03-12T08:16:16.140+0000] {logging_mixin.py:137} INFO - [2023-03-12T08:16:16.139+0000] {dagbag.py:538} INFO - Filling up the DagBag from /home/melicharovykrecek/venv/lib/python3.9/site-packages/airflow/example_dags/tutorial.py
[2023-03-12T08:16:16.160+0000] {processor.py:753} INFO - DAG(s) dict_keys(['tutorial']) retrieved from /home/melicharovykrecek/venv/lib/python3.9/site-packages/airflow/example_dags/tutorial.py
[2023-03-12T08:16:16.188+0000] {logging_mixin.py:137} INFO - [2023-03-12T08:16:16.188+0000] {dag.py:2690} INFO - Sync 1 DAGs
[2023-03-12T08:16:16.213+0000] {logging_mixin.py:137} INFO - [2023-03-12T08:16:16.212+0000] {dag.py:3437} INFO - Setting next_dagrun for tutorial to 2023-03-11T08:16:16.212263+00:00, run_after=2023-03-12T08:16:16.212263+00:00
[2023-03-12T08:16:16.243+0000] {processor.py:175} INFO - Processing /home/melicharovykrecek/venv/lib/python3.9/site-packages/airflow/example_dags/tutorial.py took 0.111 seconds
[2023-03-12T08:16:55.248+0000] {processor.py:153} INFO - Started process (PID=4610) to work on /home/melicharovykrecek/venv/lib/python3.9/site-packages/airflow/example_dags/tutorial.py
[2023-03-12T08:16:55.250+0000] {processor.py:743} INFO - Processing file /home/melicharovykrecek/venv/lib/python3.9/site-packages/airflow/example_dags/tutorial.py for tasks to queue
[2023-03-12T08:16:55.251+0000] {logging_mixin.py:137} INFO - [2023-03-12T08:16:55.251+0000] {dagbag.py:538} INFO - Filling up the DagBag from /home/melicharovykrecek/venv/lib/python3.9/site-packages/airflow/example_dags/tutorial.py
[2023-03-12T08:16:55.269+0000] {processor.py:753} INFO - DAG(s) dict_keys(['tutorial']) retrieved from /home/melicharovykrecek/venv/lib/python3.9/site-packages/airflow/example_dags/tutorial.py
[2023-03-12T08:16:55.294+0000] {logging_mixin.py:137} INFO - [2023-03-12T08:16:55.294+0000] {dag.py:2690} INFO - Sync 1 DAGs
[2023-03-12T08:16:55.318+0000] {logging_mixin.py:137} INFO - [2023-03-12T08:16:55.317+0000] {dag.py:3437} INFO - Setting next_dagrun for tutorial to 2023-03-11T08:16:55.317530+00:00, run_after=2023-03-12T08:16:55.317530+00:00
[2023-03-12T08:16:55.344+0000] {processor.py:175} INFO - Processing /home/melicharovykrecek/venv/lib/python3.9/site-packages/airflow/example_dags/tutorial.py took 0.100 seconds
[2023-03-12T08:17:37.509+0000] {processor.py:153} INFO - Started process (PID=4662) to work on /home/melicharovykrecek/venv/lib/python3.9/site-packages/airflow/example_dags/tutorial.py
[2023-03-12T08:17:37.511+0000] {processor.py:743} INFO - Processing file /home/melicharovykrecek/venv/lib/python3.9/site-packages/airflow/example_dags/tutorial.py for tasks to queue
[2023-03-12T08:17:37.512+0000] {logging_mixin.py:137} INFO - [2023-03-12T08:17:37.512+0000] {dagbag.py:538} INFO - Filling up the DagBag from /home/melicharovykrecek/venv/lib/python3.9/site-packages/airflow/example_dags/tutorial.py
[2023-03-12T08:17:37.531+0000] {processor.py:753} INFO - DAG(s) dict_keys(['tutorial']) retrieved from /home/melicharovykrecek/venv/lib/python3.9/site-packages/airflow/example_dags/tutorial.py
[2023-03-12T08:17:37.561+0000] {logging_mixin.py:137} INFO - [2023-03-12T08:17:37.561+0000] {dag.py:2690} INFO - Sync 1 DAGs
[2023-03-12T08:17:37.586+0000] {logging_mixin.py:137} INFO - [2023-03-12T08:17:37.586+0000] {dag.py:3437} INFO - Setting next_dagrun for tutorial to 2023-03-11T08:17:37.586021+00:00, run_after=2023-03-12T08:17:37.586021+00:00
[2023-03-12T08:17:37.619+0000] {processor.py:175} INFO - Processing /home/melicharovykrecek/venv/lib/python3.9/site-packages/airflow/example_dags/tutorial.py took 0.115 seconds
[2023-03-12T08:18:25.221+0000] {processor.py:153} INFO - Started process (PID=4708) to work on /home/melicharovykrecek/venv/lib/python3.9/site-packages/airflow/example_dags/tutorial.py
[2023-03-12T08:18:25.223+0000] {processor.py:743} INFO - Processing file /home/melicharovykrecek/venv/lib/python3.9/site-packages/airflow/example_dags/tutorial.py for tasks to queue
[2023-03-12T08:18:25.224+0000] {logging_mixin.py:137} INFO - [2023-03-12T08:18:25.224+0000] {dagbag.py:538} INFO - Filling up the DagBag from /home/melicharovykrecek/venv/lib/python3.9/site-packages/airflow/example_dags/tutorial.py
[2023-03-12T08:18:25.244+0000] {processor.py:753} INFO - DAG(s) dict_keys(['tutorial']) retrieved from /home/melicharovykrecek/venv/lib/python3.9/site-packages/airflow/example_dags/tutorial.py
[2023-03-12T08:18:25.271+0000] {logging_mixin.py:137} INFO - [2023-03-12T08:18:25.271+0000] {dag.py:2690} INFO - Sync 1 DAGs
[2023-03-12T08:18:25.296+0000] {logging_mixin.py:137} INFO - [2023-03-12T08:18:25.296+0000] {dag.py:3437} INFO - Setting next_dagrun for tutorial to 2023-03-11T08:18:25.296370+00:00, run_after=2023-03-12T08:18:25.296370+00:00
[2023-03-12T08:18:25.326+0000] {processor.py:175} INFO - Processing /home/melicharovykrecek/venv/lib/python3.9/site-packages/airflow/example_dags/tutorial.py took 0.109 seconds
[2023-03-12T08:19:11.889+0000] {processor.py:153} INFO - Started process (PID=4755) to work on /home/melicharovykrecek/venv/lib/python3.9/site-packages/airflow/example_dags/tutorial.py
[2023-03-12T08:19:11.891+0000] {processor.py:743} INFO - Processing file /home/melicharovykrecek/venv/lib/python3.9/site-packages/airflow/example_dags/tutorial.py for tasks to queue
[2023-03-12T08:19:11.892+0000] {logging_mixin.py:137} INFO - [2023-03-12T08:19:11.892+0000] {dagbag.py:538} INFO - Filling up the DagBag from /home/melicharovykrecek/venv/lib/python3.9/site-packages/airflow/example_dags/tutorial.py
[2023-03-12T08:19:11.912+0000] {processor.py:753} INFO - DAG(s) dict_keys(['tutorial']) retrieved from /home/melicharovykrecek/venv/lib/python3.9/site-packages/airflow/example_dags/tutorial.py
[2023-03-12T08:19:11.939+0000] {logging_mixin.py:137} INFO - [2023-03-12T08:19:11.939+0000] {dag.py:2690} INFO - Sync 1 DAGs
[2023-03-12T08:19:11.966+0000] {logging_mixin.py:137} INFO - [2023-03-12T08:19:11.966+0000] {dag.py:3437} INFO - Setting next_dagrun for tutorial to 2023-03-11T08:19:11.966331+00:00, run_after=2023-03-12T08:19:11.966331+00:00
[2023-03-12T08:19:11.998+0000] {processor.py:175} INFO - Processing /home/melicharovykrecek/venv/lib/python3.9/site-packages/airflow/example_dags/tutorial.py took 0.114 seconds
[2023-03-12T08:19:59.830+0000] {processor.py:153} INFO - Started process (PID=4803) to work on /home/melicharovykrecek/venv/lib/python3.9/site-packages/airflow/example_dags/tutorial.py
[2023-03-12T08:19:59.832+0000] {processor.py:743} INFO - Processing file /home/melicharovykrecek/venv/lib/python3.9/site-packages/airflow/example_dags/tutorial.py for tasks to queue
[2023-03-12T08:19:59.834+0000] {logging_mixin.py:137} INFO - [2023-03-12T08:19:59.834+0000] {dagbag.py:538} INFO - Filling up the DagBag from /home/melicharovykrecek/venv/lib/python3.9/site-packages/airflow/example_dags/tutorial.py
[2023-03-12T08:19:59.854+0000] {processor.py:753} INFO - DAG(s) dict_keys(['tutorial']) retrieved from /home/melicharovykrecek/venv/lib/python3.9/site-packages/airflow/example_dags/tutorial.py
[2023-03-12T08:19:59.880+0000] {logging_mixin.py:137} INFO - [2023-03-12T08:19:59.880+0000] {dag.py:2690} INFO - Sync 1 DAGs
[2023-03-12T08:19:59.906+0000] {logging_mixin.py:137} INFO - [2023-03-12T08:19:59.906+0000] {dag.py:3437} INFO - Setting next_dagrun for tutorial to 2023-03-11T08:19:59.906183+00:00, run_after=2023-03-12T08:19:59.906183+00:00
[2023-03-12T08:19:59.938+0000] {processor.py:175} INFO - Processing /home/melicharovykrecek/venv/lib/python3.9/site-packages/airflow/example_dags/tutorial.py took 0.112 seconds
[2023-03-12T08:20:40.592+0000] {processor.py:153} INFO - Started process (PID=4846) to work on /home/melicharovykrecek/venv/lib/python3.9/site-packages/airflow/example_dags/tutorial.py
[2023-03-12T08:20:40.595+0000] {processor.py:743} INFO - Processing file /home/melicharovykrecek/venv/lib/python3.9/site-packages/airflow/example_dags/tutorial.py for tasks to queue
[2023-03-12T08:20:40.596+0000] {logging_mixin.py:137} INFO - [2023-03-12T08:20:40.595+0000] {dagbag.py:538} INFO - Filling up the DagBag from /home/melicharovykrecek/venv/lib/python3.9/site-packages/airflow/example_dags/tutorial.py
[2023-03-12T08:20:40.614+0000] {processor.py:753} INFO - DAG(s) dict_keys(['tutorial']) retrieved from /home/melicharovykrecek/venv/lib/python3.9/site-packages/airflow/example_dags/tutorial.py
[2023-03-12T08:20:40.639+0000] {logging_mixin.py:137} INFO - [2023-03-12T08:20:40.639+0000] {dag.py:2690} INFO - Sync 1 DAGs
[2023-03-12T08:20:40.663+0000] {logging_mixin.py:137} INFO - [2023-03-12T08:20:40.663+0000] {dag.py:3437} INFO - Setting next_dagrun for tutorial to 2023-03-11T08:20:40.662848+00:00, run_after=2023-03-12T08:20:40.662848+00:00
[2023-03-12T08:20:40.690+0000] {processor.py:175} INFO - Processing /home/melicharovykrecek/venv/lib/python3.9/site-packages/airflow/example_dags/tutorial.py took 0.103 seconds
