[2023-03-18T17:03:14.402+0000] {taskinstance.py:1083} INFO - Dependencies all met for <TaskInstance: gtfs_services.src_table_gtfs_services scheduled__2023-03-18T16:00:00+00:00 [queued]>
[2023-03-18T17:03:14.438+0000] {taskinstance.py:1083} INFO - Dependencies all met for <TaskInstance: gtfs_services.src_table_gtfs_services scheduled__2023-03-18T16:00:00+00:00 [queued]>
[2023-03-18T17:03:14.439+0000] {taskinstance.py:1279} INFO - 
--------------------------------------------------------------------------------
[2023-03-18T17:03:14.439+0000] {taskinstance.py:1280} INFO - Starting attempt 1 of 1
[2023-03-18T17:03:14.439+0000] {taskinstance.py:1281} INFO - 
--------------------------------------------------------------------------------
[2023-03-18T17:03:14.487+0000] {taskinstance.py:1300} INFO - Executing <Task(MySqlOperator): src_table_gtfs_services> on 2023-03-18 16:00:00+00:00
[2023-03-18T17:03:14.493+0000] {standard_task_runner.py:55} INFO - Started process 84848 to run task
[2023-03-18T17:03:14.509+0000] {standard_task_runner.py:82} INFO - Running: ['***', 'tasks', 'run', 'gtfs_services', 'src_table_gtfs_services', 'scheduled__2023-03-18T16:00:00+00:00', '--job-id', '681', '--raw', '--subdir', 'DAGS_FOLDER/gtfs_services.py', '--cfg-path', '/tmp/tmpyf_qfixm']
[2023-03-18T17:03:14.516+0000] {standard_task_runner.py:83} INFO - Job 681: Subtask src_table_gtfs_services
[2023-03-18T17:03:14.719+0000] {task_command.py:388} INFO - Running <TaskInstance: gtfs_services.src_table_gtfs_services scheduled__2023-03-18T16:00:00+00:00 [running]> on host diploma-vm.europe-west1-b.c.diploma-380314.internal
[2023-03-18T17:03:14.913+0000] {taskinstance.py:1507} INFO - Exporting the following env vars:
AIRFLOW_CTX_DAG_OWNER=***
AIRFLOW_CTX_DAG_ID=gtfs_services
AIRFLOW_CTX_TASK_ID=src_table_gtfs_services
AIRFLOW_CTX_EXECUTION_DATE=2023-03-18T16:00:00+00:00
AIRFLOW_CTX_TRY_NUMBER=1
AIRFLOW_CTX_DAG_RUN_ID=scheduled__2023-03-18T16:00:00+00:00
[2023-03-18T17:03:14.914+0000] {sql.py:254} INFO - Executing: INSERT IGNORE INTO src_gtfs_services
(
SELECT
    _sys_record_id,
    _sys_load_id,
    _sys_load_at,
    _sys_is_deleted,
    r.*
FROM
    pre_gtfs_services,
    JSON_TABLE(
        jdoc,
        '$[*]'
        COLUMNS (
            i FOR ORDINALITY,
            jdoc JSON PATH '$[0]'
            )
    ) AS r
);
[2023-03-18T17:03:14.939+0000] {base.py:73} INFO - Using connection ID 'mysql-db' for task execution.
[2023-03-18T17:03:15.246+0000] {base.py:73} INFO - Using connection ID 'mysql-db' for task execution.
[2023-03-18T17:03:15.283+0000] {sql.py:375} INFO - Running statement: INSERT IGNORE INTO src_gtfs_services
(
SELECT
    _sys_record_id,
    _sys_load_id,
    _sys_load_at,
    _sys_is_deleted,
    r.*
FROM
    pre_gtfs_services,
    JSON_TABLE(
        jdoc,
        '$[*]'
        COLUMNS (
            i FOR ORDINALITY,
            jdoc JSON PATH '$[0]'
            )
    ) AS r
);, parameters: None
[2023-03-18T17:03:15.336+0000] {sql.py:384} INFO - Rows affected: 419
[2023-03-18T17:03:15.388+0000] {taskinstance.py:1318} INFO - Marking task as SUCCESS. dag_id=gtfs_services, task_id=src_table_gtfs_services, execution_date=20230318T160000, start_date=20230318T170314, end_date=20230318T170315
[2023-03-18T17:03:15.576+0000] {local_task_job.py:208} INFO - Task exited with return code 0
[2023-03-18T17:03:15.654+0000] {taskinstance.py:2578} INFO - 1 downstream tasks scheduled from follow-on schedule check
