[2023-03-18T18:00:26.177+0000] {taskinstance.py:1083} INFO - Dependencies all met for <TaskInstance: gtfs_trips.stg_table_gtfs_trips scheduled__2023-03-18T17:00:00+00:00 [queued]>
[2023-03-18T18:00:26.192+0000] {taskinstance.py:1083} INFO - Dependencies all met for <TaskInstance: gtfs_trips.stg_table_gtfs_trips scheduled__2023-03-18T17:00:00+00:00 [queued]>
[2023-03-18T18:00:26.192+0000] {taskinstance.py:1279} INFO - 
--------------------------------------------------------------------------------
[2023-03-18T18:00:26.192+0000] {taskinstance.py:1280} INFO - Starting attempt 1 of 1
[2023-03-18T18:00:26.192+0000] {taskinstance.py:1281} INFO - 
--------------------------------------------------------------------------------
[2023-03-18T18:00:26.208+0000] {taskinstance.py:1300} INFO - Executing <Task(MySqlOperator): stg_table_gtfs_trips> on 2023-03-18 17:00:00+00:00
[2023-03-18T18:00:26.213+0000] {standard_task_runner.py:55} INFO - Started process 91448 to run task
[2023-03-18T18:00:26.220+0000] {standard_task_runner.py:82} INFO - Running: ['***', 'tasks', 'run', 'gtfs_trips', 'stg_table_gtfs_trips', 'scheduled__2023-03-18T17:00:00+00:00', '--job-id', '737', '--raw', '--subdir', 'DAGS_FOLDER/gtfs_trips.py', '--cfg-path', '/tmp/tmpyso9ecsa']
[2023-03-18T18:00:26.222+0000] {standard_task_runner.py:83} INFO - Job 737: Subtask stg_table_gtfs_trips
[2023-03-18T18:00:26.326+0000] {task_command.py:388} INFO - Running <TaskInstance: gtfs_trips.stg_table_gtfs_trips scheduled__2023-03-18T17:00:00+00:00 [running]> on host diploma-vm.europe-west1-b.c.diploma-380314.internal
[2023-03-18T18:00:26.418+0000] {taskinstance.py:1507} INFO - Exporting the following env vars:
AIRFLOW_CTX_DAG_OWNER=***
AIRFLOW_CTX_DAG_ID=gtfs_trips
AIRFLOW_CTX_TASK_ID=stg_table_gtfs_trips
AIRFLOW_CTX_EXECUTION_DATE=2023-03-18T17:00:00+00:00
AIRFLOW_CTX_TRY_NUMBER=1
AIRFLOW_CTX_DAG_RUN_ID=scheduled__2023-03-18T17:00:00+00:00
[2023-03-18T18:00:26.419+0000] {sql.py:254} INFO - Executing: INSERT IGNORE INTO stg_gtfs_trips
(
SELECT
    CONCAT(`trip_id`, '_', `route_id`, '_', `shape_id`, '_', `service_id`) AS `gtfs_trip_id`,
    `trip_id`,
    `block_id`,
    `route_id`,
    `shape_id`,
    `service_id`,
    `exceptional`,
    `direction_id`,
    `bikes_allowed`,
    `trip_headsign`,
    `trip_short_name`,
    `trip_operation_type`,
    `wheelchair_accessible`,
    `_sys_record_id`,
    `_sys_load_id`,
    `_sys_load_at`,
    `_sys_is_deleted`,
    `i`
FROM (
    SELECT
        TRIM(BOTH '"' FROM JSON_EXTRACT(`jdoc`, '$.trip_id')) AS `trip_id`,
        TRIM(BOTH '"' FROM JSON_EXTRACT(`jdoc`, '$.block_id')) AS `block_id`,
        TRIM(BOTH '"' FROM JSON_EXTRACT(`jdoc`, '$.route_id')) AS `route_id`,
        TRIM(BOTH '"' FROM JSON_EXTRACT(`jdoc`, '$.shape_id')) AS `shape_id`,
        TRIM(BOTH '"' FROM JSON_EXTRACT(`jdoc`, '$.service_id')) AS `service_id`,
        TRIM(BOTH '"' FROM JSON_EXTRACT(`jdoc`, '$.exceptional')) AS `exceptional`,
        TRIM(BOTH '"' FROM JSON_EXTRACT(`jdoc`, '$.direction_id')) AS `direction_id`,
        TRIM(BOTH '"' FROM JSON_EXTRACT(`jdoc`, '$.bikes_allowed')) AS `bikes_allowed`,
        TRIM(BOTH '"' FROM JSON_EXTRACT(`jdoc`, '$.trip_headsign')) AS `trip_headsign`,
        TRIM(BOTH '"' FROM JSON_EXTRACT(`jdoc`, '$.trip_short_name')) AS `trip_short_name`,
        TRIM(BOTH '"' FROM JSON_EXTRACT(`jdoc`, '$.trip_operation_type')) AS `trip_operation_type`,
        TRIM(BOTH '"' FROM JSON_EXTRACT(`jdoc`, '$.wheelchair_accessible')) AS `wheelchair_accessible`,
        `_sys_record_id`,
        `_sys_load_id`,
        `_sys_load_at`,
        `_sys_is_deleted`,
        `i`
    FROM src_gtfs_trips
    ) a
);
[2023-03-18T18:00:26.435+0000] {base.py:73} INFO - Using connection ID 'mysql-db' for task execution.
[2023-03-18T18:00:26.593+0000] {base.py:73} INFO - Using connection ID 'mysql-db' for task execution.
[2023-03-18T18:00:26.632+0000] {sql.py:375} INFO - Running statement: INSERT IGNORE INTO stg_gtfs_trips
(
SELECT
    CONCAT(`trip_id`, '_', `route_id`, '_', `shape_id`, '_', `service_id`) AS `gtfs_trip_id`,
    `trip_id`,
    `block_id`,
    `route_id`,
    `shape_id`,
    `service_id`,
    `exceptional`,
    `direction_id`,
    `bikes_allowed`,
    `trip_headsign`,
    `trip_short_name`,
    `trip_operation_type`,
    `wheelchair_accessible`,
    `_sys_record_id`,
    `_sys_load_id`,
    `_sys_load_at`,
    `_sys_is_deleted`,
    `i`
FROM (
    SELECT
        TRIM(BOTH '"' FROM JSON_EXTRACT(`jdoc`, '$.trip_id')) AS `trip_id`,
        TRIM(BOTH '"' FROM JSON_EXTRACT(`jdoc`, '$.block_id')) AS `block_id`,
        TRIM(BOTH '"' FROM JSON_EXTRACT(`jdoc`, '$.route_id')) AS `route_id`,
        TRIM(BOTH '"' FROM JSON_EXTRACT(`jdoc`, '$.shape_id')) AS `shape_id`,
        TRIM(BOTH '"' FROM JSON_EXTRACT(`jdoc`, '$.service_id')) AS `service_id`,
        TRIM(BOTH '"' FROM JSON_EXTRACT(`jdoc`, '$.exceptional')) AS `exceptional`,
        TRIM(BOTH '"' FROM JSON_EXTRACT(`jdoc`, '$.direction_id')) AS `direction_id`,
        TRIM(BOTH '"' FROM JSON_EXTRACT(`jdoc`, '$.bikes_allowed')) AS `bikes_allowed`,
        TRIM(BOTH '"' FROM JSON_EXTRACT(`jdoc`, '$.trip_headsign')) AS `trip_headsign`,
        TRIM(BOTH '"' FROM JSON_EXTRACT(`jdoc`, '$.trip_short_name')) AS `trip_short_name`,
        TRIM(BOTH '"' FROM JSON_EXTRACT(`jdoc`, '$.trip_operation_type')) AS `trip_operation_type`,
        TRIM(BOTH '"' FROM JSON_EXTRACT(`jdoc`, '$.wheelchair_accessible')) AS `wheelchair_accessible`,
        `_sys_record_id`,
        `_sys_load_id`,
        `_sys_load_at`,
        `_sys_is_deleted`,
        `i`
    FROM src_gtfs_trips
    ) a
);, parameters: None
[2023-03-18T18:00:27.673+0000] {sql.py:384} INFO - Rows affected: 0
[2023-03-18T18:00:27.698+0000] {taskinstance.py:1318} INFO - Marking task as SUCCESS. dag_id=gtfs_trips, task_id=stg_table_gtfs_trips, execution_date=20230318T170000, start_date=20230318T180026, end_date=20230318T180027
[2023-03-18T18:00:27.757+0000] {local_task_job.py:208} INFO - Task exited with return code 0
[2023-03-18T18:00:27.846+0000] {taskinstance.py:2578} INFO - 0 downstream tasks scheduled from follow-on schedule check
