[2023-03-18T00:00:01.513+0000] {taskinstance.py:1083} INFO - Dependencies all met for <TaskInstance: first_dag.print_date scheduled__2023-03-17T00:00:00+00:00 [queued]>
[2023-03-18T00:00:01.546+0000] {taskinstance.py:1083} INFO - Dependencies all met for <TaskInstance: first_dag.print_date scheduled__2023-03-17T00:00:00+00:00 [queued]>
[2023-03-18T00:00:01.547+0000] {taskinstance.py:1279} INFO - 
--------------------------------------------------------------------------------
[2023-03-18T00:00:01.547+0000] {taskinstance.py:1280} INFO - Starting attempt 1 of 2
[2023-03-18T00:00:01.547+0000] {taskinstance.py:1281} INFO - 
--------------------------------------------------------------------------------
[2023-03-18T00:00:01.598+0000] {taskinstance.py:1300} INFO - Executing <Task(BashOperator): print_date> on 2023-03-17 00:00:00+00:00
[2023-03-18T00:00:01.603+0000] {standard_task_runner.py:55} INFO - Started process 25808 to run task
[2023-03-18T00:00:01.622+0000] {standard_task_runner.py:82} INFO - Running: ['***', 'tasks', 'run', 'first_dag', 'print_date', 'scheduled__2023-03-17T00:00:00+00:00', '--job-id', '370', '--raw', '--subdir', 'DAGS_FOLDER/first_dag.py', '--cfg-path', '/tmp/tmp2jv6g97z']
[2023-03-18T00:00:01.636+0000] {standard_task_runner.py:83} INFO - Job 370: Subtask print_date
[2023-03-18T00:00:01.810+0000] {task_command.py:388} INFO - Running <TaskInstance: first_dag.print_date scheduled__2023-03-17T00:00:00+00:00 [running]> on host diploma-vm.europe-west1-b.c.diploma-380314.internal
[2023-03-18T00:00:01.966+0000] {taskinstance.py:1507} INFO - Exporting the following env vars:
AIRFLOW_CTX_DAG_OWNER=hamster
AIRFLOW_CTX_DAG_ID=first_dag
AIRFLOW_CTX_TASK_ID=print_date
AIRFLOW_CTX_EXECUTION_DATE=2023-03-17T00:00:00+00:00
AIRFLOW_CTX_TRY_NUMBER=1
AIRFLOW_CTX_DAG_RUN_ID=scheduled__2023-03-17T00:00:00+00:00
[2023-03-18T00:00:01.967+0000] {subprocess.py:63} INFO - Tmp dir root location: 
 /tmp
[2023-03-18T00:00:01.967+0000] {subprocess.py:75} INFO - Running command: ['/usr/bin/bash', '-c', 'echo hamster success']
[2023-03-18T00:00:01.985+0000] {subprocess.py:86} INFO - Output:
[2023-03-18T00:00:01.987+0000] {subprocess.py:93} INFO - hamster success
[2023-03-18T00:00:01.988+0000] {subprocess.py:97} INFO - Command exited with return code 0
[2023-03-18T00:00:02.074+0000] {taskinstance.py:1318} INFO - Marking task as SUCCESS. dag_id=first_dag, task_id=print_date, execution_date=20230317T000000, start_date=20230318T000001, end_date=20230318T000002
[2023-03-18T00:00:02.133+0000] {local_task_job.py:208} INFO - Task exited with return code 0
[2023-03-18T00:00:02.182+0000] {taskinstance.py:2578} INFO - 0 downstream tasks scheduled from follow-on schedule check
