[2023-03-12T12:32:24.794+0000] {taskinstance.py:1083} INFO - Dependencies all met for <TaskInstance: get_file_from_endpoint.check_endpoint manual__2023-03-12T12:32:23.960551+00:00 [queued]>
[2023-03-12T12:32:24.808+0000] {taskinstance.py:1083} INFO - Dependencies all met for <TaskInstance: get_file_from_endpoint.check_endpoint manual__2023-03-12T12:32:23.960551+00:00 [queued]>
[2023-03-12T12:32:24.808+0000] {taskinstance.py:1279} INFO - 
--------------------------------------------------------------------------------
[2023-03-12T12:32:24.808+0000] {taskinstance.py:1280} INFO - Starting attempt 1 of 1
[2023-03-12T12:32:24.808+0000] {taskinstance.py:1281} INFO - 
--------------------------------------------------------------------------------
[2023-03-12T12:32:24.827+0000] {taskinstance.py:1300} INFO - Executing <Task(PythonOperator): check_endpoint> on 2023-03-12 12:32:23.960551+00:00
[2023-03-12T12:32:24.832+0000] {standard_task_runner.py:55} INFO - Started process 13256 to run task
[2023-03-12T12:32:24.837+0000] {standard_task_runner.py:82} INFO - Running: ['***', 'tasks', 'run', 'get_file_from_endpoint', 'check_endpoint', 'manual__2023-03-12T12:32:23.960551+00:00', '--job-id', '20', '--raw', '--subdir', 'DAGS_FOLDER/api.py', '--cfg-path', '/tmp/tmp0r75_vo3']
[2023-03-12T12:32:24.839+0000] {standard_task_runner.py:83} INFO - Job 20: Subtask check_endpoint
[2023-03-12T12:32:24.932+0000] {task_command.py:388} INFO - Running <TaskInstance: get_file_from_endpoint.check_endpoint manual__2023-03-12T12:32:23.960551+00:00 [running]> on host diploma-vm.europe-west1-b.c.diploma-380314.internal
[2023-03-12T12:32:25.022+0000] {taskinstance.py:1507} INFO - Exporting the following env vars:
AIRFLOW_CTX_DAG_OWNER=***
AIRFLOW_CTX_DAG_ID=get_file_from_endpoint
AIRFLOW_CTX_TASK_ID=check_endpoint
AIRFLOW_CTX_EXECUTION_DATE=2023-03-12T12:32:23.960551+00:00
AIRFLOW_CTX_TRY_NUMBER=1
AIRFLOW_CTX_DAG_RUN_ID=manual__2023-03-12T12:32:23.960551+00:00
[2023-03-12T12:32:39.773+0000] {python.py:177} INFO - Done. Returned value was: None
[2023-03-12T12:32:39.787+0000] {taskinstance.py:1318} INFO - Marking task as SUCCESS. dag_id=get_file_from_endpoint, task_id=check_endpoint, execution_date=20230312T123223, start_date=20230312T123224, end_date=20230312T123239
[2023-03-12T12:32:39.837+0000] {local_task_job.py:208} INFO - Task exited with return code 0
[2023-03-12T12:32:39.858+0000] {taskinstance.py:2578} INFO - 0 downstream tasks scheduled from follow-on schedule check
