[2023-03-18T08:00:21.329+0000] {taskinstance.py:1083} INFO - Dependencies all met for <TaskInstance: parking_measurements.src_table_parking_measurements scheduled__2023-03-18T07:00:00+00:00 [queued]>
[2023-03-18T08:00:21.351+0000] {taskinstance.py:1083} INFO - Dependencies all met for <TaskInstance: parking_measurements.src_table_parking_measurements scheduled__2023-03-18T07:00:00+00:00 [queued]>
[2023-03-18T08:00:21.351+0000] {taskinstance.py:1279} INFO - 
--------------------------------------------------------------------------------
[2023-03-18T08:00:21.352+0000] {taskinstance.py:1280} INFO - Starting attempt 1 of 1
[2023-03-18T08:00:21.352+0000] {taskinstance.py:1281} INFO - 
--------------------------------------------------------------------------------
[2023-03-18T08:00:21.421+0000] {taskinstance.py:1300} INFO - Executing <Task(MySqlOperator): src_table_parking_measurements> on 2023-03-18 07:00:00+00:00
[2023-03-18T08:00:21.429+0000] {standard_task_runner.py:55} INFO - Started process 57454 to run task
[2023-03-18T08:00:21.440+0000] {standard_task_runner.py:82} INFO - Running: ['***', 'tasks', 'run', 'parking_measurements', 'src_table_parking_measurements', 'scheduled__2023-03-18T07:00:00+00:00', '--job-id', '530', '--raw', '--subdir', 'DAGS_FOLDER/parking_measurements.py', '--cfg-path', '/tmp/tmpa30136yh']
[2023-03-18T08:00:21.443+0000] {standard_task_runner.py:83} INFO - Job 530: Subtask src_table_parking_measurements
[2023-03-18T08:00:21.650+0000] {task_command.py:388} INFO - Running <TaskInstance: parking_measurements.src_table_parking_measurements scheduled__2023-03-18T07:00:00+00:00 [running]> on host diploma-vm.europe-west1-b.c.diploma-380314.internal
[2023-03-18T08:00:21.815+0000] {taskinstance.py:1507} INFO - Exporting the following env vars:
AIRFLOW_CTX_DAG_OWNER=***
AIRFLOW_CTX_DAG_ID=parking_measurements
AIRFLOW_CTX_TASK_ID=src_table_parking_measurements
AIRFLOW_CTX_EXECUTION_DATE=2023-03-18T07:00:00+00:00
AIRFLOW_CTX_TRY_NUMBER=1
AIRFLOW_CTX_DAG_RUN_ID=scheduled__2023-03-18T07:00:00+00:00
[2023-03-18T08:00:21.816+0000] {sql.py:254} INFO - Executing: INSERT IGNORE INTO src_parking_measurements
(
SELECT
    _sys_record_id,
    _sys_load_id,
    _sys_load_at,
    _sys_is_deleted,
    r.*
FROM
    pre_parking_measurements,
    JSON_TABLE(
        jdoc,
        '$[*]'
        COLUMNS (
            i FOR ORDINALITY,
            jdoc JSON PATH '$[0]'
            )
    ) AS r
);
[2023-03-18T08:00:21.843+0000] {base.py:73} INFO - Using connection ID 'mysql-db' for task execution.
[2023-03-18T08:00:21.997+0000] {base.py:73} INFO - Using connection ID 'mysql-db' for task execution.
[2023-03-18T08:00:22.018+0000] {sql.py:375} INFO - Running statement: INSERT IGNORE INTO src_parking_measurements
(
SELECT
    _sys_record_id,
    _sys_load_id,
    _sys_load_at,
    _sys_is_deleted,
    r.*
FROM
    pre_parking_measurements,
    JSON_TABLE(
        jdoc,
        '$[*]'
        COLUMNS (
            i FOR ORDINALITY,
            jdoc JSON PATH '$[0]'
            )
    ) AS r
);, parameters: None
[2023-03-18T08:00:22.065+0000] {sql.py:384} INFO - Rows affected: 0
[2023-03-18T08:00:22.085+0000] {taskinstance.py:1318} INFO - Marking task as SUCCESS. dag_id=parking_measurements, task_id=src_table_parking_measurements, execution_date=20230318T070000, start_date=20230318T080021, end_date=20230318T080022
[2023-03-18T08:00:22.141+0000] {local_task_job.py:208} INFO - Task exited with return code 0
[2023-03-18T08:00:22.189+0000] {taskinstance.py:2578} INFO - 1 downstream tasks scheduled from follow-on schedule check
