[2023-03-18T17:03:21.776+0000] {taskinstance.py:1083} INFO - Dependencies all met for <TaskInstance: gtfs_stops.stg_table_gtfs_stops scheduled__2023-03-18T16:00:00+00:00 [queued]>
[2023-03-18T17:03:21.790+0000] {taskinstance.py:1083} INFO - Dependencies all met for <TaskInstance: gtfs_stops.stg_table_gtfs_stops scheduled__2023-03-18T16:00:00+00:00 [queued]>
[2023-03-18T17:03:21.791+0000] {taskinstance.py:1279} INFO - 
--------------------------------------------------------------------------------
[2023-03-18T17:03:21.791+0000] {taskinstance.py:1280} INFO - Starting attempt 1 of 1
[2023-03-18T17:03:21.791+0000] {taskinstance.py:1281} INFO - 
--------------------------------------------------------------------------------
[2023-03-18T17:03:21.950+0000] {taskinstance.py:1300} INFO - Executing <Task(MySqlOperator): stg_table_gtfs_stops> on 2023-03-18 16:00:00+00:00
[2023-03-18T17:03:21.955+0000] {standard_task_runner.py:55} INFO - Started process 84966 to run task
[2023-03-18T17:03:21.962+0000] {standard_task_runner.py:82} INFO - Running: ['***', 'tasks', 'run', 'gtfs_stops', 'stg_table_gtfs_stops', 'scheduled__2023-03-18T16:00:00+00:00', '--job-id', '687', '--raw', '--subdir', 'DAGS_FOLDER/gtfs_stops.py', '--cfg-path', '/tmp/tmpu_r3nt47']
[2023-03-18T17:03:21.964+0000] {standard_task_runner.py:83} INFO - Job 687: Subtask stg_table_gtfs_stops
[2023-03-18T17:03:22.067+0000] {task_command.py:388} INFO - Running <TaskInstance: gtfs_stops.stg_table_gtfs_stops scheduled__2023-03-18T16:00:00+00:00 [running]> on host diploma-vm.europe-west1-b.c.diploma-380314.internal
[2023-03-18T17:03:22.161+0000] {taskinstance.py:1507} INFO - Exporting the following env vars:
AIRFLOW_CTX_DAG_OWNER=***
AIRFLOW_CTX_DAG_ID=gtfs_stops
AIRFLOW_CTX_TASK_ID=stg_table_gtfs_stops
AIRFLOW_CTX_EXECUTION_DATE=2023-03-18T16:00:00+00:00
AIRFLOW_CTX_TRY_NUMBER=1
AIRFLOW_CTX_DAG_RUN_ID=scheduled__2023-03-18T16:00:00+00:00
[2023-03-18T17:03:22.162+0000] {sql.py:254} INFO - Executing: INSERT IGNORE INTO stg_gtfs_stops
(
SELECT
    CONCAT(`stop_id`, '_', `stop_name`) AS `gtfs_stop_id`,
    `stop_id`,
    `zone_id`,
    `level_id`,
    `stop_name`,
    `location_type`,
    `platform_code`,
    `parent_station`,
    `wheelchair_boarding`,
    `_sys_record_id`,
    `_sys_load_id`,
    `_sys_load_at`,
    `_sys_is_deleted`,
    `i`
FROM (
    SELECT
        TRIM(BOTH '"' FROM JSON_EXTRACT(`jdoc`, '$.properties.stop_id')) AS `stop_id`,
        TRIM(BOTH '"' FROM JSON_EXTRACT(`jdoc`, '$.properties.zone_id')) AS `zone_id`,
        TRIM(BOTH '"' FROM JSON_EXTRACT(`jdoc`, '$.properties.level_id')) AS `level_id`,
        TRIM(BOTH '"' FROM JSON_EXTRACT(`jdoc`, '$.properties.stop_name')) AS `stop_name`,
        TRIM(BOTH '"' FROM JSON_EXTRACT(`jdoc`, '$.properties.location_type')) AS `location_type`,
        TRIM(BOTH '"' FROM JSON_EXTRACT(`jdoc`, '$.properties.platform_code')) AS `platform_code`,
        TRIM(BOTH '"' FROM JSON_EXTRACT(`jdoc`, '$.properties.parent_station')) AS `parent_station`,
        TRIM(BOTH '"' FROM JSON_EXTRACT(`jdoc`, '$.properties.wheelchair_boarding')) AS `wheelchair_boarding`,
        `_sys_record_id`,
        `_sys_load_id`,
        `_sys_load_at`,
        `_sys_is_deleted`,
        `i`
    FROM src_gtfs_stops
    ) a
);
[2023-03-18T17:03:22.177+0000] {base.py:73} INFO - Using connection ID 'mysql-db' for task execution.
[2023-03-18T17:03:22.270+0000] {base.py:73} INFO - Using connection ID 'mysql-db' for task execution.
[2023-03-18T17:03:22.285+0000] {sql.py:375} INFO - Running statement: INSERT IGNORE INTO stg_gtfs_stops
(
SELECT
    CONCAT(`stop_id`, '_', `stop_name`) AS `gtfs_stop_id`,
    `stop_id`,
    `zone_id`,
    `level_id`,
    `stop_name`,
    `location_type`,
    `platform_code`,
    `parent_station`,
    `wheelchair_boarding`,
    `_sys_record_id`,
    `_sys_load_id`,
    `_sys_load_at`,
    `_sys_is_deleted`,
    `i`
FROM (
    SELECT
        TRIM(BOTH '"' FROM JSON_EXTRACT(`jdoc`, '$.properties.stop_id')) AS `stop_id`,
        TRIM(BOTH '"' FROM JSON_EXTRACT(`jdoc`, '$.properties.zone_id')) AS `zone_id`,
        TRIM(BOTH '"' FROM JSON_EXTRACT(`jdoc`, '$.properties.level_id')) AS `level_id`,
        TRIM(BOTH '"' FROM JSON_EXTRACT(`jdoc`, '$.properties.stop_name')) AS `stop_name`,
        TRIM(BOTH '"' FROM JSON_EXTRACT(`jdoc`, '$.properties.location_type')) AS `location_type`,
        TRIM(BOTH '"' FROM JSON_EXTRACT(`jdoc`, '$.properties.platform_code')) AS `platform_code`,
        TRIM(BOTH '"' FROM JSON_EXTRACT(`jdoc`, '$.properties.parent_station')) AS `parent_station`,
        TRIM(BOTH '"' FROM JSON_EXTRACT(`jdoc`, '$.properties.wheelchair_boarding')) AS `wheelchair_boarding`,
        `_sys_record_id`,
        `_sys_load_id`,
        `_sys_load_at`,
        `_sys_is_deleted`,
        `i`
    FROM src_gtfs_stops
    ) a
);, parameters: None
[2023-03-18T17:03:22.289+0000] {sql.py:384} INFO - Rows affected: 0
[2023-03-18T17:03:22.306+0000] {taskinstance.py:1318} INFO - Marking task as SUCCESS. dag_id=gtfs_stops, task_id=stg_table_gtfs_stops, execution_date=20230318T160000, start_date=20230318T170321, end_date=20230318T170322
[2023-03-18T17:03:22.334+0000] {local_task_job.py:208} INFO - Task exited with return code 0
[2023-03-18T17:03:22.366+0000] {taskinstance.py:2578} INFO - 0 downstream tasks scheduled from follow-on schedule check
