[2023-03-17T21:00:30.120+0000] {taskinstance.py:1083} INFO - Dependencies all met for <TaskInstance: get_file_from_endpoint.create_table_parking_measurements scheduled__2023-03-17T20:00:00+00:00 [queued]>
[2023-03-17T21:00:30.131+0000] {taskinstance.py:1083} INFO - Dependencies all met for <TaskInstance: get_file_from_endpoint.create_table_parking_measurements scheduled__2023-03-17T20:00:00+00:00 [queued]>
[2023-03-17T21:00:30.132+0000] {taskinstance.py:1279} INFO - 
--------------------------------------------------------------------------------
[2023-03-17T21:00:30.132+0000] {taskinstance.py:1280} INFO - Starting attempt 1 of 1
[2023-03-17T21:00:30.132+0000] {taskinstance.py:1281} INFO - 
--------------------------------------------------------------------------------
[2023-03-17T21:00:30.145+0000] {taskinstance.py:1300} INFO - Executing <Task(MySqlOperator): create_table_parking_measurements> on 2023-03-17 20:00:00+00:00
[2023-03-17T21:00:30.150+0000] {standard_task_runner.py:55} INFO - Started process 15081 to run task
[2023-03-17T21:00:30.156+0000] {standard_task_runner.py:82} INFO - Running: ['***', 'tasks', 'run', 'get_file_from_endpoint', 'create_table_parking_measurements', 'scheduled__2023-03-17T20:00:00+00:00', '--job-id', '318', '--raw', '--subdir', 'DAGS_FOLDER/api.py', '--cfg-path', '/tmp/tmpcgcytt9p']
[2023-03-17T21:00:30.158+0000] {standard_task_runner.py:83} INFO - Job 318: Subtask create_table_parking_measurements
[2023-03-17T21:00:30.247+0000] {task_command.py:388} INFO - Running <TaskInstance: get_file_from_endpoint.create_table_parking_measurements scheduled__2023-03-17T20:00:00+00:00 [running]> on host diploma-vm.europe-west1-b.c.diploma-380314.internal
[2023-03-17T21:00:30.332+0000] {taskinstance.py:1507} INFO - Exporting the following env vars:
AIRFLOW_CTX_DAG_OWNER=***
AIRFLOW_CTX_DAG_ID=get_file_from_endpoint
AIRFLOW_CTX_TASK_ID=create_table_parking_measurements
AIRFLOW_CTX_EXECUTION_DATE=2023-03-17T20:00:00+00:00
AIRFLOW_CTX_TRY_NUMBER=1
AIRFLOW_CTX_DAG_RUN_ID=scheduled__2023-03-17T20:00:00+00:00
[2023-03-17T21:00:30.333+0000] {sql.py:254} INFO - Executing: CREATE TABLE IF NOT EXISTS pre_parking_measurements (
    _sys_record_id INT NOT NULL AUTO_INCREMENT,
    jdoc JSON,
    _sys_load_id INT,
    _sys_load_at TIMESTAMP,
    _sys_is_deleted BOOLEAN,
    CONSTRAINT id PRIMARY KEY (_sys_record_id, _sys_load_at)
);

CREATE TABLE IF NOT EXISTS src_parking_measurements (
    _sys_record_id INT,
    _sys_load_id INT,
    _sys_load_at TIMESTAMP,
    _sys_is_deleted BOOLEAN,
    i INT,
    jdoc JSON,
    CONSTRAINT id PRIMARY KEY (_sys_record_id,i,_sys_load_at)
);

CREATE TABLE IF NOT EXISTS stg_parking_measurements (
    parking_measurement_id VARCHAR(255) NOT NULL,
    source VARCHAR(255),
    source_id VARCHAR(255),
    parking_id VARCHAR(255),
    date_modified TIMESTAMP,
    total_spot_number VARCHAR(255),
    closed_spot_number VARCHAR(255),
    occupied_spot_number VARCHAR(255),
    available_spot_number VARCHAR(255),
    _sys_record_id INT,
    _sys_load_id INT,
    _sys_load_at TIMESTAMP,
    _sys_is_deleted VARCHAR(255),
    i INT,
    PRIMARY KEY (parking_measurement_id)
  );
[2023-03-17T21:00:30.347+0000] {base.py:73} INFO - Using connection ID 'mysql-db' for task execution.
[2023-03-17T21:00:30.433+0000] {base.py:73} INFO - Using connection ID 'mysql-db' for task execution.
[2023-03-17T21:00:30.450+0000] {sql.py:375} INFO - Running statement: CREATE TABLE IF NOT EXISTS pre_parking_measurements (
    _sys_record_id INT NOT NULL AUTO_INCREMENT,
    jdoc JSON,
    _sys_load_id INT,
    _sys_load_at TIMESTAMP,
    _sys_is_deleted BOOLEAN,
    CONSTRAINT id PRIMARY KEY (_sys_record_id, _sys_load_at)
);

CREATE TABLE IF NOT EXISTS src_parking_measurements (
    _sys_record_id INT,
    _sys_load_id INT,
    _sys_load_at TIMESTAMP,
    _sys_is_deleted BOOLEAN,
    i INT,
    jdoc JSON,
    CONSTRAINT id PRIMARY KEY (_sys_record_id,i,_sys_load_at)
);

CREATE TABLE IF NOT EXISTS stg_parking_measurements (
    parking_measurement_id VARCHAR(255) NOT NULL,
    source VARCHAR(255),
    source_id VARCHAR(255),
    parking_id VARCHAR(255),
    date_modified TIMESTAMP,
    total_spot_number VARCHAR(255),
    closed_spot_number VARCHAR(255),
    occupied_spot_number VARCHAR(255),
    available_spot_number VARCHAR(255),
    _sys_record_id INT,
    _sys_load_id INT,
    _sys_load_at TIMESTAMP,
    _sys_is_deleted VARCHAR(255),
    i INT,
    PRIMARY KEY (parking_measurement_id)
  );, parameters: None
[2023-03-17T21:00:30.454+0000] {sql.py:384} INFO - Rows affected: 0
[2023-03-17T21:00:30.479+0000] {taskinstance.py:1318} INFO - Marking task as SUCCESS. dag_id=get_file_from_endpoint, task_id=create_table_parking_measurements, execution_date=20230317T200000, start_date=20230317T210030, end_date=20230317T210030
[2023-03-17T21:00:30.527+0000] {local_task_job.py:208} INFO - Task exited with return code 0
[2023-03-17T21:00:30.561+0000] {taskinstance.py:2578} INFO - 1 downstream tasks scheduled from follow-on schedule check
