[2023-03-18T17:21:28.206+0000] {taskinstance.py:1083} INFO - Dependencies all met for <TaskInstance: vehiclepositions.stg_table_vehiclepositions manual__2023-03-18T17:21:19.877888+00:00 [queued]>
[2023-03-18T17:21:28.220+0000] {taskinstance.py:1083} INFO - Dependencies all met for <TaskInstance: vehiclepositions.stg_table_vehiclepositions manual__2023-03-18T17:21:19.877888+00:00 [queued]>
[2023-03-18T17:21:28.220+0000] {taskinstance.py:1279} INFO - 
--------------------------------------------------------------------------------
[2023-03-18T17:21:28.220+0000] {taskinstance.py:1280} INFO - Starting attempt 1 of 1
[2023-03-18T17:21:28.220+0000] {taskinstance.py:1281} INFO - 
--------------------------------------------------------------------------------
[2023-03-18T17:21:28.237+0000] {taskinstance.py:1300} INFO - Executing <Task(MySqlOperator): stg_table_vehiclepositions> on 2023-03-18 17:21:19.877888+00:00
[2023-03-18T17:21:28.242+0000] {standard_task_runner.py:55} INFO - Started process 86862 to run task
[2023-03-18T17:21:28.249+0000] {standard_task_runner.py:82} INFO - Running: ['***', 'tasks', 'run', 'vehiclepositions', 'stg_table_vehiclepositions', 'manual__2023-03-18T17:21:19.877888+00:00', '--job-id', '697', '--raw', '--subdir', 'DAGS_FOLDER/vehiclepositions.py', '--cfg-path', '/tmp/tmp_dr1_l82']
[2023-03-18T17:21:28.251+0000] {standard_task_runner.py:83} INFO - Job 697: Subtask stg_table_vehiclepositions
[2023-03-18T17:21:28.352+0000] {task_command.py:388} INFO - Running <TaskInstance: vehiclepositions.stg_table_vehiclepositions manual__2023-03-18T17:21:19.877888+00:00 [running]> on host diploma-vm.europe-west1-b.c.diploma-380314.internal
[2023-03-18T17:21:28.448+0000] {taskinstance.py:1507} INFO - Exporting the following env vars:
AIRFLOW_CTX_DAG_OWNER=***
AIRFLOW_CTX_DAG_ID=vehiclepositions
AIRFLOW_CTX_TASK_ID=stg_table_vehiclepositions
AIRFLOW_CTX_EXECUTION_DATE=2023-03-18T17:21:19.877888+00:00
AIRFLOW_CTX_TRY_NUMBER=1
AIRFLOW_CTX_DAG_RUN_ID=manual__2023-03-18T17:21:19.877888+00:00
[2023-03-18T17:21:28.448+0000] {sql.py:254} INFO - Executing: INSERT IGNORE INTO stg_vehiclepositions
(
SELECT
    CONCAT(`gtfs_trip_id`, '_', `gtfs_route_id`, '_', `gtfs_route_type`, '_', `gtfs_route_short_name`, '_', `gtfs_trip_short_name`, '_', `last_stop_arrival_time`) AS vehicleposition_id,
    `type`,
    `geometry_type`,
    `geometry_coordinates`,        
    `cis_line_id`,
    `cis_trip_number`,
    `gtfs_trip_id`,
    `gtfs_route_id`,
    `gtfs_route_type`,
    `gtfs_trip_headsign`,
    `gtfs_trip_short_name`,
    `gtfs_route_short_name`,
    `agency_name_real`,
    `agency_name_scheduled`,
    `sequence_id`,
    `vehicle_type_id`,
    `vehicle_type_description_cs`,
    `vehicle_type_description_en`,
    `air_conditioned`,
    `start_timestamp`,
    `origin_route_name`,
    `wheelchair_accessible`,
    `vehicle_registration_number`,
    `actual`,
    `last_stop_arrival`,
    `last_stop_departure`,
    `speed`,
    `bearing`,
    `tracking`,
    `last_stop_id`,
    `last_stop_sequence`,
    `last_stop_arrival_time`,
    `last_stop_departure_time`,
    `next_stop_id`,
    `next_stop_sequence`,
    `next_stop_arrival_time`,
    `next_stop_departure_time`,
    `is_canceled`,
    `state_position`,
    `origin_timestamp`,
    `shape_dist_traveled`,
    `_sys_record_id`,
    `_sys_load_id`,
    `_sys_load_at`,
    `_sys_is_deleted`,
    i
FROM (
    SELECT
        TRIM(BOTH '"' FROM JSON_EXTRACT(`jdoc`, '$.type')) AS `type`,

        TRIM(BOTH '"' FROM JSON_EXTRACT(`jdoc`, '$.geometry.type')) AS `geometry_type`,
        TRIM(BOTH '"' FROM JSON_EXTRACT(`jdoc`, '$.geometry.coordinates')) AS `geometry_coordinates`,
        
        TRIM(BOTH '"' FROM JSON_EXTRACT(`jdoc`, '$.properties.trip.cis.line_id')) AS `cis_line_id`,
        TRIM(BOTH '"' FROM JSON_EXTRACT(`jdoc`, '$.properties.trip.cis.trip_number')) AS `cis_trip_number`,

        TRIM(BOTH '"' FROM JSON_EXTRACT(`jdoc`, '$.properties.trip.gtfs.trip_id')) AS `gtfs_trip_id`,
        TRIM(BOTH '"' FROM JSON_EXTRACT(`jdoc`, '$.properties.trip.gtfs.route_id')) AS `gtfs_route_id`,
        TRIM(BOTH '"' FROM JSON_EXTRACT(`jdoc`, '$.properties.trip.gtfs.route_type')) AS `gtfs_route_type`,
        TRIM(BOTH '"' FROM JSON_EXTRACT(`jdoc`, '$.properties.trip.gtfs.trip_headsign')) AS `gtfs_trip_headsign`,
        TRIM(BOTH '"' FROM JSON_EXTRACT(`jdoc`, '$.properties.trip.gtfs.trip_short_name')) AS `gtfs_trip_short_name`,
        TRIM(BOTH '"' FROM JSON_EXTRACT(`jdoc`, '$.properties.trip.gtfs.route_short_name')) AS `gtfs_route_short_name`,

        TRIM(BOTH '"' FROM JSON_EXTRACT(`jdoc`, '$.properties.trip.agency_name.real')) AS `agency_name_real`,
        TRIM(BOTH '"' FROM JSON_EXTRACT(`jdoc`, '$.properties.trip.agency_name.scheduled')) AS `agency_name_scheduled`,

        TRIM(BOTH '"' FROM JSON_EXTRACT(`jdoc`, '$.properties.trip.sequence_id')) AS `sequence_id`,

        TRIM(BOTH '"' FROM JSON_EXTRACT(`jdoc`, '$.properties.trip.vehicle_type.id')) AS `vehicle_type_id`,
        TRIM(BOTH '"' FROM JSON_EXTRACT(`jdoc`, '$.properties.trip.vehicle_type.description_cs')) AS `vehicle_type_description_cs`,
        TRIM(BOTH '"' FROM JSON_EXTRACT(`jdoc`, '$.properties.trip.vehicle_type.description_en')) AS `vehicle_type_description_en`,

        TRIM(BOTH '"' FROM JSON_EXTRACT(`jdoc`, '$.properties.trip.air_conditioned')) AS `air_conditioned`,
        TRIM(BOTH '"' FROM JSON_EXTRACT(`jdoc`, '$.properties.trip.start_timestamp')) AS `start_timestamp`,
        TRIM(BOTH '"' FROM JSON_EXTRACT(`jdoc`, '$.properties.trip.origin_route_name')) AS `origin_route_name`,
        TRIM(BOTH '"' FROM JSON_EXTRACT(`jdoc`, '$.properties.trip.wheelchair_accessible')) AS `wheelchair_accessible`,
        TRIM(BOTH '"' FROM JSON_EXTRACT(`jdoc`, '$.properties.trip.vehicle_registration_number')) AS `vehicle_registration_number`,

        TRIM(BOTH '"' FROM JSON_EXTRACT(`jdoc`, '$.properties.last_position.delay.actual')) AS `actual`,
        TRIM(BOTH '"' FROM JSON_EXTRACT(`jdoc`, '$.properties.last_position.delay.last_stop_arrival')) AS `last_stop_arrival`,
        TRIM(BOTH '"' FROM JSON_EXTRACT(`jdoc`, '$.properties.last_position.delay.last_stop_departure')) AS `last_stop_departure`,

        TRIM(BOTH '"' FROM JSON_EXTRACT(`jdoc`, '$.properties.last_position.speed')) AS `speed`,
        TRIM(BOTH '"' FROM JSON_EXTRACT(`jdoc`, '$.properties.last_position.bearing')) AS `bearing`,
        TRIM(BOTH '"' FROM JSON_EXTRACT(`jdoc`, '$.properties.last_position.tracking')) AS `tracking`,
        TRIM(BOTH '"' FROM JSON_EXTRACT(`jdoc`, '$.properties.last_position.last_stop.id')) AS `last_stop_id`,
        TRIM(BOTH '"' FROM JSON_EXTRACT(`jdoc`, '$.properties.last_position.last_stop.sequence')) AS `last_stop_sequence`,
        TRIM(BOTH '"' FROM JSON_EXTRACT(`jdoc`, '$.properties.last_position.last_stop.arrival_time')) AS `last_stop_arrival_time`,
        TRIM(BOTH '"' FROM JSON_EXTRACT(`jdoc`, '$.properties.last_position.last_stop.departure_time')) AS `last_stop_departure_time`,
        TRIM(BOTH '"' FROM JSON_EXTRACT(`jdoc`, '$.properties.last_position.next_stop.id')) AS `next_stop_id`,
        TRIM(BOTH '"' FROM JSON_EXTRACT(`jdoc`, '$.properties.last_position.next_stop.sequence')) AS `next_stop_sequence`,
        TRIM(BOTH '"' FROM JSON_EXTRACT(`jdoc`, '$.properties.last_position.next_stop.arrival_time')) AS `next_stop_arrival_time`,
        TRIM(BOTH '"' FROM JSON_EXTRACT(`jdoc`, '$.properties.last_position.next_stop.departure_time')) AS `next_stop_departure_time`,

        TRIM(BOTH '"' FROM JSON_EXTRACT(`jdoc`, '$.properties.last_position.is_canceled')) AS `is_canceled`,
        TRIM(BOTH '"' FROM JSON_EXTRACT(`jdoc`, '$.properties.last_position.state_position')) AS `state_position`,
        TRIM(BOTH '"' FROM JSON_EXTRACT(`jdoc`, '$.properties.last_position.origin_timestamp')) AS `origin_timestamp`,
        TRIM(BOTH '"' FROM JSON_EXTRACT(`jdoc`, '$.properties.last_position.shape_dist_traveled')) AS `shape_dist_traveled`,        

        `_sys_record_id`,
        `_sys_load_id`,
        `_sys_load_at`,
        `_sys_is_deleted`,
        i
    FROM src_vehiclepositions
    ) a
);
[2023-03-18T17:21:28.464+0000] {base.py:73} INFO - Using connection ID 'mysql-db' for task execution.
[2023-03-18T17:21:28.562+0000] {base.py:73} INFO - Using connection ID 'mysql-db' for task execution.
[2023-03-18T17:21:28.576+0000] {sql.py:375} INFO - Running statement: INSERT IGNORE INTO stg_vehiclepositions
(
SELECT
    CONCAT(`gtfs_trip_id`, '_', `gtfs_route_id`, '_', `gtfs_route_type`, '_', `gtfs_route_short_name`, '_', `gtfs_trip_short_name`, '_', `last_stop_arrival_time`) AS vehicleposition_id,
    `type`,
    `geometry_type`,
    `geometry_coordinates`,        
    `cis_line_id`,
    `cis_trip_number`,
    `gtfs_trip_id`,
    `gtfs_route_id`,
    `gtfs_route_type`,
    `gtfs_trip_headsign`,
    `gtfs_trip_short_name`,
    `gtfs_route_short_name`,
    `agency_name_real`,
    `agency_name_scheduled`,
    `sequence_id`,
    `vehicle_type_id`,
    `vehicle_type_description_cs`,
    `vehicle_type_description_en`,
    `air_conditioned`,
    `start_timestamp`,
    `origin_route_name`,
    `wheelchair_accessible`,
    `vehicle_registration_number`,
    `actual`,
    `last_stop_arrival`,
    `last_stop_departure`,
    `speed`,
    `bearing`,
    `tracking`,
    `last_stop_id`,
    `last_stop_sequence`,
    `last_stop_arrival_time`,
    `last_stop_departure_time`,
    `next_stop_id`,
    `next_stop_sequence`,
    `next_stop_arrival_time`,
    `next_stop_departure_time`,
    `is_canceled`,
    `state_position`,
    `origin_timestamp`,
    `shape_dist_traveled`,
    `_sys_record_id`,
    `_sys_load_id`,
    `_sys_load_at`,
    `_sys_is_deleted`,
    i
FROM (
    SELECT
        TRIM(BOTH '"' FROM JSON_EXTRACT(`jdoc`, '$.type')) AS `type`,

        TRIM(BOTH '"' FROM JSON_EXTRACT(`jdoc`, '$.geometry.type')) AS `geometry_type`,
        TRIM(BOTH '"' FROM JSON_EXTRACT(`jdoc`, '$.geometry.coordinates')) AS `geometry_coordinates`,
        
        TRIM(BOTH '"' FROM JSON_EXTRACT(`jdoc`, '$.properties.trip.cis.line_id')) AS `cis_line_id`,
        TRIM(BOTH '"' FROM JSON_EXTRACT(`jdoc`, '$.properties.trip.cis.trip_number')) AS `cis_trip_number`,

        TRIM(BOTH '"' FROM JSON_EXTRACT(`jdoc`, '$.properties.trip.gtfs.trip_id')) AS `gtfs_trip_id`,
        TRIM(BOTH '"' FROM JSON_EXTRACT(`jdoc`, '$.properties.trip.gtfs.route_id')) AS `gtfs_route_id`,
        TRIM(BOTH '"' FROM JSON_EXTRACT(`jdoc`, '$.properties.trip.gtfs.route_type')) AS `gtfs_route_type`,
        TRIM(BOTH '"' FROM JSON_EXTRACT(`jdoc`, '$.properties.trip.gtfs.trip_headsign')) AS `gtfs_trip_headsign`,
        TRIM(BOTH '"' FROM JSON_EXTRACT(`jdoc`, '$.properties.trip.gtfs.trip_short_name')) AS `gtfs_trip_short_name`,
        TRIM(BOTH '"' FROM JSON_EXTRACT(`jdoc`, '$.properties.trip.gtfs.route_short_name')) AS `gtfs_route_short_name`,

        TRIM(BOTH '"' FROM JSON_EXTRACT(`jdoc`, '$.properties.trip.agency_name.real')) AS `agency_name_real`,
        TRIM(BOTH '"' FROM JSON_EXTRACT(`jdoc`, '$.properties.trip.agency_name.scheduled')) AS `agency_name_scheduled`,

        TRIM(BOTH '"' FROM JSON_EXTRACT(`jdoc`, '$.properties.trip.sequence_id')) AS `sequence_id`,

        TRIM(BOTH '"' FROM JSON_EXTRACT(`jdoc`, '$.properties.trip.vehicle_type.id')) AS `vehicle_type_id`,
        TRIM(BOTH '"' FROM JSON_EXTRACT(`jdoc`, '$.properties.trip.vehicle_type.description_cs')) AS `vehicle_type_description_cs`,
        TRIM(BOTH '"' FROM JSON_EXTRACT(`jdoc`, '$.properties.trip.vehicle_type.description_en')) AS `vehicle_type_description_en`,

        TRIM(BOTH '"' FROM JSON_EXTRACT(`jdoc`, '$.properties.trip.air_conditioned')) AS `air_conditioned`,
        TRIM(BOTH '"' FROM JSON_EXTRACT(`jdoc`, '$.properties.trip.start_timestamp')) AS `start_timestamp`,
        TRIM(BOTH '"' FROM JSON_EXTRACT(`jdoc`, '$.properties.trip.origin_route_name')) AS `origin_route_name`,
        TRIM(BOTH '"' FROM JSON_EXTRACT(`jdoc`, '$.properties.trip.wheelchair_accessible')) AS `wheelchair_accessible`,
        TRIM(BOTH '"' FROM JSON_EXTRACT(`jdoc`, '$.properties.trip.vehicle_registration_number')) AS `vehicle_registration_number`,

        TRIM(BOTH '"' FROM JSON_EXTRACT(`jdoc`, '$.properties.last_position.delay.actual')) AS `actual`,
        TRIM(BOTH '"' FROM JSON_EXTRACT(`jdoc`, '$.properties.last_position.delay.last_stop_arrival')) AS `last_stop_arrival`,
        TRIM(BOTH '"' FROM JSON_EXTRACT(`jdoc`, '$.properties.last_position.delay.last_stop_departure')) AS `last_stop_departure`,

        TRIM(BOTH '"' FROM JSON_EXTRACT(`jdoc`, '$.properties.last_position.speed')) AS `speed`,
        TRIM(BOTH '"' FROM JSON_EXTRACT(`jdoc`, '$.properties.last_position.bearing')) AS `bearing`,
        TRIM(BOTH '"' FROM JSON_EXTRACT(`jdoc`, '$.properties.last_position.tracking')) AS `tracking`,
        TRIM(BOTH '"' FROM JSON_EXTRACT(`jdoc`, '$.properties.last_position.last_stop.id')) AS `last_stop_id`,
        TRIM(BOTH '"' FROM JSON_EXTRACT(`jdoc`, '$.properties.last_position.last_stop.sequence')) AS `last_stop_sequence`,
        TRIM(BOTH '"' FROM JSON_EXTRACT(`jdoc`, '$.properties.last_position.last_stop.arrival_time')) AS `last_stop_arrival_time`,
        TRIM(BOTH '"' FROM JSON_EXTRACT(`jdoc`, '$.properties.last_position.last_stop.departure_time')) AS `last_stop_departure_time`,
        TRIM(BOTH '"' FROM JSON_EXTRACT(`jdoc`, '$.properties.last_position.next_stop.id')) AS `next_stop_id`,
        TRIM(BOTH '"' FROM JSON_EXTRACT(`jdoc`, '$.properties.last_position.next_stop.sequence')) AS `next_stop_sequence`,
        TRIM(BOTH '"' FROM JSON_EXTRACT(`jdoc`, '$.properties.last_position.next_stop.arrival_time')) AS `next_stop_arrival_time`,
        TRIM(BOTH '"' FROM JSON_EXTRACT(`jdoc`, '$.properties.last_position.next_stop.departure_time')) AS `next_stop_departure_time`,

        TRIM(BOTH '"' FROM JSON_EXTRACT(`jdoc`, '$.properties.last_position.is_canceled')) AS `is_canceled`,
        TRIM(BOTH '"' FROM JSON_EXTRACT(`jdoc`, '$.properties.last_position.state_position')) AS `state_position`,
        TRIM(BOTH '"' FROM JSON_EXTRACT(`jdoc`, '$.properties.last_position.origin_timestamp')) AS `origin_timestamp`,
        TRIM(BOTH '"' FROM JSON_EXTRACT(`jdoc`, '$.properties.last_position.shape_dist_traveled')) AS `shape_dist_traveled`,        

        `_sys_record_id`,
        `_sys_load_id`,
        `_sys_load_at`,
        `_sys_is_deleted`,
        i
    FROM src_vehiclepositions
    ) a
);, parameters: None
[2023-03-18T17:21:28.578+0000] {sql.py:384} INFO - Rows affected: 0
[2023-03-18T17:21:28.593+0000] {taskinstance.py:1318} INFO - Marking task as SUCCESS. dag_id=vehiclepositions, task_id=stg_table_vehiclepositions, execution_date=20230318T172119, start_date=20230318T172128, end_date=20230318T172128
[2023-03-18T17:21:28.621+0000] {local_task_job.py:208} INFO - Task exited with return code 0
[2023-03-18T17:21:28.647+0000] {taskinstance.py:2578} INFO - 0 downstream tasks scheduled from follow-on schedule check
