[2023-03-18T18:23:28.378+0000] {taskinstance.py:1083} INFO - Dependencies all met for <TaskInstance: vehiclepositions.check_endpoint manual__2023-03-18T18:23:27.285349+00:00 [queued]>
[2023-03-18T18:23:28.393+0000] {taskinstance.py:1083} INFO - Dependencies all met for <TaskInstance: vehiclepositions.check_endpoint manual__2023-03-18T18:23:27.285349+00:00 [queued]>
[2023-03-18T18:23:28.394+0000] {taskinstance.py:1279} INFO - 
--------------------------------------------------------------------------------
[2023-03-18T18:23:28.394+0000] {taskinstance.py:1280} INFO - Starting attempt 1 of 1
[2023-03-18T18:23:28.394+0000] {taskinstance.py:1281} INFO - 
--------------------------------------------------------------------------------
[2023-03-18T18:23:28.415+0000] {taskinstance.py:1300} INFO - Executing <Task(PythonOperator): check_endpoint> on 2023-03-18 18:23:27.285349+00:00
[2023-03-18T18:23:28.420+0000] {standard_task_runner.py:55} INFO - Started process 94161 to run task
[2023-03-18T18:23:28.428+0000] {standard_task_runner.py:82} INFO - Running: ['***', 'tasks', 'run', 'vehiclepositions', 'check_endpoint', 'manual__2023-03-18T18:23:27.285349+00:00', '--job-id', '760', '--raw', '--subdir', 'DAGS_FOLDER/vehiclepositions.py', '--cfg-path', '/tmp/tmp4j22o3_r']
[2023-03-18T18:23:28.431+0000] {standard_task_runner.py:83} INFO - Job 760: Subtask check_endpoint
[2023-03-18T18:23:28.553+0000] {task_command.py:388} INFO - Running <TaskInstance: vehiclepositions.check_endpoint manual__2023-03-18T18:23:27.285349+00:00 [running]> on host diploma-vm.europe-west1-b.c.diploma-380314.internal
[2023-03-18T18:23:28.662+0000] {taskinstance.py:1507} INFO - Exporting the following env vars:
AIRFLOW_CTX_DAG_OWNER=***
AIRFLOW_CTX_DAG_ID=vehiclepositions
AIRFLOW_CTX_TASK_ID=check_endpoint
AIRFLOW_CTX_EXECUTION_DATE=2023-03-18T18:23:27.285349+00:00
AIRFLOW_CTX_TRY_NUMBER=1
AIRFLOW_CTX_DAG_RUN_ID=manual__2023-03-18T18:23:27.285349+00:00
[2023-03-18T18:23:28.925+0000] {python.py:177} INFO - Done. Returned value was: None
[2023-03-18T18:23:28.940+0000] {taskinstance.py:1318} INFO - Marking task as SUCCESS. dag_id=vehiclepositions, task_id=check_endpoint, execution_date=20230318T182327, start_date=20230318T182328, end_date=20230318T182328
[2023-03-18T18:23:28.960+0000] {local_task_job.py:208} INFO - Task exited with return code 0
[2023-03-18T18:23:29.000+0000] {taskinstance.py:2578} INFO - 1 downstream tasks scheduled from follow-on schedule check
