[2023-03-17T23:00:29.828+0000] {taskinstance.py:1083} INFO - Dependencies all met for <TaskInstance: get_file_from_endpoint.src_table_parking_measurements scheduled__2023-03-17T22:00:00+00:00 [queued]>
[2023-03-17T23:00:29.842+0000] {taskinstance.py:1083} INFO - Dependencies all met for <TaskInstance: get_file_from_endpoint.src_table_parking_measurements scheduled__2023-03-17T22:00:00+00:00 [queued]>
[2023-03-17T23:00:29.842+0000] {taskinstance.py:1279} INFO - 
--------------------------------------------------------------------------------
[2023-03-17T23:00:29.842+0000] {taskinstance.py:1280} INFO - Starting attempt 1 of 1
[2023-03-17T23:00:29.842+0000] {taskinstance.py:1281} INFO - 
--------------------------------------------------------------------------------
[2023-03-17T23:00:29.857+0000] {taskinstance.py:1300} INFO - Executing <Task(MySqlOperator): src_table_parking_measurements> on 2023-03-17 22:00:00+00:00
[2023-03-17T23:00:29.862+0000] {standard_task_runner.py:55} INFO - Started process 22354 to run task
[2023-03-17T23:00:29.868+0000] {standard_task_runner.py:82} INFO - Running: ['***', 'tasks', 'run', 'get_file_from_endpoint', 'src_table_parking_measurements', 'scheduled__2023-03-17T22:00:00+00:00', '--job-id', '356', '--raw', '--subdir', 'DAGS_FOLDER/api.py', '--cfg-path', '/tmp/tmpngs3z6q9']
[2023-03-17T23:00:29.870+0000] {standard_task_runner.py:83} INFO - Job 356: Subtask src_table_parking_measurements
[2023-03-17T23:00:29.968+0000] {task_command.py:388} INFO - Running <TaskInstance: get_file_from_endpoint.src_table_parking_measurements scheduled__2023-03-17T22:00:00+00:00 [running]> on host diploma-vm.europe-west1-b.c.diploma-380314.internal
[2023-03-17T23:00:30.070+0000] {taskinstance.py:1507} INFO - Exporting the following env vars:
AIRFLOW_CTX_DAG_OWNER=***
AIRFLOW_CTX_DAG_ID=get_file_from_endpoint
AIRFLOW_CTX_TASK_ID=src_table_parking_measurements
AIRFLOW_CTX_EXECUTION_DATE=2023-03-17T22:00:00+00:00
AIRFLOW_CTX_TRY_NUMBER=1
AIRFLOW_CTX_DAG_RUN_ID=scheduled__2023-03-17T22:00:00+00:00
[2023-03-17T23:00:30.071+0000] {sql.py:254} INFO - Executing: INSERT IGNORE INTO src_parking_measurements
(
SELECT
    _sys_record_id,
    _sys_load_id,
    _sys_load_at,
    _sys_is_deleted,
    r.*
FROM
    pre_parking_measurements,
    JSON_TABLE(
        jdoc,
        '$[*]'
        COLUMNS (
            i FOR ORDINALITY,
            jdoc JSON PATH '$[0]'
            )
    ) AS r
);
[2023-03-17T23:00:30.086+0000] {base.py:73} INFO - Using connection ID 'mysql-db' for task execution.
[2023-03-17T23:00:30.179+0000] {base.py:73} INFO - Using connection ID 'mysql-db' for task execution.
[2023-03-17T23:00:30.191+0000] {sql.py:375} INFO - Running statement: INSERT IGNORE INTO src_parking_measurements
(
SELECT
    _sys_record_id,
    _sys_load_id,
    _sys_load_at,
    _sys_is_deleted,
    r.*
FROM
    pre_parking_measurements,
    JSON_TABLE(
        jdoc,
        '$[*]'
        COLUMNS (
            i FOR ORDINALITY,
            jdoc JSON PATH '$[0]'
            )
    ) AS r
);, parameters: None
[2023-03-17T23:00:30.214+0000] {sql.py:384} INFO - Rows affected: 200
[2023-03-17T23:00:30.236+0000] {taskinstance.py:1318} INFO - Marking task as SUCCESS. dag_id=get_file_from_endpoint, task_id=src_table_parking_measurements, execution_date=20230317T220000, start_date=20230317T230029, end_date=20230317T230030
[2023-03-17T23:00:30.280+0000] {local_task_job.py:208} INFO - Task exited with return code 0
[2023-03-17T23:00:30.312+0000] {taskinstance.py:2578} INFO - 1 downstream tasks scheduled from follow-on schedule check
