[2023-03-12T07:30:20.013+0000] {processor.py:153} INFO - Started process (PID=1461) to work on /home/melicharovykrecek/venv/lib/python3.9/site-packages/airflow/example_dags/subdags/subdag.py
[2023-03-12T07:30:20.014+0000] {processor.py:743} INFO - Processing file /home/melicharovykrecek/venv/lib/python3.9/site-packages/airflow/example_dags/subdags/subdag.py for tasks to queue
[2023-03-12T07:30:20.015+0000] {logging_mixin.py:137} INFO - [2023-03-12T07:30:20.015+0000] {dagbag.py:538} INFO - Filling up the DagBag from /home/melicharovykrecek/venv/lib/python3.9/site-packages/airflow/example_dags/subdags/subdag.py
[2023-03-12T07:30:20.020+0000] {processor.py:755} WARNING - No viable dags retrieved from /home/melicharovykrecek/venv/lib/python3.9/site-packages/airflow/example_dags/subdags/subdag.py
[2023-03-12T07:30:20.034+0000] {processor.py:175} INFO - Processing /home/melicharovykrecek/venv/lib/python3.9/site-packages/airflow/example_dags/subdags/subdag.py took 0.025 seconds
[2023-03-12T07:31:02.451+0000] {processor.py:153} INFO - Started process (PID=1506) to work on /home/melicharovykrecek/venv/lib/python3.9/site-packages/airflow/example_dags/subdags/subdag.py
[2023-03-12T07:31:02.453+0000] {processor.py:743} INFO - Processing file /home/melicharovykrecek/venv/lib/python3.9/site-packages/airflow/example_dags/subdags/subdag.py for tasks to queue
[2023-03-12T07:31:02.454+0000] {logging_mixin.py:137} INFO - [2023-03-12T07:31:02.454+0000] {dagbag.py:538} INFO - Filling up the DagBag from /home/melicharovykrecek/venv/lib/python3.9/site-packages/airflow/example_dags/subdags/subdag.py
[2023-03-12T07:31:02.458+0000] {processor.py:755} WARNING - No viable dags retrieved from /home/melicharovykrecek/venv/lib/python3.9/site-packages/airflow/example_dags/subdags/subdag.py
[2023-03-12T07:31:02.471+0000] {processor.py:175} INFO - Processing /home/melicharovykrecek/venv/lib/python3.9/site-packages/airflow/example_dags/subdags/subdag.py took 0.024 seconds
[2023-03-12T07:31:36.689+0000] {processor.py:153} INFO - Started process (PID=1559) to work on /home/melicharovykrecek/venv/lib/python3.9/site-packages/airflow/example_dags/subdags/subdag.py
[2023-03-12T07:31:36.691+0000] {processor.py:743} INFO - Processing file /home/melicharovykrecek/venv/lib/python3.9/site-packages/airflow/example_dags/subdags/subdag.py for tasks to queue
[2023-03-12T07:31:36.692+0000] {logging_mixin.py:137} INFO - [2023-03-12T07:31:36.692+0000] {dagbag.py:538} INFO - Filling up the DagBag from /home/melicharovykrecek/venv/lib/python3.9/site-packages/airflow/example_dags/subdags/subdag.py
[2023-03-12T07:31:36.697+0000] {processor.py:755} WARNING - No viable dags retrieved from /home/melicharovykrecek/venv/lib/python3.9/site-packages/airflow/example_dags/subdags/subdag.py
[2023-03-12T07:31:36.709+0000] {processor.py:175} INFO - Processing /home/melicharovykrecek/venv/lib/python3.9/site-packages/airflow/example_dags/subdags/subdag.py took 0.024 seconds
[2023-03-12T07:32:12.065+0000] {processor.py:153} INFO - Started process (PID=1598) to work on /home/melicharovykrecek/venv/lib/python3.9/site-packages/airflow/example_dags/subdags/subdag.py
[2023-03-12T07:32:12.067+0000] {processor.py:743} INFO - Processing file /home/melicharovykrecek/venv/lib/python3.9/site-packages/airflow/example_dags/subdags/subdag.py for tasks to queue
[2023-03-12T07:32:12.068+0000] {logging_mixin.py:137} INFO - [2023-03-12T07:32:12.068+0000] {dagbag.py:538} INFO - Filling up the DagBag from /home/melicharovykrecek/venv/lib/python3.9/site-packages/airflow/example_dags/subdags/subdag.py
[2023-03-12T07:32:12.073+0000] {processor.py:755} WARNING - No viable dags retrieved from /home/melicharovykrecek/venv/lib/python3.9/site-packages/airflow/example_dags/subdags/subdag.py
[2023-03-12T07:32:12.086+0000] {processor.py:175} INFO - Processing /home/melicharovykrecek/venv/lib/python3.9/site-packages/airflow/example_dags/subdags/subdag.py took 0.025 seconds
[2023-03-12T07:32:47.770+0000] {processor.py:153} INFO - Started process (PID=1637) to work on /home/melicharovykrecek/venv/lib/python3.9/site-packages/airflow/example_dags/subdags/subdag.py
[2023-03-12T07:32:47.772+0000] {processor.py:743} INFO - Processing file /home/melicharovykrecek/venv/lib/python3.9/site-packages/airflow/example_dags/subdags/subdag.py for tasks to queue
[2023-03-12T07:32:47.773+0000] {logging_mixin.py:137} INFO - [2023-03-12T07:32:47.772+0000] {dagbag.py:538} INFO - Filling up the DagBag from /home/melicharovykrecek/venv/lib/python3.9/site-packages/airflow/example_dags/subdags/subdag.py
[2023-03-12T07:32:47.777+0000] {processor.py:755} WARNING - No viable dags retrieved from /home/melicharovykrecek/venv/lib/python3.9/site-packages/airflow/example_dags/subdags/subdag.py
[2023-03-12T07:32:47.790+0000] {processor.py:175} INFO - Processing /home/melicharovykrecek/venv/lib/python3.9/site-packages/airflow/example_dags/subdags/subdag.py took 0.025 seconds
[2023-03-12T07:33:27.619+0000] {processor.py:153} INFO - Started process (PID=1678) to work on /home/melicharovykrecek/venv/lib/python3.9/site-packages/airflow/example_dags/subdags/subdag.py
[2023-03-12T07:33:27.621+0000] {processor.py:743} INFO - Processing file /home/melicharovykrecek/venv/lib/python3.9/site-packages/airflow/example_dags/subdags/subdag.py for tasks to queue
[2023-03-12T07:33:27.622+0000] {logging_mixin.py:137} INFO - [2023-03-12T07:33:27.621+0000] {dagbag.py:538} INFO - Filling up the DagBag from /home/melicharovykrecek/venv/lib/python3.9/site-packages/airflow/example_dags/subdags/subdag.py
[2023-03-12T07:33:27.626+0000] {processor.py:755} WARNING - No viable dags retrieved from /home/melicharovykrecek/venv/lib/python3.9/site-packages/airflow/example_dags/subdags/subdag.py
[2023-03-12T07:33:27.639+0000] {processor.py:175} INFO - Processing /home/melicharovykrecek/venv/lib/python3.9/site-packages/airflow/example_dags/subdags/subdag.py took 0.024 seconds
[2023-03-12T07:34:05.059+0000] {processor.py:153} INFO - Started process (PID=1714) to work on /home/melicharovykrecek/venv/lib/python3.9/site-packages/airflow/example_dags/subdags/subdag.py
[2023-03-12T07:34:05.061+0000] {processor.py:743} INFO - Processing file /home/melicharovykrecek/venv/lib/python3.9/site-packages/airflow/example_dags/subdags/subdag.py for tasks to queue
[2023-03-12T07:34:05.062+0000] {logging_mixin.py:137} INFO - [2023-03-12T07:34:05.062+0000] {dagbag.py:538} INFO - Filling up the DagBag from /home/melicharovykrecek/venv/lib/python3.9/site-packages/airflow/example_dags/subdags/subdag.py
[2023-03-12T07:34:05.066+0000] {processor.py:755} WARNING - No viable dags retrieved from /home/melicharovykrecek/venv/lib/python3.9/site-packages/airflow/example_dags/subdags/subdag.py
[2023-03-12T07:34:05.079+0000] {processor.py:175} INFO - Processing /home/melicharovykrecek/venv/lib/python3.9/site-packages/airflow/example_dags/subdags/subdag.py took 0.025 seconds
[2023-03-12T07:34:42.577+0000] {processor.py:153} INFO - Started process (PID=1761) to work on /home/melicharovykrecek/venv/lib/python3.9/site-packages/airflow/example_dags/subdags/subdag.py
[2023-03-12T07:34:42.583+0000] {processor.py:743} INFO - Processing file /home/melicharovykrecek/venv/lib/python3.9/site-packages/airflow/example_dags/subdags/subdag.py for tasks to queue
[2023-03-12T07:34:42.583+0000] {logging_mixin.py:137} INFO - [2023-03-12T07:34:42.583+0000] {dagbag.py:538} INFO - Filling up the DagBag from /home/melicharovykrecek/venv/lib/python3.9/site-packages/airflow/example_dags/subdags/subdag.py
[2023-03-12T07:34:42.588+0000] {processor.py:755} WARNING - No viable dags retrieved from /home/melicharovykrecek/venv/lib/python3.9/site-packages/airflow/example_dags/subdags/subdag.py
[2023-03-12T07:34:42.600+0000] {processor.py:175} INFO - Processing /home/melicharovykrecek/venv/lib/python3.9/site-packages/airflow/example_dags/subdags/subdag.py took 0.028 seconds
[2023-03-12T07:35:19.047+0000] {processor.py:153} INFO - Started process (PID=1822) to work on /home/melicharovykrecek/venv/lib/python3.9/site-packages/airflow/example_dags/subdags/subdag.py
[2023-03-12T07:35:19.049+0000] {processor.py:743} INFO - Processing file /home/melicharovykrecek/venv/lib/python3.9/site-packages/airflow/example_dags/subdags/subdag.py for tasks to queue
[2023-03-12T07:35:19.050+0000] {logging_mixin.py:137} INFO - [2023-03-12T07:35:19.050+0000] {dagbag.py:538} INFO - Filling up the DagBag from /home/melicharovykrecek/venv/lib/python3.9/site-packages/airflow/example_dags/subdags/subdag.py
[2023-03-12T07:35:19.054+0000] {processor.py:755} WARNING - No viable dags retrieved from /home/melicharovykrecek/venv/lib/python3.9/site-packages/airflow/example_dags/subdags/subdag.py
[2023-03-12T07:35:19.069+0000] {processor.py:175} INFO - Processing /home/melicharovykrecek/venv/lib/python3.9/site-packages/airflow/example_dags/subdags/subdag.py took 0.026 seconds
[2023-03-12T07:35:55.142+0000] {processor.py:153} INFO - Started process (PID=1881) to work on /home/melicharovykrecek/venv/lib/python3.9/site-packages/airflow/example_dags/subdags/subdag.py
[2023-03-12T07:35:55.144+0000] {processor.py:743} INFO - Processing file /home/melicharovykrecek/venv/lib/python3.9/site-packages/airflow/example_dags/subdags/subdag.py for tasks to queue
[2023-03-12T07:35:55.145+0000] {logging_mixin.py:137} INFO - [2023-03-12T07:35:55.145+0000] {dagbag.py:538} INFO - Filling up the DagBag from /home/melicharovykrecek/venv/lib/python3.9/site-packages/airflow/example_dags/subdags/subdag.py
[2023-03-12T07:35:55.150+0000] {processor.py:755} WARNING - No viable dags retrieved from /home/melicharovykrecek/venv/lib/python3.9/site-packages/airflow/example_dags/subdags/subdag.py
[2023-03-12T07:35:55.163+0000] {processor.py:175} INFO - Processing /home/melicharovykrecek/venv/lib/python3.9/site-packages/airflow/example_dags/subdags/subdag.py took 0.026 seconds
[2023-03-12T07:36:33.739+0000] {processor.py:153} INFO - Started process (PID=1918) to work on /home/melicharovykrecek/venv/lib/python3.9/site-packages/airflow/example_dags/subdags/subdag.py
[2023-03-12T07:36:33.741+0000] {processor.py:743} INFO - Processing file /home/melicharovykrecek/venv/lib/python3.9/site-packages/airflow/example_dags/subdags/subdag.py for tasks to queue
[2023-03-12T07:36:33.742+0000] {logging_mixin.py:137} INFO - [2023-03-12T07:36:33.742+0000] {dagbag.py:538} INFO - Filling up the DagBag from /home/melicharovykrecek/venv/lib/python3.9/site-packages/airflow/example_dags/subdags/subdag.py
[2023-03-12T07:36:33.746+0000] {processor.py:755} WARNING - No viable dags retrieved from /home/melicharovykrecek/venv/lib/python3.9/site-packages/airflow/example_dags/subdags/subdag.py
[2023-03-12T07:36:33.759+0000] {processor.py:175} INFO - Processing /home/melicharovykrecek/venv/lib/python3.9/site-packages/airflow/example_dags/subdags/subdag.py took 0.025 seconds
[2023-03-12T07:37:09.079+0000] {processor.py:153} INFO - Started process (PID=1953) to work on /home/melicharovykrecek/venv/lib/python3.9/site-packages/airflow/example_dags/subdags/subdag.py
[2023-03-12T07:37:09.080+0000] {processor.py:743} INFO - Processing file /home/melicharovykrecek/venv/lib/python3.9/site-packages/airflow/example_dags/subdags/subdag.py for tasks to queue
[2023-03-12T07:37:09.081+0000] {logging_mixin.py:137} INFO - [2023-03-12T07:37:09.081+0000] {dagbag.py:538} INFO - Filling up the DagBag from /home/melicharovykrecek/venv/lib/python3.9/site-packages/airflow/example_dags/subdags/subdag.py
[2023-03-12T07:37:09.085+0000] {processor.py:755} WARNING - No viable dags retrieved from /home/melicharovykrecek/venv/lib/python3.9/site-packages/airflow/example_dags/subdags/subdag.py
[2023-03-12T07:37:09.098+0000] {processor.py:175} INFO - Processing /home/melicharovykrecek/venv/lib/python3.9/site-packages/airflow/example_dags/subdags/subdag.py took 0.024 seconds
[2023-03-12T07:37:42.924+0000] {processor.py:153} INFO - Started process (PID=1988) to work on /home/melicharovykrecek/venv/lib/python3.9/site-packages/airflow/example_dags/subdags/subdag.py
[2023-03-12T07:37:42.925+0000] {processor.py:743} INFO - Processing file /home/melicharovykrecek/venv/lib/python3.9/site-packages/airflow/example_dags/subdags/subdag.py for tasks to queue
[2023-03-12T07:37:42.926+0000] {logging_mixin.py:137} INFO - [2023-03-12T07:37:42.926+0000] {dagbag.py:538} INFO - Filling up the DagBag from /home/melicharovykrecek/venv/lib/python3.9/site-packages/airflow/example_dags/subdags/subdag.py
[2023-03-12T07:37:42.930+0000] {processor.py:755} WARNING - No viable dags retrieved from /home/melicharovykrecek/venv/lib/python3.9/site-packages/airflow/example_dags/subdags/subdag.py
[2023-03-12T07:37:42.943+0000] {processor.py:175} INFO - Processing /home/melicharovykrecek/venv/lib/python3.9/site-packages/airflow/example_dags/subdags/subdag.py took 0.024 seconds
[2023-03-12T07:38:21.012+0000] {processor.py:153} INFO - Started process (PID=2027) to work on /home/melicharovykrecek/venv/lib/python3.9/site-packages/airflow/example_dags/subdags/subdag.py
[2023-03-12T07:38:21.014+0000] {processor.py:743} INFO - Processing file /home/melicharovykrecek/venv/lib/python3.9/site-packages/airflow/example_dags/subdags/subdag.py for tasks to queue
[2023-03-12T07:38:21.015+0000] {logging_mixin.py:137} INFO - [2023-03-12T07:38:21.015+0000] {dagbag.py:538} INFO - Filling up the DagBag from /home/melicharovykrecek/venv/lib/python3.9/site-packages/airflow/example_dags/subdags/subdag.py
[2023-03-12T07:38:21.020+0000] {processor.py:755} WARNING - No viable dags retrieved from /home/melicharovykrecek/venv/lib/python3.9/site-packages/airflow/example_dags/subdags/subdag.py
[2023-03-12T07:38:21.035+0000] {processor.py:175} INFO - Processing /home/melicharovykrecek/venv/lib/python3.9/site-packages/airflow/example_dags/subdags/subdag.py took 0.027 seconds
[2023-03-12T07:38:59.090+0000] {processor.py:153} INFO - Started process (PID=2073) to work on /home/melicharovykrecek/venv/lib/python3.9/site-packages/airflow/example_dags/subdags/subdag.py
[2023-03-12T07:38:59.092+0000] {processor.py:743} INFO - Processing file /home/melicharovykrecek/venv/lib/python3.9/site-packages/airflow/example_dags/subdags/subdag.py for tasks to queue
[2023-03-12T07:38:59.093+0000] {logging_mixin.py:137} INFO - [2023-03-12T07:38:59.092+0000] {dagbag.py:538} INFO - Filling up the DagBag from /home/melicharovykrecek/venv/lib/python3.9/site-packages/airflow/example_dags/subdags/subdag.py
[2023-03-12T07:38:59.097+0000] {processor.py:755} WARNING - No viable dags retrieved from /home/melicharovykrecek/venv/lib/python3.9/site-packages/airflow/example_dags/subdags/subdag.py
[2023-03-12T07:38:59.111+0000] {processor.py:175} INFO - Processing /home/melicharovykrecek/venv/lib/python3.9/site-packages/airflow/example_dags/subdags/subdag.py took 0.025 seconds
[2023-03-12T07:39:36.181+0000] {processor.py:153} INFO - Started process (PID=2110) to work on /home/melicharovykrecek/venv/lib/python3.9/site-packages/airflow/example_dags/subdags/subdag.py
[2023-03-12T07:39:36.183+0000] {processor.py:743} INFO - Processing file /home/melicharovykrecek/venv/lib/python3.9/site-packages/airflow/example_dags/subdags/subdag.py for tasks to queue
[2023-03-12T07:39:36.184+0000] {logging_mixin.py:137} INFO - [2023-03-12T07:39:36.184+0000] {dagbag.py:538} INFO - Filling up the DagBag from /home/melicharovykrecek/venv/lib/python3.9/site-packages/airflow/example_dags/subdags/subdag.py
[2023-03-12T07:39:36.189+0000] {processor.py:755} WARNING - No viable dags retrieved from /home/melicharovykrecek/venv/lib/python3.9/site-packages/airflow/example_dags/subdags/subdag.py
[2023-03-12T07:39:36.203+0000] {processor.py:175} INFO - Processing /home/melicharovykrecek/venv/lib/python3.9/site-packages/airflow/example_dags/subdags/subdag.py took 0.027 seconds
[2023-03-12T07:40:08.545+0000] {processor.py:153} INFO - Started process (PID=2154) to work on /home/melicharovykrecek/venv/lib/python3.9/site-packages/airflow/example_dags/subdags/subdag.py
[2023-03-12T07:40:08.547+0000] {processor.py:743} INFO - Processing file /home/melicharovykrecek/venv/lib/python3.9/site-packages/airflow/example_dags/subdags/subdag.py for tasks to queue
[2023-03-12T07:40:08.548+0000] {logging_mixin.py:137} INFO - [2023-03-12T07:40:08.548+0000] {dagbag.py:538} INFO - Filling up the DagBag from /home/melicharovykrecek/venv/lib/python3.9/site-packages/airflow/example_dags/subdags/subdag.py
[2023-03-12T07:40:08.554+0000] {processor.py:755} WARNING - No viable dags retrieved from /home/melicharovykrecek/venv/lib/python3.9/site-packages/airflow/example_dags/subdags/subdag.py
[2023-03-12T07:40:08.569+0000] {processor.py:175} INFO - Processing /home/melicharovykrecek/venv/lib/python3.9/site-packages/airflow/example_dags/subdags/subdag.py took 0.029 seconds
[2023-03-12T07:40:44.044+0000] {processor.py:153} INFO - Started process (PID=2205) to work on /home/melicharovykrecek/venv/lib/python3.9/site-packages/airflow/example_dags/subdags/subdag.py
[2023-03-12T07:40:44.046+0000] {processor.py:743} INFO - Processing file /home/melicharovykrecek/venv/lib/python3.9/site-packages/airflow/example_dags/subdags/subdag.py for tasks to queue
[2023-03-12T07:40:44.047+0000] {logging_mixin.py:137} INFO - [2023-03-12T07:40:44.047+0000] {dagbag.py:538} INFO - Filling up the DagBag from /home/melicharovykrecek/venv/lib/python3.9/site-packages/airflow/example_dags/subdags/subdag.py
[2023-03-12T07:40:44.052+0000] {processor.py:755} WARNING - No viable dags retrieved from /home/melicharovykrecek/venv/lib/python3.9/site-packages/airflow/example_dags/subdags/subdag.py
[2023-03-12T07:40:44.066+0000] {processor.py:175} INFO - Processing /home/melicharovykrecek/venv/lib/python3.9/site-packages/airflow/example_dags/subdags/subdag.py took 0.027 seconds
[2023-03-12T07:41:22.195+0000] {processor.py:153} INFO - Started process (PID=2267) to work on /home/melicharovykrecek/venv/lib/python3.9/site-packages/airflow/example_dags/subdags/subdag.py
[2023-03-12T07:41:22.197+0000] {processor.py:743} INFO - Processing file /home/melicharovykrecek/venv/lib/python3.9/site-packages/airflow/example_dags/subdags/subdag.py for tasks to queue
[2023-03-12T07:41:22.198+0000] {logging_mixin.py:137} INFO - [2023-03-12T07:41:22.198+0000] {dagbag.py:538} INFO - Filling up the DagBag from /home/melicharovykrecek/venv/lib/python3.9/site-packages/airflow/example_dags/subdags/subdag.py
[2023-03-12T07:41:22.203+0000] {processor.py:755} WARNING - No viable dags retrieved from /home/melicharovykrecek/venv/lib/python3.9/site-packages/airflow/example_dags/subdags/subdag.py
[2023-03-12T07:41:22.216+0000] {processor.py:175} INFO - Processing /home/melicharovykrecek/venv/lib/python3.9/site-packages/airflow/example_dags/subdags/subdag.py took 0.026 seconds
[2023-03-12T07:41:56.000+0000] {processor.py:153} INFO - Started process (PID=2300) to work on /home/melicharovykrecek/venv/lib/python3.9/site-packages/airflow/example_dags/subdags/subdag.py
[2023-03-12T07:41:56.002+0000] {processor.py:743} INFO - Processing file /home/melicharovykrecek/venv/lib/python3.9/site-packages/airflow/example_dags/subdags/subdag.py for tasks to queue
[2023-03-12T07:41:56.003+0000] {logging_mixin.py:137} INFO - [2023-03-12T07:41:56.003+0000] {dagbag.py:538} INFO - Filling up the DagBag from /home/melicharovykrecek/venv/lib/python3.9/site-packages/airflow/example_dags/subdags/subdag.py
[2023-03-12T07:41:56.008+0000] {processor.py:755} WARNING - No viable dags retrieved from /home/melicharovykrecek/venv/lib/python3.9/site-packages/airflow/example_dags/subdags/subdag.py
[2023-03-12T07:41:56.022+0000] {processor.py:175} INFO - Processing /home/melicharovykrecek/venv/lib/python3.9/site-packages/airflow/example_dags/subdags/subdag.py took 0.026 seconds
[2023-03-12T07:42:29.307+0000] {processor.py:153} INFO - Started process (PID=2334) to work on /home/melicharovykrecek/venv/lib/python3.9/site-packages/airflow/example_dags/subdags/subdag.py
[2023-03-12T07:42:29.308+0000] {processor.py:743} INFO - Processing file /home/melicharovykrecek/venv/lib/python3.9/site-packages/airflow/example_dags/subdags/subdag.py for tasks to queue
[2023-03-12T07:42:29.309+0000] {logging_mixin.py:137} INFO - [2023-03-12T07:42:29.309+0000] {dagbag.py:538} INFO - Filling up the DagBag from /home/melicharovykrecek/venv/lib/python3.9/site-packages/airflow/example_dags/subdags/subdag.py
[2023-03-12T07:42:29.314+0000] {processor.py:755} WARNING - No viable dags retrieved from /home/melicharovykrecek/venv/lib/python3.9/site-packages/airflow/example_dags/subdags/subdag.py
[2023-03-12T07:42:29.328+0000] {processor.py:175} INFO - Processing /home/melicharovykrecek/venv/lib/python3.9/site-packages/airflow/example_dags/subdags/subdag.py took 0.026 seconds
[2023-03-12T07:43:04.409+0000] {processor.py:153} INFO - Started process (PID=2371) to work on /home/melicharovykrecek/venv/lib/python3.9/site-packages/airflow/example_dags/subdags/subdag.py
[2023-03-12T07:43:04.412+0000] {processor.py:743} INFO - Processing file /home/melicharovykrecek/venv/lib/python3.9/site-packages/airflow/example_dags/subdags/subdag.py for tasks to queue
[2023-03-12T07:43:04.412+0000] {logging_mixin.py:137} INFO - [2023-03-12T07:43:04.412+0000] {dagbag.py:538} INFO - Filling up the DagBag from /home/melicharovykrecek/venv/lib/python3.9/site-packages/airflow/example_dags/subdags/subdag.py
[2023-03-12T07:43:04.417+0000] {processor.py:755} WARNING - No viable dags retrieved from /home/melicharovykrecek/venv/lib/python3.9/site-packages/airflow/example_dags/subdags/subdag.py
[2023-03-12T07:43:04.432+0000] {processor.py:175} INFO - Processing /home/melicharovykrecek/venv/lib/python3.9/site-packages/airflow/example_dags/subdags/subdag.py took 0.027 seconds
[2023-03-12T07:43:42.405+0000] {processor.py:153} INFO - Started process (PID=2426) to work on /home/melicharovykrecek/venv/lib/python3.9/site-packages/airflow/example_dags/subdags/subdag.py
[2023-03-12T07:43:42.407+0000] {processor.py:743} INFO - Processing file /home/melicharovykrecek/venv/lib/python3.9/site-packages/airflow/example_dags/subdags/subdag.py for tasks to queue
[2023-03-12T07:43:42.408+0000] {logging_mixin.py:137} INFO - [2023-03-12T07:43:42.407+0000] {dagbag.py:538} INFO - Filling up the DagBag from /home/melicharovykrecek/venv/lib/python3.9/site-packages/airflow/example_dags/subdags/subdag.py
[2023-03-12T07:43:42.412+0000] {processor.py:755} WARNING - No viable dags retrieved from /home/melicharovykrecek/venv/lib/python3.9/site-packages/airflow/example_dags/subdags/subdag.py
[2023-03-12T07:43:42.426+0000] {processor.py:175} INFO - Processing /home/melicharovykrecek/venv/lib/python3.9/site-packages/airflow/example_dags/subdags/subdag.py took 0.026 seconds
[2023-03-12T07:44:20.683+0000] {processor.py:153} INFO - Started process (PID=2463) to work on /home/melicharovykrecek/venv/lib/python3.9/site-packages/airflow/example_dags/subdags/subdag.py
[2023-03-12T07:44:20.685+0000] {processor.py:743} INFO - Processing file /home/melicharovykrecek/venv/lib/python3.9/site-packages/airflow/example_dags/subdags/subdag.py for tasks to queue
[2023-03-12T07:44:20.686+0000] {logging_mixin.py:137} INFO - [2023-03-12T07:44:20.686+0000] {dagbag.py:538} INFO - Filling up the DagBag from /home/melicharovykrecek/venv/lib/python3.9/site-packages/airflow/example_dags/subdags/subdag.py
[2023-03-12T07:44:20.691+0000] {processor.py:755} WARNING - No viable dags retrieved from /home/melicharovykrecek/venv/lib/python3.9/site-packages/airflow/example_dags/subdags/subdag.py
[2023-03-12T07:44:20.704+0000] {processor.py:175} INFO - Processing /home/melicharovykrecek/venv/lib/python3.9/site-packages/airflow/example_dags/subdags/subdag.py took 0.026 seconds
[2023-03-12T07:44:57.252+0000] {processor.py:153} INFO - Started process (PID=2502) to work on /home/melicharovykrecek/venv/lib/python3.9/site-packages/airflow/example_dags/subdags/subdag.py
[2023-03-12T07:44:57.254+0000] {processor.py:743} INFO - Processing file /home/melicharovykrecek/venv/lib/python3.9/site-packages/airflow/example_dags/subdags/subdag.py for tasks to queue
[2023-03-12T07:44:57.255+0000] {logging_mixin.py:137} INFO - [2023-03-12T07:44:57.255+0000] {dagbag.py:538} INFO - Filling up the DagBag from /home/melicharovykrecek/venv/lib/python3.9/site-packages/airflow/example_dags/subdags/subdag.py
[2023-03-12T07:44:57.260+0000] {processor.py:755} WARNING - No viable dags retrieved from /home/melicharovykrecek/venv/lib/python3.9/site-packages/airflow/example_dags/subdags/subdag.py
[2023-03-12T07:44:57.275+0000] {processor.py:175} INFO - Processing /home/melicharovykrecek/venv/lib/python3.9/site-packages/airflow/example_dags/subdags/subdag.py took 0.028 seconds
[2023-03-12T07:45:31.184+0000] {processor.py:153} INFO - Started process (PID=2598) to work on /home/melicharovykrecek/venv/lib/python3.9/site-packages/airflow/example_dags/subdags/subdag.py
[2023-03-12T07:45:31.186+0000] {processor.py:743} INFO - Processing file /home/melicharovykrecek/venv/lib/python3.9/site-packages/airflow/example_dags/subdags/subdag.py for tasks to queue
[2023-03-12T07:45:31.187+0000] {logging_mixin.py:137} INFO - [2023-03-12T07:45:31.187+0000] {dagbag.py:538} INFO - Filling up the DagBag from /home/melicharovykrecek/venv/lib/python3.9/site-packages/airflow/example_dags/subdags/subdag.py
[2023-03-12T07:45:31.192+0000] {processor.py:755} WARNING - No viable dags retrieved from /home/melicharovykrecek/venv/lib/python3.9/site-packages/airflow/example_dags/subdags/subdag.py
[2023-03-12T07:45:31.205+0000] {processor.py:175} INFO - Processing /home/melicharovykrecek/venv/lib/python3.9/site-packages/airflow/example_dags/subdags/subdag.py took 0.026 seconds
[2023-03-12T07:46:06.019+0000] {processor.py:153} INFO - Started process (PID=2636) to work on /home/melicharovykrecek/venv/lib/python3.9/site-packages/airflow/example_dags/subdags/subdag.py
[2023-03-12T07:46:06.021+0000] {processor.py:743} INFO - Processing file /home/melicharovykrecek/venv/lib/python3.9/site-packages/airflow/example_dags/subdags/subdag.py for tasks to queue
[2023-03-12T07:46:06.022+0000] {logging_mixin.py:137} INFO - [2023-03-12T07:46:06.022+0000] {dagbag.py:538} INFO - Filling up the DagBag from /home/melicharovykrecek/venv/lib/python3.9/site-packages/airflow/example_dags/subdags/subdag.py
[2023-03-12T07:46:06.027+0000] {processor.py:755} WARNING - No viable dags retrieved from /home/melicharovykrecek/venv/lib/python3.9/site-packages/airflow/example_dags/subdags/subdag.py
[2023-03-12T07:46:06.040+0000] {processor.py:175} INFO - Processing /home/melicharovykrecek/venv/lib/python3.9/site-packages/airflow/example_dags/subdags/subdag.py took 0.026 seconds
[2023-03-12T07:46:43.790+0000] {processor.py:153} INFO - Started process (PID=2682) to work on /home/melicharovykrecek/venv/lib/python3.9/site-packages/airflow/example_dags/subdags/subdag.py
[2023-03-12T07:46:43.792+0000] {processor.py:743} INFO - Processing file /home/melicharovykrecek/venv/lib/python3.9/site-packages/airflow/example_dags/subdags/subdag.py for tasks to queue
[2023-03-12T07:46:43.793+0000] {logging_mixin.py:137} INFO - [2023-03-12T07:46:43.793+0000] {dagbag.py:538} INFO - Filling up the DagBag from /home/melicharovykrecek/venv/lib/python3.9/site-packages/airflow/example_dags/subdags/subdag.py
[2023-03-12T07:46:43.798+0000] {processor.py:755} WARNING - No viable dags retrieved from /home/melicharovykrecek/venv/lib/python3.9/site-packages/airflow/example_dags/subdags/subdag.py
[2023-03-12T07:46:43.812+0000] {processor.py:175} INFO - Processing /home/melicharovykrecek/venv/lib/python3.9/site-packages/airflow/example_dags/subdags/subdag.py took 0.027 seconds
[2023-03-12T07:47:17.995+0000] {processor.py:153} INFO - Started process (PID=2715) to work on /home/melicharovykrecek/venv/lib/python3.9/site-packages/airflow/example_dags/subdags/subdag.py
[2023-03-12T07:47:17.996+0000] {processor.py:743} INFO - Processing file /home/melicharovykrecek/venv/lib/python3.9/site-packages/airflow/example_dags/subdags/subdag.py for tasks to queue
[2023-03-12T07:47:17.997+0000] {logging_mixin.py:137} INFO - [2023-03-12T07:47:17.997+0000] {dagbag.py:538} INFO - Filling up the DagBag from /home/melicharovykrecek/venv/lib/python3.9/site-packages/airflow/example_dags/subdags/subdag.py
[2023-03-12T07:47:18.002+0000] {processor.py:755} WARNING - No viable dags retrieved from /home/melicharovykrecek/venv/lib/python3.9/site-packages/airflow/example_dags/subdags/subdag.py
[2023-03-12T07:47:18.016+0000] {processor.py:175} INFO - Processing /home/melicharovykrecek/venv/lib/python3.9/site-packages/airflow/example_dags/subdags/subdag.py took 0.026 seconds
[2023-03-12T07:47:54.573+0000] {processor.py:153} INFO - Started process (PID=2753) to work on /home/melicharovykrecek/venv/lib/python3.9/site-packages/airflow/example_dags/subdags/subdag.py
[2023-03-12T07:47:54.575+0000] {processor.py:743} INFO - Processing file /home/melicharovykrecek/venv/lib/python3.9/site-packages/airflow/example_dags/subdags/subdag.py for tasks to queue
[2023-03-12T07:47:54.576+0000] {logging_mixin.py:137} INFO - [2023-03-12T07:47:54.576+0000] {dagbag.py:538} INFO - Filling up the DagBag from /home/melicharovykrecek/venv/lib/python3.9/site-packages/airflow/example_dags/subdags/subdag.py
[2023-03-12T07:47:54.582+0000] {processor.py:755} WARNING - No viable dags retrieved from /home/melicharovykrecek/venv/lib/python3.9/site-packages/airflow/example_dags/subdags/subdag.py
[2023-03-12T07:47:54.597+0000] {processor.py:175} INFO - Processing /home/melicharovykrecek/venv/lib/python3.9/site-packages/airflow/example_dags/subdags/subdag.py took 0.028 seconds
[2023-03-12T07:48:28.858+0000] {processor.py:153} INFO - Started process (PID=2786) to work on /home/melicharovykrecek/venv/lib/python3.9/site-packages/airflow/example_dags/subdags/subdag.py
[2023-03-12T07:48:28.860+0000] {processor.py:743} INFO - Processing file /home/melicharovykrecek/venv/lib/python3.9/site-packages/airflow/example_dags/subdags/subdag.py for tasks to queue
[2023-03-12T07:48:28.861+0000] {logging_mixin.py:137} INFO - [2023-03-12T07:48:28.861+0000] {dagbag.py:538} INFO - Filling up the DagBag from /home/melicharovykrecek/venv/lib/python3.9/site-packages/airflow/example_dags/subdags/subdag.py
[2023-03-12T07:48:28.866+0000] {processor.py:755} WARNING - No viable dags retrieved from /home/melicharovykrecek/venv/lib/python3.9/site-packages/airflow/example_dags/subdags/subdag.py
[2023-03-12T07:48:28.880+0000] {processor.py:175} INFO - Processing /home/melicharovykrecek/venv/lib/python3.9/site-packages/airflow/example_dags/subdags/subdag.py took 0.027 seconds
[2023-03-12T07:49:09.468+0000] {processor.py:153} INFO - Started process (PID=2826) to work on /home/melicharovykrecek/venv/lib/python3.9/site-packages/airflow/example_dags/subdags/subdag.py
[2023-03-12T07:49:09.470+0000] {processor.py:743} INFO - Processing file /home/melicharovykrecek/venv/lib/python3.9/site-packages/airflow/example_dags/subdags/subdag.py for tasks to queue
[2023-03-12T07:49:09.471+0000] {logging_mixin.py:137} INFO - [2023-03-12T07:49:09.471+0000] {dagbag.py:538} INFO - Filling up the DagBag from /home/melicharovykrecek/venv/lib/python3.9/site-packages/airflow/example_dags/subdags/subdag.py
[2023-03-12T07:49:09.477+0000] {processor.py:755} WARNING - No viable dags retrieved from /home/melicharovykrecek/venv/lib/python3.9/site-packages/airflow/example_dags/subdags/subdag.py
[2023-03-12T07:49:09.495+0000] {processor.py:175} INFO - Processing /home/melicharovykrecek/venv/lib/python3.9/site-packages/airflow/example_dags/subdags/subdag.py took 0.032 seconds
[2023-03-12T07:49:45.700+0000] {processor.py:153} INFO - Started process (PID=2860) to work on /home/melicharovykrecek/venv/lib/python3.9/site-packages/airflow/example_dags/subdags/subdag.py
[2023-03-12T07:49:45.702+0000] {processor.py:743} INFO - Processing file /home/melicharovykrecek/venv/lib/python3.9/site-packages/airflow/example_dags/subdags/subdag.py for tasks to queue
[2023-03-12T07:49:45.703+0000] {logging_mixin.py:137} INFO - [2023-03-12T07:49:45.703+0000] {dagbag.py:538} INFO - Filling up the DagBag from /home/melicharovykrecek/venv/lib/python3.9/site-packages/airflow/example_dags/subdags/subdag.py
[2023-03-12T07:49:45.709+0000] {processor.py:755} WARNING - No viable dags retrieved from /home/melicharovykrecek/venv/lib/python3.9/site-packages/airflow/example_dags/subdags/subdag.py
[2023-03-12T07:49:45.724+0000] {processor.py:175} INFO - Processing /home/melicharovykrecek/venv/lib/python3.9/site-packages/airflow/example_dags/subdags/subdag.py took 0.030 seconds
[2023-03-12T07:50:19.239+0000] {processor.py:153} INFO - Started process (PID=2894) to work on /home/melicharovykrecek/venv/lib/python3.9/site-packages/airflow/example_dags/subdags/subdag.py
[2023-03-12T07:50:19.241+0000] {processor.py:743} INFO - Processing file /home/melicharovykrecek/venv/lib/python3.9/site-packages/airflow/example_dags/subdags/subdag.py for tasks to queue
[2023-03-12T07:50:19.242+0000] {logging_mixin.py:137} INFO - [2023-03-12T07:50:19.242+0000] {dagbag.py:538} INFO - Filling up the DagBag from /home/melicharovykrecek/venv/lib/python3.9/site-packages/airflow/example_dags/subdags/subdag.py
[2023-03-12T07:50:19.247+0000] {processor.py:755} WARNING - No viable dags retrieved from /home/melicharovykrecek/venv/lib/python3.9/site-packages/airflow/example_dags/subdags/subdag.py
[2023-03-12T07:50:19.263+0000] {processor.py:175} INFO - Processing /home/melicharovykrecek/venv/lib/python3.9/site-packages/airflow/example_dags/subdags/subdag.py took 0.029 seconds
[2023-03-12T07:51:00.314+0000] {processor.py:153} INFO - Started process (PID=2940) to work on /home/melicharovykrecek/venv/lib/python3.9/site-packages/airflow/example_dags/subdags/subdag.py
[2023-03-12T07:51:00.316+0000] {processor.py:743} INFO - Processing file /home/melicharovykrecek/venv/lib/python3.9/site-packages/airflow/example_dags/subdags/subdag.py for tasks to queue
[2023-03-12T07:51:00.317+0000] {logging_mixin.py:137} INFO - [2023-03-12T07:51:00.317+0000] {dagbag.py:538} INFO - Filling up the DagBag from /home/melicharovykrecek/venv/lib/python3.9/site-packages/airflow/example_dags/subdags/subdag.py
[2023-03-12T07:51:00.322+0000] {processor.py:755} WARNING - No viable dags retrieved from /home/melicharovykrecek/venv/lib/python3.9/site-packages/airflow/example_dags/subdags/subdag.py
[2023-03-12T07:51:00.338+0000] {processor.py:175} INFO - Processing /home/melicharovykrecek/venv/lib/python3.9/site-packages/airflow/example_dags/subdags/subdag.py took 0.028 seconds
[2023-03-12T07:51:38.274+0000] {processor.py:153} INFO - Started process (PID=2978) to work on /home/melicharovykrecek/venv/lib/python3.9/site-packages/airflow/example_dags/subdags/subdag.py
[2023-03-12T07:51:38.276+0000] {processor.py:743} INFO - Processing file /home/melicharovykrecek/venv/lib/python3.9/site-packages/airflow/example_dags/subdags/subdag.py for tasks to queue
[2023-03-12T07:51:38.277+0000] {logging_mixin.py:137} INFO - [2023-03-12T07:51:38.277+0000] {dagbag.py:538} INFO - Filling up the DagBag from /home/melicharovykrecek/venv/lib/python3.9/site-packages/airflow/example_dags/subdags/subdag.py
[2023-03-12T07:51:38.284+0000] {processor.py:755} WARNING - No viable dags retrieved from /home/melicharovykrecek/venv/lib/python3.9/site-packages/airflow/example_dags/subdags/subdag.py
[2023-03-12T07:51:38.300+0000] {processor.py:175} INFO - Processing /home/melicharovykrecek/venv/lib/python3.9/site-packages/airflow/example_dags/subdags/subdag.py took 0.030 seconds
[2023-03-12T07:52:14.543+0000] {processor.py:153} INFO - Started process (PID=3014) to work on /home/melicharovykrecek/venv/lib/python3.9/site-packages/airflow/example_dags/subdags/subdag.py
[2023-03-12T07:52:14.545+0000] {processor.py:743} INFO - Processing file /home/melicharovykrecek/venv/lib/python3.9/site-packages/airflow/example_dags/subdags/subdag.py for tasks to queue
[2023-03-12T07:52:14.546+0000] {logging_mixin.py:137} INFO - [2023-03-12T07:52:14.546+0000] {dagbag.py:538} INFO - Filling up the DagBag from /home/melicharovykrecek/venv/lib/python3.9/site-packages/airflow/example_dags/subdags/subdag.py
[2023-03-12T07:52:14.552+0000] {processor.py:755} WARNING - No viable dags retrieved from /home/melicharovykrecek/venv/lib/python3.9/site-packages/airflow/example_dags/subdags/subdag.py
[2023-03-12T07:52:14.567+0000] {processor.py:175} INFO - Processing /home/melicharovykrecek/venv/lib/python3.9/site-packages/airflow/example_dags/subdags/subdag.py took 0.028 seconds
[2023-03-12T07:52:48.105+0000] {processor.py:153} INFO - Started process (PID=3047) to work on /home/melicharovykrecek/venv/lib/python3.9/site-packages/airflow/example_dags/subdags/subdag.py
[2023-03-12T07:52:48.106+0000] {processor.py:743} INFO - Processing file /home/melicharovykrecek/venv/lib/python3.9/site-packages/airflow/example_dags/subdags/subdag.py for tasks to queue
[2023-03-12T07:52:48.107+0000] {logging_mixin.py:137} INFO - [2023-03-12T07:52:48.107+0000] {dagbag.py:538} INFO - Filling up the DagBag from /home/melicharovykrecek/venv/lib/python3.9/site-packages/airflow/example_dags/subdags/subdag.py
[2023-03-12T07:52:48.112+0000] {processor.py:755} WARNING - No viable dags retrieved from /home/melicharovykrecek/venv/lib/python3.9/site-packages/airflow/example_dags/subdags/subdag.py
[2023-03-12T07:52:48.127+0000] {processor.py:175} INFO - Processing /home/melicharovykrecek/venv/lib/python3.9/site-packages/airflow/example_dags/subdags/subdag.py took 0.028 seconds
[2023-03-12T07:53:19.547+0000] {processor.py:153} INFO - Started process (PID=3078) to work on /home/melicharovykrecek/venv/lib/python3.9/site-packages/airflow/example_dags/subdags/subdag.py
[2023-03-12T07:53:19.548+0000] {processor.py:743} INFO - Processing file /home/melicharovykrecek/venv/lib/python3.9/site-packages/airflow/example_dags/subdags/subdag.py for tasks to queue
[2023-03-12T07:53:19.549+0000] {logging_mixin.py:137} INFO - [2023-03-12T07:53:19.549+0000] {dagbag.py:538} INFO - Filling up the DagBag from /home/melicharovykrecek/venv/lib/python3.9/site-packages/airflow/example_dags/subdags/subdag.py
[2023-03-12T07:53:19.554+0000] {processor.py:755} WARNING - No viable dags retrieved from /home/melicharovykrecek/venv/lib/python3.9/site-packages/airflow/example_dags/subdags/subdag.py
[2023-03-12T07:53:19.570+0000] {processor.py:175} INFO - Processing /home/melicharovykrecek/venv/lib/python3.9/site-packages/airflow/example_dags/subdags/subdag.py took 0.028 seconds
[2023-03-12T07:53:52.259+0000] {processor.py:153} INFO - Started process (PID=3110) to work on /home/melicharovykrecek/venv/lib/python3.9/site-packages/airflow/example_dags/subdags/subdag.py
[2023-03-12T07:53:52.261+0000] {processor.py:743} INFO - Processing file /home/melicharovykrecek/venv/lib/python3.9/site-packages/airflow/example_dags/subdags/subdag.py for tasks to queue
[2023-03-12T07:53:52.262+0000] {logging_mixin.py:137} INFO - [2023-03-12T07:53:52.262+0000] {dagbag.py:538} INFO - Filling up the DagBag from /home/melicharovykrecek/venv/lib/python3.9/site-packages/airflow/example_dags/subdags/subdag.py
[2023-03-12T07:53:52.268+0000] {processor.py:755} WARNING - No viable dags retrieved from /home/melicharovykrecek/venv/lib/python3.9/site-packages/airflow/example_dags/subdags/subdag.py
[2023-03-12T07:53:52.284+0000] {processor.py:175} INFO - Processing /home/melicharovykrecek/venv/lib/python3.9/site-packages/airflow/example_dags/subdags/subdag.py took 0.032 seconds
[2023-03-12T07:54:30.224+0000] {processor.py:153} INFO - Started process (PID=3145) to work on /home/melicharovykrecek/venv/lib/python3.9/site-packages/airflow/example_dags/subdags/subdag.py
[2023-03-12T07:54:30.227+0000] {processor.py:743} INFO - Processing file /home/melicharovykrecek/venv/lib/python3.9/site-packages/airflow/example_dags/subdags/subdag.py for tasks to queue
[2023-03-12T07:54:30.228+0000] {logging_mixin.py:137} INFO - [2023-03-12T07:54:30.228+0000] {dagbag.py:538} INFO - Filling up the DagBag from /home/melicharovykrecek/venv/lib/python3.9/site-packages/airflow/example_dags/subdags/subdag.py
[2023-03-12T07:54:30.234+0000] {processor.py:755} WARNING - No viable dags retrieved from /home/melicharovykrecek/venv/lib/python3.9/site-packages/airflow/example_dags/subdags/subdag.py
[2023-03-12T07:54:30.248+0000] {processor.py:175} INFO - Processing /home/melicharovykrecek/venv/lib/python3.9/site-packages/airflow/example_dags/subdags/subdag.py took 0.029 seconds
[2023-03-12T07:55:04.246+0000] {processor.py:153} INFO - Started process (PID=3178) to work on /home/melicharovykrecek/venv/lib/python3.9/site-packages/airflow/example_dags/subdags/subdag.py
[2023-03-12T07:55:04.248+0000] {processor.py:743} INFO - Processing file /home/melicharovykrecek/venv/lib/python3.9/site-packages/airflow/example_dags/subdags/subdag.py for tasks to queue
[2023-03-12T07:55:04.249+0000] {logging_mixin.py:137} INFO - [2023-03-12T07:55:04.249+0000] {dagbag.py:538} INFO - Filling up the DagBag from /home/melicharovykrecek/venv/lib/python3.9/site-packages/airflow/example_dags/subdags/subdag.py
[2023-03-12T07:55:04.255+0000] {processor.py:755} WARNING - No viable dags retrieved from /home/melicharovykrecek/venv/lib/python3.9/site-packages/airflow/example_dags/subdags/subdag.py
[2023-03-12T07:55:04.270+0000] {processor.py:175} INFO - Processing /home/melicharovykrecek/venv/lib/python3.9/site-packages/airflow/example_dags/subdags/subdag.py took 0.030 seconds
[2023-03-12T07:55:35.890+0000] {processor.py:153} INFO - Started process (PID=3210) to work on /home/melicharovykrecek/venv/lib/python3.9/site-packages/airflow/example_dags/subdags/subdag.py
[2023-03-12T07:55:35.892+0000] {processor.py:743} INFO - Processing file /home/melicharovykrecek/venv/lib/python3.9/site-packages/airflow/example_dags/subdags/subdag.py for tasks to queue
[2023-03-12T07:55:35.893+0000] {logging_mixin.py:137} INFO - [2023-03-12T07:55:35.893+0000] {dagbag.py:538} INFO - Filling up the DagBag from /home/melicharovykrecek/venv/lib/python3.9/site-packages/airflow/example_dags/subdags/subdag.py
[2023-03-12T07:55:35.898+0000] {processor.py:755} WARNING - No viable dags retrieved from /home/melicharovykrecek/venv/lib/python3.9/site-packages/airflow/example_dags/subdags/subdag.py
[2023-03-12T07:55:35.913+0000] {processor.py:175} INFO - Processing /home/melicharovykrecek/venv/lib/python3.9/site-packages/airflow/example_dags/subdags/subdag.py took 0.028 seconds
[2023-03-12T07:56:10.954+0000] {processor.py:153} INFO - Started process (PID=3245) to work on /home/melicharovykrecek/venv/lib/python3.9/site-packages/airflow/example_dags/subdags/subdag.py
[2023-03-12T07:56:10.956+0000] {processor.py:743} INFO - Processing file /home/melicharovykrecek/venv/lib/python3.9/site-packages/airflow/example_dags/subdags/subdag.py for tasks to queue
[2023-03-12T07:56:10.958+0000] {logging_mixin.py:137} INFO - [2023-03-12T07:56:10.957+0000] {dagbag.py:538} INFO - Filling up the DagBag from /home/melicharovykrecek/venv/lib/python3.9/site-packages/airflow/example_dags/subdags/subdag.py
[2023-03-12T07:56:10.964+0000] {processor.py:755} WARNING - No viable dags retrieved from /home/melicharovykrecek/venv/lib/python3.9/site-packages/airflow/example_dags/subdags/subdag.py
[2023-03-12T07:56:10.979+0000] {processor.py:175} INFO - Processing /home/melicharovykrecek/venv/lib/python3.9/site-packages/airflow/example_dags/subdags/subdag.py took 0.030 seconds
[2023-03-12T07:56:45.297+0000] {processor.py:153} INFO - Started process (PID=3279) to work on /home/melicharovykrecek/venv/lib/python3.9/site-packages/airflow/example_dags/subdags/subdag.py
[2023-03-12T07:56:45.299+0000] {processor.py:743} INFO - Processing file /home/melicharovykrecek/venv/lib/python3.9/site-packages/airflow/example_dags/subdags/subdag.py for tasks to queue
[2023-03-12T07:56:45.301+0000] {logging_mixin.py:137} INFO - [2023-03-12T07:56:45.301+0000] {dagbag.py:538} INFO - Filling up the DagBag from /home/melicharovykrecek/venv/lib/python3.9/site-packages/airflow/example_dags/subdags/subdag.py
[2023-03-12T07:56:45.306+0000] {processor.py:755} WARNING - No viable dags retrieved from /home/melicharovykrecek/venv/lib/python3.9/site-packages/airflow/example_dags/subdags/subdag.py
[2023-03-12T07:56:45.320+0000] {processor.py:175} INFO - Processing /home/melicharovykrecek/venv/lib/python3.9/site-packages/airflow/example_dags/subdags/subdag.py took 0.028 seconds
[2023-03-12T07:57:19.935+0000] {processor.py:153} INFO - Started process (PID=3313) to work on /home/melicharovykrecek/venv/lib/python3.9/site-packages/airflow/example_dags/subdags/subdag.py
[2023-03-12T07:57:19.937+0000] {processor.py:743} INFO - Processing file /home/melicharovykrecek/venv/lib/python3.9/site-packages/airflow/example_dags/subdags/subdag.py for tasks to queue
[2023-03-12T07:57:19.938+0000] {logging_mixin.py:137} INFO - [2023-03-12T07:57:19.938+0000] {dagbag.py:538} INFO - Filling up the DagBag from /home/melicharovykrecek/venv/lib/python3.9/site-packages/airflow/example_dags/subdags/subdag.py
[2023-03-12T07:57:19.944+0000] {processor.py:755} WARNING - No viable dags retrieved from /home/melicharovykrecek/venv/lib/python3.9/site-packages/airflow/example_dags/subdags/subdag.py
[2023-03-12T07:57:19.959+0000] {processor.py:175} INFO - Processing /home/melicharovykrecek/venv/lib/python3.9/site-packages/airflow/example_dags/subdags/subdag.py took 0.028 seconds
[2023-03-12T07:57:53.765+0000] {processor.py:153} INFO - Started process (PID=3345) to work on /home/melicharovykrecek/venv/lib/python3.9/site-packages/airflow/example_dags/subdags/subdag.py
[2023-03-12T07:57:53.767+0000] {processor.py:743} INFO - Processing file /home/melicharovykrecek/venv/lib/python3.9/site-packages/airflow/example_dags/subdags/subdag.py for tasks to queue
[2023-03-12T07:57:53.768+0000] {logging_mixin.py:137} INFO - [2023-03-12T07:57:53.768+0000] {dagbag.py:538} INFO - Filling up the DagBag from /home/melicharovykrecek/venv/lib/python3.9/site-packages/airflow/example_dags/subdags/subdag.py
[2023-03-12T07:57:53.774+0000] {processor.py:755} WARNING - No viable dags retrieved from /home/melicharovykrecek/venv/lib/python3.9/site-packages/airflow/example_dags/subdags/subdag.py
[2023-03-12T07:57:53.788+0000] {processor.py:175} INFO - Processing /home/melicharovykrecek/venv/lib/python3.9/site-packages/airflow/example_dags/subdags/subdag.py took 0.028 seconds
[2023-03-12T07:58:32.737+0000] {processor.py:153} INFO - Started process (PID=3383) to work on /home/melicharovykrecek/venv/lib/python3.9/site-packages/airflow/example_dags/subdags/subdag.py
[2023-03-12T07:58:32.739+0000] {processor.py:743} INFO - Processing file /home/melicharovykrecek/venv/lib/python3.9/site-packages/airflow/example_dags/subdags/subdag.py for tasks to queue
[2023-03-12T07:58:32.740+0000] {logging_mixin.py:137} INFO - [2023-03-12T07:58:32.740+0000] {dagbag.py:538} INFO - Filling up the DagBag from /home/melicharovykrecek/venv/lib/python3.9/site-packages/airflow/example_dags/subdags/subdag.py
[2023-03-12T07:58:32.746+0000] {processor.py:755} WARNING - No viable dags retrieved from /home/melicharovykrecek/venv/lib/python3.9/site-packages/airflow/example_dags/subdags/subdag.py
[2023-03-12T07:58:32.762+0000] {processor.py:175} INFO - Processing /home/melicharovykrecek/venv/lib/python3.9/site-packages/airflow/example_dags/subdags/subdag.py took 0.030 seconds
[2023-03-12T07:59:05.525+0000] {processor.py:153} INFO - Started process (PID=3416) to work on /home/melicharovykrecek/venv/lib/python3.9/site-packages/airflow/example_dags/subdags/subdag.py
[2023-03-12T07:59:05.527+0000] {processor.py:743} INFO - Processing file /home/melicharovykrecek/venv/lib/python3.9/site-packages/airflow/example_dags/subdags/subdag.py for tasks to queue
[2023-03-12T07:59:05.528+0000] {logging_mixin.py:137} INFO - [2023-03-12T07:59:05.528+0000] {dagbag.py:538} INFO - Filling up the DagBag from /home/melicharovykrecek/venv/lib/python3.9/site-packages/airflow/example_dags/subdags/subdag.py
[2023-03-12T07:59:05.534+0000] {processor.py:755} WARNING - No viable dags retrieved from /home/melicharovykrecek/venv/lib/python3.9/site-packages/airflow/example_dags/subdags/subdag.py
[2023-03-12T07:59:05.549+0000] {processor.py:175} INFO - Processing /home/melicharovykrecek/venv/lib/python3.9/site-packages/airflow/example_dags/subdags/subdag.py took 0.029 seconds
[2023-03-12T07:59:40.211+0000] {processor.py:153} INFO - Started process (PID=3449) to work on /home/melicharovykrecek/venv/lib/python3.9/site-packages/airflow/example_dags/subdags/subdag.py
[2023-03-12T07:59:40.212+0000] {processor.py:743} INFO - Processing file /home/melicharovykrecek/venv/lib/python3.9/site-packages/airflow/example_dags/subdags/subdag.py for tasks to queue
[2023-03-12T07:59:40.213+0000] {logging_mixin.py:137} INFO - [2023-03-12T07:59:40.213+0000] {dagbag.py:538} INFO - Filling up the DagBag from /home/melicharovykrecek/venv/lib/python3.9/site-packages/airflow/example_dags/subdags/subdag.py
[2023-03-12T07:59:40.218+0000] {processor.py:755} WARNING - No viable dags retrieved from /home/melicharovykrecek/venv/lib/python3.9/site-packages/airflow/example_dags/subdags/subdag.py
[2023-03-12T07:59:40.234+0000] {processor.py:175} INFO - Processing /home/melicharovykrecek/venv/lib/python3.9/site-packages/airflow/example_dags/subdags/subdag.py took 0.028 seconds
[2023-03-12T08:00:16.208+0000] {processor.py:153} INFO - Started process (PID=3509) to work on /home/melicharovykrecek/venv/lib/python3.9/site-packages/airflow/example_dags/subdags/subdag.py
[2023-03-12T08:00:16.211+0000] {processor.py:743} INFO - Processing file /home/melicharovykrecek/venv/lib/python3.9/site-packages/airflow/example_dags/subdags/subdag.py for tasks to queue
[2023-03-12T08:00:16.212+0000] {logging_mixin.py:137} INFO - [2023-03-12T08:00:16.212+0000] {dagbag.py:538} INFO - Filling up the DagBag from /home/melicharovykrecek/venv/lib/python3.9/site-packages/airflow/example_dags/subdags/subdag.py
[2023-03-12T08:00:16.217+0000] {processor.py:755} WARNING - No viable dags retrieved from /home/melicharovykrecek/venv/lib/python3.9/site-packages/airflow/example_dags/subdags/subdag.py
[2023-03-12T08:00:16.233+0000] {processor.py:175} INFO - Processing /home/melicharovykrecek/venv/lib/python3.9/site-packages/airflow/example_dags/subdags/subdag.py took 0.029 seconds
[2023-03-12T08:00:52.350+0000] {processor.py:153} INFO - Started process (PID=3551) to work on /home/melicharovykrecek/venv/lib/python3.9/site-packages/airflow/example_dags/subdags/subdag.py
[2023-03-12T08:00:52.352+0000] {processor.py:743} INFO - Processing file /home/melicharovykrecek/venv/lib/python3.9/site-packages/airflow/example_dags/subdags/subdag.py for tasks to queue
[2023-03-12T08:00:52.353+0000] {logging_mixin.py:137} INFO - [2023-03-12T08:00:52.353+0000] {dagbag.py:538} INFO - Filling up the DagBag from /home/melicharovykrecek/venv/lib/python3.9/site-packages/airflow/example_dags/subdags/subdag.py
[2023-03-12T08:00:52.358+0000] {processor.py:755} WARNING - No viable dags retrieved from /home/melicharovykrecek/venv/lib/python3.9/site-packages/airflow/example_dags/subdags/subdag.py
[2023-03-12T08:00:52.373+0000] {processor.py:175} INFO - Processing /home/melicharovykrecek/venv/lib/python3.9/site-packages/airflow/example_dags/subdags/subdag.py took 0.029 seconds
[2023-03-12T08:01:29.155+0000] {processor.py:153} INFO - Started process (PID=3587) to work on /home/melicharovykrecek/venv/lib/python3.9/site-packages/airflow/example_dags/subdags/subdag.py
[2023-03-12T08:01:29.157+0000] {processor.py:743} INFO - Processing file /home/melicharovykrecek/venv/lib/python3.9/site-packages/airflow/example_dags/subdags/subdag.py for tasks to queue
[2023-03-12T08:01:29.158+0000] {logging_mixin.py:137} INFO - [2023-03-12T08:01:29.158+0000] {dagbag.py:538} INFO - Filling up the DagBag from /home/melicharovykrecek/venv/lib/python3.9/site-packages/airflow/example_dags/subdags/subdag.py
[2023-03-12T08:01:29.163+0000] {processor.py:755} WARNING - No viable dags retrieved from /home/melicharovykrecek/venv/lib/python3.9/site-packages/airflow/example_dags/subdags/subdag.py
[2023-03-12T08:01:29.177+0000] {processor.py:175} INFO - Processing /home/melicharovykrecek/venv/lib/python3.9/site-packages/airflow/example_dags/subdags/subdag.py took 0.028 seconds
[2023-03-12T08:02:04.622+0000] {processor.py:153} INFO - Started process (PID=3621) to work on /home/melicharovykrecek/venv/lib/python3.9/site-packages/airflow/example_dags/subdags/subdag.py
[2023-03-12T08:02:04.628+0000] {processor.py:743} INFO - Processing file /home/melicharovykrecek/venv/lib/python3.9/site-packages/airflow/example_dags/subdags/subdag.py for tasks to queue
[2023-03-12T08:02:04.629+0000] {logging_mixin.py:137} INFO - [2023-03-12T08:02:04.629+0000] {dagbag.py:538} INFO - Filling up the DagBag from /home/melicharovykrecek/venv/lib/python3.9/site-packages/airflow/example_dags/subdags/subdag.py
[2023-03-12T08:02:04.635+0000] {processor.py:755} WARNING - No viable dags retrieved from /home/melicharovykrecek/venv/lib/python3.9/site-packages/airflow/example_dags/subdags/subdag.py
[2023-03-12T08:02:04.652+0000] {processor.py:175} INFO - Processing /home/melicharovykrecek/venv/lib/python3.9/site-packages/airflow/example_dags/subdags/subdag.py took 0.035 seconds
[2023-03-12T08:02:40.088+0000] {processor.py:153} INFO - Started process (PID=3656) to work on /home/melicharovykrecek/venv/lib/python3.9/site-packages/airflow/example_dags/subdags/subdag.py
[2023-03-12T08:02:40.090+0000] {processor.py:743} INFO - Processing file /home/melicharovykrecek/venv/lib/python3.9/site-packages/airflow/example_dags/subdags/subdag.py for tasks to queue
[2023-03-12T08:02:40.091+0000] {logging_mixin.py:137} INFO - [2023-03-12T08:02:40.091+0000] {dagbag.py:538} INFO - Filling up the DagBag from /home/melicharovykrecek/venv/lib/python3.9/site-packages/airflow/example_dags/subdags/subdag.py
[2023-03-12T08:02:40.098+0000] {processor.py:755} WARNING - No viable dags retrieved from /home/melicharovykrecek/venv/lib/python3.9/site-packages/airflow/example_dags/subdags/subdag.py
[2023-03-12T08:02:40.113+0000] {processor.py:175} INFO - Processing /home/melicharovykrecek/venv/lib/python3.9/site-packages/airflow/example_dags/subdags/subdag.py took 0.029 seconds
[2023-03-12T08:03:14.502+0000] {processor.py:153} INFO - Started process (PID=3689) to work on /home/melicharovykrecek/venv/lib/python3.9/site-packages/airflow/example_dags/subdags/subdag.py
[2023-03-12T08:03:14.504+0000] {processor.py:743} INFO - Processing file /home/melicharovykrecek/venv/lib/python3.9/site-packages/airflow/example_dags/subdags/subdag.py for tasks to queue
[2023-03-12T08:03:14.505+0000] {logging_mixin.py:137} INFO - [2023-03-12T08:03:14.505+0000] {dagbag.py:538} INFO - Filling up the DagBag from /home/melicharovykrecek/venv/lib/python3.9/site-packages/airflow/example_dags/subdags/subdag.py
[2023-03-12T08:03:14.511+0000] {processor.py:755} WARNING - No viable dags retrieved from /home/melicharovykrecek/venv/lib/python3.9/site-packages/airflow/example_dags/subdags/subdag.py
[2023-03-12T08:03:14.527+0000] {processor.py:175} INFO - Processing /home/melicharovykrecek/venv/lib/python3.9/site-packages/airflow/example_dags/subdags/subdag.py took 0.030 seconds
[2023-03-12T08:03:50.799+0000] {processor.py:153} INFO - Started process (PID=3724) to work on /home/melicharovykrecek/venv/lib/python3.9/site-packages/airflow/example_dags/subdags/subdag.py
[2023-03-12T08:03:50.801+0000] {processor.py:743} INFO - Processing file /home/melicharovykrecek/venv/lib/python3.9/site-packages/airflow/example_dags/subdags/subdag.py for tasks to queue
[2023-03-12T08:03:50.802+0000] {logging_mixin.py:137} INFO - [2023-03-12T08:03:50.801+0000] {dagbag.py:538} INFO - Filling up the DagBag from /home/melicharovykrecek/venv/lib/python3.9/site-packages/airflow/example_dags/subdags/subdag.py
[2023-03-12T08:03:50.807+0000] {processor.py:755} WARNING - No viable dags retrieved from /home/melicharovykrecek/venv/lib/python3.9/site-packages/airflow/example_dags/subdags/subdag.py
[2023-03-12T08:03:50.823+0000] {processor.py:175} INFO - Processing /home/melicharovykrecek/venv/lib/python3.9/site-packages/airflow/example_dags/subdags/subdag.py took 0.029 seconds
[2023-03-12T08:04:22.251+0000] {processor.py:153} INFO - Started process (PID=3755) to work on /home/melicharovykrecek/venv/lib/python3.9/site-packages/airflow/example_dags/subdags/subdag.py
[2023-03-12T08:04:22.253+0000] {processor.py:743} INFO - Processing file /home/melicharovykrecek/venv/lib/python3.9/site-packages/airflow/example_dags/subdags/subdag.py for tasks to queue
[2023-03-12T08:04:22.254+0000] {logging_mixin.py:137} INFO - [2023-03-12T08:04:22.253+0000] {dagbag.py:538} INFO - Filling up the DagBag from /home/melicharovykrecek/venv/lib/python3.9/site-packages/airflow/example_dags/subdags/subdag.py
[2023-03-12T08:04:22.258+0000] {processor.py:755} WARNING - No viable dags retrieved from /home/melicharovykrecek/venv/lib/python3.9/site-packages/airflow/example_dags/subdags/subdag.py
[2023-03-12T08:04:22.274+0000] {processor.py:175} INFO - Processing /home/melicharovykrecek/venv/lib/python3.9/site-packages/airflow/example_dags/subdags/subdag.py took 0.028 seconds
[2023-03-12T08:04:58.615+0000] {processor.py:153} INFO - Started process (PID=3790) to work on /home/melicharovykrecek/venv/lib/python3.9/site-packages/airflow/example_dags/subdags/subdag.py
[2023-03-12T08:04:58.617+0000] {processor.py:743} INFO - Processing file /home/melicharovykrecek/venv/lib/python3.9/site-packages/airflow/example_dags/subdags/subdag.py for tasks to queue
[2023-03-12T08:04:58.618+0000] {logging_mixin.py:137} INFO - [2023-03-12T08:04:58.618+0000] {dagbag.py:538} INFO - Filling up the DagBag from /home/melicharovykrecek/venv/lib/python3.9/site-packages/airflow/example_dags/subdags/subdag.py
[2023-03-12T08:04:58.623+0000] {processor.py:755} WARNING - No viable dags retrieved from /home/melicharovykrecek/venv/lib/python3.9/site-packages/airflow/example_dags/subdags/subdag.py
[2023-03-12T08:04:58.638+0000] {processor.py:175} INFO - Processing /home/melicharovykrecek/venv/lib/python3.9/site-packages/airflow/example_dags/subdags/subdag.py took 0.028 seconds
[2023-03-12T08:05:34.265+0000] {processor.py:153} INFO - Started process (PID=3825) to work on /home/melicharovykrecek/venv/lib/python3.9/site-packages/airflow/example_dags/subdags/subdag.py
[2023-03-12T08:05:34.267+0000] {processor.py:743} INFO - Processing file /home/melicharovykrecek/venv/lib/python3.9/site-packages/airflow/example_dags/subdags/subdag.py for tasks to queue
[2023-03-12T08:05:34.268+0000] {logging_mixin.py:137} INFO - [2023-03-12T08:05:34.268+0000] {dagbag.py:538} INFO - Filling up the DagBag from /home/melicharovykrecek/venv/lib/python3.9/site-packages/airflow/example_dags/subdags/subdag.py
[2023-03-12T08:05:34.273+0000] {processor.py:755} WARNING - No viable dags retrieved from /home/melicharovykrecek/venv/lib/python3.9/site-packages/airflow/example_dags/subdags/subdag.py
[2023-03-12T08:05:34.288+0000] {processor.py:175} INFO - Processing /home/melicharovykrecek/venv/lib/python3.9/site-packages/airflow/example_dags/subdags/subdag.py took 0.028 seconds
[2023-03-12T08:06:12.757+0000] {processor.py:153} INFO - Started process (PID=3861) to work on /home/melicharovykrecek/venv/lib/python3.9/site-packages/airflow/example_dags/subdags/subdag.py
[2023-03-12T08:06:12.759+0000] {processor.py:743} INFO - Processing file /home/melicharovykrecek/venv/lib/python3.9/site-packages/airflow/example_dags/subdags/subdag.py for tasks to queue
[2023-03-12T08:06:12.760+0000] {logging_mixin.py:137} INFO - [2023-03-12T08:06:12.760+0000] {dagbag.py:538} INFO - Filling up the DagBag from /home/melicharovykrecek/venv/lib/python3.9/site-packages/airflow/example_dags/subdags/subdag.py
[2023-03-12T08:06:12.765+0000] {processor.py:755} WARNING - No viable dags retrieved from /home/melicharovykrecek/venv/lib/python3.9/site-packages/airflow/example_dags/subdags/subdag.py
[2023-03-12T08:06:12.780+0000] {processor.py:175} INFO - Processing /home/melicharovykrecek/venv/lib/python3.9/site-packages/airflow/example_dags/subdags/subdag.py took 0.029 seconds
[2023-03-12T08:06:50.698+0000] {processor.py:153} INFO - Started process (PID=3899) to work on /home/melicharovykrecek/venv/lib/python3.9/site-packages/airflow/example_dags/subdags/subdag.py
[2023-03-12T08:06:50.700+0000] {processor.py:743} INFO - Processing file /home/melicharovykrecek/venv/lib/python3.9/site-packages/airflow/example_dags/subdags/subdag.py for tasks to queue
[2023-03-12T08:06:50.701+0000] {logging_mixin.py:137} INFO - [2023-03-12T08:06:50.701+0000] {dagbag.py:538} INFO - Filling up the DagBag from /home/melicharovykrecek/venv/lib/python3.9/site-packages/airflow/example_dags/subdags/subdag.py
[2023-03-12T08:06:50.706+0000] {processor.py:755} WARNING - No viable dags retrieved from /home/melicharovykrecek/venv/lib/python3.9/site-packages/airflow/example_dags/subdags/subdag.py
[2023-03-12T08:06:50.722+0000] {processor.py:175} INFO - Processing /home/melicharovykrecek/venv/lib/python3.9/site-packages/airflow/example_dags/subdags/subdag.py took 0.029 seconds
[2023-03-12T08:07:28.643+0000] {processor.py:153} INFO - Started process (PID=3935) to work on /home/melicharovykrecek/venv/lib/python3.9/site-packages/airflow/example_dags/subdags/subdag.py
[2023-03-12T08:07:28.645+0000] {processor.py:743} INFO - Processing file /home/melicharovykrecek/venv/lib/python3.9/site-packages/airflow/example_dags/subdags/subdag.py for tasks to queue
[2023-03-12T08:07:28.646+0000] {logging_mixin.py:137} INFO - [2023-03-12T08:07:28.646+0000] {dagbag.py:538} INFO - Filling up the DagBag from /home/melicharovykrecek/venv/lib/python3.9/site-packages/airflow/example_dags/subdags/subdag.py
[2023-03-12T08:07:28.651+0000] {processor.py:755} WARNING - No viable dags retrieved from /home/melicharovykrecek/venv/lib/python3.9/site-packages/airflow/example_dags/subdags/subdag.py
[2023-03-12T08:07:28.666+0000] {processor.py:175} INFO - Processing /home/melicharovykrecek/venv/lib/python3.9/site-packages/airflow/example_dags/subdags/subdag.py took 0.028 seconds
[2023-03-12T08:08:00.357+0000] {processor.py:153} INFO - Started process (PID=3994) to work on /home/melicharovykrecek/venv/lib/python3.9/site-packages/airflow/example_dags/subdags/subdag.py
[2023-03-12T08:08:00.358+0000] {processor.py:743} INFO - Processing file /home/melicharovykrecek/venv/lib/python3.9/site-packages/airflow/example_dags/subdags/subdag.py for tasks to queue
[2023-03-12T08:08:00.359+0000] {logging_mixin.py:137} INFO - [2023-03-12T08:08:00.359+0000] {dagbag.py:538} INFO - Filling up the DagBag from /home/melicharovykrecek/venv/lib/python3.9/site-packages/airflow/example_dags/subdags/subdag.py
[2023-03-12T08:08:00.365+0000] {processor.py:755} WARNING - No viable dags retrieved from /home/melicharovykrecek/venv/lib/python3.9/site-packages/airflow/example_dags/subdags/subdag.py
[2023-03-12T08:08:00.382+0000] {processor.py:175} INFO - Processing /home/melicharovykrecek/venv/lib/python3.9/site-packages/airflow/example_dags/subdags/subdag.py took 0.031 seconds
[2023-03-12T08:08:34.780+0000] {processor.py:153} INFO - Started process (PID=4049) to work on /home/melicharovykrecek/venv/lib/python3.9/site-packages/airflow/example_dags/subdags/subdag.py
[2023-03-12T08:08:34.783+0000] {processor.py:743} INFO - Processing file /home/melicharovykrecek/venv/lib/python3.9/site-packages/airflow/example_dags/subdags/subdag.py for tasks to queue
[2023-03-12T08:08:34.784+0000] {logging_mixin.py:137} INFO - [2023-03-12T08:08:34.783+0000] {dagbag.py:538} INFO - Filling up the DagBag from /home/melicharovykrecek/venv/lib/python3.9/site-packages/airflow/example_dags/subdags/subdag.py
[2023-03-12T08:08:34.789+0000] {processor.py:755} WARNING - No viable dags retrieved from /home/melicharovykrecek/venv/lib/python3.9/site-packages/airflow/example_dags/subdags/subdag.py
[2023-03-12T08:08:34.806+0000] {processor.py:175} INFO - Processing /home/melicharovykrecek/venv/lib/python3.9/site-packages/airflow/example_dags/subdags/subdag.py took 0.031 seconds
[2023-03-12T08:09:13.476+0000] {processor.py:153} INFO - Started process (PID=4085) to work on /home/melicharovykrecek/venv/lib/python3.9/site-packages/airflow/example_dags/subdags/subdag.py
[2023-03-12T08:09:13.478+0000] {processor.py:743} INFO - Processing file /home/melicharovykrecek/venv/lib/python3.9/site-packages/airflow/example_dags/subdags/subdag.py for tasks to queue
[2023-03-12T08:09:13.479+0000] {logging_mixin.py:137} INFO - [2023-03-12T08:09:13.479+0000] {dagbag.py:538} INFO - Filling up the DagBag from /home/melicharovykrecek/venv/lib/python3.9/site-packages/airflow/example_dags/subdags/subdag.py
[2023-03-12T08:09:13.484+0000] {processor.py:755} WARNING - No viable dags retrieved from /home/melicharovykrecek/venv/lib/python3.9/site-packages/airflow/example_dags/subdags/subdag.py
[2023-03-12T08:09:13.500+0000] {processor.py:175} INFO - Processing /home/melicharovykrecek/venv/lib/python3.9/site-packages/airflow/example_dags/subdags/subdag.py took 0.029 seconds
[2023-03-12T08:09:51.448+0000] {processor.py:153} INFO - Started process (PID=4121) to work on /home/melicharovykrecek/venv/lib/python3.9/site-packages/airflow/example_dags/subdags/subdag.py
[2023-03-12T08:09:51.450+0000] {processor.py:743} INFO - Processing file /home/melicharovykrecek/venv/lib/python3.9/site-packages/airflow/example_dags/subdags/subdag.py for tasks to queue
[2023-03-12T08:09:51.451+0000] {logging_mixin.py:137} INFO - [2023-03-12T08:09:51.451+0000] {dagbag.py:538} INFO - Filling up the DagBag from /home/melicharovykrecek/venv/lib/python3.9/site-packages/airflow/example_dags/subdags/subdag.py
[2023-03-12T08:09:51.457+0000] {processor.py:755} WARNING - No viable dags retrieved from /home/melicharovykrecek/venv/lib/python3.9/site-packages/airflow/example_dags/subdags/subdag.py
[2023-03-12T08:09:51.472+0000] {processor.py:175} INFO - Processing /home/melicharovykrecek/venv/lib/python3.9/site-packages/airflow/example_dags/subdags/subdag.py took 0.029 seconds
[2023-03-12T08:10:27.409+0000] {processor.py:153} INFO - Started process (PID=4157) to work on /home/melicharovykrecek/venv/lib/python3.9/site-packages/airflow/example_dags/subdags/subdag.py
[2023-03-12T08:10:27.412+0000] {processor.py:743} INFO - Processing file /home/melicharovykrecek/venv/lib/python3.9/site-packages/airflow/example_dags/subdags/subdag.py for tasks to queue
[2023-03-12T08:10:27.413+0000] {logging_mixin.py:137} INFO - [2023-03-12T08:10:27.413+0000] {dagbag.py:538} INFO - Filling up the DagBag from /home/melicharovykrecek/venv/lib/python3.9/site-packages/airflow/example_dags/subdags/subdag.py
[2023-03-12T08:10:27.420+0000] {processor.py:755} WARNING - No viable dags retrieved from /home/melicharovykrecek/venv/lib/python3.9/site-packages/airflow/example_dags/subdags/subdag.py
[2023-03-12T08:10:27.436+0000] {processor.py:175} INFO - Processing /home/melicharovykrecek/venv/lib/python3.9/site-packages/airflow/example_dags/subdags/subdag.py took 0.032 seconds
[2023-03-12T08:11:07.768+0000] {processor.py:153} INFO - Started process (PID=4202) to work on /home/melicharovykrecek/venv/lib/python3.9/site-packages/airflow/example_dags/subdags/subdag.py
[2023-03-12T08:11:07.770+0000] {processor.py:743} INFO - Processing file /home/melicharovykrecek/venv/lib/python3.9/site-packages/airflow/example_dags/subdags/subdag.py for tasks to queue
[2023-03-12T08:11:07.770+0000] {logging_mixin.py:137} INFO - [2023-03-12T08:11:07.770+0000] {dagbag.py:538} INFO - Filling up the DagBag from /home/melicharovykrecek/venv/lib/python3.9/site-packages/airflow/example_dags/subdags/subdag.py
[2023-03-12T08:11:07.776+0000] {processor.py:755} WARNING - No viable dags retrieved from /home/melicharovykrecek/venv/lib/python3.9/site-packages/airflow/example_dags/subdags/subdag.py
[2023-03-12T08:11:07.791+0000] {processor.py:175} INFO - Processing /home/melicharovykrecek/venv/lib/python3.9/site-packages/airflow/example_dags/subdags/subdag.py took 0.028 seconds
[2023-03-12T08:11:45.847+0000] {processor.py:153} INFO - Started process (PID=4253) to work on /home/melicharovykrecek/venv/lib/python3.9/site-packages/airflow/example_dags/subdags/subdag.py
[2023-03-12T08:11:45.849+0000] {processor.py:743} INFO - Processing file /home/melicharovykrecek/venv/lib/python3.9/site-packages/airflow/example_dags/subdags/subdag.py for tasks to queue
[2023-03-12T08:11:45.850+0000] {logging_mixin.py:137} INFO - [2023-03-12T08:11:45.850+0000] {dagbag.py:538} INFO - Filling up the DagBag from /home/melicharovykrecek/venv/lib/python3.9/site-packages/airflow/example_dags/subdags/subdag.py
[2023-03-12T08:11:45.855+0000] {processor.py:755} WARNING - No viable dags retrieved from /home/melicharovykrecek/venv/lib/python3.9/site-packages/airflow/example_dags/subdags/subdag.py
[2023-03-12T08:11:45.872+0000] {processor.py:175} INFO - Processing /home/melicharovykrecek/venv/lib/python3.9/site-packages/airflow/example_dags/subdags/subdag.py took 0.030 seconds
[2023-03-12T08:12:23.922+0000] {processor.py:153} INFO - Started process (PID=4300) to work on /home/melicharovykrecek/venv/lib/python3.9/site-packages/airflow/example_dags/subdags/subdag.py
[2023-03-12T08:12:23.924+0000] {processor.py:743} INFO - Processing file /home/melicharovykrecek/venv/lib/python3.9/site-packages/airflow/example_dags/subdags/subdag.py for tasks to queue
[2023-03-12T08:12:23.926+0000] {logging_mixin.py:137} INFO - [2023-03-12T08:12:23.926+0000] {dagbag.py:538} INFO - Filling up the DagBag from /home/melicharovykrecek/venv/lib/python3.9/site-packages/airflow/example_dags/subdags/subdag.py
[2023-03-12T08:12:23.931+0000] {processor.py:755} WARNING - No viable dags retrieved from /home/melicharovykrecek/venv/lib/python3.9/site-packages/airflow/example_dags/subdags/subdag.py
[2023-03-12T08:12:23.947+0000] {processor.py:175} INFO - Processing /home/melicharovykrecek/venv/lib/python3.9/site-packages/airflow/example_dags/subdags/subdag.py took 0.029 seconds
[2023-03-12T08:12:57.970+0000] {processor.py:153} INFO - Started process (PID=4349) to work on /home/melicharovykrecek/venv/lib/python3.9/site-packages/airflow/example_dags/subdags/subdag.py
[2023-03-12T08:12:57.972+0000] {processor.py:743} INFO - Processing file /home/melicharovykrecek/venv/lib/python3.9/site-packages/airflow/example_dags/subdags/subdag.py for tasks to queue
[2023-03-12T08:12:57.973+0000] {logging_mixin.py:137} INFO - [2023-03-12T08:12:57.972+0000] {dagbag.py:538} INFO - Filling up the DagBag from /home/melicharovykrecek/venv/lib/python3.9/site-packages/airflow/example_dags/subdags/subdag.py
[2023-03-12T08:12:57.979+0000] {processor.py:755} WARNING - No viable dags retrieved from /home/melicharovykrecek/venv/lib/python3.9/site-packages/airflow/example_dags/subdags/subdag.py
[2023-03-12T08:12:57.995+0000] {processor.py:175} INFO - Processing /home/melicharovykrecek/venv/lib/python3.9/site-packages/airflow/example_dags/subdags/subdag.py took 0.030 seconds
[2023-03-12T08:13:37.397+0000] {processor.py:153} INFO - Started process (PID=4393) to work on /home/melicharovykrecek/venv/lib/python3.9/site-packages/airflow/example_dags/subdags/subdag.py
[2023-03-12T08:13:37.400+0000] {processor.py:743} INFO - Processing file /home/melicharovykrecek/venv/lib/python3.9/site-packages/airflow/example_dags/subdags/subdag.py for tasks to queue
[2023-03-12T08:13:37.401+0000] {logging_mixin.py:137} INFO - [2023-03-12T08:13:37.401+0000] {dagbag.py:538} INFO - Filling up the DagBag from /home/melicharovykrecek/venv/lib/python3.9/site-packages/airflow/example_dags/subdags/subdag.py
[2023-03-12T08:13:37.407+0000] {processor.py:755} WARNING - No viable dags retrieved from /home/melicharovykrecek/venv/lib/python3.9/site-packages/airflow/example_dags/subdags/subdag.py
[2023-03-12T08:13:37.422+0000] {processor.py:175} INFO - Processing /home/melicharovykrecek/venv/lib/python3.9/site-packages/airflow/example_dags/subdags/subdag.py took 0.030 seconds
[2023-03-12T08:14:15.458+0000] {processor.py:153} INFO - Started process (PID=4449) to work on /home/melicharovykrecek/venv/lib/python3.9/site-packages/airflow/example_dags/subdags/subdag.py
[2023-03-12T08:14:15.460+0000] {processor.py:743} INFO - Processing file /home/melicharovykrecek/venv/lib/python3.9/site-packages/airflow/example_dags/subdags/subdag.py for tasks to queue
[2023-03-12T08:14:15.461+0000] {logging_mixin.py:137} INFO - [2023-03-12T08:14:15.461+0000] {dagbag.py:538} INFO - Filling up the DagBag from /home/melicharovykrecek/venv/lib/python3.9/site-packages/airflow/example_dags/subdags/subdag.py
[2023-03-12T08:14:15.467+0000] {processor.py:755} WARNING - No viable dags retrieved from /home/melicharovykrecek/venv/lib/python3.9/site-packages/airflow/example_dags/subdags/subdag.py
[2023-03-12T08:14:15.483+0000] {processor.py:175} INFO - Processing /home/melicharovykrecek/venv/lib/python3.9/site-packages/airflow/example_dags/subdags/subdag.py took 0.029 seconds
[2023-03-12T08:14:52.996+0000] {processor.py:153} INFO - Started process (PID=4487) to work on /home/melicharovykrecek/venv/lib/python3.9/site-packages/airflow/example_dags/subdags/subdag.py
[2023-03-12T08:14:52.999+0000] {processor.py:743} INFO - Processing file /home/melicharovykrecek/venv/lib/python3.9/site-packages/airflow/example_dags/subdags/subdag.py for tasks to queue
[2023-03-12T08:14:53.000+0000] {logging_mixin.py:137} INFO - [2023-03-12T08:14:52.999+0000] {dagbag.py:538} INFO - Filling up the DagBag from /home/melicharovykrecek/venv/lib/python3.9/site-packages/airflow/example_dags/subdags/subdag.py
[2023-03-12T08:14:53.005+0000] {processor.py:755} WARNING - No viable dags retrieved from /home/melicharovykrecek/venv/lib/python3.9/site-packages/airflow/example_dags/subdags/subdag.py
[2023-03-12T08:14:53.020+0000] {processor.py:175} INFO - Processing /home/melicharovykrecek/venv/lib/python3.9/site-packages/airflow/example_dags/subdags/subdag.py took 0.029 seconds
[2023-03-12T08:15:28.741+0000] {processor.py:153} INFO - Started process (PID=4522) to work on /home/melicharovykrecek/venv/lib/python3.9/site-packages/airflow/example_dags/subdags/subdag.py
[2023-03-12T08:15:28.743+0000] {processor.py:743} INFO - Processing file /home/melicharovykrecek/venv/lib/python3.9/site-packages/airflow/example_dags/subdags/subdag.py for tasks to queue
[2023-03-12T08:15:28.744+0000] {logging_mixin.py:137} INFO - [2023-03-12T08:15:28.744+0000] {dagbag.py:538} INFO - Filling up the DagBag from /home/melicharovykrecek/venv/lib/python3.9/site-packages/airflow/example_dags/subdags/subdag.py
[2023-03-12T08:15:28.751+0000] {processor.py:755} WARNING - No viable dags retrieved from /home/melicharovykrecek/venv/lib/python3.9/site-packages/airflow/example_dags/subdags/subdag.py
[2023-03-12T08:15:28.766+0000] {processor.py:175} INFO - Processing /home/melicharovykrecek/venv/lib/python3.9/site-packages/airflow/example_dags/subdags/subdag.py took 0.031 seconds
[2023-03-12T08:16:07.802+0000] {processor.py:153} INFO - Started process (PID=4565) to work on /home/melicharovykrecek/venv/lib/python3.9/site-packages/airflow/example_dags/subdags/subdag.py
[2023-03-12T08:16:07.804+0000] {processor.py:743} INFO - Processing file /home/melicharovykrecek/venv/lib/python3.9/site-packages/airflow/example_dags/subdags/subdag.py for tasks to queue
[2023-03-12T08:16:07.805+0000] {logging_mixin.py:137} INFO - [2023-03-12T08:16:07.805+0000] {dagbag.py:538} INFO - Filling up the DagBag from /home/melicharovykrecek/venv/lib/python3.9/site-packages/airflow/example_dags/subdags/subdag.py
[2023-03-12T08:16:07.811+0000] {processor.py:755} WARNING - No viable dags retrieved from /home/melicharovykrecek/venv/lib/python3.9/site-packages/airflow/example_dags/subdags/subdag.py
[2023-03-12T08:16:07.827+0000] {processor.py:175} INFO - Processing /home/melicharovykrecek/venv/lib/python3.9/site-packages/airflow/example_dags/subdags/subdag.py took 0.030 seconds
[2023-03-12T08:16:46.818+0000] {processor.py:153} INFO - Started process (PID=4602) to work on /home/melicharovykrecek/venv/lib/python3.9/site-packages/airflow/example_dags/subdags/subdag.py
[2023-03-12T08:16:46.820+0000] {processor.py:743} INFO - Processing file /home/melicharovykrecek/venv/lib/python3.9/site-packages/airflow/example_dags/subdags/subdag.py for tasks to queue
[2023-03-12T08:16:46.821+0000] {logging_mixin.py:137} INFO - [2023-03-12T08:16:46.821+0000] {dagbag.py:538} INFO - Filling up the DagBag from /home/melicharovykrecek/venv/lib/python3.9/site-packages/airflow/example_dags/subdags/subdag.py
[2023-03-12T08:16:46.827+0000] {processor.py:755} WARNING - No viable dags retrieved from /home/melicharovykrecek/venv/lib/python3.9/site-packages/airflow/example_dags/subdags/subdag.py
[2023-03-12T08:16:46.842+0000] {processor.py:175} INFO - Processing /home/melicharovykrecek/venv/lib/python3.9/site-packages/airflow/example_dags/subdags/subdag.py took 0.029 seconds
[2023-03-12T08:17:29.491+0000] {processor.py:153} INFO - Started process (PID=4654) to work on /home/melicharovykrecek/venv/lib/python3.9/site-packages/airflow/example_dags/subdags/subdag.py
[2023-03-12T08:17:29.493+0000] {processor.py:743} INFO - Processing file /home/melicharovykrecek/venv/lib/python3.9/site-packages/airflow/example_dags/subdags/subdag.py for tasks to queue
[2023-03-12T08:17:29.494+0000] {logging_mixin.py:137} INFO - [2023-03-12T08:17:29.494+0000] {dagbag.py:538} INFO - Filling up the DagBag from /home/melicharovykrecek/venv/lib/python3.9/site-packages/airflow/example_dags/subdags/subdag.py
[2023-03-12T08:17:29.500+0000] {processor.py:755} WARNING - No viable dags retrieved from /home/melicharovykrecek/venv/lib/python3.9/site-packages/airflow/example_dags/subdags/subdag.py
[2023-03-12T08:17:29.515+0000] {processor.py:175} INFO - Processing /home/melicharovykrecek/venv/lib/python3.9/site-packages/airflow/example_dags/subdags/subdag.py took 0.029 seconds
[2023-03-12T08:18:07.346+0000] {processor.py:153} INFO - Started process (PID=4690) to work on /home/melicharovykrecek/venv/lib/python3.9/site-packages/airflow/example_dags/subdags/subdag.py
[2023-03-12T08:18:07.348+0000] {processor.py:743} INFO - Processing file /home/melicharovykrecek/venv/lib/python3.9/site-packages/airflow/example_dags/subdags/subdag.py for tasks to queue
[2023-03-12T08:18:07.349+0000] {logging_mixin.py:137} INFO - [2023-03-12T08:18:07.349+0000] {dagbag.py:538} INFO - Filling up the DagBag from /home/melicharovykrecek/venv/lib/python3.9/site-packages/airflow/example_dags/subdags/subdag.py
[2023-03-12T08:18:07.355+0000] {processor.py:755} WARNING - No viable dags retrieved from /home/melicharovykrecek/venv/lib/python3.9/site-packages/airflow/example_dags/subdags/subdag.py
[2023-03-12T08:18:07.370+0000] {processor.py:175} INFO - Processing /home/melicharovykrecek/venv/lib/python3.9/site-packages/airflow/example_dags/subdags/subdag.py took 0.030 seconds
[2023-03-12T08:18:41.589+0000] {processor.py:153} INFO - Started process (PID=4724) to work on /home/melicharovykrecek/venv/lib/python3.9/site-packages/airflow/example_dags/subdags/subdag.py
[2023-03-12T08:18:41.591+0000] {processor.py:743} INFO - Processing file /home/melicharovykrecek/venv/lib/python3.9/site-packages/airflow/example_dags/subdags/subdag.py for tasks to queue
[2023-03-12T08:18:41.593+0000] {logging_mixin.py:137} INFO - [2023-03-12T08:18:41.592+0000] {dagbag.py:538} INFO - Filling up the DagBag from /home/melicharovykrecek/venv/lib/python3.9/site-packages/airflow/example_dags/subdags/subdag.py
[2023-03-12T08:18:41.599+0000] {processor.py:755} WARNING - No viable dags retrieved from /home/melicharovykrecek/venv/lib/python3.9/site-packages/airflow/example_dags/subdags/subdag.py
[2023-03-12T08:18:41.616+0000] {processor.py:175} INFO - Processing /home/melicharovykrecek/venv/lib/python3.9/site-packages/airflow/example_dags/subdags/subdag.py took 0.032 seconds
[2023-03-12T08:19:17.145+0000] {processor.py:153} INFO - Started process (PID=4760) to work on /home/melicharovykrecek/venv/lib/python3.9/site-packages/airflow/example_dags/subdags/subdag.py
[2023-03-12T08:19:17.147+0000] {processor.py:743} INFO - Processing file /home/melicharovykrecek/venv/lib/python3.9/site-packages/airflow/example_dags/subdags/subdag.py for tasks to queue
[2023-03-12T08:19:17.148+0000] {logging_mixin.py:137} INFO - [2023-03-12T08:19:17.148+0000] {dagbag.py:538} INFO - Filling up the DagBag from /home/melicharovykrecek/venv/lib/python3.9/site-packages/airflow/example_dags/subdags/subdag.py
[2023-03-12T08:19:17.154+0000] {processor.py:755} WARNING - No viable dags retrieved from /home/melicharovykrecek/venv/lib/python3.9/site-packages/airflow/example_dags/subdags/subdag.py
[2023-03-12T08:19:17.168+0000] {processor.py:175} INFO - Processing /home/melicharovykrecek/venv/lib/python3.9/site-packages/airflow/example_dags/subdags/subdag.py took 0.028 seconds
[2023-03-12T08:19:53.345+0000] {processor.py:153} INFO - Started process (PID=4794) to work on /home/melicharovykrecek/venv/lib/python3.9/site-packages/airflow/example_dags/subdags/subdag.py
[2023-03-12T08:19:53.347+0000] {processor.py:743} INFO - Processing file /home/melicharovykrecek/venv/lib/python3.9/site-packages/airflow/example_dags/subdags/subdag.py for tasks to queue
[2023-03-12T08:19:53.348+0000] {logging_mixin.py:137} INFO - [2023-03-12T08:19:53.348+0000] {dagbag.py:538} INFO - Filling up the DagBag from /home/melicharovykrecek/venv/lib/python3.9/site-packages/airflow/example_dags/subdags/subdag.py
[2023-03-12T08:19:53.354+0000] {processor.py:755} WARNING - No viable dags retrieved from /home/melicharovykrecek/venv/lib/python3.9/site-packages/airflow/example_dags/subdags/subdag.py
[2023-03-12T08:19:53.369+0000] {processor.py:175} INFO - Processing /home/melicharovykrecek/venv/lib/python3.9/site-packages/airflow/example_dags/subdags/subdag.py took 0.029 seconds
[2023-03-12T08:20:32.838+0000] {processor.py:153} INFO - Started process (PID=4839) to work on /home/melicharovykrecek/venv/lib/python3.9/site-packages/airflow/example_dags/subdags/subdag.py
[2023-03-12T08:20:32.839+0000] {processor.py:743} INFO - Processing file /home/melicharovykrecek/venv/lib/python3.9/site-packages/airflow/example_dags/subdags/subdag.py for tasks to queue
[2023-03-12T08:20:32.841+0000] {logging_mixin.py:137} INFO - [2023-03-12T08:20:32.840+0000] {dagbag.py:538} INFO - Filling up the DagBag from /home/melicharovykrecek/venv/lib/python3.9/site-packages/airflow/example_dags/subdags/subdag.py
[2023-03-12T08:20:32.846+0000] {processor.py:755} WARNING - No viable dags retrieved from /home/melicharovykrecek/venv/lib/python3.9/site-packages/airflow/example_dags/subdags/subdag.py
[2023-03-12T08:20:32.864+0000] {processor.py:175} INFO - Processing /home/melicharovykrecek/venv/lib/python3.9/site-packages/airflow/example_dags/subdags/subdag.py took 0.033 seconds
[2023-03-12T08:21:17.943+0000] {processor.py:153} INFO - Started process (PID=4879) to work on /home/melicharovykrecek/venv/lib/python3.9/site-packages/airflow/example_dags/subdags/subdag.py
[2023-03-12T08:21:17.945+0000] {processor.py:743} INFO - Processing file /home/melicharovykrecek/venv/lib/python3.9/site-packages/airflow/example_dags/subdags/subdag.py for tasks to queue
[2023-03-12T08:21:17.946+0000] {logging_mixin.py:137} INFO - [2023-03-12T08:21:17.946+0000] {dagbag.py:538} INFO - Filling up the DagBag from /home/melicharovykrecek/venv/lib/python3.9/site-packages/airflow/example_dags/subdags/subdag.py
[2023-03-12T08:21:17.951+0000] {processor.py:755} WARNING - No viable dags retrieved from /home/melicharovykrecek/venv/lib/python3.9/site-packages/airflow/example_dags/subdags/subdag.py
[2023-03-12T08:21:17.965+0000] {processor.py:175} INFO - Processing /home/melicharovykrecek/venv/lib/python3.9/site-packages/airflow/example_dags/subdags/subdag.py took 0.026 seconds
