[2023-03-18T18:00:04.321+0000] {taskinstance.py:1083} INFO - Dependencies all met for <TaskInstance: gtfs_stops.check_endpoint scheduled__2023-03-18T17:00:00+00:00 [queued]>
[2023-03-18T18:00:04.436+0000] {taskinstance.py:1083} INFO - Dependencies all met for <TaskInstance: gtfs_stops.check_endpoint scheduled__2023-03-18T17:00:00+00:00 [queued]>
[2023-03-18T18:00:04.437+0000] {taskinstance.py:1279} INFO - 
--------------------------------------------------------------------------------
[2023-03-18T18:00:04.437+0000] {taskinstance.py:1280} INFO - Starting attempt 1 of 1
[2023-03-18T18:00:04.437+0000] {taskinstance.py:1281} INFO - 
--------------------------------------------------------------------------------
[2023-03-18T18:00:05.325+0000] {taskinstance.py:1300} INFO - Executing <Task(PythonOperator): check_endpoint> on 2023-03-18 17:00:00+00:00
[2023-03-18T18:00:05.331+0000] {standard_task_runner.py:55} INFO - Started process 90946 to run task
[2023-03-18T18:00:05.337+0000] {standard_task_runner.py:82} INFO - Running: ['***', 'tasks', 'run', 'gtfs_stops', 'check_endpoint', 'scheduled__2023-03-18T17:00:00+00:00', '--job-id', '713', '--raw', '--subdir', 'DAGS_FOLDER/gtfs_stops.py', '--cfg-path', '/tmp/tmpfgm7mu5_']
[2023-03-18T18:00:05.339+0000] {standard_task_runner.py:83} INFO - Job 713: Subtask check_endpoint
[2023-03-18T18:00:05.463+0000] {task_command.py:388} INFO - Running <TaskInstance: gtfs_stops.check_endpoint scheduled__2023-03-18T17:00:00+00:00 [running]> on host diploma-vm.europe-west1-b.c.diploma-380314.internal
[2023-03-18T18:00:05.577+0000] {taskinstance.py:1507} INFO - Exporting the following env vars:
AIRFLOW_CTX_DAG_OWNER=***
AIRFLOW_CTX_DAG_ID=gtfs_stops
AIRFLOW_CTX_TASK_ID=check_endpoint
AIRFLOW_CTX_EXECUTION_DATE=2023-03-18T17:00:00+00:00
AIRFLOW_CTX_TRY_NUMBER=1
AIRFLOW_CTX_DAG_RUN_ID=scheduled__2023-03-18T17:00:00+00:00
[2023-03-18T18:00:05.843+0000] {python.py:177} INFO - Done. Returned value was: None
[2023-03-18T18:00:05.860+0000] {taskinstance.py:1318} INFO - Marking task as SUCCESS. dag_id=gtfs_stops, task_id=check_endpoint, execution_date=20230318T170000, start_date=20230318T180004, end_date=20230318T180005
[2023-03-18T18:00:05.910+0000] {local_task_job.py:208} INFO - Task exited with return code 0
[2023-03-18T18:00:05.968+0000] {taskinstance.py:2578} INFO - 1 downstream tasks scheduled from follow-on schedule check
