[2023-03-16T12:33:37.677+0000] {taskinstance.py:1083} INFO - Dependencies all met for <TaskInstance: first_dag.print_date scheduled__2023-03-15T00:00:00+00:00 [queued]>
[2023-03-16T12:33:37.750+0000] {taskinstance.py:1083} INFO - Dependencies all met for <TaskInstance: first_dag.print_date scheduled__2023-03-15T00:00:00+00:00 [queued]>
[2023-03-16T12:33:37.750+0000] {taskinstance.py:1279} INFO - 
--------------------------------------------------------------------------------
[2023-03-16T12:33:37.750+0000] {taskinstance.py:1280} INFO - Starting attempt 1 of 2
[2023-03-16T12:33:37.750+0000] {taskinstance.py:1281} INFO - 
--------------------------------------------------------------------------------
[2023-03-16T12:33:37.841+0000] {taskinstance.py:1300} INFO - Executing <Task(BashOperator): print_date> on 2023-03-15 00:00:00+00:00
[2023-03-16T12:33:37.849+0000] {standard_task_runner.py:55} INFO - Started process 4947 to run task
[2023-03-16T12:33:37.862+0000] {standard_task_runner.py:82} INFO - Running: ['***', 'tasks', 'run', 'first_dag', 'print_date', 'scheduled__2023-03-15T00:00:00+00:00', '--job-id', '75', '--raw', '--subdir', 'DAGS_FOLDER/first_dag.py', '--cfg-path', '/tmp/tmp_7dgd503']
[2023-03-16T12:33:37.864+0000] {standard_task_runner.py:83} INFO - Job 75: Subtask print_date
[2023-03-16T12:33:38.157+0000] {task_command.py:388} INFO - Running <TaskInstance: first_dag.print_date scheduled__2023-03-15T00:00:00+00:00 [running]> on host diploma-vm.europe-west1-b.c.diploma-380314.internal
[2023-03-16T12:33:38.366+0000] {taskinstance.py:1507} INFO - Exporting the following env vars:
AIRFLOW_CTX_DAG_OWNER=hamster
AIRFLOW_CTX_DAG_ID=first_dag
AIRFLOW_CTX_TASK_ID=print_date
AIRFLOW_CTX_EXECUTION_DATE=2023-03-15T00:00:00+00:00
AIRFLOW_CTX_TRY_NUMBER=1
AIRFLOW_CTX_DAG_RUN_ID=scheduled__2023-03-15T00:00:00+00:00
[2023-03-16T12:33:38.367+0000] {subprocess.py:63} INFO - Tmp dir root location: 
 /tmp
[2023-03-16T12:33:38.368+0000] {subprocess.py:75} INFO - Running command: ['/usr/bin/bash', '-c', 'echo hamster success']
[2023-03-16T12:33:38.389+0000] {subprocess.py:86} INFO - Output:
[2023-03-16T12:33:38.392+0000] {subprocess.py:93} INFO - hamster success
[2023-03-16T12:33:38.393+0000] {subprocess.py:97} INFO - Command exited with return code 0
[2023-03-16T12:33:38.446+0000] {taskinstance.py:1318} INFO - Marking task as SUCCESS. dag_id=first_dag, task_id=print_date, execution_date=20230315T000000, start_date=20230316T123337, end_date=20230316T123338
[2023-03-16T12:33:38.479+0000] {local_task_job.py:208} INFO - Task exited with return code 0
[2023-03-16T12:33:38.505+0000] {taskinstance.py:2578} INFO - 0 downstream tasks scheduled from follow-on schedule check
