[2023-03-17T22:00:00.797+0000] {taskinstance.py:1083} INFO - Dependencies all met for <TaskInstance: get_file_from_endpoint.check_endpoint scheduled__2023-03-17T21:00:00+00:00 [queued]>
[2023-03-17T22:00:00.814+0000] {taskinstance.py:1083} INFO - Dependencies all met for <TaskInstance: get_file_from_endpoint.check_endpoint scheduled__2023-03-17T21:00:00+00:00 [queued]>
[2023-03-17T22:00:00.815+0000] {taskinstance.py:1279} INFO - 
--------------------------------------------------------------------------------
[2023-03-17T22:00:00.815+0000] {taskinstance.py:1280} INFO - Starting attempt 1 of 1
[2023-03-17T22:00:00.815+0000] {taskinstance.py:1281} INFO - 
--------------------------------------------------------------------------------
[2023-03-17T22:00:00.837+0000] {taskinstance.py:1300} INFO - Executing <Task(PythonOperator): check_endpoint> on 2023-03-17 21:00:00+00:00
[2023-03-17T22:00:00.845+0000] {standard_task_runner.py:55} INFO - Started process 18554 to run task
[2023-03-17T22:00:00.851+0000] {standard_task_runner.py:82} INFO - Running: ['***', 'tasks', 'run', 'get_file_from_endpoint', 'check_endpoint', 'scheduled__2023-03-17T21:00:00+00:00', '--job-id', '334', '--raw', '--subdir', 'DAGS_FOLDER/api.py', '--cfg-path', '/tmp/tmp2xly5vgr']
[2023-03-17T22:00:00.853+0000] {standard_task_runner.py:83} INFO - Job 334: Subtask check_endpoint
[2023-03-17T22:00:00.988+0000] {task_command.py:388} INFO - Running <TaskInstance: get_file_from_endpoint.check_endpoint scheduled__2023-03-17T21:00:00+00:00 [running]> on host diploma-vm.europe-west1-b.c.diploma-380314.internal
[2023-03-17T22:00:01.117+0000] {taskinstance.py:1507} INFO - Exporting the following env vars:
AIRFLOW_CTX_DAG_OWNER=***
AIRFLOW_CTX_DAG_ID=get_file_from_endpoint
AIRFLOW_CTX_TASK_ID=check_endpoint
AIRFLOW_CTX_EXECUTION_DATE=2023-03-17T21:00:00+00:00
AIRFLOW_CTX_TRY_NUMBER=1
AIRFLOW_CTX_DAG_RUN_ID=scheduled__2023-03-17T21:00:00+00:00
[2023-03-17T22:00:29.097+0000] {python.py:177} INFO - Done. Returned value was: None
[2023-03-17T22:00:29.112+0000] {taskinstance.py:1318} INFO - Marking task as SUCCESS. dag_id=get_file_from_endpoint, task_id=check_endpoint, execution_date=20230317T210000, start_date=20230317T220000, end_date=20230317T220029
[2023-03-17T22:00:29.154+0000] {local_task_job.py:208} INFO - Task exited with return code 0
[2023-03-17T22:00:29.220+0000] {taskinstance.py:2578} INFO - 0 downstream tasks scheduled from follow-on schedule check
