[2023-03-18T18:00:10.245+0000] {taskinstance.py:1083} INFO - Dependencies all met for <TaskInstance: gtfs_routes.create_table_gtfs_routes scheduled__2023-03-18T17:00:00+00:00 [queued]>
[2023-03-18T18:00:10.273+0000] {taskinstance.py:1083} INFO - Dependencies all met for <TaskInstance: gtfs_routes.create_table_gtfs_routes scheduled__2023-03-18T17:00:00+00:00 [queued]>
[2023-03-18T18:00:10.274+0000] {taskinstance.py:1279} INFO - 
--------------------------------------------------------------------------------
[2023-03-18T18:00:10.274+0000] {taskinstance.py:1280} INFO - Starting attempt 1 of 1
[2023-03-18T18:00:10.274+0000] {taskinstance.py:1281} INFO - 
--------------------------------------------------------------------------------
[2023-03-18T18:00:10.363+0000] {taskinstance.py:1300} INFO - Executing <Task(MySqlOperator): create_table_gtfs_routes> on 2023-03-18 17:00:00+00:00
[2023-03-18T18:00:10.381+0000] {standard_task_runner.py:55} INFO - Started process 91073 to run task
[2023-03-18T18:00:10.414+0000] {standard_task_runner.py:82} INFO - Running: ['***', 'tasks', 'run', 'gtfs_routes', 'create_table_gtfs_routes', 'scheduled__2023-03-18T17:00:00+00:00', '--job-id', '720', '--raw', '--subdir', 'DAGS_FOLDER/gtfs_routes.py', '--cfg-path', '/tmp/tmpouxxn0ql']
[2023-03-18T18:00:10.416+0000] {standard_task_runner.py:83} INFO - Job 720: Subtask create_table_gtfs_routes
[2023-03-18T18:00:10.881+0000] {task_command.py:388} INFO - Running <TaskInstance: gtfs_routes.create_table_gtfs_routes scheduled__2023-03-18T17:00:00+00:00 [running]> on host diploma-vm.europe-west1-b.c.diploma-380314.internal
[2023-03-18T18:00:11.266+0000] {taskinstance.py:1507} INFO - Exporting the following env vars:
AIRFLOW_CTX_DAG_OWNER=***
AIRFLOW_CTX_DAG_ID=gtfs_routes
AIRFLOW_CTX_TASK_ID=create_table_gtfs_routes
AIRFLOW_CTX_EXECUTION_DATE=2023-03-18T17:00:00+00:00
AIRFLOW_CTX_TRY_NUMBER=1
AIRFLOW_CTX_DAG_RUN_ID=scheduled__2023-03-18T17:00:00+00:00
[2023-03-18T18:00:11.267+0000] {sql.py:254} INFO - Executing: CREATE TABLE IF NOT EXISTS pre_gtfs_routes (
    _sys_record_id INT NOT NULL AUTO_INCREMENT,
    jdoc JSON,
    _sys_load_id INT,
    _sys_load_at TIMESTAMP,
    _sys_is_deleted BOOLEAN,
    CONSTRAINT id PRIMARY KEY (_sys_record_id, _sys_load_at)
);

CREATE TABLE IF NOT EXISTS src_gtfs_routes (
    _sys_record_id INT,
    _sys_load_id INT,
    _sys_load_at TIMESTAMP,
    _sys_is_deleted BOOLEAN,
    i INT,
    jdoc JSON,
    CONSTRAINT id PRIMARY KEY (_sys_record_id,i,_sys_load_at)
);

CREATE TABLE IF NOT EXISTS stg_gtfs_routes (
    gtfs_route_id VARCHAR(255) NOT NULL,
    route_id VARCHAR(255),
    is_night VARCHAR(255),
    agency_id VARCHAR(255),
    route_url VARCHAR(255),
    route_desc VARCHAR(255),
    route_type VARCHAR(255),
    is_regional VARCHAR(255),
    route_color VARCHAR(255),
    route_long_name VARCHAR(255),
    route_short_name VARCHAR(255),
    route_text_color VARCHAR(255),
    is_substitute_transport VARCHAR(255),
    _sys_record_id INT,
    _sys_load_id INT,
    _sys_load_at TIMESTAMP,
    _sys_is_deleted VARCHAR(255),
    i INT,
    PRIMARY KEY (gtfs_route_id)
  );
[2023-03-18T18:00:11.339+0000] {base.py:73} INFO - Using connection ID 'mysql-db' for task execution.
[2023-03-18T18:00:11.814+0000] {base.py:73} INFO - Using connection ID 'mysql-db' for task execution.
[2023-03-18T18:00:11.881+0000] {sql.py:375} INFO - Running statement: CREATE TABLE IF NOT EXISTS pre_gtfs_routes (
    _sys_record_id INT NOT NULL AUTO_INCREMENT,
    jdoc JSON,
    _sys_load_id INT,
    _sys_load_at TIMESTAMP,
    _sys_is_deleted BOOLEAN,
    CONSTRAINT id PRIMARY KEY (_sys_record_id, _sys_load_at)
);

CREATE TABLE IF NOT EXISTS src_gtfs_routes (
    _sys_record_id INT,
    _sys_load_id INT,
    _sys_load_at TIMESTAMP,
    _sys_is_deleted BOOLEAN,
    i INT,
    jdoc JSON,
    CONSTRAINT id PRIMARY KEY (_sys_record_id,i,_sys_load_at)
);

CREATE TABLE IF NOT EXISTS stg_gtfs_routes (
    gtfs_route_id VARCHAR(255) NOT NULL,
    route_id VARCHAR(255),
    is_night VARCHAR(255),
    agency_id VARCHAR(255),
    route_url VARCHAR(255),
    route_desc VARCHAR(255),
    route_type VARCHAR(255),
    is_regional VARCHAR(255),
    route_color VARCHAR(255),
    route_long_name VARCHAR(255),
    route_short_name VARCHAR(255),
    route_text_color VARCHAR(255),
    is_substitute_transport VARCHAR(255),
    _sys_record_id INT,
    _sys_load_id INT,
    _sys_load_at TIMESTAMP,
    _sys_is_deleted VARCHAR(255),
    i INT,
    PRIMARY KEY (gtfs_route_id)
  );, parameters: None
[2023-03-18T18:00:11.887+0000] {sql.py:384} INFO - Rows affected: 0
[2023-03-18T18:00:11.934+0000] {taskinstance.py:1318} INFO - Marking task as SUCCESS. dag_id=gtfs_routes, task_id=create_table_gtfs_routes, execution_date=20230318T170000, start_date=20230318T180010, end_date=20230318T180011
[2023-03-18T18:00:12.039+0000] {local_task_job.py:208} INFO - Task exited with return code 0
[2023-03-18T18:00:12.179+0000] {taskinstance.py:2578} INFO - 1 downstream tasks scheduled from follow-on schedule check
