[2023-03-18T16:00:07.671+0000] {taskinstance.py:1083} INFO - Dependencies all met for <TaskInstance: parking_spaces.src_table_parking_spaces scheduled__2023-03-18T15:00:00+00:00 [queued]>
[2023-03-18T16:00:07.685+0000] {taskinstance.py:1083} INFO - Dependencies all met for <TaskInstance: parking_spaces.src_table_parking_spaces scheduled__2023-03-18T15:00:00+00:00 [queued]>
[2023-03-18T16:00:07.685+0000] {taskinstance.py:1279} INFO - 
--------------------------------------------------------------------------------
[2023-03-18T16:00:07.685+0000] {taskinstance.py:1280} INFO - Starting attempt 1 of 1
[2023-03-18T16:00:07.685+0000] {taskinstance.py:1281} INFO - 
--------------------------------------------------------------------------------
[2023-03-18T16:00:07.702+0000] {taskinstance.py:1300} INFO - Executing <Task(MySqlOperator): src_table_parking_spaces> on 2023-03-18 15:00:00+00:00
[2023-03-18T16:00:07.708+0000] {standard_task_runner.py:55} INFO - Started process 79703 to run task
[2023-03-18T16:00:07.714+0000] {standard_task_runner.py:82} INFO - Running: ['***', 'tasks', 'run', 'parking_spaces', 'src_table_parking_spaces', 'scheduled__2023-03-18T15:00:00+00:00', '--job-id', '634', '--raw', '--subdir', 'DAGS_FOLDER/parking_spaces.py', '--cfg-path', '/tmp/tmp58q42d46']
[2023-03-18T16:00:07.717+0000] {standard_task_runner.py:83} INFO - Job 634: Subtask src_table_parking_spaces
[2023-03-18T16:00:07.825+0000] {task_command.py:388} INFO - Running <TaskInstance: parking_spaces.src_table_parking_spaces scheduled__2023-03-18T15:00:00+00:00 [running]> on host diploma-vm.europe-west1-b.c.diploma-380314.internal
[2023-03-18T16:00:07.919+0000] {taskinstance.py:1507} INFO - Exporting the following env vars:
AIRFLOW_CTX_DAG_OWNER=***
AIRFLOW_CTX_DAG_ID=parking_spaces
AIRFLOW_CTX_TASK_ID=src_table_parking_spaces
AIRFLOW_CTX_EXECUTION_DATE=2023-03-18T15:00:00+00:00
AIRFLOW_CTX_TRY_NUMBER=1
AIRFLOW_CTX_DAG_RUN_ID=scheduled__2023-03-18T15:00:00+00:00
[2023-03-18T16:00:07.920+0000] {sql.py:254} INFO - Executing: INSERT IGNORE INTO src_parking_spaces
(
SELECT
    _sys_record_id,
    _sys_load_id,
    _sys_load_at,
    _sys_is_deleted,
    r.*
FROM
    pre_parking_spaces,
    JSON_TABLE(
        jdoc,
        '$[*]'
        COLUMNS (
            i FOR ORDINALITY,
            jdoc JSON PATH '$[0]'
            )
    ) AS r
);
[2023-03-18T16:00:07.937+0000] {base.py:73} INFO - Using connection ID 'mysql-db' for task execution.
[2023-03-18T16:00:08.047+0000] {base.py:73} INFO - Using connection ID 'mysql-db' for task execution.
[2023-03-18T16:00:08.078+0000] {sql.py:375} INFO - Running statement: INSERT IGNORE INTO src_parking_spaces
(
SELECT
    _sys_record_id,
    _sys_load_id,
    _sys_load_at,
    _sys_is_deleted,
    r.*
FROM
    pre_parking_spaces,
    JSON_TABLE(
        jdoc,
        '$[*]'
        COLUMNS (
            i FOR ORDINALITY,
            jdoc JSON PATH '$[0]'
            )
    ) AS r
);, parameters: None
[2023-03-18T16:00:08.086+0000] {sql.py:384} INFO - Rows affected: 11
[2023-03-18T16:00:08.122+0000] {taskinstance.py:1318} INFO - Marking task as SUCCESS. dag_id=parking_spaces, task_id=src_table_parking_spaces, execution_date=20230318T150000, start_date=20230318T160007, end_date=20230318T160008
[2023-03-18T16:00:08.167+0000] {local_task_job.py:208} INFO - Task exited with return code 0
[2023-03-18T16:00:08.219+0000] {taskinstance.py:2578} INFO - 1 downstream tasks scheduled from follow-on schedule check
