[2023-03-18T05:00:39.802+0000] {taskinstance.py:1083} INFO - Dependencies all met for <TaskInstance: get_file_from_endpoint.src_table_parking_measurements scheduled__2023-03-18T04:00:00+00:00 [queued]>
[2023-03-18T05:00:39.813+0000] {taskinstance.py:1083} INFO - Dependencies all met for <TaskInstance: get_file_from_endpoint.src_table_parking_measurements scheduled__2023-03-18T04:00:00+00:00 [queued]>
[2023-03-18T05:00:39.814+0000] {taskinstance.py:1279} INFO - 
--------------------------------------------------------------------------------
[2023-03-18T05:00:39.814+0000] {taskinstance.py:1280} INFO - Starting attempt 1 of 1
[2023-03-18T05:00:39.814+0000] {taskinstance.py:1281} INFO - 
--------------------------------------------------------------------------------
[2023-03-18T05:00:39.828+0000] {taskinstance.py:1300} INFO - Executing <Task(MySqlOperator): src_table_parking_measurements> on 2023-03-18 04:00:00+00:00
[2023-03-18T05:00:39.833+0000] {standard_task_runner.py:55} INFO - Started process 44730 to run task
[2023-03-18T05:00:39.839+0000] {standard_task_runner.py:82} INFO - Running: ['***', 'tasks', 'run', 'get_file_from_endpoint', 'src_table_parking_measurements', 'scheduled__2023-03-18T04:00:00+00:00', '--job-id', '465', '--raw', '--subdir', 'DAGS_FOLDER/api.py', '--cfg-path', '/tmp/tmp4mz96cw0']
[2023-03-18T05:00:39.842+0000] {standard_task_runner.py:83} INFO - Job 465: Subtask src_table_parking_measurements
[2023-03-18T05:00:39.951+0000] {task_command.py:388} INFO - Running <TaskInstance: get_file_from_endpoint.src_table_parking_measurements scheduled__2023-03-18T04:00:00+00:00 [running]> on host diploma-vm.europe-west1-b.c.diploma-380314.internal
[2023-03-18T05:00:40.032+0000] {taskinstance.py:1507} INFO - Exporting the following env vars:
AIRFLOW_CTX_DAG_OWNER=***
AIRFLOW_CTX_DAG_ID=get_file_from_endpoint
AIRFLOW_CTX_TASK_ID=src_table_parking_measurements
AIRFLOW_CTX_EXECUTION_DATE=2023-03-18T04:00:00+00:00
AIRFLOW_CTX_TRY_NUMBER=1
AIRFLOW_CTX_DAG_RUN_ID=scheduled__2023-03-18T04:00:00+00:00
[2023-03-18T05:00:40.033+0000] {sql.py:254} INFO - Executing: INSERT IGNORE INTO src_parking_measurements
(
SELECT
    _sys_record_id,
    _sys_load_id,
    _sys_load_at,
    _sys_is_deleted,
    r.*
FROM
    pre_parking_measurements,
    JSON_TABLE(
        jdoc,
        '$[*]'
        COLUMNS (
            i FOR ORDINALITY,
            jdoc JSON PATH '$[0]'
            )
    ) AS r
);
[2023-03-18T05:00:40.048+0000] {base.py:73} INFO - Using connection ID 'mysql-db' for task execution.
[2023-03-18T05:00:40.136+0000] {base.py:73} INFO - Using connection ID 'mysql-db' for task execution.
[2023-03-18T05:00:40.148+0000] {sql.py:375} INFO - Running statement: INSERT IGNORE INTO src_parking_measurements
(
SELECT
    _sys_record_id,
    _sys_load_id,
    _sys_load_at,
    _sys_is_deleted,
    r.*
FROM
    pre_parking_measurements,
    JSON_TABLE(
        jdoc,
        '$[*]'
        COLUMNS (
            i FOR ORDINALITY,
            jdoc JSON PATH '$[0]'
            )
    ) AS r
);, parameters: None
[2023-03-18T05:00:40.164+0000] {sql.py:384} INFO - Rows affected: 200
[2023-03-18T05:00:40.185+0000] {taskinstance.py:1318} INFO - Marking task as SUCCESS. dag_id=get_file_from_endpoint, task_id=src_table_parking_measurements, execution_date=20230318T040000, start_date=20230318T050039, end_date=20230318T050040
[2023-03-18T05:00:40.214+0000] {local_task_job.py:208} INFO - Task exited with return code 0
[2023-03-18T05:00:40.242+0000] {taskinstance.py:2578} INFO - 1 downstream tasks scheduled from follow-on schedule check
