[2023-03-18T18:00:12.020+0000] {taskinstance.py:1083} INFO - Dependencies all met for <TaskInstance: gtfs_trips.create_table_gtfs_trips scheduled__2023-03-18T17:00:00+00:00 [queued]>
[2023-03-18T18:00:12.090+0000] {taskinstance.py:1083} INFO - Dependencies all met for <TaskInstance: gtfs_trips.create_table_gtfs_trips scheduled__2023-03-18T17:00:00+00:00 [queued]>
[2023-03-18T18:00:12.090+0000] {taskinstance.py:1279} INFO - 
--------------------------------------------------------------------------------
[2023-03-18T18:00:12.091+0000] {taskinstance.py:1280} INFO - Starting attempt 1 of 1
[2023-03-18T18:00:12.091+0000] {taskinstance.py:1281} INFO - 
--------------------------------------------------------------------------------
[2023-03-18T18:00:12.198+0000] {taskinstance.py:1300} INFO - Executing <Task(MySqlOperator): create_table_gtfs_trips> on 2023-03-18 17:00:00+00:00
[2023-03-18T18:00:12.209+0000] {standard_task_runner.py:55} INFO - Started process 91124 to run task
[2023-03-18T18:00:12.242+0000] {standard_task_runner.py:82} INFO - Running: ['***', 'tasks', 'run', 'gtfs_trips', 'create_table_gtfs_trips', 'scheduled__2023-03-18T17:00:00+00:00', '--job-id', '722', '--raw', '--subdir', 'DAGS_FOLDER/gtfs_trips.py', '--cfg-path', '/tmp/tmpjxv8ssk7']
[2023-03-18T18:00:12.258+0000] {standard_task_runner.py:83} INFO - Job 722: Subtask create_table_gtfs_trips
[2023-03-18T18:00:12.561+0000] {task_command.py:388} INFO - Running <TaskInstance: gtfs_trips.create_table_gtfs_trips scheduled__2023-03-18T17:00:00+00:00 [running]> on host diploma-vm.europe-west1-b.c.diploma-380314.internal
[2023-03-18T18:00:13.075+0000] {taskinstance.py:1507} INFO - Exporting the following env vars:
AIRFLOW_CTX_DAG_OWNER=***
AIRFLOW_CTX_DAG_ID=gtfs_trips
AIRFLOW_CTX_TASK_ID=create_table_gtfs_trips
AIRFLOW_CTX_EXECUTION_DATE=2023-03-18T17:00:00+00:00
AIRFLOW_CTX_TRY_NUMBER=1
AIRFLOW_CTX_DAG_RUN_ID=scheduled__2023-03-18T17:00:00+00:00
[2023-03-18T18:00:13.076+0000] {sql.py:254} INFO - Executing: CREATE TABLE IF NOT EXISTS pre_gtfs_trips (
_sys_record_id INT NOT NULL AUTO_INCREMENT,
jdoc JSON,
_sys_load_id INT,
_sys_load_at TIMESTAMP,
_sys_is_deleted BOOLEAN,
CONSTRAINT id PRIMARY KEY (_sys_record_id, _sys_load_at)
);

CREATE TABLE IF NOT EXISTS src_gtfs_trips (
_sys_record_id INT,
_sys_load_id INT,
_sys_load_at TIMESTAMP,
_sys_is_deleted BOOLEAN,
i INT,
jdoc JSON,
CONSTRAINT id PRIMARY KEY (_sys_record_id,i,_sys_load_at)
);

CREATE TABLE IF NOT EXISTS stg_gtfs_trips (
    gtfs_trips_id VARCHAR(255) NOT NULL,
    trip_id VARCHAR(255),
    block_id VARCHAR(255),
    route_id VARCHAR(255),
    shape_id VARCHAR(255),
    service_id VARCHAR(255),
    exceptional VARCHAR(255),
    direction_id VARCHAR(255),
    bikes_allowed VARCHAR(255),
    trip_headsign VARCHAR(255),
    trip_short_name VARCHAR(255),
    trip_operation_type VARCHAR(255),
    wheelchair_accessible VARCHAR(255),
    _sys_record_id INT,
    _sys_load_id INT,
    _sys_load_at TIMESTAMP,
    _sys_is_deleted VARCHAR(255),
    i INT,
    PRIMARY KEY (gtfs_trips_id)
  );
[2023-03-18T18:00:13.135+0000] {base.py:73} INFO - Using connection ID 'mysql-db' for task execution.
[2023-03-18T18:00:13.791+0000] {base.py:73} INFO - Using connection ID 'mysql-db' for task execution.
[2023-03-18T18:00:13.827+0000] {sql.py:375} INFO - Running statement: CREATE TABLE IF NOT EXISTS pre_gtfs_trips (
_sys_record_id INT NOT NULL AUTO_INCREMENT,
jdoc JSON,
_sys_load_id INT,
_sys_load_at TIMESTAMP,
_sys_is_deleted BOOLEAN,
CONSTRAINT id PRIMARY KEY (_sys_record_id, _sys_load_at)
);

CREATE TABLE IF NOT EXISTS src_gtfs_trips (
_sys_record_id INT,
_sys_load_id INT,
_sys_load_at TIMESTAMP,
_sys_is_deleted BOOLEAN,
i INT,
jdoc JSON,
CONSTRAINT id PRIMARY KEY (_sys_record_id,i,_sys_load_at)
);

CREATE TABLE IF NOT EXISTS stg_gtfs_trips (
    gtfs_trips_id VARCHAR(255) NOT NULL,
    trip_id VARCHAR(255),
    block_id VARCHAR(255),
    route_id VARCHAR(255),
    shape_id VARCHAR(255),
    service_id VARCHAR(255),
    exceptional VARCHAR(255),
    direction_id VARCHAR(255),
    bikes_allowed VARCHAR(255),
    trip_headsign VARCHAR(255),
    trip_short_name VARCHAR(255),
    trip_operation_type VARCHAR(255),
    wheelchair_accessible VARCHAR(255),
    _sys_record_id INT,
    _sys_load_id INT,
    _sys_load_at TIMESTAMP,
    _sys_is_deleted VARCHAR(255),
    i INT,
    PRIMARY KEY (gtfs_trips_id)
  );, parameters: None
[2023-03-18T18:00:13.832+0000] {sql.py:384} INFO - Rows affected: 0
[2023-03-18T18:00:13.893+0000] {taskinstance.py:1318} INFO - Marking task as SUCCESS. dag_id=gtfs_trips, task_id=create_table_gtfs_trips, execution_date=20230318T170000, start_date=20230318T180012, end_date=20230318T180013
[2023-03-18T18:00:13.946+0000] {local_task_job.py:208} INFO - Task exited with return code 0
[2023-03-18T18:00:14.147+0000] {taskinstance.py:2578} INFO - 1 downstream tasks scheduled from follow-on schedule check
