[2023-03-17T18:18:01.864+0000] {taskinstance.py:1083} INFO - Dependencies all met for <TaskInstance: get_file_from_endpoint.create_table_parking_measurements manual__2023-03-17T18:17:36.099547+00:00 [queued]>
[2023-03-17T18:18:01.876+0000] {taskinstance.py:1083} INFO - Dependencies all met for <TaskInstance: get_file_from_endpoint.create_table_parking_measurements manual__2023-03-17T18:17:36.099547+00:00 [queued]>
[2023-03-17T18:18:01.877+0000] {taskinstance.py:1279} INFO - 
--------------------------------------------------------------------------------
[2023-03-17T18:18:01.877+0000] {taskinstance.py:1280} INFO - Starting attempt 1 of 1
[2023-03-17T18:18:01.877+0000] {taskinstance.py:1281} INFO - 
--------------------------------------------------------------------------------
[2023-03-17T18:18:01.893+0000] {taskinstance.py:1300} INFO - Executing <Task(MySqlOperator): create_table_parking_measurements> on 2023-03-17 18:17:36.099547+00:00
[2023-03-17T18:18:01.898+0000] {standard_task_runner.py:55} INFO - Started process 4510 to run task
[2023-03-17T18:18:01.904+0000] {standard_task_runner.py:82} INFO - Running: ['***', 'tasks', 'run', 'get_file_from_endpoint', 'create_table_parking_measurements', 'manual__2023-03-17T18:17:36.099547+00:00', '--job-id', '233', '--raw', '--subdir', 'DAGS_FOLDER/api.py', '--cfg-path', '/tmp/tmpeb20uuk0']
[2023-03-17T18:18:01.906+0000] {standard_task_runner.py:83} INFO - Job 233: Subtask create_table_parking_measurements
[2023-03-17T18:18:01.998+0000] {task_command.py:388} INFO - Running <TaskInstance: get_file_from_endpoint.create_table_parking_measurements manual__2023-03-17T18:17:36.099547+00:00 [running]> on host diploma-vm.europe-west1-b.c.diploma-380314.internal
[2023-03-17T18:18:02.099+0000] {taskinstance.py:1507} INFO - Exporting the following env vars:
AIRFLOW_CTX_DAG_OWNER=***
AIRFLOW_CTX_DAG_ID=get_file_from_endpoint
AIRFLOW_CTX_TASK_ID=create_table_parking_measurements
AIRFLOW_CTX_EXECUTION_DATE=2023-03-17T18:17:36.099547+00:00
AIRFLOW_CTX_TRY_NUMBER=1
AIRFLOW_CTX_DAG_RUN_ID=manual__2023-03-17T18:17:36.099547+00:00
[2023-03-17T18:18:02.100+0000] {sql.py:254} INFO - Executing: 
        CREATE TABLE IF NOT EXISTS pre_parking_measurements (
            _sys_record_id INT NOT NULL AUTO_INCREMENT,
            jdoc JSON,
            _sys_load_id INT,
            _sys_load_at TIMESTAMP,
            _sys_is_deleted BOOLEAN,
            CONSTRAINT id PRIMARY KEY (_sys_record_id, _sys_load_at)
        );
    
[2023-03-17T18:18:02.123+0000] {base.py:73} INFO - Using connection ID 'mysql-db' for task execution.
[2023-03-17T18:18:02.217+0000] {base.py:73} INFO - Using connection ID 'mysql-db' for task execution.
[2023-03-17T18:18:02.270+0000] {sql.py:375} INFO - Running statement: 
        CREATE TABLE IF NOT EXISTS pre_parking_measurements (
            _sys_record_id INT NOT NULL AUTO_INCREMENT,
            jdoc JSON,
            _sys_load_id INT,
            _sys_load_at TIMESTAMP,
            _sys_is_deleted BOOLEAN,
            CONSTRAINT id PRIMARY KEY (_sys_record_id, _sys_load_at)
        );
    , parameters: None
[2023-03-17T18:18:02.306+0000] {sql.py:384} INFO - Rows affected: 0
[2023-03-17T18:18:02.320+0000] {taskinstance.py:1318} INFO - Marking task as SUCCESS. dag_id=get_file_from_endpoint, task_id=create_table_parking_measurements, execution_date=20230317T181736, start_date=20230317T181801, end_date=20230317T181802
[2023-03-17T18:18:02.359+0000] {local_task_job.py:208} INFO - Task exited with return code 0
[2023-03-17T18:18:02.382+0000] {taskinstance.py:2578} INFO - 0 downstream tasks scheduled from follow-on schedule check
